[2024-08-08T15:24:30.891+0000] {local_task_job_runner.py:120} INFO - ::group::Pre task execution logs
[2024-08-08T15:24:30.900+0000] {taskinstance.py:2076} INFO - Dependencies all met for dep_context=non-requeueable deps ti=<TaskInstance: dag_with_postgres_hooks.get_src_tables scheduled__2024-08-07T13:30:00+00:00 [queued]>
[2024-08-08T15:24:30.903+0000] {taskinstance.py:2076} INFO - Dependencies all met for dep_context=requeueable deps ti=<TaskInstance: dag_with_postgres_hooks.get_src_tables scheduled__2024-08-07T13:30:00+00:00 [queued]>
[2024-08-08T15:24:30.903+0000] {taskinstance.py:2306} INFO - Starting attempt 1 of 1
[2024-08-08T15:24:30.907+0000] {taskinstance.py:2330} INFO - Executing <Task(PythonOperator): get_src_tables> on 2024-08-07 13:30:00+00:00
[2024-08-08T15:24:30.912+0000] {warnings.py:112} WARNING - /home/***/.local/lib/python3.12/site-packages/***/task/task_runner/standard_task_runner.py:62: DeprecationWarning: This process (pid=86) is multi-threaded, use of fork() may lead to deadlocks in the child.
  pid = os.fork()

[2024-08-08T15:24:30.913+0000] {standard_task_runner.py:64} INFO - Started process 97 to run task
[2024-08-08T15:24:30.913+0000] {standard_task_runner.py:90} INFO - Running: ['***', 'tasks', 'run', 'dag_with_postgres_hooks', 'get_src_tables', 'scheduled__2024-08-07T13:30:00+00:00', '--job-id', '871', '--raw', '--subdir', 'DAGS_FOLDER/Stock_pred.py', '--cfg-path', '/tmp/tmpgktal5wj']
[2024-08-08T15:24:30.914+0000] {standard_task_runner.py:91} INFO - Job 871: Subtask get_src_tables
[2024-08-08T15:24:30.930+0000] {task_command.py:426} INFO - Running <TaskInstance: dag_with_postgres_hooks.get_src_tables scheduled__2024-08-07T13:30:00+00:00 [running]> on host de0da25eb647
[2024-08-08T15:24:30.963+0000] {taskinstance.py:2648} INFO - Exporting env vars: AIRFLOW_CTX_DAG_EMAIL='***@example.com' AIRFLOW_CTX_DAG_OWNER='***' AIRFLOW_CTX_DAG_ID='dag_with_postgres_hooks' AIRFLOW_CTX_TASK_ID='get_src_tables' AIRFLOW_CTX_EXECUTION_DATE='2024-08-07T13:30:00+00:00' AIRFLOW_CTX_TRY_NUMBER='1' AIRFLOW_CTX_DAG_RUN_ID='scheduled__2024-08-07T13:30:00+00:00'
[2024-08-08T15:24:30.964+0000] {taskinstance.py:430} INFO - ::endgroup::
[2024-08-08T15:24:30.967+0000] {base.py:84} INFO - Using connection ID 'postgres_server_2' for task execution.
[2024-08-08T15:24:30.981+0000] {warnings.py:112} WARNING - /home/***/.local/lib/python3.12/site-packages/***/providers/common/sql/hooks/sql.py:269: UserWarning: pandas only supports SQLAlchemy connectable (engine/connection) or database string URI or sqlite3 DBAPI2 connection. Other DBAPI2 objects are not tested. Please consider using SQLAlchemy.
  return psql.read_sql(sql, con=conn, params=parameters, **kwargs)

[2024-08-08T15:24:31.014+0000] {python.py:237} INFO - Done. Returned value was: None
[2024-08-08T15:24:31.014+0000] {taskinstance.py:441} INFO - ::group::Post task execution logs
[2024-08-08T15:24:31.017+0000] {taskinstance.py:1206} INFO - Marking task as SUCCESS. dag_id=dag_with_postgres_hooks, task_id=get_src_tables, run_id=scheduled__2024-08-07T13:30:00+00:00, execution_date=20240807T133000, start_date=20240808T152430, end_date=20240808T152431
[2024-08-08T15:24:31.052+0000] {local_task_job_runner.py:243} INFO - Task exited with return code 0
[2024-08-08T15:24:31.062+0000] {taskinstance.py:3503} INFO - 0 downstream tasks scheduled from follow-on schedule check
[2024-08-08T15:24:31.063+0000] {local_task_job_runner.py:222} INFO - ::endgroup::
