[2024-07-26T13:39:46.988+0000] {processor.py:161} INFO - Started process (PID=75) to work on /home/airflow/.local/lib/python3.12/site-packages/airflow/example_dags/example_branch_operator.py
[2024-07-26T13:39:46.988+0000] {processor.py:830} INFO - Processing file /home/airflow/.local/lib/python3.12/site-packages/airflow/example_dags/example_branch_operator.py for tasks to queue
[2024-07-26T13:39:46.990+0000] {logging_mixin.py:188} INFO - [2024-07-26T13:39:46.990+0000] {dagbag.py:545} INFO - Filling up the DagBag from /home/airflow/.local/lib/python3.12/site-packages/airflow/example_dags/example_branch_operator.py
[2024-07-26T13:39:47.006+0000] {processor.py:840} INFO - DAG(s) 'example_branch_operator' retrieved from /home/airflow/.local/lib/python3.12/site-packages/airflow/example_dags/example_branch_operator.py
[2024-07-26T13:39:47.137+0000] {logging_mixin.py:188} INFO - [2024-07-26T13:39:47.137+0000] {dag.py:3089} INFO - Sync 1 DAGs
[2024-07-26T13:39:47.166+0000] {logging_mixin.py:188} INFO - [2024-07-26T13:39:47.166+0000] {dag.py:3947} INFO - Setting next_dagrun for example_branch_operator to 2024-07-25 00:00:00+00:00, run_after=2024-07-26 00:00:00+00:00
[2024-07-26T13:39:47.192+0000] {processor.py:183} INFO - Processing /home/airflow/.local/lib/python3.12/site-packages/airflow/example_dags/example_branch_operator.py took 0.208 seconds
[2024-07-26T13:40:17.941+0000] {processor.py:161} INFO - Started process (PID=141) to work on /home/airflow/.local/lib/python3.12/site-packages/airflow/example_dags/example_branch_operator.py
[2024-07-26T13:40:17.942+0000] {processor.py:830} INFO - Processing file /home/airflow/.local/lib/python3.12/site-packages/airflow/example_dags/example_branch_operator.py for tasks to queue
[2024-07-26T13:40:17.943+0000] {logging_mixin.py:188} INFO - [2024-07-26T13:40:17.943+0000] {dagbag.py:545} INFO - Filling up the DagBag from /home/airflow/.local/lib/python3.12/site-packages/airflow/example_dags/example_branch_operator.py
[2024-07-26T13:40:17.954+0000] {processor.py:840} INFO - DAG(s) 'example_branch_operator' retrieved from /home/airflow/.local/lib/python3.12/site-packages/airflow/example_dags/example_branch_operator.py
[2024-07-26T13:40:17.968+0000] {logging_mixin.py:188} INFO - [2024-07-26T13:40:17.968+0000] {dag.py:3089} INFO - Sync 1 DAGs
[2024-07-26T13:40:17.979+0000] {logging_mixin.py:188} INFO - [2024-07-26T13:40:17.978+0000] {dag.py:3947} INFO - Setting next_dagrun for example_branch_operator to 2024-07-25 00:00:00+00:00, run_after=2024-07-26 00:00:00+00:00
[2024-07-26T13:40:17.986+0000] {processor.py:183} INFO - Processing /home/airflow/.local/lib/python3.12/site-packages/airflow/example_dags/example_branch_operator.py took 0.050 seconds
[2024-07-26T13:40:48.653+0000] {processor.py:161} INFO - Started process (PID=209) to work on /home/airflow/.local/lib/python3.12/site-packages/airflow/example_dags/example_branch_operator.py
[2024-07-26T13:40:48.654+0000] {processor.py:830} INFO - Processing file /home/airflow/.local/lib/python3.12/site-packages/airflow/example_dags/example_branch_operator.py for tasks to queue
[2024-07-26T13:40:48.655+0000] {logging_mixin.py:188} INFO - [2024-07-26T13:40:48.655+0000] {dagbag.py:545} INFO - Filling up the DagBag from /home/airflow/.local/lib/python3.12/site-packages/airflow/example_dags/example_branch_operator.py
[2024-07-26T13:40:48.665+0000] {processor.py:840} INFO - DAG(s) 'example_branch_operator' retrieved from /home/airflow/.local/lib/python3.12/site-packages/airflow/example_dags/example_branch_operator.py
[2024-07-26T13:40:48.679+0000] {logging_mixin.py:188} INFO - [2024-07-26T13:40:48.679+0000] {dag.py:3089} INFO - Sync 1 DAGs
[2024-07-26T13:40:48.690+0000] {logging_mixin.py:188} INFO - [2024-07-26T13:40:48.689+0000] {dag.py:3947} INFO - Setting next_dagrun for example_branch_operator to 2024-07-25 00:00:00+00:00, run_after=2024-07-26 00:00:00+00:00
[2024-07-26T13:40:48.696+0000] {processor.py:183} INFO - Processing /home/airflow/.local/lib/python3.12/site-packages/airflow/example_dags/example_branch_operator.py took 0.048 seconds
[2024-07-26T13:41:19.146+0000] {processor.py:161} INFO - Started process (PID=277) to work on /home/airflow/.local/lib/python3.12/site-packages/airflow/example_dags/example_branch_operator.py
[2024-07-26T13:41:19.147+0000] {processor.py:830} INFO - Processing file /home/airflow/.local/lib/python3.12/site-packages/airflow/example_dags/example_branch_operator.py for tasks to queue
[2024-07-26T13:41:19.149+0000] {logging_mixin.py:188} INFO - [2024-07-26T13:41:19.149+0000] {dagbag.py:545} INFO - Filling up the DagBag from /home/airflow/.local/lib/python3.12/site-packages/airflow/example_dags/example_branch_operator.py
[2024-07-26T13:41:19.159+0000] {processor.py:840} INFO - DAG(s) 'example_branch_operator' retrieved from /home/airflow/.local/lib/python3.12/site-packages/airflow/example_dags/example_branch_operator.py
[2024-07-26T13:41:19.173+0000] {logging_mixin.py:188} INFO - [2024-07-26T13:41:19.173+0000] {dag.py:3089} INFO - Sync 1 DAGs
[2024-07-26T13:41:19.184+0000] {logging_mixin.py:188} INFO - [2024-07-26T13:41:19.184+0000] {dag.py:3947} INFO - Setting next_dagrun for example_branch_operator to 2024-07-25 00:00:00+00:00, run_after=2024-07-26 00:00:00+00:00
[2024-07-26T13:41:19.191+0000] {processor.py:183} INFO - Processing /home/airflow/.local/lib/python3.12/site-packages/airflow/example_dags/example_branch_operator.py took 0.049 seconds
[2024-07-26T13:41:49.268+0000] {processor.py:161} INFO - Started process (PID=345) to work on /home/airflow/.local/lib/python3.12/site-packages/airflow/example_dags/example_branch_operator.py
[2024-07-26T13:41:49.268+0000] {processor.py:830} INFO - Processing file /home/airflow/.local/lib/python3.12/site-packages/airflow/example_dags/example_branch_operator.py for tasks to queue
[2024-07-26T13:41:49.269+0000] {logging_mixin.py:188} INFO - [2024-07-26T13:41:49.269+0000] {dagbag.py:545} INFO - Filling up the DagBag from /home/airflow/.local/lib/python3.12/site-packages/airflow/example_dags/example_branch_operator.py
[2024-07-26T13:41:49.279+0000] {processor.py:840} INFO - DAG(s) 'example_branch_operator' retrieved from /home/airflow/.local/lib/python3.12/site-packages/airflow/example_dags/example_branch_operator.py
[2024-07-26T13:41:49.292+0000] {logging_mixin.py:188} INFO - [2024-07-26T13:41:49.292+0000] {dag.py:3089} INFO - Sync 1 DAGs
[2024-07-26T13:41:49.302+0000] {logging_mixin.py:188} INFO - [2024-07-26T13:41:49.302+0000] {dag.py:3947} INFO - Setting next_dagrun for example_branch_operator to 2024-07-25 00:00:00+00:00, run_after=2024-07-26 00:00:00+00:00
[2024-07-26T13:41:49.309+0000] {processor.py:183} INFO - Processing /home/airflow/.local/lib/python3.12/site-packages/airflow/example_dags/example_branch_operator.py took 0.045 seconds
[2024-07-26T13:42:19.536+0000] {processor.py:161} INFO - Started process (PID=414) to work on /home/airflow/.local/lib/python3.12/site-packages/airflow/example_dags/example_branch_operator.py
[2024-07-26T13:42:19.537+0000] {processor.py:830} INFO - Processing file /home/airflow/.local/lib/python3.12/site-packages/airflow/example_dags/example_branch_operator.py for tasks to queue
[2024-07-26T13:42:19.538+0000] {logging_mixin.py:188} INFO - [2024-07-26T13:42:19.537+0000] {dagbag.py:545} INFO - Filling up the DagBag from /home/airflow/.local/lib/python3.12/site-packages/airflow/example_dags/example_branch_operator.py
[2024-07-26T13:42:19.545+0000] {processor.py:840} INFO - DAG(s) 'example_branch_operator' retrieved from /home/airflow/.local/lib/python3.12/site-packages/airflow/example_dags/example_branch_operator.py
[2024-07-26T13:42:19.556+0000] {logging_mixin.py:188} INFO - [2024-07-26T13:42:19.556+0000] {dag.py:3089} INFO - Sync 1 DAGs
[2024-07-26T13:42:19.565+0000] {logging_mixin.py:188} INFO - [2024-07-26T13:42:19.565+0000] {dag.py:3947} INFO - Setting next_dagrun for example_branch_operator to 2024-07-25 00:00:00+00:00, run_after=2024-07-26 00:00:00+00:00
[2024-07-26T13:42:19.572+0000] {processor.py:183} INFO - Processing /home/airflow/.local/lib/python3.12/site-packages/airflow/example_dags/example_branch_operator.py took 0.039 seconds
[2024-07-26T13:42:49.760+0000] {processor.py:161} INFO - Started process (PID=483) to work on /home/airflow/.local/lib/python3.12/site-packages/airflow/example_dags/example_branch_operator.py
[2024-07-26T13:42:49.761+0000] {processor.py:830} INFO - Processing file /home/airflow/.local/lib/python3.12/site-packages/airflow/example_dags/example_branch_operator.py for tasks to queue
[2024-07-26T13:42:49.763+0000] {logging_mixin.py:188} INFO - [2024-07-26T13:42:49.763+0000] {dagbag.py:545} INFO - Filling up the DagBag from /home/airflow/.local/lib/python3.12/site-packages/airflow/example_dags/example_branch_operator.py
[2024-07-26T13:42:49.778+0000] {processor.py:840} INFO - DAG(s) 'example_branch_operator' retrieved from /home/airflow/.local/lib/python3.12/site-packages/airflow/example_dags/example_branch_operator.py
[2024-07-26T13:42:49.793+0000] {logging_mixin.py:188} INFO - [2024-07-26T13:42:49.793+0000] {dag.py:3089} INFO - Sync 1 DAGs
[2024-07-26T13:42:49.804+0000] {logging_mixin.py:188} INFO - [2024-07-26T13:42:49.804+0000] {dag.py:3947} INFO - Setting next_dagrun for example_branch_operator to 2024-07-25 00:00:00+00:00, run_after=2024-07-26 00:00:00+00:00
[2024-07-26T13:42:49.811+0000] {processor.py:183} INFO - Processing /home/airflow/.local/lib/python3.12/site-packages/airflow/example_dags/example_branch_operator.py took 0.056 seconds
[2024-07-26T13:43:20.403+0000] {processor.py:161} INFO - Started process (PID=552) to work on /home/airflow/.local/lib/python3.12/site-packages/airflow/example_dags/example_branch_operator.py
[2024-07-26T13:43:20.403+0000] {processor.py:830} INFO - Processing file /home/airflow/.local/lib/python3.12/site-packages/airflow/example_dags/example_branch_operator.py for tasks to queue
[2024-07-26T13:43:20.405+0000] {logging_mixin.py:188} INFO - [2024-07-26T13:43:20.404+0000] {dagbag.py:545} INFO - Filling up the DagBag from /home/airflow/.local/lib/python3.12/site-packages/airflow/example_dags/example_branch_operator.py
[2024-07-26T13:43:20.413+0000] {processor.py:840} INFO - DAG(s) 'example_branch_operator' retrieved from /home/airflow/.local/lib/python3.12/site-packages/airflow/example_dags/example_branch_operator.py
[2024-07-26T13:43:20.427+0000] {logging_mixin.py:188} INFO - [2024-07-26T13:43:20.426+0000] {dag.py:3089} INFO - Sync 1 DAGs
[2024-07-26T13:43:20.438+0000] {logging_mixin.py:188} INFO - [2024-07-26T13:43:20.438+0000] {dag.py:3947} INFO - Setting next_dagrun for example_branch_operator to 2024-07-25 00:00:00+00:00, run_after=2024-07-26 00:00:00+00:00
[2024-07-26T13:43:20.446+0000] {processor.py:183} INFO - Processing /home/airflow/.local/lib/python3.12/site-packages/airflow/example_dags/example_branch_operator.py took 0.049 seconds
