[2024-07-26T13:39:49.267+0000] {processor.py:161} INFO - Started process (PID=104) to work on /home/airflow/.local/lib/python3.12/site-packages/airflow/example_dags/example_latest_only.py
[2024-07-26T13:39:49.268+0000] {processor.py:830} INFO - Processing file /home/airflow/.local/lib/python3.12/site-packages/airflow/example_dags/example_latest_only.py for tasks to queue
[2024-07-26T13:39:49.269+0000] {logging_mixin.py:188} INFO - [2024-07-26T13:39:49.269+0000] {dagbag.py:545} INFO - Filling up the DagBag from /home/airflow/.local/lib/python3.12/site-packages/airflow/example_dags/example_latest_only.py
[2024-07-26T13:39:49.271+0000] {processor.py:840} INFO - DAG(s) 'latest_only' retrieved from /home/airflow/.local/lib/python3.12/site-packages/airflow/example_dags/example_latest_only.py
[2024-07-26T13:39:49.279+0000] {logging_mixin.py:188} INFO - [2024-07-26T13:39:49.279+0000] {dag.py:3089} INFO - Sync 1 DAGs
[2024-07-26T13:39:49.289+0000] {logging_mixin.py:188} INFO - [2024-07-26T13:39:49.288+0000] {dag.py:3947} INFO - Setting next_dagrun for latest_only to 2024-07-26 08:00:00+00:00, run_after=2024-07-26 12:00:00+00:00
[2024-07-26T13:39:49.296+0000] {processor.py:183} INFO - Processing /home/airflow/.local/lib/python3.12/site-packages/airflow/example_dags/example_latest_only.py took 0.031 seconds
[2024-07-26T13:40:19.439+0000] {processor.py:161} INFO - Started process (PID=163) to work on /home/airflow/.local/lib/python3.12/site-packages/airflow/example_dags/example_latest_only.py
[2024-07-26T13:40:19.439+0000] {processor.py:830} INFO - Processing file /home/airflow/.local/lib/python3.12/site-packages/airflow/example_dags/example_latest_only.py for tasks to queue
[2024-07-26T13:40:19.440+0000] {logging_mixin.py:188} INFO - [2024-07-26T13:40:19.440+0000] {dagbag.py:545} INFO - Filling up the DagBag from /home/airflow/.local/lib/python3.12/site-packages/airflow/example_dags/example_latest_only.py
[2024-07-26T13:40:19.442+0000] {processor.py:840} INFO - DAG(s) 'latest_only' retrieved from /home/airflow/.local/lib/python3.12/site-packages/airflow/example_dags/example_latest_only.py
[2024-07-26T13:40:19.450+0000] {logging_mixin.py:188} INFO - [2024-07-26T13:40:19.450+0000] {dag.py:3089} INFO - Sync 1 DAGs
[2024-07-26T13:40:19.458+0000] {logging_mixin.py:188} INFO - [2024-07-26T13:40:19.458+0000] {dag.py:3947} INFO - Setting next_dagrun for latest_only to 2024-07-26 08:00:00+00:00, run_after=2024-07-26 12:00:00+00:00
[2024-07-26T13:40:19.464+0000] {processor.py:183} INFO - Processing /home/airflow/.local/lib/python3.12/site-packages/airflow/example_dags/example_latest_only.py took 0.027 seconds
[2024-07-26T13:40:50.158+0000] {processor.py:161} INFO - Started process (PID=231) to work on /home/airflow/.local/lib/python3.12/site-packages/airflow/example_dags/example_latest_only.py
[2024-07-26T13:40:50.158+0000] {processor.py:830} INFO - Processing file /home/airflow/.local/lib/python3.12/site-packages/airflow/example_dags/example_latest_only.py for tasks to queue
[2024-07-26T13:40:50.159+0000] {logging_mixin.py:188} INFO - [2024-07-26T13:40:50.159+0000] {dagbag.py:545} INFO - Filling up the DagBag from /home/airflow/.local/lib/python3.12/site-packages/airflow/example_dags/example_latest_only.py
[2024-07-26T13:40:50.161+0000] {processor.py:840} INFO - DAG(s) 'latest_only' retrieved from /home/airflow/.local/lib/python3.12/site-packages/airflow/example_dags/example_latest_only.py
[2024-07-26T13:40:50.168+0000] {logging_mixin.py:188} INFO - [2024-07-26T13:40:50.168+0000] {dag.py:3089} INFO - Sync 1 DAGs
[2024-07-26T13:40:50.176+0000] {logging_mixin.py:188} INFO - [2024-07-26T13:40:50.176+0000] {dag.py:3947} INFO - Setting next_dagrun for latest_only to 2024-07-26 08:00:00+00:00, run_after=2024-07-26 12:00:00+00:00
[2024-07-26T13:40:50.183+0000] {processor.py:183} INFO - Processing /home/airflow/.local/lib/python3.12/site-packages/airflow/example_dags/example_latest_only.py took 0.027 seconds
[2024-07-26T13:41:20.652+0000] {processor.py:161} INFO - Started process (PID=299) to work on /home/airflow/.local/lib/python3.12/site-packages/airflow/example_dags/example_latest_only.py
[2024-07-26T13:41:20.654+0000] {processor.py:830} INFO - Processing file /home/airflow/.local/lib/python3.12/site-packages/airflow/example_dags/example_latest_only.py for tasks to queue
[2024-07-26T13:41:20.655+0000] {logging_mixin.py:188} INFO - [2024-07-26T13:41:20.654+0000] {dagbag.py:545} INFO - Filling up the DagBag from /home/airflow/.local/lib/python3.12/site-packages/airflow/example_dags/example_latest_only.py
[2024-07-26T13:41:20.657+0000] {processor.py:840} INFO - DAG(s) 'latest_only' retrieved from /home/airflow/.local/lib/python3.12/site-packages/airflow/example_dags/example_latest_only.py
[2024-07-26T13:41:20.665+0000] {logging_mixin.py:188} INFO - [2024-07-26T13:41:20.665+0000] {dag.py:3089} INFO - Sync 1 DAGs
[2024-07-26T13:41:20.673+0000] {logging_mixin.py:188} INFO - [2024-07-26T13:41:20.673+0000] {dag.py:3947} INFO - Setting next_dagrun for latest_only to 2024-07-26 08:00:00+00:00, run_after=2024-07-26 12:00:00+00:00
[2024-07-26T13:41:20.680+0000] {processor.py:183} INFO - Processing /home/airflow/.local/lib/python3.12/site-packages/airflow/example_dags/example_latest_only.py took 0.030 seconds
[2024-07-26T13:41:51.139+0000] {processor.py:161} INFO - Started process (PID=367) to work on /home/airflow/.local/lib/python3.12/site-packages/airflow/example_dags/example_latest_only.py
[2024-07-26T13:41:51.140+0000] {processor.py:830} INFO - Processing file /home/airflow/.local/lib/python3.12/site-packages/airflow/example_dags/example_latest_only.py for tasks to queue
[2024-07-26T13:41:51.140+0000] {logging_mixin.py:188} INFO - [2024-07-26T13:41:51.140+0000] {dagbag.py:545} INFO - Filling up the DagBag from /home/airflow/.local/lib/python3.12/site-packages/airflow/example_dags/example_latest_only.py
[2024-07-26T13:41:51.143+0000] {processor.py:840} INFO - DAG(s) 'latest_only' retrieved from /home/airflow/.local/lib/python3.12/site-packages/airflow/example_dags/example_latest_only.py
[2024-07-26T13:41:51.152+0000] {logging_mixin.py:188} INFO - [2024-07-26T13:41:51.152+0000] {dag.py:3089} INFO - Sync 1 DAGs
[2024-07-26T13:41:51.254+0000] {logging_mixin.py:188} INFO - [2024-07-26T13:41:51.254+0000] {dag.py:3947} INFO - Setting next_dagrun for latest_only to 2024-07-26 08:00:00+00:00, run_after=2024-07-26 12:00:00+00:00
[2024-07-26T13:41:51.262+0000] {processor.py:183} INFO - Processing /home/airflow/.local/lib/python3.12/site-packages/airflow/example_dags/example_latest_only.py took 0.125 seconds
[2024-07-26T13:42:21.377+0000] {processor.py:161} INFO - Started process (PID=436) to work on /home/airflow/.local/lib/python3.12/site-packages/airflow/example_dags/example_latest_only.py
[2024-07-26T13:42:21.378+0000] {processor.py:830} INFO - Processing file /home/airflow/.local/lib/python3.12/site-packages/airflow/example_dags/example_latest_only.py for tasks to queue
[2024-07-26T13:42:21.379+0000] {logging_mixin.py:188} INFO - [2024-07-26T13:42:21.378+0000] {dagbag.py:545} INFO - Filling up the DagBag from /home/airflow/.local/lib/python3.12/site-packages/airflow/example_dags/example_latest_only.py
[2024-07-26T13:42:21.381+0000] {processor.py:840} INFO - DAG(s) 'latest_only' retrieved from /home/airflow/.local/lib/python3.12/site-packages/airflow/example_dags/example_latest_only.py
[2024-07-26T13:42:21.389+0000] {logging_mixin.py:188} INFO - [2024-07-26T13:42:21.389+0000] {dag.py:3089} INFO - Sync 1 DAGs
[2024-07-26T13:42:21.398+0000] {logging_mixin.py:188} INFO - [2024-07-26T13:42:21.398+0000] {dag.py:3947} INFO - Setting next_dagrun for latest_only to 2024-07-26 08:00:00+00:00, run_after=2024-07-26 12:00:00+00:00
[2024-07-26T13:42:21.487+0000] {processor.py:183} INFO - Processing /home/airflow/.local/lib/python3.12/site-packages/airflow/example_dags/example_latest_only.py took 0.113 seconds
[2024-07-26T13:42:52.459+0000] {processor.py:161} INFO - Started process (PID=505) to work on /home/airflow/.local/lib/python3.12/site-packages/airflow/example_dags/example_latest_only.py
[2024-07-26T13:42:52.459+0000] {processor.py:830} INFO - Processing file /home/airflow/.local/lib/python3.12/site-packages/airflow/example_dags/example_latest_only.py for tasks to queue
[2024-07-26T13:42:52.460+0000] {logging_mixin.py:188} INFO - [2024-07-26T13:42:52.460+0000] {dagbag.py:545} INFO - Filling up the DagBag from /home/airflow/.local/lib/python3.12/site-packages/airflow/example_dags/example_latest_only.py
[2024-07-26T13:42:52.463+0000] {processor.py:840} INFO - DAG(s) 'latest_only' retrieved from /home/airflow/.local/lib/python3.12/site-packages/airflow/example_dags/example_latest_only.py
[2024-07-26T13:42:52.471+0000] {logging_mixin.py:188} INFO - [2024-07-26T13:42:52.471+0000] {dag.py:3089} INFO - Sync 1 DAGs
[2024-07-26T13:42:52.481+0000] {logging_mixin.py:188} INFO - [2024-07-26T13:42:52.481+0000] {dag.py:3947} INFO - Setting next_dagrun for latest_only to 2024-07-26 08:00:00+00:00, run_after=2024-07-26 12:00:00+00:00
[2024-07-26T13:42:52.488+0000] {processor.py:183} INFO - Processing /home/airflow/.local/lib/python3.12/site-packages/airflow/example_dags/example_latest_only.py took 0.032 seconds
[2024-07-26T13:43:22.970+0000] {processor.py:161} INFO - Started process (PID=574) to work on /home/airflow/.local/lib/python3.12/site-packages/airflow/example_dags/example_latest_only.py
[2024-07-26T13:43:22.970+0000] {processor.py:830} INFO - Processing file /home/airflow/.local/lib/python3.12/site-packages/airflow/example_dags/example_latest_only.py for tasks to queue
[2024-07-26T13:43:22.971+0000] {logging_mixin.py:188} INFO - [2024-07-26T13:43:22.971+0000] {dagbag.py:545} INFO - Filling up the DagBag from /home/airflow/.local/lib/python3.12/site-packages/airflow/example_dags/example_latest_only.py
[2024-07-26T13:43:22.974+0000] {processor.py:840} INFO - DAG(s) 'latest_only' retrieved from /home/airflow/.local/lib/python3.12/site-packages/airflow/example_dags/example_latest_only.py
[2024-07-26T13:43:22.982+0000] {logging_mixin.py:188} INFO - [2024-07-26T13:43:22.982+0000] {dag.py:3089} INFO - Sync 1 DAGs
[2024-07-26T13:43:22.992+0000] {logging_mixin.py:188} INFO - [2024-07-26T13:43:22.992+0000] {dag.py:3947} INFO - Setting next_dagrun for latest_only to 2024-07-26 08:00:00+00:00, run_after=2024-07-26 12:00:00+00:00
[2024-07-26T13:43:22.999+0000] {processor.py:183} INFO - Processing /home/airflow/.local/lib/python3.12/site-packages/airflow/example_dags/example_latest_only.py took 0.032 seconds
