[2024-07-26T13:39:48.581+0000] {processor.py:161} INFO - Started process (PID=96) to work on /home/airflow/.local/lib/python3.12/site-packages/airflow/example_dags/example_display_name.py
[2024-07-26T13:39:48.582+0000] {processor.py:830} INFO - Processing file /home/airflow/.local/lib/python3.12/site-packages/airflow/example_dags/example_display_name.py for tasks to queue
[2024-07-26T13:39:48.584+0000] {logging_mixin.py:188} INFO - [2024-07-26T13:39:48.583+0000] {dagbag.py:545} INFO - Filling up the DagBag from /home/airflow/.local/lib/python3.12/site-packages/airflow/example_dags/example_display_name.py
[2024-07-26T13:39:48.591+0000] {processor.py:840} INFO - DAG(s) 'example_display_name' retrieved from /home/airflow/.local/lib/python3.12/site-packages/airflow/example_dags/example_display_name.py
[2024-07-26T13:39:48.611+0000] {logging_mixin.py:188} INFO - [2024-07-26T13:39:48.610+0000] {dag.py:3089} INFO - Sync 1 DAGs
[2024-07-26T13:39:48.628+0000] {logging_mixin.py:188} INFO - [2024-07-26T13:39:48.628+0000] {dag.py:3947} INFO - Setting next_dagrun for example_display_name to None, run_after=None
[2024-07-26T13:39:48.651+0000] {processor.py:183} INFO - Processing /home/airflow/.local/lib/python3.12/site-packages/airflow/example_dags/example_display_name.py took 0.074 seconds
[2024-07-26T13:40:19.254+0000] {processor.py:161} INFO - Started process (PID=155) to work on /home/airflow/.local/lib/python3.12/site-packages/airflow/example_dags/example_display_name.py
[2024-07-26T13:40:19.255+0000] {processor.py:830} INFO - Processing file /home/airflow/.local/lib/python3.12/site-packages/airflow/example_dags/example_display_name.py for tasks to queue
[2024-07-26T13:40:19.255+0000] {logging_mixin.py:188} INFO - [2024-07-26T13:40:19.255+0000] {dagbag.py:545} INFO - Filling up the DagBag from /home/airflow/.local/lib/python3.12/site-packages/airflow/example_dags/example_display_name.py
[2024-07-26T13:40:19.258+0000] {processor.py:840} INFO - DAG(s) 'example_display_name' retrieved from /home/airflow/.local/lib/python3.12/site-packages/airflow/example_dags/example_display_name.py
[2024-07-26T13:40:19.266+0000] {logging_mixin.py:188} INFO - [2024-07-26T13:40:19.266+0000] {dag.py:3089} INFO - Sync 1 DAGs
[2024-07-26T13:40:19.271+0000] {logging_mixin.py:188} INFO - [2024-07-26T13:40:19.271+0000] {dag.py:3947} INFO - Setting next_dagrun for example_display_name to None, run_after=None
[2024-07-26T13:40:19.278+0000] {processor.py:183} INFO - Processing /home/airflow/.local/lib/python3.12/site-packages/airflow/example_dags/example_display_name.py took 0.026 seconds
[2024-07-26T13:40:49.970+0000] {processor.py:161} INFO - Started process (PID=223) to work on /home/airflow/.local/lib/python3.12/site-packages/airflow/example_dags/example_display_name.py
[2024-07-26T13:40:49.971+0000] {processor.py:830} INFO - Processing file /home/airflow/.local/lib/python3.12/site-packages/airflow/example_dags/example_display_name.py for tasks to queue
[2024-07-26T13:40:49.972+0000] {logging_mixin.py:188} INFO - [2024-07-26T13:40:49.971+0000] {dagbag.py:545} INFO - Filling up the DagBag from /home/airflow/.local/lib/python3.12/site-packages/airflow/example_dags/example_display_name.py
[2024-07-26T13:40:49.974+0000] {processor.py:840} INFO - DAG(s) 'example_display_name' retrieved from /home/airflow/.local/lib/python3.12/site-packages/airflow/example_dags/example_display_name.py
[2024-07-26T13:40:49.982+0000] {logging_mixin.py:188} INFO - [2024-07-26T13:40:49.982+0000] {dag.py:3089} INFO - Sync 1 DAGs
[2024-07-26T13:40:49.987+0000] {logging_mixin.py:188} INFO - [2024-07-26T13:40:49.987+0000] {dag.py:3947} INFO - Setting next_dagrun for example_display_name to None, run_after=None
[2024-07-26T13:40:49.994+0000] {processor.py:183} INFO - Processing /home/airflow/.local/lib/python3.12/site-packages/airflow/example_dags/example_display_name.py took 0.026 seconds
[2024-07-26T13:41:20.470+0000] {processor.py:161} INFO - Started process (PID=291) to work on /home/airflow/.local/lib/python3.12/site-packages/airflow/example_dags/example_display_name.py
[2024-07-26T13:41:20.470+0000] {processor.py:830} INFO - Processing file /home/airflow/.local/lib/python3.12/site-packages/airflow/example_dags/example_display_name.py for tasks to queue
[2024-07-26T13:41:20.471+0000] {logging_mixin.py:188} INFO - [2024-07-26T13:41:20.471+0000] {dagbag.py:545} INFO - Filling up the DagBag from /home/airflow/.local/lib/python3.12/site-packages/airflow/example_dags/example_display_name.py
[2024-07-26T13:41:20.473+0000] {processor.py:840} INFO - DAG(s) 'example_display_name' retrieved from /home/airflow/.local/lib/python3.12/site-packages/airflow/example_dags/example_display_name.py
[2024-07-26T13:41:20.481+0000] {logging_mixin.py:188} INFO - [2024-07-26T13:41:20.481+0000] {dag.py:3089} INFO - Sync 1 DAGs
[2024-07-26T13:41:20.486+0000] {logging_mixin.py:188} INFO - [2024-07-26T13:41:20.486+0000] {dag.py:3947} INFO - Setting next_dagrun for example_display_name to None, run_after=None
[2024-07-26T13:41:20.492+0000] {processor.py:183} INFO - Processing /home/airflow/.local/lib/python3.12/site-packages/airflow/example_dags/example_display_name.py took 0.025 seconds
[2024-07-26T13:41:50.641+0000] {processor.py:161} INFO - Started process (PID=359) to work on /home/airflow/.local/lib/python3.12/site-packages/airflow/example_dags/example_display_name.py
[2024-07-26T13:41:50.642+0000] {processor.py:830} INFO - Processing file /home/airflow/.local/lib/python3.12/site-packages/airflow/example_dags/example_display_name.py for tasks to queue
[2024-07-26T13:41:50.643+0000] {logging_mixin.py:188} INFO - [2024-07-26T13:41:50.643+0000] {dagbag.py:545} INFO - Filling up the DagBag from /home/airflow/.local/lib/python3.12/site-packages/airflow/example_dags/example_display_name.py
[2024-07-26T13:41:50.645+0000] {processor.py:840} INFO - DAG(s) 'example_display_name' retrieved from /home/airflow/.local/lib/python3.12/site-packages/airflow/example_dags/example_display_name.py
[2024-07-26T13:41:50.654+0000] {logging_mixin.py:188} INFO - [2024-07-26T13:41:50.654+0000] {dag.py:3089} INFO - Sync 1 DAGs
[2024-07-26T13:41:50.660+0000] {logging_mixin.py:188} INFO - [2024-07-26T13:41:50.660+0000] {dag.py:3947} INFO - Setting next_dagrun for example_display_name to None, run_after=None
[2024-07-26T13:41:50.667+0000] {processor.py:183} INFO - Processing /home/airflow/.local/lib/python3.12/site-packages/airflow/example_dags/example_display_name.py took 0.028 seconds
[2024-07-26T13:42:20.933+0000] {processor.py:161} INFO - Started process (PID=428) to work on /home/airflow/.local/lib/python3.12/site-packages/airflow/example_dags/example_display_name.py
[2024-07-26T13:42:20.934+0000] {processor.py:830} INFO - Processing file /home/airflow/.local/lib/python3.12/site-packages/airflow/example_dags/example_display_name.py for tasks to queue
[2024-07-26T13:42:20.935+0000] {logging_mixin.py:188} INFO - [2024-07-26T13:42:20.935+0000] {dagbag.py:545} INFO - Filling up the DagBag from /home/airflow/.local/lib/python3.12/site-packages/airflow/example_dags/example_display_name.py
[2024-07-26T13:42:20.938+0000] {processor.py:840} INFO - DAG(s) 'example_display_name' retrieved from /home/airflow/.local/lib/python3.12/site-packages/airflow/example_dags/example_display_name.py
[2024-07-26T13:42:20.948+0000] {logging_mixin.py:188} INFO - [2024-07-26T13:42:20.948+0000] {dag.py:3089} INFO - Sync 1 DAGs
[2024-07-26T13:42:20.954+0000] {logging_mixin.py:188} INFO - [2024-07-26T13:42:20.954+0000] {dag.py:3947} INFO - Setting next_dagrun for example_display_name to None, run_after=None
[2024-07-26T13:42:20.962+0000] {processor.py:183} INFO - Processing /home/airflow/.local/lib/python3.12/site-packages/airflow/example_dags/example_display_name.py took 0.032 seconds
[2024-07-26T13:42:51.112+0000] {processor.py:161} INFO - Started process (PID=496) to work on /home/airflow/.local/lib/python3.12/site-packages/airflow/example_dags/example_display_name.py
[2024-07-26T13:42:51.112+0000] {processor.py:830} INFO - Processing file /home/airflow/.local/lib/python3.12/site-packages/airflow/example_dags/example_display_name.py for tasks to queue
[2024-07-26T13:42:51.113+0000] {logging_mixin.py:188} INFO - [2024-07-26T13:42:51.113+0000] {dagbag.py:545} INFO - Filling up the DagBag from /home/airflow/.local/lib/python3.12/site-packages/airflow/example_dags/example_display_name.py
[2024-07-26T13:42:51.118+0000] {processor.py:840} INFO - DAG(s) 'example_display_name' retrieved from /home/airflow/.local/lib/python3.12/site-packages/airflow/example_dags/example_display_name.py
[2024-07-26T13:42:51.133+0000] {logging_mixin.py:188} INFO - [2024-07-26T13:42:51.132+0000] {dag.py:3089} INFO - Sync 1 DAGs
[2024-07-26T13:42:51.139+0000] {logging_mixin.py:188} INFO - [2024-07-26T13:42:51.139+0000] {dag.py:3947} INFO - Setting next_dagrun for example_display_name to None, run_after=None
[2024-07-26T13:42:51.155+0000] {processor.py:183} INFO - Processing /home/airflow/.local/lib/python3.12/site-packages/airflow/example_dags/example_display_name.py took 0.046 seconds
[2024-07-26T13:43:21.750+0000] {processor.py:161} INFO - Started process (PID=566) to work on /home/airflow/.local/lib/python3.12/site-packages/airflow/example_dags/example_display_name.py
[2024-07-26T13:43:21.750+0000] {processor.py:830} INFO - Processing file /home/airflow/.local/lib/python3.12/site-packages/airflow/example_dags/example_display_name.py for tasks to queue
[2024-07-26T13:43:21.751+0000] {logging_mixin.py:188} INFO - [2024-07-26T13:43:21.751+0000] {dagbag.py:545} INFO - Filling up the DagBag from /home/airflow/.local/lib/python3.12/site-packages/airflow/example_dags/example_display_name.py
[2024-07-26T13:43:21.754+0000] {processor.py:840} INFO - DAG(s) 'example_display_name' retrieved from /home/airflow/.local/lib/python3.12/site-packages/airflow/example_dags/example_display_name.py
[2024-07-26T13:43:21.762+0000] {logging_mixin.py:188} INFO - [2024-07-26T13:43:21.762+0000] {dag.py:3089} INFO - Sync 1 DAGs
[2024-07-26T13:43:21.768+0000] {logging_mixin.py:188} INFO - [2024-07-26T13:43:21.767+0000] {dag.py:3947} INFO - Setting next_dagrun for example_display_name to None, run_after=None
[2024-07-26T13:43:21.775+0000] {processor.py:183} INFO - Processing /home/airflow/.local/lib/python3.12/site-packages/airflow/example_dags/example_display_name.py took 0.028 seconds
