[2024-07-26T13:39:50.158+0000] {processor.py:161} INFO - Started process (PID=121) to work on /home/airflow/.local/lib/python3.12/site-packages/airflow/example_dags/example_nested_branch_dag.py
[2024-07-26T13:39:50.159+0000] {processor.py:830} INFO - Processing file /home/airflow/.local/lib/python3.12/site-packages/airflow/example_dags/example_nested_branch_dag.py for tasks to queue
[2024-07-26T13:39:50.161+0000] {logging_mixin.py:188} INFO - [2024-07-26T13:39:50.161+0000] {dagbag.py:545} INFO - Filling up the DagBag from /home/airflow/.local/lib/python3.12/site-packages/airflow/example_dags/example_nested_branch_dag.py
[2024-07-26T13:39:50.168+0000] {processor.py:840} INFO - DAG(s) 'example_nested_branch_dag' retrieved from /home/airflow/.local/lib/python3.12/site-packages/airflow/example_dags/example_nested_branch_dag.py
[2024-07-26T13:39:50.181+0000] {logging_mixin.py:188} INFO - [2024-07-26T13:39:50.181+0000] {dag.py:3089} INFO - Sync 1 DAGs
[2024-07-26T13:39:50.193+0000] {logging_mixin.py:188} INFO - [2024-07-26T13:39:50.193+0000] {dag.py:3947} INFO - Setting next_dagrun for example_nested_branch_dag to 2024-07-25 00:00:00+00:00, run_after=2024-07-26 00:00:00+00:00
[2024-07-26T13:39:50.208+0000] {processor.py:183} INFO - Processing /home/airflow/.local/lib/python3.12/site-packages/airflow/example_dags/example_nested_branch_dag.py took 0.054 seconds
[2024-07-26T13:40:20.911+0000] {processor.py:161} INFO - Started process (PID=180) to work on /home/airflow/.local/lib/python3.12/site-packages/airflow/example_dags/example_nested_branch_dag.py
[2024-07-26T13:40:20.912+0000] {processor.py:830} INFO - Processing file /home/airflow/.local/lib/python3.12/site-packages/airflow/example_dags/example_nested_branch_dag.py for tasks to queue
[2024-07-26T13:40:20.912+0000] {logging_mixin.py:188} INFO - [2024-07-26T13:40:20.912+0000] {dagbag.py:545} INFO - Filling up the DagBag from /home/airflow/.local/lib/python3.12/site-packages/airflow/example_dags/example_nested_branch_dag.py
[2024-07-26T13:40:20.916+0000] {processor.py:840} INFO - DAG(s) 'example_nested_branch_dag' retrieved from /home/airflow/.local/lib/python3.12/site-packages/airflow/example_dags/example_nested_branch_dag.py
[2024-07-26T13:40:20.925+0000] {logging_mixin.py:188} INFO - [2024-07-26T13:40:20.924+0000] {dag.py:3089} INFO - Sync 1 DAGs
[2024-07-26T13:40:20.933+0000] {logging_mixin.py:188} INFO - [2024-07-26T13:40:20.933+0000] {dag.py:3947} INFO - Setting next_dagrun for example_nested_branch_dag to 2024-07-25 00:00:00+00:00, run_after=2024-07-26 00:00:00+00:00
[2024-07-26T13:40:20.939+0000] {processor.py:183} INFO - Processing /home/airflow/.local/lib/python3.12/site-packages/airflow/example_dags/example_nested_branch_dag.py took 0.030 seconds
[2024-07-26T13:40:51.602+0000] {processor.py:161} INFO - Started process (PID=248) to work on /home/airflow/.local/lib/python3.12/site-packages/airflow/example_dags/example_nested_branch_dag.py
[2024-07-26T13:40:51.603+0000] {processor.py:830} INFO - Processing file /home/airflow/.local/lib/python3.12/site-packages/airflow/example_dags/example_nested_branch_dag.py for tasks to queue
[2024-07-26T13:40:51.604+0000] {logging_mixin.py:188} INFO - [2024-07-26T13:40:51.603+0000] {dagbag.py:545} INFO - Filling up the DagBag from /home/airflow/.local/lib/python3.12/site-packages/airflow/example_dags/example_nested_branch_dag.py
[2024-07-26T13:40:51.607+0000] {processor.py:840} INFO - DAG(s) 'example_nested_branch_dag' retrieved from /home/airflow/.local/lib/python3.12/site-packages/airflow/example_dags/example_nested_branch_dag.py
[2024-07-26T13:40:51.615+0000] {logging_mixin.py:188} INFO - [2024-07-26T13:40:51.615+0000] {dag.py:3089} INFO - Sync 1 DAGs
[2024-07-26T13:40:51.623+0000] {logging_mixin.py:188} INFO - [2024-07-26T13:40:51.623+0000] {dag.py:3947} INFO - Setting next_dagrun for example_nested_branch_dag to 2024-07-25 00:00:00+00:00, run_after=2024-07-26 00:00:00+00:00
[2024-07-26T13:40:51.629+0000] {processor.py:183} INFO - Processing /home/airflow/.local/lib/python3.12/site-packages/airflow/example_dags/example_nested_branch_dag.py took 0.029 seconds
[2024-07-26T13:41:22.101+0000] {processor.py:161} INFO - Started process (PID=316) to work on /home/airflow/.local/lib/python3.12/site-packages/airflow/example_dags/example_nested_branch_dag.py
[2024-07-26T13:41:22.101+0000] {processor.py:830} INFO - Processing file /home/airflow/.local/lib/python3.12/site-packages/airflow/example_dags/example_nested_branch_dag.py for tasks to queue
[2024-07-26T13:41:22.102+0000] {logging_mixin.py:188} INFO - [2024-07-26T13:41:22.102+0000] {dagbag.py:545} INFO - Filling up the DagBag from /home/airflow/.local/lib/python3.12/site-packages/airflow/example_dags/example_nested_branch_dag.py
[2024-07-26T13:41:22.106+0000] {processor.py:840} INFO - DAG(s) 'example_nested_branch_dag' retrieved from /home/airflow/.local/lib/python3.12/site-packages/airflow/example_dags/example_nested_branch_dag.py
[2024-07-26T13:41:22.114+0000] {logging_mixin.py:188} INFO - [2024-07-26T13:41:22.114+0000] {dag.py:3089} INFO - Sync 1 DAGs
[2024-07-26T13:41:22.122+0000] {logging_mixin.py:188} INFO - [2024-07-26T13:41:22.122+0000] {dag.py:3947} INFO - Setting next_dagrun for example_nested_branch_dag to 2024-07-25 00:00:00+00:00, run_after=2024-07-26 00:00:00+00:00
[2024-07-26T13:41:22.128+0000] {processor.py:183} INFO - Processing /home/airflow/.local/lib/python3.12/site-packages/airflow/example_dags/example_nested_branch_dag.py took 0.030 seconds
[2024-07-26T13:41:53.292+0000] {processor.py:161} INFO - Started process (PID=384) to work on /home/airflow/.local/lib/python3.12/site-packages/airflow/example_dags/example_nested_branch_dag.py
[2024-07-26T13:41:53.292+0000] {processor.py:830} INFO - Processing file /home/airflow/.local/lib/python3.12/site-packages/airflow/example_dags/example_nested_branch_dag.py for tasks to queue
[2024-07-26T13:41:53.293+0000] {logging_mixin.py:188} INFO - [2024-07-26T13:41:53.293+0000] {dagbag.py:545} INFO - Filling up the DagBag from /home/airflow/.local/lib/python3.12/site-packages/airflow/example_dags/example_nested_branch_dag.py
[2024-07-26T13:41:53.298+0000] {processor.py:840} INFO - DAG(s) 'example_nested_branch_dag' retrieved from /home/airflow/.local/lib/python3.12/site-packages/airflow/example_dags/example_nested_branch_dag.py
[2024-07-26T13:41:53.309+0000] {logging_mixin.py:188} INFO - [2024-07-26T13:41:53.309+0000] {dag.py:3089} INFO - Sync 1 DAGs
[2024-07-26T13:41:53.412+0000] {logging_mixin.py:188} INFO - [2024-07-26T13:41:53.412+0000] {dag.py:3947} INFO - Setting next_dagrun for example_nested_branch_dag to 2024-07-25 00:00:00+00:00, run_after=2024-07-26 00:00:00+00:00
[2024-07-26T13:41:53.419+0000] {processor.py:183} INFO - Processing /home/airflow/.local/lib/python3.12/site-packages/airflow/example_dags/example_nested_branch_dag.py took 0.130 seconds
[2024-07-26T13:42:23.482+0000] {processor.py:161} INFO - Started process (PID=453) to work on /home/airflow/.local/lib/python3.12/site-packages/airflow/example_dags/example_nested_branch_dag.py
[2024-07-26T13:42:23.482+0000] {processor.py:830} INFO - Processing file /home/airflow/.local/lib/python3.12/site-packages/airflow/example_dags/example_nested_branch_dag.py for tasks to queue
[2024-07-26T13:42:23.483+0000] {logging_mixin.py:188} INFO - [2024-07-26T13:42:23.483+0000] {dagbag.py:545} INFO - Filling up the DagBag from /home/airflow/.local/lib/python3.12/site-packages/airflow/example_dags/example_nested_branch_dag.py
[2024-07-26T13:42:23.487+0000] {processor.py:840} INFO - DAG(s) 'example_nested_branch_dag' retrieved from /home/airflow/.local/lib/python3.12/site-packages/airflow/example_dags/example_nested_branch_dag.py
[2024-07-26T13:42:23.496+0000] {logging_mixin.py:188} INFO - [2024-07-26T13:42:23.496+0000] {dag.py:3089} INFO - Sync 1 DAGs
[2024-07-26T13:42:23.592+0000] {logging_mixin.py:188} INFO - [2024-07-26T13:42:23.592+0000] {dag.py:3947} INFO - Setting next_dagrun for example_nested_branch_dag to 2024-07-25 00:00:00+00:00, run_after=2024-07-26 00:00:00+00:00
[2024-07-26T13:42:23.599+0000] {processor.py:183} INFO - Processing /home/airflow/.local/lib/python3.12/site-packages/airflow/example_dags/example_nested_branch_dag.py took 0.119 seconds
[2024-07-26T13:42:54.250+0000] {processor.py:161} INFO - Started process (PID=522) to work on /home/airflow/.local/lib/python3.12/site-packages/airflow/example_dags/example_nested_branch_dag.py
[2024-07-26T13:42:54.250+0000] {processor.py:830} INFO - Processing file /home/airflow/.local/lib/python3.12/site-packages/airflow/example_dags/example_nested_branch_dag.py for tasks to queue
[2024-07-26T13:42:54.251+0000] {logging_mixin.py:188} INFO - [2024-07-26T13:42:54.251+0000] {dagbag.py:545} INFO - Filling up the DagBag from /home/airflow/.local/lib/python3.12/site-packages/airflow/example_dags/example_nested_branch_dag.py
[2024-07-26T13:42:54.255+0000] {processor.py:840} INFO - DAG(s) 'example_nested_branch_dag' retrieved from /home/airflow/.local/lib/python3.12/site-packages/airflow/example_dags/example_nested_branch_dag.py
[2024-07-26T13:42:54.263+0000] {logging_mixin.py:188} INFO - [2024-07-26T13:42:54.263+0000] {dag.py:3089} INFO - Sync 1 DAGs
[2024-07-26T13:42:54.271+0000] {logging_mixin.py:188} INFO - [2024-07-26T13:42:54.271+0000] {dag.py:3947} INFO - Setting next_dagrun for example_nested_branch_dag to 2024-07-25 00:00:00+00:00, run_after=2024-07-26 00:00:00+00:00
[2024-07-26T13:42:54.341+0000] {processor.py:183} INFO - Processing /home/airflow/.local/lib/python3.12/site-packages/airflow/example_dags/example_nested_branch_dag.py took 0.093 seconds
[2024-07-26T13:43:24.379+0000] {processor.py:161} INFO - Started process (PID=591) to work on /home/airflow/.local/lib/python3.12/site-packages/airflow/example_dags/example_nested_branch_dag.py
[2024-07-26T13:43:24.379+0000] {processor.py:830} INFO - Processing file /home/airflow/.local/lib/python3.12/site-packages/airflow/example_dags/example_nested_branch_dag.py for tasks to queue
[2024-07-26T13:43:24.381+0000] {logging_mixin.py:188} INFO - [2024-07-26T13:43:24.380+0000] {dagbag.py:545} INFO - Filling up the DagBag from /home/airflow/.local/lib/python3.12/site-packages/airflow/example_dags/example_nested_branch_dag.py
[2024-07-26T13:43:24.385+0000] {processor.py:840} INFO - DAG(s) 'example_nested_branch_dag' retrieved from /home/airflow/.local/lib/python3.12/site-packages/airflow/example_dags/example_nested_branch_dag.py
[2024-07-26T13:43:24.394+0000] {logging_mixin.py:188} INFO - [2024-07-26T13:43:24.394+0000] {dag.py:3089} INFO - Sync 1 DAGs
[2024-07-26T13:43:24.404+0000] {logging_mixin.py:188} INFO - [2024-07-26T13:43:24.404+0000] {dag.py:3947} INFO - Setting next_dagrun for example_nested_branch_dag to 2024-07-25 00:00:00+00:00, run_after=2024-07-26 00:00:00+00:00
[2024-07-26T13:43:24.412+0000] {processor.py:183} INFO - Processing /home/airflow/.local/lib/python3.12/site-packages/airflow/example_dags/example_nested_branch_dag.py took 0.036 seconds
