[2024-07-26T13:39:47.211+0000] {processor.py:161} INFO - Started process (PID=76) to work on /home/airflow/.local/lib/python3.12/site-packages/airflow/example_dags/example_task_group.py
[2024-07-26T13:39:47.212+0000] {processor.py:830} INFO - Processing file /home/airflow/.local/lib/python3.12/site-packages/airflow/example_dags/example_task_group.py for tasks to queue
[2024-07-26T13:39:47.214+0000] {logging_mixin.py:188} INFO - [2024-07-26T13:39:47.214+0000] {dagbag.py:545} INFO - Filling up the DagBag from /home/airflow/.local/lib/python3.12/site-packages/airflow/example_dags/example_task_group.py
[2024-07-26T13:39:47.223+0000] {processor.py:840} INFO - DAG(s) 'example_task_group' retrieved from /home/airflow/.local/lib/python3.12/site-packages/airflow/example_dags/example_task_group.py
[2024-07-26T13:39:47.245+0000] {logging_mixin.py:188} INFO - [2024-07-26T13:39:47.245+0000] {dag.py:3089} INFO - Sync 1 DAGs
[2024-07-26T13:39:47.300+0000] {logging_mixin.py:188} INFO - [2024-07-26T13:39:47.300+0000] {dag.py:3947} INFO - Setting next_dagrun for example_task_group to 2024-07-25 00:00:00+00:00, run_after=2024-07-26 00:00:00+00:00
[2024-07-26T13:39:47.330+0000] {processor.py:183} INFO - Processing /home/airflow/.local/lib/python3.12/site-packages/airflow/example_dags/example_task_group.py took 0.122 seconds
[2024-07-26T13:40:17.982+0000] {processor.py:161} INFO - Started process (PID=142) to work on /home/airflow/.local/lib/python3.12/site-packages/airflow/example_dags/example_task_group.py
[2024-07-26T13:40:17.983+0000] {processor.py:830} INFO - Processing file /home/airflow/.local/lib/python3.12/site-packages/airflow/example_dags/example_task_group.py for tasks to queue
[2024-07-26T13:40:17.984+0000] {logging_mixin.py:188} INFO - [2024-07-26T13:40:17.984+0000] {dagbag.py:545} INFO - Filling up the DagBag from /home/airflow/.local/lib/python3.12/site-packages/airflow/example_dags/example_task_group.py
[2024-07-26T13:40:17.987+0000] {processor.py:840} INFO - DAG(s) 'example_task_group' retrieved from /home/airflow/.local/lib/python3.12/site-packages/airflow/example_dags/example_task_group.py
[2024-07-26T13:40:17.996+0000] {logging_mixin.py:188} INFO - [2024-07-26T13:40:17.996+0000] {dag.py:3089} INFO - Sync 1 DAGs
[2024-07-26T13:40:18.005+0000] {logging_mixin.py:188} INFO - [2024-07-26T13:40:18.005+0000] {dag.py:3947} INFO - Setting next_dagrun for example_task_group to 2024-07-25 00:00:00+00:00, run_after=2024-07-26 00:00:00+00:00
[2024-07-26T13:40:18.011+0000] {processor.py:183} INFO - Processing /home/airflow/.local/lib/python3.12/site-packages/airflow/example_dags/example_task_group.py took 0.032 seconds
[2024-07-26T13:40:48.693+0000] {processor.py:161} INFO - Started process (PID=210) to work on /home/airflow/.local/lib/python3.12/site-packages/airflow/example_dags/example_task_group.py
[2024-07-26T13:40:48.694+0000] {processor.py:830} INFO - Processing file /home/airflow/.local/lib/python3.12/site-packages/airflow/example_dags/example_task_group.py for tasks to queue
[2024-07-26T13:40:48.695+0000] {logging_mixin.py:188} INFO - [2024-07-26T13:40:48.694+0000] {dagbag.py:545} INFO - Filling up the DagBag from /home/airflow/.local/lib/python3.12/site-packages/airflow/example_dags/example_task_group.py
[2024-07-26T13:40:48.698+0000] {processor.py:840} INFO - DAG(s) 'example_task_group' retrieved from /home/airflow/.local/lib/python3.12/site-packages/airflow/example_dags/example_task_group.py
[2024-07-26T13:40:48.707+0000] {logging_mixin.py:188} INFO - [2024-07-26T13:40:48.707+0000] {dag.py:3089} INFO - Sync 1 DAGs
[2024-07-26T13:40:48.715+0000] {logging_mixin.py:188} INFO - [2024-07-26T13:40:48.715+0000] {dag.py:3947} INFO - Setting next_dagrun for example_task_group to 2024-07-25 00:00:00+00:00, run_after=2024-07-26 00:00:00+00:00
[2024-07-26T13:40:48.723+0000] {processor.py:183} INFO - Processing /home/airflow/.local/lib/python3.12/site-packages/airflow/example_dags/example_task_group.py took 0.032 seconds
[2024-07-26T13:41:19.187+0000] {processor.py:161} INFO - Started process (PID=278) to work on /home/airflow/.local/lib/python3.12/site-packages/airflow/example_dags/example_task_group.py
[2024-07-26T13:41:19.188+0000] {processor.py:830} INFO - Processing file /home/airflow/.local/lib/python3.12/site-packages/airflow/example_dags/example_task_group.py for tasks to queue
[2024-07-26T13:41:19.189+0000] {logging_mixin.py:188} INFO - [2024-07-26T13:41:19.189+0000] {dagbag.py:545} INFO - Filling up the DagBag from /home/airflow/.local/lib/python3.12/site-packages/airflow/example_dags/example_task_group.py
[2024-07-26T13:41:19.192+0000] {processor.py:840} INFO - DAG(s) 'example_task_group' retrieved from /home/airflow/.local/lib/python3.12/site-packages/airflow/example_dags/example_task_group.py
[2024-07-26T13:41:19.201+0000] {logging_mixin.py:188} INFO - [2024-07-26T13:41:19.201+0000] {dag.py:3089} INFO - Sync 1 DAGs
[2024-07-26T13:41:19.210+0000] {logging_mixin.py:188} INFO - [2024-07-26T13:41:19.210+0000] {dag.py:3947} INFO - Setting next_dagrun for example_task_group to 2024-07-25 00:00:00+00:00, run_after=2024-07-26 00:00:00+00:00
[2024-07-26T13:41:19.217+0000] {processor.py:183} INFO - Processing /home/airflow/.local/lib/python3.12/site-packages/airflow/example_dags/example_task_group.py took 0.032 seconds
[2024-07-26T13:41:49.305+0000] {processor.py:161} INFO - Started process (PID=346) to work on /home/airflow/.local/lib/python3.12/site-packages/airflow/example_dags/example_task_group.py
[2024-07-26T13:41:49.306+0000] {processor.py:830} INFO - Processing file /home/airflow/.local/lib/python3.12/site-packages/airflow/example_dags/example_task_group.py for tasks to queue
[2024-07-26T13:41:49.307+0000] {logging_mixin.py:188} INFO - [2024-07-26T13:41:49.306+0000] {dagbag.py:545} INFO - Filling up the DagBag from /home/airflow/.local/lib/python3.12/site-packages/airflow/example_dags/example_task_group.py
[2024-07-26T13:41:49.310+0000] {processor.py:840} INFO - DAG(s) 'example_task_group' retrieved from /home/airflow/.local/lib/python3.12/site-packages/airflow/example_dags/example_task_group.py
[2024-07-26T13:41:49.319+0000] {logging_mixin.py:188} INFO - [2024-07-26T13:41:49.319+0000] {dag.py:3089} INFO - Sync 1 DAGs
[2024-07-26T13:41:49.327+0000] {logging_mixin.py:188} INFO - [2024-07-26T13:41:49.327+0000] {dag.py:3947} INFO - Setting next_dagrun for example_task_group to 2024-07-25 00:00:00+00:00, run_after=2024-07-26 00:00:00+00:00
[2024-07-26T13:41:49.334+0000] {processor.py:183} INFO - Processing /home/airflow/.local/lib/python3.12/site-packages/airflow/example_dags/example_task_group.py took 0.031 seconds
[2024-07-26T13:42:19.570+0000] {processor.py:161} INFO - Started process (PID=415) to work on /home/airflow/.local/lib/python3.12/site-packages/airflow/example_dags/example_task_group.py
[2024-07-26T13:42:19.570+0000] {processor.py:830} INFO - Processing file /home/airflow/.local/lib/python3.12/site-packages/airflow/example_dags/example_task_group.py for tasks to queue
[2024-07-26T13:42:19.571+0000] {logging_mixin.py:188} INFO - [2024-07-26T13:42:19.571+0000] {dagbag.py:545} INFO - Filling up the DagBag from /home/airflow/.local/lib/python3.12/site-packages/airflow/example_dags/example_task_group.py
[2024-07-26T13:42:19.575+0000] {processor.py:840} INFO - DAG(s) 'example_task_group' retrieved from /home/airflow/.local/lib/python3.12/site-packages/airflow/example_dags/example_task_group.py
[2024-07-26T13:42:19.584+0000] {logging_mixin.py:188} INFO - [2024-07-26T13:42:19.584+0000] {dag.py:3089} INFO - Sync 1 DAGs
[2024-07-26T13:42:19.594+0000] {logging_mixin.py:188} INFO - [2024-07-26T13:42:19.594+0000] {dag.py:3947} INFO - Setting next_dagrun for example_task_group to 2024-07-25 00:00:00+00:00, run_after=2024-07-26 00:00:00+00:00
[2024-07-26T13:42:19.601+0000] {processor.py:183} INFO - Processing /home/airflow/.local/lib/python3.12/site-packages/airflow/example_dags/example_task_group.py took 0.034 seconds
[2024-07-26T13:42:49.807+0000] {processor.py:161} INFO - Started process (PID=484) to work on /home/airflow/.local/lib/python3.12/site-packages/airflow/example_dags/example_task_group.py
[2024-07-26T13:42:49.808+0000] {processor.py:830} INFO - Processing file /home/airflow/.local/lib/python3.12/site-packages/airflow/example_dags/example_task_group.py for tasks to queue
[2024-07-26T13:42:49.809+0000] {logging_mixin.py:188} INFO - [2024-07-26T13:42:49.809+0000] {dagbag.py:545} INFO - Filling up the DagBag from /home/airflow/.local/lib/python3.12/site-packages/airflow/example_dags/example_task_group.py
[2024-07-26T13:42:49.812+0000] {processor.py:840} INFO - DAG(s) 'example_task_group' retrieved from /home/airflow/.local/lib/python3.12/site-packages/airflow/example_dags/example_task_group.py
[2024-07-26T13:42:49.821+0000] {logging_mixin.py:188} INFO - [2024-07-26T13:42:49.821+0000] {dag.py:3089} INFO - Sync 1 DAGs
[2024-07-26T13:42:49.830+0000] {logging_mixin.py:188} INFO - [2024-07-26T13:42:49.830+0000] {dag.py:3947} INFO - Setting next_dagrun for example_task_group to 2024-07-25 00:00:00+00:00, run_after=2024-07-26 00:00:00+00:00
[2024-07-26T13:42:49.837+0000] {processor.py:183} INFO - Processing /home/airflow/.local/lib/python3.12/site-packages/airflow/example_dags/example_task_group.py took 0.033 seconds
[2024-07-26T13:43:20.441+0000] {processor.py:161} INFO - Started process (PID=553) to work on /home/airflow/.local/lib/python3.12/site-packages/airflow/example_dags/example_task_group.py
[2024-07-26T13:43:20.441+0000] {processor.py:830} INFO - Processing file /home/airflow/.local/lib/python3.12/site-packages/airflow/example_dags/example_task_group.py for tasks to queue
[2024-07-26T13:43:20.442+0000] {logging_mixin.py:188} INFO - [2024-07-26T13:43:20.442+0000] {dagbag.py:545} INFO - Filling up the DagBag from /home/airflow/.local/lib/python3.12/site-packages/airflow/example_dags/example_task_group.py
[2024-07-26T13:43:20.446+0000] {processor.py:840} INFO - DAG(s) 'example_task_group' retrieved from /home/airflow/.local/lib/python3.12/site-packages/airflow/example_dags/example_task_group.py
[2024-07-26T13:43:20.456+0000] {logging_mixin.py:188} INFO - [2024-07-26T13:43:20.455+0000] {dag.py:3089} INFO - Sync 1 DAGs
[2024-07-26T13:43:20.467+0000] {logging_mixin.py:188} INFO - [2024-07-26T13:43:20.466+0000] {dag.py:3947} INFO - Setting next_dagrun for example_task_group to 2024-07-25 00:00:00+00:00, run_after=2024-07-26 00:00:00+00:00
[2024-07-26T13:43:20.475+0000] {processor.py:183} INFO - Processing /home/airflow/.local/lib/python3.12/site-packages/airflow/example_dags/example_task_group.py took 0.037 seconds
