[2024-07-22T09:13:35.727+0000] {local_task_job_runner.py:120} INFO - ::group::Pre task execution logs
[2024-07-22T09:13:35.737+0000] {taskinstance.py:2076} INFO - Dependencies all met for dep_context=non-requeueable deps ti=<TaskInstance: dag_with_postgres_hooks.plot manual__2024-07-22T09:13:16.271276+00:00 [queued]>
[2024-07-22T09:13:35.741+0000] {taskinstance.py:2076} INFO - Dependencies all met for dep_context=requeueable deps ti=<TaskInstance: dag_with_postgres_hooks.plot manual__2024-07-22T09:13:16.271276+00:00 [queued]>
[2024-07-22T09:13:35.741+0000] {taskinstance.py:2306} INFO - Starting attempt 1 of 1
[2024-07-22T09:13:35.746+0000] {taskinstance.py:2330} INFO - Executing <Task(PythonOperator): plot> on 2024-07-22 09:13:16.271276+00:00
[2024-07-22T09:13:35.751+0000] {warnings.py:112} WARNING - /home/***/.local/lib/python3.12/site-packages/***/task/task_runner/standard_task_runner.py:62: DeprecationWarning: This process (pid=5898) is multi-threaded, use of fork() may lead to deadlocks in the child.
  pid = os.fork()

[2024-07-22T09:13:35.752+0000] {standard_task_runner.py:64} INFO - Started process 5909 to run task
[2024-07-22T09:13:35.753+0000] {standard_task_runner.py:90} INFO - Running: ['***', 'tasks', 'run', 'dag_with_postgres_hooks', 'plot', 'manual__2024-07-22T09:13:16.271276+00:00', '--job-id', '551', '--raw', '--subdir', 'DAGS_FOLDER/Stock_pred.py', '--cfg-path', '/tmp/tmpsjwdq6b0']
[2024-07-22T09:13:35.753+0000] {standard_task_runner.py:91} INFO - Job 551: Subtask plot
[2024-07-22T09:13:35.773+0000] {task_command.py:426} INFO - Running <TaskInstance: dag_with_postgres_hooks.plot manual__2024-07-22T09:13:16.271276+00:00 [running]> on host d89911194c67
[2024-07-22T09:13:35.807+0000] {taskinstance.py:2648} INFO - Exporting env vars: AIRFLOW_CTX_DAG_EMAIL='***@example.com' AIRFLOW_CTX_DAG_OWNER='***' AIRFLOW_CTX_DAG_ID='dag_with_postgres_hooks' AIRFLOW_CTX_TASK_ID='plot' AIRFLOW_CTX_EXECUTION_DATE='2024-07-22T09:13:16.271276+00:00' AIRFLOW_CTX_TRY_NUMBER='1' AIRFLOW_CTX_DAG_RUN_ID='manual__2024-07-22T09:13:16.271276+00:00'
[2024-07-22T09:13:35.807+0000] {taskinstance.py:430} INFO - ::endgroup::
[2024-07-22T09:13:35.831+0000] {logging_mixin.py:188} INFO -            DATE    CLOSE  CLOSE_diff1
0    2020-07-17   8570.0          NaN
1    2020-07-20   8466.0       -104.0
2    2020-07-21   8501.0         35.0
3    2020-07-22   8432.0        -69.0
4    2020-07-23   8363.0        -69.0
..          ...      ...          ...
445  2024-07-16  24100.0        150.0
446  2024-07-17  24500.0        400.0
447  2024-07-18  24800.0        300.0
448  2024-07-19  25100.0        300.0
449  2024-07-22  24750.0       -350.0

[450 rows x 3 columns]
[2024-07-22T09:13:35.842+0000] {warnings.py:112} WARNING - /opt/***/dags/Stock_pred.py:308: UserWarning: Parsing dates in %d/%m/%Y format when dayfirst=False (the default) was specified. Pass `dayfirst=True` or specify a format to silence this warning.
  date_after = pd.to_datetime(date) + timedelta(days=1)

[2024-07-22T09:13:35.845+0000] {warnings.py:112} WARNING - /opt/***/dags/Stock_pred.py:310: UserWarning: Parsing dates in %d/%m/%Y format when dayfirst=False (the default) was specified. Pass `dayfirst=True` or specify a format to silence this warning.
  df_ts_pred.index = pd.to_datetime(df_ts_pred.index).date

[2024-07-22T09:13:35.848+0000] {logging_mixin.py:188} INFO -        CLOSE        DATE
0     8570.0  2020-07-17
1     8466.0  2020-07-20
2     8501.0  2020-07-21
3     8432.0  2020-07-22
4     8363.0  2020-07-23
..       ...         ...
445  24100.0  2024-07-16
446  24500.0  2024-07-17
447  24800.0  2024-07-18
448  25100.0  2024-07-19
449  24750.0  2024-07-22

[450 rows x 2 columns]
[2024-07-22T09:13:35.849+0000] {logging_mixin.py:188} INFO -      pred_index        date
0  24750.000000  2024-07-22
1  24772.589844  2024-07-23
[2024-07-22T09:13:36.017+0000] {python.py:237} INFO - Done. Returned value was: None
[2024-07-22T09:13:36.017+0000] {taskinstance.py:441} INFO - ::group::Post task execution logs
[2024-07-22T09:13:36.021+0000] {taskinstance.py:1206} INFO - Marking task as SUCCESS. dag_id=dag_with_postgres_hooks, task_id=plot, run_id=manual__2024-07-22T09:13:16.271276+00:00, execution_date=20240722T091316, start_date=20240722T091335, end_date=20240722T091336
[2024-07-22T09:13:36.056+0000] {local_task_job_runner.py:243} INFO - Task exited with return code 0
[2024-07-22T09:13:36.066+0000] {taskinstance.py:3503} INFO - 0 downstream tasks scheduled from follow-on schedule check
[2024-07-22T09:13:36.066+0000] {local_task_job_runner.py:222} INFO - ::endgroup::
