[2025-03-05T23:52:43.599+0000] {processor.py:161} INFO - Started process (PID=106) to work on /home/airflow/.local/lib/python3.12/site-packages/airflow/example_dags/example_bash_decorator.py
[2025-03-05T23:52:43.601+0000] {processor.py:830} INFO - Processing file /home/airflow/.local/lib/python3.12/site-packages/airflow/example_dags/example_bash_decorator.py for tasks to queue
[2025-03-05T23:52:43.618+0000] {logging_mixin.py:188} INFO - [2025-03-05T23:52:43.612+0000] {dagbag.py:545} INFO - Filling up the DagBag from /home/airflow/.local/lib/python3.12/site-packages/airflow/example_dags/example_bash_decorator.py
[2025-03-05T23:52:43.826+0000] {processor.py:840} INFO - DAG(s) 'example_bash_decorator' retrieved from /home/airflow/.local/lib/python3.12/site-packages/airflow/example_dags/example_bash_decorator.py
[2025-03-05T23:52:44.477+0000] {logging_mixin.py:188} INFO - [2025-03-05T23:52:44.477+0000] {dag.py:3089} INFO - Sync 1 DAGs
[2025-03-05T23:52:44.514+0000] {logging_mixin.py:188} INFO - [2025-03-05T23:52:44.513+0000] {dag.py:3947} INFO - Setting next_dagrun for example_bash_decorator to None, run_after=None
[2025-03-05T23:52:44.553+0000] {processor.py:183} INFO - Processing /home/airflow/.local/lib/python3.12/site-packages/airflow/example_dags/example_bash_decorator.py took 0.996 seconds
[2025-03-05T23:53:27.941+0000] {processor.py:161} INFO - Started process (PID=171) to work on /home/airflow/.local/lib/python3.12/site-packages/airflow/example_dags/example_bash_decorator.py
[2025-03-05T23:53:27.976+0000] {processor.py:830} INFO - Processing file /home/airflow/.local/lib/python3.12/site-packages/airflow/example_dags/example_bash_decorator.py for tasks to queue
[2025-03-05T23:53:27.989+0000] {logging_mixin.py:188} INFO - [2025-03-05T23:53:27.988+0000] {dagbag.py:545} INFO - Filling up the DagBag from /home/airflow/.local/lib/python3.12/site-packages/airflow/example_dags/example_bash_decorator.py
[2025-03-05T23:53:28.463+0000] {processor.py:840} INFO - DAG(s) 'example_bash_decorator' retrieved from /home/airflow/.local/lib/python3.12/site-packages/airflow/example_dags/example_bash_decorator.py
[2025-03-05T23:53:28.877+0000] {logging_mixin.py:188} INFO - [2025-03-05T23:53:28.876+0000] {dag.py:3089} INFO - Sync 1 DAGs
[2025-03-05T23:53:28.961+0000] {logging_mixin.py:188} INFO - [2025-03-05T23:53:28.957+0000] {dag.py:3947} INFO - Setting next_dagrun for example_bash_decorator to None, run_after=None
[2025-03-05T23:53:29.116+0000] {processor.py:183} INFO - Processing /home/airflow/.local/lib/python3.12/site-packages/airflow/example_dags/example_bash_decorator.py took 1.267 seconds
[2025-03-05T23:53:59.312+0000] {processor.py:161} INFO - Started process (PID=253) to work on /home/airflow/.local/lib/python3.12/site-packages/airflow/example_dags/example_bash_decorator.py
[2025-03-05T23:53:59.316+0000] {processor.py:830} INFO - Processing file /home/airflow/.local/lib/python3.12/site-packages/airflow/example_dags/example_bash_decorator.py for tasks to queue
[2025-03-05T23:53:59.318+0000] {logging_mixin.py:188} INFO - [2025-03-05T23:53:59.317+0000] {dagbag.py:545} INFO - Filling up the DagBag from /home/airflow/.local/lib/python3.12/site-packages/airflow/example_dags/example_bash_decorator.py
[2025-03-05T23:53:59.339+0000] {processor.py:840} INFO - DAG(s) 'example_bash_decorator' retrieved from /home/airflow/.local/lib/python3.12/site-packages/airflow/example_dags/example_bash_decorator.py
[2025-03-05T23:53:59.412+0000] {logging_mixin.py:188} INFO - [2025-03-05T23:53:59.412+0000] {dag.py:3089} INFO - Sync 1 DAGs
[2025-03-05T23:53:59.428+0000] {logging_mixin.py:188} INFO - [2025-03-05T23:53:59.427+0000] {dag.py:3947} INFO - Setting next_dagrun for example_bash_decorator to None, run_after=None
[2025-03-05T23:53:59.479+0000] {processor.py:183} INFO - Processing /home/airflow/.local/lib/python3.12/site-packages/airflow/example_dags/example_bash_decorator.py took 0.174 seconds
[2025-03-05T23:54:29.584+0000] {processor.py:161} INFO - Started process (PID=325) to work on /home/airflow/.local/lib/python3.12/site-packages/airflow/example_dags/example_bash_decorator.py
[2025-03-05T23:54:29.586+0000] {processor.py:830} INFO - Processing file /home/airflow/.local/lib/python3.12/site-packages/airflow/example_dags/example_bash_decorator.py for tasks to queue
[2025-03-05T23:54:29.587+0000] {logging_mixin.py:188} INFO - [2025-03-05T23:54:29.587+0000] {dagbag.py:545} INFO - Filling up the DagBag from /home/airflow/.local/lib/python3.12/site-packages/airflow/example_dags/example_bash_decorator.py
[2025-03-05T23:54:29.629+0000] {processor.py:840} INFO - DAG(s) 'example_bash_decorator' retrieved from /home/airflow/.local/lib/python3.12/site-packages/airflow/example_dags/example_bash_decorator.py
[2025-03-05T23:54:29.718+0000] {logging_mixin.py:188} INFO - [2025-03-05T23:54:29.718+0000] {dag.py:3089} INFO - Sync 1 DAGs
[2025-03-05T23:54:29.754+0000] {logging_mixin.py:188} INFO - [2025-03-05T23:54:29.753+0000] {dag.py:3947} INFO - Setting next_dagrun for example_bash_decorator to None, run_after=None
[2025-03-05T23:54:29.786+0000] {processor.py:183} INFO - Processing /home/airflow/.local/lib/python3.12/site-packages/airflow/example_dags/example_bash_decorator.py took 0.209 seconds
[2025-03-05T23:55:00.484+0000] {processor.py:161} INFO - Started process (PID=391) to work on /home/airflow/.local/lib/python3.12/site-packages/airflow/example_dags/example_bash_decorator.py
[2025-03-05T23:55:00.485+0000] {processor.py:830} INFO - Processing file /home/airflow/.local/lib/python3.12/site-packages/airflow/example_dags/example_bash_decorator.py for tasks to queue
[2025-03-05T23:55:00.487+0000] {logging_mixin.py:188} INFO - [2025-03-05T23:55:00.487+0000] {dagbag.py:545} INFO - Filling up the DagBag from /home/airflow/.local/lib/python3.12/site-packages/airflow/example_dags/example_bash_decorator.py
[2025-03-05T23:55:00.503+0000] {processor.py:840} INFO - DAG(s) 'example_bash_decorator' retrieved from /home/airflow/.local/lib/python3.12/site-packages/airflow/example_dags/example_bash_decorator.py
[2025-03-05T23:55:00.528+0000] {logging_mixin.py:188} INFO - [2025-03-05T23:55:00.528+0000] {dag.py:3089} INFO - Sync 1 DAGs
[2025-03-05T23:55:00.538+0000] {logging_mixin.py:188} INFO - [2025-03-05T23:55:00.538+0000] {dag.py:3947} INFO - Setting next_dagrun for example_bash_decorator to None, run_after=None
[2025-03-05T23:55:00.555+0000] {processor.py:183} INFO - Processing /home/airflow/.local/lib/python3.12/site-packages/airflow/example_dags/example_bash_decorator.py took 0.076 seconds
[2025-03-05T23:55:30.689+0000] {processor.py:161} INFO - Started process (PID=461) to work on /home/airflow/.local/lib/python3.12/site-packages/airflow/example_dags/example_bash_decorator.py
[2025-03-05T23:55:30.692+0000] {processor.py:830} INFO - Processing file /home/airflow/.local/lib/python3.12/site-packages/airflow/example_dags/example_bash_decorator.py for tasks to queue
[2025-03-05T23:55:30.699+0000] {logging_mixin.py:188} INFO - [2025-03-05T23:55:30.698+0000] {dagbag.py:545} INFO - Filling up the DagBag from /home/airflow/.local/lib/python3.12/site-packages/airflow/example_dags/example_bash_decorator.py
[2025-03-05T23:55:30.718+0000] {processor.py:840} INFO - DAG(s) 'example_bash_decorator' retrieved from /home/airflow/.local/lib/python3.12/site-packages/airflow/example_dags/example_bash_decorator.py
[2025-03-05T23:55:30.744+0000] {logging_mixin.py:188} INFO - [2025-03-05T23:55:30.744+0000] {dag.py:3089} INFO - Sync 1 DAGs
[2025-03-05T23:55:30.758+0000] {logging_mixin.py:188} INFO - [2025-03-05T23:55:30.758+0000] {dag.py:3947} INFO - Setting next_dagrun for example_bash_decorator to None, run_after=None
[2025-03-05T23:55:30.771+0000] {processor.py:183} INFO - Processing /home/airflow/.local/lib/python3.12/site-packages/airflow/example_dags/example_bash_decorator.py took 0.090 seconds
[2025-03-05T23:56:00.962+0000] {processor.py:161} INFO - Started process (PID=528) to work on /home/airflow/.local/lib/python3.12/site-packages/airflow/example_dags/example_bash_decorator.py
[2025-03-05T23:56:00.966+0000] {processor.py:830} INFO - Processing file /home/airflow/.local/lib/python3.12/site-packages/airflow/example_dags/example_bash_decorator.py for tasks to queue
[2025-03-05T23:56:00.971+0000] {logging_mixin.py:188} INFO - [2025-03-05T23:56:00.971+0000] {dagbag.py:545} INFO - Filling up the DagBag from /home/airflow/.local/lib/python3.12/site-packages/airflow/example_dags/example_bash_decorator.py
[2025-03-05T23:56:00.989+0000] {processor.py:840} INFO - DAG(s) 'example_bash_decorator' retrieved from /home/airflow/.local/lib/python3.12/site-packages/airflow/example_dags/example_bash_decorator.py
[2025-03-05T23:56:01.024+0000] {logging_mixin.py:188} INFO - [2025-03-05T23:56:01.023+0000] {dag.py:3089} INFO - Sync 1 DAGs
[2025-03-05T23:56:01.034+0000] {logging_mixin.py:188} INFO - [2025-03-05T23:56:01.033+0000] {dag.py:3947} INFO - Setting next_dagrun for example_bash_decorator to None, run_after=None
[2025-03-05T23:56:01.077+0000] {processor.py:183} INFO - Processing /home/airflow/.local/lib/python3.12/site-packages/airflow/example_dags/example_bash_decorator.py took 0.122 seconds
[2025-03-05T23:56:31.151+0000] {processor.py:161} INFO - Started process (PID=597) to work on /home/airflow/.local/lib/python3.12/site-packages/airflow/example_dags/example_bash_decorator.py
[2025-03-05T23:56:31.155+0000] {processor.py:830} INFO - Processing file /home/airflow/.local/lib/python3.12/site-packages/airflow/example_dags/example_bash_decorator.py for tasks to queue
[2025-03-05T23:56:31.159+0000] {logging_mixin.py:188} INFO - [2025-03-05T23:56:31.159+0000] {dagbag.py:545} INFO - Filling up the DagBag from /home/airflow/.local/lib/python3.12/site-packages/airflow/example_dags/example_bash_decorator.py
[2025-03-05T23:56:31.166+0000] {processor.py:840} INFO - DAG(s) 'example_bash_decorator' retrieved from /home/airflow/.local/lib/python3.12/site-packages/airflow/example_dags/example_bash_decorator.py
[2025-03-05T23:56:31.208+0000] {logging_mixin.py:188} INFO - [2025-03-05T23:56:31.208+0000] {dag.py:3089} INFO - Sync 1 DAGs
[2025-03-05T23:56:31.215+0000] {logging_mixin.py:188} INFO - [2025-03-05T23:56:31.215+0000] {dag.py:3947} INFO - Setting next_dagrun for example_bash_decorator to None, run_after=None
[2025-03-05T23:56:31.292+0000] {processor.py:183} INFO - Processing /home/airflow/.local/lib/python3.12/site-packages/airflow/example_dags/example_bash_decorator.py took 0.149 seconds
[2025-03-05T23:57:01.465+0000] {processor.py:161} INFO - Started process (PID=663) to work on /home/airflow/.local/lib/python3.12/site-packages/airflow/example_dags/example_bash_decorator.py
[2025-03-05T23:57:01.466+0000] {processor.py:830} INFO - Processing file /home/airflow/.local/lib/python3.12/site-packages/airflow/example_dags/example_bash_decorator.py for tasks to queue
[2025-03-05T23:57:01.466+0000] {logging_mixin.py:188} INFO - [2025-03-05T23:57:01.466+0000] {dagbag.py:545} INFO - Filling up the DagBag from /home/airflow/.local/lib/python3.12/site-packages/airflow/example_dags/example_bash_decorator.py
[2025-03-05T23:57:01.476+0000] {processor.py:840} INFO - DAG(s) 'example_bash_decorator' retrieved from /home/airflow/.local/lib/python3.12/site-packages/airflow/example_dags/example_bash_decorator.py
[2025-03-05T23:57:01.506+0000] {logging_mixin.py:188} INFO - [2025-03-05T23:57:01.505+0000] {dag.py:3089} INFO - Sync 1 DAGs
[2025-03-05T23:57:01.516+0000] {logging_mixin.py:188} INFO - [2025-03-05T23:57:01.516+0000] {dag.py:3947} INFO - Setting next_dagrun for example_bash_decorator to None, run_after=None
[2025-03-05T23:57:01.545+0000] {processor.py:183} INFO - Processing /home/airflow/.local/lib/python3.12/site-packages/airflow/example_dags/example_bash_decorator.py took 0.084 seconds
[2025-03-05T23:57:31.657+0000] {processor.py:161} INFO - Started process (PID=735) to work on /home/airflow/.local/lib/python3.12/site-packages/airflow/example_dags/example_bash_decorator.py
[2025-03-05T23:57:31.659+0000] {processor.py:830} INFO - Processing file /home/airflow/.local/lib/python3.12/site-packages/airflow/example_dags/example_bash_decorator.py for tasks to queue
[2025-03-05T23:57:31.663+0000] {logging_mixin.py:188} INFO - [2025-03-05T23:57:31.663+0000] {dagbag.py:545} INFO - Filling up the DagBag from /home/airflow/.local/lib/python3.12/site-packages/airflow/example_dags/example_bash_decorator.py
[2025-03-05T23:57:31.671+0000] {processor.py:840} INFO - DAG(s) 'example_bash_decorator' retrieved from /home/airflow/.local/lib/python3.12/site-packages/airflow/example_dags/example_bash_decorator.py
[2025-03-05T23:57:31.687+0000] {logging_mixin.py:188} INFO - [2025-03-05T23:57:31.687+0000] {dag.py:3089} INFO - Sync 1 DAGs
[2025-03-05T23:57:31.873+0000] {logging_mixin.py:188} INFO - [2025-03-05T23:57:31.873+0000] {dag.py:3947} INFO - Setting next_dagrun for example_bash_decorator to None, run_after=None
[2025-03-05T23:57:31.894+0000] {processor.py:183} INFO - Processing /home/airflow/.local/lib/python3.12/site-packages/airflow/example_dags/example_bash_decorator.py took 0.241 seconds
[2025-03-05T23:58:02.620+0000] {processor.py:161} INFO - Started process (PID=807) to work on /home/airflow/.local/lib/python3.12/site-packages/airflow/example_dags/example_bash_decorator.py
[2025-03-05T23:58:02.626+0000] {processor.py:830} INFO - Processing file /home/airflow/.local/lib/python3.12/site-packages/airflow/example_dags/example_bash_decorator.py for tasks to queue
[2025-03-05T23:58:02.631+0000] {logging_mixin.py:188} INFO - [2025-03-05T23:58:02.630+0000] {dagbag.py:545} INFO - Filling up the DagBag from /home/airflow/.local/lib/python3.12/site-packages/airflow/example_dags/example_bash_decorator.py
[2025-03-05T23:58:02.652+0000] {processor.py:840} INFO - DAG(s) 'example_bash_decorator' retrieved from /home/airflow/.local/lib/python3.12/site-packages/airflow/example_dags/example_bash_decorator.py
[2025-03-05T23:58:02.706+0000] {logging_mixin.py:188} INFO - [2025-03-05T23:58:02.706+0000] {dag.py:3089} INFO - Sync 1 DAGs
[2025-03-05T23:58:02.727+0000] {logging_mixin.py:188} INFO - [2025-03-05T23:58:02.726+0000] {dag.py:3947} INFO - Setting next_dagrun for example_bash_decorator to None, run_after=None
[2025-03-05T23:58:02.773+0000] {processor.py:183} INFO - Processing /home/airflow/.local/lib/python3.12/site-packages/airflow/example_dags/example_bash_decorator.py took 0.156 seconds
[2025-03-05T23:58:32.991+0000] {processor.py:161} INFO - Started process (PID=873) to work on /home/airflow/.local/lib/python3.12/site-packages/airflow/example_dags/example_bash_decorator.py
[2025-03-05T23:58:32.994+0000] {processor.py:830} INFO - Processing file /home/airflow/.local/lib/python3.12/site-packages/airflow/example_dags/example_bash_decorator.py for tasks to queue
[2025-03-05T23:58:32.995+0000] {logging_mixin.py:188} INFO - [2025-03-05T23:58:32.994+0000] {dagbag.py:545} INFO - Filling up the DagBag from /home/airflow/.local/lib/python3.12/site-packages/airflow/example_dags/example_bash_decorator.py
[2025-03-05T23:58:33.011+0000] {processor.py:840} INFO - DAG(s) 'example_bash_decorator' retrieved from /home/airflow/.local/lib/python3.12/site-packages/airflow/example_dags/example_bash_decorator.py
[2025-03-05T23:58:33.075+0000] {logging_mixin.py:188} INFO - [2025-03-05T23:58:33.075+0000] {dag.py:3089} INFO - Sync 1 DAGs
[2025-03-05T23:58:33.084+0000] {logging_mixin.py:188} INFO - [2025-03-05T23:58:33.084+0000] {dag.py:3947} INFO - Setting next_dagrun for example_bash_decorator to None, run_after=None
[2025-03-05T23:58:33.126+0000] {processor.py:183} INFO - Processing /home/airflow/.local/lib/python3.12/site-packages/airflow/example_dags/example_bash_decorator.py took 0.144 seconds
[2025-03-05T23:59:03.754+0000] {processor.py:161} INFO - Started process (PID=944) to work on /home/airflow/.local/lib/python3.12/site-packages/airflow/example_dags/example_bash_decorator.py
[2025-03-05T23:59:03.754+0000] {processor.py:830} INFO - Processing file /home/airflow/.local/lib/python3.12/site-packages/airflow/example_dags/example_bash_decorator.py for tasks to queue
[2025-03-05T23:59:03.756+0000] {logging_mixin.py:188} INFO - [2025-03-05T23:59:03.756+0000] {dagbag.py:545} INFO - Filling up the DagBag from /home/airflow/.local/lib/python3.12/site-packages/airflow/example_dags/example_bash_decorator.py
[2025-03-05T23:59:03.769+0000] {processor.py:840} INFO - DAG(s) 'example_bash_decorator' retrieved from /home/airflow/.local/lib/python3.12/site-packages/airflow/example_dags/example_bash_decorator.py
[2025-03-05T23:59:03.799+0000] {logging_mixin.py:188} INFO - [2025-03-05T23:59:03.799+0000] {dag.py:3089} INFO - Sync 1 DAGs
[2025-03-05T23:59:03.829+0000] {logging_mixin.py:188} INFO - [2025-03-05T23:59:03.829+0000] {dag.py:3947} INFO - Setting next_dagrun for example_bash_decorator to None, run_after=None
[2025-03-05T23:59:03.886+0000] {processor.py:183} INFO - Processing /home/airflow/.local/lib/python3.12/site-packages/airflow/example_dags/example_bash_decorator.py took 0.135 seconds
[2025-03-05T23:59:34.616+0000] {processor.py:161} INFO - Started process (PID=1013) to work on /home/airflow/.local/lib/python3.12/site-packages/airflow/example_dags/example_bash_decorator.py
[2025-03-05T23:59:34.620+0000] {processor.py:830} INFO - Processing file /home/airflow/.local/lib/python3.12/site-packages/airflow/example_dags/example_bash_decorator.py for tasks to queue
[2025-03-05T23:59:34.621+0000] {logging_mixin.py:188} INFO - [2025-03-05T23:59:34.621+0000] {dagbag.py:545} INFO - Filling up the DagBag from /home/airflow/.local/lib/python3.12/site-packages/airflow/example_dags/example_bash_decorator.py
[2025-03-05T23:59:34.631+0000] {processor.py:840} INFO - DAG(s) 'example_bash_decorator' retrieved from /home/airflow/.local/lib/python3.12/site-packages/airflow/example_dags/example_bash_decorator.py
[2025-03-05T23:59:34.693+0000] {logging_mixin.py:188} INFO - [2025-03-05T23:59:34.693+0000] {dag.py:3089} INFO - Sync 1 DAGs
[2025-03-05T23:59:34.715+0000] {logging_mixin.py:188} INFO - [2025-03-05T23:59:34.714+0000] {dag.py:3947} INFO - Setting next_dagrun for example_bash_decorator to None, run_after=None
[2025-03-05T23:59:34.756+0000] {processor.py:183} INFO - Processing /home/airflow/.local/lib/python3.12/site-packages/airflow/example_dags/example_bash_decorator.py took 0.145 seconds
