[2025-03-05T23:52:46.880+0000] {processor.py:161} INFO - Started process (PID=132) to work on /home/airflow/.local/lib/python3.12/site-packages/airflow/example_dags/example_branch_datetime_operator.py
[2025-03-05T23:52:46.882+0000] {processor.py:830} INFO - Processing file /home/airflow/.local/lib/python3.12/site-packages/airflow/example_dags/example_branch_datetime_operator.py for tasks to queue
[2025-03-05T23:52:46.883+0000] {logging_mixin.py:188} INFO - [2025-03-05T23:52:46.883+0000] {dagbag.py:545} INFO - Filling up the DagBag from /home/airflow/.local/lib/python3.12/site-packages/airflow/example_dags/example_branch_datetime_operator.py
[2025-03-05T23:52:46.894+0000] {processor.py:840} INFO - DAG(s) 'example_branch_datetime_operator_3', 'example_branch_datetime_operator', 'example_branch_datetime_operator_2' retrieved from /home/airflow/.local/lib/python3.12/site-packages/airflow/example_dags/example_branch_datetime_operator.py
[2025-03-05T23:52:46.941+0000] {logging_mixin.py:188} INFO - [2025-03-05T23:52:46.941+0000] {dag.py:3089} INFO - Sync 3 DAGs
[2025-03-05T23:52:46.985+0000] {logging_mixin.py:188} INFO - [2025-03-05T23:52:46.985+0000] {dag.py:3947} INFO - Setting next_dagrun for example_branch_datetime_operator to 2025-03-04 00:00:00+00:00, run_after=2025-03-05 00:00:00+00:00
[2025-03-05T23:52:47.004+0000] {logging_mixin.py:188} INFO - [2025-03-05T23:52:47.004+0000] {dag.py:3947} INFO - Setting next_dagrun for example_branch_datetime_operator_2 to 2025-03-04 00:00:00+00:00, run_after=2025-03-05 00:00:00+00:00
[2025-03-05T23:52:47.011+0000] {logging_mixin.py:188} INFO - [2025-03-05T23:52:47.011+0000] {dag.py:3947} INFO - Setting next_dagrun for example_branch_datetime_operator_3 to 2025-03-04 00:00:00+00:00, run_after=2025-03-05 00:00:00+00:00
[2025-03-05T23:52:47.047+0000] {processor.py:183} INFO - Processing /home/airflow/.local/lib/python3.12/site-packages/airflow/example_dags/example_branch_datetime_operator.py took 0.173 seconds
[2025-03-05T23:53:50.921+0000] {processor.py:161} INFO - Started process (PID=222) to work on /home/airflow/.local/lib/python3.12/site-packages/airflow/example_dags/example_branch_datetime_operator.py
[2025-03-05T23:53:50.922+0000] {processor.py:830} INFO - Processing file /home/airflow/.local/lib/python3.12/site-packages/airflow/example_dags/example_branch_datetime_operator.py for tasks to queue
[2025-03-05T23:53:50.923+0000] {logging_mixin.py:188} INFO - [2025-03-05T23:53:50.922+0000] {dagbag.py:545} INFO - Filling up the DagBag from /home/airflow/.local/lib/python3.12/site-packages/airflow/example_dags/example_branch_datetime_operator.py
[2025-03-05T23:53:50.930+0000] {processor.py:840} INFO - DAG(s) 'example_branch_datetime_operator_2', 'example_branch_datetime_operator_3', 'example_branch_datetime_operator' retrieved from /home/airflow/.local/lib/python3.12/site-packages/airflow/example_dags/example_branch_datetime_operator.py
[2025-03-05T23:53:50.973+0000] {logging_mixin.py:188} INFO - [2025-03-05T23:53:50.972+0000] {dag.py:3089} INFO - Sync 3 DAGs
[2025-03-05T23:53:51.000+0000] {logging_mixin.py:188} INFO - [2025-03-05T23:53:50.999+0000] {dag.py:3947} INFO - Setting next_dagrun for example_branch_datetime_operator to 2025-03-04 00:00:00+00:00, run_after=2025-03-05 00:00:00+00:00
[2025-03-05T23:53:51.008+0000] {logging_mixin.py:188} INFO - [2025-03-05T23:53:51.008+0000] {dag.py:3947} INFO - Setting next_dagrun for example_branch_datetime_operator_2 to 2025-03-04 00:00:00+00:00, run_after=2025-03-05 00:00:00+00:00
[2025-03-05T23:53:51.015+0000] {logging_mixin.py:188} INFO - [2025-03-05T23:53:51.015+0000] {dag.py:3947} INFO - Setting next_dagrun for example_branch_datetime_operator_3 to 2025-03-04 00:00:00+00:00, run_after=2025-03-05 00:00:00+00:00
[2025-03-05T23:53:51.039+0000] {processor.py:183} INFO - Processing /home/airflow/.local/lib/python3.12/site-packages/airflow/example_dags/example_branch_datetime_operator.py took 0.132 seconds
[2025-03-05T23:54:21.926+0000] {processor.py:161} INFO - Started process (PID=284) to work on /home/airflow/.local/lib/python3.12/site-packages/airflow/example_dags/example_branch_datetime_operator.py
[2025-03-05T23:54:21.931+0000] {processor.py:830} INFO - Processing file /home/airflow/.local/lib/python3.12/site-packages/airflow/example_dags/example_branch_datetime_operator.py for tasks to queue
[2025-03-05T23:54:21.933+0000] {logging_mixin.py:188} INFO - [2025-03-05T23:54:21.933+0000] {dagbag.py:545} INFO - Filling up the DagBag from /home/airflow/.local/lib/python3.12/site-packages/airflow/example_dags/example_branch_datetime_operator.py
[2025-03-05T23:54:21.952+0000] {processor.py:840} INFO - DAG(s) 'example_branch_datetime_operator_3', 'example_branch_datetime_operator', 'example_branch_datetime_operator_2' retrieved from /home/airflow/.local/lib/python3.12/site-packages/airflow/example_dags/example_branch_datetime_operator.py
[2025-03-05T23:54:22.015+0000] {logging_mixin.py:188} INFO - [2025-03-05T23:54:22.015+0000] {dag.py:3089} INFO - Sync 3 DAGs
[2025-03-05T23:54:22.062+0000] {logging_mixin.py:188} INFO - [2025-03-05T23:54:22.061+0000] {dag.py:3947} INFO - Setting next_dagrun for example_branch_datetime_operator to 2025-03-04 00:00:00+00:00, run_after=2025-03-05 00:00:00+00:00
[2025-03-05T23:54:22.069+0000] {logging_mixin.py:188} INFO - [2025-03-05T23:54:22.068+0000] {dag.py:3947} INFO - Setting next_dagrun for example_branch_datetime_operator_2 to 2025-03-04 00:00:00+00:00, run_after=2025-03-05 00:00:00+00:00
[2025-03-05T23:54:22.074+0000] {logging_mixin.py:188} INFO - [2025-03-05T23:54:22.073+0000] {dag.py:3947} INFO - Setting next_dagrun for example_branch_datetime_operator_3 to 2025-03-04 00:00:00+00:00, run_after=2025-03-05 00:00:00+00:00
[2025-03-05T23:54:22.132+0000] {processor.py:183} INFO - Processing /home/airflow/.local/lib/python3.12/site-packages/airflow/example_dags/example_branch_datetime_operator.py took 0.214 seconds
[2025-03-05T23:54:52.850+0000] {processor.py:161} INFO - Started process (PID=351) to work on /home/airflow/.local/lib/python3.12/site-packages/airflow/example_dags/example_branch_datetime_operator.py
[2025-03-05T23:54:52.851+0000] {processor.py:830} INFO - Processing file /home/airflow/.local/lib/python3.12/site-packages/airflow/example_dags/example_branch_datetime_operator.py for tasks to queue
[2025-03-05T23:54:52.854+0000] {logging_mixin.py:188} INFO - [2025-03-05T23:54:52.854+0000] {dagbag.py:545} INFO - Filling up the DagBag from /home/airflow/.local/lib/python3.12/site-packages/airflow/example_dags/example_branch_datetime_operator.py
[2025-03-05T23:54:52.870+0000] {processor.py:840} INFO - DAG(s) 'example_branch_datetime_operator_2', 'example_branch_datetime_operator', 'example_branch_datetime_operator_3' retrieved from /home/airflow/.local/lib/python3.12/site-packages/airflow/example_dags/example_branch_datetime_operator.py
[2025-03-05T23:54:52.909+0000] {logging_mixin.py:188} INFO - [2025-03-05T23:54:52.909+0000] {dag.py:3089} INFO - Sync 3 DAGs
[2025-03-05T23:54:52.936+0000] {logging_mixin.py:188} INFO - [2025-03-05T23:54:52.936+0000] {dag.py:3947} INFO - Setting next_dagrun for example_branch_datetime_operator to 2025-03-04 00:00:00+00:00, run_after=2025-03-05 00:00:00+00:00
[2025-03-05T23:54:52.941+0000] {logging_mixin.py:188} INFO - [2025-03-05T23:54:52.941+0000] {dag.py:3947} INFO - Setting next_dagrun for example_branch_datetime_operator_2 to 2025-03-04 00:00:00+00:00, run_after=2025-03-05 00:00:00+00:00
[2025-03-05T23:54:52.944+0000] {logging_mixin.py:188} INFO - [2025-03-05T23:54:52.944+0000] {dag.py:3947} INFO - Setting next_dagrun for example_branch_datetime_operator_3 to 2025-03-04 00:00:00+00:00, run_after=2025-03-05 00:00:00+00:00
[2025-03-05T23:54:52.959+0000] {processor.py:183} INFO - Processing /home/airflow/.local/lib/python3.12/site-packages/airflow/example_dags/example_branch_datetime_operator.py took 0.112 seconds
[2025-03-05T23:55:23.199+0000] {processor.py:161} INFO - Started process (PID=423) to work on /home/airflow/.local/lib/python3.12/site-packages/airflow/example_dags/example_branch_datetime_operator.py
[2025-03-05T23:55:23.201+0000] {processor.py:830} INFO - Processing file /home/airflow/.local/lib/python3.12/site-packages/airflow/example_dags/example_branch_datetime_operator.py for tasks to queue
[2025-03-05T23:55:23.201+0000] {logging_mixin.py:188} INFO - [2025-03-05T23:55:23.201+0000] {dagbag.py:545} INFO - Filling up the DagBag from /home/airflow/.local/lib/python3.12/site-packages/airflow/example_dags/example_branch_datetime_operator.py
[2025-03-05T23:55:23.211+0000] {processor.py:840} INFO - DAG(s) 'example_branch_datetime_operator_2', 'example_branch_datetime_operator', 'example_branch_datetime_operator_3' retrieved from /home/airflow/.local/lib/python3.12/site-packages/airflow/example_dags/example_branch_datetime_operator.py
[2025-03-05T23:55:23.249+0000] {logging_mixin.py:188} INFO - [2025-03-05T23:55:23.249+0000] {dag.py:3089} INFO - Sync 3 DAGs
[2025-03-05T23:55:23.270+0000] {logging_mixin.py:188} INFO - [2025-03-05T23:55:23.270+0000] {dag.py:3947} INFO - Setting next_dagrun for example_branch_datetime_operator to 2025-03-04 00:00:00+00:00, run_after=2025-03-05 00:00:00+00:00
[2025-03-05T23:55:23.277+0000] {logging_mixin.py:188} INFO - [2025-03-05T23:55:23.277+0000] {dag.py:3947} INFO - Setting next_dagrun for example_branch_datetime_operator_2 to 2025-03-04 00:00:00+00:00, run_after=2025-03-05 00:00:00+00:00
[2025-03-05T23:55:23.282+0000] {logging_mixin.py:188} INFO - [2025-03-05T23:55:23.282+0000] {dag.py:3947} INFO - Setting next_dagrun for example_branch_datetime_operator_3 to 2025-03-04 00:00:00+00:00, run_after=2025-03-05 00:00:00+00:00
[2025-03-05T23:55:23.307+0000] {processor.py:183} INFO - Processing /home/airflow/.local/lib/python3.12/site-packages/airflow/example_dags/example_branch_datetime_operator.py took 0.112 seconds
[2025-03-05T23:55:54.155+0000] {processor.py:161} INFO - Started process (PID=496) to work on /home/airflow/.local/lib/python3.12/site-packages/airflow/example_dags/example_branch_datetime_operator.py
[2025-03-05T23:55:54.155+0000] {processor.py:830} INFO - Processing file /home/airflow/.local/lib/python3.12/site-packages/airflow/example_dags/example_branch_datetime_operator.py for tasks to queue
[2025-03-05T23:55:54.156+0000] {logging_mixin.py:188} INFO - [2025-03-05T23:55:54.156+0000] {dagbag.py:545} INFO - Filling up the DagBag from /home/airflow/.local/lib/python3.12/site-packages/airflow/example_dags/example_branch_datetime_operator.py
[2025-03-05T23:55:54.167+0000] {processor.py:840} INFO - DAG(s) 'example_branch_datetime_operator', 'example_branch_datetime_operator_2', 'example_branch_datetime_operator_3' retrieved from /home/airflow/.local/lib/python3.12/site-packages/airflow/example_dags/example_branch_datetime_operator.py
[2025-03-05T23:55:54.206+0000] {logging_mixin.py:188} INFO - [2025-03-05T23:55:54.206+0000] {dag.py:3089} INFO - Sync 3 DAGs
[2025-03-05T23:55:54.230+0000] {logging_mixin.py:188} INFO - [2025-03-05T23:55:54.230+0000] {dag.py:3947} INFO - Setting next_dagrun for example_branch_datetime_operator to 2025-03-04 00:00:00+00:00, run_after=2025-03-05 00:00:00+00:00
[2025-03-05T23:55:54.237+0000] {logging_mixin.py:188} INFO - [2025-03-05T23:55:54.237+0000] {dag.py:3947} INFO - Setting next_dagrun for example_branch_datetime_operator_2 to 2025-03-04 00:00:00+00:00, run_after=2025-03-05 00:00:00+00:00
[2025-03-05T23:55:54.243+0000] {logging_mixin.py:188} INFO - [2025-03-05T23:55:54.243+0000] {dag.py:3947} INFO - Setting next_dagrun for example_branch_datetime_operator_3 to 2025-03-04 00:00:00+00:00, run_after=2025-03-05 00:00:00+00:00
[2025-03-05T23:55:54.268+0000] {processor.py:183} INFO - Processing /home/airflow/.local/lib/python3.12/site-packages/airflow/example_dags/example_branch_datetime_operator.py took 0.121 seconds
[2025-03-05T23:56:24.572+0000] {processor.py:161} INFO - Started process (PID=568) to work on /home/airflow/.local/lib/python3.12/site-packages/airflow/example_dags/example_branch_datetime_operator.py
[2025-03-05T23:56:24.584+0000] {processor.py:830} INFO - Processing file /home/airflow/.local/lib/python3.12/site-packages/airflow/example_dags/example_branch_datetime_operator.py for tasks to queue
[2025-03-05T23:56:24.594+0000] {logging_mixin.py:188} INFO - [2025-03-05T23:56:24.591+0000] {dagbag.py:545} INFO - Filling up the DagBag from /home/airflow/.local/lib/python3.12/site-packages/airflow/example_dags/example_branch_datetime_operator.py
[2025-03-05T23:56:24.610+0000] {processor.py:840} INFO - DAG(s) 'example_branch_datetime_operator_2', 'example_branch_datetime_operator', 'example_branch_datetime_operator_3' retrieved from /home/airflow/.local/lib/python3.12/site-packages/airflow/example_dags/example_branch_datetime_operator.py
[2025-03-05T23:56:24.653+0000] {logging_mixin.py:188} INFO - [2025-03-05T23:56:24.653+0000] {dag.py:3089} INFO - Sync 3 DAGs
[2025-03-05T23:56:24.682+0000] {logging_mixin.py:188} INFO - [2025-03-05T23:56:24.682+0000] {dag.py:3947} INFO - Setting next_dagrun for example_branch_datetime_operator to 2025-03-04 00:00:00+00:00, run_after=2025-03-05 00:00:00+00:00
[2025-03-05T23:56:24.690+0000] {logging_mixin.py:188} INFO - [2025-03-05T23:56:24.690+0000] {dag.py:3947} INFO - Setting next_dagrun for example_branch_datetime_operator_2 to 2025-03-04 00:00:00+00:00, run_after=2025-03-05 00:00:00+00:00
[2025-03-05T23:56:24.694+0000] {logging_mixin.py:188} INFO - [2025-03-05T23:56:24.694+0000] {dag.py:3947} INFO - Setting next_dagrun for example_branch_datetime_operator_3 to 2025-03-04 00:00:00+00:00, run_after=2025-03-05 00:00:00+00:00
[2025-03-05T23:56:24.717+0000] {processor.py:183} INFO - Processing /home/airflow/.local/lib/python3.12/site-packages/airflow/example_dags/example_branch_datetime_operator.py took 0.150 seconds
[2025-03-05T23:56:55.630+0000] {processor.py:161} INFO - Started process (PID=640) to work on /home/airflow/.local/lib/python3.12/site-packages/airflow/example_dags/example_branch_datetime_operator.py
[2025-03-05T23:56:55.632+0000] {processor.py:830} INFO - Processing file /home/airflow/.local/lib/python3.12/site-packages/airflow/example_dags/example_branch_datetime_operator.py for tasks to queue
[2025-03-05T23:56:55.632+0000] {logging_mixin.py:188} INFO - [2025-03-05T23:56:55.632+0000] {dagbag.py:545} INFO - Filling up the DagBag from /home/airflow/.local/lib/python3.12/site-packages/airflow/example_dags/example_branch_datetime_operator.py
[2025-03-05T23:56:55.638+0000] {processor.py:840} INFO - DAG(s) 'example_branch_datetime_operator', 'example_branch_datetime_operator_3', 'example_branch_datetime_operator_2' retrieved from /home/airflow/.local/lib/python3.12/site-packages/airflow/example_dags/example_branch_datetime_operator.py
[2025-03-05T23:56:55.681+0000] {logging_mixin.py:188} INFO - [2025-03-05T23:56:55.681+0000] {dag.py:3089} INFO - Sync 3 DAGs
[2025-03-05T23:56:55.891+0000] {logging_mixin.py:188} INFO - [2025-03-05T23:56:55.891+0000] {dag.py:3947} INFO - Setting next_dagrun for example_branch_datetime_operator to 2025-03-04 00:00:00+00:00, run_after=2025-03-05 00:00:00+00:00
[2025-03-05T23:56:55.898+0000] {logging_mixin.py:188} INFO - [2025-03-05T23:56:55.897+0000] {dag.py:3947} INFO - Setting next_dagrun for example_branch_datetime_operator_2 to 2025-03-04 00:00:00+00:00, run_after=2025-03-05 00:00:00+00:00
[2025-03-05T23:56:55.903+0000] {logging_mixin.py:188} INFO - [2025-03-05T23:56:55.902+0000] {dag.py:3947} INFO - Setting next_dagrun for example_branch_datetime_operator_3 to 2025-03-04 00:00:00+00:00, run_after=2025-03-05 00:00:00+00:00
[2025-03-05T23:56:55.950+0000] {processor.py:183} INFO - Processing /home/airflow/.local/lib/python3.12/site-packages/airflow/example_dags/example_branch_datetime_operator.py took 0.323 seconds
[2025-03-05T23:57:26.014+0000] {processor.py:161} INFO - Started process (PID=712) to work on /home/airflow/.local/lib/python3.12/site-packages/airflow/example_dags/example_branch_datetime_operator.py
[2025-03-05T23:57:26.019+0000] {processor.py:830} INFO - Processing file /home/airflow/.local/lib/python3.12/site-packages/airflow/example_dags/example_branch_datetime_operator.py for tasks to queue
[2025-03-05T23:57:26.021+0000] {logging_mixin.py:188} INFO - [2025-03-05T23:57:26.021+0000] {dagbag.py:545} INFO - Filling up the DagBag from /home/airflow/.local/lib/python3.12/site-packages/airflow/example_dags/example_branch_datetime_operator.py
[2025-03-05T23:57:26.033+0000] {processor.py:840} INFO - DAG(s) 'example_branch_datetime_operator', 'example_branch_datetime_operator_3', 'example_branch_datetime_operator_2' retrieved from /home/airflow/.local/lib/python3.12/site-packages/airflow/example_dags/example_branch_datetime_operator.py
[2025-03-05T23:57:26.097+0000] {logging_mixin.py:188} INFO - [2025-03-05T23:57:26.097+0000] {dag.py:3089} INFO - Sync 3 DAGs
[2025-03-05T23:57:26.147+0000] {logging_mixin.py:188} INFO - [2025-03-05T23:57:26.147+0000] {dag.py:3947} INFO - Setting next_dagrun for example_branch_datetime_operator to 2025-03-04 00:00:00+00:00, run_after=2025-03-05 00:00:00+00:00
[2025-03-05T23:57:26.161+0000] {logging_mixin.py:188} INFO - [2025-03-05T23:57:26.160+0000] {dag.py:3947} INFO - Setting next_dagrun for example_branch_datetime_operator_2 to 2025-03-04 00:00:00+00:00, run_after=2025-03-05 00:00:00+00:00
[2025-03-05T23:57:26.169+0000] {logging_mixin.py:188} INFO - [2025-03-05T23:57:26.169+0000] {dag.py:3947} INFO - Setting next_dagrun for example_branch_datetime_operator_3 to 2025-03-04 00:00:00+00:00, run_after=2025-03-05 00:00:00+00:00
[2025-03-05T23:57:26.222+0000] {processor.py:183} INFO - Processing /home/airflow/.local/lib/python3.12/site-packages/airflow/example_dags/example_branch_datetime_operator.py took 0.216 seconds
[2025-03-05T23:57:57.034+0000] {processor.py:161} INFO - Started process (PID=784) to work on /home/airflow/.local/lib/python3.12/site-packages/airflow/example_dags/example_branch_datetime_operator.py
[2025-03-05T23:57:57.035+0000] {processor.py:830} INFO - Processing file /home/airflow/.local/lib/python3.12/site-packages/airflow/example_dags/example_branch_datetime_operator.py for tasks to queue
[2025-03-05T23:57:57.036+0000] {logging_mixin.py:188} INFO - [2025-03-05T23:57:57.036+0000] {dagbag.py:545} INFO - Filling up the DagBag from /home/airflow/.local/lib/python3.12/site-packages/airflow/example_dags/example_branch_datetime_operator.py
[2025-03-05T23:57:57.051+0000] {processor.py:840} INFO - DAG(s) 'example_branch_datetime_operator_3', 'example_branch_datetime_operator_2', 'example_branch_datetime_operator' retrieved from /home/airflow/.local/lib/python3.12/site-packages/airflow/example_dags/example_branch_datetime_operator.py
[2025-03-05T23:57:57.080+0000] {logging_mixin.py:188} INFO - [2025-03-05T23:57:57.080+0000] {dag.py:3089} INFO - Sync 3 DAGs
[2025-03-05T23:57:57.106+0000] {logging_mixin.py:188} INFO - [2025-03-05T23:57:57.105+0000] {dag.py:3947} INFO - Setting next_dagrun for example_branch_datetime_operator to 2025-03-04 00:00:00+00:00, run_after=2025-03-05 00:00:00+00:00
[2025-03-05T23:57:57.112+0000] {logging_mixin.py:188} INFO - [2025-03-05T23:57:57.112+0000] {dag.py:3947} INFO - Setting next_dagrun for example_branch_datetime_operator_2 to 2025-03-04 00:00:00+00:00, run_after=2025-03-05 00:00:00+00:00
[2025-03-05T23:57:57.119+0000] {logging_mixin.py:188} INFO - [2025-03-05T23:57:57.119+0000] {dag.py:3947} INFO - Setting next_dagrun for example_branch_datetime_operator_3 to 2025-03-04 00:00:00+00:00, run_after=2025-03-05 00:00:00+00:00
[2025-03-05T23:57:57.145+0000] {processor.py:183} INFO - Processing /home/airflow/.local/lib/python3.12/site-packages/airflow/example_dags/example_branch_datetime_operator.py took 0.115 seconds
[2025-03-05T23:58:28.251+0000] {processor.py:161} INFO - Started process (PID=856) to work on /home/airflow/.local/lib/python3.12/site-packages/airflow/example_dags/example_branch_datetime_operator.py
[2025-03-05T23:58:28.251+0000] {processor.py:830} INFO - Processing file /home/airflow/.local/lib/python3.12/site-packages/airflow/example_dags/example_branch_datetime_operator.py for tasks to queue
[2025-03-05T23:58:28.253+0000] {logging_mixin.py:188} INFO - [2025-03-05T23:58:28.252+0000] {dagbag.py:545} INFO - Filling up the DagBag from /home/airflow/.local/lib/python3.12/site-packages/airflow/example_dags/example_branch_datetime_operator.py
[2025-03-05T23:58:28.264+0000] {processor.py:840} INFO - DAG(s) 'example_branch_datetime_operator_3', 'example_branch_datetime_operator', 'example_branch_datetime_operator_2' retrieved from /home/airflow/.local/lib/python3.12/site-packages/airflow/example_dags/example_branch_datetime_operator.py
[2025-03-05T23:58:28.307+0000] {logging_mixin.py:188} INFO - [2025-03-05T23:58:28.307+0000] {dag.py:3089} INFO - Sync 3 DAGs
[2025-03-05T23:58:28.344+0000] {logging_mixin.py:188} INFO - [2025-03-05T23:58:28.343+0000] {dag.py:3947} INFO - Setting next_dagrun for example_branch_datetime_operator to 2025-03-04 00:00:00+00:00, run_after=2025-03-05 00:00:00+00:00
[2025-03-05T23:58:28.351+0000] {logging_mixin.py:188} INFO - [2025-03-05T23:58:28.350+0000] {dag.py:3947} INFO - Setting next_dagrun for example_branch_datetime_operator_2 to 2025-03-04 00:00:00+00:00, run_after=2025-03-05 00:00:00+00:00
[2025-03-05T23:58:28.361+0000] {logging_mixin.py:188} INFO - [2025-03-05T23:58:28.361+0000] {dag.py:3947} INFO - Setting next_dagrun for example_branch_datetime_operator_3 to 2025-03-04 00:00:00+00:00, run_after=2025-03-05 00:00:00+00:00
[2025-03-05T23:58:28.391+0000] {processor.py:183} INFO - Processing /home/airflow/.local/lib/python3.12/site-packages/airflow/example_dags/example_branch_datetime_operator.py took 0.144 seconds
[2025-03-05T23:58:59.236+0000] {processor.py:161} INFO - Started process (PID=922) to work on /home/airflow/.local/lib/python3.12/site-packages/airflow/example_dags/example_branch_datetime_operator.py
[2025-03-05T23:58:59.237+0000] {processor.py:830} INFO - Processing file /home/airflow/.local/lib/python3.12/site-packages/airflow/example_dags/example_branch_datetime_operator.py for tasks to queue
[2025-03-05T23:58:59.238+0000] {logging_mixin.py:188} INFO - [2025-03-05T23:58:59.238+0000] {dagbag.py:545} INFO - Filling up the DagBag from /home/airflow/.local/lib/python3.12/site-packages/airflow/example_dags/example_branch_datetime_operator.py
[2025-03-05T23:58:59.248+0000] {processor.py:840} INFO - DAG(s) 'example_branch_datetime_operator_2', 'example_branch_datetime_operator_3', 'example_branch_datetime_operator' retrieved from /home/airflow/.local/lib/python3.12/site-packages/airflow/example_dags/example_branch_datetime_operator.py
[2025-03-05T23:58:59.276+0000] {logging_mixin.py:188} INFO - [2025-03-05T23:58:59.276+0000] {dag.py:3089} INFO - Sync 3 DAGs
[2025-03-05T23:58:59.305+0000] {logging_mixin.py:188} INFO - [2025-03-05T23:58:59.305+0000] {dag.py:3947} INFO - Setting next_dagrun for example_branch_datetime_operator to 2025-03-04 00:00:00+00:00, run_after=2025-03-05 00:00:00+00:00
[2025-03-05T23:58:59.310+0000] {logging_mixin.py:188} INFO - [2025-03-05T23:58:59.309+0000] {dag.py:3947} INFO - Setting next_dagrun for example_branch_datetime_operator_2 to 2025-03-04 00:00:00+00:00, run_after=2025-03-05 00:00:00+00:00
[2025-03-05T23:58:59.311+0000] {logging_mixin.py:188} INFO - [2025-03-05T23:58:59.311+0000] {dag.py:3947} INFO - Setting next_dagrun for example_branch_datetime_operator_3 to 2025-03-04 00:00:00+00:00, run_after=2025-03-05 00:00:00+00:00
[2025-03-05T23:58:59.318+0000] {processor.py:183} INFO - Processing /home/airflow/.local/lib/python3.12/site-packages/airflow/example_dags/example_branch_datetime_operator.py took 0.089 seconds
[2025-03-05T23:59:29.776+0000] {processor.py:161} INFO - Started process (PID=989) to work on /home/airflow/.local/lib/python3.12/site-packages/airflow/example_dags/example_branch_datetime_operator.py
[2025-03-05T23:59:29.777+0000] {processor.py:830} INFO - Processing file /home/airflow/.local/lib/python3.12/site-packages/airflow/example_dags/example_branch_datetime_operator.py for tasks to queue
[2025-03-05T23:59:29.781+0000] {logging_mixin.py:188} INFO - [2025-03-05T23:59:29.781+0000] {dagbag.py:545} INFO - Filling up the DagBag from /home/airflow/.local/lib/python3.12/site-packages/airflow/example_dags/example_branch_datetime_operator.py
[2025-03-05T23:59:29.796+0000] {processor.py:840} INFO - DAG(s) 'example_branch_datetime_operator_3', 'example_branch_datetime_operator_2', 'example_branch_datetime_operator' retrieved from /home/airflow/.local/lib/python3.12/site-packages/airflow/example_dags/example_branch_datetime_operator.py
[2025-03-05T23:59:29.832+0000] {logging_mixin.py:188} INFO - [2025-03-05T23:59:29.832+0000] {dag.py:3089} INFO - Sync 3 DAGs
[2025-03-05T23:59:29.858+0000] {logging_mixin.py:188} INFO - [2025-03-05T23:59:29.858+0000] {dag.py:3947} INFO - Setting next_dagrun for example_branch_datetime_operator to 2025-03-04 00:00:00+00:00, run_after=2025-03-05 00:00:00+00:00
[2025-03-05T23:59:29.864+0000] {logging_mixin.py:188} INFO - [2025-03-05T23:59:29.863+0000] {dag.py:3947} INFO - Setting next_dagrun for example_branch_datetime_operator_2 to 2025-03-04 00:00:00+00:00, run_after=2025-03-05 00:00:00+00:00
[2025-03-05T23:59:29.865+0000] {logging_mixin.py:188} INFO - [2025-03-05T23:59:29.865+0000] {dag.py:3947} INFO - Setting next_dagrun for example_branch_datetime_operator_3 to 2025-03-04 00:00:00+00:00, run_after=2025-03-05 00:00:00+00:00
[2025-03-05T23:59:29.893+0000] {processor.py:183} INFO - Processing /home/airflow/.local/lib/python3.12/site-packages/airflow/example_dags/example_branch_datetime_operator.py took 0.120 seconds
