[2025-03-05T23:52:46.353+0000] {processor.py:161} INFO - Started process (PID=126) to work on /home/airflow/.local/lib/python3.12/site-packages/airflow/example_dags/example_display_name.py
[2025-03-05T23:52:46.354+0000] {processor.py:830} INFO - Processing file /home/airflow/.local/lib/python3.12/site-packages/airflow/example_dags/example_display_name.py for tasks to queue
[2025-03-05T23:52:46.357+0000] {logging_mixin.py:188} INFO - [2025-03-05T23:52:46.357+0000] {dagbag.py:545} INFO - Filling up the DagBag from /home/airflow/.local/lib/python3.12/site-packages/airflow/example_dags/example_display_name.py
[2025-03-05T23:52:46.367+0000] {processor.py:840} INFO - DAG(s) 'example_display_name' retrieved from /home/airflow/.local/lib/python3.12/site-packages/airflow/example_dags/example_display_name.py
[2025-03-05T23:52:46.397+0000] {logging_mixin.py:188} INFO - [2025-03-05T23:52:46.397+0000] {dag.py:3089} INFO - Sync 1 DAGs
[2025-03-05T23:52:46.426+0000] {logging_mixin.py:188} INFO - [2025-03-05T23:52:46.425+0000] {dag.py:3947} INFO - Setting next_dagrun for example_display_name to None, run_after=None
[2025-03-05T23:52:46.456+0000] {processor.py:183} INFO - Processing /home/airflow/.local/lib/python3.12/site-packages/airflow/example_dags/example_display_name.py took 0.109 seconds
[2025-03-05T23:53:49.896+0000] {processor.py:161} INFO - Started process (PID=214) to work on /home/airflow/.local/lib/python3.12/site-packages/airflow/example_dags/example_display_name.py
[2025-03-05T23:53:49.897+0000] {processor.py:830} INFO - Processing file /home/airflow/.local/lib/python3.12/site-packages/airflow/example_dags/example_display_name.py for tasks to queue
[2025-03-05T23:53:49.898+0000] {logging_mixin.py:188} INFO - [2025-03-05T23:53:49.898+0000] {dagbag.py:545} INFO - Filling up the DagBag from /home/airflow/.local/lib/python3.12/site-packages/airflow/example_dags/example_display_name.py
[2025-03-05T23:53:49.904+0000] {processor.py:840} INFO - DAG(s) 'example_display_name' retrieved from /home/airflow/.local/lib/python3.12/site-packages/airflow/example_dags/example_display_name.py
[2025-03-05T23:53:49.934+0000] {logging_mixin.py:188} INFO - [2025-03-05T23:53:49.934+0000] {dag.py:3089} INFO - Sync 1 DAGs
[2025-03-05T23:53:49.942+0000] {logging_mixin.py:188} INFO - [2025-03-05T23:53:49.942+0000] {dag.py:3947} INFO - Setting next_dagrun for example_display_name to None, run_after=None
[2025-03-05T23:53:49.960+0000] {processor.py:183} INFO - Processing /home/airflow/.local/lib/python3.12/site-packages/airflow/example_dags/example_display_name.py took 0.081 seconds
[2025-03-05T23:54:20.862+0000] {processor.py:161} INFO - Started process (PID=278) to work on /home/airflow/.local/lib/python3.12/site-packages/airflow/example_dags/example_display_name.py
[2025-03-05T23:54:20.864+0000] {processor.py:830} INFO - Processing file /home/airflow/.local/lib/python3.12/site-packages/airflow/example_dags/example_display_name.py for tasks to queue
[2025-03-05T23:54:20.867+0000] {logging_mixin.py:188} INFO - [2025-03-05T23:54:20.866+0000] {dagbag.py:545} INFO - Filling up the DagBag from /home/airflow/.local/lib/python3.12/site-packages/airflow/example_dags/example_display_name.py
[2025-03-05T23:54:20.876+0000] {processor.py:840} INFO - DAG(s) 'example_display_name' retrieved from /home/airflow/.local/lib/python3.12/site-packages/airflow/example_dags/example_display_name.py
[2025-03-05T23:54:20.912+0000] {logging_mixin.py:188} INFO - [2025-03-05T23:54:20.911+0000] {dag.py:3089} INFO - Sync 1 DAGs
[2025-03-05T23:54:20.934+0000] {logging_mixin.py:188} INFO - [2025-03-05T23:54:20.934+0000] {dag.py:3947} INFO - Setting next_dagrun for example_display_name to None, run_after=None
[2025-03-05T23:54:20.972+0000] {processor.py:183} INFO - Processing /home/airflow/.local/lib/python3.12/site-packages/airflow/example_dags/example_display_name.py took 0.124 seconds
[2025-03-05T23:54:51.423+0000] {processor.py:161} INFO - Started process (PID=345) to work on /home/airflow/.local/lib/python3.12/site-packages/airflow/example_dags/example_display_name.py
[2025-03-05T23:54:51.426+0000] {processor.py:830} INFO - Processing file /home/airflow/.local/lib/python3.12/site-packages/airflow/example_dags/example_display_name.py for tasks to queue
[2025-03-05T23:54:51.427+0000] {logging_mixin.py:188} INFO - [2025-03-05T23:54:51.427+0000] {dagbag.py:545} INFO - Filling up the DagBag from /home/airflow/.local/lib/python3.12/site-packages/airflow/example_dags/example_display_name.py
[2025-03-05T23:54:51.438+0000] {processor.py:840} INFO - DAG(s) 'example_display_name' retrieved from /home/airflow/.local/lib/python3.12/site-packages/airflow/example_dags/example_display_name.py
[2025-03-05T23:54:51.469+0000] {logging_mixin.py:188} INFO - [2025-03-05T23:54:51.468+0000] {dag.py:3089} INFO - Sync 1 DAGs
[2025-03-05T23:54:51.481+0000] {logging_mixin.py:188} INFO - [2025-03-05T23:54:51.481+0000] {dag.py:3947} INFO - Setting next_dagrun for example_display_name to None, run_after=None
[2025-03-05T23:54:51.499+0000] {processor.py:183} INFO - Processing /home/airflow/.local/lib/python3.12/site-packages/airflow/example_dags/example_display_name.py took 0.085 seconds
[2025-03-05T23:55:21.847+0000] {processor.py:161} INFO - Started process (PID=417) to work on /home/airflow/.local/lib/python3.12/site-packages/airflow/example_dags/example_display_name.py
[2025-03-05T23:55:21.848+0000] {processor.py:830} INFO - Processing file /home/airflow/.local/lib/python3.12/site-packages/airflow/example_dags/example_display_name.py for tasks to queue
[2025-03-05T23:55:21.850+0000] {logging_mixin.py:188} INFO - [2025-03-05T23:55:21.850+0000] {dagbag.py:545} INFO - Filling up the DagBag from /home/airflow/.local/lib/python3.12/site-packages/airflow/example_dags/example_display_name.py
[2025-03-05T23:55:21.855+0000] {processor.py:840} INFO - DAG(s) 'example_display_name' retrieved from /home/airflow/.local/lib/python3.12/site-packages/airflow/example_dags/example_display_name.py
[2025-03-05T23:55:21.884+0000] {logging_mixin.py:188} INFO - [2025-03-05T23:55:21.884+0000] {dag.py:3089} INFO - Sync 1 DAGs
[2025-03-05T23:55:21.901+0000] {logging_mixin.py:188} INFO - [2025-03-05T23:55:21.901+0000] {dag.py:3947} INFO - Setting next_dagrun for example_display_name to None, run_after=None
[2025-03-05T23:55:21.925+0000] {processor.py:183} INFO - Processing /home/airflow/.local/lib/python3.12/site-packages/airflow/example_dags/example_display_name.py took 0.085 seconds
[2025-03-05T23:55:52.711+0000] {processor.py:161} INFO - Started process (PID=490) to work on /home/airflow/.local/lib/python3.12/site-packages/airflow/example_dags/example_display_name.py
[2025-03-05T23:55:52.713+0000] {processor.py:830} INFO - Processing file /home/airflow/.local/lib/python3.12/site-packages/airflow/example_dags/example_display_name.py for tasks to queue
[2025-03-05T23:55:52.713+0000] {logging_mixin.py:188} INFO - [2025-03-05T23:55:52.713+0000] {dagbag.py:545} INFO - Filling up the DagBag from /home/airflow/.local/lib/python3.12/site-packages/airflow/example_dags/example_display_name.py
[2025-03-05T23:55:52.717+0000] {processor.py:840} INFO - DAG(s) 'example_display_name' retrieved from /home/airflow/.local/lib/python3.12/site-packages/airflow/example_dags/example_display_name.py
[2025-03-05T23:55:52.746+0000] {logging_mixin.py:188} INFO - [2025-03-05T23:55:52.746+0000] {dag.py:3089} INFO - Sync 1 DAGs
[2025-03-05T23:55:52.764+0000] {logging_mixin.py:188} INFO - [2025-03-05T23:55:52.764+0000] {dag.py:3947} INFO - Setting next_dagrun for example_display_name to None, run_after=None
[2025-03-05T23:55:52.790+0000] {processor.py:183} INFO - Processing /home/airflow/.local/lib/python3.12/site-packages/airflow/example_dags/example_display_name.py took 0.081 seconds
[2025-03-05T23:56:23.032+0000] {processor.py:161} INFO - Started process (PID=562) to work on /home/airflow/.local/lib/python3.12/site-packages/airflow/example_dags/example_display_name.py
[2025-03-05T23:56:23.059+0000] {processor.py:830} INFO - Processing file /home/airflow/.local/lib/python3.12/site-packages/airflow/example_dags/example_display_name.py for tasks to queue
[2025-03-05T23:56:23.062+0000] {logging_mixin.py:188} INFO - [2025-03-05T23:56:23.062+0000] {dagbag.py:545} INFO - Filling up the DagBag from /home/airflow/.local/lib/python3.12/site-packages/airflow/example_dags/example_display_name.py
[2025-03-05T23:56:23.069+0000] {processor.py:840} INFO - DAG(s) 'example_display_name' retrieved from /home/airflow/.local/lib/python3.12/site-packages/airflow/example_dags/example_display_name.py
[2025-03-05T23:56:23.106+0000] {logging_mixin.py:188} INFO - [2025-03-05T23:56:23.105+0000] {dag.py:3089} INFO - Sync 1 DAGs
[2025-03-05T23:56:23.125+0000] {logging_mixin.py:188} INFO - [2025-03-05T23:56:23.125+0000] {dag.py:3947} INFO - Setting next_dagrun for example_display_name to None, run_after=None
[2025-03-05T23:56:23.162+0000] {processor.py:183} INFO - Processing /home/airflow/.local/lib/python3.12/site-packages/airflow/example_dags/example_display_name.py took 0.138 seconds
[2025-03-05T23:56:54.501+0000] {processor.py:161} INFO - Started process (PID=634) to work on /home/airflow/.local/lib/python3.12/site-packages/airflow/example_dags/example_display_name.py
[2025-03-05T23:56:54.510+0000] {processor.py:830} INFO - Processing file /home/airflow/.local/lib/python3.12/site-packages/airflow/example_dags/example_display_name.py for tasks to queue
[2025-03-05T23:56:54.518+0000] {logging_mixin.py:188} INFO - [2025-03-05T23:56:54.518+0000] {dagbag.py:545} INFO - Filling up the DagBag from /home/airflow/.local/lib/python3.12/site-packages/airflow/example_dags/example_display_name.py
[2025-03-05T23:56:54.522+0000] {processor.py:840} INFO - DAG(s) 'example_display_name' retrieved from /home/airflow/.local/lib/python3.12/site-packages/airflow/example_dags/example_display_name.py
[2025-03-05T23:56:54.557+0000] {logging_mixin.py:188} INFO - [2025-03-05T23:56:54.556+0000] {dag.py:3089} INFO - Sync 1 DAGs
[2025-03-05T23:56:54.565+0000] {logging_mixin.py:188} INFO - [2025-03-05T23:56:54.565+0000] {dag.py:3947} INFO - Setting next_dagrun for example_display_name to None, run_after=None
[2025-03-05T23:56:54.754+0000] {processor.py:183} INFO - Processing /home/airflow/.local/lib/python3.12/site-packages/airflow/example_dags/example_display_name.py took 0.260 seconds
[2025-03-05T23:57:25.381+0000] {processor.py:161} INFO - Started process (PID=706) to work on /home/airflow/.local/lib/python3.12/site-packages/airflow/example_dags/example_display_name.py
[2025-03-05T23:57:25.384+0000] {processor.py:830} INFO - Processing file /home/airflow/.local/lib/python3.12/site-packages/airflow/example_dags/example_display_name.py for tasks to queue
[2025-03-05T23:57:25.386+0000] {logging_mixin.py:188} INFO - [2025-03-05T23:57:25.386+0000] {dagbag.py:545} INFO - Filling up the DagBag from /home/airflow/.local/lib/python3.12/site-packages/airflow/example_dags/example_display_name.py
[2025-03-05T23:57:25.392+0000] {processor.py:840} INFO - DAG(s) 'example_display_name' retrieved from /home/airflow/.local/lib/python3.12/site-packages/airflow/example_dags/example_display_name.py
[2025-03-05T23:57:25.414+0000] {logging_mixin.py:188} INFO - [2025-03-05T23:57:25.413+0000] {dag.py:3089} INFO - Sync 1 DAGs
[2025-03-05T23:57:25.426+0000] {logging_mixin.py:188} INFO - [2025-03-05T23:57:25.426+0000] {dag.py:3947} INFO - Setting next_dagrun for example_display_name to None, run_after=None
[2025-03-05T23:57:25.451+0000] {processor.py:183} INFO - Processing /home/airflow/.local/lib/python3.12/site-packages/airflow/example_dags/example_display_name.py took 0.076 seconds
[2025-03-05T23:57:55.562+0000] {processor.py:161} INFO - Started process (PID=777) to work on /home/airflow/.local/lib/python3.12/site-packages/airflow/example_dags/example_display_name.py
[2025-03-05T23:57:55.563+0000] {processor.py:830} INFO - Processing file /home/airflow/.local/lib/python3.12/site-packages/airflow/example_dags/example_display_name.py for tasks to queue
[2025-03-05T23:57:55.564+0000] {logging_mixin.py:188} INFO - [2025-03-05T23:57:55.564+0000] {dagbag.py:545} INFO - Filling up the DagBag from /home/airflow/.local/lib/python3.12/site-packages/airflow/example_dags/example_display_name.py
[2025-03-05T23:57:55.568+0000] {processor.py:840} INFO - DAG(s) 'example_display_name' retrieved from /home/airflow/.local/lib/python3.12/site-packages/airflow/example_dags/example_display_name.py
[2025-03-05T23:57:55.587+0000] {logging_mixin.py:188} INFO - [2025-03-05T23:57:55.586+0000] {dag.py:3089} INFO - Sync 1 DAGs
[2025-03-05T23:57:55.600+0000] {logging_mixin.py:188} INFO - [2025-03-05T23:57:55.599+0000] {dag.py:3947} INFO - Setting next_dagrun for example_display_name to None, run_after=None
[2025-03-05T23:57:55.626+0000] {processor.py:183} INFO - Processing /home/airflow/.local/lib/python3.12/site-packages/airflow/example_dags/example_display_name.py took 0.069 seconds
[2025-03-05T23:58:26.292+0000] {processor.py:161} INFO - Started process (PID=847) to work on /home/airflow/.local/lib/python3.12/site-packages/airflow/example_dags/example_display_name.py
[2025-03-05T23:58:26.296+0000] {processor.py:830} INFO - Processing file /home/airflow/.local/lib/python3.12/site-packages/airflow/example_dags/example_display_name.py for tasks to queue
[2025-03-05T23:58:26.303+0000] {logging_mixin.py:188} INFO - [2025-03-05T23:58:26.302+0000] {dagbag.py:545} INFO - Filling up the DagBag from /home/airflow/.local/lib/python3.12/site-packages/airflow/example_dags/example_display_name.py
[2025-03-05T23:58:26.315+0000] {processor.py:840} INFO - DAG(s) 'example_display_name' retrieved from /home/airflow/.local/lib/python3.12/site-packages/airflow/example_dags/example_display_name.py
[2025-03-05T23:58:26.342+0000] {logging_mixin.py:188} INFO - [2025-03-05T23:58:26.340+0000] {dag.py:3089} INFO - Sync 1 DAGs
[2025-03-05T23:58:26.352+0000] {logging_mixin.py:188} INFO - [2025-03-05T23:58:26.351+0000] {dag.py:3947} INFO - Setting next_dagrun for example_display_name to None, run_after=None
[2025-03-05T23:58:26.365+0000] {processor.py:183} INFO - Processing /home/airflow/.local/lib/python3.12/site-packages/airflow/example_dags/example_display_name.py took 0.076 seconds
[2025-03-05T23:58:56.616+0000] {processor.py:161} INFO - Started process (PID=913) to work on /home/airflow/.local/lib/python3.12/site-packages/airflow/example_dags/example_display_name.py
[2025-03-05T23:58:56.620+0000] {processor.py:830} INFO - Processing file /home/airflow/.local/lib/python3.12/site-packages/airflow/example_dags/example_display_name.py for tasks to queue
[2025-03-05T23:58:56.625+0000] {logging_mixin.py:188} INFO - [2025-03-05T23:58:56.625+0000] {dagbag.py:545} INFO - Filling up the DagBag from /home/airflow/.local/lib/python3.12/site-packages/airflow/example_dags/example_display_name.py
[2025-03-05T23:58:56.633+0000] {processor.py:840} INFO - DAG(s) 'example_display_name' retrieved from /home/airflow/.local/lib/python3.12/site-packages/airflow/example_dags/example_display_name.py
[2025-03-05T23:58:56.672+0000] {logging_mixin.py:188} INFO - [2025-03-05T23:58:56.672+0000] {dag.py:3089} INFO - Sync 1 DAGs
[2025-03-05T23:58:56.679+0000] {logging_mixin.py:188} INFO - [2025-03-05T23:58:56.679+0000] {dag.py:3947} INFO - Setting next_dagrun for example_display_name to None, run_after=None
[2025-03-05T23:58:56.730+0000] {processor.py:183} INFO - Processing /home/airflow/.local/lib/python3.12/site-packages/airflow/example_dags/example_display_name.py took 0.118 seconds
[2025-03-05T23:59:27.727+0000] {processor.py:161} INFO - Started process (PID=978) to work on /home/airflow/.local/lib/python3.12/site-packages/airflow/example_dags/example_display_name.py
[2025-03-05T23:59:27.728+0000] {processor.py:830} INFO - Processing file /home/airflow/.local/lib/python3.12/site-packages/airflow/example_dags/example_display_name.py for tasks to queue
[2025-03-05T23:59:27.729+0000] {logging_mixin.py:188} INFO - [2025-03-05T23:59:27.729+0000] {dagbag.py:545} INFO - Filling up the DagBag from /home/airflow/.local/lib/python3.12/site-packages/airflow/example_dags/example_display_name.py
[2025-03-05T23:59:27.738+0000] {processor.py:840} INFO - DAG(s) 'example_display_name' retrieved from /home/airflow/.local/lib/python3.12/site-packages/airflow/example_dags/example_display_name.py
[2025-03-05T23:59:27.756+0000] {logging_mixin.py:188} INFO - [2025-03-05T23:59:27.756+0000] {dag.py:3089} INFO - Sync 1 DAGs
[2025-03-05T23:59:27.770+0000] {logging_mixin.py:188} INFO - [2025-03-05T23:59:27.770+0000] {dag.py:3947} INFO - Setting next_dagrun for example_display_name to None, run_after=None
[2025-03-05T23:59:27.790+0000] {processor.py:183} INFO - Processing /home/airflow/.local/lib/python3.12/site-packages/airflow/example_dags/example_display_name.py took 0.066 seconds
[2025-03-05T23:59:57.852+0000] {processor.py:161} INFO - Started process (PID=1048) to work on /home/airflow/.local/lib/python3.12/site-packages/airflow/example_dags/example_display_name.py
[2025-03-05T23:59:57.853+0000] {processor.py:830} INFO - Processing file /home/airflow/.local/lib/python3.12/site-packages/airflow/example_dags/example_display_name.py for tasks to queue
[2025-03-05T23:59:57.854+0000] {logging_mixin.py:188} INFO - [2025-03-05T23:59:57.853+0000] {dagbag.py:545} INFO - Filling up the DagBag from /home/airflow/.local/lib/python3.12/site-packages/airflow/example_dags/example_display_name.py
[2025-03-05T23:59:57.860+0000] {processor.py:840} INFO - DAG(s) 'example_display_name' retrieved from /home/airflow/.local/lib/python3.12/site-packages/airflow/example_dags/example_display_name.py
[2025-03-05T23:59:57.879+0000] {logging_mixin.py:188} INFO - [2025-03-05T23:59:57.879+0000] {dag.py:3089} INFO - Sync 1 DAGs
[2025-03-05T23:59:57.893+0000] {logging_mixin.py:188} INFO - [2025-03-05T23:59:57.893+0000] {dag.py:3947} INFO - Setting next_dagrun for example_display_name to None, run_after=None
[2025-03-05T23:59:57.915+0000] {processor.py:183} INFO - Processing /home/airflow/.local/lib/python3.12/site-packages/airflow/example_dags/example_display_name.py took 0.067 seconds
