[2025-03-05T23:52:48.557+0000] {processor.py:161} INFO - Started process (PID=150) to work on /home/airflow/.local/lib/python3.12/site-packages/airflow/example_dags/example_sla_dag.py
[2025-03-05T23:52:48.559+0000] {processor.py:830} INFO - Processing file /home/airflow/.local/lib/python3.12/site-packages/airflow/example_dags/example_sla_dag.py for tasks to queue
[2025-03-05T23:52:48.562+0000] {logging_mixin.py:188} INFO - [2025-03-05T23:52:48.561+0000] {dagbag.py:545} INFO - Filling up the DagBag from /home/airflow/.local/lib/python3.12/site-packages/airflow/example_dags/example_sla_dag.py
[2025-03-05T23:52:48.575+0000] {processor.py:840} INFO - DAG(s) 'example_sla_dag' retrieved from /home/airflow/.local/lib/python3.12/site-packages/airflow/example_dags/example_sla_dag.py
[2025-03-05T23:52:48.604+0000] {logging_mixin.py:188} INFO - [2025-03-05T23:52:48.604+0000] {dag.py:3089} INFO - Sync 1 DAGs
[2025-03-05T23:52:48.638+0000] {logging_mixin.py:188} INFO - [2025-03-05T23:52:48.636+0000] {dag.py:3947} INFO - Setting next_dagrun for example_sla_dag to 2025-03-05 23:50:00+00:00, run_after=2025-03-05 23:52:00+00:00
[2025-03-05T23:52:48.658+0000] {processor.py:183} INFO - Processing /home/airflow/.local/lib/python3.12/site-packages/airflow/example_dags/example_sla_dag.py took 0.110 seconds
[2025-03-05T23:53:53.207+0000] {processor.py:161} INFO - Started process (PID=240) to work on /home/airflow/.local/lib/python3.12/site-packages/airflow/example_dags/example_sla_dag.py
[2025-03-05T23:53:53.215+0000] {processor.py:830} INFO - Processing file /home/airflow/.local/lib/python3.12/site-packages/airflow/example_dags/example_sla_dag.py for tasks to queue
[2025-03-05T23:53:53.219+0000] {logging_mixin.py:188} INFO - [2025-03-05T23:53:53.218+0000] {dagbag.py:545} INFO - Filling up the DagBag from /home/airflow/.local/lib/python3.12/site-packages/airflow/example_dags/example_sla_dag.py
[2025-03-05T23:53:53.229+0000] {processor.py:840} INFO - DAG(s) 'example_sla_dag' retrieved from /home/airflow/.local/lib/python3.12/site-packages/airflow/example_dags/example_sla_dag.py
[2025-03-05T23:53:53.273+0000] {logging_mixin.py:188} INFO - [2025-03-05T23:53:53.273+0000] {dag.py:3089} INFO - Sync 1 DAGs
[2025-03-05T23:53:53.294+0000] {logging_mixin.py:188} INFO - [2025-03-05T23:53:53.293+0000] {dag.py:3947} INFO - Setting next_dagrun for example_sla_dag to 2025-03-05 23:50:00+00:00, run_after=2025-03-05 23:52:00+00:00
[2025-03-05T23:53:53.356+0000] {processor.py:183} INFO - Processing /home/airflow/.local/lib/python3.12/site-packages/airflow/example_dags/example_sla_dag.py took 0.155 seconds
[2025-03-05T23:54:27.443+0000] {processor.py:161} INFO - Started process (PID=309) to work on /home/airflow/.local/lib/python3.12/site-packages/airflow/example_dags/example_sla_dag.py
[2025-03-05T23:54:27.444+0000] {processor.py:830} INFO - Processing file /home/airflow/.local/lib/python3.12/site-packages/airflow/example_dags/example_sla_dag.py for tasks to queue
[2025-03-05T23:54:27.445+0000] {logging_mixin.py:188} INFO - [2025-03-05T23:54:27.445+0000] {dagbag.py:545} INFO - Filling up the DagBag from /home/airflow/.local/lib/python3.12/site-packages/airflow/example_dags/example_sla_dag.py
[2025-03-05T23:54:27.451+0000] {processor.py:840} INFO - DAG(s) 'example_sla_dag' retrieved from /home/airflow/.local/lib/python3.12/site-packages/airflow/example_dags/example_sla_dag.py
[2025-03-05T23:54:27.472+0000] {logging_mixin.py:188} INFO - [2025-03-05T23:54:27.472+0000] {dag.py:3089} INFO - Sync 1 DAGs
[2025-03-05T23:54:27.491+0000] {logging_mixin.py:188} INFO - [2025-03-05T23:54:27.491+0000] {dag.py:3947} INFO - Setting next_dagrun for example_sla_dag to 2025-03-05 23:52:00+00:00, run_after=2025-03-05 23:54:00+00:00
[2025-03-05T23:54:27.538+0000] {processor.py:183} INFO - Processing /home/airflow/.local/lib/python3.12/site-packages/airflow/example_dags/example_sla_dag.py took 0.098 seconds
[2025-03-05T23:54:58.540+0000] {processor.py:161} INFO - Started process (PID=376) to work on /home/airflow/.local/lib/python3.12/site-packages/airflow/example_dags/example_sla_dag.py
[2025-03-05T23:54:58.542+0000] {processor.py:830} INFO - Processing file /home/airflow/.local/lib/python3.12/site-packages/airflow/example_dags/example_sla_dag.py for tasks to queue
[2025-03-05T23:54:58.543+0000] {logging_mixin.py:188} INFO - [2025-03-05T23:54:58.543+0000] {dagbag.py:545} INFO - Filling up the DagBag from /home/airflow/.local/lib/python3.12/site-packages/airflow/example_dags/example_sla_dag.py
[2025-03-05T23:54:58.548+0000] {processor.py:840} INFO - DAG(s) 'example_sla_dag' retrieved from /home/airflow/.local/lib/python3.12/site-packages/airflow/example_dags/example_sla_dag.py
[2025-03-05T23:54:58.561+0000] {logging_mixin.py:188} INFO - [2025-03-05T23:54:58.561+0000] {dag.py:3089} INFO - Sync 1 DAGs
[2025-03-05T23:54:58.586+0000] {logging_mixin.py:188} INFO - [2025-03-05T23:54:58.586+0000] {dag.py:3947} INFO - Setting next_dagrun for example_sla_dag to 2025-03-05 23:52:00+00:00, run_after=2025-03-05 23:54:00+00:00
[2025-03-05T23:54:58.613+0000] {processor.py:183} INFO - Processing /home/airflow/.local/lib/python3.12/site-packages/airflow/example_dags/example_sla_dag.py took 0.077 seconds
[2025-03-05T23:55:29.542+0000] {processor.py:161} INFO - Started process (PID=449) to work on /home/airflow/.local/lib/python3.12/site-packages/airflow/example_dags/example_sla_dag.py
[2025-03-05T23:55:29.543+0000] {processor.py:830} INFO - Processing file /home/airflow/.local/lib/python3.12/site-packages/airflow/example_dags/example_sla_dag.py for tasks to queue
[2025-03-05T23:55:29.544+0000] {logging_mixin.py:188} INFO - [2025-03-05T23:55:29.544+0000] {dagbag.py:545} INFO - Filling up the DagBag from /home/airflow/.local/lib/python3.12/site-packages/airflow/example_dags/example_sla_dag.py
[2025-03-05T23:55:29.552+0000] {processor.py:840} INFO - DAG(s) 'example_sla_dag' retrieved from /home/airflow/.local/lib/python3.12/site-packages/airflow/example_dags/example_sla_dag.py
[2025-03-05T23:55:29.581+0000] {logging_mixin.py:188} INFO - [2025-03-05T23:55:29.581+0000] {dag.py:3089} INFO - Sync 1 DAGs
[2025-03-05T23:55:29.618+0000] {logging_mixin.py:188} INFO - [2025-03-05T23:55:29.617+0000] {dag.py:3947} INFO - Setting next_dagrun for example_sla_dag to 2025-03-05 23:52:00+00:00, run_after=2025-03-05 23:54:00+00:00
[2025-03-05T23:55:29.665+0000] {processor.py:183} INFO - Processing /home/airflow/.local/lib/python3.12/site-packages/airflow/example_dags/example_sla_dag.py took 0.129 seconds
[2025-03-05T23:56:00.478+0000] {processor.py:161} INFO - Started process (PID=520) to work on /home/airflow/.local/lib/python3.12/site-packages/airflow/example_dags/example_sla_dag.py
[2025-03-05T23:56:00.479+0000] {processor.py:830} INFO - Processing file /home/airflow/.local/lib/python3.12/site-packages/airflow/example_dags/example_sla_dag.py for tasks to queue
[2025-03-05T23:56:00.481+0000] {logging_mixin.py:188} INFO - [2025-03-05T23:56:00.480+0000] {dagbag.py:545} INFO - Filling up the DagBag from /home/airflow/.local/lib/python3.12/site-packages/airflow/example_dags/example_sla_dag.py
[2025-03-05T23:56:00.487+0000] {processor.py:840} INFO - DAG(s) 'example_sla_dag' retrieved from /home/airflow/.local/lib/python3.12/site-packages/airflow/example_dags/example_sla_dag.py
[2025-03-05T23:56:00.511+0000] {logging_mixin.py:188} INFO - [2025-03-05T23:56:00.510+0000] {dag.py:3089} INFO - Sync 1 DAGs
[2025-03-05T23:56:00.539+0000] {logging_mixin.py:188} INFO - [2025-03-05T23:56:00.538+0000] {dag.py:3947} INFO - Setting next_dagrun for example_sla_dag to 2025-03-05 23:54:00+00:00, run_after=2025-03-05 23:56:00+00:00
[2025-03-05T23:56:00.566+0000] {processor.py:183} INFO - Processing /home/airflow/.local/lib/python3.12/site-packages/airflow/example_dags/example_sla_dag.py took 0.094 seconds
[2025-03-05T23:56:30.912+0000] {processor.py:161} INFO - Started process (PID=592) to work on /home/airflow/.local/lib/python3.12/site-packages/airflow/example_dags/example_sla_dag.py
[2025-03-05T23:56:30.913+0000] {processor.py:830} INFO - Processing file /home/airflow/.local/lib/python3.12/site-packages/airflow/example_dags/example_sla_dag.py for tasks to queue
[2025-03-05T23:56:30.917+0000] {logging_mixin.py:188} INFO - [2025-03-05T23:56:30.916+0000] {dagbag.py:545} INFO - Filling up the DagBag from /home/airflow/.local/lib/python3.12/site-packages/airflow/example_dags/example_sla_dag.py
[2025-03-05T23:56:30.924+0000] {processor.py:840} INFO - DAG(s) 'example_sla_dag' retrieved from /home/airflow/.local/lib/python3.12/site-packages/airflow/example_dags/example_sla_dag.py
[2025-03-05T23:56:30.947+0000] {logging_mixin.py:188} INFO - [2025-03-05T23:56:30.947+0000] {dag.py:3089} INFO - Sync 1 DAGs
[2025-03-05T23:56:30.965+0000] {logging_mixin.py:188} INFO - [2025-03-05T23:56:30.965+0000] {dag.py:3947} INFO - Setting next_dagrun for example_sla_dag to 2025-03-05 23:54:00+00:00, run_after=2025-03-05 23:56:00+00:00
[2025-03-05T23:56:30.979+0000] {processor.py:183} INFO - Processing /home/airflow/.local/lib/python3.12/site-packages/airflow/example_dags/example_sla_dag.py took 0.072 seconds
[2025-03-05T23:57:01.576+0000] {processor.py:161} INFO - Started process (PID=666) to work on /home/airflow/.local/lib/python3.12/site-packages/airflow/example_dags/example_sla_dag.py
[2025-03-05T23:57:01.577+0000] {processor.py:830} INFO - Processing file /home/airflow/.local/lib/python3.12/site-packages/airflow/example_dags/example_sla_dag.py for tasks to queue
[2025-03-05T23:57:01.578+0000] {logging_mixin.py:188} INFO - [2025-03-05T23:57:01.577+0000] {dagbag.py:545} INFO - Filling up the DagBag from /home/airflow/.local/lib/python3.12/site-packages/airflow/example_dags/example_sla_dag.py
[2025-03-05T23:57:01.586+0000] {processor.py:840} INFO - DAG(s) 'example_sla_dag' retrieved from /home/airflow/.local/lib/python3.12/site-packages/airflow/example_dags/example_sla_dag.py
[2025-03-05T23:57:01.614+0000] {logging_mixin.py:188} INFO - [2025-03-05T23:57:01.614+0000] {dag.py:3089} INFO - Sync 1 DAGs
[2025-03-05T23:57:01.627+0000] {logging_mixin.py:188} INFO - [2025-03-05T23:57:01.627+0000] {dag.py:3947} INFO - Setting next_dagrun for example_sla_dag to 2025-03-05 23:54:00+00:00, run_after=2025-03-05 23:56:00+00:00
[2025-03-05T23:57:01.662+0000] {processor.py:183} INFO - Processing /home/airflow/.local/lib/python3.12/site-packages/airflow/example_dags/example_sla_dag.py took 0.092 seconds
[2025-03-05T23:57:32.144+0000] {processor.py:161} INFO - Started process (PID=738) to work on /home/airflow/.local/lib/python3.12/site-packages/airflow/example_dags/example_sla_dag.py
[2025-03-05T23:57:32.146+0000] {processor.py:830} INFO - Processing file /home/airflow/.local/lib/python3.12/site-packages/airflow/example_dags/example_sla_dag.py for tasks to queue
[2025-03-05T23:57:32.147+0000] {logging_mixin.py:188} INFO - [2025-03-05T23:57:32.146+0000] {dagbag.py:545} INFO - Filling up the DagBag from /home/airflow/.local/lib/python3.12/site-packages/airflow/example_dags/example_sla_dag.py
[2025-03-05T23:57:32.156+0000] {processor.py:840} INFO - DAG(s) 'example_sla_dag' retrieved from /home/airflow/.local/lib/python3.12/site-packages/airflow/example_dags/example_sla_dag.py
[2025-03-05T23:57:32.221+0000] {logging_mixin.py:188} INFO - [2025-03-05T23:57:32.221+0000] {dag.py:3089} INFO - Sync 1 DAGs
[2025-03-05T23:57:32.412+0000] {logging_mixin.py:188} INFO - [2025-03-05T23:57:32.412+0000] {dag.py:3947} INFO - Setting next_dagrun for example_sla_dag to 2025-03-05 23:54:00+00:00, run_after=2025-03-05 23:56:00+00:00
[2025-03-05T23:57:32.449+0000] {processor.py:183} INFO - Processing /home/airflow/.local/lib/python3.12/site-packages/airflow/example_dags/example_sla_dag.py took 0.309 seconds
[2025-03-05T23:58:02.996+0000] {processor.py:161} INFO - Started process (PID=810) to work on /home/airflow/.local/lib/python3.12/site-packages/airflow/example_dags/example_sla_dag.py
[2025-03-05T23:58:02.997+0000] {processor.py:830} INFO - Processing file /home/airflow/.local/lib/python3.12/site-packages/airflow/example_dags/example_sla_dag.py for tasks to queue
[2025-03-05T23:58:02.999+0000] {logging_mixin.py:188} INFO - [2025-03-05T23:58:02.998+0000] {dagbag.py:545} INFO - Filling up the DagBag from /home/airflow/.local/lib/python3.12/site-packages/airflow/example_dags/example_sla_dag.py
[2025-03-05T23:58:03.017+0000] {processor.py:840} INFO - DAG(s) 'example_sla_dag' retrieved from /home/airflow/.local/lib/python3.12/site-packages/airflow/example_dags/example_sla_dag.py
[2025-03-05T23:58:03.078+0000] {logging_mixin.py:188} INFO - [2025-03-05T23:58:03.077+0000] {dag.py:3089} INFO - Sync 1 DAGs
[2025-03-05T23:58:03.123+0000] {logging_mixin.py:188} INFO - [2025-03-05T23:58:03.123+0000] {dag.py:3947} INFO - Setting next_dagrun for example_sla_dag to 2025-03-05 23:56:00+00:00, run_after=2025-03-05 23:58:00+00:00
[2025-03-05T23:58:03.164+0000] {processor.py:183} INFO - Processing /home/airflow/.local/lib/python3.12/site-packages/airflow/example_dags/example_sla_dag.py took 0.173 seconds
[2025-03-05T23:58:33.807+0000] {processor.py:161} INFO - Started process (PID=881) to work on /home/airflow/.local/lib/python3.12/site-packages/airflow/example_dags/example_sla_dag.py
[2025-03-05T23:58:33.809+0000] {processor.py:830} INFO - Processing file /home/airflow/.local/lib/python3.12/site-packages/airflow/example_dags/example_sla_dag.py for tasks to queue
[2025-03-05T23:58:33.811+0000] {logging_mixin.py:188} INFO - [2025-03-05T23:58:33.811+0000] {dagbag.py:545} INFO - Filling up the DagBag from /home/airflow/.local/lib/python3.12/site-packages/airflow/example_dags/example_sla_dag.py
[2025-03-05T23:58:33.833+0000] {processor.py:840} INFO - DAG(s) 'example_sla_dag' retrieved from /home/airflow/.local/lib/python3.12/site-packages/airflow/example_dags/example_sla_dag.py
[2025-03-05T23:58:33.856+0000] {logging_mixin.py:188} INFO - [2025-03-05T23:58:33.856+0000] {dag.py:3089} INFO - Sync 1 DAGs
[2025-03-05T23:58:33.872+0000] {logging_mixin.py:188} INFO - [2025-03-05T23:58:33.872+0000] {dag.py:3947} INFO - Setting next_dagrun for example_sla_dag to 2025-03-05 23:56:00+00:00, run_after=2025-03-05 23:58:00+00:00
[2025-03-05T23:58:33.920+0000] {processor.py:183} INFO - Processing /home/airflow/.local/lib/python3.12/site-packages/airflow/example_dags/example_sla_dag.py took 0.115 seconds
[2025-03-05T23:59:04.613+0000] {processor.py:161} INFO - Started process (PID=952) to work on /home/airflow/.local/lib/python3.12/site-packages/airflow/example_dags/example_sla_dag.py
[2025-03-05T23:59:04.615+0000] {processor.py:830} INFO - Processing file /home/airflow/.local/lib/python3.12/site-packages/airflow/example_dags/example_sla_dag.py for tasks to queue
[2025-03-05T23:59:04.615+0000] {logging_mixin.py:188} INFO - [2025-03-05T23:59:04.615+0000] {dagbag.py:545} INFO - Filling up the DagBag from /home/airflow/.local/lib/python3.12/site-packages/airflow/example_dags/example_sla_dag.py
[2025-03-05T23:59:04.632+0000] {processor.py:840} INFO - DAG(s) 'example_sla_dag' retrieved from /home/airflow/.local/lib/python3.12/site-packages/airflow/example_dags/example_sla_dag.py
[2025-03-05T23:59:04.673+0000] {logging_mixin.py:188} INFO - [2025-03-05T23:59:04.672+0000] {dag.py:3089} INFO - Sync 1 DAGs
[2025-03-05T23:59:04.732+0000] {logging_mixin.py:188} INFO - [2025-03-05T23:59:04.732+0000] {dag.py:3947} INFO - Setting next_dagrun for example_sla_dag to 2025-03-05 23:56:00+00:00, run_after=2025-03-05 23:58:00+00:00
[2025-03-05T23:59:04.783+0000] {processor.py:183} INFO - Processing /home/airflow/.local/lib/python3.12/site-packages/airflow/example_dags/example_sla_dag.py took 0.173 seconds
[2025-03-05T23:59:36.026+0000] {processor.py:161} INFO - Started process (PID=1021) to work on /home/airflow/.local/lib/python3.12/site-packages/airflow/example_dags/example_sla_dag.py
[2025-03-05T23:59:36.026+0000] {processor.py:830} INFO - Processing file /home/airflow/.local/lib/python3.12/site-packages/airflow/example_dags/example_sla_dag.py for tasks to queue
[2025-03-05T23:59:36.027+0000] {logging_mixin.py:188} INFO - [2025-03-05T23:59:36.027+0000] {dagbag.py:545} INFO - Filling up the DagBag from /home/airflow/.local/lib/python3.12/site-packages/airflow/example_dags/example_sla_dag.py
[2025-03-05T23:59:36.031+0000] {processor.py:840} INFO - DAG(s) 'example_sla_dag' retrieved from /home/airflow/.local/lib/python3.12/site-packages/airflow/example_dags/example_sla_dag.py
[2025-03-05T23:59:36.078+0000] {logging_mixin.py:188} INFO - [2025-03-05T23:59:36.077+0000] {dag.py:3089} INFO - Sync 1 DAGs
[2025-03-05T23:59:36.106+0000] {logging_mixin.py:188} INFO - [2025-03-05T23:59:36.106+0000] {dag.py:3947} INFO - Setting next_dagrun for example_sla_dag to 2025-03-05 23:56:00+00:00, run_after=2025-03-05 23:58:00+00:00
[2025-03-05T23:59:36.138+0000] {processor.py:183} INFO - Processing /home/airflow/.local/lib/python3.12/site-packages/airflow/example_dags/example_sla_dag.py took 0.117 seconds
