[2025-03-05T23:52:44.917+0000] {processor.py:161} INFO - Started process (PID=112) to work on /home/airflow/.local/lib/python3.12/site-packages/airflow/example_dags/example_branch_operator.py
[2025-03-05T23:52:44.918+0000] {processor.py:830} INFO - Processing file /home/airflow/.local/lib/python3.12/site-packages/airflow/example_dags/example_branch_operator.py for tasks to queue
[2025-03-05T23:52:44.925+0000] {logging_mixin.py:188} INFO - [2025-03-05T23:52:44.925+0000] {dagbag.py:545} INFO - Filling up the DagBag from /home/airflow/.local/lib/python3.12/site-packages/airflow/example_dags/example_branch_operator.py
[2025-03-05T23:52:44.954+0000] {processor.py:840} INFO - DAG(s) 'example_branch_operator' retrieved from /home/airflow/.local/lib/python3.12/site-packages/airflow/example_dags/example_branch_operator.py
[2025-03-05T23:52:45.042+0000] {logging_mixin.py:188} INFO - [2025-03-05T23:52:45.042+0000] {dag.py:3089} INFO - Sync 1 DAGs
[2025-03-05T23:52:45.066+0000] {logging_mixin.py:188} INFO - [2025-03-05T23:52:45.066+0000] {dag.py:3947} INFO - Setting next_dagrun for example_branch_operator to 2025-03-04 00:00:00+00:00, run_after=2025-03-05 00:00:00+00:00
[2025-03-05T23:52:45.087+0000] {processor.py:183} INFO - Processing /home/airflow/.local/lib/python3.12/site-packages/airflow/example_dags/example_branch_operator.py took 0.177 seconds
[2025-03-05T23:53:47.356+0000] {processor.py:161} INFO - Started process (PID=197) to work on /home/airflow/.local/lib/python3.12/site-packages/airflow/example_dags/example_branch_operator.py
[2025-03-05T23:53:47.360+0000] {processor.py:830} INFO - Processing file /home/airflow/.local/lib/python3.12/site-packages/airflow/example_dags/example_branch_operator.py for tasks to queue
[2025-03-05T23:53:47.367+0000] {logging_mixin.py:188} INFO - [2025-03-05T23:53:47.366+0000] {dagbag.py:545} INFO - Filling up the DagBag from /home/airflow/.local/lib/python3.12/site-packages/airflow/example_dags/example_branch_operator.py
[2025-03-05T23:53:47.390+0000] {processor.py:840} INFO - DAG(s) 'example_branch_operator' retrieved from /home/airflow/.local/lib/python3.12/site-packages/airflow/example_dags/example_branch_operator.py
[2025-03-05T23:53:47.406+0000] {logging_mixin.py:188} INFO - [2025-03-05T23:53:47.405+0000] {dag.py:3089} INFO - Sync 1 DAGs
[2025-03-05T23:53:47.428+0000] {logging_mixin.py:188} INFO - [2025-03-05T23:53:47.428+0000] {dag.py:3947} INFO - Setting next_dagrun for example_branch_operator to 2025-03-04 00:00:00+00:00, run_after=2025-03-05 00:00:00+00:00
[2025-03-05T23:53:47.445+0000] {processor.py:183} INFO - Processing /home/airflow/.local/lib/python3.12/site-packages/airflow/example_dags/example_branch_operator.py took 0.096 seconds
[2025-03-05T23:54:18.397+0000] {processor.py:161} INFO - Started process (PID=261) to work on /home/airflow/.local/lib/python3.12/site-packages/airflow/example_dags/example_branch_operator.py
[2025-03-05T23:54:18.399+0000] {processor.py:830} INFO - Processing file /home/airflow/.local/lib/python3.12/site-packages/airflow/example_dags/example_branch_operator.py for tasks to queue
[2025-03-05T23:54:18.403+0000] {logging_mixin.py:188} INFO - [2025-03-05T23:54:18.403+0000] {dagbag.py:545} INFO - Filling up the DagBag from /home/airflow/.local/lib/python3.12/site-packages/airflow/example_dags/example_branch_operator.py
[2025-03-05T23:54:18.411+0000] {processor.py:840} INFO - DAG(s) 'example_branch_operator' retrieved from /home/airflow/.local/lib/python3.12/site-packages/airflow/example_dags/example_branch_operator.py
[2025-03-05T23:54:18.441+0000] {logging_mixin.py:188} INFO - [2025-03-05T23:54:18.441+0000] {dag.py:3089} INFO - Sync 1 DAGs
[2025-03-05T23:54:18.488+0000] {logging_mixin.py:188} INFO - [2025-03-05T23:54:18.488+0000] {dag.py:3947} INFO - Setting next_dagrun for example_branch_operator to 2025-03-04 00:00:00+00:00, run_after=2025-03-05 00:00:00+00:00
[2025-03-05T23:54:18.556+0000] {processor.py:183} INFO - Processing /home/airflow/.local/lib/python3.12/site-packages/airflow/example_dags/example_branch_operator.py took 0.162 seconds
[2025-03-05T23:54:49.271+0000] {processor.py:161} INFO - Started process (PID=331) to work on /home/airflow/.local/lib/python3.12/site-packages/airflow/example_dags/example_branch_operator.py
[2025-03-05T23:54:49.272+0000] {processor.py:830} INFO - Processing file /home/airflow/.local/lib/python3.12/site-packages/airflow/example_dags/example_branch_operator.py for tasks to queue
[2025-03-05T23:54:49.272+0000] {logging_mixin.py:188} INFO - [2025-03-05T23:54:49.272+0000] {dagbag.py:545} INFO - Filling up the DagBag from /home/airflow/.local/lib/python3.12/site-packages/airflow/example_dags/example_branch_operator.py
[2025-03-05T23:54:49.293+0000] {processor.py:840} INFO - DAG(s) 'example_branch_operator' retrieved from /home/airflow/.local/lib/python3.12/site-packages/airflow/example_dags/example_branch_operator.py
[2025-03-05T23:54:49.348+0000] {logging_mixin.py:188} INFO - [2025-03-05T23:54:49.348+0000] {dag.py:3089} INFO - Sync 1 DAGs
[2025-03-05T23:54:49.399+0000] {logging_mixin.py:188} INFO - [2025-03-05T23:54:49.399+0000] {dag.py:3947} INFO - Setting next_dagrun for example_branch_operator to 2025-03-04 00:00:00+00:00, run_after=2025-03-05 00:00:00+00:00
[2025-03-05T23:54:49.440+0000] {processor.py:183} INFO - Processing /home/airflow/.local/lib/python3.12/site-packages/airflow/example_dags/example_branch_operator.py took 0.172 seconds
[2025-03-05T23:55:19.898+0000] {processor.py:161} INFO - Started process (PID=403) to work on /home/airflow/.local/lib/python3.12/site-packages/airflow/example_dags/example_branch_operator.py
[2025-03-05T23:55:19.902+0000] {processor.py:830} INFO - Processing file /home/airflow/.local/lib/python3.12/site-packages/airflow/example_dags/example_branch_operator.py for tasks to queue
[2025-03-05T23:55:19.903+0000] {logging_mixin.py:188} INFO - [2025-03-05T23:55:19.903+0000] {dagbag.py:545} INFO - Filling up the DagBag from /home/airflow/.local/lib/python3.12/site-packages/airflow/example_dags/example_branch_operator.py
[2025-03-05T23:55:19.918+0000] {processor.py:840} INFO - DAG(s) 'example_branch_operator' retrieved from /home/airflow/.local/lib/python3.12/site-packages/airflow/example_dags/example_branch_operator.py
[2025-03-05T23:55:19.949+0000] {logging_mixin.py:188} INFO - [2025-03-05T23:55:19.948+0000] {dag.py:3089} INFO - Sync 1 DAGs
[2025-03-05T23:55:19.970+0000] {logging_mixin.py:188} INFO - [2025-03-05T23:55:19.970+0000] {dag.py:3947} INFO - Setting next_dagrun for example_branch_operator to 2025-03-04 00:00:00+00:00, run_after=2025-03-05 00:00:00+00:00
[2025-03-05T23:55:20.000+0000] {processor.py:183} INFO - Processing /home/airflow/.local/lib/python3.12/site-packages/airflow/example_dags/example_branch_operator.py took 0.111 seconds
[2025-03-05T23:55:50.493+0000] {processor.py:161} INFO - Started process (PID=476) to work on /home/airflow/.local/lib/python3.12/site-packages/airflow/example_dags/example_branch_operator.py
[2025-03-05T23:55:50.494+0000] {processor.py:830} INFO - Processing file /home/airflow/.local/lib/python3.12/site-packages/airflow/example_dags/example_branch_operator.py for tasks to queue
[2025-03-05T23:55:50.495+0000] {logging_mixin.py:188} INFO - [2025-03-05T23:55:50.495+0000] {dagbag.py:545} INFO - Filling up the DagBag from /home/airflow/.local/lib/python3.12/site-packages/airflow/example_dags/example_branch_operator.py
[2025-03-05T23:55:50.515+0000] {processor.py:840} INFO - DAG(s) 'example_branch_operator' retrieved from /home/airflow/.local/lib/python3.12/site-packages/airflow/example_dags/example_branch_operator.py
[2025-03-05T23:55:50.600+0000] {logging_mixin.py:188} INFO - [2025-03-05T23:55:50.599+0000] {dag.py:3089} INFO - Sync 1 DAGs
[2025-03-05T23:55:50.627+0000] {logging_mixin.py:188} INFO - [2025-03-05T23:55:50.626+0000] {dag.py:3947} INFO - Setting next_dagrun for example_branch_operator to 2025-03-04 00:00:00+00:00, run_after=2025-03-05 00:00:00+00:00
[2025-03-05T23:55:50.679+0000] {processor.py:183} INFO - Processing /home/airflow/.local/lib/python3.12/site-packages/airflow/example_dags/example_branch_operator.py took 0.190 seconds
[2025-03-05T23:56:20.767+0000] {processor.py:161} INFO - Started process (PID=548) to work on /home/airflow/.local/lib/python3.12/site-packages/airflow/example_dags/example_branch_operator.py
[2025-03-05T23:56:20.771+0000] {processor.py:830} INFO - Processing file /home/airflow/.local/lib/python3.12/site-packages/airflow/example_dags/example_branch_operator.py for tasks to queue
[2025-03-05T23:56:20.771+0000] {logging_mixin.py:188} INFO - [2025-03-05T23:56:20.771+0000] {dagbag.py:545} INFO - Filling up the DagBag from /home/airflow/.local/lib/python3.12/site-packages/airflow/example_dags/example_branch_operator.py
[2025-03-05T23:56:20.787+0000] {processor.py:840} INFO - DAG(s) 'example_branch_operator' retrieved from /home/airflow/.local/lib/python3.12/site-packages/airflow/example_dags/example_branch_operator.py
[2025-03-05T23:56:20.818+0000] {logging_mixin.py:188} INFO - [2025-03-05T23:56:20.818+0000] {dag.py:3089} INFO - Sync 1 DAGs
[2025-03-05T23:56:21.033+0000] {logging_mixin.py:188} INFO - [2025-03-05T23:56:21.033+0000] {dag.py:3947} INFO - Setting next_dagrun for example_branch_operator to 2025-03-04 00:00:00+00:00, run_after=2025-03-05 00:00:00+00:00
[2025-03-05T23:56:21.053+0000] {processor.py:183} INFO - Processing /home/airflow/.local/lib/python3.12/site-packages/airflow/example_dags/example_branch_operator.py took 0.292 seconds
[2025-03-05T23:56:51.261+0000] {processor.py:161} INFO - Started process (PID=620) to work on /home/airflow/.local/lib/python3.12/site-packages/airflow/example_dags/example_branch_operator.py
[2025-03-05T23:56:51.262+0000] {processor.py:830} INFO - Processing file /home/airflow/.local/lib/python3.12/site-packages/airflow/example_dags/example_branch_operator.py for tasks to queue
[2025-03-05T23:56:51.264+0000] {logging_mixin.py:188} INFO - [2025-03-05T23:56:51.264+0000] {dagbag.py:545} INFO - Filling up the DagBag from /home/airflow/.local/lib/python3.12/site-packages/airflow/example_dags/example_branch_operator.py
[2025-03-05T23:56:51.277+0000] {processor.py:840} INFO - DAG(s) 'example_branch_operator' retrieved from /home/airflow/.local/lib/python3.12/site-packages/airflow/example_dags/example_branch_operator.py
[2025-03-05T23:56:51.305+0000] {logging_mixin.py:188} INFO - [2025-03-05T23:56:51.305+0000] {dag.py:3089} INFO - Sync 1 DAGs
[2025-03-05T23:56:51.322+0000] {logging_mixin.py:188} INFO - [2025-03-05T23:56:51.321+0000] {dag.py:3947} INFO - Setting next_dagrun for example_branch_operator to 2025-03-04 00:00:00+00:00, run_after=2025-03-05 00:00:00+00:00
[2025-03-05T23:56:51.450+0000] {processor.py:183} INFO - Processing /home/airflow/.local/lib/python3.12/site-packages/airflow/example_dags/example_branch_operator.py took 0.193 seconds
[2025-03-05T23:57:21.568+0000] {processor.py:161} INFO - Started process (PID=693) to work on /home/airflow/.local/lib/python3.12/site-packages/airflow/example_dags/example_branch_operator.py
[2025-03-05T23:57:21.569+0000] {processor.py:830} INFO - Processing file /home/airflow/.local/lib/python3.12/site-packages/airflow/example_dags/example_branch_operator.py for tasks to queue
[2025-03-05T23:57:21.570+0000] {logging_mixin.py:188} INFO - [2025-03-05T23:57:21.570+0000] {dagbag.py:545} INFO - Filling up the DagBag from /home/airflow/.local/lib/python3.12/site-packages/airflow/example_dags/example_branch_operator.py
[2025-03-05T23:57:21.585+0000] {processor.py:840} INFO - DAG(s) 'example_branch_operator' retrieved from /home/airflow/.local/lib/python3.12/site-packages/airflow/example_dags/example_branch_operator.py
[2025-03-05T23:57:21.614+0000] {logging_mixin.py:188} INFO - [2025-03-05T23:57:21.614+0000] {dag.py:3089} INFO - Sync 1 DAGs
[2025-03-05T23:57:21.635+0000] {logging_mixin.py:188} INFO - [2025-03-05T23:57:21.634+0000] {dag.py:3947} INFO - Setting next_dagrun for example_branch_operator to 2025-03-04 00:00:00+00:00, run_after=2025-03-05 00:00:00+00:00
[2025-03-05T23:57:21.659+0000] {processor.py:183} INFO - Processing /home/airflow/.local/lib/python3.12/site-packages/airflow/example_dags/example_branch_operator.py took 0.097 seconds
[2025-03-05T23:57:52.565+0000] {processor.py:161} INFO - Started process (PID=762) to work on /home/airflow/.local/lib/python3.12/site-packages/airflow/example_dags/example_branch_operator.py
[2025-03-05T23:57:52.567+0000] {processor.py:830} INFO - Processing file /home/airflow/.local/lib/python3.12/site-packages/airflow/example_dags/example_branch_operator.py for tasks to queue
[2025-03-05T23:57:52.568+0000] {logging_mixin.py:188} INFO - [2025-03-05T23:57:52.568+0000] {dagbag.py:545} INFO - Filling up the DagBag from /home/airflow/.local/lib/python3.12/site-packages/airflow/example_dags/example_branch_operator.py
[2025-03-05T23:57:52.576+0000] {processor.py:840} INFO - DAG(s) 'example_branch_operator' retrieved from /home/airflow/.local/lib/python3.12/site-packages/airflow/example_dags/example_branch_operator.py
[2025-03-05T23:57:52.592+0000] {logging_mixin.py:188} INFO - [2025-03-05T23:57:52.592+0000] {dag.py:3089} INFO - Sync 1 DAGs
[2025-03-05T23:57:52.625+0000] {logging_mixin.py:188} INFO - [2025-03-05T23:57:52.624+0000] {dag.py:3947} INFO - Setting next_dagrun for example_branch_operator to 2025-03-04 00:00:00+00:00, run_after=2025-03-05 00:00:00+00:00
[2025-03-05T23:57:52.677+0000] {processor.py:183} INFO - Processing /home/airflow/.local/lib/python3.12/site-packages/airflow/example_dags/example_branch_operator.py took 0.122 seconds
[2025-03-05T23:58:22.994+0000] {processor.py:161} INFO - Started process (PID=829) to work on /home/airflow/.local/lib/python3.12/site-packages/airflow/example_dags/example_branch_operator.py
[2025-03-05T23:58:23.005+0000] {processor.py:830} INFO - Processing file /home/airflow/.local/lib/python3.12/site-packages/airflow/example_dags/example_branch_operator.py for tasks to queue
[2025-03-05T23:58:23.008+0000] {logging_mixin.py:188} INFO - [2025-03-05T23:58:23.007+0000] {dagbag.py:545} INFO - Filling up the DagBag from /home/airflow/.local/lib/python3.12/site-packages/airflow/example_dags/example_branch_operator.py
[2025-03-05T23:58:23.015+0000] {processor.py:840} INFO - DAG(s) 'example_branch_operator' retrieved from /home/airflow/.local/lib/python3.12/site-packages/airflow/example_dags/example_branch_operator.py
[2025-03-05T23:58:23.074+0000] {logging_mixin.py:188} INFO - [2025-03-05T23:58:23.073+0000] {dag.py:3089} INFO - Sync 1 DAGs
[2025-03-05T23:58:23.101+0000] {logging_mixin.py:188} INFO - [2025-03-05T23:58:23.101+0000] {dag.py:3947} INFO - Setting next_dagrun for example_branch_operator to 2025-03-04 00:00:00+00:00, run_after=2025-03-05 00:00:00+00:00
[2025-03-05T23:58:23.150+0000] {processor.py:183} INFO - Processing /home/airflow/.local/lib/python3.12/site-packages/airflow/example_dags/example_branch_operator.py took 0.162 seconds
[2025-03-05T23:58:53.771+0000] {processor.py:161} INFO - Started process (PID=895) to work on /home/airflow/.local/lib/python3.12/site-packages/airflow/example_dags/example_branch_operator.py
[2025-03-05T23:58:53.773+0000] {processor.py:830} INFO - Processing file /home/airflow/.local/lib/python3.12/site-packages/airflow/example_dags/example_branch_operator.py for tasks to queue
[2025-03-05T23:58:53.777+0000] {logging_mixin.py:188} INFO - [2025-03-05T23:58:53.777+0000] {dagbag.py:545} INFO - Filling up the DagBag from /home/airflow/.local/lib/python3.12/site-packages/airflow/example_dags/example_branch_operator.py
[2025-03-05T23:58:53.795+0000] {processor.py:840} INFO - DAG(s) 'example_branch_operator' retrieved from /home/airflow/.local/lib/python3.12/site-packages/airflow/example_dags/example_branch_operator.py
[2025-03-05T23:58:53.811+0000] {logging_mixin.py:188} INFO - [2025-03-05T23:58:53.811+0000] {dag.py:3089} INFO - Sync 1 DAGs
[2025-03-05T23:58:53.829+0000] {logging_mixin.py:188} INFO - [2025-03-05T23:58:53.829+0000] {dag.py:3947} INFO - Setting next_dagrun for example_branch_operator to 2025-03-04 00:00:00+00:00, run_after=2025-03-05 00:00:00+00:00
[2025-03-05T23:58:53.853+0000] {processor.py:183} INFO - Processing /home/airflow/.local/lib/python3.12/site-packages/airflow/example_dags/example_branch_operator.py took 0.086 seconds
[2025-03-05T23:59:24.556+0000] {processor.py:161} INFO - Started process (PID=964) to work on /home/airflow/.local/lib/python3.12/site-packages/airflow/example_dags/example_branch_operator.py
[2025-03-05T23:59:24.563+0000] {processor.py:830} INFO - Processing file /home/airflow/.local/lib/python3.12/site-packages/airflow/example_dags/example_branch_operator.py for tasks to queue
[2025-03-05T23:59:24.564+0000] {logging_mixin.py:188} INFO - [2025-03-05T23:59:24.564+0000] {dagbag.py:545} INFO - Filling up the DagBag from /home/airflow/.local/lib/python3.12/site-packages/airflow/example_dags/example_branch_operator.py
[2025-03-05T23:59:24.575+0000] {processor.py:840} INFO - DAG(s) 'example_branch_operator' retrieved from /home/airflow/.local/lib/python3.12/site-packages/airflow/example_dags/example_branch_operator.py
[2025-03-05T23:59:24.598+0000] {logging_mixin.py:188} INFO - [2025-03-05T23:59:24.598+0000] {dag.py:3089} INFO - Sync 1 DAGs
[2025-03-05T23:59:24.617+0000] {logging_mixin.py:188} INFO - [2025-03-05T23:59:24.617+0000] {dag.py:3947} INFO - Setting next_dagrun for example_branch_operator to 2025-03-04 00:00:00+00:00, run_after=2025-03-05 00:00:00+00:00
[2025-03-05T23:59:24.632+0000] {processor.py:183} INFO - Processing /home/airflow/.local/lib/python3.12/site-packages/airflow/example_dags/example_branch_operator.py took 0.081 seconds
[2025-03-05T23:59:54.735+0000] {processor.py:161} INFO - Started process (PID=1035) to work on /home/airflow/.local/lib/python3.12/site-packages/airflow/example_dags/example_branch_operator.py
[2025-03-05T23:59:54.737+0000] {processor.py:830} INFO - Processing file /home/airflow/.local/lib/python3.12/site-packages/airflow/example_dags/example_branch_operator.py for tasks to queue
[2025-03-05T23:59:54.738+0000] {logging_mixin.py:188} INFO - [2025-03-05T23:59:54.738+0000] {dagbag.py:545} INFO - Filling up the DagBag from /home/airflow/.local/lib/python3.12/site-packages/airflow/example_dags/example_branch_operator.py
[2025-03-05T23:59:54.753+0000] {processor.py:840} INFO - DAG(s) 'example_branch_operator' retrieved from /home/airflow/.local/lib/python3.12/site-packages/airflow/example_dags/example_branch_operator.py
[2025-03-05T23:59:54.790+0000] {logging_mixin.py:188} INFO - [2025-03-05T23:59:54.790+0000] {dag.py:3089} INFO - Sync 1 DAGs
[2025-03-05T23:59:54.811+0000] {logging_mixin.py:188} INFO - [2025-03-05T23:59:54.811+0000] {dag.py:3947} INFO - Setting next_dagrun for example_branch_operator to 2025-03-04 00:00:00+00:00, run_after=2025-03-05 00:00:00+00:00
[2025-03-05T23:59:54.867+0000] {processor.py:183} INFO - Processing /home/airflow/.local/lib/python3.12/site-packages/airflow/example_dags/example_branch_operator.py took 0.135 seconds
