[2024-12-09T10:11:12.133+0000] {local_task_job_runner.py:120} INFO - ::group::Pre task execution logs
[2024-12-09T10:11:12.175+0000] {taskinstance.py:2076} INFO - Dependencies all met for dep_context=non-requeueable deps ti=<TaskInstance: dag_with_postgres_hooks.get_src_tables scheduled__2024-11-17T13:30:00+00:00 [queued]>
[2024-12-09T10:11:12.186+0000] {taskinstance.py:2076} INFO - Dependencies all met for dep_context=requeueable deps ti=<TaskInstance: dag_with_postgres_hooks.get_src_tables scheduled__2024-11-17T13:30:00+00:00 [queued]>
[2024-12-09T10:11:12.186+0000] {taskinstance.py:2306} INFO - Starting attempt 1 of 1
[2024-12-09T10:11:12.207+0000] {taskinstance.py:2330} INFO - Executing <Task(PythonOperator): get_src_tables> on 2024-11-17 13:30:00+00:00
[2024-12-09T10:11:12.242+0000] {warnings.py:112} WARNING - /home/***/.local/lib/python3.12/site-packages/***/task/task_runner/standard_task_runner.py:62: DeprecationWarning: This process (pid=99) is multi-threaded, use of fork() may lead to deadlocks in the child.
  pid = os.fork()

[2024-12-09T10:11:12.250+0000] {standard_task_runner.py:64} INFO - Started process 268 to run task
[2024-12-09T10:11:12.274+0000] {standard_task_runner.py:90} INFO - Running: ['***', 'tasks', 'run', 'dag_with_postgres_hooks', 'get_src_tables', 'scheduled__2024-11-17T13:30:00+00:00', '--job-id', '1291', '--raw', '--subdir', 'DAGS_FOLDER/Stock_pred.py', '--cfg-path', '/tmp/tmp6i1ij40s']
[2024-12-09T10:11:12.278+0000] {standard_task_runner.py:91} INFO - Job 1291: Subtask get_src_tables
[2024-12-09T10:11:12.420+0000] {task_command.py:426} INFO - Running <TaskInstance: dag_with_postgres_hooks.get_src_tables scheduled__2024-11-17T13:30:00+00:00 [running]> on host b7aba691e1ff
[2024-12-09T10:11:17.903+0000] {taskinstance.py:2648} INFO - Exporting env vars: AIRFLOW_CTX_DAG_EMAIL='***@example.com' AIRFLOW_CTX_DAG_OWNER='***' AIRFLOW_CTX_DAG_ID='dag_with_postgres_hooks' AIRFLOW_CTX_TASK_ID='get_src_tables' AIRFLOW_CTX_EXECUTION_DATE='2024-11-17T13:30:00+00:00' AIRFLOW_CTX_TRY_NUMBER='1' AIRFLOW_CTX_DAG_RUN_ID='scheduled__2024-11-17T13:30:00+00:00'
[2024-12-09T10:11:17.909+0000] {taskinstance.py:430} INFO - ::endgroup::
[2024-12-09T10:11:17.926+0000] {base.py:84} INFO - Using connection ID 'postgres_server_2' for task execution.
[2024-12-09T10:11:18.094+0000] {warnings.py:112} WARNING - /home/***/.local/lib/python3.12/site-packages/***/providers/common/sql/hooks/sql.py:269: UserWarning: pandas only supports SQLAlchemy connectable (engine/connection) or database string URI or sqlite3 DBAPI2 connection. Other DBAPI2 objects are not tested. Please consider using SQLAlchemy.
  return psql.read_sql(sql, con=conn, params=parameters, **kwargs)

[2024-12-09T10:11:36.287+0000] {python.py:237} INFO - Done. Returned value was: None
[2024-12-09T10:11:36.299+0000] {taskinstance.py:441} INFO - ::group::Post task execution logs
[2024-12-09T10:11:36.359+0000] {taskinstance.py:1206} INFO - Marking task as SUCCESS. dag_id=dag_with_postgres_hooks, task_id=get_src_tables, run_id=scheduled__2024-11-17T13:30:00+00:00, execution_date=20241117T133000, start_date=20241209T101112, end_date=20241209T101136
[2024-12-09T10:11:36.447+0000] {local_task_job_runner.py:243} INFO - Task exited with return code 0
[2024-12-09T10:11:36.477+0000] {taskinstance.py:3503} INFO - 1 downstream tasks scheduled from follow-on schedule check
[2024-12-09T10:11:36.481+0000] {local_task_job_runner.py:222} INFO - ::endgroup::
