[2025-03-21T12:05:03.409+0000] {processor.py:161} INFO - Started process (PID=129) to work on /home/airflow/.local/lib/python3.12/site-packages/airflow/example_dags/example_nested_branch_dag.py
[2025-03-21T12:05:03.411+0000] {processor.py:830} INFO - Processing file /home/airflow/.local/lib/python3.12/site-packages/airflow/example_dags/example_nested_branch_dag.py for tasks to queue
[2025-03-21T12:05:03.413+0000] {logging_mixin.py:188} INFO - [2025-03-21T12:05:03.413+0000] {dagbag.py:545} INFO - Filling up the DagBag from /home/airflow/.local/lib/python3.12/site-packages/airflow/example_dags/example_nested_branch_dag.py
[2025-03-21T12:05:03.423+0000] {processor.py:840} INFO - DAG(s) 'example_nested_branch_dag' retrieved from /home/airflow/.local/lib/python3.12/site-packages/airflow/example_dags/example_nested_branch_dag.py
[2025-03-21T12:05:03.437+0000] {logging_mixin.py:188} INFO - [2025-03-21T12:05:03.437+0000] {dag.py:3089} INFO - Sync 1 DAGs
[2025-03-21T12:05:03.449+0000] {logging_mixin.py:188} INFO - [2025-03-21T12:05:03.448+0000] {dag.py:3947} INFO - Setting next_dagrun for example_nested_branch_dag to 2025-03-20 00:00:00+00:00, run_after=2025-03-21 00:00:00+00:00
[2025-03-21T12:05:03.459+0000] {processor.py:183} INFO - Processing /home/airflow/.local/lib/python3.12/site-packages/airflow/example_dags/example_nested_branch_dag.py took 0.052 seconds
[2025-03-21T12:05:35.477+0000] {processor.py:161} INFO - Started process (PID=200) to work on /home/airflow/.local/lib/python3.12/site-packages/airflow/example_dags/example_nested_branch_dag.py
[2025-03-21T12:05:35.478+0000] {processor.py:830} INFO - Processing file /home/airflow/.local/lib/python3.12/site-packages/airflow/example_dags/example_nested_branch_dag.py for tasks to queue
[2025-03-21T12:05:35.479+0000] {logging_mixin.py:188} INFO - [2025-03-21T12:05:35.479+0000] {dagbag.py:545} INFO - Filling up the DagBag from /home/airflow/.local/lib/python3.12/site-packages/airflow/example_dags/example_nested_branch_dag.py
[2025-03-21T12:05:35.484+0000] {processor.py:840} INFO - DAG(s) 'example_nested_branch_dag' retrieved from /home/airflow/.local/lib/python3.12/site-packages/airflow/example_dags/example_nested_branch_dag.py
[2025-03-21T12:05:35.501+0000] {logging_mixin.py:188} INFO - [2025-03-21T12:05:35.500+0000] {dag.py:3089} INFO - Sync 1 DAGs
[2025-03-21T12:05:35.512+0000] {logging_mixin.py:188} INFO - [2025-03-21T12:05:35.512+0000] {dag.py:3947} INFO - Setting next_dagrun for example_nested_branch_dag to 2025-03-20 00:00:00+00:00, run_after=2025-03-21 00:00:00+00:00
[2025-03-21T12:05:35.518+0000] {processor.py:183} INFO - Processing /home/airflow/.local/lib/python3.12/site-packages/airflow/example_dags/example_nested_branch_dag.py took 0.045 seconds
[2025-03-21T12:06:07.056+0000] {processor.py:161} INFO - Started process (PID=272) to work on /home/airflow/.local/lib/python3.12/site-packages/airflow/example_dags/example_nested_branch_dag.py
[2025-03-21T12:06:07.057+0000] {processor.py:830} INFO - Processing file /home/airflow/.local/lib/python3.12/site-packages/airflow/example_dags/example_nested_branch_dag.py for tasks to queue
[2025-03-21T12:06:07.058+0000] {logging_mixin.py:188} INFO - [2025-03-21T12:06:07.058+0000] {dagbag.py:545} INFO - Filling up the DagBag from /home/airflow/.local/lib/python3.12/site-packages/airflow/example_dags/example_nested_branch_dag.py
[2025-03-21T12:06:07.063+0000] {processor.py:840} INFO - DAG(s) 'example_nested_branch_dag' retrieved from /home/airflow/.local/lib/python3.12/site-packages/airflow/example_dags/example_nested_branch_dag.py
[2025-03-21T12:06:07.075+0000] {logging_mixin.py:188} INFO - [2025-03-21T12:06:07.075+0000] {dag.py:3089} INFO - Sync 1 DAGs
[2025-03-21T12:06:07.084+0000] {logging_mixin.py:188} INFO - [2025-03-21T12:06:07.084+0000] {dag.py:3947} INFO - Setting next_dagrun for example_nested_branch_dag to 2025-03-20 00:00:00+00:00, run_after=2025-03-21 00:00:00+00:00
[2025-03-21T12:06:07.093+0000] {processor.py:183} INFO - Processing /home/airflow/.local/lib/python3.12/site-packages/airflow/example_dags/example_nested_branch_dag.py took 0.039 seconds
[2025-03-21T12:06:39.635+0000] {processor.py:161} INFO - Started process (PID=344) to work on /home/airflow/.local/lib/python3.12/site-packages/airflow/example_dags/example_nested_branch_dag.py
[2025-03-21T12:06:39.636+0000] {processor.py:830} INFO - Processing file /home/airflow/.local/lib/python3.12/site-packages/airflow/example_dags/example_nested_branch_dag.py for tasks to queue
[2025-03-21T12:06:39.637+0000] {logging_mixin.py:188} INFO - [2025-03-21T12:06:39.637+0000] {dagbag.py:545} INFO - Filling up the DagBag from /home/airflow/.local/lib/python3.12/site-packages/airflow/example_dags/example_nested_branch_dag.py
[2025-03-21T12:06:39.645+0000] {processor.py:840} INFO - DAG(s) 'example_nested_branch_dag' retrieved from /home/airflow/.local/lib/python3.12/site-packages/airflow/example_dags/example_nested_branch_dag.py
[2025-03-21T12:06:39.656+0000] {logging_mixin.py:188} INFO - [2025-03-21T12:06:39.656+0000] {dag.py:3089} INFO - Sync 1 DAGs
[2025-03-21T12:06:39.666+0000] {logging_mixin.py:188} INFO - [2025-03-21T12:06:39.666+0000] {dag.py:3947} INFO - Setting next_dagrun for example_nested_branch_dag to 2025-03-20 00:00:00+00:00, run_after=2025-03-21 00:00:00+00:00
[2025-03-21T12:06:39.673+0000] {processor.py:183} INFO - Processing /home/airflow/.local/lib/python3.12/site-packages/airflow/example_dags/example_nested_branch_dag.py took 0.041 seconds
[2025-03-21T12:07:12.095+0000] {processor.py:161} INFO - Started process (PID=416) to work on /home/airflow/.local/lib/python3.12/site-packages/airflow/example_dags/example_nested_branch_dag.py
[2025-03-21T12:07:12.096+0000] {processor.py:830} INFO - Processing file /home/airflow/.local/lib/python3.12/site-packages/airflow/example_dags/example_nested_branch_dag.py for tasks to queue
[2025-03-21T12:07:12.098+0000] {logging_mixin.py:188} INFO - [2025-03-21T12:07:12.098+0000] {dagbag.py:545} INFO - Filling up the DagBag from /home/airflow/.local/lib/python3.12/site-packages/airflow/example_dags/example_nested_branch_dag.py
[2025-03-21T12:07:12.103+0000] {processor.py:840} INFO - DAG(s) 'example_nested_branch_dag' retrieved from /home/airflow/.local/lib/python3.12/site-packages/airflow/example_dags/example_nested_branch_dag.py
[2025-03-21T12:07:12.111+0000] {logging_mixin.py:188} INFO - [2025-03-21T12:07:12.111+0000] {dag.py:3089} INFO - Sync 1 DAGs
[2025-03-21T12:07:12.120+0000] {logging_mixin.py:188} INFO - [2025-03-21T12:07:12.120+0000] {dag.py:3947} INFO - Setting next_dagrun for example_nested_branch_dag to 2025-03-20 00:00:00+00:00, run_after=2025-03-21 00:00:00+00:00
[2025-03-21T12:07:12.127+0000] {processor.py:183} INFO - Processing /home/airflow/.local/lib/python3.12/site-packages/airflow/example_dags/example_nested_branch_dag.py took 0.035 seconds
[2025-03-21T12:07:44.904+0000] {processor.py:161} INFO - Started process (PID=488) to work on /home/airflow/.local/lib/python3.12/site-packages/airflow/example_dags/example_nested_branch_dag.py
[2025-03-21T12:07:44.905+0000] {processor.py:830} INFO - Processing file /home/airflow/.local/lib/python3.12/site-packages/airflow/example_dags/example_nested_branch_dag.py for tasks to queue
[2025-03-21T12:07:44.905+0000] {logging_mixin.py:188} INFO - [2025-03-21T12:07:44.905+0000] {dagbag.py:545} INFO - Filling up the DagBag from /home/airflow/.local/lib/python3.12/site-packages/airflow/example_dags/example_nested_branch_dag.py
[2025-03-21T12:07:44.910+0000] {processor.py:840} INFO - DAG(s) 'example_nested_branch_dag' retrieved from /home/airflow/.local/lib/python3.12/site-packages/airflow/example_dags/example_nested_branch_dag.py
[2025-03-21T12:07:44.920+0000] {logging_mixin.py:188} INFO - [2025-03-21T12:07:44.920+0000] {dag.py:3089} INFO - Sync 1 DAGs
[2025-03-21T12:07:44.929+0000] {logging_mixin.py:188} INFO - [2025-03-21T12:07:44.929+0000] {dag.py:3947} INFO - Setting next_dagrun for example_nested_branch_dag to 2025-03-20 00:00:00+00:00, run_after=2025-03-21 00:00:00+00:00
[2025-03-21T12:07:44.938+0000] {processor.py:183} INFO - Processing /home/airflow/.local/lib/python3.12/site-packages/airflow/example_dags/example_nested_branch_dag.py took 0.036 seconds
[2025-03-21T12:08:17.480+0000] {processor.py:161} INFO - Started process (PID=559) to work on /home/airflow/.local/lib/python3.12/site-packages/airflow/example_dags/example_nested_branch_dag.py
[2025-03-21T12:08:17.481+0000] {processor.py:830} INFO - Processing file /home/airflow/.local/lib/python3.12/site-packages/airflow/example_dags/example_nested_branch_dag.py for tasks to queue
[2025-03-21T12:08:17.482+0000] {logging_mixin.py:188} INFO - [2025-03-21T12:08:17.482+0000] {dagbag.py:545} INFO - Filling up the DagBag from /home/airflow/.local/lib/python3.12/site-packages/airflow/example_dags/example_nested_branch_dag.py
[2025-03-21T12:08:17.486+0000] {processor.py:840} INFO - DAG(s) 'example_nested_branch_dag' retrieved from /home/airflow/.local/lib/python3.12/site-packages/airflow/example_dags/example_nested_branch_dag.py
[2025-03-21T12:08:17.496+0000] {logging_mixin.py:188} INFO - [2025-03-21T12:08:17.495+0000] {dag.py:3089} INFO - Sync 1 DAGs
[2025-03-21T12:08:17.505+0000] {logging_mixin.py:188} INFO - [2025-03-21T12:08:17.505+0000] {dag.py:3947} INFO - Setting next_dagrun for example_nested_branch_dag to 2025-03-20 00:00:00+00:00, run_after=2025-03-21 00:00:00+00:00
[2025-03-21T12:08:17.514+0000] {processor.py:183} INFO - Processing /home/airflow/.local/lib/python3.12/site-packages/airflow/example_dags/example_nested_branch_dag.py took 0.037 seconds
[2025-03-21T12:08:50.449+0000] {processor.py:161} INFO - Started process (PID=631) to work on /home/airflow/.local/lib/python3.12/site-packages/airflow/example_dags/example_nested_branch_dag.py
[2025-03-21T12:08:50.449+0000] {processor.py:830} INFO - Processing file /home/airflow/.local/lib/python3.12/site-packages/airflow/example_dags/example_nested_branch_dag.py for tasks to queue
[2025-03-21T12:08:50.450+0000] {logging_mixin.py:188} INFO - [2025-03-21T12:08:50.450+0000] {dagbag.py:545} INFO - Filling up the DagBag from /home/airflow/.local/lib/python3.12/site-packages/airflow/example_dags/example_nested_branch_dag.py
[2025-03-21T12:08:50.455+0000] {processor.py:840} INFO - DAG(s) 'example_nested_branch_dag' retrieved from /home/airflow/.local/lib/python3.12/site-packages/airflow/example_dags/example_nested_branch_dag.py
[2025-03-21T12:08:50.463+0000] {logging_mixin.py:188} INFO - [2025-03-21T12:08:50.463+0000] {dag.py:3089} INFO - Sync 1 DAGs
[2025-03-21T12:08:50.474+0000] {logging_mixin.py:188} INFO - [2025-03-21T12:08:50.474+0000] {dag.py:3947} INFO - Setting next_dagrun for example_nested_branch_dag to 2025-03-20 00:00:00+00:00, run_after=2025-03-21 00:00:00+00:00
[2025-03-21T12:08:50.481+0000] {processor.py:183} INFO - Processing /home/airflow/.local/lib/python3.12/site-packages/airflow/example_dags/example_nested_branch_dag.py took 0.035 seconds
[2025-03-21T12:09:22.917+0000] {processor.py:161} INFO - Started process (PID=703) to work on /home/airflow/.local/lib/python3.12/site-packages/airflow/example_dags/example_nested_branch_dag.py
[2025-03-21T12:09:22.917+0000] {processor.py:830} INFO - Processing file /home/airflow/.local/lib/python3.12/site-packages/airflow/example_dags/example_nested_branch_dag.py for tasks to queue
[2025-03-21T12:09:22.918+0000] {logging_mixin.py:188} INFO - [2025-03-21T12:09:22.918+0000] {dagbag.py:545} INFO - Filling up the DagBag from /home/airflow/.local/lib/python3.12/site-packages/airflow/example_dags/example_nested_branch_dag.py
[2025-03-21T12:09:22.923+0000] {processor.py:840} INFO - DAG(s) 'example_nested_branch_dag' retrieved from /home/airflow/.local/lib/python3.12/site-packages/airflow/example_dags/example_nested_branch_dag.py
[2025-03-21T12:09:22.933+0000] {logging_mixin.py:188} INFO - [2025-03-21T12:09:22.933+0000] {dag.py:3089} INFO - Sync 1 DAGs
[2025-03-21T12:09:22.942+0000] {logging_mixin.py:188} INFO - [2025-03-21T12:09:22.942+0000] {dag.py:3947} INFO - Setting next_dagrun for example_nested_branch_dag to 2025-03-20 00:00:00+00:00, run_after=2025-03-21 00:00:00+00:00
[2025-03-21T12:09:22.952+0000] {processor.py:183} INFO - Processing /home/airflow/.local/lib/python3.12/site-packages/airflow/example_dags/example_nested_branch_dag.py took 0.038 seconds
[2025-03-21T12:09:55.241+0000] {processor.py:161} INFO - Started process (PID=775) to work on /home/airflow/.local/lib/python3.12/site-packages/airflow/example_dags/example_nested_branch_dag.py
[2025-03-21T12:09:55.241+0000] {processor.py:830} INFO - Processing file /home/airflow/.local/lib/python3.12/site-packages/airflow/example_dags/example_nested_branch_dag.py for tasks to queue
[2025-03-21T12:09:55.242+0000] {logging_mixin.py:188} INFO - [2025-03-21T12:09:55.242+0000] {dagbag.py:545} INFO - Filling up the DagBag from /home/airflow/.local/lib/python3.12/site-packages/airflow/example_dags/example_nested_branch_dag.py
[2025-03-21T12:09:55.246+0000] {processor.py:840} INFO - DAG(s) 'example_nested_branch_dag' retrieved from /home/airflow/.local/lib/python3.12/site-packages/airflow/example_dags/example_nested_branch_dag.py
[2025-03-21T12:09:55.254+0000] {logging_mixin.py:188} INFO - [2025-03-21T12:09:55.254+0000] {dag.py:3089} INFO - Sync 1 DAGs
[2025-03-21T12:09:55.264+0000] {logging_mixin.py:188} INFO - [2025-03-21T12:09:55.264+0000] {dag.py:3947} INFO - Setting next_dagrun for example_nested_branch_dag to 2025-03-20 00:00:00+00:00, run_after=2025-03-21 00:00:00+00:00
[2025-03-21T12:09:55.271+0000] {processor.py:183} INFO - Processing /home/airflow/.local/lib/python3.12/site-packages/airflow/example_dags/example_nested_branch_dag.py took 0.033 seconds
[2025-03-21T12:10:27.644+0000] {processor.py:161} INFO - Started process (PID=847) to work on /home/airflow/.local/lib/python3.12/site-packages/airflow/example_dags/example_nested_branch_dag.py
[2025-03-21T12:10:27.645+0000] {processor.py:830} INFO - Processing file /home/airflow/.local/lib/python3.12/site-packages/airflow/example_dags/example_nested_branch_dag.py for tasks to queue
[2025-03-21T12:10:27.646+0000] {logging_mixin.py:188} INFO - [2025-03-21T12:10:27.645+0000] {dagbag.py:545} INFO - Filling up the DagBag from /home/airflow/.local/lib/python3.12/site-packages/airflow/example_dags/example_nested_branch_dag.py
[2025-03-21T12:10:27.650+0000] {processor.py:840} INFO - DAG(s) 'example_nested_branch_dag' retrieved from /home/airflow/.local/lib/python3.12/site-packages/airflow/example_dags/example_nested_branch_dag.py
[2025-03-21T12:10:27.662+0000] {logging_mixin.py:188} INFO - [2025-03-21T12:10:27.662+0000] {dag.py:3089} INFO - Sync 1 DAGs
[2025-03-21T12:10:27.671+0000] {logging_mixin.py:188} INFO - [2025-03-21T12:10:27.671+0000] {dag.py:3947} INFO - Setting next_dagrun for example_nested_branch_dag to 2025-03-20 00:00:00+00:00, run_after=2025-03-21 00:00:00+00:00
[2025-03-21T12:10:27.679+0000] {processor.py:183} INFO - Processing /home/airflow/.local/lib/python3.12/site-packages/airflow/example_dags/example_nested_branch_dag.py took 0.038 seconds
[2025-03-21T12:11:00.079+0000] {processor.py:161} INFO - Started process (PID=919) to work on /home/airflow/.local/lib/python3.12/site-packages/airflow/example_dags/example_nested_branch_dag.py
[2025-03-21T12:11:00.079+0000] {processor.py:830} INFO - Processing file /home/airflow/.local/lib/python3.12/site-packages/airflow/example_dags/example_nested_branch_dag.py for tasks to queue
[2025-03-21T12:11:00.080+0000] {logging_mixin.py:188} INFO - [2025-03-21T12:11:00.080+0000] {dagbag.py:545} INFO - Filling up the DagBag from /home/airflow/.local/lib/python3.12/site-packages/airflow/example_dags/example_nested_branch_dag.py
[2025-03-21T12:11:00.084+0000] {processor.py:840} INFO - DAG(s) 'example_nested_branch_dag' retrieved from /home/airflow/.local/lib/python3.12/site-packages/airflow/example_dags/example_nested_branch_dag.py
[2025-03-21T12:11:00.097+0000] {logging_mixin.py:188} INFO - [2025-03-21T12:11:00.096+0000] {dag.py:3089} INFO - Sync 1 DAGs
[2025-03-21T12:11:00.106+0000] {logging_mixin.py:188} INFO - [2025-03-21T12:11:00.106+0000] {dag.py:3947} INFO - Setting next_dagrun for example_nested_branch_dag to 2025-03-20 00:00:00+00:00, run_after=2025-03-21 00:00:00+00:00
[2025-03-21T12:11:00.116+0000] {processor.py:183} INFO - Processing /home/airflow/.local/lib/python3.12/site-packages/airflow/example_dags/example_nested_branch_dag.py took 0.040 seconds
[2025-03-21T12:11:32.910+0000] {processor.py:161} INFO - Started process (PID=997) to work on /home/airflow/.local/lib/python3.12/site-packages/airflow/example_dags/example_nested_branch_dag.py
[2025-03-21T12:11:32.910+0000] {processor.py:830} INFO - Processing file /home/airflow/.local/lib/python3.12/site-packages/airflow/example_dags/example_nested_branch_dag.py for tasks to queue
[2025-03-21T12:11:32.911+0000] {logging_mixin.py:188} INFO - [2025-03-21T12:11:32.911+0000] {dagbag.py:545} INFO - Filling up the DagBag from /home/airflow/.local/lib/python3.12/site-packages/airflow/example_dags/example_nested_branch_dag.py
[2025-03-21T12:11:32.916+0000] {processor.py:840} INFO - DAG(s) 'example_nested_branch_dag' retrieved from /home/airflow/.local/lib/python3.12/site-packages/airflow/example_dags/example_nested_branch_dag.py
[2025-03-21T12:11:32.928+0000] {logging_mixin.py:188} INFO - [2025-03-21T12:11:32.928+0000] {dag.py:3089} INFO - Sync 1 DAGs
[2025-03-21T12:11:32.938+0000] {logging_mixin.py:188} INFO - [2025-03-21T12:11:32.938+0000] {dag.py:3947} INFO - Setting next_dagrun for example_nested_branch_dag to 2025-03-20 00:00:00+00:00, run_after=2025-03-21 00:00:00+00:00
[2025-03-21T12:11:32.955+0000] {processor.py:183} INFO - Processing /home/airflow/.local/lib/python3.12/site-packages/airflow/example_dags/example_nested_branch_dag.py took 0.048 seconds
[2025-03-21T12:12:05.440+0000] {processor.py:161} INFO - Started process (PID=1069) to work on /home/airflow/.local/lib/python3.12/site-packages/airflow/example_dags/example_nested_branch_dag.py
[2025-03-21T12:12:05.441+0000] {processor.py:830} INFO - Processing file /home/airflow/.local/lib/python3.12/site-packages/airflow/example_dags/example_nested_branch_dag.py for tasks to queue
[2025-03-21T12:12:05.442+0000] {logging_mixin.py:188} INFO - [2025-03-21T12:12:05.442+0000] {dagbag.py:545} INFO - Filling up the DagBag from /home/airflow/.local/lib/python3.12/site-packages/airflow/example_dags/example_nested_branch_dag.py
[2025-03-21T12:12:05.446+0000] {processor.py:840} INFO - DAG(s) 'example_nested_branch_dag' retrieved from /home/airflow/.local/lib/python3.12/site-packages/airflow/example_dags/example_nested_branch_dag.py
[2025-03-21T12:12:05.457+0000] {logging_mixin.py:188} INFO - [2025-03-21T12:12:05.457+0000] {dag.py:3089} INFO - Sync 1 DAGs
[2025-03-21T12:12:05.469+0000] {logging_mixin.py:188} INFO - [2025-03-21T12:12:05.469+0000] {dag.py:3947} INFO - Setting next_dagrun for example_nested_branch_dag to 2025-03-20 00:00:00+00:00, run_after=2025-03-21 00:00:00+00:00
[2025-03-21T12:12:05.476+0000] {processor.py:183} INFO - Processing /home/airflow/.local/lib/python3.12/site-packages/airflow/example_dags/example_nested_branch_dag.py took 0.038 seconds
[2025-03-21T12:12:37.972+0000] {processor.py:161} INFO - Started process (PID=1141) to work on /home/airflow/.local/lib/python3.12/site-packages/airflow/example_dags/example_nested_branch_dag.py
[2025-03-21T12:12:37.972+0000] {processor.py:830} INFO - Processing file /home/airflow/.local/lib/python3.12/site-packages/airflow/example_dags/example_nested_branch_dag.py for tasks to queue
[2025-03-21T12:12:37.973+0000] {logging_mixin.py:188} INFO - [2025-03-21T12:12:37.973+0000] {dagbag.py:545} INFO - Filling up the DagBag from /home/airflow/.local/lib/python3.12/site-packages/airflow/example_dags/example_nested_branch_dag.py
[2025-03-21T12:12:37.977+0000] {processor.py:840} INFO - DAG(s) 'example_nested_branch_dag' retrieved from /home/airflow/.local/lib/python3.12/site-packages/airflow/example_dags/example_nested_branch_dag.py
[2025-03-21T12:12:37.985+0000] {logging_mixin.py:188} INFO - [2025-03-21T12:12:37.985+0000] {dag.py:3089} INFO - Sync 1 DAGs
[2025-03-21T12:12:37.993+0000] {logging_mixin.py:188} INFO - [2025-03-21T12:12:37.993+0000] {dag.py:3947} INFO - Setting next_dagrun for example_nested_branch_dag to 2025-03-20 00:00:00+00:00, run_after=2025-03-21 00:00:00+00:00
[2025-03-21T12:12:38.000+0000] {processor.py:183} INFO - Processing /home/airflow/.local/lib/python3.12/site-packages/airflow/example_dags/example_nested_branch_dag.py took 0.031 seconds
[2025-03-21T12:13:10.399+0000] {processor.py:161} INFO - Started process (PID=1213) to work on /home/airflow/.local/lib/python3.12/site-packages/airflow/example_dags/example_nested_branch_dag.py
[2025-03-21T12:13:10.400+0000] {processor.py:830} INFO - Processing file /home/airflow/.local/lib/python3.12/site-packages/airflow/example_dags/example_nested_branch_dag.py for tasks to queue
[2025-03-21T12:13:10.402+0000] {logging_mixin.py:188} INFO - [2025-03-21T12:13:10.402+0000] {dagbag.py:545} INFO - Filling up the DagBag from /home/airflow/.local/lib/python3.12/site-packages/airflow/example_dags/example_nested_branch_dag.py
[2025-03-21T12:13:10.406+0000] {processor.py:840} INFO - DAG(s) 'example_nested_branch_dag' retrieved from /home/airflow/.local/lib/python3.12/site-packages/airflow/example_dags/example_nested_branch_dag.py
[2025-03-21T12:13:10.416+0000] {logging_mixin.py:188} INFO - [2025-03-21T12:13:10.416+0000] {dag.py:3089} INFO - Sync 1 DAGs
[2025-03-21T12:13:10.424+0000] {logging_mixin.py:188} INFO - [2025-03-21T12:13:10.424+0000] {dag.py:3947} INFO - Setting next_dagrun for example_nested_branch_dag to 2025-03-20 00:00:00+00:00, run_after=2025-03-21 00:00:00+00:00
[2025-03-21T12:13:10.430+0000] {processor.py:183} INFO - Processing /home/airflow/.local/lib/python3.12/site-packages/airflow/example_dags/example_nested_branch_dag.py took 0.034 seconds
[2025-03-21T12:13:43.051+0000] {processor.py:161} INFO - Started process (PID=1285) to work on /home/airflow/.local/lib/python3.12/site-packages/airflow/example_dags/example_nested_branch_dag.py
[2025-03-21T12:13:43.051+0000] {processor.py:830} INFO - Processing file /home/airflow/.local/lib/python3.12/site-packages/airflow/example_dags/example_nested_branch_dag.py for tasks to queue
[2025-03-21T12:13:43.052+0000] {logging_mixin.py:188} INFO - [2025-03-21T12:13:43.052+0000] {dagbag.py:545} INFO - Filling up the DagBag from /home/airflow/.local/lib/python3.12/site-packages/airflow/example_dags/example_nested_branch_dag.py
[2025-03-21T12:13:43.056+0000] {processor.py:840} INFO - DAG(s) 'example_nested_branch_dag' retrieved from /home/airflow/.local/lib/python3.12/site-packages/airflow/example_dags/example_nested_branch_dag.py
[2025-03-21T12:13:43.067+0000] {logging_mixin.py:188} INFO - [2025-03-21T12:13:43.067+0000] {dag.py:3089} INFO - Sync 1 DAGs
[2025-03-21T12:13:43.077+0000] {logging_mixin.py:188} INFO - [2025-03-21T12:13:43.077+0000] {dag.py:3947} INFO - Setting next_dagrun for example_nested_branch_dag to 2025-03-20 00:00:00+00:00, run_after=2025-03-21 00:00:00+00:00
[2025-03-21T12:13:43.087+0000] {processor.py:183} INFO - Processing /home/airflow/.local/lib/python3.12/site-packages/airflow/example_dags/example_nested_branch_dag.py took 0.040 seconds
[2025-03-21T12:14:15.534+0000] {processor.py:161} INFO - Started process (PID=1357) to work on /home/airflow/.local/lib/python3.12/site-packages/airflow/example_dags/example_nested_branch_dag.py
[2025-03-21T12:14:15.535+0000] {processor.py:830} INFO - Processing file /home/airflow/.local/lib/python3.12/site-packages/airflow/example_dags/example_nested_branch_dag.py for tasks to queue
[2025-03-21T12:14:15.535+0000] {logging_mixin.py:188} INFO - [2025-03-21T12:14:15.535+0000] {dagbag.py:545} INFO - Filling up the DagBag from /home/airflow/.local/lib/python3.12/site-packages/airflow/example_dags/example_nested_branch_dag.py
[2025-03-21T12:14:15.539+0000] {processor.py:840} INFO - DAG(s) 'example_nested_branch_dag' retrieved from /home/airflow/.local/lib/python3.12/site-packages/airflow/example_dags/example_nested_branch_dag.py
[2025-03-21T12:14:15.547+0000] {logging_mixin.py:188} INFO - [2025-03-21T12:14:15.547+0000] {dag.py:3089} INFO - Sync 1 DAGs
[2025-03-21T12:14:15.555+0000] {logging_mixin.py:188} INFO - [2025-03-21T12:14:15.555+0000] {dag.py:3947} INFO - Setting next_dagrun for example_nested_branch_dag to 2025-03-20 00:00:00+00:00, run_after=2025-03-21 00:00:00+00:00
[2025-03-21T12:14:15.561+0000] {processor.py:183} INFO - Processing /home/airflow/.local/lib/python3.12/site-packages/airflow/example_dags/example_nested_branch_dag.py took 0.029 seconds
[2025-03-21T12:14:47.952+0000] {processor.py:161} INFO - Started process (PID=1429) to work on /home/airflow/.local/lib/python3.12/site-packages/airflow/example_dags/example_nested_branch_dag.py
[2025-03-21T12:14:47.954+0000] {processor.py:830} INFO - Processing file /home/airflow/.local/lib/python3.12/site-packages/airflow/example_dags/example_nested_branch_dag.py for tasks to queue
[2025-03-21T12:14:47.954+0000] {logging_mixin.py:188} INFO - [2025-03-21T12:14:47.954+0000] {dagbag.py:545} INFO - Filling up the DagBag from /home/airflow/.local/lib/python3.12/site-packages/airflow/example_dags/example_nested_branch_dag.py
[2025-03-21T12:14:47.959+0000] {processor.py:840} INFO - DAG(s) 'example_nested_branch_dag' retrieved from /home/airflow/.local/lib/python3.12/site-packages/airflow/example_dags/example_nested_branch_dag.py
[2025-03-21T12:14:47.968+0000] {logging_mixin.py:188} INFO - [2025-03-21T12:14:47.968+0000] {dag.py:3089} INFO - Sync 1 DAGs
[2025-03-21T12:14:47.977+0000] {logging_mixin.py:188} INFO - [2025-03-21T12:14:47.977+0000] {dag.py:3947} INFO - Setting next_dagrun for example_nested_branch_dag to 2025-03-20 00:00:00+00:00, run_after=2025-03-21 00:00:00+00:00
[2025-03-21T12:14:47.983+0000] {processor.py:183} INFO - Processing /home/airflow/.local/lib/python3.12/site-packages/airflow/example_dags/example_nested_branch_dag.py took 0.034 seconds
[2025-03-21T12:15:20.439+0000] {processor.py:161} INFO - Started process (PID=1501) to work on /home/airflow/.local/lib/python3.12/site-packages/airflow/example_dags/example_nested_branch_dag.py
[2025-03-21T12:15:20.441+0000] {processor.py:830} INFO - Processing file /home/airflow/.local/lib/python3.12/site-packages/airflow/example_dags/example_nested_branch_dag.py for tasks to queue
[2025-03-21T12:15:20.441+0000] {logging_mixin.py:188} INFO - [2025-03-21T12:15:20.441+0000] {dagbag.py:545} INFO - Filling up the DagBag from /home/airflow/.local/lib/python3.12/site-packages/airflow/example_dags/example_nested_branch_dag.py
[2025-03-21T12:15:20.446+0000] {processor.py:840} INFO - DAG(s) 'example_nested_branch_dag' retrieved from /home/airflow/.local/lib/python3.12/site-packages/airflow/example_dags/example_nested_branch_dag.py
[2025-03-21T12:15:20.459+0000] {logging_mixin.py:188} INFO - [2025-03-21T12:15:20.458+0000] {dag.py:3089} INFO - Sync 1 DAGs
[2025-03-21T12:15:20.470+0000] {logging_mixin.py:188} INFO - [2025-03-21T12:15:20.470+0000] {dag.py:3947} INFO - Setting next_dagrun for example_nested_branch_dag to 2025-03-20 00:00:00+00:00, run_after=2025-03-21 00:00:00+00:00
[2025-03-21T12:15:20.479+0000] {processor.py:183} INFO - Processing /home/airflow/.local/lib/python3.12/site-packages/airflow/example_dags/example_nested_branch_dag.py took 0.042 seconds
[2025-03-21T12:15:52.952+0000] {processor.py:161} INFO - Started process (PID=1572) to work on /home/airflow/.local/lib/python3.12/site-packages/airflow/example_dags/example_nested_branch_dag.py
[2025-03-21T12:15:52.953+0000] {processor.py:830} INFO - Processing file /home/airflow/.local/lib/python3.12/site-packages/airflow/example_dags/example_nested_branch_dag.py for tasks to queue
[2025-03-21T12:15:52.953+0000] {logging_mixin.py:188} INFO - [2025-03-21T12:15:52.953+0000] {dagbag.py:545} INFO - Filling up the DagBag from /home/airflow/.local/lib/python3.12/site-packages/airflow/example_dags/example_nested_branch_dag.py
[2025-03-21T12:15:52.958+0000] {processor.py:840} INFO - DAG(s) 'example_nested_branch_dag' retrieved from /home/airflow/.local/lib/python3.12/site-packages/airflow/example_dags/example_nested_branch_dag.py
[2025-03-21T12:15:52.973+0000] {logging_mixin.py:188} INFO - [2025-03-21T12:15:52.973+0000] {dag.py:3089} INFO - Sync 1 DAGs
[2025-03-21T12:15:52.983+0000] {logging_mixin.py:188} INFO - [2025-03-21T12:15:52.983+0000] {dag.py:3947} INFO - Setting next_dagrun for example_nested_branch_dag to 2025-03-20 00:00:00+00:00, run_after=2025-03-21 00:00:00+00:00
[2025-03-21T12:15:52.993+0000] {processor.py:183} INFO - Processing /home/airflow/.local/lib/python3.12/site-packages/airflow/example_dags/example_nested_branch_dag.py took 0.044 seconds
[2025-03-21T12:16:25.901+0000] {processor.py:161} INFO - Started process (PID=1643) to work on /home/airflow/.local/lib/python3.12/site-packages/airflow/example_dags/example_nested_branch_dag.py
[2025-03-21T12:16:25.902+0000] {processor.py:830} INFO - Processing file /home/airflow/.local/lib/python3.12/site-packages/airflow/example_dags/example_nested_branch_dag.py for tasks to queue
[2025-03-21T12:16:25.902+0000] {logging_mixin.py:188} INFO - [2025-03-21T12:16:25.902+0000] {dagbag.py:545} INFO - Filling up the DagBag from /home/airflow/.local/lib/python3.12/site-packages/airflow/example_dags/example_nested_branch_dag.py
[2025-03-21T12:16:25.907+0000] {processor.py:840} INFO - DAG(s) 'example_nested_branch_dag' retrieved from /home/airflow/.local/lib/python3.12/site-packages/airflow/example_dags/example_nested_branch_dag.py
[2025-03-21T12:16:25.916+0000] {logging_mixin.py:188} INFO - [2025-03-21T12:16:25.916+0000] {dag.py:3089} INFO - Sync 1 DAGs
[2025-03-21T12:16:25.928+0000] {logging_mixin.py:188} INFO - [2025-03-21T12:16:25.928+0000] {dag.py:3947} INFO - Setting next_dagrun for example_nested_branch_dag to 2025-03-20 00:00:00+00:00, run_after=2025-03-21 00:00:00+00:00
[2025-03-21T12:16:25.937+0000] {processor.py:183} INFO - Processing /home/airflow/.local/lib/python3.12/site-packages/airflow/example_dags/example_nested_branch_dag.py took 0.038 seconds
[2025-03-21T12:16:58.258+0000] {processor.py:161} INFO - Started process (PID=1715) to work on /home/airflow/.local/lib/python3.12/site-packages/airflow/example_dags/example_nested_branch_dag.py
[2025-03-21T12:16:58.259+0000] {processor.py:830} INFO - Processing file /home/airflow/.local/lib/python3.12/site-packages/airflow/example_dags/example_nested_branch_dag.py for tasks to queue
[2025-03-21T12:16:58.260+0000] {logging_mixin.py:188} INFO - [2025-03-21T12:16:58.260+0000] {dagbag.py:545} INFO - Filling up the DagBag from /home/airflow/.local/lib/python3.12/site-packages/airflow/example_dags/example_nested_branch_dag.py
[2025-03-21T12:16:58.264+0000] {processor.py:840} INFO - DAG(s) 'example_nested_branch_dag' retrieved from /home/airflow/.local/lib/python3.12/site-packages/airflow/example_dags/example_nested_branch_dag.py
[2025-03-21T12:16:58.275+0000] {logging_mixin.py:188} INFO - [2025-03-21T12:16:58.275+0000] {dag.py:3089} INFO - Sync 1 DAGs
[2025-03-21T12:16:58.286+0000] {logging_mixin.py:188} INFO - [2025-03-21T12:16:58.286+0000] {dag.py:3947} INFO - Setting next_dagrun for example_nested_branch_dag to 2025-03-20 00:00:00+00:00, run_after=2025-03-21 00:00:00+00:00
[2025-03-21T12:16:58.297+0000] {processor.py:183} INFO - Processing /home/airflow/.local/lib/python3.12/site-packages/airflow/example_dags/example_nested_branch_dag.py took 0.042 seconds
[2025-03-21T12:17:30.827+0000] {processor.py:161} INFO - Started process (PID=1787) to work on /home/airflow/.local/lib/python3.12/site-packages/airflow/example_dags/example_nested_branch_dag.py
[2025-03-21T12:17:30.827+0000] {processor.py:830} INFO - Processing file /home/airflow/.local/lib/python3.12/site-packages/airflow/example_dags/example_nested_branch_dag.py for tasks to queue
[2025-03-21T12:17:30.829+0000] {logging_mixin.py:188} INFO - [2025-03-21T12:17:30.828+0000] {dagbag.py:545} INFO - Filling up the DagBag from /home/airflow/.local/lib/python3.12/site-packages/airflow/example_dags/example_nested_branch_dag.py
[2025-03-21T12:17:30.840+0000] {processor.py:840} INFO - DAG(s) 'example_nested_branch_dag' retrieved from /home/airflow/.local/lib/python3.12/site-packages/airflow/example_dags/example_nested_branch_dag.py
[2025-03-21T12:17:30.855+0000] {logging_mixin.py:188} INFO - [2025-03-21T12:17:30.855+0000] {dag.py:3089} INFO - Sync 1 DAGs
[2025-03-21T12:17:30.865+0000] {logging_mixin.py:188} INFO - [2025-03-21T12:17:30.865+0000] {dag.py:3947} INFO - Setting next_dagrun for example_nested_branch_dag to 2025-03-20 00:00:00+00:00, run_after=2025-03-21 00:00:00+00:00
[2025-03-21T12:17:30.875+0000] {processor.py:183} INFO - Processing /home/airflow/.local/lib/python3.12/site-packages/airflow/example_dags/example_nested_branch_dag.py took 0.051 seconds
[2025-03-21T12:18:03.525+0000] {processor.py:161} INFO - Started process (PID=1864) to work on /home/airflow/.local/lib/python3.12/site-packages/airflow/example_dags/example_nested_branch_dag.py
[2025-03-21T12:18:03.525+0000] {processor.py:830} INFO - Processing file /home/airflow/.local/lib/python3.12/site-packages/airflow/example_dags/example_nested_branch_dag.py for tasks to queue
[2025-03-21T12:18:03.526+0000] {logging_mixin.py:188} INFO - [2025-03-21T12:18:03.526+0000] {dagbag.py:545} INFO - Filling up the DagBag from /home/airflow/.local/lib/python3.12/site-packages/airflow/example_dags/example_nested_branch_dag.py
[2025-03-21T12:18:03.530+0000] {processor.py:840} INFO - DAG(s) 'example_nested_branch_dag' retrieved from /home/airflow/.local/lib/python3.12/site-packages/airflow/example_dags/example_nested_branch_dag.py
[2025-03-21T12:18:03.542+0000] {logging_mixin.py:188} INFO - [2025-03-21T12:18:03.542+0000] {dag.py:3089} INFO - Sync 1 DAGs
[2025-03-21T12:18:03.554+0000] {logging_mixin.py:188} INFO - [2025-03-21T12:18:03.553+0000] {dag.py:3947} INFO - Setting next_dagrun for example_nested_branch_dag to 2025-03-20 00:00:00+00:00, run_after=2025-03-21 00:00:00+00:00
[2025-03-21T12:18:03.565+0000] {processor.py:183} INFO - Processing /home/airflow/.local/lib/python3.12/site-packages/airflow/example_dags/example_nested_branch_dag.py took 0.043 seconds
[2025-03-21T12:18:36.301+0000] {processor.py:161} INFO - Started process (PID=1936) to work on /home/airflow/.local/lib/python3.12/site-packages/airflow/example_dags/example_nested_branch_dag.py
[2025-03-21T12:18:36.301+0000] {processor.py:830} INFO - Processing file /home/airflow/.local/lib/python3.12/site-packages/airflow/example_dags/example_nested_branch_dag.py for tasks to queue
[2025-03-21T12:18:36.302+0000] {logging_mixin.py:188} INFO - [2025-03-21T12:18:36.302+0000] {dagbag.py:545} INFO - Filling up the DagBag from /home/airflow/.local/lib/python3.12/site-packages/airflow/example_dags/example_nested_branch_dag.py
[2025-03-21T12:18:36.308+0000] {processor.py:840} INFO - DAG(s) 'example_nested_branch_dag' retrieved from /home/airflow/.local/lib/python3.12/site-packages/airflow/example_dags/example_nested_branch_dag.py
[2025-03-21T12:18:36.316+0000] {logging_mixin.py:188} INFO - [2025-03-21T12:18:36.316+0000] {dag.py:3089} INFO - Sync 1 DAGs
[2025-03-21T12:18:36.328+0000] {logging_mixin.py:188} INFO - [2025-03-21T12:18:36.328+0000] {dag.py:3947} INFO - Setting next_dagrun for example_nested_branch_dag to 2025-03-20 00:00:00+00:00, run_after=2025-03-21 00:00:00+00:00
[2025-03-21T12:18:36.336+0000] {processor.py:183} INFO - Processing /home/airflow/.local/lib/python3.12/site-packages/airflow/example_dags/example_nested_branch_dag.py took 0.038 seconds
[2025-03-21T12:19:08.888+0000] {processor.py:161} INFO - Started process (PID=2008) to work on /home/airflow/.local/lib/python3.12/site-packages/airflow/example_dags/example_nested_branch_dag.py
[2025-03-21T12:19:08.889+0000] {processor.py:830} INFO - Processing file /home/airflow/.local/lib/python3.12/site-packages/airflow/example_dags/example_nested_branch_dag.py for tasks to queue
[2025-03-21T12:19:08.889+0000] {logging_mixin.py:188} INFO - [2025-03-21T12:19:08.889+0000] {dagbag.py:545} INFO - Filling up the DagBag from /home/airflow/.local/lib/python3.12/site-packages/airflow/example_dags/example_nested_branch_dag.py
[2025-03-21T12:19:08.893+0000] {processor.py:840} INFO - DAG(s) 'example_nested_branch_dag' retrieved from /home/airflow/.local/lib/python3.12/site-packages/airflow/example_dags/example_nested_branch_dag.py
[2025-03-21T12:19:08.906+0000] {logging_mixin.py:188} INFO - [2025-03-21T12:19:08.906+0000] {dag.py:3089} INFO - Sync 1 DAGs
[2025-03-21T12:19:08.915+0000] {logging_mixin.py:188} INFO - [2025-03-21T12:19:08.915+0000] {dag.py:3947} INFO - Setting next_dagrun for example_nested_branch_dag to 2025-03-20 00:00:00+00:00, run_after=2025-03-21 00:00:00+00:00
[2025-03-21T12:19:08.927+0000] {processor.py:183} INFO - Processing /home/airflow/.local/lib/python3.12/site-packages/airflow/example_dags/example_nested_branch_dag.py took 0.042 seconds
[2025-03-21T12:19:41.372+0000] {processor.py:161} INFO - Started process (PID=2080) to work on /home/airflow/.local/lib/python3.12/site-packages/airflow/example_dags/example_nested_branch_dag.py
[2025-03-21T12:19:41.373+0000] {processor.py:830} INFO - Processing file /home/airflow/.local/lib/python3.12/site-packages/airflow/example_dags/example_nested_branch_dag.py for tasks to queue
[2025-03-21T12:19:41.374+0000] {logging_mixin.py:188} INFO - [2025-03-21T12:19:41.374+0000] {dagbag.py:545} INFO - Filling up the DagBag from /home/airflow/.local/lib/python3.12/site-packages/airflow/example_dags/example_nested_branch_dag.py
[2025-03-21T12:19:41.378+0000] {processor.py:840} INFO - DAG(s) 'example_nested_branch_dag' retrieved from /home/airflow/.local/lib/python3.12/site-packages/airflow/example_dags/example_nested_branch_dag.py
[2025-03-21T12:19:41.393+0000] {logging_mixin.py:188} INFO - [2025-03-21T12:19:41.393+0000] {dag.py:3089} INFO - Sync 1 DAGs
[2025-03-21T12:19:41.401+0000] {logging_mixin.py:188} INFO - [2025-03-21T12:19:41.401+0000] {dag.py:3947} INFO - Setting next_dagrun for example_nested_branch_dag to 2025-03-20 00:00:00+00:00, run_after=2025-03-21 00:00:00+00:00
[2025-03-21T12:19:41.411+0000] {processor.py:183} INFO - Processing /home/airflow/.local/lib/python3.12/site-packages/airflow/example_dags/example_nested_branch_dag.py took 0.041 seconds
[2025-03-21T12:20:13.796+0000] {processor.py:161} INFO - Started process (PID=2152) to work on /home/airflow/.local/lib/python3.12/site-packages/airflow/example_dags/example_nested_branch_dag.py
[2025-03-21T12:20:13.797+0000] {processor.py:830} INFO - Processing file /home/airflow/.local/lib/python3.12/site-packages/airflow/example_dags/example_nested_branch_dag.py for tasks to queue
[2025-03-21T12:20:13.797+0000] {logging_mixin.py:188} INFO - [2025-03-21T12:20:13.797+0000] {dagbag.py:545} INFO - Filling up the DagBag from /home/airflow/.local/lib/python3.12/site-packages/airflow/example_dags/example_nested_branch_dag.py
[2025-03-21T12:20:13.802+0000] {processor.py:840} INFO - DAG(s) 'example_nested_branch_dag' retrieved from /home/airflow/.local/lib/python3.12/site-packages/airflow/example_dags/example_nested_branch_dag.py
[2025-03-21T12:20:13.815+0000] {logging_mixin.py:188} INFO - [2025-03-21T12:20:13.815+0000] {dag.py:3089} INFO - Sync 1 DAGs
[2025-03-21T12:20:13.825+0000] {logging_mixin.py:188} INFO - [2025-03-21T12:20:13.825+0000] {dag.py:3947} INFO - Setting next_dagrun for example_nested_branch_dag to 2025-03-20 00:00:00+00:00, run_after=2025-03-21 00:00:00+00:00
[2025-03-21T12:20:13.836+0000] {processor.py:183} INFO - Processing /home/airflow/.local/lib/python3.12/site-packages/airflow/example_dags/example_nested_branch_dag.py took 0.042 seconds
[2025-03-21T12:20:46.177+0000] {processor.py:161} INFO - Started process (PID=2224) to work on /home/airflow/.local/lib/python3.12/site-packages/airflow/example_dags/example_nested_branch_dag.py
[2025-03-21T12:20:46.178+0000] {processor.py:830} INFO - Processing file /home/airflow/.local/lib/python3.12/site-packages/airflow/example_dags/example_nested_branch_dag.py for tasks to queue
[2025-03-21T12:20:46.179+0000] {logging_mixin.py:188} INFO - [2025-03-21T12:20:46.179+0000] {dagbag.py:545} INFO - Filling up the DagBag from /home/airflow/.local/lib/python3.12/site-packages/airflow/example_dags/example_nested_branch_dag.py
[2025-03-21T12:20:46.184+0000] {processor.py:840} INFO - DAG(s) 'example_nested_branch_dag' retrieved from /home/airflow/.local/lib/python3.12/site-packages/airflow/example_dags/example_nested_branch_dag.py
[2025-03-21T12:20:46.195+0000] {logging_mixin.py:188} INFO - [2025-03-21T12:20:46.195+0000] {dag.py:3089} INFO - Sync 1 DAGs
[2025-03-21T12:20:46.206+0000] {logging_mixin.py:188} INFO - [2025-03-21T12:20:46.206+0000] {dag.py:3947} INFO - Setting next_dagrun for example_nested_branch_dag to 2025-03-20 00:00:00+00:00, run_after=2025-03-21 00:00:00+00:00
[2025-03-21T12:20:46.212+0000] {processor.py:183} INFO - Processing /home/airflow/.local/lib/python3.12/site-packages/airflow/example_dags/example_nested_branch_dag.py took 0.038 seconds
[2025-03-21T12:21:18.727+0000] {processor.py:161} INFO - Started process (PID=2297) to work on /home/airflow/.local/lib/python3.12/site-packages/airflow/example_dags/example_nested_branch_dag.py
[2025-03-21T12:21:18.727+0000] {processor.py:830} INFO - Processing file /home/airflow/.local/lib/python3.12/site-packages/airflow/example_dags/example_nested_branch_dag.py for tasks to queue
[2025-03-21T12:21:18.728+0000] {logging_mixin.py:188} INFO - [2025-03-21T12:21:18.728+0000] {dagbag.py:545} INFO - Filling up the DagBag from /home/airflow/.local/lib/python3.12/site-packages/airflow/example_dags/example_nested_branch_dag.py
[2025-03-21T12:21:18.732+0000] {processor.py:840} INFO - DAG(s) 'example_nested_branch_dag' retrieved from /home/airflow/.local/lib/python3.12/site-packages/airflow/example_dags/example_nested_branch_dag.py
[2025-03-21T12:21:18.741+0000] {logging_mixin.py:188} INFO - [2025-03-21T12:21:18.741+0000] {dag.py:3089} INFO - Sync 1 DAGs
[2025-03-21T12:21:18.749+0000] {logging_mixin.py:188} INFO - [2025-03-21T12:21:18.749+0000] {dag.py:3947} INFO - Setting next_dagrun for example_nested_branch_dag to 2025-03-20 00:00:00+00:00, run_after=2025-03-21 00:00:00+00:00
[2025-03-21T12:21:18.756+0000] {processor.py:183} INFO - Processing /home/airflow/.local/lib/python3.12/site-packages/airflow/example_dags/example_nested_branch_dag.py took 0.031 seconds
[2025-03-21T12:21:51.015+0000] {processor.py:161} INFO - Started process (PID=2369) to work on /home/airflow/.local/lib/python3.12/site-packages/airflow/example_dags/example_nested_branch_dag.py
[2025-03-21T12:21:51.015+0000] {processor.py:830} INFO - Processing file /home/airflow/.local/lib/python3.12/site-packages/airflow/example_dags/example_nested_branch_dag.py for tasks to queue
[2025-03-21T12:21:51.016+0000] {logging_mixin.py:188} INFO - [2025-03-21T12:21:51.016+0000] {dagbag.py:545} INFO - Filling up the DagBag from /home/airflow/.local/lib/python3.12/site-packages/airflow/example_dags/example_nested_branch_dag.py
[2025-03-21T12:21:51.022+0000] {processor.py:840} INFO - DAG(s) 'example_nested_branch_dag' retrieved from /home/airflow/.local/lib/python3.12/site-packages/airflow/example_dags/example_nested_branch_dag.py
[2025-03-21T12:21:51.030+0000] {logging_mixin.py:188} INFO - [2025-03-21T12:21:51.030+0000] {dag.py:3089} INFO - Sync 1 DAGs
[2025-03-21T12:21:51.040+0000] {logging_mixin.py:188} INFO - [2025-03-21T12:21:51.040+0000] {dag.py:3947} INFO - Setting next_dagrun for example_nested_branch_dag to 2025-03-20 00:00:00+00:00, run_after=2025-03-21 00:00:00+00:00
[2025-03-21T12:21:51.048+0000] {processor.py:183} INFO - Processing /home/airflow/.local/lib/python3.12/site-packages/airflow/example_dags/example_nested_branch_dag.py took 0.036 seconds
[2025-03-21T12:22:23.713+0000] {processor.py:161} INFO - Started process (PID=2441) to work on /home/airflow/.local/lib/python3.12/site-packages/airflow/example_dags/example_nested_branch_dag.py
[2025-03-21T12:22:23.715+0000] {processor.py:830} INFO - Processing file /home/airflow/.local/lib/python3.12/site-packages/airflow/example_dags/example_nested_branch_dag.py for tasks to queue
[2025-03-21T12:22:23.716+0000] {logging_mixin.py:188} INFO - [2025-03-21T12:22:23.715+0000] {dagbag.py:545} INFO - Filling up the DagBag from /home/airflow/.local/lib/python3.12/site-packages/airflow/example_dags/example_nested_branch_dag.py
[2025-03-21T12:22:23.721+0000] {processor.py:840} INFO - DAG(s) 'example_nested_branch_dag' retrieved from /home/airflow/.local/lib/python3.12/site-packages/airflow/example_dags/example_nested_branch_dag.py
[2025-03-21T12:22:23.736+0000] {logging_mixin.py:188} INFO - [2025-03-21T12:22:23.736+0000] {dag.py:3089} INFO - Sync 1 DAGs
[2025-03-21T12:22:23.746+0000] {logging_mixin.py:188} INFO - [2025-03-21T12:22:23.746+0000] {dag.py:3947} INFO - Setting next_dagrun for example_nested_branch_dag to 2025-03-20 00:00:00+00:00, run_after=2025-03-21 00:00:00+00:00
[2025-03-21T12:22:23.753+0000] {processor.py:183} INFO - Processing /home/airflow/.local/lib/python3.12/site-packages/airflow/example_dags/example_nested_branch_dag.py took 0.042 seconds
[2025-03-21T12:22:56.113+0000] {processor.py:161} INFO - Started process (PID=2513) to work on /home/airflow/.local/lib/python3.12/site-packages/airflow/example_dags/example_nested_branch_dag.py
[2025-03-21T12:22:56.114+0000] {processor.py:830} INFO - Processing file /home/airflow/.local/lib/python3.12/site-packages/airflow/example_dags/example_nested_branch_dag.py for tasks to queue
[2025-03-21T12:22:56.115+0000] {logging_mixin.py:188} INFO - [2025-03-21T12:22:56.115+0000] {dagbag.py:545} INFO - Filling up the DagBag from /home/airflow/.local/lib/python3.12/site-packages/airflow/example_dags/example_nested_branch_dag.py
[2025-03-21T12:22:56.121+0000] {processor.py:840} INFO - DAG(s) 'example_nested_branch_dag' retrieved from /home/airflow/.local/lib/python3.12/site-packages/airflow/example_dags/example_nested_branch_dag.py
[2025-03-21T12:22:56.132+0000] {logging_mixin.py:188} INFO - [2025-03-21T12:22:56.132+0000] {dag.py:3089} INFO - Sync 1 DAGs
[2025-03-21T12:22:56.142+0000] {logging_mixin.py:188} INFO - [2025-03-21T12:22:56.142+0000] {dag.py:3947} INFO - Setting next_dagrun for example_nested_branch_dag to 2025-03-20 00:00:00+00:00, run_after=2025-03-21 00:00:00+00:00
[2025-03-21T12:22:56.149+0000] {processor.py:183} INFO - Processing /home/airflow/.local/lib/python3.12/site-packages/airflow/example_dags/example_nested_branch_dag.py took 0.039 seconds
[2025-03-21T14:39:20.233+0000] {processor.py:161} INFO - Started process (PID=128) to work on /home/airflow/.local/lib/python3.12/site-packages/airflow/example_dags/example_nested_branch_dag.py
[2025-03-21T14:39:20.234+0000] {processor.py:830} INFO - Processing file /home/airflow/.local/lib/python3.12/site-packages/airflow/example_dags/example_nested_branch_dag.py for tasks to queue
[2025-03-21T14:39:20.235+0000] {logging_mixin.py:188} INFO - [2025-03-21T14:39:20.235+0000] {dagbag.py:545} INFO - Filling up the DagBag from /home/airflow/.local/lib/python3.12/site-packages/airflow/example_dags/example_nested_branch_dag.py
[2025-03-21T14:39:20.241+0000] {processor.py:840} INFO - DAG(s) 'example_nested_branch_dag' retrieved from /home/airflow/.local/lib/python3.12/site-packages/airflow/example_dags/example_nested_branch_dag.py
[2025-03-21T14:39:20.252+0000] {logging_mixin.py:188} INFO - [2025-03-21T14:39:20.252+0000] {dag.py:3089} INFO - Sync 1 DAGs
[2025-03-21T14:39:20.264+0000] {logging_mixin.py:188} INFO - [2025-03-21T14:39:20.263+0000] {dag.py:3947} INFO - Setting next_dagrun for example_nested_branch_dag to 2025-03-20 00:00:00+00:00, run_after=2025-03-21 00:00:00+00:00
[2025-03-21T14:39:20.273+0000] {processor.py:183} INFO - Processing /home/airflow/.local/lib/python3.12/site-packages/airflow/example_dags/example_nested_branch_dag.py took 0.043 seconds
[2025-03-21T14:39:51.959+0000] {processor.py:161} INFO - Started process (PID=200) to work on /home/airflow/.local/lib/python3.12/site-packages/airflow/example_dags/example_nested_branch_dag.py
[2025-03-21T14:39:51.959+0000] {processor.py:830} INFO - Processing file /home/airflow/.local/lib/python3.12/site-packages/airflow/example_dags/example_nested_branch_dag.py for tasks to queue
[2025-03-21T14:39:51.960+0000] {logging_mixin.py:188} INFO - [2025-03-21T14:39:51.960+0000] {dagbag.py:545} INFO - Filling up the DagBag from /home/airflow/.local/lib/python3.12/site-packages/airflow/example_dags/example_nested_branch_dag.py
[2025-03-21T14:39:51.966+0000] {processor.py:840} INFO - DAG(s) 'example_nested_branch_dag' retrieved from /home/airflow/.local/lib/python3.12/site-packages/airflow/example_dags/example_nested_branch_dag.py
[2025-03-21T14:39:51.975+0000] {logging_mixin.py:188} INFO - [2025-03-21T14:39:51.975+0000] {dag.py:3089} INFO - Sync 1 DAGs
[2025-03-21T14:39:51.987+0000] {logging_mixin.py:188} INFO - [2025-03-21T14:39:51.987+0000] {dag.py:3947} INFO - Setting next_dagrun for example_nested_branch_dag to 2025-03-20 00:00:00+00:00, run_after=2025-03-21 00:00:00+00:00
[2025-03-21T14:39:52.000+0000] {processor.py:183} INFO - Processing /home/airflow/.local/lib/python3.12/site-packages/airflow/example_dags/example_nested_branch_dag.py took 0.043 seconds
[2025-03-21T14:40:24.753+0000] {processor.py:161} INFO - Started process (PID=272) to work on /home/airflow/.local/lib/python3.12/site-packages/airflow/example_dags/example_nested_branch_dag.py
[2025-03-21T14:40:24.754+0000] {processor.py:830} INFO - Processing file /home/airflow/.local/lib/python3.12/site-packages/airflow/example_dags/example_nested_branch_dag.py for tasks to queue
[2025-03-21T14:40:24.755+0000] {logging_mixin.py:188} INFO - [2025-03-21T14:40:24.754+0000] {dagbag.py:545} INFO - Filling up the DagBag from /home/airflow/.local/lib/python3.12/site-packages/airflow/example_dags/example_nested_branch_dag.py
[2025-03-21T14:40:24.763+0000] {processor.py:840} INFO - DAG(s) 'example_nested_branch_dag' retrieved from /home/airflow/.local/lib/python3.12/site-packages/airflow/example_dags/example_nested_branch_dag.py
[2025-03-21T14:40:24.772+0000] {logging_mixin.py:188} INFO - [2025-03-21T14:40:24.771+0000] {dag.py:3089} INFO - Sync 1 DAGs
[2025-03-21T14:40:24.782+0000] {logging_mixin.py:188} INFO - [2025-03-21T14:40:24.782+0000] {dag.py:3947} INFO - Setting next_dagrun for example_nested_branch_dag to 2025-03-20 00:00:00+00:00, run_after=2025-03-21 00:00:00+00:00
[2025-03-21T14:40:24.790+0000] {processor.py:183} INFO - Processing /home/airflow/.local/lib/python3.12/site-packages/airflow/example_dags/example_nested_branch_dag.py took 0.040 seconds
