[2024-10-11T20:27:34.863+0000] {local_task_job_runner.py:120} INFO - ::group::Pre task execution logs
[2024-10-11T20:27:34.871+0000] {taskinstance.py:2076} INFO - Dependencies all met for dep_context=non-requeueable deps ti=<TaskInstance: dag_with_postgres_hooks.pred_time_series manual__2024-10-11T20:27:16.148708+00:00 [queued]>
[2024-10-11T20:27:34.874+0000] {taskinstance.py:2076} INFO - Dependencies all met for dep_context=requeueable deps ti=<TaskInstance: dag_with_postgres_hooks.pred_time_series manual__2024-10-11T20:27:16.148708+00:00 [queued]>
[2024-10-11T20:27:34.874+0000] {taskinstance.py:2306} INFO - Starting attempt 1 of 1
[2024-10-11T20:27:34.878+0000] {taskinstance.py:2330} INFO - Executing <Task(PythonOperator): pred_time_series> on 2024-10-11 20:27:16.148708+00:00
[2024-10-11T20:27:34.882+0000] {warnings.py:112} WARNING - /home/***/.local/lib/python3.12/site-packages/***/task/task_runner/standard_task_runner.py:62: DeprecationWarning: This process (pid=2532) is multi-threaded, use of fork() may lead to deadlocks in the child.
  pid = os.fork()

[2024-10-11T20:27:34.883+0000] {standard_task_runner.py:64} INFO - Started process 2543 to run task
[2024-10-11T20:27:34.884+0000] {standard_task_runner.py:90} INFO - Running: ['***', 'tasks', 'run', 'dag_with_postgres_hooks', 'pred_time_series', 'manual__2024-10-11T20:27:16.148708+00:00', '--job-id', '1175', '--raw', '--subdir', 'DAGS_FOLDER/Stock_pred.py', '--cfg-path', '/tmp/tmpax5sd7md']
[2024-10-11T20:27:34.884+0000] {standard_task_runner.py:91} INFO - Job 1175: Subtask pred_time_series
[2024-10-11T20:27:34.899+0000] {task_command.py:426} INFO - Running <TaskInstance: dag_with_postgres_hooks.pred_time_series manual__2024-10-11T20:27:16.148708+00:00 [running]> on host b7aba691e1ff
[2024-10-11T20:27:34.928+0000] {taskinstance.py:2648} INFO - Exporting env vars: AIRFLOW_CTX_DAG_EMAIL='***@example.com' AIRFLOW_CTX_DAG_OWNER='***' AIRFLOW_CTX_DAG_ID='dag_with_postgres_hooks' AIRFLOW_CTX_TASK_ID='pred_time_series' AIRFLOW_CTX_EXECUTION_DATE='2024-10-11T20:27:16.148708+00:00' AIRFLOW_CTX_TRY_NUMBER='1' AIRFLOW_CTX_DAG_RUN_ID='manual__2024-10-11T20:27:16.148708+00:00'
[2024-10-11T20:27:34.928+0000] {taskinstance.py:430} INFO - ::endgroup::
[2024-10-11T20:27:34.999+0000] {warnings.py:112} WARNING - /opt/***/dags/Stock_pred.py:273: SettingWithCopyWarning: 
A value is trying to be set on a copy of a slice from a DataFrame

See the caveats in the documentation: https://pandas.pydata.org/pandas-docs/stable/user_guide/indexing.html#returning-a-view-versus-a-copy
  df_new_ts.rename(index={0:date},inplace=True)

[2024-10-11T20:27:35.000+0000] {logging_mixin.py:188} INFO - Index([  2020-10-02,   2020-10-05,   2020-10-08,   2020-10-09,   2020-10-12,
         2020-10-13,   2020-10-14,   2020-10-16,   2020-10-21,   2020-10-26,
       ...
         2024-10-01,   2024-10-02,   2024-10-03,   2024-10-04,   2024-10-07,
         2024-10-08,   2024-10-09,   2024-10-10,   2024-11-10, '10/11/2024'],
      dtype='object', length=436)
[2024-10-11T20:27:35.005+0000] {base.py:84} INFO - Using connection ID 'postgres_server_2' for task execution.
[2024-10-11T20:27:35.050+0000] {logging_mixin.py:188} INFO -    predicted_index
0       -81.953423
[2024-10-11T20:27:35.055+0000] {python.py:237} INFO - Done. Returned value was: None
[2024-10-11T20:27:35.055+0000] {taskinstance.py:441} INFO - ::group::Post task execution logs
[2024-10-11T20:27:35.058+0000] {taskinstance.py:1206} INFO - Marking task as SUCCESS. dag_id=dag_with_postgres_hooks, task_id=pred_time_series, run_id=manual__2024-10-11T20:27:16.148708+00:00, execution_date=20241011T202716, start_date=20241011T202734, end_date=20241011T202735
[2024-10-11T20:27:35.105+0000] {local_task_job_runner.py:243} INFO - Task exited with return code 0
[2024-10-11T20:27:35.109+0000] {local_task_job_runner.py:222} INFO - ::endgroup::
