[2024-07-22T08:27:34.750+0000] {local_task_job_runner.py:120} INFO - ::group::Pre task execution logs
[2024-07-22T08:27:34.759+0000] {taskinstance.py:2076} INFO - Dependencies all met for dep_context=non-requeueable deps ti=<TaskInstance: dag_with_postgres_hooks.concat_data manual__2024-07-22T08:27:27.601086+00:00 [queued]>
[2024-07-22T08:27:34.761+0000] {taskinstance.py:2076} INFO - Dependencies all met for dep_context=requeueable deps ti=<TaskInstance: dag_with_postgres_hooks.concat_data manual__2024-07-22T08:27:27.601086+00:00 [queued]>
[2024-07-22T08:27:34.762+0000] {taskinstance.py:2306} INFO - Starting attempt 1 of 1
[2024-07-22T08:27:34.766+0000] {taskinstance.py:2330} INFO - Executing <Task(PythonOperator): concat_data> on 2024-07-22 08:27:27.601086+00:00
[2024-07-22T08:27:34.770+0000] {warnings.py:112} WARNING - /home/***/.local/lib/python3.12/site-packages/***/task/task_runner/standard_task_runner.py:62: DeprecationWarning: This process (pid=2946) is multi-threaded, use of fork() may lead to deadlocks in the child.
  pid = os.fork()

[2024-07-22T08:27:34.771+0000] {standard_task_runner.py:64} INFO - Started process 2957 to run task
[2024-07-22T08:27:34.772+0000] {standard_task_runner.py:90} INFO - Running: ['***', 'tasks', 'run', 'dag_with_postgres_hooks', 'concat_data', 'manual__2024-07-22T08:27:27.601086+00:00', '--job-id', '468', '--raw', '--subdir', 'DAGS_FOLDER/Stock_pred.py', '--cfg-path', '/tmp/tmpf19fu_k6']
[2024-07-22T08:27:34.772+0000] {standard_task_runner.py:91} INFO - Job 468: Subtask concat_data
[2024-07-22T08:27:34.787+0000] {task_command.py:426} INFO - Running <TaskInstance: dag_with_postgres_hooks.concat_data manual__2024-07-22T08:27:27.601086+00:00 [running]> on host d89911194c67
[2024-07-22T08:27:34.820+0000] {taskinstance.py:2648} INFO - Exporting env vars: AIRFLOW_CTX_DAG_EMAIL='***@example.com' AIRFLOW_CTX_DAG_OWNER='***' AIRFLOW_CTX_DAG_ID='dag_with_postgres_hooks' AIRFLOW_CTX_TASK_ID='concat_data' AIRFLOW_CTX_EXECUTION_DATE='2024-07-22T08:27:27.601086+00:00' AIRFLOW_CTX_TRY_NUMBER='1' AIRFLOW_CTX_DAG_RUN_ID='manual__2024-07-22T08:27:27.601086+00:00'
[2024-07-22T08:27:34.820+0000] {taskinstance.py:430} INFO - ::endgroup::
[2024-07-22T08:27:34.823+0000] {base.py:84} INFO - Using connection ID 'postgres_server_2' for task execution.
[2024-07-22T08:27:34.859+0000] {logging_mixin.py:188} INFO -          OPEN     HIGH      LOW    CLOSE      VOLUME
0      8259.0   8328.0   8190.0   8294.0   1406000.0
1      8363.0   8363.0   8294.0   8294.0   1644008.0
2      8363.0   8363.0   8259.0   8294.0    902900.0
3      8328.0   8639.0   8294.0   8570.0   7887000.0
4      8570.0   8605.0   8466.0   8466.0   2620940.0
...       ...      ...      ...      ...         ...
998   24500.0  25100.0  24500.0  24800.0  10659400.0
999   24800.0  25300.0  24650.0  25100.0  17067800.0
1000  24800.0  25300.0  24650.0  25100.0  18467801.0
1001  25100.0  25200.0  24650.0  24750.0  17205201.0
1002  25100.0  25200.0  24650.0  24750.0  17755201.0

[1003 rows x 5 columns]
[2024-07-22T08:27:34.873+0000] {python.py:237} INFO - Done. Returned value was: None
[2024-07-22T08:27:34.873+0000] {taskinstance.py:441} INFO - ::group::Post task execution logs
[2024-07-22T08:27:34.877+0000] {taskinstance.py:1206} INFO - Marking task as SUCCESS. dag_id=dag_with_postgres_hooks, task_id=concat_data, run_id=manual__2024-07-22T08:27:27.601086+00:00, execution_date=20240722T082727, start_date=20240722T082734, end_date=20240722T082734
[2024-07-22T08:27:34.910+0000] {local_task_job_runner.py:243} INFO - Task exited with return code 0
[2024-07-22T08:27:34.921+0000] {taskinstance.py:3503} INFO - 1 downstream tasks scheduled from follow-on schedule check
[2024-07-22T08:27:34.922+0000] {local_task_job_runner.py:222} INFO - ::endgroup::
