[2025-03-13T12:49:07.495+0000] {processor.py:161} INFO - Started process (PID=106) to work on /home/airflow/.local/lib/python3.12/site-packages/airflow/example_dags/example_external_task_marker_dag.py
[2025-03-13T12:49:07.497+0000] {processor.py:830} INFO - Processing file /home/airflow/.local/lib/python3.12/site-packages/airflow/example_dags/example_external_task_marker_dag.py for tasks to queue
[2025-03-13T12:49:07.498+0000] {logging_mixin.py:188} INFO - [2025-03-13T12:49:07.497+0000] {dagbag.py:545} INFO - Filling up the DagBag from /home/airflow/.local/lib/python3.12/site-packages/airflow/example_dags/example_external_task_marker_dag.py
[2025-03-13T12:49:07.502+0000] {processor.py:840} INFO - DAG(s) 'example_external_task_marker_child', 'example_external_task_marker_parent' retrieved from /home/airflow/.local/lib/python3.12/site-packages/airflow/example_dags/example_external_task_marker_dag.py
[2025-03-13T12:49:07.511+0000] {logging_mixin.py:188} INFO - [2025-03-13T12:49:07.511+0000] {dag.py:3089} INFO - Sync 2 DAGs
[2025-03-13T12:49:07.516+0000] {logging_mixin.py:188} INFO - [2025-03-13T12:49:07.516+0000] {dag.py:3947} INFO - Setting next_dagrun for example_external_task_marker_child to None, run_after=None
[2025-03-13T12:49:07.518+0000] {logging_mixin.py:188} INFO - [2025-03-13T12:49:07.518+0000] {dag.py:3947} INFO - Setting next_dagrun for example_external_task_marker_parent to None, run_after=None
[2025-03-13T12:49:07.523+0000] {processor.py:183} INFO - Processing /home/airflow/.local/lib/python3.12/site-packages/airflow/example_dags/example_external_task_marker_dag.py took 0.031 seconds
[2025-03-13T12:49:40.175+0000] {processor.py:161} INFO - Started process (PID=178) to work on /home/airflow/.local/lib/python3.12/site-packages/airflow/example_dags/example_external_task_marker_dag.py
[2025-03-13T12:49:40.176+0000] {processor.py:830} INFO - Processing file /home/airflow/.local/lib/python3.12/site-packages/airflow/example_dags/example_external_task_marker_dag.py for tasks to queue
[2025-03-13T12:49:40.177+0000] {logging_mixin.py:188} INFO - [2025-03-13T12:49:40.177+0000] {dagbag.py:545} INFO - Filling up the DagBag from /home/airflow/.local/lib/python3.12/site-packages/airflow/example_dags/example_external_task_marker_dag.py
[2025-03-13T12:49:40.179+0000] {processor.py:840} INFO - DAG(s) 'example_external_task_marker_parent', 'example_external_task_marker_child' retrieved from /home/airflow/.local/lib/python3.12/site-packages/airflow/example_dags/example_external_task_marker_dag.py
[2025-03-13T12:49:40.190+0000] {logging_mixin.py:188} INFO - [2025-03-13T12:49:40.190+0000] {dag.py:3089} INFO - Sync 2 DAGs
[2025-03-13T12:49:40.198+0000] {logging_mixin.py:188} INFO - [2025-03-13T12:49:40.198+0000] {dag.py:3947} INFO - Setting next_dagrun for example_external_task_marker_child to None, run_after=None
[2025-03-13T12:49:40.200+0000] {logging_mixin.py:188} INFO - [2025-03-13T12:49:40.200+0000] {dag.py:3947} INFO - Setting next_dagrun for example_external_task_marker_parent to None, run_after=None
[2025-03-13T12:49:40.214+0000] {processor.py:183} INFO - Processing /home/airflow/.local/lib/python3.12/site-packages/airflow/example_dags/example_external_task_marker_dag.py took 0.042 seconds
[2025-03-13T12:50:13.062+0000] {processor.py:161} INFO - Started process (PID=250) to work on /home/airflow/.local/lib/python3.12/site-packages/airflow/example_dags/example_external_task_marker_dag.py
[2025-03-13T12:50:13.063+0000] {processor.py:830} INFO - Processing file /home/airflow/.local/lib/python3.12/site-packages/airflow/example_dags/example_external_task_marker_dag.py for tasks to queue
[2025-03-13T12:50:13.064+0000] {logging_mixin.py:188} INFO - [2025-03-13T12:50:13.064+0000] {dagbag.py:545} INFO - Filling up the DagBag from /home/airflow/.local/lib/python3.12/site-packages/airflow/example_dags/example_external_task_marker_dag.py
[2025-03-13T12:50:13.067+0000] {processor.py:840} INFO - DAG(s) 'example_external_task_marker_child', 'example_external_task_marker_parent' retrieved from /home/airflow/.local/lib/python3.12/site-packages/airflow/example_dags/example_external_task_marker_dag.py
[2025-03-13T12:50:13.079+0000] {logging_mixin.py:188} INFO - [2025-03-13T12:50:13.079+0000] {dag.py:3089} INFO - Sync 2 DAGs
[2025-03-13T12:50:13.084+0000] {logging_mixin.py:188} INFO - [2025-03-13T12:50:13.084+0000] {dag.py:3947} INFO - Setting next_dagrun for example_external_task_marker_child to None, run_after=None
[2025-03-13T12:50:13.086+0000] {logging_mixin.py:188} INFO - [2025-03-13T12:50:13.086+0000] {dag.py:3947} INFO - Setting next_dagrun for example_external_task_marker_parent to None, run_after=None
[2025-03-13T12:50:13.096+0000] {processor.py:183} INFO - Processing /home/airflow/.local/lib/python3.12/site-packages/airflow/example_dags/example_external_task_marker_dag.py took 0.037 seconds
[2025-03-13T12:50:45.584+0000] {processor.py:161} INFO - Started process (PID=322) to work on /home/airflow/.local/lib/python3.12/site-packages/airflow/example_dags/example_external_task_marker_dag.py
[2025-03-13T12:50:45.585+0000] {processor.py:830} INFO - Processing file /home/airflow/.local/lib/python3.12/site-packages/airflow/example_dags/example_external_task_marker_dag.py for tasks to queue
[2025-03-13T12:50:45.585+0000] {logging_mixin.py:188} INFO - [2025-03-13T12:50:45.585+0000] {dagbag.py:545} INFO - Filling up the DagBag from /home/airflow/.local/lib/python3.12/site-packages/airflow/example_dags/example_external_task_marker_dag.py
[2025-03-13T12:50:45.588+0000] {processor.py:840} INFO - DAG(s) 'example_external_task_marker_child', 'example_external_task_marker_parent' retrieved from /home/airflow/.local/lib/python3.12/site-packages/airflow/example_dags/example_external_task_marker_dag.py
[2025-03-13T12:50:45.601+0000] {logging_mixin.py:188} INFO - [2025-03-13T12:50:45.601+0000] {dag.py:3089} INFO - Sync 2 DAGs
[2025-03-13T12:50:45.607+0000] {logging_mixin.py:188} INFO - [2025-03-13T12:50:45.607+0000] {dag.py:3947} INFO - Setting next_dagrun for example_external_task_marker_child to None, run_after=None
[2025-03-13T12:50:45.608+0000] {logging_mixin.py:188} INFO - [2025-03-13T12:50:45.608+0000] {dag.py:3947} INFO - Setting next_dagrun for example_external_task_marker_parent to None, run_after=None
[2025-03-13T12:50:45.615+0000] {processor.py:183} INFO - Processing /home/airflow/.local/lib/python3.12/site-packages/airflow/example_dags/example_external_task_marker_dag.py took 0.033 seconds
[2025-03-13T12:51:18.153+0000] {processor.py:161} INFO - Started process (PID=394) to work on /home/airflow/.local/lib/python3.12/site-packages/airflow/example_dags/example_external_task_marker_dag.py
[2025-03-13T12:51:18.156+0000] {processor.py:830} INFO - Processing file /home/airflow/.local/lib/python3.12/site-packages/airflow/example_dags/example_external_task_marker_dag.py for tasks to queue
[2025-03-13T12:51:18.157+0000] {logging_mixin.py:188} INFO - [2025-03-13T12:51:18.157+0000] {dagbag.py:545} INFO - Filling up the DagBag from /home/airflow/.local/lib/python3.12/site-packages/airflow/example_dags/example_external_task_marker_dag.py
[2025-03-13T12:51:18.159+0000] {processor.py:840} INFO - DAG(s) 'example_external_task_marker_parent', 'example_external_task_marker_child' retrieved from /home/airflow/.local/lib/python3.12/site-packages/airflow/example_dags/example_external_task_marker_dag.py
[2025-03-13T12:51:18.173+0000] {logging_mixin.py:188} INFO - [2025-03-13T12:51:18.173+0000] {dag.py:3089} INFO - Sync 2 DAGs
[2025-03-13T12:51:18.181+0000] {logging_mixin.py:188} INFO - [2025-03-13T12:51:18.180+0000] {dag.py:3947} INFO - Setting next_dagrun for example_external_task_marker_child to None, run_after=None
[2025-03-13T12:51:18.183+0000] {logging_mixin.py:188} INFO - [2025-03-13T12:51:18.183+0000] {dag.py:3947} INFO - Setting next_dagrun for example_external_task_marker_parent to None, run_after=None
[2025-03-13T12:51:18.191+0000] {processor.py:183} INFO - Processing /home/airflow/.local/lib/python3.12/site-packages/airflow/example_dags/example_external_task_marker_dag.py took 0.040 seconds
[2025-03-13T12:51:50.761+0000] {processor.py:161} INFO - Started process (PID=465) to work on /home/airflow/.local/lib/python3.12/site-packages/airflow/example_dags/example_external_task_marker_dag.py
[2025-03-13T12:51:50.762+0000] {processor.py:830} INFO - Processing file /home/airflow/.local/lib/python3.12/site-packages/airflow/example_dags/example_external_task_marker_dag.py for tasks to queue
[2025-03-13T12:51:50.763+0000] {logging_mixin.py:188} INFO - [2025-03-13T12:51:50.763+0000] {dagbag.py:545} INFO - Filling up the DagBag from /home/airflow/.local/lib/python3.12/site-packages/airflow/example_dags/example_external_task_marker_dag.py
[2025-03-13T12:51:50.766+0000] {processor.py:840} INFO - DAG(s) 'example_external_task_marker_parent', 'example_external_task_marker_child' retrieved from /home/airflow/.local/lib/python3.12/site-packages/airflow/example_dags/example_external_task_marker_dag.py
[2025-03-13T12:51:50.780+0000] {logging_mixin.py:188} INFO - [2025-03-13T12:51:50.780+0000] {dag.py:3089} INFO - Sync 2 DAGs
[2025-03-13T12:51:50.786+0000] {logging_mixin.py:188} INFO - [2025-03-13T12:51:50.786+0000] {dag.py:3947} INFO - Setting next_dagrun for example_external_task_marker_child to None, run_after=None
[2025-03-13T12:51:50.788+0000] {logging_mixin.py:188} INFO - [2025-03-13T12:51:50.788+0000] {dag.py:3947} INFO - Setting next_dagrun for example_external_task_marker_parent to None, run_after=None
[2025-03-13T12:51:50.797+0000] {processor.py:183} INFO - Processing /home/airflow/.local/lib/python3.12/site-packages/airflow/example_dags/example_external_task_marker_dag.py took 0.038 seconds
[2025-03-13T12:52:23.357+0000] {processor.py:161} INFO - Started process (PID=538) to work on /home/airflow/.local/lib/python3.12/site-packages/airflow/example_dags/example_external_task_marker_dag.py
[2025-03-13T12:52:23.357+0000] {processor.py:830} INFO - Processing file /home/airflow/.local/lib/python3.12/site-packages/airflow/example_dags/example_external_task_marker_dag.py for tasks to queue
[2025-03-13T12:52:23.358+0000] {logging_mixin.py:188} INFO - [2025-03-13T12:52:23.357+0000] {dagbag.py:545} INFO - Filling up the DagBag from /home/airflow/.local/lib/python3.12/site-packages/airflow/example_dags/example_external_task_marker_dag.py
[2025-03-13T12:52:23.361+0000] {processor.py:840} INFO - DAG(s) 'example_external_task_marker_parent', 'example_external_task_marker_child' retrieved from /home/airflow/.local/lib/python3.12/site-packages/airflow/example_dags/example_external_task_marker_dag.py
[2025-03-13T12:52:23.376+0000] {logging_mixin.py:188} INFO - [2025-03-13T12:52:23.376+0000] {dag.py:3089} INFO - Sync 2 DAGs
[2025-03-13T12:52:23.383+0000] {logging_mixin.py:188} INFO - [2025-03-13T12:52:23.383+0000] {dag.py:3947} INFO - Setting next_dagrun for example_external_task_marker_child to None, run_after=None
[2025-03-13T12:52:23.385+0000] {logging_mixin.py:188} INFO - [2025-03-13T12:52:23.385+0000] {dag.py:3947} INFO - Setting next_dagrun for example_external_task_marker_parent to None, run_after=None
[2025-03-13T12:52:23.391+0000] {processor.py:183} INFO - Processing /home/airflow/.local/lib/python3.12/site-packages/airflow/example_dags/example_external_task_marker_dag.py took 0.037 seconds
[2025-03-13T12:52:56.038+0000] {processor.py:161} INFO - Started process (PID=610) to work on /home/airflow/.local/lib/python3.12/site-packages/airflow/example_dags/example_external_task_marker_dag.py
[2025-03-13T12:52:56.039+0000] {processor.py:830} INFO - Processing file /home/airflow/.local/lib/python3.12/site-packages/airflow/example_dags/example_external_task_marker_dag.py for tasks to queue
[2025-03-13T12:52:56.040+0000] {logging_mixin.py:188} INFO - [2025-03-13T12:52:56.040+0000] {dagbag.py:545} INFO - Filling up the DagBag from /home/airflow/.local/lib/python3.12/site-packages/airflow/example_dags/example_external_task_marker_dag.py
[2025-03-13T12:52:56.042+0000] {processor.py:840} INFO - DAG(s) 'example_external_task_marker_parent', 'example_external_task_marker_child' retrieved from /home/airflow/.local/lib/python3.12/site-packages/airflow/example_dags/example_external_task_marker_dag.py
[2025-03-13T12:52:56.057+0000] {logging_mixin.py:188} INFO - [2025-03-13T12:52:56.057+0000] {dag.py:3089} INFO - Sync 2 DAGs
[2025-03-13T12:52:56.061+0000] {logging_mixin.py:188} INFO - [2025-03-13T12:52:56.061+0000] {dag.py:3947} INFO - Setting next_dagrun for example_external_task_marker_child to None, run_after=None
[2025-03-13T12:52:56.064+0000] {logging_mixin.py:188} INFO - [2025-03-13T12:52:56.064+0000] {dag.py:3947} INFO - Setting next_dagrun for example_external_task_marker_parent to None, run_after=None
[2025-03-13T12:52:56.072+0000] {processor.py:183} INFO - Processing /home/airflow/.local/lib/python3.12/site-packages/airflow/example_dags/example_external_task_marker_dag.py took 0.036 seconds
[2025-03-13T12:53:28.163+0000] {processor.py:161} INFO - Started process (PID=682) to work on /home/airflow/.local/lib/python3.12/site-packages/airflow/example_dags/example_external_task_marker_dag.py
[2025-03-13T12:53:28.164+0000] {processor.py:830} INFO - Processing file /home/airflow/.local/lib/python3.12/site-packages/airflow/example_dags/example_external_task_marker_dag.py for tasks to queue
[2025-03-13T12:53:28.164+0000] {logging_mixin.py:188} INFO - [2025-03-13T12:53:28.164+0000] {dagbag.py:545} INFO - Filling up the DagBag from /home/airflow/.local/lib/python3.12/site-packages/airflow/example_dags/example_external_task_marker_dag.py
[2025-03-13T12:53:28.168+0000] {processor.py:840} INFO - DAG(s) 'example_external_task_marker_child', 'example_external_task_marker_parent' retrieved from /home/airflow/.local/lib/python3.12/site-packages/airflow/example_dags/example_external_task_marker_dag.py
[2025-03-13T12:53:28.181+0000] {logging_mixin.py:188} INFO - [2025-03-13T12:53:28.181+0000] {dag.py:3089} INFO - Sync 2 DAGs
[2025-03-13T12:53:28.188+0000] {logging_mixin.py:188} INFO - [2025-03-13T12:53:28.188+0000] {dag.py:3947} INFO - Setting next_dagrun for example_external_task_marker_child to None, run_after=None
[2025-03-13T12:53:28.190+0000] {logging_mixin.py:188} INFO - [2025-03-13T12:53:28.190+0000] {dag.py:3947} INFO - Setting next_dagrun for example_external_task_marker_parent to None, run_after=None
[2025-03-13T12:53:28.198+0000] {processor.py:183} INFO - Processing /home/airflow/.local/lib/python3.12/site-packages/airflow/example_dags/example_external_task_marker_dag.py took 0.038 seconds
[2025-03-13T12:54:00.625+0000] {processor.py:161} INFO - Started process (PID=754) to work on /home/airflow/.local/lib/python3.12/site-packages/airflow/example_dags/example_external_task_marker_dag.py
[2025-03-13T12:54:00.625+0000] {processor.py:830} INFO - Processing file /home/airflow/.local/lib/python3.12/site-packages/airflow/example_dags/example_external_task_marker_dag.py for tasks to queue
[2025-03-13T12:54:00.626+0000] {logging_mixin.py:188} INFO - [2025-03-13T12:54:00.626+0000] {dagbag.py:545} INFO - Filling up the DagBag from /home/airflow/.local/lib/python3.12/site-packages/airflow/example_dags/example_external_task_marker_dag.py
[2025-03-13T12:54:00.629+0000] {processor.py:840} INFO - DAG(s) 'example_external_task_marker_parent', 'example_external_task_marker_child' retrieved from /home/airflow/.local/lib/python3.12/site-packages/airflow/example_dags/example_external_task_marker_dag.py
[2025-03-13T12:54:00.640+0000] {logging_mixin.py:188} INFO - [2025-03-13T12:54:00.640+0000] {dag.py:3089} INFO - Sync 2 DAGs
[2025-03-13T12:54:00.645+0000] {logging_mixin.py:188} INFO - [2025-03-13T12:54:00.645+0000] {dag.py:3947} INFO - Setting next_dagrun for example_external_task_marker_child to None, run_after=None
[2025-03-13T12:54:00.649+0000] {logging_mixin.py:188} INFO - [2025-03-13T12:54:00.647+0000] {dag.py:3947} INFO - Setting next_dagrun for example_external_task_marker_parent to None, run_after=None
[2025-03-13T12:54:00.659+0000] {processor.py:183} INFO - Processing /home/airflow/.local/lib/python3.12/site-packages/airflow/example_dags/example_external_task_marker_dag.py took 0.036 seconds
[2025-03-13T12:54:33.062+0000] {processor.py:161} INFO - Started process (PID=826) to work on /home/airflow/.local/lib/python3.12/site-packages/airflow/example_dags/example_external_task_marker_dag.py
[2025-03-13T12:54:33.063+0000] {processor.py:830} INFO - Processing file /home/airflow/.local/lib/python3.12/site-packages/airflow/example_dags/example_external_task_marker_dag.py for tasks to queue
[2025-03-13T12:54:33.064+0000] {logging_mixin.py:188} INFO - [2025-03-13T12:54:33.064+0000] {dagbag.py:545} INFO - Filling up the DagBag from /home/airflow/.local/lib/python3.12/site-packages/airflow/example_dags/example_external_task_marker_dag.py
[2025-03-13T12:54:33.066+0000] {processor.py:840} INFO - DAG(s) 'example_external_task_marker_parent', 'example_external_task_marker_child' retrieved from /home/airflow/.local/lib/python3.12/site-packages/airflow/example_dags/example_external_task_marker_dag.py
[2025-03-13T12:54:33.077+0000] {logging_mixin.py:188} INFO - [2025-03-13T12:54:33.077+0000] {dag.py:3089} INFO - Sync 2 DAGs
[2025-03-13T12:54:33.082+0000] {logging_mixin.py:188} INFO - [2025-03-13T12:54:33.082+0000] {dag.py:3947} INFO - Setting next_dagrun for example_external_task_marker_child to None, run_after=None
[2025-03-13T12:54:33.083+0000] {logging_mixin.py:188} INFO - [2025-03-13T12:54:33.083+0000] {dag.py:3947} INFO - Setting next_dagrun for example_external_task_marker_parent to None, run_after=None
[2025-03-13T12:54:33.089+0000] {processor.py:183} INFO - Processing /home/airflow/.local/lib/python3.12/site-packages/airflow/example_dags/example_external_task_marker_dag.py took 0.029 seconds
[2025-03-13T12:55:05.618+0000] {processor.py:161} INFO - Started process (PID=898) to work on /home/airflow/.local/lib/python3.12/site-packages/airflow/example_dags/example_external_task_marker_dag.py
[2025-03-13T12:55:05.619+0000] {processor.py:830} INFO - Processing file /home/airflow/.local/lib/python3.12/site-packages/airflow/example_dags/example_external_task_marker_dag.py for tasks to queue
[2025-03-13T12:55:05.621+0000] {logging_mixin.py:188} INFO - [2025-03-13T12:55:05.620+0000] {dagbag.py:545} INFO - Filling up the DagBag from /home/airflow/.local/lib/python3.12/site-packages/airflow/example_dags/example_external_task_marker_dag.py
[2025-03-13T12:55:05.624+0000] {processor.py:840} INFO - DAG(s) 'example_external_task_marker_child', 'example_external_task_marker_parent' retrieved from /home/airflow/.local/lib/python3.12/site-packages/airflow/example_dags/example_external_task_marker_dag.py
[2025-03-13T12:55:05.635+0000] {logging_mixin.py:188} INFO - [2025-03-13T12:55:05.635+0000] {dag.py:3089} INFO - Sync 2 DAGs
[2025-03-13T12:55:05.641+0000] {logging_mixin.py:188} INFO - [2025-03-13T12:55:05.641+0000] {dag.py:3947} INFO - Setting next_dagrun for example_external_task_marker_child to None, run_after=None
[2025-03-13T12:55:05.643+0000] {logging_mixin.py:188} INFO - [2025-03-13T12:55:05.643+0000] {dag.py:3947} INFO - Setting next_dagrun for example_external_task_marker_parent to None, run_after=None
[2025-03-13T12:55:05.654+0000] {processor.py:183} INFO - Processing /home/airflow/.local/lib/python3.12/site-packages/airflow/example_dags/example_external_task_marker_dag.py took 0.038 seconds
[2025-03-13T12:55:38.121+0000] {processor.py:161} INFO - Started process (PID=977) to work on /home/airflow/.local/lib/python3.12/site-packages/airflow/example_dags/example_external_task_marker_dag.py
[2025-03-13T12:55:38.122+0000] {processor.py:830} INFO - Processing file /home/airflow/.local/lib/python3.12/site-packages/airflow/example_dags/example_external_task_marker_dag.py for tasks to queue
[2025-03-13T12:55:38.123+0000] {logging_mixin.py:188} INFO - [2025-03-13T12:55:38.123+0000] {dagbag.py:545} INFO - Filling up the DagBag from /home/airflow/.local/lib/python3.12/site-packages/airflow/example_dags/example_external_task_marker_dag.py
[2025-03-13T12:55:38.125+0000] {processor.py:840} INFO - DAG(s) 'example_external_task_marker_child', 'example_external_task_marker_parent' retrieved from /home/airflow/.local/lib/python3.12/site-packages/airflow/example_dags/example_external_task_marker_dag.py
[2025-03-13T12:55:38.135+0000] {logging_mixin.py:188} INFO - [2025-03-13T12:55:38.135+0000] {dag.py:3089} INFO - Sync 2 DAGs
[2025-03-13T12:55:38.141+0000] {logging_mixin.py:188} INFO - [2025-03-13T12:55:38.141+0000] {dag.py:3947} INFO - Setting next_dagrun for example_external_task_marker_child to None, run_after=None
[2025-03-13T12:55:38.144+0000] {logging_mixin.py:188} INFO - [2025-03-13T12:55:38.144+0000] {dag.py:3947} INFO - Setting next_dagrun for example_external_task_marker_parent to None, run_after=None
[2025-03-13T12:55:38.151+0000] {processor.py:183} INFO - Processing /home/airflow/.local/lib/python3.12/site-packages/airflow/example_dags/example_external_task_marker_dag.py took 0.032 seconds
[2025-03-13T12:56:10.673+0000] {processor.py:161} INFO - Started process (PID=1048) to work on /home/airflow/.local/lib/python3.12/site-packages/airflow/example_dags/example_external_task_marker_dag.py
[2025-03-13T12:56:10.673+0000] {processor.py:830} INFO - Processing file /home/airflow/.local/lib/python3.12/site-packages/airflow/example_dags/example_external_task_marker_dag.py for tasks to queue
[2025-03-13T12:56:10.674+0000] {logging_mixin.py:188} INFO - [2025-03-13T12:56:10.674+0000] {dagbag.py:545} INFO - Filling up the DagBag from /home/airflow/.local/lib/python3.12/site-packages/airflow/example_dags/example_external_task_marker_dag.py
[2025-03-13T12:56:10.677+0000] {processor.py:840} INFO - DAG(s) 'example_external_task_marker_parent', 'example_external_task_marker_child' retrieved from /home/airflow/.local/lib/python3.12/site-packages/airflow/example_dags/example_external_task_marker_dag.py
[2025-03-13T12:56:10.686+0000] {logging_mixin.py:188} INFO - [2025-03-13T12:56:10.686+0000] {dag.py:3089} INFO - Sync 2 DAGs
[2025-03-13T12:56:10.691+0000] {logging_mixin.py:188} INFO - [2025-03-13T12:56:10.691+0000] {dag.py:3947} INFO - Setting next_dagrun for example_external_task_marker_child to None, run_after=None
[2025-03-13T12:56:10.693+0000] {logging_mixin.py:188} INFO - [2025-03-13T12:56:10.693+0000] {dag.py:3947} INFO - Setting next_dagrun for example_external_task_marker_parent to None, run_after=None
[2025-03-13T12:56:10.699+0000] {processor.py:183} INFO - Processing /home/airflow/.local/lib/python3.12/site-packages/airflow/example_dags/example_external_task_marker_dag.py took 0.029 seconds
[2025-03-13T12:56:43.136+0000] {processor.py:161} INFO - Started process (PID=1120) to work on /home/airflow/.local/lib/python3.12/site-packages/airflow/example_dags/example_external_task_marker_dag.py
[2025-03-13T12:56:43.137+0000] {processor.py:830} INFO - Processing file /home/airflow/.local/lib/python3.12/site-packages/airflow/example_dags/example_external_task_marker_dag.py for tasks to queue
[2025-03-13T12:56:43.138+0000] {logging_mixin.py:188} INFO - [2025-03-13T12:56:43.137+0000] {dagbag.py:545} INFO - Filling up the DagBag from /home/airflow/.local/lib/python3.12/site-packages/airflow/example_dags/example_external_task_marker_dag.py
[2025-03-13T12:56:43.140+0000] {processor.py:840} INFO - DAG(s) 'example_external_task_marker_parent', 'example_external_task_marker_child' retrieved from /home/airflow/.local/lib/python3.12/site-packages/airflow/example_dags/example_external_task_marker_dag.py
[2025-03-13T12:56:43.151+0000] {logging_mixin.py:188} INFO - [2025-03-13T12:56:43.151+0000] {dag.py:3089} INFO - Sync 2 DAGs
[2025-03-13T12:56:43.156+0000] {logging_mixin.py:188} INFO - [2025-03-13T12:56:43.156+0000] {dag.py:3947} INFO - Setting next_dagrun for example_external_task_marker_child to None, run_after=None
[2025-03-13T12:56:43.158+0000] {logging_mixin.py:188} INFO - [2025-03-13T12:56:43.158+0000] {dag.py:3947} INFO - Setting next_dagrun for example_external_task_marker_parent to None, run_after=None
[2025-03-13T12:56:43.163+0000] {processor.py:183} INFO - Processing /home/airflow/.local/lib/python3.12/site-packages/airflow/example_dags/example_external_task_marker_dag.py took 0.030 seconds
[2025-03-13T12:57:15.420+0000] {processor.py:161} INFO - Started process (PID=1192) to work on /home/airflow/.local/lib/python3.12/site-packages/airflow/example_dags/example_external_task_marker_dag.py
[2025-03-13T12:57:15.421+0000] {processor.py:830} INFO - Processing file /home/airflow/.local/lib/python3.12/site-packages/airflow/example_dags/example_external_task_marker_dag.py for tasks to queue
[2025-03-13T12:57:15.422+0000] {logging_mixin.py:188} INFO - [2025-03-13T12:57:15.422+0000] {dagbag.py:545} INFO - Filling up the DagBag from /home/airflow/.local/lib/python3.12/site-packages/airflow/example_dags/example_external_task_marker_dag.py
[2025-03-13T12:57:15.425+0000] {processor.py:840} INFO - DAG(s) 'example_external_task_marker_parent', 'example_external_task_marker_child' retrieved from /home/airflow/.local/lib/python3.12/site-packages/airflow/example_dags/example_external_task_marker_dag.py
[2025-03-13T12:57:15.436+0000] {logging_mixin.py:188} INFO - [2025-03-13T12:57:15.435+0000] {dag.py:3089} INFO - Sync 2 DAGs
[2025-03-13T12:57:15.441+0000] {logging_mixin.py:188} INFO - [2025-03-13T12:57:15.441+0000] {dag.py:3947} INFO - Setting next_dagrun for example_external_task_marker_child to None, run_after=None
[2025-03-13T12:57:15.442+0000] {logging_mixin.py:188} INFO - [2025-03-13T12:57:15.442+0000] {dag.py:3947} INFO - Setting next_dagrun for example_external_task_marker_parent to None, run_after=None
[2025-03-13T12:57:15.448+0000] {processor.py:183} INFO - Processing /home/airflow/.local/lib/python3.12/site-packages/airflow/example_dags/example_external_task_marker_dag.py took 0.031 seconds
[2025-03-13T12:57:47.843+0000] {processor.py:161} INFO - Started process (PID=1264) to work on /home/airflow/.local/lib/python3.12/site-packages/airflow/example_dags/example_external_task_marker_dag.py
[2025-03-13T12:57:47.844+0000] {processor.py:830} INFO - Processing file /home/airflow/.local/lib/python3.12/site-packages/airflow/example_dags/example_external_task_marker_dag.py for tasks to queue
[2025-03-13T12:57:47.845+0000] {logging_mixin.py:188} INFO - [2025-03-13T12:57:47.844+0000] {dagbag.py:545} INFO - Filling up the DagBag from /home/airflow/.local/lib/python3.12/site-packages/airflow/example_dags/example_external_task_marker_dag.py
[2025-03-13T12:57:47.847+0000] {processor.py:840} INFO - DAG(s) 'example_external_task_marker_parent', 'example_external_task_marker_child' retrieved from /home/airflow/.local/lib/python3.12/site-packages/airflow/example_dags/example_external_task_marker_dag.py
[2025-03-13T12:57:47.862+0000] {logging_mixin.py:188} INFO - [2025-03-13T12:57:47.862+0000] {dag.py:3089} INFO - Sync 2 DAGs
[2025-03-13T12:57:47.868+0000] {logging_mixin.py:188} INFO - [2025-03-13T12:57:47.868+0000] {dag.py:3947} INFO - Setting next_dagrun for example_external_task_marker_child to None, run_after=None
[2025-03-13T12:57:47.872+0000] {logging_mixin.py:188} INFO - [2025-03-13T12:57:47.872+0000] {dag.py:3947} INFO - Setting next_dagrun for example_external_task_marker_parent to None, run_after=None
[2025-03-13T12:57:47.877+0000] {processor.py:183} INFO - Processing /home/airflow/.local/lib/python3.12/site-packages/airflow/example_dags/example_external_task_marker_dag.py took 0.037 seconds
[2025-03-13T12:58:20.314+0000] {processor.py:161} INFO - Started process (PID=1336) to work on /home/airflow/.local/lib/python3.12/site-packages/airflow/example_dags/example_external_task_marker_dag.py
[2025-03-13T12:58:20.315+0000] {processor.py:830} INFO - Processing file /home/airflow/.local/lib/python3.12/site-packages/airflow/example_dags/example_external_task_marker_dag.py for tasks to queue
[2025-03-13T12:58:20.316+0000] {logging_mixin.py:188} INFO - [2025-03-13T12:58:20.316+0000] {dagbag.py:545} INFO - Filling up the DagBag from /home/airflow/.local/lib/python3.12/site-packages/airflow/example_dags/example_external_task_marker_dag.py
[2025-03-13T12:58:20.320+0000] {processor.py:840} INFO - DAG(s) 'example_external_task_marker_parent', 'example_external_task_marker_child' retrieved from /home/airflow/.local/lib/python3.12/site-packages/airflow/example_dags/example_external_task_marker_dag.py
[2025-03-13T12:58:20.329+0000] {logging_mixin.py:188} INFO - [2025-03-13T12:58:20.329+0000] {dag.py:3089} INFO - Sync 2 DAGs
[2025-03-13T12:58:20.335+0000] {logging_mixin.py:188} INFO - [2025-03-13T12:58:20.335+0000] {dag.py:3947} INFO - Setting next_dagrun for example_external_task_marker_child to None, run_after=None
[2025-03-13T12:58:20.338+0000] {logging_mixin.py:188} INFO - [2025-03-13T12:58:20.338+0000] {dag.py:3947} INFO - Setting next_dagrun for example_external_task_marker_parent to None, run_after=None
[2025-03-13T12:58:20.350+0000] {processor.py:183} INFO - Processing /home/airflow/.local/lib/python3.12/site-packages/airflow/example_dags/example_external_task_marker_dag.py took 0.038 seconds
[2025-03-13T12:58:52.646+0000] {processor.py:161} INFO - Started process (PID=1408) to work on /home/airflow/.local/lib/python3.12/site-packages/airflow/example_dags/example_external_task_marker_dag.py
[2025-03-13T12:58:52.647+0000] {processor.py:830} INFO - Processing file /home/airflow/.local/lib/python3.12/site-packages/airflow/example_dags/example_external_task_marker_dag.py for tasks to queue
[2025-03-13T12:58:52.648+0000] {logging_mixin.py:188} INFO - [2025-03-13T12:58:52.648+0000] {dagbag.py:545} INFO - Filling up the DagBag from /home/airflow/.local/lib/python3.12/site-packages/airflow/example_dags/example_external_task_marker_dag.py
[2025-03-13T12:58:52.650+0000] {processor.py:840} INFO - DAG(s) 'example_external_task_marker_parent', 'example_external_task_marker_child' retrieved from /home/airflow/.local/lib/python3.12/site-packages/airflow/example_dags/example_external_task_marker_dag.py
[2025-03-13T12:58:52.659+0000] {logging_mixin.py:188} INFO - [2025-03-13T12:58:52.659+0000] {dag.py:3089} INFO - Sync 2 DAGs
[2025-03-13T12:58:52.665+0000] {logging_mixin.py:188} INFO - [2025-03-13T12:58:52.665+0000] {dag.py:3947} INFO - Setting next_dagrun for example_external_task_marker_child to None, run_after=None
[2025-03-13T12:58:52.667+0000] {logging_mixin.py:188} INFO - [2025-03-13T12:58:52.666+0000] {dag.py:3947} INFO - Setting next_dagrun for example_external_task_marker_parent to None, run_after=None
[2025-03-13T12:58:52.675+0000] {processor.py:183} INFO - Processing /home/airflow/.local/lib/python3.12/site-packages/airflow/example_dags/example_external_task_marker_dag.py took 0.032 seconds
[2025-03-13T12:59:25.260+0000] {processor.py:161} INFO - Started process (PID=1479) to work on /home/airflow/.local/lib/python3.12/site-packages/airflow/example_dags/example_external_task_marker_dag.py
[2025-03-13T12:59:25.261+0000] {processor.py:830} INFO - Processing file /home/airflow/.local/lib/python3.12/site-packages/airflow/example_dags/example_external_task_marker_dag.py for tasks to queue
[2025-03-13T12:59:25.262+0000] {logging_mixin.py:188} INFO - [2025-03-13T12:59:25.262+0000] {dagbag.py:545} INFO - Filling up the DagBag from /home/airflow/.local/lib/python3.12/site-packages/airflow/example_dags/example_external_task_marker_dag.py
[2025-03-13T12:59:25.268+0000] {processor.py:840} INFO - DAG(s) 'example_external_task_marker_child', 'example_external_task_marker_parent' retrieved from /home/airflow/.local/lib/python3.12/site-packages/airflow/example_dags/example_external_task_marker_dag.py
[2025-03-13T12:59:25.278+0000] {logging_mixin.py:188} INFO - [2025-03-13T12:59:25.278+0000] {dag.py:3089} INFO - Sync 2 DAGs
[2025-03-13T12:59:25.284+0000] {logging_mixin.py:188} INFO - [2025-03-13T12:59:25.284+0000] {dag.py:3947} INFO - Setting next_dagrun for example_external_task_marker_child to None, run_after=None
[2025-03-13T12:59:25.286+0000] {logging_mixin.py:188} INFO - [2025-03-13T12:59:25.286+0000] {dag.py:3947} INFO - Setting next_dagrun for example_external_task_marker_parent to None, run_after=None
[2025-03-13T12:59:25.298+0000] {processor.py:183} INFO - Processing /home/airflow/.local/lib/python3.12/site-packages/airflow/example_dags/example_external_task_marker_dag.py took 0.040 seconds
[2025-03-13T12:59:57.778+0000] {processor.py:161} INFO - Started process (PID=1551) to work on /home/airflow/.local/lib/python3.12/site-packages/airflow/example_dags/example_external_task_marker_dag.py
[2025-03-13T12:59:57.779+0000] {processor.py:830} INFO - Processing file /home/airflow/.local/lib/python3.12/site-packages/airflow/example_dags/example_external_task_marker_dag.py for tasks to queue
[2025-03-13T12:59:57.781+0000] {logging_mixin.py:188} INFO - [2025-03-13T12:59:57.781+0000] {dagbag.py:545} INFO - Filling up the DagBag from /home/airflow/.local/lib/python3.12/site-packages/airflow/example_dags/example_external_task_marker_dag.py
[2025-03-13T12:59:57.783+0000] {processor.py:840} INFO - DAG(s) 'example_external_task_marker_parent', 'example_external_task_marker_child' retrieved from /home/airflow/.local/lib/python3.12/site-packages/airflow/example_dags/example_external_task_marker_dag.py
[2025-03-13T12:59:57.795+0000] {logging_mixin.py:188} INFO - [2025-03-13T12:59:57.795+0000] {dag.py:3089} INFO - Sync 2 DAGs
[2025-03-13T12:59:57.803+0000] {logging_mixin.py:188} INFO - [2025-03-13T12:59:57.803+0000] {dag.py:3947} INFO - Setting next_dagrun for example_external_task_marker_child to None, run_after=None
[2025-03-13T12:59:57.804+0000] {logging_mixin.py:188} INFO - [2025-03-13T12:59:57.804+0000] {dag.py:3947} INFO - Setting next_dagrun for example_external_task_marker_parent to None, run_after=None
[2025-03-13T12:59:57.811+0000] {processor.py:183} INFO - Processing /home/airflow/.local/lib/python3.12/site-packages/airflow/example_dags/example_external_task_marker_dag.py took 0.035 seconds
[2025-03-13T13:00:30.315+0000] {processor.py:161} INFO - Started process (PID=1623) to work on /home/airflow/.local/lib/python3.12/site-packages/airflow/example_dags/example_external_task_marker_dag.py
[2025-03-13T13:00:30.316+0000] {processor.py:830} INFO - Processing file /home/airflow/.local/lib/python3.12/site-packages/airflow/example_dags/example_external_task_marker_dag.py for tasks to queue
[2025-03-13T13:00:30.317+0000] {logging_mixin.py:188} INFO - [2025-03-13T13:00:30.316+0000] {dagbag.py:545} INFO - Filling up the DagBag from /home/airflow/.local/lib/python3.12/site-packages/airflow/example_dags/example_external_task_marker_dag.py
[2025-03-13T13:00:30.321+0000] {processor.py:840} INFO - DAG(s) 'example_external_task_marker_child', 'example_external_task_marker_parent' retrieved from /home/airflow/.local/lib/python3.12/site-packages/airflow/example_dags/example_external_task_marker_dag.py
[2025-03-13T13:00:30.330+0000] {logging_mixin.py:188} INFO - [2025-03-13T13:00:30.330+0000] {dag.py:3089} INFO - Sync 2 DAGs
[2025-03-13T13:00:30.336+0000] {logging_mixin.py:188} INFO - [2025-03-13T13:00:30.336+0000] {dag.py:3947} INFO - Setting next_dagrun for example_external_task_marker_child to None, run_after=None
[2025-03-13T13:00:30.338+0000] {logging_mixin.py:188} INFO - [2025-03-13T13:00:30.338+0000] {dag.py:3947} INFO - Setting next_dagrun for example_external_task_marker_parent to None, run_after=None
[2025-03-13T13:00:30.345+0000] {processor.py:183} INFO - Processing /home/airflow/.local/lib/python3.12/site-packages/airflow/example_dags/example_external_task_marker_dag.py took 0.032 seconds
[2025-03-13T13:01:02.695+0000] {processor.py:161} INFO - Started process (PID=1695) to work on /home/airflow/.local/lib/python3.12/site-packages/airflow/example_dags/example_external_task_marker_dag.py
[2025-03-13T13:01:02.696+0000] {processor.py:830} INFO - Processing file /home/airflow/.local/lib/python3.12/site-packages/airflow/example_dags/example_external_task_marker_dag.py for tasks to queue
[2025-03-13T13:01:02.696+0000] {logging_mixin.py:188} INFO - [2025-03-13T13:01:02.696+0000] {dagbag.py:545} INFO - Filling up the DagBag from /home/airflow/.local/lib/python3.12/site-packages/airflow/example_dags/example_external_task_marker_dag.py
[2025-03-13T13:01:02.700+0000] {processor.py:840} INFO - DAG(s) 'example_external_task_marker_parent', 'example_external_task_marker_child' retrieved from /home/airflow/.local/lib/python3.12/site-packages/airflow/example_dags/example_external_task_marker_dag.py
[2025-03-13T13:01:02.712+0000] {logging_mixin.py:188} INFO - [2025-03-13T13:01:02.712+0000] {dag.py:3089} INFO - Sync 2 DAGs
[2025-03-13T13:01:02.717+0000] {logging_mixin.py:188} INFO - [2025-03-13T13:01:02.717+0000] {dag.py:3947} INFO - Setting next_dagrun for example_external_task_marker_child to None, run_after=None
[2025-03-13T13:01:02.719+0000] {logging_mixin.py:188} INFO - [2025-03-13T13:01:02.719+0000] {dag.py:3947} INFO - Setting next_dagrun for example_external_task_marker_parent to None, run_after=None
[2025-03-13T13:01:02.728+0000] {processor.py:183} INFO - Processing /home/airflow/.local/lib/python3.12/site-packages/airflow/example_dags/example_external_task_marker_dag.py took 0.035 seconds
[2025-03-13T13:01:35.074+0000] {processor.py:161} INFO - Started process (PID=1767) to work on /home/airflow/.local/lib/python3.12/site-packages/airflow/example_dags/example_external_task_marker_dag.py
[2025-03-13T13:01:35.075+0000] {processor.py:830} INFO - Processing file /home/airflow/.local/lib/python3.12/site-packages/airflow/example_dags/example_external_task_marker_dag.py for tasks to queue
[2025-03-13T13:01:35.075+0000] {logging_mixin.py:188} INFO - [2025-03-13T13:01:35.075+0000] {dagbag.py:545} INFO - Filling up the DagBag from /home/airflow/.local/lib/python3.12/site-packages/airflow/example_dags/example_external_task_marker_dag.py
[2025-03-13T13:01:35.079+0000] {processor.py:840} INFO - DAG(s) 'example_external_task_marker_child', 'example_external_task_marker_parent' retrieved from /home/airflow/.local/lib/python3.12/site-packages/airflow/example_dags/example_external_task_marker_dag.py
[2025-03-13T13:01:35.093+0000] {logging_mixin.py:188} INFO - [2025-03-13T13:01:35.093+0000] {dag.py:3089} INFO - Sync 2 DAGs
[2025-03-13T13:01:35.099+0000] {logging_mixin.py:188} INFO - [2025-03-13T13:01:35.098+0000] {dag.py:3947} INFO - Setting next_dagrun for example_external_task_marker_child to None, run_after=None
[2025-03-13T13:01:35.100+0000] {logging_mixin.py:188} INFO - [2025-03-13T13:01:35.100+0000] {dag.py:3947} INFO - Setting next_dagrun for example_external_task_marker_parent to None, run_after=None
[2025-03-13T13:01:35.108+0000] {processor.py:183} INFO - Processing /home/airflow/.local/lib/python3.12/site-packages/airflow/example_dags/example_external_task_marker_dag.py took 0.037 seconds
[2025-03-13T13:02:07.514+0000] {processor.py:161} INFO - Started process (PID=1845) to work on /home/airflow/.local/lib/python3.12/site-packages/airflow/example_dags/example_external_task_marker_dag.py
[2025-03-13T13:02:07.514+0000] {processor.py:830} INFO - Processing file /home/airflow/.local/lib/python3.12/site-packages/airflow/example_dags/example_external_task_marker_dag.py for tasks to queue
[2025-03-13T13:02:07.515+0000] {logging_mixin.py:188} INFO - [2025-03-13T13:02:07.515+0000] {dagbag.py:545} INFO - Filling up the DagBag from /home/airflow/.local/lib/python3.12/site-packages/airflow/example_dags/example_external_task_marker_dag.py
[2025-03-13T13:02:07.517+0000] {processor.py:840} INFO - DAG(s) 'example_external_task_marker_parent', 'example_external_task_marker_child' retrieved from /home/airflow/.local/lib/python3.12/site-packages/airflow/example_dags/example_external_task_marker_dag.py
[2025-03-13T13:02:07.527+0000] {logging_mixin.py:188} INFO - [2025-03-13T13:02:07.527+0000] {dag.py:3089} INFO - Sync 2 DAGs
[2025-03-13T13:02:07.532+0000] {logging_mixin.py:188} INFO - [2025-03-13T13:02:07.532+0000] {dag.py:3947} INFO - Setting next_dagrun for example_external_task_marker_child to None, run_after=None
[2025-03-13T13:02:07.534+0000] {logging_mixin.py:188} INFO - [2025-03-13T13:02:07.534+0000] {dag.py:3947} INFO - Setting next_dagrun for example_external_task_marker_parent to None, run_after=None
[2025-03-13T13:02:07.540+0000] {processor.py:183} INFO - Processing /home/airflow/.local/lib/python3.12/site-packages/airflow/example_dags/example_external_task_marker_dag.py took 0.029 seconds
[2025-03-13T13:02:40.362+0000] {processor.py:161} INFO - Started process (PID=1917) to work on /home/airflow/.local/lib/python3.12/site-packages/airflow/example_dags/example_external_task_marker_dag.py
[2025-03-13T13:02:40.362+0000] {processor.py:830} INFO - Processing file /home/airflow/.local/lib/python3.12/site-packages/airflow/example_dags/example_external_task_marker_dag.py for tasks to queue
[2025-03-13T13:02:40.363+0000] {logging_mixin.py:188} INFO - [2025-03-13T13:02:40.363+0000] {dagbag.py:545} INFO - Filling up the DagBag from /home/airflow/.local/lib/python3.12/site-packages/airflow/example_dags/example_external_task_marker_dag.py
[2025-03-13T13:02:40.366+0000] {processor.py:840} INFO - DAG(s) 'example_external_task_marker_parent', 'example_external_task_marker_child' retrieved from /home/airflow/.local/lib/python3.12/site-packages/airflow/example_dags/example_external_task_marker_dag.py
[2025-03-13T13:02:40.379+0000] {logging_mixin.py:188} INFO - [2025-03-13T13:02:40.379+0000] {dag.py:3089} INFO - Sync 2 DAGs
[2025-03-13T13:02:40.386+0000] {logging_mixin.py:188} INFO - [2025-03-13T13:02:40.386+0000] {dag.py:3947} INFO - Setting next_dagrun for example_external_task_marker_child to None, run_after=None
[2025-03-13T13:02:40.390+0000] {logging_mixin.py:188} INFO - [2025-03-13T13:02:40.390+0000] {dag.py:3947} INFO - Setting next_dagrun for example_external_task_marker_parent to None, run_after=None
[2025-03-13T13:02:40.397+0000] {processor.py:183} INFO - Processing /home/airflow/.local/lib/python3.12/site-packages/airflow/example_dags/example_external_task_marker_dag.py took 0.038 seconds
[2025-03-13T13:03:13.037+0000] {processor.py:161} INFO - Started process (PID=1989) to work on /home/airflow/.local/lib/python3.12/site-packages/airflow/example_dags/example_external_task_marker_dag.py
[2025-03-13T13:03:13.037+0000] {processor.py:830} INFO - Processing file /home/airflow/.local/lib/python3.12/site-packages/airflow/example_dags/example_external_task_marker_dag.py for tasks to queue
[2025-03-13T13:03:13.038+0000] {logging_mixin.py:188} INFO - [2025-03-13T13:03:13.038+0000] {dagbag.py:545} INFO - Filling up the DagBag from /home/airflow/.local/lib/python3.12/site-packages/airflow/example_dags/example_external_task_marker_dag.py
[2025-03-13T13:03:13.041+0000] {processor.py:840} INFO - DAG(s) 'example_external_task_marker_parent', 'example_external_task_marker_child' retrieved from /home/airflow/.local/lib/python3.12/site-packages/airflow/example_dags/example_external_task_marker_dag.py
[2025-03-13T13:03:13.053+0000] {logging_mixin.py:188} INFO - [2025-03-13T13:03:13.053+0000] {dag.py:3089} INFO - Sync 2 DAGs
[2025-03-13T13:03:13.060+0000] {logging_mixin.py:188} INFO - [2025-03-13T13:03:13.060+0000] {dag.py:3947} INFO - Setting next_dagrun for example_external_task_marker_child to None, run_after=None
[2025-03-13T13:03:13.063+0000] {logging_mixin.py:188} INFO - [2025-03-13T13:03:13.062+0000] {dag.py:3947} INFO - Setting next_dagrun for example_external_task_marker_parent to None, run_after=None
[2025-03-13T13:03:13.070+0000] {processor.py:183} INFO - Processing /home/airflow/.local/lib/python3.12/site-packages/airflow/example_dags/example_external_task_marker_dag.py took 0.036 seconds
[2025-03-13T13:03:45.614+0000] {processor.py:161} INFO - Started process (PID=2061) to work on /home/airflow/.local/lib/python3.12/site-packages/airflow/example_dags/example_external_task_marker_dag.py
[2025-03-13T13:03:45.615+0000] {processor.py:830} INFO - Processing file /home/airflow/.local/lib/python3.12/site-packages/airflow/example_dags/example_external_task_marker_dag.py for tasks to queue
[2025-03-13T13:03:45.616+0000] {logging_mixin.py:188} INFO - [2025-03-13T13:03:45.616+0000] {dagbag.py:545} INFO - Filling up the DagBag from /home/airflow/.local/lib/python3.12/site-packages/airflow/example_dags/example_external_task_marker_dag.py
[2025-03-13T13:03:45.619+0000] {processor.py:840} INFO - DAG(s) 'example_external_task_marker_parent', 'example_external_task_marker_child' retrieved from /home/airflow/.local/lib/python3.12/site-packages/airflow/example_dags/example_external_task_marker_dag.py
[2025-03-13T13:03:45.631+0000] {logging_mixin.py:188} INFO - [2025-03-13T13:03:45.631+0000] {dag.py:3089} INFO - Sync 2 DAGs
[2025-03-13T13:03:45.636+0000] {logging_mixin.py:188} INFO - [2025-03-13T13:03:45.636+0000] {dag.py:3947} INFO - Setting next_dagrun for example_external_task_marker_child to None, run_after=None
[2025-03-13T13:03:45.638+0000] {logging_mixin.py:188} INFO - [2025-03-13T13:03:45.638+0000] {dag.py:3947} INFO - Setting next_dagrun for example_external_task_marker_parent to None, run_after=None
[2025-03-13T13:03:45.646+0000] {processor.py:183} INFO - Processing /home/airflow/.local/lib/python3.12/site-packages/airflow/example_dags/example_external_task_marker_dag.py took 0.035 seconds
[2025-03-13T13:04:18.039+0000] {processor.py:161} INFO - Started process (PID=2132) to work on /home/airflow/.local/lib/python3.12/site-packages/airflow/example_dags/example_external_task_marker_dag.py
[2025-03-13T13:04:18.040+0000] {processor.py:830} INFO - Processing file /home/airflow/.local/lib/python3.12/site-packages/airflow/example_dags/example_external_task_marker_dag.py for tasks to queue
[2025-03-13T13:04:18.041+0000] {logging_mixin.py:188} INFO - [2025-03-13T13:04:18.041+0000] {dagbag.py:545} INFO - Filling up the DagBag from /home/airflow/.local/lib/python3.12/site-packages/airflow/example_dags/example_external_task_marker_dag.py
[2025-03-13T13:04:18.044+0000] {processor.py:840} INFO - DAG(s) 'example_external_task_marker_parent', 'example_external_task_marker_child' retrieved from /home/airflow/.local/lib/python3.12/site-packages/airflow/example_dags/example_external_task_marker_dag.py
[2025-03-13T13:04:18.056+0000] {logging_mixin.py:188} INFO - [2025-03-13T13:04:18.056+0000] {dag.py:3089} INFO - Sync 2 DAGs
[2025-03-13T13:04:18.062+0000] {logging_mixin.py:188} INFO - [2025-03-13T13:04:18.062+0000] {dag.py:3947} INFO - Setting next_dagrun for example_external_task_marker_child to None, run_after=None
[2025-03-13T13:04:18.064+0000] {logging_mixin.py:188} INFO - [2025-03-13T13:04:18.064+0000] {dag.py:3947} INFO - Setting next_dagrun for example_external_task_marker_parent to None, run_after=None
[2025-03-13T13:04:18.072+0000] {processor.py:183} INFO - Processing /home/airflow/.local/lib/python3.12/site-packages/airflow/example_dags/example_external_task_marker_dag.py took 0.037 seconds
[2025-03-13T13:04:50.471+0000] {processor.py:161} INFO - Started process (PID=2204) to work on /home/airflow/.local/lib/python3.12/site-packages/airflow/example_dags/example_external_task_marker_dag.py
[2025-03-13T13:04:50.471+0000] {processor.py:830} INFO - Processing file /home/airflow/.local/lib/python3.12/site-packages/airflow/example_dags/example_external_task_marker_dag.py for tasks to queue
[2025-03-13T13:04:50.473+0000] {logging_mixin.py:188} INFO - [2025-03-13T13:04:50.473+0000] {dagbag.py:545} INFO - Filling up the DagBag from /home/airflow/.local/lib/python3.12/site-packages/airflow/example_dags/example_external_task_marker_dag.py
[2025-03-13T13:04:50.476+0000] {processor.py:840} INFO - DAG(s) 'example_external_task_marker_parent', 'example_external_task_marker_child' retrieved from /home/airflow/.local/lib/python3.12/site-packages/airflow/example_dags/example_external_task_marker_dag.py
[2025-03-13T13:04:50.491+0000] {logging_mixin.py:188} INFO - [2025-03-13T13:04:50.490+0000] {dag.py:3089} INFO - Sync 2 DAGs
[2025-03-13T13:04:50.497+0000] {logging_mixin.py:188} INFO - [2025-03-13T13:04:50.497+0000] {dag.py:3947} INFO - Setting next_dagrun for example_external_task_marker_child to None, run_after=None
[2025-03-13T13:04:50.500+0000] {logging_mixin.py:188} INFO - [2025-03-13T13:04:50.500+0000] {dag.py:3947} INFO - Setting next_dagrun for example_external_task_marker_parent to None, run_after=None
[2025-03-13T13:04:50.507+0000] {processor.py:183} INFO - Processing /home/airflow/.local/lib/python3.12/site-packages/airflow/example_dags/example_external_task_marker_dag.py took 0.039 seconds
[2025-03-13T13:05:22.946+0000] {processor.py:161} INFO - Started process (PID=2276) to work on /home/airflow/.local/lib/python3.12/site-packages/airflow/example_dags/example_external_task_marker_dag.py
[2025-03-13T13:05:22.947+0000] {processor.py:830} INFO - Processing file /home/airflow/.local/lib/python3.12/site-packages/airflow/example_dags/example_external_task_marker_dag.py for tasks to queue
[2025-03-13T13:05:22.948+0000] {logging_mixin.py:188} INFO - [2025-03-13T13:05:22.948+0000] {dagbag.py:545} INFO - Filling up the DagBag from /home/airflow/.local/lib/python3.12/site-packages/airflow/example_dags/example_external_task_marker_dag.py
[2025-03-13T13:05:22.952+0000] {processor.py:840} INFO - DAG(s) 'example_external_task_marker_child', 'example_external_task_marker_parent' retrieved from /home/airflow/.local/lib/python3.12/site-packages/airflow/example_dags/example_external_task_marker_dag.py
[2025-03-13T13:05:22.966+0000] {logging_mixin.py:188} INFO - [2025-03-13T13:05:22.966+0000] {dag.py:3089} INFO - Sync 2 DAGs
[2025-03-13T13:05:22.971+0000] {logging_mixin.py:188} INFO - [2025-03-13T13:05:22.971+0000] {dag.py:3947} INFO - Setting next_dagrun for example_external_task_marker_child to None, run_after=None
[2025-03-13T13:05:22.973+0000] {logging_mixin.py:188} INFO - [2025-03-13T13:05:22.973+0000] {dag.py:3947} INFO - Setting next_dagrun for example_external_task_marker_parent to None, run_after=None
[2025-03-13T13:05:22.978+0000] {processor.py:183} INFO - Processing /home/airflow/.local/lib/python3.12/site-packages/airflow/example_dags/example_external_task_marker_dag.py took 0.035 seconds
[2025-03-13T13:05:55.314+0000] {processor.py:161} INFO - Started process (PID=2348) to work on /home/airflow/.local/lib/python3.12/site-packages/airflow/example_dags/example_external_task_marker_dag.py
[2025-03-13T13:05:55.315+0000] {processor.py:830} INFO - Processing file /home/airflow/.local/lib/python3.12/site-packages/airflow/example_dags/example_external_task_marker_dag.py for tasks to queue
[2025-03-13T13:05:55.315+0000] {logging_mixin.py:188} INFO - [2025-03-13T13:05:55.315+0000] {dagbag.py:545} INFO - Filling up the DagBag from /home/airflow/.local/lib/python3.12/site-packages/airflow/example_dags/example_external_task_marker_dag.py
[2025-03-13T13:05:55.318+0000] {processor.py:840} INFO - DAG(s) 'example_external_task_marker_child', 'example_external_task_marker_parent' retrieved from /home/airflow/.local/lib/python3.12/site-packages/airflow/example_dags/example_external_task_marker_dag.py
[2025-03-13T13:05:55.332+0000] {logging_mixin.py:188} INFO - [2025-03-13T13:05:55.331+0000] {dag.py:3089} INFO - Sync 2 DAGs
[2025-03-13T13:05:55.336+0000] {logging_mixin.py:188} INFO - [2025-03-13T13:05:55.336+0000] {dag.py:3947} INFO - Setting next_dagrun for example_external_task_marker_child to None, run_after=None
[2025-03-13T13:05:55.339+0000] {logging_mixin.py:188} INFO - [2025-03-13T13:05:55.339+0000] {dag.py:3947} INFO - Setting next_dagrun for example_external_task_marker_parent to None, run_after=None
[2025-03-13T13:05:55.346+0000] {processor.py:183} INFO - Processing /home/airflow/.local/lib/python3.12/site-packages/airflow/example_dags/example_external_task_marker_dag.py took 0.035 seconds
[2025-03-13T13:06:27.947+0000] {processor.py:161} INFO - Started process (PID=2420) to work on /home/airflow/.local/lib/python3.12/site-packages/airflow/example_dags/example_external_task_marker_dag.py
[2025-03-13T13:06:27.948+0000] {processor.py:830} INFO - Processing file /home/airflow/.local/lib/python3.12/site-packages/airflow/example_dags/example_external_task_marker_dag.py for tasks to queue
[2025-03-13T13:06:27.949+0000] {logging_mixin.py:188} INFO - [2025-03-13T13:06:27.949+0000] {dagbag.py:545} INFO - Filling up the DagBag from /home/airflow/.local/lib/python3.12/site-packages/airflow/example_dags/example_external_task_marker_dag.py
[2025-03-13T13:06:27.953+0000] {processor.py:840} INFO - DAG(s) 'example_external_task_marker_child', 'example_external_task_marker_parent' retrieved from /home/airflow/.local/lib/python3.12/site-packages/airflow/example_dags/example_external_task_marker_dag.py
[2025-03-13T13:06:27.962+0000] {logging_mixin.py:188} INFO - [2025-03-13T13:06:27.962+0000] {dag.py:3089} INFO - Sync 2 DAGs
[2025-03-13T13:06:27.969+0000] {logging_mixin.py:188} INFO - [2025-03-13T13:06:27.969+0000] {dag.py:3947} INFO - Setting next_dagrun for example_external_task_marker_child to None, run_after=None
[2025-03-13T13:06:27.971+0000] {logging_mixin.py:188} INFO - [2025-03-13T13:06:27.971+0000] {dag.py:3947} INFO - Setting next_dagrun for example_external_task_marker_parent to None, run_after=None
[2025-03-13T13:06:27.980+0000] {processor.py:183} INFO - Processing /home/airflow/.local/lib/python3.12/site-packages/airflow/example_dags/example_external_task_marker_dag.py took 0.035 seconds
[2025-03-13T13:07:00.505+0000] {processor.py:161} INFO - Started process (PID=2492) to work on /home/airflow/.local/lib/python3.12/site-packages/airflow/example_dags/example_external_task_marker_dag.py
[2025-03-13T13:07:00.505+0000] {processor.py:830} INFO - Processing file /home/airflow/.local/lib/python3.12/site-packages/airflow/example_dags/example_external_task_marker_dag.py for tasks to queue
[2025-03-13T13:07:00.507+0000] {logging_mixin.py:188} INFO - [2025-03-13T13:07:00.506+0000] {dagbag.py:545} INFO - Filling up the DagBag from /home/airflow/.local/lib/python3.12/site-packages/airflow/example_dags/example_external_task_marker_dag.py
[2025-03-13T13:07:00.510+0000] {processor.py:840} INFO - DAG(s) 'example_external_task_marker_child', 'example_external_task_marker_parent' retrieved from /home/airflow/.local/lib/python3.12/site-packages/airflow/example_dags/example_external_task_marker_dag.py
[2025-03-13T13:07:00.522+0000] {logging_mixin.py:188} INFO - [2025-03-13T13:07:00.522+0000] {dag.py:3089} INFO - Sync 2 DAGs
[2025-03-13T13:07:00.529+0000] {logging_mixin.py:188} INFO - [2025-03-13T13:07:00.529+0000] {dag.py:3947} INFO - Setting next_dagrun for example_external_task_marker_child to None, run_after=None
[2025-03-13T13:07:00.531+0000] {logging_mixin.py:188} INFO - [2025-03-13T13:07:00.531+0000] {dag.py:3947} INFO - Setting next_dagrun for example_external_task_marker_parent to None, run_after=None
[2025-03-13T13:07:00.543+0000] {processor.py:183} INFO - Processing /home/airflow/.local/lib/python3.12/site-packages/airflow/example_dags/example_external_task_marker_dag.py took 0.041 seconds
[2025-03-13T13:07:32.947+0000] {processor.py:161} INFO - Started process (PID=2564) to work on /home/airflow/.local/lib/python3.12/site-packages/airflow/example_dags/example_external_task_marker_dag.py
[2025-03-13T13:07:32.947+0000] {processor.py:830} INFO - Processing file /home/airflow/.local/lib/python3.12/site-packages/airflow/example_dags/example_external_task_marker_dag.py for tasks to queue
[2025-03-13T13:07:32.948+0000] {logging_mixin.py:188} INFO - [2025-03-13T13:07:32.948+0000] {dagbag.py:545} INFO - Filling up the DagBag from /home/airflow/.local/lib/python3.12/site-packages/airflow/example_dags/example_external_task_marker_dag.py
[2025-03-13T13:07:32.951+0000] {processor.py:840} INFO - DAG(s) 'example_external_task_marker_child', 'example_external_task_marker_parent' retrieved from /home/airflow/.local/lib/python3.12/site-packages/airflow/example_dags/example_external_task_marker_dag.py
[2025-03-13T13:07:32.960+0000] {logging_mixin.py:188} INFO - [2025-03-13T13:07:32.960+0000] {dag.py:3089} INFO - Sync 2 DAGs
[2025-03-13T13:07:32.965+0000] {logging_mixin.py:188} INFO - [2025-03-13T13:07:32.965+0000] {dag.py:3947} INFO - Setting next_dagrun for example_external_task_marker_child to None, run_after=None
[2025-03-13T13:07:32.968+0000] {logging_mixin.py:188} INFO - [2025-03-13T13:07:32.968+0000] {dag.py:3947} INFO - Setting next_dagrun for example_external_task_marker_parent to None, run_after=None
[2025-03-13T13:07:32.977+0000] {processor.py:183} INFO - Processing /home/airflow/.local/lib/python3.12/site-packages/airflow/example_dags/example_external_task_marker_dag.py took 0.033 seconds
