[2025-03-13T12:49:07.653+0000] {processor.py:161} INFO - Started process (PID=111) to work on /home/airflow/.local/lib/python3.12/site-packages/airflow/example_dags/example_latest_only.py
[2025-03-13T12:49:07.653+0000] {processor.py:830} INFO - Processing file /home/airflow/.local/lib/python3.12/site-packages/airflow/example_dags/example_latest_only.py for tasks to queue
[2025-03-13T12:49:07.654+0000] {logging_mixin.py:188} INFO - [2025-03-13T12:49:07.654+0000] {dagbag.py:545} INFO - Filling up the DagBag from /home/airflow/.local/lib/python3.12/site-packages/airflow/example_dags/example_latest_only.py
[2025-03-13T12:49:07.656+0000] {processor.py:840} INFO - DAG(s) 'latest_only' retrieved from /home/airflow/.local/lib/python3.12/site-packages/airflow/example_dags/example_latest_only.py
[2025-03-13T12:49:07.664+0000] {logging_mixin.py:188} INFO - [2025-03-13T12:49:07.664+0000] {dag.py:3089} INFO - Sync 1 DAGs
[2025-03-13T12:49:07.672+0000] {logging_mixin.py:188} INFO - [2025-03-13T12:49:07.672+0000] {dag.py:3947} INFO - Setting next_dagrun for latest_only to 2025-03-13 08:00:00+00:00, run_after=2025-03-13 12:00:00+00:00
[2025-03-13T12:49:07.679+0000] {processor.py:183} INFO - Processing /home/airflow/.local/lib/python3.12/site-packages/airflow/example_dags/example_latest_only.py took 0.028 seconds
[2025-03-13T12:49:40.301+0000] {processor.py:161} INFO - Started process (PID=183) to work on /home/airflow/.local/lib/python3.12/site-packages/airflow/example_dags/example_latest_only.py
[2025-03-13T12:49:40.301+0000] {processor.py:830} INFO - Processing file /home/airflow/.local/lib/python3.12/site-packages/airflow/example_dags/example_latest_only.py for tasks to queue
[2025-03-13T12:49:40.302+0000] {logging_mixin.py:188} INFO - [2025-03-13T12:49:40.302+0000] {dagbag.py:545} INFO - Filling up the DagBag from /home/airflow/.local/lib/python3.12/site-packages/airflow/example_dags/example_latest_only.py
[2025-03-13T12:49:40.305+0000] {processor.py:840} INFO - DAG(s) 'latest_only' retrieved from /home/airflow/.local/lib/python3.12/site-packages/airflow/example_dags/example_latest_only.py
[2025-03-13T12:49:40.315+0000] {logging_mixin.py:188} INFO - [2025-03-13T12:49:40.314+0000] {dag.py:3089} INFO - Sync 1 DAGs
[2025-03-13T12:49:40.323+0000] {logging_mixin.py:188} INFO - [2025-03-13T12:49:40.323+0000] {dag.py:3947} INFO - Setting next_dagrun for latest_only to 2025-03-13 08:00:00+00:00, run_after=2025-03-13 12:00:00+00:00
[2025-03-13T12:49:40.330+0000] {processor.py:183} INFO - Processing /home/airflow/.local/lib/python3.12/site-packages/airflow/example_dags/example_latest_only.py took 0.031 seconds
[2025-03-13T12:50:13.187+0000] {processor.py:161} INFO - Started process (PID=255) to work on /home/airflow/.local/lib/python3.12/site-packages/airflow/example_dags/example_latest_only.py
[2025-03-13T12:50:13.187+0000] {processor.py:830} INFO - Processing file /home/airflow/.local/lib/python3.12/site-packages/airflow/example_dags/example_latest_only.py for tasks to queue
[2025-03-13T12:50:13.188+0000] {logging_mixin.py:188} INFO - [2025-03-13T12:50:13.188+0000] {dagbag.py:545} INFO - Filling up the DagBag from /home/airflow/.local/lib/python3.12/site-packages/airflow/example_dags/example_latest_only.py
[2025-03-13T12:50:13.190+0000] {processor.py:840} INFO - DAG(s) 'latest_only' retrieved from /home/airflow/.local/lib/python3.12/site-packages/airflow/example_dags/example_latest_only.py
[2025-03-13T12:50:13.203+0000] {logging_mixin.py:188} INFO - [2025-03-13T12:50:13.202+0000] {dag.py:3089} INFO - Sync 1 DAGs
[2025-03-13T12:50:13.211+0000] {logging_mixin.py:188} INFO - [2025-03-13T12:50:13.211+0000] {dag.py:3947} INFO - Setting next_dagrun for latest_only to 2025-03-13 08:00:00+00:00, run_after=2025-03-13 12:00:00+00:00
[2025-03-13T12:50:13.221+0000] {processor.py:183} INFO - Processing /home/airflow/.local/lib/python3.12/site-packages/airflow/example_dags/example_latest_only.py took 0.037 seconds
[2025-03-13T12:50:45.729+0000] {processor.py:161} INFO - Started process (PID=327) to work on /home/airflow/.local/lib/python3.12/site-packages/airflow/example_dags/example_latest_only.py
[2025-03-13T12:50:45.729+0000] {processor.py:830} INFO - Processing file /home/airflow/.local/lib/python3.12/site-packages/airflow/example_dags/example_latest_only.py for tasks to queue
[2025-03-13T12:50:45.730+0000] {logging_mixin.py:188} INFO - [2025-03-13T12:50:45.730+0000] {dagbag.py:545} INFO - Filling up the DagBag from /home/airflow/.local/lib/python3.12/site-packages/airflow/example_dags/example_latest_only.py
[2025-03-13T12:50:45.732+0000] {processor.py:840} INFO - DAG(s) 'latest_only' retrieved from /home/airflow/.local/lib/python3.12/site-packages/airflow/example_dags/example_latest_only.py
[2025-03-13T12:50:45.740+0000] {logging_mixin.py:188} INFO - [2025-03-13T12:50:45.740+0000] {dag.py:3089} INFO - Sync 1 DAGs
[2025-03-13T12:50:45.748+0000] {logging_mixin.py:188} INFO - [2025-03-13T12:50:45.748+0000] {dag.py:3947} INFO - Setting next_dagrun for latest_only to 2025-03-13 08:00:00+00:00, run_after=2025-03-13 12:00:00+00:00
[2025-03-13T12:50:45.754+0000] {processor.py:183} INFO - Processing /home/airflow/.local/lib/python3.12/site-packages/airflow/example_dags/example_latest_only.py took 0.028 seconds
[2025-03-13T12:51:18.302+0000] {processor.py:161} INFO - Started process (PID=399) to work on /home/airflow/.local/lib/python3.12/site-packages/airflow/example_dags/example_latest_only.py
[2025-03-13T12:51:18.302+0000] {processor.py:830} INFO - Processing file /home/airflow/.local/lib/python3.12/site-packages/airflow/example_dags/example_latest_only.py for tasks to queue
[2025-03-13T12:51:18.303+0000] {logging_mixin.py:188} INFO - [2025-03-13T12:51:18.303+0000] {dagbag.py:545} INFO - Filling up the DagBag from /home/airflow/.local/lib/python3.12/site-packages/airflow/example_dags/example_latest_only.py
[2025-03-13T12:51:18.305+0000] {processor.py:840} INFO - DAG(s) 'latest_only' retrieved from /home/airflow/.local/lib/python3.12/site-packages/airflow/example_dags/example_latest_only.py
[2025-03-13T12:51:18.312+0000] {logging_mixin.py:188} INFO - [2025-03-13T12:51:18.312+0000] {dag.py:3089} INFO - Sync 1 DAGs
[2025-03-13T12:51:18.320+0000] {logging_mixin.py:188} INFO - [2025-03-13T12:51:18.320+0000] {dag.py:3947} INFO - Setting next_dagrun for latest_only to 2025-03-13 08:00:00+00:00, run_after=2025-03-13 12:00:00+00:00
[2025-03-13T12:51:18.326+0000] {processor.py:183} INFO - Processing /home/airflow/.local/lib/python3.12/site-packages/airflow/example_dags/example_latest_only.py took 0.026 seconds
[2025-03-13T12:51:50.897+0000] {processor.py:161} INFO - Started process (PID=470) to work on /home/airflow/.local/lib/python3.12/site-packages/airflow/example_dags/example_latest_only.py
[2025-03-13T12:51:50.898+0000] {processor.py:830} INFO - Processing file /home/airflow/.local/lib/python3.12/site-packages/airflow/example_dags/example_latest_only.py for tasks to queue
[2025-03-13T12:51:50.899+0000] {logging_mixin.py:188} INFO - [2025-03-13T12:51:50.899+0000] {dagbag.py:545} INFO - Filling up the DagBag from /home/airflow/.local/lib/python3.12/site-packages/airflow/example_dags/example_latest_only.py
[2025-03-13T12:51:50.902+0000] {processor.py:840} INFO - DAG(s) 'latest_only' retrieved from /home/airflow/.local/lib/python3.12/site-packages/airflow/example_dags/example_latest_only.py
[2025-03-13T12:51:50.912+0000] {logging_mixin.py:188} INFO - [2025-03-13T12:51:50.912+0000] {dag.py:3089} INFO - Sync 1 DAGs
[2025-03-13T12:51:50.922+0000] {logging_mixin.py:188} INFO - [2025-03-13T12:51:50.922+0000] {dag.py:3947} INFO - Setting next_dagrun for latest_only to 2025-03-13 08:00:00+00:00, run_after=2025-03-13 12:00:00+00:00
[2025-03-13T12:51:50.931+0000] {processor.py:183} INFO - Processing /home/airflow/.local/lib/python3.12/site-packages/airflow/example_dags/example_latest_only.py took 0.037 seconds
[2025-03-13T12:52:23.496+0000] {processor.py:161} INFO - Started process (PID=543) to work on /home/airflow/.local/lib/python3.12/site-packages/airflow/example_dags/example_latest_only.py
[2025-03-13T12:52:23.497+0000] {processor.py:830} INFO - Processing file /home/airflow/.local/lib/python3.12/site-packages/airflow/example_dags/example_latest_only.py for tasks to queue
[2025-03-13T12:52:23.498+0000] {logging_mixin.py:188} INFO - [2025-03-13T12:52:23.498+0000] {dagbag.py:545} INFO - Filling up the DagBag from /home/airflow/.local/lib/python3.12/site-packages/airflow/example_dags/example_latest_only.py
[2025-03-13T12:52:23.501+0000] {processor.py:840} INFO - DAG(s) 'latest_only' retrieved from /home/airflow/.local/lib/python3.12/site-packages/airflow/example_dags/example_latest_only.py
[2025-03-13T12:52:23.510+0000] {logging_mixin.py:188} INFO - [2025-03-13T12:52:23.510+0000] {dag.py:3089} INFO - Sync 1 DAGs
[2025-03-13T12:52:23.521+0000] {logging_mixin.py:188} INFO - [2025-03-13T12:52:23.521+0000] {dag.py:3947} INFO - Setting next_dagrun for latest_only to 2025-03-13 08:00:00+00:00, run_after=2025-03-13 12:00:00+00:00
[2025-03-13T12:52:23.531+0000] {processor.py:183} INFO - Processing /home/airflow/.local/lib/python3.12/site-packages/airflow/example_dags/example_latest_only.py took 0.037 seconds
[2025-03-13T12:52:56.273+0000] {processor.py:161} INFO - Started process (PID=615) to work on /home/airflow/.local/lib/python3.12/site-packages/airflow/example_dags/example_latest_only.py
[2025-03-13T12:52:56.273+0000] {processor.py:830} INFO - Processing file /home/airflow/.local/lib/python3.12/site-packages/airflow/example_dags/example_latest_only.py for tasks to queue
[2025-03-13T12:52:56.275+0000] {logging_mixin.py:188} INFO - [2025-03-13T12:52:56.275+0000] {dagbag.py:545} INFO - Filling up the DagBag from /home/airflow/.local/lib/python3.12/site-packages/airflow/example_dags/example_latest_only.py
[2025-03-13T12:52:56.278+0000] {processor.py:840} INFO - DAG(s) 'latest_only' retrieved from /home/airflow/.local/lib/python3.12/site-packages/airflow/example_dags/example_latest_only.py
[2025-03-13T12:52:56.286+0000] {logging_mixin.py:188} INFO - [2025-03-13T12:52:56.286+0000] {dag.py:3089} INFO - Sync 1 DAGs
[2025-03-13T12:52:56.295+0000] {logging_mixin.py:188} INFO - [2025-03-13T12:52:56.295+0000] {dag.py:3947} INFO - Setting next_dagrun for latest_only to 2025-03-13 08:00:00+00:00, run_after=2025-03-13 12:00:00+00:00
[2025-03-13T12:52:56.395+0000] {processor.py:183} INFO - Processing /home/airflow/.local/lib/python3.12/site-packages/airflow/example_dags/example_latest_only.py took 0.126 seconds
[2025-03-13T12:53:28.311+0000] {processor.py:161} INFO - Started process (PID=687) to work on /home/airflow/.local/lib/python3.12/site-packages/airflow/example_dags/example_latest_only.py
[2025-03-13T12:53:28.312+0000] {processor.py:830} INFO - Processing file /home/airflow/.local/lib/python3.12/site-packages/airflow/example_dags/example_latest_only.py for tasks to queue
[2025-03-13T12:53:28.313+0000] {logging_mixin.py:188} INFO - [2025-03-13T12:53:28.313+0000] {dagbag.py:545} INFO - Filling up the DagBag from /home/airflow/.local/lib/python3.12/site-packages/airflow/example_dags/example_latest_only.py
[2025-03-13T12:53:28.315+0000] {processor.py:840} INFO - DAG(s) 'latest_only' retrieved from /home/airflow/.local/lib/python3.12/site-packages/airflow/example_dags/example_latest_only.py
[2025-03-13T12:53:28.327+0000] {logging_mixin.py:188} INFO - [2025-03-13T12:53:28.327+0000] {dag.py:3089} INFO - Sync 1 DAGs
[2025-03-13T12:53:28.338+0000] {logging_mixin.py:188} INFO - [2025-03-13T12:53:28.338+0000] {dag.py:3947} INFO - Setting next_dagrun for latest_only to 2025-03-13 08:00:00+00:00, run_after=2025-03-13 12:00:00+00:00
[2025-03-13T12:53:28.352+0000] {processor.py:183} INFO - Processing /home/airflow/.local/lib/python3.12/site-packages/airflow/example_dags/example_latest_only.py took 0.044 seconds
[2025-03-13T12:54:00.736+0000] {processor.py:161} INFO - Started process (PID=759) to work on /home/airflow/.local/lib/python3.12/site-packages/airflow/example_dags/example_latest_only.py
[2025-03-13T12:54:00.737+0000] {processor.py:830} INFO - Processing file /home/airflow/.local/lib/python3.12/site-packages/airflow/example_dags/example_latest_only.py for tasks to queue
[2025-03-13T12:54:00.738+0000] {logging_mixin.py:188} INFO - [2025-03-13T12:54:00.738+0000] {dagbag.py:545} INFO - Filling up the DagBag from /home/airflow/.local/lib/python3.12/site-packages/airflow/example_dags/example_latest_only.py
[2025-03-13T12:54:00.740+0000] {processor.py:840} INFO - DAG(s) 'latest_only' retrieved from /home/airflow/.local/lib/python3.12/site-packages/airflow/example_dags/example_latest_only.py
[2025-03-13T12:54:00.751+0000] {logging_mixin.py:188} INFO - [2025-03-13T12:54:00.751+0000] {dag.py:3089} INFO - Sync 1 DAGs
[2025-03-13T12:54:00.761+0000] {logging_mixin.py:188} INFO - [2025-03-13T12:54:00.761+0000] {dag.py:3947} INFO - Setting next_dagrun for latest_only to 2025-03-13 08:00:00+00:00, run_after=2025-03-13 12:00:00+00:00
[2025-03-13T12:54:00.768+0000] {processor.py:183} INFO - Processing /home/airflow/.local/lib/python3.12/site-packages/airflow/example_dags/example_latest_only.py took 0.034 seconds
[2025-03-13T12:54:33.199+0000] {processor.py:161} INFO - Started process (PID=831) to work on /home/airflow/.local/lib/python3.12/site-packages/airflow/example_dags/example_latest_only.py
[2025-03-13T12:54:33.199+0000] {processor.py:830} INFO - Processing file /home/airflow/.local/lib/python3.12/site-packages/airflow/example_dags/example_latest_only.py for tasks to queue
[2025-03-13T12:54:33.200+0000] {logging_mixin.py:188} INFO - [2025-03-13T12:54:33.200+0000] {dagbag.py:545} INFO - Filling up the DagBag from /home/airflow/.local/lib/python3.12/site-packages/airflow/example_dags/example_latest_only.py
[2025-03-13T12:54:33.202+0000] {processor.py:840} INFO - DAG(s) 'latest_only' retrieved from /home/airflow/.local/lib/python3.12/site-packages/airflow/example_dags/example_latest_only.py
[2025-03-13T12:54:33.210+0000] {logging_mixin.py:188} INFO - [2025-03-13T12:54:33.209+0000] {dag.py:3089} INFO - Sync 1 DAGs
[2025-03-13T12:54:33.217+0000] {logging_mixin.py:188} INFO - [2025-03-13T12:54:33.217+0000] {dag.py:3947} INFO - Setting next_dagrun for latest_only to 2025-03-13 08:00:00+00:00, run_after=2025-03-13 12:00:00+00:00
[2025-03-13T12:54:33.223+0000] {processor.py:183} INFO - Processing /home/airflow/.local/lib/python3.12/site-packages/airflow/example_dags/example_latest_only.py took 0.026 seconds
[2025-03-13T12:55:05.755+0000] {processor.py:161} INFO - Started process (PID=903) to work on /home/airflow/.local/lib/python3.12/site-packages/airflow/example_dags/example_latest_only.py
[2025-03-13T12:55:05.756+0000] {processor.py:830} INFO - Processing file /home/airflow/.local/lib/python3.12/site-packages/airflow/example_dags/example_latest_only.py for tasks to queue
[2025-03-13T12:55:05.758+0000] {logging_mixin.py:188} INFO - [2025-03-13T12:55:05.757+0000] {dagbag.py:545} INFO - Filling up the DagBag from /home/airflow/.local/lib/python3.12/site-packages/airflow/example_dags/example_latest_only.py
[2025-03-13T12:55:05.760+0000] {processor.py:840} INFO - DAG(s) 'latest_only' retrieved from /home/airflow/.local/lib/python3.12/site-packages/airflow/example_dags/example_latest_only.py
[2025-03-13T12:55:05.769+0000] {logging_mixin.py:188} INFO - [2025-03-13T12:55:05.769+0000] {dag.py:3089} INFO - Sync 1 DAGs
[2025-03-13T12:55:05.780+0000] {logging_mixin.py:188} INFO - [2025-03-13T12:55:05.779+0000] {dag.py:3947} INFO - Setting next_dagrun for latest_only to 2025-03-13 08:00:00+00:00, run_after=2025-03-13 12:00:00+00:00
[2025-03-13T12:55:05.787+0000] {processor.py:183} INFO - Processing /home/airflow/.local/lib/python3.12/site-packages/airflow/example_dags/example_latest_only.py took 0.034 seconds
[2025-03-13T12:55:38.249+0000] {processor.py:161} INFO - Started process (PID=982) to work on /home/airflow/.local/lib/python3.12/site-packages/airflow/example_dags/example_latest_only.py
[2025-03-13T12:55:38.249+0000] {processor.py:830} INFO - Processing file /home/airflow/.local/lib/python3.12/site-packages/airflow/example_dags/example_latest_only.py for tasks to queue
[2025-03-13T12:55:38.250+0000] {logging_mixin.py:188} INFO - [2025-03-13T12:55:38.250+0000] {dagbag.py:545} INFO - Filling up the DagBag from /home/airflow/.local/lib/python3.12/site-packages/airflow/example_dags/example_latest_only.py
[2025-03-13T12:55:38.252+0000] {processor.py:840} INFO - DAG(s) 'latest_only' retrieved from /home/airflow/.local/lib/python3.12/site-packages/airflow/example_dags/example_latest_only.py
[2025-03-13T12:55:38.259+0000] {logging_mixin.py:188} INFO - [2025-03-13T12:55:38.259+0000] {dag.py:3089} INFO - Sync 1 DAGs
[2025-03-13T12:55:38.267+0000] {logging_mixin.py:188} INFO - [2025-03-13T12:55:38.266+0000] {dag.py:3947} INFO - Setting next_dagrun for latest_only to 2025-03-13 08:00:00+00:00, run_after=2025-03-13 12:00:00+00:00
[2025-03-13T12:55:38.273+0000] {processor.py:183} INFO - Processing /home/airflow/.local/lib/python3.12/site-packages/airflow/example_dags/example_latest_only.py took 0.026 seconds
[2025-03-13T12:56:10.805+0000] {processor.py:161} INFO - Started process (PID=1053) to work on /home/airflow/.local/lib/python3.12/site-packages/airflow/example_dags/example_latest_only.py
[2025-03-13T12:56:10.806+0000] {processor.py:830} INFO - Processing file /home/airflow/.local/lib/python3.12/site-packages/airflow/example_dags/example_latest_only.py for tasks to queue
[2025-03-13T12:56:10.806+0000] {logging_mixin.py:188} INFO - [2025-03-13T12:56:10.806+0000] {dagbag.py:545} INFO - Filling up the DagBag from /home/airflow/.local/lib/python3.12/site-packages/airflow/example_dags/example_latest_only.py
[2025-03-13T12:56:10.808+0000] {processor.py:840} INFO - DAG(s) 'latest_only' retrieved from /home/airflow/.local/lib/python3.12/site-packages/airflow/example_dags/example_latest_only.py
[2025-03-13T12:56:10.816+0000] {logging_mixin.py:188} INFO - [2025-03-13T12:56:10.816+0000] {dag.py:3089} INFO - Sync 1 DAGs
[2025-03-13T12:56:10.824+0000] {logging_mixin.py:188} INFO - [2025-03-13T12:56:10.824+0000] {dag.py:3947} INFO - Setting next_dagrun for latest_only to 2025-03-13 08:00:00+00:00, run_after=2025-03-13 12:00:00+00:00
[2025-03-13T12:56:10.830+0000] {processor.py:183} INFO - Processing /home/airflow/.local/lib/python3.12/site-packages/airflow/example_dags/example_latest_only.py took 0.027 seconds
[2025-03-13T12:56:43.254+0000] {processor.py:161} INFO - Started process (PID=1125) to work on /home/airflow/.local/lib/python3.12/site-packages/airflow/example_dags/example_latest_only.py
[2025-03-13T12:56:43.255+0000] {processor.py:830} INFO - Processing file /home/airflow/.local/lib/python3.12/site-packages/airflow/example_dags/example_latest_only.py for tasks to queue
[2025-03-13T12:56:43.256+0000] {logging_mixin.py:188} INFO - [2025-03-13T12:56:43.256+0000] {dagbag.py:545} INFO - Filling up the DagBag from /home/airflow/.local/lib/python3.12/site-packages/airflow/example_dags/example_latest_only.py
[2025-03-13T12:56:43.258+0000] {processor.py:840} INFO - DAG(s) 'latest_only' retrieved from /home/airflow/.local/lib/python3.12/site-packages/airflow/example_dags/example_latest_only.py
[2025-03-13T12:56:43.266+0000] {logging_mixin.py:188} INFO - [2025-03-13T12:56:43.266+0000] {dag.py:3089} INFO - Sync 1 DAGs
[2025-03-13T12:56:43.275+0000] {logging_mixin.py:188} INFO - [2025-03-13T12:56:43.275+0000] {dag.py:3947} INFO - Setting next_dagrun for latest_only to 2025-03-13 08:00:00+00:00, run_after=2025-03-13 12:00:00+00:00
[2025-03-13T12:56:43.285+0000] {processor.py:183} INFO - Processing /home/airflow/.local/lib/python3.12/site-packages/airflow/example_dags/example_latest_only.py took 0.033 seconds
[2025-03-13T12:57:15.544+0000] {processor.py:161} INFO - Started process (PID=1197) to work on /home/airflow/.local/lib/python3.12/site-packages/airflow/example_dags/example_latest_only.py
[2025-03-13T12:57:15.546+0000] {processor.py:830} INFO - Processing file /home/airflow/.local/lib/python3.12/site-packages/airflow/example_dags/example_latest_only.py for tasks to queue
[2025-03-13T12:57:15.547+0000] {logging_mixin.py:188} INFO - [2025-03-13T12:57:15.547+0000] {dagbag.py:545} INFO - Filling up the DagBag from /home/airflow/.local/lib/python3.12/site-packages/airflow/example_dags/example_latest_only.py
[2025-03-13T12:57:15.550+0000] {processor.py:840} INFO - DAG(s) 'latest_only' retrieved from /home/airflow/.local/lib/python3.12/site-packages/airflow/example_dags/example_latest_only.py
[2025-03-13T12:57:15.560+0000] {logging_mixin.py:188} INFO - [2025-03-13T12:57:15.560+0000] {dag.py:3089} INFO - Sync 1 DAGs
[2025-03-13T12:57:15.568+0000] {logging_mixin.py:188} INFO - [2025-03-13T12:57:15.568+0000] {dag.py:3947} INFO - Setting next_dagrun for latest_only to 2025-03-13 08:00:00+00:00, run_after=2025-03-13 12:00:00+00:00
[2025-03-13T12:57:15.577+0000] {processor.py:183} INFO - Processing /home/airflow/.local/lib/python3.12/site-packages/airflow/example_dags/example_latest_only.py took 0.036 seconds
[2025-03-13T12:57:47.975+0000] {processor.py:161} INFO - Started process (PID=1269) to work on /home/airflow/.local/lib/python3.12/site-packages/airflow/example_dags/example_latest_only.py
[2025-03-13T12:57:47.978+0000] {processor.py:830} INFO - Processing file /home/airflow/.local/lib/python3.12/site-packages/airflow/example_dags/example_latest_only.py for tasks to queue
[2025-03-13T12:57:47.979+0000] {logging_mixin.py:188} INFO - [2025-03-13T12:57:47.979+0000] {dagbag.py:545} INFO - Filling up the DagBag from /home/airflow/.local/lib/python3.12/site-packages/airflow/example_dags/example_latest_only.py
[2025-03-13T12:57:47.981+0000] {processor.py:840} INFO - DAG(s) 'latest_only' retrieved from /home/airflow/.local/lib/python3.12/site-packages/airflow/example_dags/example_latest_only.py
[2025-03-13T12:57:47.990+0000] {logging_mixin.py:188} INFO - [2025-03-13T12:57:47.990+0000] {dag.py:3089} INFO - Sync 1 DAGs
[2025-03-13T12:57:48.000+0000] {logging_mixin.py:188} INFO - [2025-03-13T12:57:48.000+0000] {dag.py:3947} INFO - Setting next_dagrun for latest_only to 2025-03-13 08:00:00+00:00, run_after=2025-03-13 12:00:00+00:00
[2025-03-13T12:57:48.008+0000] {processor.py:183} INFO - Processing /home/airflow/.local/lib/python3.12/site-packages/airflow/example_dags/example_latest_only.py took 0.035 seconds
[2025-03-13T12:58:20.445+0000] {processor.py:161} INFO - Started process (PID=1341) to work on /home/airflow/.local/lib/python3.12/site-packages/airflow/example_dags/example_latest_only.py
[2025-03-13T12:58:20.446+0000] {processor.py:830} INFO - Processing file /home/airflow/.local/lib/python3.12/site-packages/airflow/example_dags/example_latest_only.py for tasks to queue
[2025-03-13T12:58:20.447+0000] {logging_mixin.py:188} INFO - [2025-03-13T12:58:20.447+0000] {dagbag.py:545} INFO - Filling up the DagBag from /home/airflow/.local/lib/python3.12/site-packages/airflow/example_dags/example_latest_only.py
[2025-03-13T12:58:20.450+0000] {processor.py:840} INFO - DAG(s) 'latest_only' retrieved from /home/airflow/.local/lib/python3.12/site-packages/airflow/example_dags/example_latest_only.py
[2025-03-13T12:58:20.458+0000] {logging_mixin.py:188} INFO - [2025-03-13T12:58:20.458+0000] {dag.py:3089} INFO - Sync 1 DAGs
[2025-03-13T12:58:20.472+0000] {logging_mixin.py:188} INFO - [2025-03-13T12:58:20.472+0000] {dag.py:3947} INFO - Setting next_dagrun for latest_only to 2025-03-13 08:00:00+00:00, run_after=2025-03-13 12:00:00+00:00
[2025-03-13T12:58:20.483+0000] {processor.py:183} INFO - Processing /home/airflow/.local/lib/python3.12/site-packages/airflow/example_dags/example_latest_only.py took 0.040 seconds
[2025-03-13T12:58:52.772+0000] {processor.py:161} INFO - Started process (PID=1413) to work on /home/airflow/.local/lib/python3.12/site-packages/airflow/example_dags/example_latest_only.py
[2025-03-13T12:58:52.773+0000] {processor.py:830} INFO - Processing file /home/airflow/.local/lib/python3.12/site-packages/airflow/example_dags/example_latest_only.py for tasks to queue
[2025-03-13T12:58:52.775+0000] {logging_mixin.py:188} INFO - [2025-03-13T12:58:52.774+0000] {dagbag.py:545} INFO - Filling up the DagBag from /home/airflow/.local/lib/python3.12/site-packages/airflow/example_dags/example_latest_only.py
[2025-03-13T12:58:52.778+0000] {processor.py:840} INFO - DAG(s) 'latest_only' retrieved from /home/airflow/.local/lib/python3.12/site-packages/airflow/example_dags/example_latest_only.py
[2025-03-13T12:58:52.787+0000] {logging_mixin.py:188} INFO - [2025-03-13T12:58:52.787+0000] {dag.py:3089} INFO - Sync 1 DAGs
[2025-03-13T12:58:52.796+0000] {logging_mixin.py:188} INFO - [2025-03-13T12:58:52.796+0000] {dag.py:3947} INFO - Setting next_dagrun for latest_only to 2025-03-13 08:00:00+00:00, run_after=2025-03-13 12:00:00+00:00
[2025-03-13T12:58:52.803+0000] {processor.py:183} INFO - Processing /home/airflow/.local/lib/python3.12/site-packages/airflow/example_dags/example_latest_only.py took 0.033 seconds
[2025-03-13T12:59:25.394+0000] {processor.py:161} INFO - Started process (PID=1484) to work on /home/airflow/.local/lib/python3.12/site-packages/airflow/example_dags/example_latest_only.py
[2025-03-13T12:59:25.394+0000] {processor.py:830} INFO - Processing file /home/airflow/.local/lib/python3.12/site-packages/airflow/example_dags/example_latest_only.py for tasks to queue
[2025-03-13T12:59:25.395+0000] {logging_mixin.py:188} INFO - [2025-03-13T12:59:25.395+0000] {dagbag.py:545} INFO - Filling up the DagBag from /home/airflow/.local/lib/python3.12/site-packages/airflow/example_dags/example_latest_only.py
[2025-03-13T12:59:25.399+0000] {processor.py:840} INFO - DAG(s) 'latest_only' retrieved from /home/airflow/.local/lib/python3.12/site-packages/airflow/example_dags/example_latest_only.py
[2025-03-13T12:59:25.409+0000] {logging_mixin.py:188} INFO - [2025-03-13T12:59:25.408+0000] {dag.py:3089} INFO - Sync 1 DAGs
[2025-03-13T12:59:25.420+0000] {logging_mixin.py:188} INFO - [2025-03-13T12:59:25.420+0000] {dag.py:3947} INFO - Setting next_dagrun for latest_only to 2025-03-13 08:00:00+00:00, run_after=2025-03-13 12:00:00+00:00
[2025-03-13T12:59:25.432+0000] {processor.py:183} INFO - Processing /home/airflow/.local/lib/python3.12/site-packages/airflow/example_dags/example_latest_only.py took 0.041 seconds
[2025-03-13T12:59:57.909+0000] {processor.py:161} INFO - Started process (PID=1556) to work on /home/airflow/.local/lib/python3.12/site-packages/airflow/example_dags/example_latest_only.py
[2025-03-13T12:59:57.909+0000] {processor.py:830} INFO - Processing file /home/airflow/.local/lib/python3.12/site-packages/airflow/example_dags/example_latest_only.py for tasks to queue
[2025-03-13T12:59:57.910+0000] {logging_mixin.py:188} INFO - [2025-03-13T12:59:57.910+0000] {dagbag.py:545} INFO - Filling up the DagBag from /home/airflow/.local/lib/python3.12/site-packages/airflow/example_dags/example_latest_only.py
[2025-03-13T12:59:57.913+0000] {processor.py:840} INFO - DAG(s) 'latest_only' retrieved from /home/airflow/.local/lib/python3.12/site-packages/airflow/example_dags/example_latest_only.py
[2025-03-13T12:59:57.923+0000] {logging_mixin.py:188} INFO - [2025-03-13T12:59:57.923+0000] {dag.py:3089} INFO - Sync 1 DAGs
[2025-03-13T12:59:57.933+0000] {logging_mixin.py:188} INFO - [2025-03-13T12:59:57.933+0000] {dag.py:3947} INFO - Setting next_dagrun for latest_only to 2025-03-13 08:00:00+00:00, run_after=2025-03-13 12:00:00+00:00
[2025-03-13T12:59:57.944+0000] {processor.py:183} INFO - Processing /home/airflow/.local/lib/python3.12/site-packages/airflow/example_dags/example_latest_only.py took 0.037 seconds
[2025-03-13T13:00:30.451+0000] {processor.py:161} INFO - Started process (PID=1628) to work on /home/airflow/.local/lib/python3.12/site-packages/airflow/example_dags/example_latest_only.py
[2025-03-13T13:00:30.451+0000] {processor.py:830} INFO - Processing file /home/airflow/.local/lib/python3.12/site-packages/airflow/example_dags/example_latest_only.py for tasks to queue
[2025-03-13T13:00:30.452+0000] {logging_mixin.py:188} INFO - [2025-03-13T13:00:30.452+0000] {dagbag.py:545} INFO - Filling up the DagBag from /home/airflow/.local/lib/python3.12/site-packages/airflow/example_dags/example_latest_only.py
[2025-03-13T13:00:30.455+0000] {processor.py:840} INFO - DAG(s) 'latest_only' retrieved from /home/airflow/.local/lib/python3.12/site-packages/airflow/example_dags/example_latest_only.py
[2025-03-13T13:00:30.463+0000] {logging_mixin.py:188} INFO - [2025-03-13T13:00:30.463+0000] {dag.py:3089} INFO - Sync 1 DAGs
[2025-03-13T13:00:30.471+0000] {logging_mixin.py:188} INFO - [2025-03-13T13:00:30.471+0000] {dag.py:3947} INFO - Setting next_dagrun for latest_only to 2025-03-13 08:00:00+00:00, run_after=2025-03-13 12:00:00+00:00
[2025-03-13T13:00:30.477+0000] {processor.py:183} INFO - Processing /home/airflow/.local/lib/python3.12/site-packages/airflow/example_dags/example_latest_only.py took 0.029 seconds
[2025-03-13T13:01:02.836+0000] {processor.py:161} INFO - Started process (PID=1700) to work on /home/airflow/.local/lib/python3.12/site-packages/airflow/example_dags/example_latest_only.py
[2025-03-13T13:01:02.836+0000] {processor.py:830} INFO - Processing file /home/airflow/.local/lib/python3.12/site-packages/airflow/example_dags/example_latest_only.py for tasks to queue
[2025-03-13T13:01:02.837+0000] {logging_mixin.py:188} INFO - [2025-03-13T13:01:02.837+0000] {dagbag.py:545} INFO - Filling up the DagBag from /home/airflow/.local/lib/python3.12/site-packages/airflow/example_dags/example_latest_only.py
[2025-03-13T13:01:02.839+0000] {processor.py:840} INFO - DAG(s) 'latest_only' retrieved from /home/airflow/.local/lib/python3.12/site-packages/airflow/example_dags/example_latest_only.py
[2025-03-13T13:01:02.846+0000] {logging_mixin.py:188} INFO - [2025-03-13T13:01:02.846+0000] {dag.py:3089} INFO - Sync 1 DAGs
[2025-03-13T13:01:02.854+0000] {logging_mixin.py:188} INFO - [2025-03-13T13:01:02.854+0000] {dag.py:3947} INFO - Setting next_dagrun for latest_only to 2025-03-13 08:00:00+00:00, run_after=2025-03-13 12:00:00+00:00
[2025-03-13T13:01:02.860+0000] {processor.py:183} INFO - Processing /home/airflow/.local/lib/python3.12/site-packages/airflow/example_dags/example_latest_only.py took 0.027 seconds
[2025-03-13T13:01:35.201+0000] {processor.py:161} INFO - Started process (PID=1772) to work on /home/airflow/.local/lib/python3.12/site-packages/airflow/example_dags/example_latest_only.py
[2025-03-13T13:01:35.202+0000] {processor.py:830} INFO - Processing file /home/airflow/.local/lib/python3.12/site-packages/airflow/example_dags/example_latest_only.py for tasks to queue
[2025-03-13T13:01:35.204+0000] {logging_mixin.py:188} INFO - [2025-03-13T13:01:35.204+0000] {dagbag.py:545} INFO - Filling up the DagBag from /home/airflow/.local/lib/python3.12/site-packages/airflow/example_dags/example_latest_only.py
[2025-03-13T13:01:35.206+0000] {processor.py:840} INFO - DAG(s) 'latest_only' retrieved from /home/airflow/.local/lib/python3.12/site-packages/airflow/example_dags/example_latest_only.py
[2025-03-13T13:01:35.219+0000] {logging_mixin.py:188} INFO - [2025-03-13T13:01:35.219+0000] {dag.py:3089} INFO - Sync 1 DAGs
[2025-03-13T13:01:35.231+0000] {logging_mixin.py:188} INFO - [2025-03-13T13:01:35.231+0000] {dag.py:3947} INFO - Setting next_dagrun for latest_only to 2025-03-13 08:00:00+00:00, run_after=2025-03-13 12:00:00+00:00
[2025-03-13T13:01:35.237+0000] {processor.py:183} INFO - Processing /home/airflow/.local/lib/python3.12/site-packages/airflow/example_dags/example_latest_only.py took 0.039 seconds
[2025-03-13T13:02:07.678+0000] {processor.py:161} INFO - Started process (PID=1850) to work on /home/airflow/.local/lib/python3.12/site-packages/airflow/example_dags/example_latest_only.py
[2025-03-13T13:02:07.678+0000] {processor.py:830} INFO - Processing file /home/airflow/.local/lib/python3.12/site-packages/airflow/example_dags/example_latest_only.py for tasks to queue
[2025-03-13T13:02:07.682+0000] {logging_mixin.py:188} INFO - [2025-03-13T13:02:07.682+0000] {dagbag.py:545} INFO - Filling up the DagBag from /home/airflow/.local/lib/python3.12/site-packages/airflow/example_dags/example_latest_only.py
[2025-03-13T13:02:07.684+0000] {processor.py:840} INFO - DAG(s) 'latest_only' retrieved from /home/airflow/.local/lib/python3.12/site-packages/airflow/example_dags/example_latest_only.py
[2025-03-13T13:02:07.702+0000] {logging_mixin.py:188} INFO - [2025-03-13T13:02:07.702+0000] {dag.py:3089} INFO - Sync 1 DAGs
[2025-03-13T13:02:07.726+0000] {logging_mixin.py:188} INFO - [2025-03-13T13:02:07.726+0000] {dag.py:3947} INFO - Setting next_dagrun for latest_only to 2025-03-13 08:00:00+00:00, run_after=2025-03-13 12:00:00+00:00
[2025-03-13T13:02:07.738+0000] {processor.py:183} INFO - Processing /home/airflow/.local/lib/python3.12/site-packages/airflow/example_dags/example_latest_only.py took 0.062 seconds
[2025-03-13T13:02:40.485+0000] {processor.py:161} INFO - Started process (PID=1922) to work on /home/airflow/.local/lib/python3.12/site-packages/airflow/example_dags/example_latest_only.py
[2025-03-13T13:02:40.487+0000] {processor.py:830} INFO - Processing file /home/airflow/.local/lib/python3.12/site-packages/airflow/example_dags/example_latest_only.py for tasks to queue
[2025-03-13T13:02:40.488+0000] {logging_mixin.py:188} INFO - [2025-03-13T13:02:40.488+0000] {dagbag.py:545} INFO - Filling up the DagBag from /home/airflow/.local/lib/python3.12/site-packages/airflow/example_dags/example_latest_only.py
[2025-03-13T13:02:40.491+0000] {processor.py:840} INFO - DAG(s) 'latest_only' retrieved from /home/airflow/.local/lib/python3.12/site-packages/airflow/example_dags/example_latest_only.py
[2025-03-13T13:02:40.507+0000] {logging_mixin.py:188} INFO - [2025-03-13T13:02:40.507+0000] {dag.py:3089} INFO - Sync 1 DAGs
[2025-03-13T13:02:40.524+0000] {logging_mixin.py:188} INFO - [2025-03-13T13:02:40.524+0000] {dag.py:3947} INFO - Setting next_dagrun for latest_only to 2025-03-13 08:00:00+00:00, run_after=2025-03-13 12:00:00+00:00
[2025-03-13T13:02:40.532+0000] {processor.py:183} INFO - Processing /home/airflow/.local/lib/python3.12/site-packages/airflow/example_dags/example_latest_only.py took 0.051 seconds
[2025-03-13T13:03:13.148+0000] {processor.py:161} INFO - Started process (PID=1994) to work on /home/airflow/.local/lib/python3.12/site-packages/airflow/example_dags/example_latest_only.py
[2025-03-13T13:03:13.148+0000] {processor.py:830} INFO - Processing file /home/airflow/.local/lib/python3.12/site-packages/airflow/example_dags/example_latest_only.py for tasks to queue
[2025-03-13T13:03:13.151+0000] {logging_mixin.py:188} INFO - [2025-03-13T13:03:13.150+0000] {dagbag.py:545} INFO - Filling up the DagBag from /home/airflow/.local/lib/python3.12/site-packages/airflow/example_dags/example_latest_only.py
[2025-03-13T13:03:13.154+0000] {processor.py:840} INFO - DAG(s) 'latest_only' retrieved from /home/airflow/.local/lib/python3.12/site-packages/airflow/example_dags/example_latest_only.py
[2025-03-13T13:03:13.167+0000] {logging_mixin.py:188} INFO - [2025-03-13T13:03:13.166+0000] {dag.py:3089} INFO - Sync 1 DAGs
[2025-03-13T13:03:13.176+0000] {logging_mixin.py:188} INFO - [2025-03-13T13:03:13.176+0000] {dag.py:3947} INFO - Setting next_dagrun for latest_only to 2025-03-13 08:00:00+00:00, run_after=2025-03-13 12:00:00+00:00
[2025-03-13T13:03:13.183+0000] {processor.py:183} INFO - Processing /home/airflow/.local/lib/python3.12/site-packages/airflow/example_dags/example_latest_only.py took 0.038 seconds
[2025-03-13T13:03:45.745+0000] {processor.py:161} INFO - Started process (PID=2066) to work on /home/airflow/.local/lib/python3.12/site-packages/airflow/example_dags/example_latest_only.py
[2025-03-13T13:03:45.748+0000] {processor.py:830} INFO - Processing file /home/airflow/.local/lib/python3.12/site-packages/airflow/example_dags/example_latest_only.py for tasks to queue
[2025-03-13T13:03:45.749+0000] {logging_mixin.py:188} INFO - [2025-03-13T13:03:45.749+0000] {dagbag.py:545} INFO - Filling up the DagBag from /home/airflow/.local/lib/python3.12/site-packages/airflow/example_dags/example_latest_only.py
[2025-03-13T13:03:45.753+0000] {processor.py:840} INFO - DAG(s) 'latest_only' retrieved from /home/airflow/.local/lib/python3.12/site-packages/airflow/example_dags/example_latest_only.py
[2025-03-13T13:03:45.762+0000] {logging_mixin.py:188} INFO - [2025-03-13T13:03:45.761+0000] {dag.py:3089} INFO - Sync 1 DAGs
[2025-03-13T13:03:45.771+0000] {logging_mixin.py:188} INFO - [2025-03-13T13:03:45.771+0000] {dag.py:3947} INFO - Setting next_dagrun for latest_only to 2025-03-13 08:00:00+00:00, run_after=2025-03-13 12:00:00+00:00
[2025-03-13T13:03:45.781+0000] {processor.py:183} INFO - Processing /home/airflow/.local/lib/python3.12/site-packages/airflow/example_dags/example_latest_only.py took 0.038 seconds
[2025-03-13T13:04:18.170+0000] {processor.py:161} INFO - Started process (PID=2137) to work on /home/airflow/.local/lib/python3.12/site-packages/airflow/example_dags/example_latest_only.py
[2025-03-13T13:04:18.172+0000] {processor.py:830} INFO - Processing file /home/airflow/.local/lib/python3.12/site-packages/airflow/example_dags/example_latest_only.py for tasks to queue
[2025-03-13T13:04:18.173+0000] {logging_mixin.py:188} INFO - [2025-03-13T13:04:18.173+0000] {dagbag.py:545} INFO - Filling up the DagBag from /home/airflow/.local/lib/python3.12/site-packages/airflow/example_dags/example_latest_only.py
[2025-03-13T13:04:18.176+0000] {processor.py:840} INFO - DAG(s) 'latest_only' retrieved from /home/airflow/.local/lib/python3.12/site-packages/airflow/example_dags/example_latest_only.py
[2025-03-13T13:04:18.187+0000] {logging_mixin.py:188} INFO - [2025-03-13T13:04:18.187+0000] {dag.py:3089} INFO - Sync 1 DAGs
[2025-03-13T13:04:18.195+0000] {logging_mixin.py:188} INFO - [2025-03-13T13:04:18.195+0000] {dag.py:3947} INFO - Setting next_dagrun for latest_only to 2025-03-13 08:00:00+00:00, run_after=2025-03-13 12:00:00+00:00
[2025-03-13T13:04:18.204+0000] {processor.py:183} INFO - Processing /home/airflow/.local/lib/python3.12/site-packages/airflow/example_dags/example_latest_only.py took 0.037 seconds
[2025-03-13T13:04:50.605+0000] {processor.py:161} INFO - Started process (PID=2209) to work on /home/airflow/.local/lib/python3.12/site-packages/airflow/example_dags/example_latest_only.py
[2025-03-13T13:04:50.606+0000] {processor.py:830} INFO - Processing file /home/airflow/.local/lib/python3.12/site-packages/airflow/example_dags/example_latest_only.py for tasks to queue
[2025-03-13T13:04:50.607+0000] {logging_mixin.py:188} INFO - [2025-03-13T13:04:50.607+0000] {dagbag.py:545} INFO - Filling up the DagBag from /home/airflow/.local/lib/python3.12/site-packages/airflow/example_dags/example_latest_only.py
[2025-03-13T13:04:50.609+0000] {processor.py:840} INFO - DAG(s) 'latest_only' retrieved from /home/airflow/.local/lib/python3.12/site-packages/airflow/example_dags/example_latest_only.py
[2025-03-13T13:04:50.618+0000] {logging_mixin.py:188} INFO - [2025-03-13T13:04:50.618+0000] {dag.py:3089} INFO - Sync 1 DAGs
[2025-03-13T13:04:50.627+0000] {logging_mixin.py:188} INFO - [2025-03-13T13:04:50.627+0000] {dag.py:3947} INFO - Setting next_dagrun for latest_only to 2025-03-13 08:00:00+00:00, run_after=2025-03-13 12:00:00+00:00
[2025-03-13T13:04:50.635+0000] {processor.py:183} INFO - Processing /home/airflow/.local/lib/python3.12/site-packages/airflow/example_dags/example_latest_only.py took 0.033 seconds
[2025-03-13T13:05:23.078+0000] {processor.py:161} INFO - Started process (PID=2281) to work on /home/airflow/.local/lib/python3.12/site-packages/airflow/example_dags/example_latest_only.py
[2025-03-13T13:05:23.078+0000] {processor.py:830} INFO - Processing file /home/airflow/.local/lib/python3.12/site-packages/airflow/example_dags/example_latest_only.py for tasks to queue
[2025-03-13T13:05:23.079+0000] {logging_mixin.py:188} INFO - [2025-03-13T13:05:23.079+0000] {dagbag.py:545} INFO - Filling up the DagBag from /home/airflow/.local/lib/python3.12/site-packages/airflow/example_dags/example_latest_only.py
[2025-03-13T13:05:23.081+0000] {processor.py:840} INFO - DAG(s) 'latest_only' retrieved from /home/airflow/.local/lib/python3.12/site-packages/airflow/example_dags/example_latest_only.py
[2025-03-13T13:05:23.088+0000] {logging_mixin.py:188} INFO - [2025-03-13T13:05:23.088+0000] {dag.py:3089} INFO - Sync 1 DAGs
[2025-03-13T13:05:23.096+0000] {logging_mixin.py:188} INFO - [2025-03-13T13:05:23.096+0000] {dag.py:3947} INFO - Setting next_dagrun for latest_only to 2025-03-13 08:00:00+00:00, run_after=2025-03-13 12:00:00+00:00
[2025-03-13T13:05:23.102+0000] {processor.py:183} INFO - Processing /home/airflow/.local/lib/python3.12/site-packages/airflow/example_dags/example_latest_only.py took 0.027 seconds
[2025-03-13T13:05:55.476+0000] {processor.py:161} INFO - Started process (PID=2353) to work on /home/airflow/.local/lib/python3.12/site-packages/airflow/example_dags/example_latest_only.py
[2025-03-13T13:05:55.477+0000] {processor.py:830} INFO - Processing file /home/airflow/.local/lib/python3.12/site-packages/airflow/example_dags/example_latest_only.py for tasks to queue
[2025-03-13T13:05:55.477+0000] {logging_mixin.py:188} INFO - [2025-03-13T13:05:55.477+0000] {dagbag.py:545} INFO - Filling up the DagBag from /home/airflow/.local/lib/python3.12/site-packages/airflow/example_dags/example_latest_only.py
[2025-03-13T13:05:55.479+0000] {processor.py:840} INFO - DAG(s) 'latest_only' retrieved from /home/airflow/.local/lib/python3.12/site-packages/airflow/example_dags/example_latest_only.py
[2025-03-13T13:05:55.487+0000] {logging_mixin.py:188} INFO - [2025-03-13T13:05:55.487+0000] {dag.py:3089} INFO - Sync 1 DAGs
[2025-03-13T13:05:55.535+0000] {logging_mixin.py:188} INFO - [2025-03-13T13:05:55.535+0000] {dag.py:3947} INFO - Setting next_dagrun for latest_only to 2025-03-13 08:00:00+00:00, run_after=2025-03-13 12:00:00+00:00
[2025-03-13T13:05:55.542+0000] {processor.py:183} INFO - Processing /home/airflow/.local/lib/python3.12/site-packages/airflow/example_dags/example_latest_only.py took 0.068 seconds
[2025-03-13T13:06:28.078+0000] {processor.py:161} INFO - Started process (PID=2425) to work on /home/airflow/.local/lib/python3.12/site-packages/airflow/example_dags/example_latest_only.py
[2025-03-13T13:06:28.079+0000] {processor.py:830} INFO - Processing file /home/airflow/.local/lib/python3.12/site-packages/airflow/example_dags/example_latest_only.py for tasks to queue
[2025-03-13T13:06:28.081+0000] {logging_mixin.py:188} INFO - [2025-03-13T13:06:28.081+0000] {dagbag.py:545} INFO - Filling up the DagBag from /home/airflow/.local/lib/python3.12/site-packages/airflow/example_dags/example_latest_only.py
[2025-03-13T13:06:28.083+0000] {processor.py:840} INFO - DAG(s) 'latest_only' retrieved from /home/airflow/.local/lib/python3.12/site-packages/airflow/example_dags/example_latest_only.py
[2025-03-13T13:06:28.093+0000] {logging_mixin.py:188} INFO - [2025-03-13T13:06:28.093+0000] {dag.py:3089} INFO - Sync 1 DAGs
[2025-03-13T13:06:28.101+0000] {logging_mixin.py:188} INFO - [2025-03-13T13:06:28.101+0000] {dag.py:3947} INFO - Setting next_dagrun for latest_only to 2025-03-13 08:00:00+00:00, run_after=2025-03-13 12:00:00+00:00
[2025-03-13T13:06:28.111+0000] {processor.py:183} INFO - Processing /home/airflow/.local/lib/python3.12/site-packages/airflow/example_dags/example_latest_only.py took 0.035 seconds
[2025-03-13T13:07:00.634+0000] {processor.py:161} INFO - Started process (PID=2497) to work on /home/airflow/.local/lib/python3.12/site-packages/airflow/example_dags/example_latest_only.py
[2025-03-13T13:07:00.635+0000] {processor.py:830} INFO - Processing file /home/airflow/.local/lib/python3.12/site-packages/airflow/example_dags/example_latest_only.py for tasks to queue
[2025-03-13T13:07:00.636+0000] {logging_mixin.py:188} INFO - [2025-03-13T13:07:00.636+0000] {dagbag.py:545} INFO - Filling up the DagBag from /home/airflow/.local/lib/python3.12/site-packages/airflow/example_dags/example_latest_only.py
[2025-03-13T13:07:00.639+0000] {processor.py:840} INFO - DAG(s) 'latest_only' retrieved from /home/airflow/.local/lib/python3.12/site-packages/airflow/example_dags/example_latest_only.py
[2025-03-13T13:07:00.648+0000] {logging_mixin.py:188} INFO - [2025-03-13T13:07:00.648+0000] {dag.py:3089} INFO - Sync 1 DAGs
[2025-03-13T13:07:00.659+0000] {logging_mixin.py:188} INFO - [2025-03-13T13:07:00.659+0000] {dag.py:3947} INFO - Setting next_dagrun for latest_only to 2025-03-13 08:00:00+00:00, run_after=2025-03-13 12:00:00+00:00
[2025-03-13T13:07:00.668+0000] {processor.py:183} INFO - Processing /home/airflow/.local/lib/python3.12/site-packages/airflow/example_dags/example_latest_only.py took 0.036 seconds
[2025-03-13T13:07:33.072+0000] {processor.py:161} INFO - Started process (PID=2569) to work on /home/airflow/.local/lib/python3.12/site-packages/airflow/example_dags/example_latest_only.py
[2025-03-13T13:07:33.073+0000] {processor.py:830} INFO - Processing file /home/airflow/.local/lib/python3.12/site-packages/airflow/example_dags/example_latest_only.py for tasks to queue
[2025-03-13T13:07:33.075+0000] {logging_mixin.py:188} INFO - [2025-03-13T13:07:33.075+0000] {dagbag.py:545} INFO - Filling up the DagBag from /home/airflow/.local/lib/python3.12/site-packages/airflow/example_dags/example_latest_only.py
[2025-03-13T13:07:33.077+0000] {processor.py:840} INFO - DAG(s) 'latest_only' retrieved from /home/airflow/.local/lib/python3.12/site-packages/airflow/example_dags/example_latest_only.py
[2025-03-13T13:07:33.086+0000] {logging_mixin.py:188} INFO - [2025-03-13T13:07:33.085+0000] {dag.py:3089} INFO - Sync 1 DAGs
[2025-03-13T13:07:33.094+0000] {logging_mixin.py:188} INFO - [2025-03-13T13:07:33.094+0000] {dag.py:3947} INFO - Setting next_dagrun for latest_only to 2025-03-13 08:00:00+00:00, run_after=2025-03-13 12:00:00+00:00
[2025-03-13T13:07:33.102+0000] {processor.py:183} INFO - Processing /home/airflow/.local/lib/python3.12/site-packages/airflow/example_dags/example_latest_only.py took 0.033 seconds
