[2025-02-01T17:28:27.826+0000] {local_task_job_runner.py:120} INFO - ::group::Pre task execution logs
[2025-02-01T17:28:27.837+0000] {taskinstance.py:2076} INFO - Dependencies all met for dep_context=non-requeueable deps ti=<TaskInstance: dag_with_postgres_hooks.plot_github scheduled__2025-01-30T13:30:00+00:00 [queued]>
[2025-02-01T17:28:27.841+0000] {taskinstance.py:2076} INFO - Dependencies all met for dep_context=requeueable deps ti=<TaskInstance: dag_with_postgres_hooks.plot_github scheduled__2025-01-30T13:30:00+00:00 [queued]>
[2025-02-01T17:28:27.841+0000] {taskinstance.py:2306} INFO - Starting attempt 1 of 1
[2025-02-01T17:28:27.848+0000] {taskinstance.py:2330} INFO - Executing <Task(PythonOperator): plot_github> on 2025-01-30 13:30:00+00:00
[2025-02-01T17:28:27.855+0000] {warnings.py:112} WARNING - /home/***/.local/lib/python3.12/site-packages/***/task/task_runner/standard_task_runner.py:62: DeprecationWarning: This process (pid=463) is multi-threaded, use of fork() may lead to deadlocks in the child.
  pid = os.fork()

[2025-02-01T17:28:27.857+0000] {standard_task_runner.py:64} INFO - Started process 487 to run task
[2025-02-01T17:28:27.857+0000] {standard_task_runner.py:90} INFO - Running: ['***', 'tasks', 'run', 'dag_with_postgres_hooks', 'plot_github', 'scheduled__2025-01-30T13:30:00+00:00', '--job-id', '1463', '--raw', '--subdir', 'DAGS_FOLDER/Stock_pred.py', '--cfg-path', '/tmp/tmp2fupnm82']
[2025-02-01T17:28:27.858+0000] {standard_task_runner.py:91} INFO - Job 1463: Subtask plot_github
[2025-02-01T17:28:27.945+0000] {task_command.py:426} INFO - Running <TaskInstance: dag_with_postgres_hooks.plot_github scheduled__2025-01-30T13:30:00+00:00 [running]> on host b7aba691e1ff
[2025-02-01T17:28:28.028+0000] {taskinstance.py:2648} INFO - Exporting env vars: AIRFLOW_CTX_DAG_EMAIL='***@example.com' AIRFLOW_CTX_DAG_OWNER='***' AIRFLOW_CTX_DAG_ID='dag_with_postgres_hooks' AIRFLOW_CTX_TASK_ID='plot_github' AIRFLOW_CTX_EXECUTION_DATE='2025-01-30T13:30:00+00:00' AIRFLOW_CTX_TRY_NUMBER='1' AIRFLOW_CTX_DAG_RUN_ID='scheduled__2025-01-30T13:30:00+00:00'
[2025-02-01T17:28:28.030+0000] {taskinstance.py:430} INFO - ::endgroup::
[2025-02-01T17:28:35.602+0000] {logging_mixin.py:188} INFO - images/thumbs/01.jpg UPDATED
[2025-02-01T17:28:42.567+0000] {logging_mixin.py:188} INFO - images/fulls/01.jpg UPDATED
[2025-02-01T17:28:42.569+0000] {python.py:237} INFO - Done. Returned value was: None
[2025-02-01T17:28:42.570+0000] {taskinstance.py:441} INFO - ::group::Post task execution logs
[2025-02-01T17:28:42.581+0000] {taskinstance.py:1206} INFO - Marking task as SUCCESS. dag_id=dag_with_postgres_hooks, task_id=plot_github, run_id=scheduled__2025-01-30T13:30:00+00:00, execution_date=20250130T133000, start_date=20250201T172827, end_date=20250201T172842
[2025-02-01T17:28:42.634+0000] {local_task_job_runner.py:243} INFO - Task exited with return code 0
[2025-02-01T17:28:42.650+0000] {taskinstance.py:3503} INFO - 1 downstream tasks scheduled from follow-on schedule check
[2025-02-01T17:28:42.651+0000] {local_task_job_runner.py:222} INFO - ::endgroup::
