[2025-03-31T19:18:17.929+0000] {processor.py:161} INFO - Started process (PID=124) to work on /home/airflow/.local/lib/python3.12/site-packages/airflow/example_dags/example_branch_day_of_week_operator.py
[2025-03-31T19:18:17.929+0000] {processor.py:830} INFO - Processing file /home/airflow/.local/lib/python3.12/site-packages/airflow/example_dags/example_branch_day_of_week_operator.py for tasks to queue
[2025-03-31T19:18:17.930+0000] {logging_mixin.py:188} INFO - [2025-03-31T19:18:17.930+0000] {dagbag.py:545} INFO - Filling up the DagBag from /home/airflow/.local/lib/python3.12/site-packages/airflow/example_dags/example_branch_day_of_week_operator.py
[2025-03-31T19:18:17.936+0000] {processor.py:840} INFO - DAG(s) 'example_weekday_branch_operator' retrieved from /home/airflow/.local/lib/python3.12/site-packages/airflow/example_dags/example_branch_day_of_week_operator.py
[2025-03-31T19:18:17.953+0000] {logging_mixin.py:188} INFO - [2025-03-31T19:18:17.952+0000] {dag.py:3089} INFO - Sync 1 DAGs
[2025-03-31T19:18:17.967+0000] {logging_mixin.py:188} INFO - [2025-03-31T19:18:17.967+0000] {dag.py:3947} INFO - Setting next_dagrun for example_weekday_branch_operator to 2025-03-30 00:00:00+00:00, run_after=2025-03-31 00:00:00+00:00
[2025-03-31T19:18:17.977+0000] {processor.py:183} INFO - Processing /home/airflow/.local/lib/python3.12/site-packages/airflow/example_dags/example_branch_day_of_week_operator.py took 0.051 seconds
[2025-03-31T19:18:50.016+0000] {processor.py:161} INFO - Started process (PID=201) to work on /home/airflow/.local/lib/python3.12/site-packages/airflow/example_dags/example_branch_day_of_week_operator.py
[2025-03-31T19:18:50.017+0000] {processor.py:830} INFO - Processing file /home/airflow/.local/lib/python3.12/site-packages/airflow/example_dags/example_branch_day_of_week_operator.py for tasks to queue
[2025-03-31T19:18:50.018+0000] {logging_mixin.py:188} INFO - [2025-03-31T19:18:50.018+0000] {dagbag.py:545} INFO - Filling up the DagBag from /home/airflow/.local/lib/python3.12/site-packages/airflow/example_dags/example_branch_day_of_week_operator.py
[2025-03-31T19:18:50.022+0000] {processor.py:840} INFO - DAG(s) 'example_weekday_branch_operator' retrieved from /home/airflow/.local/lib/python3.12/site-packages/airflow/example_dags/example_branch_day_of_week_operator.py
[2025-03-31T19:18:50.032+0000] {logging_mixin.py:188} INFO - [2025-03-31T19:18:50.032+0000] {dag.py:3089} INFO - Sync 1 DAGs
[2025-03-31T19:18:50.042+0000] {logging_mixin.py:188} INFO - [2025-03-31T19:18:50.042+0000] {dag.py:3947} INFO - Setting next_dagrun for example_weekday_branch_operator to 2025-03-30 00:00:00+00:00, run_after=2025-03-31 00:00:00+00:00
[2025-03-31T19:18:50.052+0000] {processor.py:183} INFO - Processing /home/airflow/.local/lib/python3.12/site-packages/airflow/example_dags/example_branch_day_of_week_operator.py took 0.039 seconds
[2025-03-31T19:19:22.722+0000] {processor.py:161} INFO - Started process (PID=273) to work on /home/airflow/.local/lib/python3.12/site-packages/airflow/example_dags/example_branch_day_of_week_operator.py
[2025-03-31T19:19:22.724+0000] {processor.py:830} INFO - Processing file /home/airflow/.local/lib/python3.12/site-packages/airflow/example_dags/example_branch_day_of_week_operator.py for tasks to queue
[2025-03-31T19:19:22.725+0000] {logging_mixin.py:188} INFO - [2025-03-31T19:19:22.725+0000] {dagbag.py:545} INFO - Filling up the DagBag from /home/airflow/.local/lib/python3.12/site-packages/airflow/example_dags/example_branch_day_of_week_operator.py
[2025-03-31T19:19:22.728+0000] {processor.py:840} INFO - DAG(s) 'example_weekday_branch_operator' retrieved from /home/airflow/.local/lib/python3.12/site-packages/airflow/example_dags/example_branch_day_of_week_operator.py
[2025-03-31T19:19:22.739+0000] {logging_mixin.py:188} INFO - [2025-03-31T19:19:22.739+0000] {dag.py:3089} INFO - Sync 1 DAGs
[2025-03-31T19:19:22.750+0000] {logging_mixin.py:188} INFO - [2025-03-31T19:19:22.750+0000] {dag.py:3947} INFO - Setting next_dagrun for example_weekday_branch_operator to 2025-03-30 00:00:00+00:00, run_after=2025-03-31 00:00:00+00:00
[2025-03-31T19:19:22.759+0000] {processor.py:183} INFO - Processing /home/airflow/.local/lib/python3.12/site-packages/airflow/example_dags/example_branch_day_of_week_operator.py took 0.040 seconds
[2025-03-31T19:19:55.494+0000] {processor.py:161} INFO - Started process (PID=345) to work on /home/airflow/.local/lib/python3.12/site-packages/airflow/example_dags/example_branch_day_of_week_operator.py
[2025-03-31T19:19:55.495+0000] {processor.py:830} INFO - Processing file /home/airflow/.local/lib/python3.12/site-packages/airflow/example_dags/example_branch_day_of_week_operator.py for tasks to queue
[2025-03-31T19:19:55.496+0000] {logging_mixin.py:188} INFO - [2025-03-31T19:19:55.496+0000] {dagbag.py:545} INFO - Filling up the DagBag from /home/airflow/.local/lib/python3.12/site-packages/airflow/example_dags/example_branch_day_of_week_operator.py
[2025-03-31T19:19:55.501+0000] {processor.py:840} INFO - DAG(s) 'example_weekday_branch_operator' retrieved from /home/airflow/.local/lib/python3.12/site-packages/airflow/example_dags/example_branch_day_of_week_operator.py
[2025-03-31T19:19:55.512+0000] {logging_mixin.py:188} INFO - [2025-03-31T19:19:55.512+0000] {dag.py:3089} INFO - Sync 1 DAGs
[2025-03-31T19:19:55.520+0000] {logging_mixin.py:188} INFO - [2025-03-31T19:19:55.520+0000] {dag.py:3947} INFO - Setting next_dagrun for example_weekday_branch_operator to 2025-03-30 00:00:00+00:00, run_after=2025-03-31 00:00:00+00:00
[2025-03-31T19:19:55.530+0000] {processor.py:183} INFO - Processing /home/airflow/.local/lib/python3.12/site-packages/airflow/example_dags/example_branch_day_of_week_operator.py took 0.040 seconds
[2025-03-31T19:20:28.486+0000] {processor.py:161} INFO - Started process (PID=417) to work on /home/airflow/.local/lib/python3.12/site-packages/airflow/example_dags/example_branch_day_of_week_operator.py
[2025-03-31T19:20:28.488+0000] {processor.py:830} INFO - Processing file /home/airflow/.local/lib/python3.12/site-packages/airflow/example_dags/example_branch_day_of_week_operator.py for tasks to queue
[2025-03-31T19:20:28.490+0000] {logging_mixin.py:188} INFO - [2025-03-31T19:20:28.490+0000] {dagbag.py:545} INFO - Filling up the DagBag from /home/airflow/.local/lib/python3.12/site-packages/airflow/example_dags/example_branch_day_of_week_operator.py
[2025-03-31T19:20:28.494+0000] {processor.py:840} INFO - DAG(s) 'example_weekday_branch_operator' retrieved from /home/airflow/.local/lib/python3.12/site-packages/airflow/example_dags/example_branch_day_of_week_operator.py
[2025-03-31T19:20:28.504+0000] {logging_mixin.py:188} INFO - [2025-03-31T19:20:28.504+0000] {dag.py:3089} INFO - Sync 1 DAGs
[2025-03-31T19:20:28.513+0000] {logging_mixin.py:188} INFO - [2025-03-31T19:20:28.513+0000] {dag.py:3947} INFO - Setting next_dagrun for example_weekday_branch_operator to 2025-03-30 00:00:00+00:00, run_after=2025-03-31 00:00:00+00:00
[2025-03-31T19:20:28.522+0000] {processor.py:183} INFO - Processing /home/airflow/.local/lib/python3.12/site-packages/airflow/example_dags/example_branch_day_of_week_operator.py took 0.039 seconds
[2025-03-31T19:21:01.659+0000] {processor.py:161} INFO - Started process (PID=489) to work on /home/airflow/.local/lib/python3.12/site-packages/airflow/example_dags/example_branch_day_of_week_operator.py
[2025-03-31T19:21:01.660+0000] {processor.py:830} INFO - Processing file /home/airflow/.local/lib/python3.12/site-packages/airflow/example_dags/example_branch_day_of_week_operator.py for tasks to queue
[2025-03-31T19:21:01.661+0000] {logging_mixin.py:188} INFO - [2025-03-31T19:21:01.661+0000] {dagbag.py:545} INFO - Filling up the DagBag from /home/airflow/.local/lib/python3.12/site-packages/airflow/example_dags/example_branch_day_of_week_operator.py
[2025-03-31T19:21:01.666+0000] {processor.py:840} INFO - DAG(s) 'example_weekday_branch_operator' retrieved from /home/airflow/.local/lib/python3.12/site-packages/airflow/example_dags/example_branch_day_of_week_operator.py
[2025-03-31T19:21:01.677+0000] {logging_mixin.py:188} INFO - [2025-03-31T19:21:01.677+0000] {dag.py:3089} INFO - Sync 1 DAGs
[2025-03-31T19:21:01.688+0000] {logging_mixin.py:188} INFO - [2025-03-31T19:21:01.688+0000] {dag.py:3947} INFO - Setting next_dagrun for example_weekday_branch_operator to 2025-03-30 00:00:00+00:00, run_after=2025-03-31 00:00:00+00:00
[2025-03-31T19:21:01.700+0000] {processor.py:183} INFO - Processing /home/airflow/.local/lib/python3.12/site-packages/airflow/example_dags/example_branch_day_of_week_operator.py took 0.043 seconds
[2025-03-31T19:21:34.440+0000] {processor.py:161} INFO - Started process (PID=561) to work on /home/airflow/.local/lib/python3.12/site-packages/airflow/example_dags/example_branch_day_of_week_operator.py
[2025-03-31T19:21:34.441+0000] {processor.py:830} INFO - Processing file /home/airflow/.local/lib/python3.12/site-packages/airflow/example_dags/example_branch_day_of_week_operator.py for tasks to queue
[2025-03-31T19:21:34.442+0000] {logging_mixin.py:188} INFO - [2025-03-31T19:21:34.442+0000] {dagbag.py:545} INFO - Filling up the DagBag from /home/airflow/.local/lib/python3.12/site-packages/airflow/example_dags/example_branch_day_of_week_operator.py
[2025-03-31T19:21:34.448+0000] {processor.py:840} INFO - DAG(s) 'example_weekday_branch_operator' retrieved from /home/airflow/.local/lib/python3.12/site-packages/airflow/example_dags/example_branch_day_of_week_operator.py
[2025-03-31T19:21:34.460+0000] {logging_mixin.py:188} INFO - [2025-03-31T19:21:34.460+0000] {dag.py:3089} INFO - Sync 1 DAGs
[2025-03-31T19:21:34.470+0000] {logging_mixin.py:188} INFO - [2025-03-31T19:21:34.470+0000] {dag.py:3947} INFO - Setting next_dagrun for example_weekday_branch_operator to 2025-03-30 00:00:00+00:00, run_after=2025-03-31 00:00:00+00:00
[2025-03-31T19:21:34.478+0000] {processor.py:183} INFO - Processing /home/airflow/.local/lib/python3.12/site-packages/airflow/example_dags/example_branch_day_of_week_operator.py took 0.041 seconds
[2025-03-31T19:22:07.474+0000] {processor.py:161} INFO - Started process (PID=633) to work on /home/airflow/.local/lib/python3.12/site-packages/airflow/example_dags/example_branch_day_of_week_operator.py
[2025-03-31T19:22:07.475+0000] {processor.py:830} INFO - Processing file /home/airflow/.local/lib/python3.12/site-packages/airflow/example_dags/example_branch_day_of_week_operator.py for tasks to queue
[2025-03-31T19:22:07.476+0000] {logging_mixin.py:188} INFO - [2025-03-31T19:22:07.476+0000] {dagbag.py:545} INFO - Filling up the DagBag from /home/airflow/.local/lib/python3.12/site-packages/airflow/example_dags/example_branch_day_of_week_operator.py
[2025-03-31T19:22:07.481+0000] {processor.py:840} INFO - DAG(s) 'example_weekday_branch_operator' retrieved from /home/airflow/.local/lib/python3.12/site-packages/airflow/example_dags/example_branch_day_of_week_operator.py
[2025-03-31T19:22:07.494+0000] {logging_mixin.py:188} INFO - [2025-03-31T19:22:07.493+0000] {dag.py:3089} INFO - Sync 1 DAGs
[2025-03-31T19:22:07.508+0000] {logging_mixin.py:188} INFO - [2025-03-31T19:22:07.508+0000] {dag.py:3947} INFO - Setting next_dagrun for example_weekday_branch_operator to 2025-03-30 00:00:00+00:00, run_after=2025-03-31 00:00:00+00:00
[2025-03-31T19:22:07.519+0000] {processor.py:183} INFO - Processing /home/airflow/.local/lib/python3.12/site-packages/airflow/example_dags/example_branch_day_of_week_operator.py took 0.048 seconds
[2025-03-31T19:22:39.175+0000] {processor.py:161} INFO - Started process (PID=705) to work on /home/airflow/.local/lib/python3.12/site-packages/airflow/example_dags/example_branch_day_of_week_operator.py
[2025-03-31T19:22:39.176+0000] {processor.py:830} INFO - Processing file /home/airflow/.local/lib/python3.12/site-packages/airflow/example_dags/example_branch_day_of_week_operator.py for tasks to queue
[2025-03-31T19:22:39.178+0000] {logging_mixin.py:188} INFO - [2025-03-31T19:22:39.178+0000] {dagbag.py:545} INFO - Filling up the DagBag from /home/airflow/.local/lib/python3.12/site-packages/airflow/example_dags/example_branch_day_of_week_operator.py
[2025-03-31T19:22:39.182+0000] {processor.py:840} INFO - DAG(s) 'example_weekday_branch_operator' retrieved from /home/airflow/.local/lib/python3.12/site-packages/airflow/example_dags/example_branch_day_of_week_operator.py
[2025-03-31T19:22:39.191+0000] {logging_mixin.py:188} INFO - [2025-03-31T19:22:39.191+0000] {dag.py:3089} INFO - Sync 1 DAGs
[2025-03-31T19:22:39.201+0000] {logging_mixin.py:188} INFO - [2025-03-31T19:22:39.201+0000] {dag.py:3947} INFO - Setting next_dagrun for example_weekday_branch_operator to 2025-03-30 00:00:00+00:00, run_after=2025-03-31 00:00:00+00:00
[2025-03-31T19:22:39.208+0000] {processor.py:183} INFO - Processing /home/airflow/.local/lib/python3.12/site-packages/airflow/example_dags/example_branch_day_of_week_operator.py took 0.036 seconds
[2025-03-31T19:23:12.276+0000] {processor.py:161} INFO - Started process (PID=777) to work on /home/airflow/.local/lib/python3.12/site-packages/airflow/example_dags/example_branch_day_of_week_operator.py
[2025-03-31T19:23:12.277+0000] {processor.py:830} INFO - Processing file /home/airflow/.local/lib/python3.12/site-packages/airflow/example_dags/example_branch_day_of_week_operator.py for tasks to queue
[2025-03-31T19:23:12.280+0000] {logging_mixin.py:188} INFO - [2025-03-31T19:23:12.279+0000] {dagbag.py:545} INFO - Filling up the DagBag from /home/airflow/.local/lib/python3.12/site-packages/airflow/example_dags/example_branch_day_of_week_operator.py
[2025-03-31T19:23:12.283+0000] {processor.py:840} INFO - DAG(s) 'example_weekday_branch_operator' retrieved from /home/airflow/.local/lib/python3.12/site-packages/airflow/example_dags/example_branch_day_of_week_operator.py
[2025-03-31T19:23:12.293+0000] {logging_mixin.py:188} INFO - [2025-03-31T19:23:12.293+0000] {dag.py:3089} INFO - Sync 1 DAGs
[2025-03-31T19:23:12.302+0000] {logging_mixin.py:188} INFO - [2025-03-31T19:23:12.302+0000] {dag.py:3947} INFO - Setting next_dagrun for example_weekday_branch_operator to 2025-03-30 00:00:00+00:00, run_after=2025-03-31 00:00:00+00:00
[2025-03-31T19:23:12.309+0000] {processor.py:183} INFO - Processing /home/airflow/.local/lib/python3.12/site-packages/airflow/example_dags/example_branch_day_of_week_operator.py took 0.036 seconds
[2025-03-31T19:23:44.168+0000] {processor.py:161} INFO - Started process (PID=849) to work on /home/airflow/.local/lib/python3.12/site-packages/airflow/example_dags/example_branch_day_of_week_operator.py
[2025-03-31T19:23:44.169+0000] {processor.py:830} INFO - Processing file /home/airflow/.local/lib/python3.12/site-packages/airflow/example_dags/example_branch_day_of_week_operator.py for tasks to queue
[2025-03-31T19:23:44.171+0000] {logging_mixin.py:188} INFO - [2025-03-31T19:23:44.170+0000] {dagbag.py:545} INFO - Filling up the DagBag from /home/airflow/.local/lib/python3.12/site-packages/airflow/example_dags/example_branch_day_of_week_operator.py
[2025-03-31T19:23:44.175+0000] {processor.py:840} INFO - DAG(s) 'example_weekday_branch_operator' retrieved from /home/airflow/.local/lib/python3.12/site-packages/airflow/example_dags/example_branch_day_of_week_operator.py
[2025-03-31T19:23:44.186+0000] {logging_mixin.py:188} INFO - [2025-03-31T19:23:44.186+0000] {dag.py:3089} INFO - Sync 1 DAGs
[2025-03-31T19:23:44.197+0000] {logging_mixin.py:188} INFO - [2025-03-31T19:23:44.197+0000] {dag.py:3947} INFO - Setting next_dagrun for example_weekday_branch_operator to 2025-03-30 00:00:00+00:00, run_after=2025-03-31 00:00:00+00:00
[2025-03-31T19:23:44.204+0000] {processor.py:183} INFO - Processing /home/airflow/.local/lib/python3.12/site-packages/airflow/example_dags/example_branch_day_of_week_operator.py took 0.041 seconds
[2025-03-31T19:24:16.989+0000] {processor.py:161} INFO - Started process (PID=927) to work on /home/airflow/.local/lib/python3.12/site-packages/airflow/example_dags/example_branch_day_of_week_operator.py
[2025-03-31T19:24:16.989+0000] {processor.py:830} INFO - Processing file /home/airflow/.local/lib/python3.12/site-packages/airflow/example_dags/example_branch_day_of_week_operator.py for tasks to queue
[2025-03-31T19:24:16.990+0000] {logging_mixin.py:188} INFO - [2025-03-31T19:24:16.990+0000] {dagbag.py:545} INFO - Filling up the DagBag from /home/airflow/.local/lib/python3.12/site-packages/airflow/example_dags/example_branch_day_of_week_operator.py
[2025-03-31T19:24:16.993+0000] {processor.py:840} INFO - DAG(s) 'example_weekday_branch_operator' retrieved from /home/airflow/.local/lib/python3.12/site-packages/airflow/example_dags/example_branch_day_of_week_operator.py
[2025-03-31T19:24:17.005+0000] {logging_mixin.py:188} INFO - [2025-03-31T19:24:17.004+0000] {dag.py:3089} INFO - Sync 1 DAGs
[2025-03-31T19:24:17.015+0000] {logging_mixin.py:188} INFO - [2025-03-31T19:24:17.015+0000] {dag.py:3947} INFO - Setting next_dagrun for example_weekday_branch_operator to 2025-03-30 00:00:00+00:00, run_after=2025-03-31 00:00:00+00:00
[2025-03-31T19:24:17.024+0000] {processor.py:183} INFO - Processing /home/airflow/.local/lib/python3.12/site-packages/airflow/example_dags/example_branch_day_of_week_operator.py took 0.038 seconds
[2025-03-31T19:24:50.746+0000] {processor.py:161} INFO - Started process (PID=999) to work on /home/airflow/.local/lib/python3.12/site-packages/airflow/example_dags/example_branch_day_of_week_operator.py
[2025-03-31T19:24:50.746+0000] {processor.py:830} INFO - Processing file /home/airflow/.local/lib/python3.12/site-packages/airflow/example_dags/example_branch_day_of_week_operator.py for tasks to queue
[2025-03-31T19:24:50.747+0000] {logging_mixin.py:188} INFO - [2025-03-31T19:24:50.747+0000] {dagbag.py:545} INFO - Filling up the DagBag from /home/airflow/.local/lib/python3.12/site-packages/airflow/example_dags/example_branch_day_of_week_operator.py
[2025-03-31T19:24:50.751+0000] {processor.py:840} INFO - DAG(s) 'example_weekday_branch_operator' retrieved from /home/airflow/.local/lib/python3.12/site-packages/airflow/example_dags/example_branch_day_of_week_operator.py
[2025-03-31T19:24:50.762+0000] {logging_mixin.py:188} INFO - [2025-03-31T19:24:50.762+0000] {dag.py:3089} INFO - Sync 1 DAGs
[2025-03-31T19:24:50.773+0000] {logging_mixin.py:188} INFO - [2025-03-31T19:24:50.773+0000] {dag.py:3947} INFO - Setting next_dagrun for example_weekday_branch_operator to 2025-03-30 00:00:00+00:00, run_after=2025-03-31 00:00:00+00:00
[2025-03-31T19:24:50.782+0000] {processor.py:183} INFO - Processing /home/airflow/.local/lib/python3.12/site-packages/airflow/example_dags/example_branch_day_of_week_operator.py took 0.040 seconds
[2025-03-31T19:25:22.111+0000] {processor.py:161} INFO - Started process (PID=1071) to work on /home/airflow/.local/lib/python3.12/site-packages/airflow/example_dags/example_branch_day_of_week_operator.py
[2025-03-31T19:25:22.112+0000] {processor.py:830} INFO - Processing file /home/airflow/.local/lib/python3.12/site-packages/airflow/example_dags/example_branch_day_of_week_operator.py for tasks to queue
[2025-03-31T19:25:22.113+0000] {logging_mixin.py:188} INFO - [2025-03-31T19:25:22.113+0000] {dagbag.py:545} INFO - Filling up the DagBag from /home/airflow/.local/lib/python3.12/site-packages/airflow/example_dags/example_branch_day_of_week_operator.py
[2025-03-31T19:25:22.117+0000] {processor.py:840} INFO - DAG(s) 'example_weekday_branch_operator' retrieved from /home/airflow/.local/lib/python3.12/site-packages/airflow/example_dags/example_branch_day_of_week_operator.py
[2025-03-31T19:25:22.126+0000] {logging_mixin.py:188} INFO - [2025-03-31T19:25:22.126+0000] {dag.py:3089} INFO - Sync 1 DAGs
[2025-03-31T19:25:22.136+0000] {logging_mixin.py:188} INFO - [2025-03-31T19:25:22.136+0000] {dag.py:3947} INFO - Setting next_dagrun for example_weekday_branch_operator to 2025-03-30 00:00:00+00:00, run_after=2025-03-31 00:00:00+00:00
[2025-03-31T19:25:22.146+0000] {processor.py:183} INFO - Processing /home/airflow/.local/lib/python3.12/site-packages/airflow/example_dags/example_branch_day_of_week_operator.py took 0.038 seconds
[2025-03-31T19:25:54.612+0000] {processor.py:161} INFO - Started process (PID=1143) to work on /home/airflow/.local/lib/python3.12/site-packages/airflow/example_dags/example_branch_day_of_week_operator.py
[2025-03-31T19:25:54.613+0000] {processor.py:830} INFO - Processing file /home/airflow/.local/lib/python3.12/site-packages/airflow/example_dags/example_branch_day_of_week_operator.py for tasks to queue
[2025-03-31T19:25:54.613+0000] {logging_mixin.py:188} INFO - [2025-03-31T19:25:54.613+0000] {dagbag.py:545} INFO - Filling up the DagBag from /home/airflow/.local/lib/python3.12/site-packages/airflow/example_dags/example_branch_day_of_week_operator.py
[2025-03-31T19:25:54.619+0000] {processor.py:840} INFO - DAG(s) 'example_weekday_branch_operator' retrieved from /home/airflow/.local/lib/python3.12/site-packages/airflow/example_dags/example_branch_day_of_week_operator.py
[2025-03-31T19:25:54.632+0000] {logging_mixin.py:188} INFO - [2025-03-31T19:25:54.631+0000] {dag.py:3089} INFO - Sync 1 DAGs
[2025-03-31T19:25:54.642+0000] {logging_mixin.py:188} INFO - [2025-03-31T19:25:54.642+0000] {dag.py:3947} INFO - Setting next_dagrun for example_weekday_branch_operator to 2025-03-30 00:00:00+00:00, run_after=2025-03-31 00:00:00+00:00
[2025-03-31T19:25:54.652+0000] {processor.py:183} INFO - Processing /home/airflow/.local/lib/python3.12/site-packages/airflow/example_dags/example_branch_day_of_week_operator.py took 0.043 seconds
[2025-03-31T19:26:27.269+0000] {processor.py:161} INFO - Started process (PID=1215) to work on /home/airflow/.local/lib/python3.12/site-packages/airflow/example_dags/example_branch_day_of_week_operator.py
[2025-03-31T19:26:27.270+0000] {processor.py:830} INFO - Processing file /home/airflow/.local/lib/python3.12/site-packages/airflow/example_dags/example_branch_day_of_week_operator.py for tasks to queue
[2025-03-31T19:26:27.271+0000] {logging_mixin.py:188} INFO - [2025-03-31T19:26:27.271+0000] {dagbag.py:545} INFO - Filling up the DagBag from /home/airflow/.local/lib/python3.12/site-packages/airflow/example_dags/example_branch_day_of_week_operator.py
[2025-03-31T19:26:27.274+0000] {processor.py:840} INFO - DAG(s) 'example_weekday_branch_operator' retrieved from /home/airflow/.local/lib/python3.12/site-packages/airflow/example_dags/example_branch_day_of_week_operator.py
[2025-03-31T19:26:27.285+0000] {logging_mixin.py:188} INFO - [2025-03-31T19:26:27.285+0000] {dag.py:3089} INFO - Sync 1 DAGs
[2025-03-31T19:26:27.294+0000] {logging_mixin.py:188} INFO - [2025-03-31T19:26:27.294+0000] {dag.py:3947} INFO - Setting next_dagrun for example_weekday_branch_operator to 2025-03-30 00:00:00+00:00, run_after=2025-03-31 00:00:00+00:00
[2025-03-31T19:26:27.303+0000] {processor.py:183} INFO - Processing /home/airflow/.local/lib/python3.12/site-packages/airflow/example_dags/example_branch_day_of_week_operator.py took 0.037 seconds
[2025-03-31T19:26:59.950+0000] {processor.py:161} INFO - Started process (PID=1287) to work on /home/airflow/.local/lib/python3.12/site-packages/airflow/example_dags/example_branch_day_of_week_operator.py
[2025-03-31T19:26:59.950+0000] {processor.py:830} INFO - Processing file /home/airflow/.local/lib/python3.12/site-packages/airflow/example_dags/example_branch_day_of_week_operator.py for tasks to queue
[2025-03-31T19:26:59.951+0000] {logging_mixin.py:188} INFO - [2025-03-31T19:26:59.951+0000] {dagbag.py:545} INFO - Filling up the DagBag from /home/airflow/.local/lib/python3.12/site-packages/airflow/example_dags/example_branch_day_of_week_operator.py
[2025-03-31T19:26:59.956+0000] {processor.py:840} INFO - DAG(s) 'example_weekday_branch_operator' retrieved from /home/airflow/.local/lib/python3.12/site-packages/airflow/example_dags/example_branch_day_of_week_operator.py
[2025-03-31T19:26:59.965+0000] {logging_mixin.py:188} INFO - [2025-03-31T19:26:59.965+0000] {dag.py:3089} INFO - Sync 1 DAGs
[2025-03-31T19:26:59.974+0000] {logging_mixin.py:188} INFO - [2025-03-31T19:26:59.974+0000] {dag.py:3947} INFO - Setting next_dagrun for example_weekday_branch_operator to 2025-03-30 00:00:00+00:00, run_after=2025-03-31 00:00:00+00:00
[2025-03-31T19:26:59.983+0000] {processor.py:183} INFO - Processing /home/airflow/.local/lib/python3.12/site-packages/airflow/example_dags/example_branch_day_of_week_operator.py took 0.036 seconds
[2025-03-31T19:27:32.394+0000] {processor.py:161} INFO - Started process (PID=1359) to work on /home/airflow/.local/lib/python3.12/site-packages/airflow/example_dags/example_branch_day_of_week_operator.py
[2025-03-31T19:27:32.395+0000] {processor.py:830} INFO - Processing file /home/airflow/.local/lib/python3.12/site-packages/airflow/example_dags/example_branch_day_of_week_operator.py for tasks to queue
[2025-03-31T19:27:32.395+0000] {logging_mixin.py:188} INFO - [2025-03-31T19:27:32.395+0000] {dagbag.py:545} INFO - Filling up the DagBag from /home/airflow/.local/lib/python3.12/site-packages/airflow/example_dags/example_branch_day_of_week_operator.py
[2025-03-31T19:27:32.399+0000] {processor.py:840} INFO - DAG(s) 'example_weekday_branch_operator' retrieved from /home/airflow/.local/lib/python3.12/site-packages/airflow/example_dags/example_branch_day_of_week_operator.py
[2025-03-31T19:27:32.409+0000] {logging_mixin.py:188} INFO - [2025-03-31T19:27:32.409+0000] {dag.py:3089} INFO - Sync 1 DAGs
[2025-03-31T19:27:32.418+0000] {logging_mixin.py:188} INFO - [2025-03-31T19:27:32.418+0000] {dag.py:3947} INFO - Setting next_dagrun for example_weekday_branch_operator to 2025-03-30 00:00:00+00:00, run_after=2025-03-31 00:00:00+00:00
[2025-03-31T19:27:32.425+0000] {processor.py:183} INFO - Processing /home/airflow/.local/lib/python3.12/site-packages/airflow/example_dags/example_branch_day_of_week_operator.py took 0.034 seconds
[2025-03-31T19:28:04.971+0000] {processor.py:161} INFO - Started process (PID=1431) to work on /home/airflow/.local/lib/python3.12/site-packages/airflow/example_dags/example_branch_day_of_week_operator.py
[2025-03-31T19:28:04.972+0000] {processor.py:830} INFO - Processing file /home/airflow/.local/lib/python3.12/site-packages/airflow/example_dags/example_branch_day_of_week_operator.py for tasks to queue
[2025-03-31T19:28:04.973+0000] {logging_mixin.py:188} INFO - [2025-03-31T19:28:04.973+0000] {dagbag.py:545} INFO - Filling up the DagBag from /home/airflow/.local/lib/python3.12/site-packages/airflow/example_dags/example_branch_day_of_week_operator.py
[2025-03-31T19:28:04.977+0000] {processor.py:840} INFO - DAG(s) 'example_weekday_branch_operator' retrieved from /home/airflow/.local/lib/python3.12/site-packages/airflow/example_dags/example_branch_day_of_week_operator.py
[2025-03-31T19:28:04.990+0000] {logging_mixin.py:188} INFO - [2025-03-31T19:28:04.989+0000] {dag.py:3089} INFO - Sync 1 DAGs
[2025-03-31T19:28:05.000+0000] {logging_mixin.py:188} INFO - [2025-03-31T19:28:05.000+0000] {dag.py:3947} INFO - Setting next_dagrun for example_weekday_branch_operator to 2025-03-30 00:00:00+00:00, run_after=2025-03-31 00:00:00+00:00
[2025-03-31T19:28:05.007+0000] {processor.py:183} INFO - Processing /home/airflow/.local/lib/python3.12/site-packages/airflow/example_dags/example_branch_day_of_week_operator.py took 0.038 seconds
[2025-03-31T19:28:37.500+0000] {processor.py:161} INFO - Started process (PID=1504) to work on /home/airflow/.local/lib/python3.12/site-packages/airflow/example_dags/example_branch_day_of_week_operator.py
[2025-03-31T19:28:37.501+0000] {processor.py:830} INFO - Processing file /home/airflow/.local/lib/python3.12/site-packages/airflow/example_dags/example_branch_day_of_week_operator.py for tasks to queue
[2025-03-31T19:28:37.502+0000] {logging_mixin.py:188} INFO - [2025-03-31T19:28:37.502+0000] {dagbag.py:545} INFO - Filling up the DagBag from /home/airflow/.local/lib/python3.12/site-packages/airflow/example_dags/example_branch_day_of_week_operator.py
[2025-03-31T19:28:37.506+0000] {processor.py:840} INFO - DAG(s) 'example_weekday_branch_operator' retrieved from /home/airflow/.local/lib/python3.12/site-packages/airflow/example_dags/example_branch_day_of_week_operator.py
[2025-03-31T19:28:37.518+0000] {logging_mixin.py:188} INFO - [2025-03-31T19:28:37.518+0000] {dag.py:3089} INFO - Sync 1 DAGs
[2025-03-31T19:28:37.527+0000] {logging_mixin.py:188} INFO - [2025-03-31T19:28:37.527+0000] {dag.py:3947} INFO - Setting next_dagrun for example_weekday_branch_operator to 2025-03-30 00:00:00+00:00, run_after=2025-03-31 00:00:00+00:00
[2025-03-31T19:28:37.535+0000] {processor.py:183} INFO - Processing /home/airflow/.local/lib/python3.12/site-packages/airflow/example_dags/example_branch_day_of_week_operator.py took 0.037 seconds
[2025-03-31T19:29:10.789+0000] {processor.py:161} INFO - Started process (PID=1576) to work on /home/airflow/.local/lib/python3.12/site-packages/airflow/example_dags/example_branch_day_of_week_operator.py
[2025-03-31T19:29:10.790+0000] {processor.py:830} INFO - Processing file /home/airflow/.local/lib/python3.12/site-packages/airflow/example_dags/example_branch_day_of_week_operator.py for tasks to queue
[2025-03-31T19:29:10.791+0000] {logging_mixin.py:188} INFO - [2025-03-31T19:29:10.791+0000] {dagbag.py:545} INFO - Filling up the DagBag from /home/airflow/.local/lib/python3.12/site-packages/airflow/example_dags/example_branch_day_of_week_operator.py
[2025-03-31T19:29:10.797+0000] {processor.py:840} INFO - DAG(s) 'example_weekday_branch_operator' retrieved from /home/airflow/.local/lib/python3.12/site-packages/airflow/example_dags/example_branch_day_of_week_operator.py
[2025-03-31T19:29:10.817+0000] {logging_mixin.py:188} INFO - [2025-03-31T19:29:10.816+0000] {dag.py:3089} INFO - Sync 1 DAGs
[2025-03-31T19:29:10.831+0000] {logging_mixin.py:188} INFO - [2025-03-31T19:29:10.831+0000] {dag.py:3947} INFO - Setting next_dagrun for example_weekday_branch_operator to 2025-03-30 00:00:00+00:00, run_after=2025-03-31 00:00:00+00:00
[2025-03-31T19:29:10.843+0000] {processor.py:183} INFO - Processing /home/airflow/.local/lib/python3.12/site-packages/airflow/example_dags/example_branch_day_of_week_operator.py took 0.057 seconds
[2025-03-31T19:29:43.845+0000] {processor.py:161} INFO - Started process (PID=1648) to work on /home/airflow/.local/lib/python3.12/site-packages/airflow/example_dags/example_branch_day_of_week_operator.py
[2025-03-31T19:29:43.846+0000] {processor.py:830} INFO - Processing file /home/airflow/.local/lib/python3.12/site-packages/airflow/example_dags/example_branch_day_of_week_operator.py for tasks to queue
[2025-03-31T19:29:43.847+0000] {logging_mixin.py:188} INFO - [2025-03-31T19:29:43.847+0000] {dagbag.py:545} INFO - Filling up the DagBag from /home/airflow/.local/lib/python3.12/site-packages/airflow/example_dags/example_branch_day_of_week_operator.py
[2025-03-31T19:29:43.852+0000] {processor.py:840} INFO - DAG(s) 'example_weekday_branch_operator' retrieved from /home/airflow/.local/lib/python3.12/site-packages/airflow/example_dags/example_branch_day_of_week_operator.py
[2025-03-31T19:29:43.862+0000] {logging_mixin.py:188} INFO - [2025-03-31T19:29:43.862+0000] {dag.py:3089} INFO - Sync 1 DAGs
[2025-03-31T19:29:43.872+0000] {logging_mixin.py:188} INFO - [2025-03-31T19:29:43.872+0000] {dag.py:3947} INFO - Setting next_dagrun for example_weekday_branch_operator to 2025-03-30 00:00:00+00:00, run_after=2025-03-31 00:00:00+00:00
[2025-03-31T19:29:43.884+0000] {processor.py:183} INFO - Processing /home/airflow/.local/lib/python3.12/site-packages/airflow/example_dags/example_branch_day_of_week_operator.py took 0.042 seconds
[2025-03-31T19:30:16.551+0000] {processor.py:161} INFO - Started process (PID=1726) to work on /home/airflow/.local/lib/python3.12/site-packages/airflow/example_dags/example_branch_day_of_week_operator.py
[2025-03-31T19:30:16.552+0000] {processor.py:830} INFO - Processing file /home/airflow/.local/lib/python3.12/site-packages/airflow/example_dags/example_branch_day_of_week_operator.py for tasks to queue
[2025-03-31T19:30:16.553+0000] {logging_mixin.py:188} INFO - [2025-03-31T19:30:16.553+0000] {dagbag.py:545} INFO - Filling up the DagBag from /home/airflow/.local/lib/python3.12/site-packages/airflow/example_dags/example_branch_day_of_week_operator.py
[2025-03-31T19:30:16.557+0000] {processor.py:840} INFO - DAG(s) 'example_weekday_branch_operator' retrieved from /home/airflow/.local/lib/python3.12/site-packages/airflow/example_dags/example_branch_day_of_week_operator.py
[2025-03-31T19:30:16.567+0000] {logging_mixin.py:188} INFO - [2025-03-31T19:30:16.567+0000] {dag.py:3089} INFO - Sync 1 DAGs
[2025-03-31T19:30:16.577+0000] {logging_mixin.py:188} INFO - [2025-03-31T19:30:16.577+0000] {dag.py:3947} INFO - Setting next_dagrun for example_weekday_branch_operator to 2025-03-30 00:00:00+00:00, run_after=2025-03-31 00:00:00+00:00
[2025-03-31T19:30:16.588+0000] {processor.py:183} INFO - Processing /home/airflow/.local/lib/python3.12/site-packages/airflow/example_dags/example_branch_day_of_week_operator.py took 0.040 seconds
[2025-03-31T19:30:49.240+0000] {processor.py:161} INFO - Started process (PID=1798) to work on /home/airflow/.local/lib/python3.12/site-packages/airflow/example_dags/example_branch_day_of_week_operator.py
[2025-03-31T19:30:49.241+0000] {processor.py:830} INFO - Processing file /home/airflow/.local/lib/python3.12/site-packages/airflow/example_dags/example_branch_day_of_week_operator.py for tasks to queue
[2025-03-31T19:30:49.243+0000] {logging_mixin.py:188} INFO - [2025-03-31T19:30:49.242+0000] {dagbag.py:545} INFO - Filling up the DagBag from /home/airflow/.local/lib/python3.12/site-packages/airflow/example_dags/example_branch_day_of_week_operator.py
[2025-03-31T19:30:49.246+0000] {processor.py:840} INFO - DAG(s) 'example_weekday_branch_operator' retrieved from /home/airflow/.local/lib/python3.12/site-packages/airflow/example_dags/example_branch_day_of_week_operator.py
[2025-03-31T19:30:49.255+0000] {logging_mixin.py:188} INFO - [2025-03-31T19:30:49.255+0000] {dag.py:3089} INFO - Sync 1 DAGs
[2025-03-31T19:30:49.265+0000] {logging_mixin.py:188} INFO - [2025-03-31T19:30:49.265+0000] {dag.py:3947} INFO - Setting next_dagrun for example_weekday_branch_operator to 2025-03-30 00:00:00+00:00, run_after=2025-03-31 00:00:00+00:00
[2025-03-31T19:30:49.277+0000] {processor.py:183} INFO - Processing /home/airflow/.local/lib/python3.12/site-packages/airflow/example_dags/example_branch_day_of_week_operator.py took 0.039 seconds
[2025-03-31T19:31:22.054+0000] {processor.py:161} INFO - Started process (PID=1869) to work on /home/airflow/.local/lib/python3.12/site-packages/airflow/example_dags/example_branch_day_of_week_operator.py
[2025-03-31T19:31:22.055+0000] {processor.py:830} INFO - Processing file /home/airflow/.local/lib/python3.12/site-packages/airflow/example_dags/example_branch_day_of_week_operator.py for tasks to queue
[2025-03-31T19:31:22.056+0000] {logging_mixin.py:188} INFO - [2025-03-31T19:31:22.056+0000] {dagbag.py:545} INFO - Filling up the DagBag from /home/airflow/.local/lib/python3.12/site-packages/airflow/example_dags/example_branch_day_of_week_operator.py
[2025-03-31T19:31:22.061+0000] {processor.py:840} INFO - DAG(s) 'example_weekday_branch_operator' retrieved from /home/airflow/.local/lib/python3.12/site-packages/airflow/example_dags/example_branch_day_of_week_operator.py
[2025-03-31T19:31:22.074+0000] {logging_mixin.py:188} INFO - [2025-03-31T19:31:22.074+0000] {dag.py:3089} INFO - Sync 1 DAGs
[2025-03-31T19:31:22.084+0000] {logging_mixin.py:188} INFO - [2025-03-31T19:31:22.084+0000] {dag.py:3947} INFO - Setting next_dagrun for example_weekday_branch_operator to 2025-03-30 00:00:00+00:00, run_after=2025-03-31 00:00:00+00:00
[2025-03-31T19:31:22.095+0000] {processor.py:183} INFO - Processing /home/airflow/.local/lib/python3.12/site-packages/airflow/example_dags/example_branch_day_of_week_operator.py took 0.044 seconds
[2025-03-31T19:31:54.763+0000] {processor.py:161} INFO - Started process (PID=1941) to work on /home/airflow/.local/lib/python3.12/site-packages/airflow/example_dags/example_branch_day_of_week_operator.py
[2025-03-31T19:31:54.764+0000] {processor.py:830} INFO - Processing file /home/airflow/.local/lib/python3.12/site-packages/airflow/example_dags/example_branch_day_of_week_operator.py for tasks to queue
[2025-03-31T19:31:54.765+0000] {logging_mixin.py:188} INFO - [2025-03-31T19:31:54.765+0000] {dagbag.py:545} INFO - Filling up the DagBag from /home/airflow/.local/lib/python3.12/site-packages/airflow/example_dags/example_branch_day_of_week_operator.py
[2025-03-31T19:31:54.771+0000] {processor.py:840} INFO - DAG(s) 'example_weekday_branch_operator' retrieved from /home/airflow/.local/lib/python3.12/site-packages/airflow/example_dags/example_branch_day_of_week_operator.py
[2025-03-31T19:31:54.782+0000] {logging_mixin.py:188} INFO - [2025-03-31T19:31:54.782+0000] {dag.py:3089} INFO - Sync 1 DAGs
[2025-03-31T19:31:54.791+0000] {logging_mixin.py:188} INFO - [2025-03-31T19:31:54.791+0000] {dag.py:3947} INFO - Setting next_dagrun for example_weekday_branch_operator to 2025-03-30 00:00:00+00:00, run_after=2025-03-31 00:00:00+00:00
[2025-03-31T19:31:54.798+0000] {processor.py:183} INFO - Processing /home/airflow/.local/lib/python3.12/site-packages/airflow/example_dags/example_branch_day_of_week_operator.py took 0.038 seconds
[2025-03-31T19:32:27.485+0000] {processor.py:161} INFO - Started process (PID=2013) to work on /home/airflow/.local/lib/python3.12/site-packages/airflow/example_dags/example_branch_day_of_week_operator.py
[2025-03-31T19:32:27.485+0000] {processor.py:830} INFO - Processing file /home/airflow/.local/lib/python3.12/site-packages/airflow/example_dags/example_branch_day_of_week_operator.py for tasks to queue
[2025-03-31T19:32:27.486+0000] {logging_mixin.py:188} INFO - [2025-03-31T19:32:27.486+0000] {dagbag.py:545} INFO - Filling up the DagBag from /home/airflow/.local/lib/python3.12/site-packages/airflow/example_dags/example_branch_day_of_week_operator.py
[2025-03-31T19:32:27.490+0000] {processor.py:840} INFO - DAG(s) 'example_weekday_branch_operator' retrieved from /home/airflow/.local/lib/python3.12/site-packages/airflow/example_dags/example_branch_day_of_week_operator.py
[2025-03-31T19:32:27.502+0000] {logging_mixin.py:188} INFO - [2025-03-31T19:32:27.502+0000] {dag.py:3089} INFO - Sync 1 DAGs
[2025-03-31T19:32:27.513+0000] {logging_mixin.py:188} INFO - [2025-03-31T19:32:27.513+0000] {dag.py:3947} INFO - Setting next_dagrun for example_weekday_branch_operator to 2025-03-30 00:00:00+00:00, run_after=2025-03-31 00:00:00+00:00
[2025-03-31T19:32:27.520+0000] {processor.py:183} INFO - Processing /home/airflow/.local/lib/python3.12/site-packages/airflow/example_dags/example_branch_day_of_week_operator.py took 0.038 seconds
[2025-03-31T19:33:00.729+0000] {processor.py:161} INFO - Started process (PID=2085) to work on /home/airflow/.local/lib/python3.12/site-packages/airflow/example_dags/example_branch_day_of_week_operator.py
[2025-03-31T19:33:00.730+0000] {processor.py:830} INFO - Processing file /home/airflow/.local/lib/python3.12/site-packages/airflow/example_dags/example_branch_day_of_week_operator.py for tasks to queue
[2025-03-31T19:33:00.731+0000] {logging_mixin.py:188} INFO - [2025-03-31T19:33:00.731+0000] {dagbag.py:545} INFO - Filling up the DagBag from /home/airflow/.local/lib/python3.12/site-packages/airflow/example_dags/example_branch_day_of_week_operator.py
[2025-03-31T19:33:00.736+0000] {processor.py:840} INFO - DAG(s) 'example_weekday_branch_operator' retrieved from /home/airflow/.local/lib/python3.12/site-packages/airflow/example_dags/example_branch_day_of_week_operator.py
[2025-03-31T19:33:00.745+0000] {logging_mixin.py:188} INFO - [2025-03-31T19:33:00.745+0000] {dag.py:3089} INFO - Sync 1 DAGs
[2025-03-31T19:33:00.758+0000] {logging_mixin.py:188} INFO - [2025-03-31T19:33:00.758+0000] {dag.py:3947} INFO - Setting next_dagrun for example_weekday_branch_operator to 2025-03-30 00:00:00+00:00, run_after=2025-03-31 00:00:00+00:00
[2025-03-31T19:33:00.767+0000] {processor.py:183} INFO - Processing /home/airflow/.local/lib/python3.12/site-packages/airflow/example_dags/example_branch_day_of_week_operator.py took 0.040 seconds
[2025-03-31T19:33:33.411+0000] {processor.py:161} INFO - Started process (PID=2157) to work on /home/airflow/.local/lib/python3.12/site-packages/airflow/example_dags/example_branch_day_of_week_operator.py
[2025-03-31T19:33:33.411+0000] {processor.py:830} INFO - Processing file /home/airflow/.local/lib/python3.12/site-packages/airflow/example_dags/example_branch_day_of_week_operator.py for tasks to queue
[2025-03-31T19:33:33.412+0000] {logging_mixin.py:188} INFO - [2025-03-31T19:33:33.412+0000] {dagbag.py:545} INFO - Filling up the DagBag from /home/airflow/.local/lib/python3.12/site-packages/airflow/example_dags/example_branch_day_of_week_operator.py
[2025-03-31T19:33:33.417+0000] {processor.py:840} INFO - DAG(s) 'example_weekday_branch_operator' retrieved from /home/airflow/.local/lib/python3.12/site-packages/airflow/example_dags/example_branch_day_of_week_operator.py
[2025-03-31T19:33:33.426+0000] {logging_mixin.py:188} INFO - [2025-03-31T19:33:33.426+0000] {dag.py:3089} INFO - Sync 1 DAGs
[2025-03-31T19:33:33.438+0000] {logging_mixin.py:188} INFO - [2025-03-31T19:33:33.438+0000] {dag.py:3947} INFO - Setting next_dagrun for example_weekday_branch_operator to 2025-03-30 00:00:00+00:00, run_after=2025-03-31 00:00:00+00:00
[2025-03-31T19:33:33.450+0000] {processor.py:183} INFO - Processing /home/airflow/.local/lib/python3.12/site-packages/airflow/example_dags/example_branch_day_of_week_operator.py took 0.043 seconds
[2025-03-31T19:34:05.850+0000] {processor.py:161} INFO - Started process (PID=2229) to work on /home/airflow/.local/lib/python3.12/site-packages/airflow/example_dags/example_branch_day_of_week_operator.py
[2025-03-31T19:34:05.852+0000] {processor.py:830} INFO - Processing file /home/airflow/.local/lib/python3.12/site-packages/airflow/example_dags/example_branch_day_of_week_operator.py for tasks to queue
[2025-03-31T19:34:05.853+0000] {logging_mixin.py:188} INFO - [2025-03-31T19:34:05.853+0000] {dagbag.py:545} INFO - Filling up the DagBag from /home/airflow/.local/lib/python3.12/site-packages/airflow/example_dags/example_branch_day_of_week_operator.py
[2025-03-31T19:34:05.858+0000] {processor.py:840} INFO - DAG(s) 'example_weekday_branch_operator' retrieved from /home/airflow/.local/lib/python3.12/site-packages/airflow/example_dags/example_branch_day_of_week_operator.py
[2025-03-31T19:34:05.872+0000] {logging_mixin.py:188} INFO - [2025-03-31T19:34:05.872+0000] {dag.py:3089} INFO - Sync 1 DAGs
[2025-03-31T19:34:05.881+0000] {logging_mixin.py:188} INFO - [2025-03-31T19:34:05.881+0000] {dag.py:3947} INFO - Setting next_dagrun for example_weekday_branch_operator to 2025-03-30 00:00:00+00:00, run_after=2025-03-31 00:00:00+00:00
[2025-03-31T19:34:05.891+0000] {processor.py:183} INFO - Processing /home/airflow/.local/lib/python3.12/site-packages/airflow/example_dags/example_branch_day_of_week_operator.py took 0.044 seconds
[2025-03-31T19:34:39.265+0000] {processor.py:161} INFO - Started process (PID=2301) to work on /home/airflow/.local/lib/python3.12/site-packages/airflow/example_dags/example_branch_day_of_week_operator.py
[2025-03-31T19:34:39.266+0000] {processor.py:830} INFO - Processing file /home/airflow/.local/lib/python3.12/site-packages/airflow/example_dags/example_branch_day_of_week_operator.py for tasks to queue
[2025-03-31T19:34:39.267+0000] {logging_mixin.py:188} INFO - [2025-03-31T19:34:39.267+0000] {dagbag.py:545} INFO - Filling up the DagBag from /home/airflow/.local/lib/python3.12/site-packages/airflow/example_dags/example_branch_day_of_week_operator.py
[2025-03-31T19:34:39.273+0000] {processor.py:840} INFO - DAG(s) 'example_weekday_branch_operator' retrieved from /home/airflow/.local/lib/python3.12/site-packages/airflow/example_dags/example_branch_day_of_week_operator.py
[2025-03-31T19:34:39.286+0000] {logging_mixin.py:188} INFO - [2025-03-31T19:34:39.286+0000] {dag.py:3089} INFO - Sync 1 DAGs
[2025-03-31T19:34:39.303+0000] {logging_mixin.py:188} INFO - [2025-03-31T19:34:39.303+0000] {dag.py:3947} INFO - Setting next_dagrun for example_weekday_branch_operator to 2025-03-30 00:00:00+00:00, run_after=2025-03-31 00:00:00+00:00
[2025-03-31T19:34:39.315+0000] {processor.py:183} INFO - Processing /home/airflow/.local/lib/python3.12/site-packages/airflow/example_dags/example_branch_day_of_week_operator.py took 0.053 seconds
[2025-03-31T19:35:11.910+0000] {processor.py:161} INFO - Started process (PID=2373) to work on /home/airflow/.local/lib/python3.12/site-packages/airflow/example_dags/example_branch_day_of_week_operator.py
[2025-03-31T19:35:11.911+0000] {processor.py:830} INFO - Processing file /home/airflow/.local/lib/python3.12/site-packages/airflow/example_dags/example_branch_day_of_week_operator.py for tasks to queue
[2025-03-31T19:35:11.911+0000] {logging_mixin.py:188} INFO - [2025-03-31T19:35:11.911+0000] {dagbag.py:545} INFO - Filling up the DagBag from /home/airflow/.local/lib/python3.12/site-packages/airflow/example_dags/example_branch_day_of_week_operator.py
[2025-03-31T19:35:11.915+0000] {processor.py:840} INFO - DAG(s) 'example_weekday_branch_operator' retrieved from /home/airflow/.local/lib/python3.12/site-packages/airflow/example_dags/example_branch_day_of_week_operator.py
[2025-03-31T19:35:11.944+0000] {logging_mixin.py:188} INFO - [2025-03-31T19:35:11.943+0000] {dag.py:3089} INFO - Sync 1 DAGs
[2025-03-31T19:35:11.957+0000] {logging_mixin.py:188} INFO - [2025-03-31T19:35:11.957+0000] {dag.py:3947} INFO - Setting next_dagrun for example_weekday_branch_operator to 2025-03-30 00:00:00+00:00, run_after=2025-03-31 00:00:00+00:00
[2025-03-31T19:35:11.969+0000] {processor.py:183} INFO - Processing /home/airflow/.local/lib/python3.12/site-packages/airflow/example_dags/example_branch_day_of_week_operator.py took 0.062 seconds
[2025-03-31T19:35:45.047+0000] {processor.py:161} INFO - Started process (PID=2445) to work on /home/airflow/.local/lib/python3.12/site-packages/airflow/example_dags/example_branch_day_of_week_operator.py
[2025-03-31T19:35:45.047+0000] {processor.py:830} INFO - Processing file /home/airflow/.local/lib/python3.12/site-packages/airflow/example_dags/example_branch_day_of_week_operator.py for tasks to queue
[2025-03-31T19:35:45.048+0000] {logging_mixin.py:188} INFO - [2025-03-31T19:35:45.048+0000] {dagbag.py:545} INFO - Filling up the DagBag from /home/airflow/.local/lib/python3.12/site-packages/airflow/example_dags/example_branch_day_of_week_operator.py
[2025-03-31T19:35:45.052+0000] {processor.py:840} INFO - DAG(s) 'example_weekday_branch_operator' retrieved from /home/airflow/.local/lib/python3.12/site-packages/airflow/example_dags/example_branch_day_of_week_operator.py
[2025-03-31T19:35:45.063+0000] {logging_mixin.py:188} INFO - [2025-03-31T19:35:45.063+0000] {dag.py:3089} INFO - Sync 1 DAGs
[2025-03-31T19:35:45.075+0000] {logging_mixin.py:188} INFO - [2025-03-31T19:35:45.075+0000] {dag.py:3947} INFO - Setting next_dagrun for example_weekday_branch_operator to 2025-03-30 00:00:00+00:00, run_after=2025-03-31 00:00:00+00:00
[2025-03-31T19:35:45.086+0000] {processor.py:183} INFO - Processing /home/airflow/.local/lib/python3.12/site-packages/airflow/example_dags/example_branch_day_of_week_operator.py took 0.043 seconds
[2025-03-31T19:36:17.679+0000] {processor.py:161} INFO - Started process (PID=2522) to work on /home/airflow/.local/lib/python3.12/site-packages/airflow/example_dags/example_branch_day_of_week_operator.py
[2025-03-31T19:36:17.680+0000] {processor.py:830} INFO - Processing file /home/airflow/.local/lib/python3.12/site-packages/airflow/example_dags/example_branch_day_of_week_operator.py for tasks to queue
[2025-03-31T19:36:17.682+0000] {logging_mixin.py:188} INFO - [2025-03-31T19:36:17.681+0000] {dagbag.py:545} INFO - Filling up the DagBag from /home/airflow/.local/lib/python3.12/site-packages/airflow/example_dags/example_branch_day_of_week_operator.py
[2025-03-31T19:36:17.685+0000] {processor.py:840} INFO - DAG(s) 'example_weekday_branch_operator' retrieved from /home/airflow/.local/lib/python3.12/site-packages/airflow/example_dags/example_branch_day_of_week_operator.py
[2025-03-31T19:36:17.698+0000] {logging_mixin.py:188} INFO - [2025-03-31T19:36:17.697+0000] {dag.py:3089} INFO - Sync 1 DAGs
[2025-03-31T19:36:17.707+0000] {logging_mixin.py:188} INFO - [2025-03-31T19:36:17.707+0000] {dag.py:3947} INFO - Setting next_dagrun for example_weekday_branch_operator to 2025-03-30 00:00:00+00:00, run_after=2025-03-31 00:00:00+00:00
[2025-03-31T19:36:17.715+0000] {processor.py:183} INFO - Processing /home/airflow/.local/lib/python3.12/site-packages/airflow/example_dags/example_branch_day_of_week_operator.py took 0.039 seconds
[2025-03-31T19:36:50.395+0000] {processor.py:161} INFO - Started process (PID=2594) to work on /home/airflow/.local/lib/python3.12/site-packages/airflow/example_dags/example_branch_day_of_week_operator.py
[2025-03-31T19:36:50.396+0000] {processor.py:830} INFO - Processing file /home/airflow/.local/lib/python3.12/site-packages/airflow/example_dags/example_branch_day_of_week_operator.py for tasks to queue
[2025-03-31T19:36:50.398+0000] {logging_mixin.py:188} INFO - [2025-03-31T19:36:50.398+0000] {dagbag.py:545} INFO - Filling up the DagBag from /home/airflow/.local/lib/python3.12/site-packages/airflow/example_dags/example_branch_day_of_week_operator.py
[2025-03-31T19:36:50.401+0000] {processor.py:840} INFO - DAG(s) 'example_weekday_branch_operator' retrieved from /home/airflow/.local/lib/python3.12/site-packages/airflow/example_dags/example_branch_day_of_week_operator.py
[2025-03-31T19:36:50.413+0000] {logging_mixin.py:188} INFO - [2025-03-31T19:36:50.413+0000] {dag.py:3089} INFO - Sync 1 DAGs
[2025-03-31T19:36:50.424+0000] {logging_mixin.py:188} INFO - [2025-03-31T19:36:50.424+0000] {dag.py:3947} INFO - Setting next_dagrun for example_weekday_branch_operator to 2025-03-30 00:00:00+00:00, run_after=2025-03-31 00:00:00+00:00
[2025-03-31T19:36:50.434+0000] {processor.py:183} INFO - Processing /home/airflow/.local/lib/python3.12/site-packages/airflow/example_dags/example_branch_day_of_week_operator.py took 0.041 seconds
[2025-03-31T19:37:23.374+0000] {processor.py:161} INFO - Started process (PID=2666) to work on /home/airflow/.local/lib/python3.12/site-packages/airflow/example_dags/example_branch_day_of_week_operator.py
[2025-03-31T19:37:23.375+0000] {processor.py:830} INFO - Processing file /home/airflow/.local/lib/python3.12/site-packages/airflow/example_dags/example_branch_day_of_week_operator.py for tasks to queue
[2025-03-31T19:37:23.376+0000] {logging_mixin.py:188} INFO - [2025-03-31T19:37:23.376+0000] {dagbag.py:545} INFO - Filling up the DagBag from /home/airflow/.local/lib/python3.12/site-packages/airflow/example_dags/example_branch_day_of_week_operator.py
[2025-03-31T19:37:23.380+0000] {processor.py:840} INFO - DAG(s) 'example_weekday_branch_operator' retrieved from /home/airflow/.local/lib/python3.12/site-packages/airflow/example_dags/example_branch_day_of_week_operator.py
[2025-03-31T19:37:23.393+0000] {logging_mixin.py:188} INFO - [2025-03-31T19:37:23.393+0000] {dag.py:3089} INFO - Sync 1 DAGs
[2025-03-31T19:37:23.405+0000] {logging_mixin.py:188} INFO - [2025-03-31T19:37:23.405+0000] {dag.py:3947} INFO - Setting next_dagrun for example_weekday_branch_operator to 2025-03-30 00:00:00+00:00, run_after=2025-03-31 00:00:00+00:00
[2025-03-31T19:37:23.414+0000] {processor.py:183} INFO - Processing /home/airflow/.local/lib/python3.12/site-packages/airflow/example_dags/example_branch_day_of_week_operator.py took 0.042 seconds
[2025-03-31T19:37:56.021+0000] {processor.py:161} INFO - Started process (PID=2738) to work on /home/airflow/.local/lib/python3.12/site-packages/airflow/example_dags/example_branch_day_of_week_operator.py
[2025-03-31T19:37:56.021+0000] {processor.py:830} INFO - Processing file /home/airflow/.local/lib/python3.12/site-packages/airflow/example_dags/example_branch_day_of_week_operator.py for tasks to queue
[2025-03-31T19:37:56.022+0000] {logging_mixin.py:188} INFO - [2025-03-31T19:37:56.022+0000] {dagbag.py:545} INFO - Filling up the DagBag from /home/airflow/.local/lib/python3.12/site-packages/airflow/example_dags/example_branch_day_of_week_operator.py
[2025-03-31T19:37:56.026+0000] {processor.py:840} INFO - DAG(s) 'example_weekday_branch_operator' retrieved from /home/airflow/.local/lib/python3.12/site-packages/airflow/example_dags/example_branch_day_of_week_operator.py
[2025-03-31T19:37:56.038+0000] {logging_mixin.py:188} INFO - [2025-03-31T19:37:56.038+0000] {dag.py:3089} INFO - Sync 1 DAGs
[2025-03-31T19:37:56.047+0000] {logging_mixin.py:188} INFO - [2025-03-31T19:37:56.047+0000] {dag.py:3947} INFO - Setting next_dagrun for example_weekday_branch_operator to 2025-03-30 00:00:00+00:00, run_after=2025-03-31 00:00:00+00:00
[2025-03-31T19:37:56.055+0000] {processor.py:183} INFO - Processing /home/airflow/.local/lib/python3.12/site-packages/airflow/example_dags/example_branch_day_of_week_operator.py took 0.037 seconds
[2025-03-31T19:38:28.612+0000] {processor.py:161} INFO - Started process (PID=2810) to work on /home/airflow/.local/lib/python3.12/site-packages/airflow/example_dags/example_branch_day_of_week_operator.py
[2025-03-31T19:38:28.613+0000] {processor.py:830} INFO - Processing file /home/airflow/.local/lib/python3.12/site-packages/airflow/example_dags/example_branch_day_of_week_operator.py for tasks to queue
[2025-03-31T19:38:28.613+0000] {logging_mixin.py:188} INFO - [2025-03-31T19:38:28.613+0000] {dagbag.py:545} INFO - Filling up the DagBag from /home/airflow/.local/lib/python3.12/site-packages/airflow/example_dags/example_branch_day_of_week_operator.py
[2025-03-31T19:38:28.618+0000] {processor.py:840} INFO - DAG(s) 'example_weekday_branch_operator' retrieved from /home/airflow/.local/lib/python3.12/site-packages/airflow/example_dags/example_branch_day_of_week_operator.py
[2025-03-31T19:38:28.628+0000] {logging_mixin.py:188} INFO - [2025-03-31T19:38:28.628+0000] {dag.py:3089} INFO - Sync 1 DAGs
[2025-03-31T19:38:28.637+0000] {logging_mixin.py:188} INFO - [2025-03-31T19:38:28.637+0000] {dag.py:3947} INFO - Setting next_dagrun for example_weekday_branch_operator to 2025-03-30 00:00:00+00:00, run_after=2025-03-31 00:00:00+00:00
[2025-03-31T19:38:28.649+0000] {processor.py:183} INFO - Processing /home/airflow/.local/lib/python3.12/site-packages/airflow/example_dags/example_branch_day_of_week_operator.py took 0.039 seconds
[2025-03-31T19:39:01.406+0000] {processor.py:161} INFO - Started process (PID=2882) to work on /home/airflow/.local/lib/python3.12/site-packages/airflow/example_dags/example_branch_day_of_week_operator.py
[2025-03-31T19:39:01.406+0000] {processor.py:830} INFO - Processing file /home/airflow/.local/lib/python3.12/site-packages/airflow/example_dags/example_branch_day_of_week_operator.py for tasks to queue
[2025-03-31T19:39:01.407+0000] {logging_mixin.py:188} INFO - [2025-03-31T19:39:01.407+0000] {dagbag.py:545} INFO - Filling up the DagBag from /home/airflow/.local/lib/python3.12/site-packages/airflow/example_dags/example_branch_day_of_week_operator.py
[2025-03-31T19:39:01.410+0000] {processor.py:840} INFO - DAG(s) 'example_weekday_branch_operator' retrieved from /home/airflow/.local/lib/python3.12/site-packages/airflow/example_dags/example_branch_day_of_week_operator.py
[2025-03-31T19:39:01.421+0000] {logging_mixin.py:188} INFO - [2025-03-31T19:39:01.420+0000] {dag.py:3089} INFO - Sync 1 DAGs
[2025-03-31T19:39:01.430+0000] {logging_mixin.py:188} INFO - [2025-03-31T19:39:01.430+0000] {dag.py:3947} INFO - Setting next_dagrun for example_weekday_branch_operator to 2025-03-30 00:00:00+00:00, run_after=2025-03-31 00:00:00+00:00
[2025-03-31T19:39:01.440+0000] {processor.py:183} INFO - Processing /home/airflow/.local/lib/python3.12/site-packages/airflow/example_dags/example_branch_day_of_week_operator.py took 0.037 seconds
[2025-03-31T19:39:34.062+0000] {processor.py:161} INFO - Started process (PID=2954) to work on /home/airflow/.local/lib/python3.12/site-packages/airflow/example_dags/example_branch_day_of_week_operator.py
[2025-03-31T19:39:34.063+0000] {processor.py:830} INFO - Processing file /home/airflow/.local/lib/python3.12/site-packages/airflow/example_dags/example_branch_day_of_week_operator.py for tasks to queue
[2025-03-31T19:39:34.063+0000] {logging_mixin.py:188} INFO - [2025-03-31T19:39:34.063+0000] {dagbag.py:545} INFO - Filling up the DagBag from /home/airflow/.local/lib/python3.12/site-packages/airflow/example_dags/example_branch_day_of_week_operator.py
[2025-03-31T19:39:34.067+0000] {processor.py:840} INFO - DAG(s) 'example_weekday_branch_operator' retrieved from /home/airflow/.local/lib/python3.12/site-packages/airflow/example_dags/example_branch_day_of_week_operator.py
[2025-03-31T19:39:34.076+0000] {logging_mixin.py:188} INFO - [2025-03-31T19:39:34.076+0000] {dag.py:3089} INFO - Sync 1 DAGs
[2025-03-31T19:39:34.087+0000] {logging_mixin.py:188} INFO - [2025-03-31T19:39:34.087+0000] {dag.py:3947} INFO - Setting next_dagrun for example_weekday_branch_operator to 2025-03-30 00:00:00+00:00, run_after=2025-03-31 00:00:00+00:00
[2025-03-31T19:39:34.098+0000] {processor.py:183} INFO - Processing /home/airflow/.local/lib/python3.12/site-packages/airflow/example_dags/example_branch_day_of_week_operator.py took 0.039 seconds
[2025-03-31T19:40:06.819+0000] {processor.py:161} INFO - Started process (PID=3026) to work on /home/airflow/.local/lib/python3.12/site-packages/airflow/example_dags/example_branch_day_of_week_operator.py
[2025-03-31T19:40:06.820+0000] {processor.py:830} INFO - Processing file /home/airflow/.local/lib/python3.12/site-packages/airflow/example_dags/example_branch_day_of_week_operator.py for tasks to queue
[2025-03-31T19:40:06.822+0000] {logging_mixin.py:188} INFO - [2025-03-31T19:40:06.822+0000] {dagbag.py:545} INFO - Filling up the DagBag from /home/airflow/.local/lib/python3.12/site-packages/airflow/example_dags/example_branch_day_of_week_operator.py
[2025-03-31T19:40:06.825+0000] {processor.py:840} INFO - DAG(s) 'example_weekday_branch_operator' retrieved from /home/airflow/.local/lib/python3.12/site-packages/airflow/example_dags/example_branch_day_of_week_operator.py
[2025-03-31T19:40:06.838+0000] {logging_mixin.py:188} INFO - [2025-03-31T19:40:06.838+0000] {dag.py:3089} INFO - Sync 1 DAGs
[2025-03-31T19:40:06.850+0000] {logging_mixin.py:188} INFO - [2025-03-31T19:40:06.850+0000] {dag.py:3947} INFO - Setting next_dagrun for example_weekday_branch_operator to 2025-03-30 00:00:00+00:00, run_after=2025-03-31 00:00:00+00:00
[2025-03-31T19:40:06.859+0000] {processor.py:183} INFO - Processing /home/airflow/.local/lib/python3.12/site-packages/airflow/example_dags/example_branch_day_of_week_operator.py took 0.043 seconds
[2025-03-31T19:40:39.503+0000] {processor.py:161} INFO - Started process (PID=3098) to work on /home/airflow/.local/lib/python3.12/site-packages/airflow/example_dags/example_branch_day_of_week_operator.py
[2025-03-31T19:40:39.505+0000] {processor.py:830} INFO - Processing file /home/airflow/.local/lib/python3.12/site-packages/airflow/example_dags/example_branch_day_of_week_operator.py for tasks to queue
[2025-03-31T19:40:39.506+0000] {logging_mixin.py:188} INFO - [2025-03-31T19:40:39.506+0000] {dagbag.py:545} INFO - Filling up the DagBag from /home/airflow/.local/lib/python3.12/site-packages/airflow/example_dags/example_branch_day_of_week_operator.py
[2025-03-31T19:40:39.510+0000] {processor.py:840} INFO - DAG(s) 'example_weekday_branch_operator' retrieved from /home/airflow/.local/lib/python3.12/site-packages/airflow/example_dags/example_branch_day_of_week_operator.py
[2025-03-31T19:40:39.523+0000] {logging_mixin.py:188} INFO - [2025-03-31T19:40:39.523+0000] {dag.py:3089} INFO - Sync 1 DAGs
[2025-03-31T19:40:39.532+0000] {logging_mixin.py:188} INFO - [2025-03-31T19:40:39.532+0000] {dag.py:3947} INFO - Setting next_dagrun for example_weekday_branch_operator to 2025-03-30 00:00:00+00:00, run_after=2025-03-31 00:00:00+00:00
[2025-03-31T19:40:39.539+0000] {processor.py:183} INFO - Processing /home/airflow/.local/lib/python3.12/site-packages/airflow/example_dags/example_branch_day_of_week_operator.py took 0.039 seconds
[2025-03-31T19:41:12.097+0000] {processor.py:161} INFO - Started process (PID=3170) to work on /home/airflow/.local/lib/python3.12/site-packages/airflow/example_dags/example_branch_day_of_week_operator.py
[2025-03-31T19:41:12.099+0000] {processor.py:830} INFO - Processing file /home/airflow/.local/lib/python3.12/site-packages/airflow/example_dags/example_branch_day_of_week_operator.py for tasks to queue
[2025-03-31T19:41:12.100+0000] {logging_mixin.py:188} INFO - [2025-03-31T19:41:12.100+0000] {dagbag.py:545} INFO - Filling up the DagBag from /home/airflow/.local/lib/python3.12/site-packages/airflow/example_dags/example_branch_day_of_week_operator.py
[2025-03-31T19:41:12.104+0000] {processor.py:840} INFO - DAG(s) 'example_weekday_branch_operator' retrieved from /home/airflow/.local/lib/python3.12/site-packages/airflow/example_dags/example_branch_day_of_week_operator.py
[2025-03-31T19:41:12.113+0000] {logging_mixin.py:188} INFO - [2025-03-31T19:41:12.113+0000] {dag.py:3089} INFO - Sync 1 DAGs
[2025-03-31T19:41:12.123+0000] {logging_mixin.py:188} INFO - [2025-03-31T19:41:12.123+0000] {dag.py:3947} INFO - Setting next_dagrun for example_weekday_branch_operator to 2025-03-30 00:00:00+00:00, run_after=2025-03-31 00:00:00+00:00
[2025-03-31T19:41:12.136+0000] {processor.py:183} INFO - Processing /home/airflow/.local/lib/python3.12/site-packages/airflow/example_dags/example_branch_day_of_week_operator.py took 0.041 seconds
[2025-03-31T19:41:44.696+0000] {processor.py:161} INFO - Started process (PID=3242) to work on /home/airflow/.local/lib/python3.12/site-packages/airflow/example_dags/example_branch_day_of_week_operator.py
[2025-03-31T19:41:44.697+0000] {processor.py:830} INFO - Processing file /home/airflow/.local/lib/python3.12/site-packages/airflow/example_dags/example_branch_day_of_week_operator.py for tasks to queue
[2025-03-31T19:41:44.699+0000] {logging_mixin.py:188} INFO - [2025-03-31T19:41:44.699+0000] {dagbag.py:545} INFO - Filling up the DagBag from /home/airflow/.local/lib/python3.12/site-packages/airflow/example_dags/example_branch_day_of_week_operator.py
[2025-03-31T19:41:44.705+0000] {processor.py:840} INFO - DAG(s) 'example_weekday_branch_operator' retrieved from /home/airflow/.local/lib/python3.12/site-packages/airflow/example_dags/example_branch_day_of_week_operator.py
[2025-03-31T19:41:44.720+0000] {logging_mixin.py:188} INFO - [2025-03-31T19:41:44.720+0000] {dag.py:3089} INFO - Sync 1 DAGs
[2025-03-31T19:41:44.730+0000] {logging_mixin.py:188} INFO - [2025-03-31T19:41:44.730+0000] {dag.py:3947} INFO - Setting next_dagrun for example_weekday_branch_operator to 2025-03-30 00:00:00+00:00, run_after=2025-03-31 00:00:00+00:00
[2025-03-31T19:41:44.740+0000] {processor.py:183} INFO - Processing /home/airflow/.local/lib/python3.12/site-packages/airflow/example_dags/example_branch_day_of_week_operator.py took 0.047 seconds
[2025-03-31T19:42:17.724+0000] {processor.py:161} INFO - Started process (PID=3320) to work on /home/airflow/.local/lib/python3.12/site-packages/airflow/example_dags/example_branch_day_of_week_operator.py
[2025-03-31T19:42:17.724+0000] {processor.py:830} INFO - Processing file /home/airflow/.local/lib/python3.12/site-packages/airflow/example_dags/example_branch_day_of_week_operator.py for tasks to queue
[2025-03-31T19:42:17.725+0000] {logging_mixin.py:188} INFO - [2025-03-31T19:42:17.725+0000] {dagbag.py:545} INFO - Filling up the DagBag from /home/airflow/.local/lib/python3.12/site-packages/airflow/example_dags/example_branch_day_of_week_operator.py
[2025-03-31T19:42:17.729+0000] {processor.py:840} INFO - DAG(s) 'example_weekday_branch_operator' retrieved from /home/airflow/.local/lib/python3.12/site-packages/airflow/example_dags/example_branch_day_of_week_operator.py
[2025-03-31T19:42:17.737+0000] {logging_mixin.py:188} INFO - [2025-03-31T19:42:17.737+0000] {dag.py:3089} INFO - Sync 1 DAGs
[2025-03-31T19:42:17.748+0000] {logging_mixin.py:188} INFO - [2025-03-31T19:42:17.748+0000] {dag.py:3947} INFO - Setting next_dagrun for example_weekday_branch_operator to 2025-03-30 00:00:00+00:00, run_after=2025-03-31 00:00:00+00:00
[2025-03-31T19:42:17.758+0000] {processor.py:183} INFO - Processing /home/airflow/.local/lib/python3.12/site-packages/airflow/example_dags/example_branch_day_of_week_operator.py took 0.037 seconds
[2025-03-31T19:42:50.491+0000] {processor.py:161} INFO - Started process (PID=3392) to work on /home/airflow/.local/lib/python3.12/site-packages/airflow/example_dags/example_branch_day_of_week_operator.py
[2025-03-31T19:42:50.491+0000] {processor.py:830} INFO - Processing file /home/airflow/.local/lib/python3.12/site-packages/airflow/example_dags/example_branch_day_of_week_operator.py for tasks to queue
[2025-03-31T19:42:50.492+0000] {logging_mixin.py:188} INFO - [2025-03-31T19:42:50.492+0000] {dagbag.py:545} INFO - Filling up the DagBag from /home/airflow/.local/lib/python3.12/site-packages/airflow/example_dags/example_branch_day_of_week_operator.py
[2025-03-31T19:42:50.496+0000] {processor.py:840} INFO - DAG(s) 'example_weekday_branch_operator' retrieved from /home/airflow/.local/lib/python3.12/site-packages/airflow/example_dags/example_branch_day_of_week_operator.py
[2025-03-31T19:42:50.508+0000] {logging_mixin.py:188} INFO - [2025-03-31T19:42:50.508+0000] {dag.py:3089} INFO - Sync 1 DAGs
[2025-03-31T19:42:50.517+0000] {logging_mixin.py:188} INFO - [2025-03-31T19:42:50.517+0000] {dag.py:3947} INFO - Setting next_dagrun for example_weekday_branch_operator to 2025-03-30 00:00:00+00:00, run_after=2025-03-31 00:00:00+00:00
[2025-03-31T19:42:50.528+0000] {processor.py:183} INFO - Processing /home/airflow/.local/lib/python3.12/site-packages/airflow/example_dags/example_branch_day_of_week_operator.py took 0.041 seconds
[2025-03-31T19:43:22.990+0000] {processor.py:161} INFO - Started process (PID=3464) to work on /home/airflow/.local/lib/python3.12/site-packages/airflow/example_dags/example_branch_day_of_week_operator.py
[2025-03-31T19:43:22.991+0000] {processor.py:830} INFO - Processing file /home/airflow/.local/lib/python3.12/site-packages/airflow/example_dags/example_branch_day_of_week_operator.py for tasks to queue
[2025-03-31T19:43:22.992+0000] {logging_mixin.py:188} INFO - [2025-03-31T19:43:22.992+0000] {dagbag.py:545} INFO - Filling up the DagBag from /home/airflow/.local/lib/python3.12/site-packages/airflow/example_dags/example_branch_day_of_week_operator.py
[2025-03-31T19:43:22.995+0000] {processor.py:840} INFO - DAG(s) 'example_weekday_branch_operator' retrieved from /home/airflow/.local/lib/python3.12/site-packages/airflow/example_dags/example_branch_day_of_week_operator.py
[2025-03-31T19:43:23.005+0000] {logging_mixin.py:188} INFO - [2025-03-31T19:43:23.005+0000] {dag.py:3089} INFO - Sync 1 DAGs
[2025-03-31T19:43:23.014+0000] {logging_mixin.py:188} INFO - [2025-03-31T19:43:23.014+0000] {dag.py:3947} INFO - Setting next_dagrun for example_weekday_branch_operator to 2025-03-30 00:00:00+00:00, run_after=2025-03-31 00:00:00+00:00
[2025-03-31T19:43:23.024+0000] {processor.py:183} INFO - Processing /home/airflow/.local/lib/python3.12/site-packages/airflow/example_dags/example_branch_day_of_week_operator.py took 0.036 seconds
[2025-03-31T19:43:55.342+0000] {processor.py:161} INFO - Started process (PID=3536) to work on /home/airflow/.local/lib/python3.12/site-packages/airflow/example_dags/example_branch_day_of_week_operator.py
[2025-03-31T19:43:55.343+0000] {processor.py:830} INFO - Processing file /home/airflow/.local/lib/python3.12/site-packages/airflow/example_dags/example_branch_day_of_week_operator.py for tasks to queue
[2025-03-31T19:43:55.344+0000] {logging_mixin.py:188} INFO - [2025-03-31T19:43:55.343+0000] {dagbag.py:545} INFO - Filling up the DagBag from /home/airflow/.local/lib/python3.12/site-packages/airflow/example_dags/example_branch_day_of_week_operator.py
[2025-03-31T19:43:55.347+0000] {processor.py:840} INFO - DAG(s) 'example_weekday_branch_operator' retrieved from /home/airflow/.local/lib/python3.12/site-packages/airflow/example_dags/example_branch_day_of_week_operator.py
[2025-03-31T19:43:55.356+0000] {logging_mixin.py:188} INFO - [2025-03-31T19:43:55.356+0000] {dag.py:3089} INFO - Sync 1 DAGs
[2025-03-31T19:43:55.366+0000] {logging_mixin.py:188} INFO - [2025-03-31T19:43:55.366+0000] {dag.py:3947} INFO - Setting next_dagrun for example_weekday_branch_operator to 2025-03-30 00:00:00+00:00, run_after=2025-03-31 00:00:00+00:00
[2025-03-31T19:43:55.376+0000] {processor.py:183} INFO - Processing /home/airflow/.local/lib/python3.12/site-packages/airflow/example_dags/example_branch_day_of_week_operator.py took 0.036 seconds
[2025-03-31T19:44:28.218+0000] {processor.py:161} INFO - Started process (PID=3608) to work on /home/airflow/.local/lib/python3.12/site-packages/airflow/example_dags/example_branch_day_of_week_operator.py
[2025-03-31T19:44:28.219+0000] {processor.py:830} INFO - Processing file /home/airflow/.local/lib/python3.12/site-packages/airflow/example_dags/example_branch_day_of_week_operator.py for tasks to queue
[2025-03-31T19:44:28.220+0000] {logging_mixin.py:188} INFO - [2025-03-31T19:44:28.219+0000] {dagbag.py:545} INFO - Filling up the DagBag from /home/airflow/.local/lib/python3.12/site-packages/airflow/example_dags/example_branch_day_of_week_operator.py
[2025-03-31T19:44:28.226+0000] {processor.py:840} INFO - DAG(s) 'example_weekday_branch_operator' retrieved from /home/airflow/.local/lib/python3.12/site-packages/airflow/example_dags/example_branch_day_of_week_operator.py
[2025-03-31T19:44:28.237+0000] {logging_mixin.py:188} INFO - [2025-03-31T19:44:28.237+0000] {dag.py:3089} INFO - Sync 1 DAGs
[2025-03-31T19:44:28.248+0000] {logging_mixin.py:188} INFO - [2025-03-31T19:44:28.248+0000] {dag.py:3947} INFO - Setting next_dagrun for example_weekday_branch_operator to 2025-03-30 00:00:00+00:00, run_after=2025-03-31 00:00:00+00:00
[2025-03-31T19:44:28.260+0000] {processor.py:183} INFO - Processing /home/airflow/.local/lib/python3.12/site-packages/airflow/example_dags/example_branch_day_of_week_operator.py took 0.044 seconds
