[2025-03-31T19:18:16.989+0000] {processor.py:161} INFO - Started process (PID=105) to work on /home/airflow/.local/lib/python3.12/site-packages/airflow/example_dags/example_branch_labels.py
[2025-03-31T19:18:16.990+0000] {processor.py:830} INFO - Processing file /home/airflow/.local/lib/python3.12/site-packages/airflow/example_dags/example_branch_labels.py for tasks to queue
[2025-03-31T19:18:16.991+0000] {logging_mixin.py:188} INFO - [2025-03-31T19:18:16.991+0000] {dagbag.py:545} INFO - Filling up the DagBag from /home/airflow/.local/lib/python3.12/site-packages/airflow/example_dags/example_branch_labels.py
[2025-03-31T19:18:16.996+0000] {processor.py:840} INFO - DAG(s) 'example_branch_labels' retrieved from /home/airflow/.local/lib/python3.12/site-packages/airflow/example_dags/example_branch_labels.py
[2025-03-31T19:18:17.009+0000] {logging_mixin.py:188} INFO - [2025-03-31T19:18:17.009+0000] {dag.py:3089} INFO - Sync 1 DAGs
[2025-03-31T19:18:17.019+0000] {logging_mixin.py:188} INFO - [2025-03-31T19:18:17.019+0000] {dag.py:3947} INFO - Setting next_dagrun for example_branch_labels to 2025-03-30 00:00:00+00:00, run_after=2025-03-31 00:00:00+00:00
[2025-03-31T19:18:17.027+0000] {processor.py:183} INFO - Processing /home/airflow/.local/lib/python3.12/site-packages/airflow/example_dags/example_branch_labels.py took 0.041 seconds
[2025-03-31T19:18:49.360+0000] {processor.py:161} INFO - Started process (PID=182) to work on /home/airflow/.local/lib/python3.12/site-packages/airflow/example_dags/example_branch_labels.py
[2025-03-31T19:18:49.360+0000] {processor.py:830} INFO - Processing file /home/airflow/.local/lib/python3.12/site-packages/airflow/example_dags/example_branch_labels.py for tasks to queue
[2025-03-31T19:18:49.361+0000] {logging_mixin.py:188} INFO - [2025-03-31T19:18:49.361+0000] {dagbag.py:545} INFO - Filling up the DagBag from /home/airflow/.local/lib/python3.12/site-packages/airflow/example_dags/example_branch_labels.py
[2025-03-31T19:18:49.365+0000] {processor.py:840} INFO - DAG(s) 'example_branch_labels' retrieved from /home/airflow/.local/lib/python3.12/site-packages/airflow/example_dags/example_branch_labels.py
[2025-03-31T19:18:49.376+0000] {logging_mixin.py:188} INFO - [2025-03-31T19:18:49.376+0000] {dag.py:3089} INFO - Sync 1 DAGs
[2025-03-31T19:18:49.384+0000] {logging_mixin.py:188} INFO - [2025-03-31T19:18:49.384+0000] {dag.py:3947} INFO - Setting next_dagrun for example_branch_labels to 2025-03-30 00:00:00+00:00, run_after=2025-03-31 00:00:00+00:00
[2025-03-31T19:18:49.395+0000] {processor.py:183} INFO - Processing /home/airflow/.local/lib/python3.12/site-packages/airflow/example_dags/example_branch_labels.py took 0.037 seconds
[2025-03-31T19:19:22.206+0000] {processor.py:161} INFO - Started process (PID=254) to work on /home/airflow/.local/lib/python3.12/site-packages/airflow/example_dags/example_branch_labels.py
[2025-03-31T19:19:22.207+0000] {processor.py:830} INFO - Processing file /home/airflow/.local/lib/python3.12/site-packages/airflow/example_dags/example_branch_labels.py for tasks to queue
[2025-03-31T19:19:22.208+0000] {logging_mixin.py:188} INFO - [2025-03-31T19:19:22.208+0000] {dagbag.py:545} INFO - Filling up the DagBag from /home/airflow/.local/lib/python3.12/site-packages/airflow/example_dags/example_branch_labels.py
[2025-03-31T19:19:22.213+0000] {processor.py:840} INFO - DAG(s) 'example_branch_labels' retrieved from /home/airflow/.local/lib/python3.12/site-packages/airflow/example_dags/example_branch_labels.py
[2025-03-31T19:19:22.223+0000] {logging_mixin.py:188} INFO - [2025-03-31T19:19:22.223+0000] {dag.py:3089} INFO - Sync 1 DAGs
[2025-03-31T19:19:22.234+0000] {logging_mixin.py:188} INFO - [2025-03-31T19:19:22.234+0000] {dag.py:3947} INFO - Setting next_dagrun for example_branch_labels to 2025-03-30 00:00:00+00:00, run_after=2025-03-31 00:00:00+00:00
[2025-03-31T19:19:22.245+0000] {processor.py:183} INFO - Processing /home/airflow/.local/lib/python3.12/site-packages/airflow/example_dags/example_branch_labels.py took 0.041 seconds
[2025-03-31T19:19:54.934+0000] {processor.py:161} INFO - Started process (PID=326) to work on /home/airflow/.local/lib/python3.12/site-packages/airflow/example_dags/example_branch_labels.py
[2025-03-31T19:19:54.937+0000] {processor.py:830} INFO - Processing file /home/airflow/.local/lib/python3.12/site-packages/airflow/example_dags/example_branch_labels.py for tasks to queue
[2025-03-31T19:19:54.938+0000] {logging_mixin.py:188} INFO - [2025-03-31T19:19:54.938+0000] {dagbag.py:545} INFO - Filling up the DagBag from /home/airflow/.local/lib/python3.12/site-packages/airflow/example_dags/example_branch_labels.py
[2025-03-31T19:19:54.941+0000] {processor.py:840} INFO - DAG(s) 'example_branch_labels' retrieved from /home/airflow/.local/lib/python3.12/site-packages/airflow/example_dags/example_branch_labels.py
[2025-03-31T19:19:54.953+0000] {logging_mixin.py:188} INFO - [2025-03-31T19:19:54.952+0000] {dag.py:3089} INFO - Sync 1 DAGs
[2025-03-31T19:19:54.961+0000] {logging_mixin.py:188} INFO - [2025-03-31T19:19:54.961+0000] {dag.py:3947} INFO - Setting next_dagrun for example_branch_labels to 2025-03-30 00:00:00+00:00, run_after=2025-03-31 00:00:00+00:00
[2025-03-31T19:19:54.970+0000] {processor.py:183} INFO - Processing /home/airflow/.local/lib/python3.12/site-packages/airflow/example_dags/example_branch_labels.py took 0.039 seconds
[2025-03-31T19:20:27.888+0000] {processor.py:161} INFO - Started process (PID=398) to work on /home/airflow/.local/lib/python3.12/site-packages/airflow/example_dags/example_branch_labels.py
[2025-03-31T19:20:27.888+0000] {processor.py:830} INFO - Processing file /home/airflow/.local/lib/python3.12/site-packages/airflow/example_dags/example_branch_labels.py for tasks to queue
[2025-03-31T19:20:27.889+0000] {logging_mixin.py:188} INFO - [2025-03-31T19:20:27.889+0000] {dagbag.py:545} INFO - Filling up the DagBag from /home/airflow/.local/lib/python3.12/site-packages/airflow/example_dags/example_branch_labels.py
[2025-03-31T19:20:27.893+0000] {processor.py:840} INFO - DAG(s) 'example_branch_labels' retrieved from /home/airflow/.local/lib/python3.12/site-packages/airflow/example_dags/example_branch_labels.py
[2025-03-31T19:20:27.906+0000] {logging_mixin.py:188} INFO - [2025-03-31T19:20:27.906+0000] {dag.py:3089} INFO - Sync 1 DAGs
[2025-03-31T19:20:27.919+0000] {logging_mixin.py:188} INFO - [2025-03-31T19:20:27.918+0000] {dag.py:3947} INFO - Setting next_dagrun for example_branch_labels to 2025-03-30 00:00:00+00:00, run_after=2025-03-31 00:00:00+00:00
[2025-03-31T19:20:27.928+0000] {processor.py:183} INFO - Processing /home/airflow/.local/lib/python3.12/site-packages/airflow/example_dags/example_branch_labels.py took 0.043 seconds
[2025-03-31T19:21:01.109+0000] {processor.py:161} INFO - Started process (PID=470) to work on /home/airflow/.local/lib/python3.12/site-packages/airflow/example_dags/example_branch_labels.py
[2025-03-31T19:21:01.109+0000] {processor.py:830} INFO - Processing file /home/airflow/.local/lib/python3.12/site-packages/airflow/example_dags/example_branch_labels.py for tasks to queue
[2025-03-31T19:21:01.110+0000] {logging_mixin.py:188} INFO - [2025-03-31T19:21:01.110+0000] {dagbag.py:545} INFO - Filling up the DagBag from /home/airflow/.local/lib/python3.12/site-packages/airflow/example_dags/example_branch_labels.py
[2025-03-31T19:21:01.114+0000] {processor.py:840} INFO - DAG(s) 'example_branch_labels' retrieved from /home/airflow/.local/lib/python3.12/site-packages/airflow/example_dags/example_branch_labels.py
[2025-03-31T19:21:01.126+0000] {logging_mixin.py:188} INFO - [2025-03-31T19:21:01.126+0000] {dag.py:3089} INFO - Sync 1 DAGs
[2025-03-31T19:21:01.137+0000] {logging_mixin.py:188} INFO - [2025-03-31T19:21:01.137+0000] {dag.py:3947} INFO - Setting next_dagrun for example_branch_labels to 2025-03-30 00:00:00+00:00, run_after=2025-03-31 00:00:00+00:00
[2025-03-31T19:21:01.148+0000] {processor.py:183} INFO - Processing /home/airflow/.local/lib/python3.12/site-packages/airflow/example_dags/example_branch_labels.py took 0.042 seconds
[2025-03-31T19:21:33.894+0000] {processor.py:161} INFO - Started process (PID=542) to work on /home/airflow/.local/lib/python3.12/site-packages/airflow/example_dags/example_branch_labels.py
[2025-03-31T19:21:33.895+0000] {processor.py:830} INFO - Processing file /home/airflow/.local/lib/python3.12/site-packages/airflow/example_dags/example_branch_labels.py for tasks to queue
[2025-03-31T19:21:33.896+0000] {logging_mixin.py:188} INFO - [2025-03-31T19:21:33.896+0000] {dagbag.py:545} INFO - Filling up the DagBag from /home/airflow/.local/lib/python3.12/site-packages/airflow/example_dags/example_branch_labels.py
[2025-03-31T19:21:33.899+0000] {processor.py:840} INFO - DAG(s) 'example_branch_labels' retrieved from /home/airflow/.local/lib/python3.12/site-packages/airflow/example_dags/example_branch_labels.py
[2025-03-31T19:21:33.909+0000] {logging_mixin.py:188} INFO - [2025-03-31T19:21:33.909+0000] {dag.py:3089} INFO - Sync 1 DAGs
[2025-03-31T19:21:33.919+0000] {logging_mixin.py:188} INFO - [2025-03-31T19:21:33.919+0000] {dag.py:3947} INFO - Setting next_dagrun for example_branch_labels to 2025-03-30 00:00:00+00:00, run_after=2025-03-31 00:00:00+00:00
[2025-03-31T19:21:33.926+0000] {processor.py:183} INFO - Processing /home/airflow/.local/lib/python3.12/site-packages/airflow/example_dags/example_branch_labels.py took 0.034 seconds
[2025-03-31T19:22:06.551+0000] {processor.py:161} INFO - Started process (PID=614) to work on /home/airflow/.local/lib/python3.12/site-packages/airflow/example_dags/example_branch_labels.py
[2025-03-31T19:22:06.551+0000] {processor.py:830} INFO - Processing file /home/airflow/.local/lib/python3.12/site-packages/airflow/example_dags/example_branch_labels.py for tasks to queue
[2025-03-31T19:22:06.552+0000] {logging_mixin.py:188} INFO - [2025-03-31T19:22:06.552+0000] {dagbag.py:545} INFO - Filling up the DagBag from /home/airflow/.local/lib/python3.12/site-packages/airflow/example_dags/example_branch_labels.py
[2025-03-31T19:22:06.556+0000] {processor.py:840} INFO - DAG(s) 'example_branch_labels' retrieved from /home/airflow/.local/lib/python3.12/site-packages/airflow/example_dags/example_branch_labels.py
[2025-03-31T19:22:06.566+0000] {logging_mixin.py:188} INFO - [2025-03-31T19:22:06.566+0000] {dag.py:3089} INFO - Sync 1 DAGs
[2025-03-31T19:22:06.578+0000] {logging_mixin.py:188} INFO - [2025-03-31T19:22:06.578+0000] {dag.py:3947} INFO - Setting next_dagrun for example_branch_labels to 2025-03-30 00:00:00+00:00, run_after=2025-03-31 00:00:00+00:00
[2025-03-31T19:22:06.594+0000] {processor.py:183} INFO - Processing /home/airflow/.local/lib/python3.12/site-packages/airflow/example_dags/example_branch_labels.py took 0.045 seconds
[2025-03-31T19:22:38.574+0000] {processor.py:161} INFO - Started process (PID=686) to work on /home/airflow/.local/lib/python3.12/site-packages/airflow/example_dags/example_branch_labels.py
[2025-03-31T19:22:38.575+0000] {processor.py:830} INFO - Processing file /home/airflow/.local/lib/python3.12/site-packages/airflow/example_dags/example_branch_labels.py for tasks to queue
[2025-03-31T19:22:38.576+0000] {logging_mixin.py:188} INFO - [2025-03-31T19:22:38.576+0000] {dagbag.py:545} INFO - Filling up the DagBag from /home/airflow/.local/lib/python3.12/site-packages/airflow/example_dags/example_branch_labels.py
[2025-03-31T19:22:38.580+0000] {processor.py:840} INFO - DAG(s) 'example_branch_labels' retrieved from /home/airflow/.local/lib/python3.12/site-packages/airflow/example_dags/example_branch_labels.py
[2025-03-31T19:22:38.589+0000] {logging_mixin.py:188} INFO - [2025-03-31T19:22:38.589+0000] {dag.py:3089} INFO - Sync 1 DAGs
[2025-03-31T19:22:38.598+0000] {logging_mixin.py:188} INFO - [2025-03-31T19:22:38.598+0000] {dag.py:3947} INFO - Setting next_dagrun for example_branch_labels to 2025-03-30 00:00:00+00:00, run_after=2025-03-31 00:00:00+00:00
[2025-03-31T19:22:38.605+0000] {processor.py:183} INFO - Processing /home/airflow/.local/lib/python3.12/site-packages/airflow/example_dags/example_branch_labels.py took 0.034 seconds
[2025-03-31T19:23:11.650+0000] {processor.py:161} INFO - Started process (PID=758) to work on /home/airflow/.local/lib/python3.12/site-packages/airflow/example_dags/example_branch_labels.py
[2025-03-31T19:23:11.651+0000] {processor.py:830} INFO - Processing file /home/airflow/.local/lib/python3.12/site-packages/airflow/example_dags/example_branch_labels.py for tasks to queue
[2025-03-31T19:23:11.653+0000] {logging_mixin.py:188} INFO - [2025-03-31T19:23:11.653+0000] {dagbag.py:545} INFO - Filling up the DagBag from /home/airflow/.local/lib/python3.12/site-packages/airflow/example_dags/example_branch_labels.py
[2025-03-31T19:23:11.658+0000] {processor.py:840} INFO - DAG(s) 'example_branch_labels' retrieved from /home/airflow/.local/lib/python3.12/site-packages/airflow/example_dags/example_branch_labels.py
[2025-03-31T19:23:11.668+0000] {logging_mixin.py:188} INFO - [2025-03-31T19:23:11.668+0000] {dag.py:3089} INFO - Sync 1 DAGs
[2025-03-31T19:23:11.677+0000] {logging_mixin.py:188} INFO - [2025-03-31T19:23:11.677+0000] {dag.py:3947} INFO - Setting next_dagrun for example_branch_labels to 2025-03-30 00:00:00+00:00, run_after=2025-03-31 00:00:00+00:00
[2025-03-31T19:23:11.684+0000] {processor.py:183} INFO - Processing /home/airflow/.local/lib/python3.12/site-packages/airflow/example_dags/example_branch_labels.py took 0.037 seconds
[2025-03-31T19:23:43.612+0000] {processor.py:161} INFO - Started process (PID=830) to work on /home/airflow/.local/lib/python3.12/site-packages/airflow/example_dags/example_branch_labels.py
[2025-03-31T19:23:43.613+0000] {processor.py:830} INFO - Processing file /home/airflow/.local/lib/python3.12/site-packages/airflow/example_dags/example_branch_labels.py for tasks to queue
[2025-03-31T19:23:43.614+0000] {logging_mixin.py:188} INFO - [2025-03-31T19:23:43.614+0000] {dagbag.py:545} INFO - Filling up the DagBag from /home/airflow/.local/lib/python3.12/site-packages/airflow/example_dags/example_branch_labels.py
[2025-03-31T19:23:43.621+0000] {processor.py:840} INFO - DAG(s) 'example_branch_labels' retrieved from /home/airflow/.local/lib/python3.12/site-packages/airflow/example_dags/example_branch_labels.py
[2025-03-31T19:23:43.635+0000] {logging_mixin.py:188} INFO - [2025-03-31T19:23:43.635+0000] {dag.py:3089} INFO - Sync 1 DAGs
[2025-03-31T19:23:43.644+0000] {logging_mixin.py:188} INFO - [2025-03-31T19:23:43.644+0000] {dag.py:3947} INFO - Setting next_dagrun for example_branch_labels to 2025-03-30 00:00:00+00:00, run_after=2025-03-31 00:00:00+00:00
[2025-03-31T19:23:43.651+0000] {processor.py:183} INFO - Processing /home/airflow/.local/lib/python3.12/site-packages/airflow/example_dags/example_branch_labels.py took 0.043 seconds
[2025-03-31T19:24:16.446+0000] {processor.py:161} INFO - Started process (PID=908) to work on /home/airflow/.local/lib/python3.12/site-packages/airflow/example_dags/example_branch_labels.py
[2025-03-31T19:24:16.446+0000] {processor.py:830} INFO - Processing file /home/airflow/.local/lib/python3.12/site-packages/airflow/example_dags/example_branch_labels.py for tasks to queue
[2025-03-31T19:24:16.448+0000] {logging_mixin.py:188} INFO - [2025-03-31T19:24:16.448+0000] {dagbag.py:545} INFO - Filling up the DagBag from /home/airflow/.local/lib/python3.12/site-packages/airflow/example_dags/example_branch_labels.py
[2025-03-31T19:24:16.452+0000] {processor.py:840} INFO - DAG(s) 'example_branch_labels' retrieved from /home/airflow/.local/lib/python3.12/site-packages/airflow/example_dags/example_branch_labels.py
[2025-03-31T19:24:16.460+0000] {logging_mixin.py:188} INFO - [2025-03-31T19:24:16.460+0000] {dag.py:3089} INFO - Sync 1 DAGs
[2025-03-31T19:24:16.471+0000] {logging_mixin.py:188} INFO - [2025-03-31T19:24:16.471+0000] {dag.py:3947} INFO - Setting next_dagrun for example_branch_labels to 2025-03-30 00:00:00+00:00, run_after=2025-03-31 00:00:00+00:00
[2025-03-31T19:24:16.480+0000] {processor.py:183} INFO - Processing /home/airflow/.local/lib/python3.12/site-packages/airflow/example_dags/example_branch_labels.py took 0.037 seconds
[2025-03-31T19:24:50.170+0000] {processor.py:161} INFO - Started process (PID=980) to work on /home/airflow/.local/lib/python3.12/site-packages/airflow/example_dags/example_branch_labels.py
[2025-03-31T19:24:50.171+0000] {processor.py:830} INFO - Processing file /home/airflow/.local/lib/python3.12/site-packages/airflow/example_dags/example_branch_labels.py for tasks to queue
[2025-03-31T19:24:50.173+0000] {logging_mixin.py:188} INFO - [2025-03-31T19:24:50.173+0000] {dagbag.py:545} INFO - Filling up the DagBag from /home/airflow/.local/lib/python3.12/site-packages/airflow/example_dags/example_branch_labels.py
[2025-03-31T19:24:50.182+0000] {processor.py:840} INFO - DAG(s) 'example_branch_labels' retrieved from /home/airflow/.local/lib/python3.12/site-packages/airflow/example_dags/example_branch_labels.py
[2025-03-31T19:24:50.206+0000] {logging_mixin.py:188} INFO - [2025-03-31T19:24:50.205+0000] {dag.py:3089} INFO - Sync 1 DAGs
[2025-03-31T19:24:50.226+0000] {logging_mixin.py:188} INFO - [2025-03-31T19:24:50.225+0000] {dag.py:3947} INFO - Setting next_dagrun for example_branch_labels to 2025-03-30 00:00:00+00:00, run_after=2025-03-31 00:00:00+00:00
[2025-03-31T19:24:50.239+0000] {processor.py:183} INFO - Processing /home/airflow/.local/lib/python3.12/site-packages/airflow/example_dags/example_branch_labels.py took 0.075 seconds
[2025-03-31T19:25:21.605+0000] {processor.py:161} INFO - Started process (PID=1052) to work on /home/airflow/.local/lib/python3.12/site-packages/airflow/example_dags/example_branch_labels.py
[2025-03-31T19:25:21.605+0000] {processor.py:830} INFO - Processing file /home/airflow/.local/lib/python3.12/site-packages/airflow/example_dags/example_branch_labels.py for tasks to queue
[2025-03-31T19:25:21.606+0000] {logging_mixin.py:188} INFO - [2025-03-31T19:25:21.606+0000] {dagbag.py:545} INFO - Filling up the DagBag from /home/airflow/.local/lib/python3.12/site-packages/airflow/example_dags/example_branch_labels.py
[2025-03-31T19:25:21.611+0000] {processor.py:840} INFO - DAG(s) 'example_branch_labels' retrieved from /home/airflow/.local/lib/python3.12/site-packages/airflow/example_dags/example_branch_labels.py
[2025-03-31T19:25:21.623+0000] {logging_mixin.py:188} INFO - [2025-03-31T19:25:21.623+0000] {dag.py:3089} INFO - Sync 1 DAGs
[2025-03-31T19:25:21.634+0000] {logging_mixin.py:188} INFO - [2025-03-31T19:25:21.634+0000] {dag.py:3947} INFO - Setting next_dagrun for example_branch_labels to 2025-03-30 00:00:00+00:00, run_after=2025-03-31 00:00:00+00:00
[2025-03-31T19:25:21.641+0000] {processor.py:183} INFO - Processing /home/airflow/.local/lib/python3.12/site-packages/airflow/example_dags/example_branch_labels.py took 0.038 seconds
[2025-03-31T19:25:54.101+0000] {processor.py:161} INFO - Started process (PID=1124) to work on /home/airflow/.local/lib/python3.12/site-packages/airflow/example_dags/example_branch_labels.py
[2025-03-31T19:25:54.102+0000] {processor.py:830} INFO - Processing file /home/airflow/.local/lib/python3.12/site-packages/airflow/example_dags/example_branch_labels.py for tasks to queue
[2025-03-31T19:25:54.103+0000] {logging_mixin.py:188} INFO - [2025-03-31T19:25:54.103+0000] {dagbag.py:545} INFO - Filling up the DagBag from /home/airflow/.local/lib/python3.12/site-packages/airflow/example_dags/example_branch_labels.py
[2025-03-31T19:25:54.107+0000] {processor.py:840} INFO - DAG(s) 'example_branch_labels' retrieved from /home/airflow/.local/lib/python3.12/site-packages/airflow/example_dags/example_branch_labels.py
[2025-03-31T19:25:54.117+0000] {logging_mixin.py:188} INFO - [2025-03-31T19:25:54.117+0000] {dag.py:3089} INFO - Sync 1 DAGs
[2025-03-31T19:25:54.129+0000] {logging_mixin.py:188} INFO - [2025-03-31T19:25:54.129+0000] {dag.py:3947} INFO - Setting next_dagrun for example_branch_labels to 2025-03-30 00:00:00+00:00, run_after=2025-03-31 00:00:00+00:00
[2025-03-31T19:25:54.140+0000] {processor.py:183} INFO - Processing /home/airflow/.local/lib/python3.12/site-packages/airflow/example_dags/example_branch_labels.py took 0.041 seconds
[2025-03-31T19:26:26.740+0000] {processor.py:161} INFO - Started process (PID=1196) to work on /home/airflow/.local/lib/python3.12/site-packages/airflow/example_dags/example_branch_labels.py
[2025-03-31T19:26:26.740+0000] {processor.py:830} INFO - Processing file /home/airflow/.local/lib/python3.12/site-packages/airflow/example_dags/example_branch_labels.py for tasks to queue
[2025-03-31T19:26:26.741+0000] {logging_mixin.py:188} INFO - [2025-03-31T19:26:26.741+0000] {dagbag.py:545} INFO - Filling up the DagBag from /home/airflow/.local/lib/python3.12/site-packages/airflow/example_dags/example_branch_labels.py
[2025-03-31T19:26:26.745+0000] {processor.py:840} INFO - DAG(s) 'example_branch_labels' retrieved from /home/airflow/.local/lib/python3.12/site-packages/airflow/example_dags/example_branch_labels.py
[2025-03-31T19:26:26.756+0000] {logging_mixin.py:188} INFO - [2025-03-31T19:26:26.756+0000] {dag.py:3089} INFO - Sync 1 DAGs
[2025-03-31T19:26:26.766+0000] {logging_mixin.py:188} INFO - [2025-03-31T19:26:26.766+0000] {dag.py:3947} INFO - Setting next_dagrun for example_branch_labels to 2025-03-30 00:00:00+00:00, run_after=2025-03-31 00:00:00+00:00
[2025-03-31T19:26:26.776+0000] {processor.py:183} INFO - Processing /home/airflow/.local/lib/python3.12/site-packages/airflow/example_dags/example_branch_labels.py took 0.039 seconds
[2025-03-31T19:26:59.394+0000] {processor.py:161} INFO - Started process (PID=1268) to work on /home/airflow/.local/lib/python3.12/site-packages/airflow/example_dags/example_branch_labels.py
[2025-03-31T19:26:59.394+0000] {processor.py:830} INFO - Processing file /home/airflow/.local/lib/python3.12/site-packages/airflow/example_dags/example_branch_labels.py for tasks to queue
[2025-03-31T19:26:59.396+0000] {logging_mixin.py:188} INFO - [2025-03-31T19:26:59.396+0000] {dagbag.py:545} INFO - Filling up the DagBag from /home/airflow/.local/lib/python3.12/site-packages/airflow/example_dags/example_branch_labels.py
[2025-03-31T19:26:59.400+0000] {processor.py:840} INFO - DAG(s) 'example_branch_labels' retrieved from /home/airflow/.local/lib/python3.12/site-packages/airflow/example_dags/example_branch_labels.py
[2025-03-31T19:26:59.409+0000] {logging_mixin.py:188} INFO - [2025-03-31T19:26:59.409+0000] {dag.py:3089} INFO - Sync 1 DAGs
[2025-03-31T19:26:59.420+0000] {logging_mixin.py:188} INFO - [2025-03-31T19:26:59.420+0000] {dag.py:3947} INFO - Setting next_dagrun for example_branch_labels to 2025-03-30 00:00:00+00:00, run_after=2025-03-31 00:00:00+00:00
[2025-03-31T19:26:59.428+0000] {processor.py:183} INFO - Processing /home/airflow/.local/lib/python3.12/site-packages/airflow/example_dags/example_branch_labels.py took 0.036 seconds
[2025-03-31T19:27:31.884+0000] {processor.py:161} INFO - Started process (PID=1340) to work on /home/airflow/.local/lib/python3.12/site-packages/airflow/example_dags/example_branch_labels.py
[2025-03-31T19:27:31.885+0000] {processor.py:830} INFO - Processing file /home/airflow/.local/lib/python3.12/site-packages/airflow/example_dags/example_branch_labels.py for tasks to queue
[2025-03-31T19:27:31.886+0000] {logging_mixin.py:188} INFO - [2025-03-31T19:27:31.886+0000] {dagbag.py:545} INFO - Filling up the DagBag from /home/airflow/.local/lib/python3.12/site-packages/airflow/example_dags/example_branch_labels.py
[2025-03-31T19:27:31.890+0000] {processor.py:840} INFO - DAG(s) 'example_branch_labels' retrieved from /home/airflow/.local/lib/python3.12/site-packages/airflow/example_dags/example_branch_labels.py
[2025-03-31T19:27:31.902+0000] {logging_mixin.py:188} INFO - [2025-03-31T19:27:31.902+0000] {dag.py:3089} INFO - Sync 1 DAGs
[2025-03-31T19:27:31.912+0000] {logging_mixin.py:188} INFO - [2025-03-31T19:27:31.912+0000] {dag.py:3947} INFO - Setting next_dagrun for example_branch_labels to 2025-03-30 00:00:00+00:00, run_after=2025-03-31 00:00:00+00:00
[2025-03-31T19:27:31.918+0000] {processor.py:183} INFO - Processing /home/airflow/.local/lib/python3.12/site-packages/airflow/example_dags/example_branch_labels.py took 0.036 seconds
[2025-03-31T19:28:04.416+0000] {processor.py:161} INFO - Started process (PID=1412) to work on /home/airflow/.local/lib/python3.12/site-packages/airflow/example_dags/example_branch_labels.py
[2025-03-31T19:28:04.417+0000] {processor.py:830} INFO - Processing file /home/airflow/.local/lib/python3.12/site-packages/airflow/example_dags/example_branch_labels.py for tasks to queue
[2025-03-31T19:28:04.417+0000] {logging_mixin.py:188} INFO - [2025-03-31T19:28:04.417+0000] {dagbag.py:545} INFO - Filling up the DagBag from /home/airflow/.local/lib/python3.12/site-packages/airflow/example_dags/example_branch_labels.py
[2025-03-31T19:28:04.421+0000] {processor.py:840} INFO - DAG(s) 'example_branch_labels' retrieved from /home/airflow/.local/lib/python3.12/site-packages/airflow/example_dags/example_branch_labels.py
[2025-03-31T19:28:04.433+0000] {logging_mixin.py:188} INFO - [2025-03-31T19:28:04.433+0000] {dag.py:3089} INFO - Sync 1 DAGs
[2025-03-31T19:28:04.445+0000] {logging_mixin.py:188} INFO - [2025-03-31T19:28:04.445+0000] {dag.py:3947} INFO - Setting next_dagrun for example_branch_labels to 2025-03-30 00:00:00+00:00, run_after=2025-03-31 00:00:00+00:00
[2025-03-31T19:28:04.453+0000] {processor.py:183} INFO - Processing /home/airflow/.local/lib/python3.12/site-packages/airflow/example_dags/example_branch_labels.py took 0.040 seconds
[2025-03-31T19:28:36.935+0000] {processor.py:161} INFO - Started process (PID=1485) to work on /home/airflow/.local/lib/python3.12/site-packages/airflow/example_dags/example_branch_labels.py
[2025-03-31T19:28:36.938+0000] {processor.py:830} INFO - Processing file /home/airflow/.local/lib/python3.12/site-packages/airflow/example_dags/example_branch_labels.py for tasks to queue
[2025-03-31T19:28:36.939+0000] {logging_mixin.py:188} INFO - [2025-03-31T19:28:36.939+0000] {dagbag.py:545} INFO - Filling up the DagBag from /home/airflow/.local/lib/python3.12/site-packages/airflow/example_dags/example_branch_labels.py
[2025-03-31T19:28:36.944+0000] {processor.py:840} INFO - DAG(s) 'example_branch_labels' retrieved from /home/airflow/.local/lib/python3.12/site-packages/airflow/example_dags/example_branch_labels.py
[2025-03-31T19:28:36.957+0000] {logging_mixin.py:188} INFO - [2025-03-31T19:28:36.957+0000] {dag.py:3089} INFO - Sync 1 DAGs
[2025-03-31T19:28:36.968+0000] {logging_mixin.py:188} INFO - [2025-03-31T19:28:36.968+0000] {dag.py:3947} INFO - Setting next_dagrun for example_branch_labels to 2025-03-30 00:00:00+00:00, run_after=2025-03-31 00:00:00+00:00
[2025-03-31T19:28:36.976+0000] {processor.py:183} INFO - Processing /home/airflow/.local/lib/python3.12/site-packages/airflow/example_dags/example_branch_labels.py took 0.043 seconds
[2025-03-31T19:29:10.191+0000] {processor.py:161} INFO - Started process (PID=1557) to work on /home/airflow/.local/lib/python3.12/site-packages/airflow/example_dags/example_branch_labels.py
[2025-03-31T19:29:10.191+0000] {processor.py:830} INFO - Processing file /home/airflow/.local/lib/python3.12/site-packages/airflow/example_dags/example_branch_labels.py for tasks to queue
[2025-03-31T19:29:10.192+0000] {logging_mixin.py:188} INFO - [2025-03-31T19:29:10.192+0000] {dagbag.py:545} INFO - Filling up the DagBag from /home/airflow/.local/lib/python3.12/site-packages/airflow/example_dags/example_branch_labels.py
[2025-03-31T19:29:10.196+0000] {processor.py:840} INFO - DAG(s) 'example_branch_labels' retrieved from /home/airflow/.local/lib/python3.12/site-packages/airflow/example_dags/example_branch_labels.py
[2025-03-31T19:29:10.206+0000] {logging_mixin.py:188} INFO - [2025-03-31T19:29:10.206+0000] {dag.py:3089} INFO - Sync 1 DAGs
[2025-03-31T19:29:10.216+0000] {logging_mixin.py:188} INFO - [2025-03-31T19:29:10.216+0000] {dag.py:3947} INFO - Setting next_dagrun for example_branch_labels to 2025-03-30 00:00:00+00:00, run_after=2025-03-31 00:00:00+00:00
[2025-03-31T19:29:10.224+0000] {processor.py:183} INFO - Processing /home/airflow/.local/lib/python3.12/site-packages/airflow/example_dags/example_branch_labels.py took 0.038 seconds
[2025-03-31T19:29:43.295+0000] {processor.py:161} INFO - Started process (PID=1629) to work on /home/airflow/.local/lib/python3.12/site-packages/airflow/example_dags/example_branch_labels.py
[2025-03-31T19:29:43.297+0000] {processor.py:830} INFO - Processing file /home/airflow/.local/lib/python3.12/site-packages/airflow/example_dags/example_branch_labels.py for tasks to queue
[2025-03-31T19:29:43.298+0000] {logging_mixin.py:188} INFO - [2025-03-31T19:29:43.298+0000] {dagbag.py:545} INFO - Filling up the DagBag from /home/airflow/.local/lib/python3.12/site-packages/airflow/example_dags/example_branch_labels.py
[2025-03-31T19:29:43.301+0000] {processor.py:840} INFO - DAG(s) 'example_branch_labels' retrieved from /home/airflow/.local/lib/python3.12/site-packages/airflow/example_dags/example_branch_labels.py
[2025-03-31T19:29:43.311+0000] {logging_mixin.py:188} INFO - [2025-03-31T19:29:43.311+0000] {dag.py:3089} INFO - Sync 1 DAGs
[2025-03-31T19:29:43.321+0000] {logging_mixin.py:188} INFO - [2025-03-31T19:29:43.321+0000] {dag.py:3947} INFO - Setting next_dagrun for example_branch_labels to 2025-03-30 00:00:00+00:00, run_after=2025-03-31 00:00:00+00:00
[2025-03-31T19:29:43.331+0000] {processor.py:183} INFO - Processing /home/airflow/.local/lib/python3.12/site-packages/airflow/example_dags/example_branch_labels.py took 0.039 seconds
[2025-03-31T19:30:16.014+0000] {processor.py:161} INFO - Started process (PID=1707) to work on /home/airflow/.local/lib/python3.12/site-packages/airflow/example_dags/example_branch_labels.py
[2025-03-31T19:30:16.015+0000] {processor.py:830} INFO - Processing file /home/airflow/.local/lib/python3.12/site-packages/airflow/example_dags/example_branch_labels.py for tasks to queue
[2025-03-31T19:30:16.016+0000] {logging_mixin.py:188} INFO - [2025-03-31T19:30:16.016+0000] {dagbag.py:545} INFO - Filling up the DagBag from /home/airflow/.local/lib/python3.12/site-packages/airflow/example_dags/example_branch_labels.py
[2025-03-31T19:30:16.019+0000] {processor.py:840} INFO - DAG(s) 'example_branch_labels' retrieved from /home/airflow/.local/lib/python3.12/site-packages/airflow/example_dags/example_branch_labels.py
[2025-03-31T19:30:16.030+0000] {logging_mixin.py:188} INFO - [2025-03-31T19:30:16.030+0000] {dag.py:3089} INFO - Sync 1 DAGs
[2025-03-31T19:30:16.040+0000] {logging_mixin.py:188} INFO - [2025-03-31T19:30:16.040+0000] {dag.py:3947} INFO - Setting next_dagrun for example_branch_labels to 2025-03-30 00:00:00+00:00, run_after=2025-03-31 00:00:00+00:00
[2025-03-31T19:30:16.048+0000] {processor.py:183} INFO - Processing /home/airflow/.local/lib/python3.12/site-packages/airflow/example_dags/example_branch_labels.py took 0.037 seconds
[2025-03-31T19:30:48.698+0000] {processor.py:161} INFO - Started process (PID=1779) to work on /home/airflow/.local/lib/python3.12/site-packages/airflow/example_dags/example_branch_labels.py
[2025-03-31T19:30:48.700+0000] {processor.py:830} INFO - Processing file /home/airflow/.local/lib/python3.12/site-packages/airflow/example_dags/example_branch_labels.py for tasks to queue
[2025-03-31T19:30:48.701+0000] {logging_mixin.py:188} INFO - [2025-03-31T19:30:48.701+0000] {dagbag.py:545} INFO - Filling up the DagBag from /home/airflow/.local/lib/python3.12/site-packages/airflow/example_dags/example_branch_labels.py
[2025-03-31T19:30:48.706+0000] {processor.py:840} INFO - DAG(s) 'example_branch_labels' retrieved from /home/airflow/.local/lib/python3.12/site-packages/airflow/example_dags/example_branch_labels.py
[2025-03-31T19:30:48.716+0000] {logging_mixin.py:188} INFO - [2025-03-31T19:30:48.716+0000] {dag.py:3089} INFO - Sync 1 DAGs
[2025-03-31T19:30:48.726+0000] {logging_mixin.py:188} INFO - [2025-03-31T19:30:48.726+0000] {dag.py:3947} INFO - Setting next_dagrun for example_branch_labels to 2025-03-30 00:00:00+00:00, run_after=2025-03-31 00:00:00+00:00
[2025-03-31T19:30:48.733+0000] {processor.py:183} INFO - Processing /home/airflow/.local/lib/python3.12/site-packages/airflow/example_dags/example_branch_labels.py took 0.037 seconds
[2025-03-31T19:31:21.473+0000] {processor.py:161} INFO - Started process (PID=1850) to work on /home/airflow/.local/lib/python3.12/site-packages/airflow/example_dags/example_branch_labels.py
[2025-03-31T19:31:21.474+0000] {processor.py:830} INFO - Processing file /home/airflow/.local/lib/python3.12/site-packages/airflow/example_dags/example_branch_labels.py for tasks to queue
[2025-03-31T19:31:21.476+0000] {logging_mixin.py:188} INFO - [2025-03-31T19:31:21.475+0000] {dagbag.py:545} INFO - Filling up the DagBag from /home/airflow/.local/lib/python3.12/site-packages/airflow/example_dags/example_branch_labels.py
[2025-03-31T19:31:21.484+0000] {processor.py:840} INFO - DAG(s) 'example_branch_labels' retrieved from /home/airflow/.local/lib/python3.12/site-packages/airflow/example_dags/example_branch_labels.py
[2025-03-31T19:31:21.496+0000] {logging_mixin.py:188} INFO - [2025-03-31T19:31:21.496+0000] {dag.py:3089} INFO - Sync 1 DAGs
[2025-03-31T19:31:21.508+0000] {logging_mixin.py:188} INFO - [2025-03-31T19:31:21.508+0000] {dag.py:3947} INFO - Setting next_dagrun for example_branch_labels to 2025-03-30 00:00:00+00:00, run_after=2025-03-31 00:00:00+00:00
[2025-03-31T19:31:21.521+0000] {processor.py:183} INFO - Processing /home/airflow/.local/lib/python3.12/site-packages/airflow/example_dags/example_branch_labels.py took 0.052 seconds
[2025-03-31T19:31:54.188+0000] {processor.py:161} INFO - Started process (PID=1922) to work on /home/airflow/.local/lib/python3.12/site-packages/airflow/example_dags/example_branch_labels.py
[2025-03-31T19:31:54.189+0000] {processor.py:830} INFO - Processing file /home/airflow/.local/lib/python3.12/site-packages/airflow/example_dags/example_branch_labels.py for tasks to queue
[2025-03-31T19:31:54.190+0000] {logging_mixin.py:188} INFO - [2025-03-31T19:31:54.190+0000] {dagbag.py:545} INFO - Filling up the DagBag from /home/airflow/.local/lib/python3.12/site-packages/airflow/example_dags/example_branch_labels.py
[2025-03-31T19:31:54.194+0000] {processor.py:840} INFO - DAG(s) 'example_branch_labels' retrieved from /home/airflow/.local/lib/python3.12/site-packages/airflow/example_dags/example_branch_labels.py
[2025-03-31T19:31:54.205+0000] {logging_mixin.py:188} INFO - [2025-03-31T19:31:54.205+0000] {dag.py:3089} INFO - Sync 1 DAGs
[2025-03-31T19:31:54.213+0000] {logging_mixin.py:188} INFO - [2025-03-31T19:31:54.213+0000] {dag.py:3947} INFO - Setting next_dagrun for example_branch_labels to 2025-03-30 00:00:00+00:00, run_after=2025-03-31 00:00:00+00:00
[2025-03-31T19:31:54.222+0000] {processor.py:183} INFO - Processing /home/airflow/.local/lib/python3.12/site-packages/airflow/example_dags/example_branch_labels.py took 0.037 seconds
[2025-03-31T19:32:26.883+0000] {processor.py:161} INFO - Started process (PID=1994) to work on /home/airflow/.local/lib/python3.12/site-packages/airflow/example_dags/example_branch_labels.py
[2025-03-31T19:32:26.885+0000] {processor.py:830} INFO - Processing file /home/airflow/.local/lib/python3.12/site-packages/airflow/example_dags/example_branch_labels.py for tasks to queue
[2025-03-31T19:32:26.886+0000] {logging_mixin.py:188} INFO - [2025-03-31T19:32:26.886+0000] {dagbag.py:545} INFO - Filling up the DagBag from /home/airflow/.local/lib/python3.12/site-packages/airflow/example_dags/example_branch_labels.py
[2025-03-31T19:32:26.890+0000] {processor.py:840} INFO - DAG(s) 'example_branch_labels' retrieved from /home/airflow/.local/lib/python3.12/site-packages/airflow/example_dags/example_branch_labels.py
[2025-03-31T19:32:26.903+0000] {logging_mixin.py:188} INFO - [2025-03-31T19:32:26.903+0000] {dag.py:3089} INFO - Sync 1 DAGs
[2025-03-31T19:32:26.912+0000] {logging_mixin.py:188} INFO - [2025-03-31T19:32:26.911+0000] {dag.py:3947} INFO - Setting next_dagrun for example_branch_labels to 2025-03-30 00:00:00+00:00, run_after=2025-03-31 00:00:00+00:00
[2025-03-31T19:32:26.919+0000] {processor.py:183} INFO - Processing /home/airflow/.local/lib/python3.12/site-packages/airflow/example_dags/example_branch_labels.py took 0.038 seconds
[2025-03-31T19:33:00.192+0000] {processor.py:161} INFO - Started process (PID=2066) to work on /home/airflow/.local/lib/python3.12/site-packages/airflow/example_dags/example_branch_labels.py
[2025-03-31T19:33:00.192+0000] {processor.py:830} INFO - Processing file /home/airflow/.local/lib/python3.12/site-packages/airflow/example_dags/example_branch_labels.py for tasks to queue
[2025-03-31T19:33:00.193+0000] {logging_mixin.py:188} INFO - [2025-03-31T19:33:00.193+0000] {dagbag.py:545} INFO - Filling up the DagBag from /home/airflow/.local/lib/python3.12/site-packages/airflow/example_dags/example_branch_labels.py
[2025-03-31T19:33:00.197+0000] {processor.py:840} INFO - DAG(s) 'example_branch_labels' retrieved from /home/airflow/.local/lib/python3.12/site-packages/airflow/example_dags/example_branch_labels.py
[2025-03-31T19:33:00.210+0000] {logging_mixin.py:188} INFO - [2025-03-31T19:33:00.210+0000] {dag.py:3089} INFO - Sync 1 DAGs
[2025-03-31T19:33:00.235+0000] {logging_mixin.py:188} INFO - [2025-03-31T19:33:00.235+0000] {dag.py:3947} INFO - Setting next_dagrun for example_branch_labels to 2025-03-30 00:00:00+00:00, run_after=2025-03-31 00:00:00+00:00
[2025-03-31T19:33:00.245+0000] {processor.py:183} INFO - Processing /home/airflow/.local/lib/python3.12/site-packages/airflow/example_dags/example_branch_labels.py took 0.056 seconds
[2025-03-31T19:33:32.853+0000] {processor.py:161} INFO - Started process (PID=2138) to work on /home/airflow/.local/lib/python3.12/site-packages/airflow/example_dags/example_branch_labels.py
[2025-03-31T19:33:32.854+0000] {processor.py:830} INFO - Processing file /home/airflow/.local/lib/python3.12/site-packages/airflow/example_dags/example_branch_labels.py for tasks to queue
[2025-03-31T19:33:32.856+0000] {logging_mixin.py:188} INFO - [2025-03-31T19:33:32.855+0000] {dagbag.py:545} INFO - Filling up the DagBag from /home/airflow/.local/lib/python3.12/site-packages/airflow/example_dags/example_branch_labels.py
[2025-03-31T19:33:32.860+0000] {processor.py:840} INFO - DAG(s) 'example_branch_labels' retrieved from /home/airflow/.local/lib/python3.12/site-packages/airflow/example_dags/example_branch_labels.py
[2025-03-31T19:33:32.874+0000] {logging_mixin.py:188} INFO - [2025-03-31T19:33:32.874+0000] {dag.py:3089} INFO - Sync 1 DAGs
[2025-03-31T19:33:32.884+0000] {logging_mixin.py:188} INFO - [2025-03-31T19:33:32.884+0000] {dag.py:3947} INFO - Setting next_dagrun for example_branch_labels to 2025-03-30 00:00:00+00:00, run_after=2025-03-31 00:00:00+00:00
[2025-03-31T19:33:32.891+0000] {processor.py:183} INFO - Processing /home/airflow/.local/lib/python3.12/site-packages/airflow/example_dags/example_branch_labels.py took 0.040 seconds
[2025-03-31T19:34:05.347+0000] {processor.py:161} INFO - Started process (PID=2210) to work on /home/airflow/.local/lib/python3.12/site-packages/airflow/example_dags/example_branch_labels.py
[2025-03-31T19:34:05.347+0000] {processor.py:830} INFO - Processing file /home/airflow/.local/lib/python3.12/site-packages/airflow/example_dags/example_branch_labels.py for tasks to queue
[2025-03-31T19:34:05.348+0000] {logging_mixin.py:188} INFO - [2025-03-31T19:34:05.348+0000] {dagbag.py:545} INFO - Filling up the DagBag from /home/airflow/.local/lib/python3.12/site-packages/airflow/example_dags/example_branch_labels.py
[2025-03-31T19:34:05.352+0000] {processor.py:840} INFO - DAG(s) 'example_branch_labels' retrieved from /home/airflow/.local/lib/python3.12/site-packages/airflow/example_dags/example_branch_labels.py
[2025-03-31T19:34:05.361+0000] {logging_mixin.py:188} INFO - [2025-03-31T19:34:05.361+0000] {dag.py:3089} INFO - Sync 1 DAGs
[2025-03-31T19:34:05.374+0000] {logging_mixin.py:188} INFO - [2025-03-31T19:34:05.374+0000] {dag.py:3947} INFO - Setting next_dagrun for example_branch_labels to 2025-03-30 00:00:00+00:00, run_after=2025-03-31 00:00:00+00:00
[2025-03-31T19:34:05.388+0000] {processor.py:183} INFO - Processing /home/airflow/.local/lib/python3.12/site-packages/airflow/example_dags/example_branch_labels.py took 0.044 seconds
[2025-03-31T19:34:38.737+0000] {processor.py:161} INFO - Started process (PID=2282) to work on /home/airflow/.local/lib/python3.12/site-packages/airflow/example_dags/example_branch_labels.py
[2025-03-31T19:34:38.738+0000] {processor.py:830} INFO - Processing file /home/airflow/.local/lib/python3.12/site-packages/airflow/example_dags/example_branch_labels.py for tasks to queue
[2025-03-31T19:34:38.739+0000] {logging_mixin.py:188} INFO - [2025-03-31T19:34:38.739+0000] {dagbag.py:545} INFO - Filling up the DagBag from /home/airflow/.local/lib/python3.12/site-packages/airflow/example_dags/example_branch_labels.py
[2025-03-31T19:34:38.744+0000] {processor.py:840} INFO - DAG(s) 'example_branch_labels' retrieved from /home/airflow/.local/lib/python3.12/site-packages/airflow/example_dags/example_branch_labels.py
[2025-03-31T19:34:38.756+0000] {logging_mixin.py:188} INFO - [2025-03-31T19:34:38.756+0000] {dag.py:3089} INFO - Sync 1 DAGs
[2025-03-31T19:34:38.768+0000] {logging_mixin.py:188} INFO - [2025-03-31T19:34:38.768+0000] {dag.py:3947} INFO - Setting next_dagrun for example_branch_labels to 2025-03-30 00:00:00+00:00, run_after=2025-03-31 00:00:00+00:00
[2025-03-31T19:34:38.775+0000] {processor.py:183} INFO - Processing /home/airflow/.local/lib/python3.12/site-packages/airflow/example_dags/example_branch_labels.py took 0.041 seconds
[2025-03-31T19:35:11.372+0000] {processor.py:161} INFO - Started process (PID=2354) to work on /home/airflow/.local/lib/python3.12/site-packages/airflow/example_dags/example_branch_labels.py
[2025-03-31T19:35:11.372+0000] {processor.py:830} INFO - Processing file /home/airflow/.local/lib/python3.12/site-packages/airflow/example_dags/example_branch_labels.py for tasks to queue
[2025-03-31T19:35:11.373+0000] {logging_mixin.py:188} INFO - [2025-03-31T19:35:11.373+0000] {dagbag.py:545} INFO - Filling up the DagBag from /home/airflow/.local/lib/python3.12/site-packages/airflow/example_dags/example_branch_labels.py
[2025-03-31T19:35:11.377+0000] {processor.py:840} INFO - DAG(s) 'example_branch_labels' retrieved from /home/airflow/.local/lib/python3.12/site-packages/airflow/example_dags/example_branch_labels.py
[2025-03-31T19:35:11.387+0000] {logging_mixin.py:188} INFO - [2025-03-31T19:35:11.387+0000] {dag.py:3089} INFO - Sync 1 DAGs
[2025-03-31T19:35:11.398+0000] {logging_mixin.py:188} INFO - [2025-03-31T19:35:11.398+0000] {dag.py:3947} INFO - Setting next_dagrun for example_branch_labels to 2025-03-30 00:00:00+00:00, run_after=2025-03-31 00:00:00+00:00
[2025-03-31T19:35:11.411+0000] {processor.py:183} INFO - Processing /home/airflow/.local/lib/python3.12/site-packages/airflow/example_dags/example_branch_labels.py took 0.042 seconds
[2025-03-31T19:35:44.513+0000] {processor.py:161} INFO - Started process (PID=2426) to work on /home/airflow/.local/lib/python3.12/site-packages/airflow/example_dags/example_branch_labels.py
[2025-03-31T19:35:44.514+0000] {processor.py:830} INFO - Processing file /home/airflow/.local/lib/python3.12/site-packages/airflow/example_dags/example_branch_labels.py for tasks to queue
[2025-03-31T19:35:44.515+0000] {logging_mixin.py:188} INFO - [2025-03-31T19:35:44.515+0000] {dagbag.py:545} INFO - Filling up the DagBag from /home/airflow/.local/lib/python3.12/site-packages/airflow/example_dags/example_branch_labels.py
[2025-03-31T19:35:44.521+0000] {processor.py:840} INFO - DAG(s) 'example_branch_labels' retrieved from /home/airflow/.local/lib/python3.12/site-packages/airflow/example_dags/example_branch_labels.py
[2025-03-31T19:35:44.531+0000] {logging_mixin.py:188} INFO - [2025-03-31T19:35:44.531+0000] {dag.py:3089} INFO - Sync 1 DAGs
[2025-03-31T19:35:44.540+0000] {logging_mixin.py:188} INFO - [2025-03-31T19:35:44.540+0000] {dag.py:3947} INFO - Setting next_dagrun for example_branch_labels to 2025-03-30 00:00:00+00:00, run_after=2025-03-31 00:00:00+00:00
[2025-03-31T19:35:44.550+0000] {processor.py:183} INFO - Processing /home/airflow/.local/lib/python3.12/site-packages/airflow/example_dags/example_branch_labels.py took 0.041 seconds
[2025-03-31T19:36:17.161+0000] {processor.py:161} INFO - Started process (PID=2503) to work on /home/airflow/.local/lib/python3.12/site-packages/airflow/example_dags/example_branch_labels.py
[2025-03-31T19:36:17.161+0000] {processor.py:830} INFO - Processing file /home/airflow/.local/lib/python3.12/site-packages/airflow/example_dags/example_branch_labels.py for tasks to queue
[2025-03-31T19:36:17.163+0000] {logging_mixin.py:188} INFO - [2025-03-31T19:36:17.163+0000] {dagbag.py:545} INFO - Filling up the DagBag from /home/airflow/.local/lib/python3.12/site-packages/airflow/example_dags/example_branch_labels.py
[2025-03-31T19:36:17.167+0000] {processor.py:840} INFO - DAG(s) 'example_branch_labels' retrieved from /home/airflow/.local/lib/python3.12/site-packages/airflow/example_dags/example_branch_labels.py
[2025-03-31T19:36:17.183+0000] {logging_mixin.py:188} INFO - [2025-03-31T19:36:17.183+0000] {dag.py:3089} INFO - Sync 1 DAGs
[2025-03-31T19:36:17.193+0000] {logging_mixin.py:188} INFO - [2025-03-31T19:36:17.193+0000] {dag.py:3947} INFO - Setting next_dagrun for example_branch_labels to 2025-03-30 00:00:00+00:00, run_after=2025-03-31 00:00:00+00:00
[2025-03-31T19:36:17.203+0000] {processor.py:183} INFO - Processing /home/airflow/.local/lib/python3.12/site-packages/airflow/example_dags/example_branch_labels.py took 0.045 seconds
[2025-03-31T19:36:49.839+0000] {processor.py:161} INFO - Started process (PID=2575) to work on /home/airflow/.local/lib/python3.12/site-packages/airflow/example_dags/example_branch_labels.py
[2025-03-31T19:36:49.840+0000] {processor.py:830} INFO - Processing file /home/airflow/.local/lib/python3.12/site-packages/airflow/example_dags/example_branch_labels.py for tasks to queue
[2025-03-31T19:36:49.841+0000] {logging_mixin.py:188} INFO - [2025-03-31T19:36:49.840+0000] {dagbag.py:545} INFO - Filling up the DagBag from /home/airflow/.local/lib/python3.12/site-packages/airflow/example_dags/example_branch_labels.py
[2025-03-31T19:36:49.844+0000] {processor.py:840} INFO - DAG(s) 'example_branch_labels' retrieved from /home/airflow/.local/lib/python3.12/site-packages/airflow/example_dags/example_branch_labels.py
[2025-03-31T19:36:49.856+0000] {logging_mixin.py:188} INFO - [2025-03-31T19:36:49.856+0000] {dag.py:3089} INFO - Sync 1 DAGs
[2025-03-31T19:36:49.865+0000] {logging_mixin.py:188} INFO - [2025-03-31T19:36:49.865+0000] {dag.py:3947} INFO - Setting next_dagrun for example_branch_labels to 2025-03-30 00:00:00+00:00, run_after=2025-03-31 00:00:00+00:00
[2025-03-31T19:36:49.874+0000] {processor.py:183} INFO - Processing /home/airflow/.local/lib/python3.12/site-packages/airflow/example_dags/example_branch_labels.py took 0.038 seconds
[2025-03-31T19:37:22.827+0000] {processor.py:161} INFO - Started process (PID=2647) to work on /home/airflow/.local/lib/python3.12/site-packages/airflow/example_dags/example_branch_labels.py
[2025-03-31T19:37:22.828+0000] {processor.py:830} INFO - Processing file /home/airflow/.local/lib/python3.12/site-packages/airflow/example_dags/example_branch_labels.py for tasks to queue
[2025-03-31T19:37:22.828+0000] {logging_mixin.py:188} INFO - [2025-03-31T19:37:22.828+0000] {dagbag.py:545} INFO - Filling up the DagBag from /home/airflow/.local/lib/python3.12/site-packages/airflow/example_dags/example_branch_labels.py
[2025-03-31T19:37:22.832+0000] {processor.py:840} INFO - DAG(s) 'example_branch_labels' retrieved from /home/airflow/.local/lib/python3.12/site-packages/airflow/example_dags/example_branch_labels.py
[2025-03-31T19:37:22.844+0000] {logging_mixin.py:188} INFO - [2025-03-31T19:37:22.844+0000] {dag.py:3089} INFO - Sync 1 DAGs
[2025-03-31T19:37:22.854+0000] {logging_mixin.py:188} INFO - [2025-03-31T19:37:22.854+0000] {dag.py:3947} INFO - Setting next_dagrun for example_branch_labels to 2025-03-30 00:00:00+00:00, run_after=2025-03-31 00:00:00+00:00
[2025-03-31T19:37:22.864+0000] {processor.py:183} INFO - Processing /home/airflow/.local/lib/python3.12/site-packages/airflow/example_dags/example_branch_labels.py took 0.040 seconds
[2025-03-31T19:37:55.488+0000] {processor.py:161} INFO - Started process (PID=2719) to work on /home/airflow/.local/lib/python3.12/site-packages/airflow/example_dags/example_branch_labels.py
[2025-03-31T19:37:55.489+0000] {processor.py:830} INFO - Processing file /home/airflow/.local/lib/python3.12/site-packages/airflow/example_dags/example_branch_labels.py for tasks to queue
[2025-03-31T19:37:55.490+0000] {logging_mixin.py:188} INFO - [2025-03-31T19:37:55.490+0000] {dagbag.py:545} INFO - Filling up the DagBag from /home/airflow/.local/lib/python3.12/site-packages/airflow/example_dags/example_branch_labels.py
[2025-03-31T19:37:55.495+0000] {processor.py:840} INFO - DAG(s) 'example_branch_labels' retrieved from /home/airflow/.local/lib/python3.12/site-packages/airflow/example_dags/example_branch_labels.py
[2025-03-31T19:37:55.508+0000] {logging_mixin.py:188} INFO - [2025-03-31T19:37:55.508+0000] {dag.py:3089} INFO - Sync 1 DAGs
[2025-03-31T19:37:55.519+0000] {logging_mixin.py:188} INFO - [2025-03-31T19:37:55.519+0000] {dag.py:3947} INFO - Setting next_dagrun for example_branch_labels to 2025-03-30 00:00:00+00:00, run_after=2025-03-31 00:00:00+00:00
[2025-03-31T19:37:55.529+0000] {processor.py:183} INFO - Processing /home/airflow/.local/lib/python3.12/site-packages/airflow/example_dags/example_branch_labels.py took 0.043 seconds
[2025-03-31T19:38:28.071+0000] {processor.py:161} INFO - Started process (PID=2791) to work on /home/airflow/.local/lib/python3.12/site-packages/airflow/example_dags/example_branch_labels.py
[2025-03-31T19:38:28.073+0000] {processor.py:830} INFO - Processing file /home/airflow/.local/lib/python3.12/site-packages/airflow/example_dags/example_branch_labels.py for tasks to queue
[2025-03-31T19:38:28.074+0000] {logging_mixin.py:188} INFO - [2025-03-31T19:38:28.073+0000] {dagbag.py:545} INFO - Filling up the DagBag from /home/airflow/.local/lib/python3.12/site-packages/airflow/example_dags/example_branch_labels.py
[2025-03-31T19:38:28.077+0000] {processor.py:840} INFO - DAG(s) 'example_branch_labels' retrieved from /home/airflow/.local/lib/python3.12/site-packages/airflow/example_dags/example_branch_labels.py
[2025-03-31T19:38:28.086+0000] {logging_mixin.py:188} INFO - [2025-03-31T19:38:28.086+0000] {dag.py:3089} INFO - Sync 1 DAGs
[2025-03-31T19:38:28.095+0000] {logging_mixin.py:188} INFO - [2025-03-31T19:38:28.094+0000] {dag.py:3947} INFO - Setting next_dagrun for example_branch_labels to 2025-03-30 00:00:00+00:00, run_after=2025-03-31 00:00:00+00:00
[2025-03-31T19:38:28.106+0000] {processor.py:183} INFO - Processing /home/airflow/.local/lib/python3.12/site-packages/airflow/example_dags/example_branch_labels.py took 0.037 seconds
[2025-03-31T19:39:00.834+0000] {processor.py:161} INFO - Started process (PID=2863) to work on /home/airflow/.local/lib/python3.12/site-packages/airflow/example_dags/example_branch_labels.py
[2025-03-31T19:39:00.834+0000] {processor.py:830} INFO - Processing file /home/airflow/.local/lib/python3.12/site-packages/airflow/example_dags/example_branch_labels.py for tasks to queue
[2025-03-31T19:39:00.836+0000] {logging_mixin.py:188} INFO - [2025-03-31T19:39:00.836+0000] {dagbag.py:545} INFO - Filling up the DagBag from /home/airflow/.local/lib/python3.12/site-packages/airflow/example_dags/example_branch_labels.py
[2025-03-31T19:39:00.839+0000] {processor.py:840} INFO - DAG(s) 'example_branch_labels' retrieved from /home/airflow/.local/lib/python3.12/site-packages/airflow/example_dags/example_branch_labels.py
[2025-03-31T19:39:00.851+0000] {logging_mixin.py:188} INFO - [2025-03-31T19:39:00.851+0000] {dag.py:3089} INFO - Sync 1 DAGs
[2025-03-31T19:39:00.862+0000] {logging_mixin.py:188} INFO - [2025-03-31T19:39:00.861+0000] {dag.py:3947} INFO - Setting next_dagrun for example_branch_labels to 2025-03-30 00:00:00+00:00, run_after=2025-03-31 00:00:00+00:00
[2025-03-31T19:39:00.868+0000] {processor.py:183} INFO - Processing /home/airflow/.local/lib/python3.12/site-packages/airflow/example_dags/example_branch_labels.py took 0.037 seconds
[2025-03-31T19:39:33.565+0000] {processor.py:161} INFO - Started process (PID=2935) to work on /home/airflow/.local/lib/python3.12/site-packages/airflow/example_dags/example_branch_labels.py
[2025-03-31T19:39:33.565+0000] {processor.py:830} INFO - Processing file /home/airflow/.local/lib/python3.12/site-packages/airflow/example_dags/example_branch_labels.py for tasks to queue
[2025-03-31T19:39:33.566+0000] {logging_mixin.py:188} INFO - [2025-03-31T19:39:33.566+0000] {dagbag.py:545} INFO - Filling up the DagBag from /home/airflow/.local/lib/python3.12/site-packages/airflow/example_dags/example_branch_labels.py
[2025-03-31T19:39:33.570+0000] {processor.py:840} INFO - DAG(s) 'example_branch_labels' retrieved from /home/airflow/.local/lib/python3.12/site-packages/airflow/example_dags/example_branch_labels.py
[2025-03-31T19:39:33.579+0000] {logging_mixin.py:188} INFO - [2025-03-31T19:39:33.579+0000] {dag.py:3089} INFO - Sync 1 DAGs
[2025-03-31T19:39:33.590+0000] {logging_mixin.py:188} INFO - [2025-03-31T19:39:33.590+0000] {dag.py:3947} INFO - Setting next_dagrun for example_branch_labels to 2025-03-30 00:00:00+00:00, run_after=2025-03-31 00:00:00+00:00
[2025-03-31T19:39:33.602+0000] {processor.py:183} INFO - Processing /home/airflow/.local/lib/python3.12/site-packages/airflow/example_dags/example_branch_labels.py took 0.040 seconds
[2025-03-31T19:40:06.298+0000] {processor.py:161} INFO - Started process (PID=3007) to work on /home/airflow/.local/lib/python3.12/site-packages/airflow/example_dags/example_branch_labels.py
[2025-03-31T19:40:06.299+0000] {processor.py:830} INFO - Processing file /home/airflow/.local/lib/python3.12/site-packages/airflow/example_dags/example_branch_labels.py for tasks to queue
[2025-03-31T19:40:06.300+0000] {logging_mixin.py:188} INFO - [2025-03-31T19:40:06.300+0000] {dagbag.py:545} INFO - Filling up the DagBag from /home/airflow/.local/lib/python3.12/site-packages/airflow/example_dags/example_branch_labels.py
[2025-03-31T19:40:06.305+0000] {processor.py:840} INFO - DAG(s) 'example_branch_labels' retrieved from /home/airflow/.local/lib/python3.12/site-packages/airflow/example_dags/example_branch_labels.py
[2025-03-31T19:40:06.317+0000] {logging_mixin.py:188} INFO - [2025-03-31T19:40:06.317+0000] {dag.py:3089} INFO - Sync 1 DAGs
[2025-03-31T19:40:06.327+0000] {logging_mixin.py:188} INFO - [2025-03-31T19:40:06.327+0000] {dag.py:3947} INFO - Setting next_dagrun for example_branch_labels to 2025-03-30 00:00:00+00:00, run_after=2025-03-31 00:00:00+00:00
[2025-03-31T19:40:06.335+0000] {processor.py:183} INFO - Processing /home/airflow/.local/lib/python3.12/site-packages/airflow/example_dags/example_branch_labels.py took 0.039 seconds
[2025-03-31T19:40:38.888+0000] {processor.py:161} INFO - Started process (PID=3079) to work on /home/airflow/.local/lib/python3.12/site-packages/airflow/example_dags/example_branch_labels.py
[2025-03-31T19:40:38.889+0000] {processor.py:830} INFO - Processing file /home/airflow/.local/lib/python3.12/site-packages/airflow/example_dags/example_branch_labels.py for tasks to queue
[2025-03-31T19:40:38.891+0000] {logging_mixin.py:188} INFO - [2025-03-31T19:40:38.890+0000] {dagbag.py:545} INFO - Filling up the DagBag from /home/airflow/.local/lib/python3.12/site-packages/airflow/example_dags/example_branch_labels.py
[2025-03-31T19:40:38.894+0000] {processor.py:840} INFO - DAG(s) 'example_branch_labels' retrieved from /home/airflow/.local/lib/python3.12/site-packages/airflow/example_dags/example_branch_labels.py
[2025-03-31T19:40:38.905+0000] {logging_mixin.py:188} INFO - [2025-03-31T19:40:38.905+0000] {dag.py:3089} INFO - Sync 1 DAGs
[2025-03-31T19:40:38.916+0000] {logging_mixin.py:188} INFO - [2025-03-31T19:40:38.916+0000] {dag.py:3947} INFO - Setting next_dagrun for example_branch_labels to 2025-03-30 00:00:00+00:00, run_after=2025-03-31 00:00:00+00:00
[2025-03-31T19:40:38.927+0000] {processor.py:183} INFO - Processing /home/airflow/.local/lib/python3.12/site-packages/airflow/example_dags/example_branch_labels.py took 0.042 seconds
[2025-03-31T19:41:11.583+0000] {processor.py:161} INFO - Started process (PID=3151) to work on /home/airflow/.local/lib/python3.12/site-packages/airflow/example_dags/example_branch_labels.py
[2025-03-31T19:41:11.584+0000] {processor.py:830} INFO - Processing file /home/airflow/.local/lib/python3.12/site-packages/airflow/example_dags/example_branch_labels.py for tasks to queue
[2025-03-31T19:41:11.585+0000] {logging_mixin.py:188} INFO - [2025-03-31T19:41:11.585+0000] {dagbag.py:545} INFO - Filling up the DagBag from /home/airflow/.local/lib/python3.12/site-packages/airflow/example_dags/example_branch_labels.py
[2025-03-31T19:41:11.589+0000] {processor.py:840} INFO - DAG(s) 'example_branch_labels' retrieved from /home/airflow/.local/lib/python3.12/site-packages/airflow/example_dags/example_branch_labels.py
[2025-03-31T19:41:11.601+0000] {logging_mixin.py:188} INFO - [2025-03-31T19:41:11.600+0000] {dag.py:3089} INFO - Sync 1 DAGs
[2025-03-31T19:41:11.612+0000] {logging_mixin.py:188} INFO - [2025-03-31T19:41:11.611+0000] {dag.py:3947} INFO - Setting next_dagrun for example_branch_labels to 2025-03-30 00:00:00+00:00, run_after=2025-03-31 00:00:00+00:00
[2025-03-31T19:41:11.618+0000] {processor.py:183} INFO - Processing /home/airflow/.local/lib/python3.12/site-packages/airflow/example_dags/example_branch_labels.py took 0.037 seconds
[2025-03-31T19:41:44.134+0000] {processor.py:161} INFO - Started process (PID=3223) to work on /home/airflow/.local/lib/python3.12/site-packages/airflow/example_dags/example_branch_labels.py
[2025-03-31T19:41:44.134+0000] {processor.py:830} INFO - Processing file /home/airflow/.local/lib/python3.12/site-packages/airflow/example_dags/example_branch_labels.py for tasks to queue
[2025-03-31T19:41:44.136+0000] {logging_mixin.py:188} INFO - [2025-03-31T19:41:44.136+0000] {dagbag.py:545} INFO - Filling up the DagBag from /home/airflow/.local/lib/python3.12/site-packages/airflow/example_dags/example_branch_labels.py
[2025-03-31T19:41:44.139+0000] {processor.py:840} INFO - DAG(s) 'example_branch_labels' retrieved from /home/airflow/.local/lib/python3.12/site-packages/airflow/example_dags/example_branch_labels.py
[2025-03-31T19:41:44.151+0000] {logging_mixin.py:188} INFO - [2025-03-31T19:41:44.151+0000] {dag.py:3089} INFO - Sync 1 DAGs
[2025-03-31T19:41:44.160+0000] {logging_mixin.py:188} INFO - [2025-03-31T19:41:44.160+0000] {dag.py:3947} INFO - Setting next_dagrun for example_branch_labels to 2025-03-30 00:00:00+00:00, run_after=2025-03-31 00:00:00+00:00
[2025-03-31T19:41:44.168+0000] {processor.py:183} INFO - Processing /home/airflow/.local/lib/python3.12/site-packages/airflow/example_dags/example_branch_labels.py took 0.037 seconds
[2025-03-31T19:42:17.163+0000] {processor.py:161} INFO - Started process (PID=3301) to work on /home/airflow/.local/lib/python3.12/site-packages/airflow/example_dags/example_branch_labels.py
[2025-03-31T19:42:17.165+0000] {processor.py:830} INFO - Processing file /home/airflow/.local/lib/python3.12/site-packages/airflow/example_dags/example_branch_labels.py for tasks to queue
[2025-03-31T19:42:17.166+0000] {logging_mixin.py:188} INFO - [2025-03-31T19:42:17.166+0000] {dagbag.py:545} INFO - Filling up the DagBag from /home/airflow/.local/lib/python3.12/site-packages/airflow/example_dags/example_branch_labels.py
[2025-03-31T19:42:17.172+0000] {processor.py:840} INFO - DAG(s) 'example_branch_labels' retrieved from /home/airflow/.local/lib/python3.12/site-packages/airflow/example_dags/example_branch_labels.py
[2025-03-31T19:42:17.185+0000] {logging_mixin.py:188} INFO - [2025-03-31T19:42:17.185+0000] {dag.py:3089} INFO - Sync 1 DAGs
[2025-03-31T19:42:17.198+0000] {logging_mixin.py:188} INFO - [2025-03-31T19:42:17.198+0000] {dag.py:3947} INFO - Setting next_dagrun for example_branch_labels to 2025-03-30 00:00:00+00:00, run_after=2025-03-31 00:00:00+00:00
[2025-03-31T19:42:17.209+0000] {processor.py:183} INFO - Processing /home/airflow/.local/lib/python3.12/site-packages/airflow/example_dags/example_branch_labels.py took 0.050 seconds
[2025-03-31T19:42:49.960+0000] {processor.py:161} INFO - Started process (PID=3373) to work on /home/airflow/.local/lib/python3.12/site-packages/airflow/example_dags/example_branch_labels.py
[2025-03-31T19:42:49.960+0000] {processor.py:830} INFO - Processing file /home/airflow/.local/lib/python3.12/site-packages/airflow/example_dags/example_branch_labels.py for tasks to queue
[2025-03-31T19:42:49.961+0000] {logging_mixin.py:188} INFO - [2025-03-31T19:42:49.961+0000] {dagbag.py:545} INFO - Filling up the DagBag from /home/airflow/.local/lib/python3.12/site-packages/airflow/example_dags/example_branch_labels.py
[2025-03-31T19:42:49.964+0000] {processor.py:840} INFO - DAG(s) 'example_branch_labels' retrieved from /home/airflow/.local/lib/python3.12/site-packages/airflow/example_dags/example_branch_labels.py
[2025-03-31T19:42:49.976+0000] {logging_mixin.py:188} INFO - [2025-03-31T19:42:49.976+0000] {dag.py:3089} INFO - Sync 1 DAGs
[2025-03-31T19:42:49.986+0000] {logging_mixin.py:188} INFO - [2025-03-31T19:42:49.986+0000] {dag.py:3947} INFO - Setting next_dagrun for example_branch_labels to 2025-03-30 00:00:00+00:00, run_after=2025-03-31 00:00:00+00:00
[2025-03-31T19:42:49.996+0000] {processor.py:183} INFO - Processing /home/airflow/.local/lib/python3.12/site-packages/airflow/example_dags/example_branch_labels.py took 0.039 seconds
[2025-03-31T19:43:22.472+0000] {processor.py:161} INFO - Started process (PID=3445) to work on /home/airflow/.local/lib/python3.12/site-packages/airflow/example_dags/example_branch_labels.py
[2025-03-31T19:43:22.473+0000] {processor.py:830} INFO - Processing file /home/airflow/.local/lib/python3.12/site-packages/airflow/example_dags/example_branch_labels.py for tasks to queue
[2025-03-31T19:43:22.474+0000] {logging_mixin.py:188} INFO - [2025-03-31T19:43:22.474+0000] {dagbag.py:545} INFO - Filling up the DagBag from /home/airflow/.local/lib/python3.12/site-packages/airflow/example_dags/example_branch_labels.py
[2025-03-31T19:43:22.477+0000] {processor.py:840} INFO - DAG(s) 'example_branch_labels' retrieved from /home/airflow/.local/lib/python3.12/site-packages/airflow/example_dags/example_branch_labels.py
[2025-03-31T19:43:22.489+0000] {logging_mixin.py:188} INFO - [2025-03-31T19:43:22.489+0000] {dag.py:3089} INFO - Sync 1 DAGs
[2025-03-31T19:43:22.498+0000] {logging_mixin.py:188} INFO - [2025-03-31T19:43:22.497+0000] {dag.py:3947} INFO - Setting next_dagrun for example_branch_labels to 2025-03-30 00:00:00+00:00, run_after=2025-03-31 00:00:00+00:00
[2025-03-31T19:43:22.504+0000] {processor.py:183} INFO - Processing /home/airflow/.local/lib/python3.12/site-packages/airflow/example_dags/example_branch_labels.py took 0.035 seconds
[2025-03-31T19:43:54.751+0000] {processor.py:161} INFO - Started process (PID=3517) to work on /home/airflow/.local/lib/python3.12/site-packages/airflow/example_dags/example_branch_labels.py
[2025-03-31T19:43:54.754+0000] {processor.py:830} INFO - Processing file /home/airflow/.local/lib/python3.12/site-packages/airflow/example_dags/example_branch_labels.py for tasks to queue
[2025-03-31T19:43:54.755+0000] {logging_mixin.py:188} INFO - [2025-03-31T19:43:54.755+0000] {dagbag.py:545} INFO - Filling up the DagBag from /home/airflow/.local/lib/python3.12/site-packages/airflow/example_dags/example_branch_labels.py
[2025-03-31T19:43:54.758+0000] {processor.py:840} INFO - DAG(s) 'example_branch_labels' retrieved from /home/airflow/.local/lib/python3.12/site-packages/airflow/example_dags/example_branch_labels.py
[2025-03-31T19:43:54.768+0000] {logging_mixin.py:188} INFO - [2025-03-31T19:43:54.768+0000] {dag.py:3089} INFO - Sync 1 DAGs
[2025-03-31T19:43:54.778+0000] {logging_mixin.py:188} INFO - [2025-03-31T19:43:54.778+0000] {dag.py:3947} INFO - Setting next_dagrun for example_branch_labels to 2025-03-30 00:00:00+00:00, run_after=2025-03-31 00:00:00+00:00
[2025-03-31T19:43:54.787+0000] {processor.py:183} INFO - Processing /home/airflow/.local/lib/python3.12/site-packages/airflow/example_dags/example_branch_labels.py took 0.038 seconds
[2025-03-31T19:44:27.551+0000] {processor.py:161} INFO - Started process (PID=3589) to work on /home/airflow/.local/lib/python3.12/site-packages/airflow/example_dags/example_branch_labels.py
[2025-03-31T19:44:27.552+0000] {processor.py:830} INFO - Processing file /home/airflow/.local/lib/python3.12/site-packages/airflow/example_dags/example_branch_labels.py for tasks to queue
[2025-03-31T19:44:27.553+0000] {logging_mixin.py:188} INFO - [2025-03-31T19:44:27.553+0000] {dagbag.py:545} INFO - Filling up the DagBag from /home/airflow/.local/lib/python3.12/site-packages/airflow/example_dags/example_branch_labels.py
[2025-03-31T19:44:27.558+0000] {processor.py:840} INFO - DAG(s) 'example_branch_labels' retrieved from /home/airflow/.local/lib/python3.12/site-packages/airflow/example_dags/example_branch_labels.py
[2025-03-31T19:44:27.571+0000] {logging_mixin.py:188} INFO - [2025-03-31T19:44:27.571+0000] {dag.py:3089} INFO - Sync 1 DAGs
[2025-03-31T19:44:27.583+0000] {logging_mixin.py:188} INFO - [2025-03-31T19:44:27.583+0000] {dag.py:3947} INFO - Setting next_dagrun for example_branch_labels to 2025-03-30 00:00:00+00:00, run_after=2025-03-31 00:00:00+00:00
[2025-03-31T19:44:27.595+0000] {processor.py:183} INFO - Processing /home/airflow/.local/lib/python3.12/site-packages/airflow/example_dags/example_branch_labels.py took 0.046 seconds
