[2025-03-31T19:18:15.808+0000] {processor.py:161} INFO - Started process (PID=84) to work on /home/airflow/.local/lib/python3.12/site-packages/airflow/example_dags/example_bash_decorator.py
[2025-03-31T19:18:15.809+0000] {processor.py:830} INFO - Processing file /home/airflow/.local/lib/python3.12/site-packages/airflow/example_dags/example_bash_decorator.py for tasks to queue
[2025-03-31T19:18:15.810+0000] {logging_mixin.py:188} INFO - [2025-03-31T19:18:15.810+0000] {dagbag.py:545} INFO - Filling up the DagBag from /home/airflow/.local/lib/python3.12/site-packages/airflow/example_dags/example_bash_decorator.py
[2025-03-31T19:18:15.817+0000] {processor.py:840} INFO - DAG(s) 'example_bash_decorator' retrieved from /home/airflow/.local/lib/python3.12/site-packages/airflow/example_dags/example_bash_decorator.py
[2025-03-31T19:18:15.870+0000] {logging_mixin.py:188} INFO - [2025-03-31T19:18:15.870+0000] {dag.py:3089} INFO - Sync 1 DAGs
[2025-03-31T19:18:15.875+0000] {logging_mixin.py:188} INFO - [2025-03-31T19:18:15.875+0000] {dag.py:3947} INFO - Setting next_dagrun for example_bash_decorator to None, run_after=None
[2025-03-31T19:18:15.883+0000] {processor.py:183} INFO - Processing /home/airflow/.local/lib/python3.12/site-packages/airflow/example_dags/example_bash_decorator.py took 0.078 seconds
[2025-03-31T19:18:48.748+0000] {processor.py:161} INFO - Started process (PID=161) to work on /home/airflow/.local/lib/python3.12/site-packages/airflow/example_dags/example_bash_decorator.py
[2025-03-31T19:18:48.748+0000] {processor.py:830} INFO - Processing file /home/airflow/.local/lib/python3.12/site-packages/airflow/example_dags/example_bash_decorator.py for tasks to queue
[2025-03-31T19:18:48.749+0000] {logging_mixin.py:188} INFO - [2025-03-31T19:18:48.749+0000] {dagbag.py:545} INFO - Filling up the DagBag from /home/airflow/.local/lib/python3.12/site-packages/airflow/example_dags/example_bash_decorator.py
[2025-03-31T19:18:48.759+0000] {processor.py:840} INFO - DAG(s) 'example_bash_decorator' retrieved from /home/airflow/.local/lib/python3.12/site-packages/airflow/example_dags/example_bash_decorator.py
[2025-03-31T19:18:48.777+0000] {logging_mixin.py:188} INFO - [2025-03-31T19:18:48.777+0000] {dag.py:3089} INFO - Sync 1 DAGs
[2025-03-31T19:18:48.783+0000] {logging_mixin.py:188} INFO - [2025-03-31T19:18:48.783+0000] {dag.py:3947} INFO - Setting next_dagrun for example_bash_decorator to None, run_after=None
[2025-03-31T19:18:48.792+0000] {processor.py:183} INFO - Processing /home/airflow/.local/lib/python3.12/site-packages/airflow/example_dags/example_bash_decorator.py took 0.047 seconds
[2025-03-31T19:19:21.578+0000] {processor.py:161} INFO - Started process (PID=233) to work on /home/airflow/.local/lib/python3.12/site-packages/airflow/example_dags/example_bash_decorator.py
[2025-03-31T19:19:21.578+0000] {processor.py:830} INFO - Processing file /home/airflow/.local/lib/python3.12/site-packages/airflow/example_dags/example_bash_decorator.py for tasks to queue
[2025-03-31T19:19:21.581+0000] {logging_mixin.py:188} INFO - [2025-03-31T19:19:21.580+0000] {dagbag.py:545} INFO - Filling up the DagBag from /home/airflow/.local/lib/python3.12/site-packages/airflow/example_dags/example_bash_decorator.py
[2025-03-31T19:19:21.601+0000] {processor.py:840} INFO - DAG(s) 'example_bash_decorator' retrieved from /home/airflow/.local/lib/python3.12/site-packages/airflow/example_dags/example_bash_decorator.py
[2025-03-31T19:19:21.626+0000] {logging_mixin.py:188} INFO - [2025-03-31T19:19:21.626+0000] {dag.py:3089} INFO - Sync 1 DAGs
[2025-03-31T19:19:21.633+0000] {logging_mixin.py:188} INFO - [2025-03-31T19:19:21.633+0000] {dag.py:3947} INFO - Setting next_dagrun for example_bash_decorator to None, run_after=None
[2025-03-31T19:19:21.641+0000] {processor.py:183} INFO - Processing /home/airflow/.local/lib/python3.12/site-packages/airflow/example_dags/example_bash_decorator.py took 0.066 seconds
[2025-03-31T19:19:54.409+0000] {processor.py:161} INFO - Started process (PID=305) to work on /home/airflow/.local/lib/python3.12/site-packages/airflow/example_dags/example_bash_decorator.py
[2025-03-31T19:19:54.410+0000] {processor.py:830} INFO - Processing file /home/airflow/.local/lib/python3.12/site-packages/airflow/example_dags/example_bash_decorator.py for tasks to queue
[2025-03-31T19:19:54.411+0000] {logging_mixin.py:188} INFO - [2025-03-31T19:19:54.411+0000] {dagbag.py:545} INFO - Filling up the DagBag from /home/airflow/.local/lib/python3.12/site-packages/airflow/example_dags/example_bash_decorator.py
[2025-03-31T19:19:54.417+0000] {processor.py:840} INFO - DAG(s) 'example_bash_decorator' retrieved from /home/airflow/.local/lib/python3.12/site-packages/airflow/example_dags/example_bash_decorator.py
[2025-03-31T19:19:54.428+0000] {logging_mixin.py:188} INFO - [2025-03-31T19:19:54.428+0000] {dag.py:3089} INFO - Sync 1 DAGs
[2025-03-31T19:19:54.435+0000] {logging_mixin.py:188} INFO - [2025-03-31T19:19:54.435+0000] {dag.py:3947} INFO - Setting next_dagrun for example_bash_decorator to None, run_after=None
[2025-03-31T19:19:54.447+0000] {processor.py:183} INFO - Processing /home/airflow/.local/lib/python3.12/site-packages/airflow/example_dags/example_bash_decorator.py took 0.039 seconds
[2025-03-31T19:20:27.312+0000] {processor.py:161} INFO - Started process (PID=377) to work on /home/airflow/.local/lib/python3.12/site-packages/airflow/example_dags/example_bash_decorator.py
[2025-03-31T19:20:27.313+0000] {processor.py:830} INFO - Processing file /home/airflow/.local/lib/python3.12/site-packages/airflow/example_dags/example_bash_decorator.py for tasks to queue
[2025-03-31T19:20:27.314+0000] {logging_mixin.py:188} INFO - [2025-03-31T19:20:27.314+0000] {dagbag.py:545} INFO - Filling up the DagBag from /home/airflow/.local/lib/python3.12/site-packages/airflow/example_dags/example_bash_decorator.py
[2025-03-31T19:20:27.320+0000] {processor.py:840} INFO - DAG(s) 'example_bash_decorator' retrieved from /home/airflow/.local/lib/python3.12/site-packages/airflow/example_dags/example_bash_decorator.py
[2025-03-31T19:20:27.329+0000] {logging_mixin.py:188} INFO - [2025-03-31T19:20:27.329+0000] {dag.py:3089} INFO - Sync 1 DAGs
[2025-03-31T19:20:27.334+0000] {logging_mixin.py:188} INFO - [2025-03-31T19:20:27.334+0000] {dag.py:3947} INFO - Setting next_dagrun for example_bash_decorator to None, run_after=None
[2025-03-31T19:20:27.340+0000] {processor.py:183} INFO - Processing /home/airflow/.local/lib/python3.12/site-packages/airflow/example_dags/example_bash_decorator.py took 0.031 seconds
[2025-03-31T19:21:00.387+0000] {processor.py:161} INFO - Started process (PID=449) to work on /home/airflow/.local/lib/python3.12/site-packages/airflow/example_dags/example_bash_decorator.py
[2025-03-31T19:21:00.387+0000] {processor.py:830} INFO - Processing file /home/airflow/.local/lib/python3.12/site-packages/airflow/example_dags/example_bash_decorator.py for tasks to queue
[2025-03-31T19:21:00.388+0000] {logging_mixin.py:188} INFO - [2025-03-31T19:21:00.388+0000] {dagbag.py:545} INFO - Filling up the DagBag from /home/airflow/.local/lib/python3.12/site-packages/airflow/example_dags/example_bash_decorator.py
[2025-03-31T19:21:00.396+0000] {processor.py:840} INFO - DAG(s) 'example_bash_decorator' retrieved from /home/airflow/.local/lib/python3.12/site-packages/airflow/example_dags/example_bash_decorator.py
[2025-03-31T19:21:00.408+0000] {logging_mixin.py:188} INFO - [2025-03-31T19:21:00.408+0000] {dag.py:3089} INFO - Sync 1 DAGs
[2025-03-31T19:21:00.414+0000] {logging_mixin.py:188} INFO - [2025-03-31T19:21:00.413+0000] {dag.py:3947} INFO - Setting next_dagrun for example_bash_decorator to None, run_after=None
[2025-03-31T19:21:00.420+0000] {processor.py:183} INFO - Processing /home/airflow/.local/lib/python3.12/site-packages/airflow/example_dags/example_bash_decorator.py took 0.036 seconds
[2025-03-31T19:21:33.367+0000] {processor.py:161} INFO - Started process (PID=521) to work on /home/airflow/.local/lib/python3.12/site-packages/airflow/example_dags/example_bash_decorator.py
[2025-03-31T19:21:33.367+0000] {processor.py:830} INFO - Processing file /home/airflow/.local/lib/python3.12/site-packages/airflow/example_dags/example_bash_decorator.py for tasks to queue
[2025-03-31T19:21:33.368+0000] {logging_mixin.py:188} INFO - [2025-03-31T19:21:33.368+0000] {dagbag.py:545} INFO - Filling up the DagBag from /home/airflow/.local/lib/python3.12/site-packages/airflow/example_dags/example_bash_decorator.py
[2025-03-31T19:21:33.374+0000] {processor.py:840} INFO - DAG(s) 'example_bash_decorator' retrieved from /home/airflow/.local/lib/python3.12/site-packages/airflow/example_dags/example_bash_decorator.py
[2025-03-31T19:21:33.382+0000] {logging_mixin.py:188} INFO - [2025-03-31T19:21:33.382+0000] {dag.py:3089} INFO - Sync 1 DAGs
[2025-03-31T19:21:33.387+0000] {logging_mixin.py:188} INFO - [2025-03-31T19:21:33.387+0000] {dag.py:3947} INFO - Setting next_dagrun for example_bash_decorator to None, run_after=None
[2025-03-31T19:21:33.394+0000] {processor.py:183} INFO - Processing /home/airflow/.local/lib/python3.12/site-packages/airflow/example_dags/example_bash_decorator.py took 0.029 seconds
[2025-03-31T19:22:05.924+0000] {processor.py:161} INFO - Started process (PID=593) to work on /home/airflow/.local/lib/python3.12/site-packages/airflow/example_dags/example_bash_decorator.py
[2025-03-31T19:22:05.925+0000] {processor.py:830} INFO - Processing file /home/airflow/.local/lib/python3.12/site-packages/airflow/example_dags/example_bash_decorator.py for tasks to queue
[2025-03-31T19:22:05.926+0000] {logging_mixin.py:188} INFO - [2025-03-31T19:22:05.926+0000] {dagbag.py:545} INFO - Filling up the DagBag from /home/airflow/.local/lib/python3.12/site-packages/airflow/example_dags/example_bash_decorator.py
[2025-03-31T19:22:05.932+0000] {processor.py:840} INFO - DAG(s) 'example_bash_decorator' retrieved from /home/airflow/.local/lib/python3.12/site-packages/airflow/example_dags/example_bash_decorator.py
[2025-03-31T19:22:05.943+0000] {logging_mixin.py:188} INFO - [2025-03-31T19:22:05.943+0000] {dag.py:3089} INFO - Sync 1 DAGs
[2025-03-31T19:22:05.949+0000] {logging_mixin.py:188} INFO - [2025-03-31T19:22:05.949+0000] {dag.py:3947} INFO - Setting next_dagrun for example_bash_decorator to None, run_after=None
[2025-03-31T19:22:05.961+0000] {processor.py:183} INFO - Processing /home/airflow/.local/lib/python3.12/site-packages/airflow/example_dags/example_bash_decorator.py took 0.040 seconds
[2025-03-31T19:22:38.056+0000] {processor.py:161} INFO - Started process (PID=665) to work on /home/airflow/.local/lib/python3.12/site-packages/airflow/example_dags/example_bash_decorator.py
[2025-03-31T19:22:38.057+0000] {processor.py:830} INFO - Processing file /home/airflow/.local/lib/python3.12/site-packages/airflow/example_dags/example_bash_decorator.py for tasks to queue
[2025-03-31T19:22:38.058+0000] {logging_mixin.py:188} INFO - [2025-03-31T19:22:38.057+0000] {dagbag.py:545} INFO - Filling up the DagBag from /home/airflow/.local/lib/python3.12/site-packages/airflow/example_dags/example_bash_decorator.py
[2025-03-31T19:22:38.064+0000] {processor.py:840} INFO - DAG(s) 'example_bash_decorator' retrieved from /home/airflow/.local/lib/python3.12/site-packages/airflow/example_dags/example_bash_decorator.py
[2025-03-31T19:22:38.078+0000] {logging_mixin.py:188} INFO - [2025-03-31T19:22:38.078+0000] {dag.py:3089} INFO - Sync 1 DAGs
[2025-03-31T19:22:38.083+0000] {logging_mixin.py:188} INFO - [2025-03-31T19:22:38.083+0000] {dag.py:3947} INFO - Setting next_dagrun for example_bash_decorator to None, run_after=None
[2025-03-31T19:22:38.096+0000] {processor.py:183} INFO - Processing /home/airflow/.local/lib/python3.12/site-packages/airflow/example_dags/example_bash_decorator.py took 0.043 seconds
[2025-03-31T19:23:11.060+0000] {processor.py:161} INFO - Started process (PID=737) to work on /home/airflow/.local/lib/python3.12/site-packages/airflow/example_dags/example_bash_decorator.py
[2025-03-31T19:23:11.060+0000] {processor.py:830} INFO - Processing file /home/airflow/.local/lib/python3.12/site-packages/airflow/example_dags/example_bash_decorator.py for tasks to queue
[2025-03-31T19:23:11.061+0000] {logging_mixin.py:188} INFO - [2025-03-31T19:23:11.061+0000] {dagbag.py:545} INFO - Filling up the DagBag from /home/airflow/.local/lib/python3.12/site-packages/airflow/example_dags/example_bash_decorator.py
[2025-03-31T19:23:11.067+0000] {processor.py:840} INFO - DAG(s) 'example_bash_decorator' retrieved from /home/airflow/.local/lib/python3.12/site-packages/airflow/example_dags/example_bash_decorator.py
[2025-03-31T19:23:11.076+0000] {logging_mixin.py:188} INFO - [2025-03-31T19:23:11.076+0000] {dag.py:3089} INFO - Sync 1 DAGs
[2025-03-31T19:23:11.081+0000] {logging_mixin.py:188} INFO - [2025-03-31T19:23:11.081+0000] {dag.py:3947} INFO - Setting next_dagrun for example_bash_decorator to None, run_after=None
[2025-03-31T19:23:11.087+0000] {processor.py:183} INFO - Processing /home/airflow/.local/lib/python3.12/site-packages/airflow/example_dags/example_bash_decorator.py took 0.029 seconds
[2025-03-31T19:23:43.066+0000] {processor.py:161} INFO - Started process (PID=809) to work on /home/airflow/.local/lib/python3.12/site-packages/airflow/example_dags/example_bash_decorator.py
[2025-03-31T19:23:43.066+0000] {processor.py:830} INFO - Processing file /home/airflow/.local/lib/python3.12/site-packages/airflow/example_dags/example_bash_decorator.py for tasks to queue
[2025-03-31T19:23:43.067+0000] {logging_mixin.py:188} INFO - [2025-03-31T19:23:43.067+0000] {dagbag.py:545} INFO - Filling up the DagBag from /home/airflow/.local/lib/python3.12/site-packages/airflow/example_dags/example_bash_decorator.py
[2025-03-31T19:23:43.072+0000] {processor.py:840} INFO - DAG(s) 'example_bash_decorator' retrieved from /home/airflow/.local/lib/python3.12/site-packages/airflow/example_dags/example_bash_decorator.py
[2025-03-31T19:23:43.081+0000] {logging_mixin.py:188} INFO - [2025-03-31T19:23:43.081+0000] {dag.py:3089} INFO - Sync 1 DAGs
[2025-03-31T19:23:43.086+0000] {logging_mixin.py:188} INFO - [2025-03-31T19:23:43.086+0000] {dag.py:3947} INFO - Setting next_dagrun for example_bash_decorator to None, run_after=None
[2025-03-31T19:23:43.092+0000] {processor.py:183} INFO - Processing /home/airflow/.local/lib/python3.12/site-packages/airflow/example_dags/example_bash_decorator.py took 0.028 seconds
[2025-03-31T19:24:15.648+0000] {processor.py:161} INFO - Started process (PID=887) to work on /home/airflow/.local/lib/python3.12/site-packages/airflow/example_dags/example_bash_decorator.py
[2025-03-31T19:24:15.648+0000] {processor.py:830} INFO - Processing file /home/airflow/.local/lib/python3.12/site-packages/airflow/example_dags/example_bash_decorator.py for tasks to queue
[2025-03-31T19:24:15.649+0000] {logging_mixin.py:188} INFO - [2025-03-31T19:24:15.649+0000] {dagbag.py:545} INFO - Filling up the DagBag from /home/airflow/.local/lib/python3.12/site-packages/airflow/example_dags/example_bash_decorator.py
[2025-03-31T19:24:15.655+0000] {processor.py:840} INFO - DAG(s) 'example_bash_decorator' retrieved from /home/airflow/.local/lib/python3.12/site-packages/airflow/example_dags/example_bash_decorator.py
[2025-03-31T19:24:15.670+0000] {logging_mixin.py:188} INFO - [2025-03-31T19:24:15.670+0000] {dag.py:3089} INFO - Sync 1 DAGs
[2025-03-31T19:24:15.761+0000] {logging_mixin.py:188} INFO - [2025-03-31T19:24:15.761+0000] {dag.py:3947} INFO - Setting next_dagrun for example_bash_decorator to None, run_after=None
[2025-03-31T19:24:15.768+0000] {processor.py:183} INFO - Processing /home/airflow/.local/lib/python3.12/site-packages/airflow/example_dags/example_bash_decorator.py took 0.124 seconds
[2025-03-31T19:24:48.644+0000] {processor.py:161} INFO - Started process (PID=959) to work on /home/airflow/.local/lib/python3.12/site-packages/airflow/example_dags/example_bash_decorator.py
[2025-03-31T19:24:48.644+0000] {processor.py:830} INFO - Processing file /home/airflow/.local/lib/python3.12/site-packages/airflow/example_dags/example_bash_decorator.py for tasks to queue
[2025-03-31T19:24:48.646+0000] {logging_mixin.py:188} INFO - [2025-03-31T19:24:48.645+0000] {dagbag.py:545} INFO - Filling up the DagBag from /home/airflow/.local/lib/python3.12/site-packages/airflow/example_dags/example_bash_decorator.py
[2025-03-31T19:24:48.653+0000] {processor.py:840} INFO - DAG(s) 'example_bash_decorator' retrieved from /home/airflow/.local/lib/python3.12/site-packages/airflow/example_dags/example_bash_decorator.py
[2025-03-31T19:24:48.666+0000] {logging_mixin.py:188} INFO - [2025-03-31T19:24:48.666+0000] {dag.py:3089} INFO - Sync 1 DAGs
[2025-03-31T19:24:48.741+0000] {logging_mixin.py:188} INFO - [2025-03-31T19:24:48.740+0000] {dag.py:3947} INFO - Setting next_dagrun for example_bash_decorator to None, run_after=None
[2025-03-31T19:24:48.747+0000] {processor.py:183} INFO - Processing /home/airflow/.local/lib/python3.12/site-packages/airflow/example_dags/example_bash_decorator.py took 0.106 seconds
[2025-03-31T19:25:21.081+0000] {processor.py:161} INFO - Started process (PID=1031) to work on /home/airflow/.local/lib/python3.12/site-packages/airflow/example_dags/example_bash_decorator.py
[2025-03-31T19:25:21.081+0000] {processor.py:830} INFO - Processing file /home/airflow/.local/lib/python3.12/site-packages/airflow/example_dags/example_bash_decorator.py for tasks to queue
[2025-03-31T19:25:21.082+0000] {logging_mixin.py:188} INFO - [2025-03-31T19:25:21.082+0000] {dagbag.py:545} INFO - Filling up the DagBag from /home/airflow/.local/lib/python3.12/site-packages/airflow/example_dags/example_bash_decorator.py
[2025-03-31T19:25:21.087+0000] {processor.py:840} INFO - DAG(s) 'example_bash_decorator' retrieved from /home/airflow/.local/lib/python3.12/site-packages/airflow/example_dags/example_bash_decorator.py
[2025-03-31T19:25:21.096+0000] {logging_mixin.py:188} INFO - [2025-03-31T19:25:21.096+0000] {dag.py:3089} INFO - Sync 1 DAGs
[2025-03-31T19:25:21.101+0000] {logging_mixin.py:188} INFO - [2025-03-31T19:25:21.101+0000] {dag.py:3947} INFO - Setting next_dagrun for example_bash_decorator to None, run_after=None
[2025-03-31T19:25:21.108+0000] {processor.py:183} INFO - Processing /home/airflow/.local/lib/python3.12/site-packages/airflow/example_dags/example_bash_decorator.py took 0.030 seconds
[2025-03-31T19:25:53.541+0000] {processor.py:161} INFO - Started process (PID=1103) to work on /home/airflow/.local/lib/python3.12/site-packages/airflow/example_dags/example_bash_decorator.py
[2025-03-31T19:25:53.541+0000] {processor.py:830} INFO - Processing file /home/airflow/.local/lib/python3.12/site-packages/airflow/example_dags/example_bash_decorator.py for tasks to queue
[2025-03-31T19:25:53.542+0000] {logging_mixin.py:188} INFO - [2025-03-31T19:25:53.542+0000] {dagbag.py:545} INFO - Filling up the DagBag from /home/airflow/.local/lib/python3.12/site-packages/airflow/example_dags/example_bash_decorator.py
[2025-03-31T19:25:53.548+0000] {processor.py:840} INFO - DAG(s) 'example_bash_decorator' retrieved from /home/airflow/.local/lib/python3.12/site-packages/airflow/example_dags/example_bash_decorator.py
[2025-03-31T19:25:53.557+0000] {logging_mixin.py:188} INFO - [2025-03-31T19:25:53.557+0000] {dag.py:3089} INFO - Sync 1 DAGs
[2025-03-31T19:25:53.562+0000] {logging_mixin.py:188} INFO - [2025-03-31T19:25:53.562+0000] {dag.py:3947} INFO - Setting next_dagrun for example_bash_decorator to None, run_after=None
[2025-03-31T19:25:53.568+0000] {processor.py:183} INFO - Processing /home/airflow/.local/lib/python3.12/site-packages/airflow/example_dags/example_bash_decorator.py took 0.030 seconds
[2025-03-31T19:26:26.197+0000] {processor.py:161} INFO - Started process (PID=1175) to work on /home/airflow/.local/lib/python3.12/site-packages/airflow/example_dags/example_bash_decorator.py
[2025-03-31T19:26:26.197+0000] {processor.py:830} INFO - Processing file /home/airflow/.local/lib/python3.12/site-packages/airflow/example_dags/example_bash_decorator.py for tasks to queue
[2025-03-31T19:26:26.198+0000] {logging_mixin.py:188} INFO - [2025-03-31T19:26:26.198+0000] {dagbag.py:545} INFO - Filling up the DagBag from /home/airflow/.local/lib/python3.12/site-packages/airflow/example_dags/example_bash_decorator.py
[2025-03-31T19:26:26.205+0000] {processor.py:840} INFO - DAG(s) 'example_bash_decorator' retrieved from /home/airflow/.local/lib/python3.12/site-packages/airflow/example_dags/example_bash_decorator.py
[2025-03-31T19:26:26.215+0000] {logging_mixin.py:188} INFO - [2025-03-31T19:26:26.215+0000] {dag.py:3089} INFO - Sync 1 DAGs
[2025-03-31T19:26:26.221+0000] {logging_mixin.py:188} INFO - [2025-03-31T19:26:26.221+0000] {dag.py:3947} INFO - Setting next_dagrun for example_bash_decorator to None, run_after=None
[2025-03-31T19:26:26.231+0000] {processor.py:183} INFO - Processing /home/airflow/.local/lib/python3.12/site-packages/airflow/example_dags/example_bash_decorator.py took 0.038 seconds
[2025-03-31T19:26:58.869+0000] {processor.py:161} INFO - Started process (PID=1247) to work on /home/airflow/.local/lib/python3.12/site-packages/airflow/example_dags/example_bash_decorator.py
[2025-03-31T19:26:58.870+0000] {processor.py:830} INFO - Processing file /home/airflow/.local/lib/python3.12/site-packages/airflow/example_dags/example_bash_decorator.py for tasks to queue
[2025-03-31T19:26:58.871+0000] {logging_mixin.py:188} INFO - [2025-03-31T19:26:58.871+0000] {dagbag.py:545} INFO - Filling up the DagBag from /home/airflow/.local/lib/python3.12/site-packages/airflow/example_dags/example_bash_decorator.py
[2025-03-31T19:26:58.878+0000] {processor.py:840} INFO - DAG(s) 'example_bash_decorator' retrieved from /home/airflow/.local/lib/python3.12/site-packages/airflow/example_dags/example_bash_decorator.py
[2025-03-31T19:26:58.888+0000] {logging_mixin.py:188} INFO - [2025-03-31T19:26:58.888+0000] {dag.py:3089} INFO - Sync 1 DAGs
[2025-03-31T19:26:58.893+0000] {logging_mixin.py:188} INFO - [2025-03-31T19:26:58.893+0000] {dag.py:3947} INFO - Setting next_dagrun for example_bash_decorator to None, run_after=None
[2025-03-31T19:26:58.902+0000] {processor.py:183} INFO - Processing /home/airflow/.local/lib/python3.12/site-packages/airflow/example_dags/example_bash_decorator.py took 0.036 seconds
[2025-03-31T19:27:31.359+0000] {processor.py:161} INFO - Started process (PID=1319) to work on /home/airflow/.local/lib/python3.12/site-packages/airflow/example_dags/example_bash_decorator.py
[2025-03-31T19:27:31.360+0000] {processor.py:830} INFO - Processing file /home/airflow/.local/lib/python3.12/site-packages/airflow/example_dags/example_bash_decorator.py for tasks to queue
[2025-03-31T19:27:31.361+0000] {logging_mixin.py:188} INFO - [2025-03-31T19:27:31.360+0000] {dagbag.py:545} INFO - Filling up the DagBag from /home/airflow/.local/lib/python3.12/site-packages/airflow/example_dags/example_bash_decorator.py
[2025-03-31T19:27:31.367+0000] {processor.py:840} INFO - DAG(s) 'example_bash_decorator' retrieved from /home/airflow/.local/lib/python3.12/site-packages/airflow/example_dags/example_bash_decorator.py
[2025-03-31T19:27:31.376+0000] {logging_mixin.py:188} INFO - [2025-03-31T19:27:31.376+0000] {dag.py:3089} INFO - Sync 1 DAGs
[2025-03-31T19:27:31.381+0000] {logging_mixin.py:188} INFO - [2025-03-31T19:27:31.381+0000] {dag.py:3947} INFO - Setting next_dagrun for example_bash_decorator to None, run_after=None
[2025-03-31T19:27:31.388+0000] {processor.py:183} INFO - Processing /home/airflow/.local/lib/python3.12/site-packages/airflow/example_dags/example_bash_decorator.py took 0.031 seconds
[2025-03-31T19:28:03.864+0000] {processor.py:161} INFO - Started process (PID=1391) to work on /home/airflow/.local/lib/python3.12/site-packages/airflow/example_dags/example_bash_decorator.py
[2025-03-31T19:28:03.864+0000] {processor.py:830} INFO - Processing file /home/airflow/.local/lib/python3.12/site-packages/airflow/example_dags/example_bash_decorator.py for tasks to queue
[2025-03-31T19:28:03.865+0000] {logging_mixin.py:188} INFO - [2025-03-31T19:28:03.865+0000] {dagbag.py:545} INFO - Filling up the DagBag from /home/airflow/.local/lib/python3.12/site-packages/airflow/example_dags/example_bash_decorator.py
[2025-03-31T19:28:03.871+0000] {processor.py:840} INFO - DAG(s) 'example_bash_decorator' retrieved from /home/airflow/.local/lib/python3.12/site-packages/airflow/example_dags/example_bash_decorator.py
[2025-03-31T19:28:03.880+0000] {logging_mixin.py:188} INFO - [2025-03-31T19:28:03.880+0000] {dag.py:3089} INFO - Sync 1 DAGs
[2025-03-31T19:28:03.885+0000] {logging_mixin.py:188} INFO - [2025-03-31T19:28:03.885+0000] {dag.py:3947} INFO - Setting next_dagrun for example_bash_decorator to None, run_after=None
[2025-03-31T19:28:03.891+0000] {processor.py:183} INFO - Processing /home/airflow/.local/lib/python3.12/site-packages/airflow/example_dags/example_bash_decorator.py took 0.031 seconds
[2025-03-31T19:28:36.385+0000] {processor.py:161} INFO - Started process (PID=1464) to work on /home/airflow/.local/lib/python3.12/site-packages/airflow/example_dags/example_bash_decorator.py
[2025-03-31T19:28:36.386+0000] {processor.py:830} INFO - Processing file /home/airflow/.local/lib/python3.12/site-packages/airflow/example_dags/example_bash_decorator.py for tasks to queue
[2025-03-31T19:28:36.387+0000] {logging_mixin.py:188} INFO - [2025-03-31T19:28:36.387+0000] {dagbag.py:545} INFO - Filling up the DagBag from /home/airflow/.local/lib/python3.12/site-packages/airflow/example_dags/example_bash_decorator.py
[2025-03-31T19:28:36.393+0000] {processor.py:840} INFO - DAG(s) 'example_bash_decorator' retrieved from /home/airflow/.local/lib/python3.12/site-packages/airflow/example_dags/example_bash_decorator.py
[2025-03-31T19:28:36.405+0000] {logging_mixin.py:188} INFO - [2025-03-31T19:28:36.405+0000] {dag.py:3089} INFO - Sync 1 DAGs
[2025-03-31T19:28:36.410+0000] {logging_mixin.py:188} INFO - [2025-03-31T19:28:36.410+0000] {dag.py:3947} INFO - Setting next_dagrun for example_bash_decorator to None, run_after=None
[2025-03-31T19:28:36.420+0000] {processor.py:183} INFO - Processing /home/airflow/.local/lib/python3.12/site-packages/airflow/example_dags/example_bash_decorator.py took 0.038 seconds
[2025-03-31T19:29:09.606+0000] {processor.py:161} INFO - Started process (PID=1536) to work on /home/airflow/.local/lib/python3.12/site-packages/airflow/example_dags/example_bash_decorator.py
[2025-03-31T19:29:09.606+0000] {processor.py:830} INFO - Processing file /home/airflow/.local/lib/python3.12/site-packages/airflow/example_dags/example_bash_decorator.py for tasks to queue
[2025-03-31T19:29:09.607+0000] {logging_mixin.py:188} INFO - [2025-03-31T19:29:09.607+0000] {dagbag.py:545} INFO - Filling up the DagBag from /home/airflow/.local/lib/python3.12/site-packages/airflow/example_dags/example_bash_decorator.py
[2025-03-31T19:29:09.614+0000] {processor.py:840} INFO - DAG(s) 'example_bash_decorator' retrieved from /home/airflow/.local/lib/python3.12/site-packages/airflow/example_dags/example_bash_decorator.py
[2025-03-31T19:29:09.624+0000] {logging_mixin.py:188} INFO - [2025-03-31T19:29:09.624+0000] {dag.py:3089} INFO - Sync 1 DAGs
[2025-03-31T19:29:09.630+0000] {logging_mixin.py:188} INFO - [2025-03-31T19:29:09.630+0000] {dag.py:3947} INFO - Setting next_dagrun for example_bash_decorator to None, run_after=None
[2025-03-31T19:29:09.643+0000] {processor.py:183} INFO - Processing /home/airflow/.local/lib/python3.12/site-packages/airflow/example_dags/example_bash_decorator.py took 0.040 seconds
[2025-03-31T19:29:42.691+0000] {processor.py:161} INFO - Started process (PID=1608) to work on /home/airflow/.local/lib/python3.12/site-packages/airflow/example_dags/example_bash_decorator.py
[2025-03-31T19:29:42.692+0000] {processor.py:830} INFO - Processing file /home/airflow/.local/lib/python3.12/site-packages/airflow/example_dags/example_bash_decorator.py for tasks to queue
[2025-03-31T19:29:42.693+0000] {logging_mixin.py:188} INFO - [2025-03-31T19:29:42.693+0000] {dagbag.py:545} INFO - Filling up the DagBag from /home/airflow/.local/lib/python3.12/site-packages/airflow/example_dags/example_bash_decorator.py
[2025-03-31T19:29:42.701+0000] {processor.py:840} INFO - DAG(s) 'example_bash_decorator' retrieved from /home/airflow/.local/lib/python3.12/site-packages/airflow/example_dags/example_bash_decorator.py
[2025-03-31T19:29:42.719+0000] {logging_mixin.py:188} INFO - [2025-03-31T19:29:42.719+0000] {dag.py:3089} INFO - Sync 1 DAGs
[2025-03-31T19:29:42.728+0000] {logging_mixin.py:188} INFO - [2025-03-31T19:29:42.728+0000] {dag.py:3947} INFO - Setting next_dagrun for example_bash_decorator to None, run_after=None
[2025-03-31T19:29:42.741+0000] {processor.py:183} INFO - Processing /home/airflow/.local/lib/python3.12/site-packages/airflow/example_dags/example_bash_decorator.py took 0.054 seconds
[2025-03-31T19:30:15.484+0000] {processor.py:161} INFO - Started process (PID=1686) to work on /home/airflow/.local/lib/python3.12/site-packages/airflow/example_dags/example_bash_decorator.py
[2025-03-31T19:30:15.485+0000] {processor.py:830} INFO - Processing file /home/airflow/.local/lib/python3.12/site-packages/airflow/example_dags/example_bash_decorator.py for tasks to queue
[2025-03-31T19:30:15.486+0000] {logging_mixin.py:188} INFO - [2025-03-31T19:30:15.485+0000] {dagbag.py:545} INFO - Filling up the DagBag from /home/airflow/.local/lib/python3.12/site-packages/airflow/example_dags/example_bash_decorator.py
[2025-03-31T19:30:15.492+0000] {processor.py:840} INFO - DAG(s) 'example_bash_decorator' retrieved from /home/airflow/.local/lib/python3.12/site-packages/airflow/example_dags/example_bash_decorator.py
[2025-03-31T19:30:15.505+0000] {logging_mixin.py:188} INFO - [2025-03-31T19:30:15.504+0000] {dag.py:3089} INFO - Sync 1 DAGs
[2025-03-31T19:30:15.510+0000] {logging_mixin.py:188} INFO - [2025-03-31T19:30:15.510+0000] {dag.py:3947} INFO - Setting next_dagrun for example_bash_decorator to None, run_after=None
[2025-03-31T19:30:15.520+0000] {processor.py:183} INFO - Processing /home/airflow/.local/lib/python3.12/site-packages/airflow/example_dags/example_bash_decorator.py took 0.039 seconds
[2025-03-31T19:30:48.167+0000] {processor.py:161} INFO - Started process (PID=1758) to work on /home/airflow/.local/lib/python3.12/site-packages/airflow/example_dags/example_bash_decorator.py
[2025-03-31T19:30:48.168+0000] {processor.py:830} INFO - Processing file /home/airflow/.local/lib/python3.12/site-packages/airflow/example_dags/example_bash_decorator.py for tasks to queue
[2025-03-31T19:30:48.170+0000] {logging_mixin.py:188} INFO - [2025-03-31T19:30:48.169+0000] {dagbag.py:545} INFO - Filling up the DagBag from /home/airflow/.local/lib/python3.12/site-packages/airflow/example_dags/example_bash_decorator.py
[2025-03-31T19:30:48.176+0000] {processor.py:840} INFO - DAG(s) 'example_bash_decorator' retrieved from /home/airflow/.local/lib/python3.12/site-packages/airflow/example_dags/example_bash_decorator.py
[2025-03-31T19:30:48.189+0000] {logging_mixin.py:188} INFO - [2025-03-31T19:30:48.189+0000] {dag.py:3089} INFO - Sync 1 DAGs
[2025-03-31T19:30:48.195+0000] {logging_mixin.py:188} INFO - [2025-03-31T19:30:48.195+0000] {dag.py:3947} INFO - Setting next_dagrun for example_bash_decorator to None, run_after=None
[2025-03-31T19:30:48.205+0000] {processor.py:183} INFO - Processing /home/airflow/.local/lib/python3.12/site-packages/airflow/example_dags/example_bash_decorator.py took 0.042 seconds
[2025-03-31T19:31:20.908+0000] {processor.py:161} INFO - Started process (PID=1829) to work on /home/airflow/.local/lib/python3.12/site-packages/airflow/example_dags/example_bash_decorator.py
[2025-03-31T19:31:20.910+0000] {processor.py:830} INFO - Processing file /home/airflow/.local/lib/python3.12/site-packages/airflow/example_dags/example_bash_decorator.py for tasks to queue
[2025-03-31T19:31:20.910+0000] {logging_mixin.py:188} INFO - [2025-03-31T19:31:20.910+0000] {dagbag.py:545} INFO - Filling up the DagBag from /home/airflow/.local/lib/python3.12/site-packages/airflow/example_dags/example_bash_decorator.py
[2025-03-31T19:31:20.917+0000] {processor.py:840} INFO - DAG(s) 'example_bash_decorator' retrieved from /home/airflow/.local/lib/python3.12/site-packages/airflow/example_dags/example_bash_decorator.py
[2025-03-31T19:31:20.929+0000] {logging_mixin.py:188} INFO - [2025-03-31T19:31:20.929+0000] {dag.py:3089} INFO - Sync 1 DAGs
[2025-03-31T19:31:20.935+0000] {logging_mixin.py:188} INFO - [2025-03-31T19:31:20.935+0000] {dag.py:3947} INFO - Setting next_dagrun for example_bash_decorator to None, run_after=None
[2025-03-31T19:31:20.944+0000] {processor.py:183} INFO - Processing /home/airflow/.local/lib/python3.12/site-packages/airflow/example_dags/example_bash_decorator.py took 0.038 seconds
[2025-03-31T19:31:53.640+0000] {processor.py:161} INFO - Started process (PID=1901) to work on /home/airflow/.local/lib/python3.12/site-packages/airflow/example_dags/example_bash_decorator.py
[2025-03-31T19:31:53.640+0000] {processor.py:830} INFO - Processing file /home/airflow/.local/lib/python3.12/site-packages/airflow/example_dags/example_bash_decorator.py for tasks to queue
[2025-03-31T19:31:53.641+0000] {logging_mixin.py:188} INFO - [2025-03-31T19:31:53.641+0000] {dagbag.py:545} INFO - Filling up the DagBag from /home/airflow/.local/lib/python3.12/site-packages/airflow/example_dags/example_bash_decorator.py
[2025-03-31T19:31:53.648+0000] {processor.py:840} INFO - DAG(s) 'example_bash_decorator' retrieved from /home/airflow/.local/lib/python3.12/site-packages/airflow/example_dags/example_bash_decorator.py
[2025-03-31T19:31:53.659+0000] {logging_mixin.py:188} INFO - [2025-03-31T19:31:53.659+0000] {dag.py:3089} INFO - Sync 1 DAGs
[2025-03-31T19:31:53.664+0000] {logging_mixin.py:188} INFO - [2025-03-31T19:31:53.664+0000] {dag.py:3947} INFO - Setting next_dagrun for example_bash_decorator to None, run_after=None
[2025-03-31T19:31:53.671+0000] {processor.py:183} INFO - Processing /home/airflow/.local/lib/python3.12/site-packages/airflow/example_dags/example_bash_decorator.py took 0.034 seconds
[2025-03-31T19:32:26.347+0000] {processor.py:161} INFO - Started process (PID=1973) to work on /home/airflow/.local/lib/python3.12/site-packages/airflow/example_dags/example_bash_decorator.py
[2025-03-31T19:32:26.348+0000] {processor.py:830} INFO - Processing file /home/airflow/.local/lib/python3.12/site-packages/airflow/example_dags/example_bash_decorator.py for tasks to queue
[2025-03-31T19:32:26.349+0000] {logging_mixin.py:188} INFO - [2025-03-31T19:32:26.348+0000] {dagbag.py:545} INFO - Filling up the DagBag from /home/airflow/.local/lib/python3.12/site-packages/airflow/example_dags/example_bash_decorator.py
[2025-03-31T19:32:26.355+0000] {processor.py:840} INFO - DAG(s) 'example_bash_decorator' retrieved from /home/airflow/.local/lib/python3.12/site-packages/airflow/example_dags/example_bash_decorator.py
[2025-03-31T19:32:26.364+0000] {logging_mixin.py:188} INFO - [2025-03-31T19:32:26.364+0000] {dag.py:3089} INFO - Sync 1 DAGs
[2025-03-31T19:32:26.369+0000] {logging_mixin.py:188} INFO - [2025-03-31T19:32:26.369+0000] {dag.py:3947} INFO - Setting next_dagrun for example_bash_decorator to None, run_after=None
[2025-03-31T19:32:26.375+0000] {processor.py:183} INFO - Processing /home/airflow/.local/lib/python3.12/site-packages/airflow/example_dags/example_bash_decorator.py took 0.030 seconds
[2025-03-31T19:32:59.562+0000] {processor.py:161} INFO - Started process (PID=2045) to work on /home/airflow/.local/lib/python3.12/site-packages/airflow/example_dags/example_bash_decorator.py
[2025-03-31T19:32:59.563+0000] {processor.py:830} INFO - Processing file /home/airflow/.local/lib/python3.12/site-packages/airflow/example_dags/example_bash_decorator.py for tasks to queue
[2025-03-31T19:32:59.564+0000] {logging_mixin.py:188} INFO - [2025-03-31T19:32:59.564+0000] {dagbag.py:545} INFO - Filling up the DagBag from /home/airflow/.local/lib/python3.12/site-packages/airflow/example_dags/example_bash_decorator.py
[2025-03-31T19:32:59.570+0000] {processor.py:840} INFO - DAG(s) 'example_bash_decorator' retrieved from /home/airflow/.local/lib/python3.12/site-packages/airflow/example_dags/example_bash_decorator.py
[2025-03-31T19:32:59.580+0000] {logging_mixin.py:188} INFO - [2025-03-31T19:32:59.580+0000] {dag.py:3089} INFO - Sync 1 DAGs
[2025-03-31T19:32:59.585+0000] {logging_mixin.py:188} INFO - [2025-03-31T19:32:59.585+0000] {dag.py:3947} INFO - Setting next_dagrun for example_bash_decorator to None, run_after=None
[2025-03-31T19:32:59.592+0000] {processor.py:183} INFO - Processing /home/airflow/.local/lib/python3.12/site-packages/airflow/example_dags/example_bash_decorator.py took 0.033 seconds
[2025-03-31T19:33:32.298+0000] {processor.py:161} INFO - Started process (PID=2117) to work on /home/airflow/.local/lib/python3.12/site-packages/airflow/example_dags/example_bash_decorator.py
[2025-03-31T19:33:32.298+0000] {processor.py:830} INFO - Processing file /home/airflow/.local/lib/python3.12/site-packages/airflow/example_dags/example_bash_decorator.py for tasks to queue
[2025-03-31T19:33:32.299+0000] {logging_mixin.py:188} INFO - [2025-03-31T19:33:32.299+0000] {dagbag.py:545} INFO - Filling up the DagBag from /home/airflow/.local/lib/python3.12/site-packages/airflow/example_dags/example_bash_decorator.py
[2025-03-31T19:33:32.305+0000] {processor.py:840} INFO - DAG(s) 'example_bash_decorator' retrieved from /home/airflow/.local/lib/python3.12/site-packages/airflow/example_dags/example_bash_decorator.py
[2025-03-31T19:33:32.314+0000] {logging_mixin.py:188} INFO - [2025-03-31T19:33:32.314+0000] {dag.py:3089} INFO - Sync 1 DAGs
[2025-03-31T19:33:32.319+0000] {logging_mixin.py:188} INFO - [2025-03-31T19:33:32.319+0000] {dag.py:3947} INFO - Setting next_dagrun for example_bash_decorator to None, run_after=None
[2025-03-31T19:33:32.325+0000] {processor.py:183} INFO - Processing /home/airflow/.local/lib/python3.12/site-packages/airflow/example_dags/example_bash_decorator.py took 0.030 seconds
[2025-03-31T19:34:04.836+0000] {processor.py:161} INFO - Started process (PID=2189) to work on /home/airflow/.local/lib/python3.12/site-packages/airflow/example_dags/example_bash_decorator.py
[2025-03-31T19:34:04.836+0000] {processor.py:830} INFO - Processing file /home/airflow/.local/lib/python3.12/site-packages/airflow/example_dags/example_bash_decorator.py for tasks to queue
[2025-03-31T19:34:04.837+0000] {logging_mixin.py:188} INFO - [2025-03-31T19:34:04.837+0000] {dagbag.py:545} INFO - Filling up the DagBag from /home/airflow/.local/lib/python3.12/site-packages/airflow/example_dags/example_bash_decorator.py
[2025-03-31T19:34:04.843+0000] {processor.py:840} INFO - DAG(s) 'example_bash_decorator' retrieved from /home/airflow/.local/lib/python3.12/site-packages/airflow/example_dags/example_bash_decorator.py
[2025-03-31T19:34:04.853+0000] {logging_mixin.py:188} INFO - [2025-03-31T19:34:04.852+0000] {dag.py:3089} INFO - Sync 1 DAGs
[2025-03-31T19:34:04.857+0000] {logging_mixin.py:188} INFO - [2025-03-31T19:34:04.857+0000] {dag.py:3947} INFO - Setting next_dagrun for example_bash_decorator to None, run_after=None
[2025-03-31T19:34:04.866+0000] {processor.py:183} INFO - Processing /home/airflow/.local/lib/python3.12/site-packages/airflow/example_dags/example_bash_decorator.py took 0.032 seconds
[2025-03-31T19:34:38.043+0000] {processor.py:161} INFO - Started process (PID=2261) to work on /home/airflow/.local/lib/python3.12/site-packages/airflow/example_dags/example_bash_decorator.py
[2025-03-31T19:34:38.044+0000] {processor.py:830} INFO - Processing file /home/airflow/.local/lib/python3.12/site-packages/airflow/example_dags/example_bash_decorator.py for tasks to queue
[2025-03-31T19:34:38.045+0000] {logging_mixin.py:188} INFO - [2025-03-31T19:34:38.045+0000] {dagbag.py:545} INFO - Filling up the DagBag from /home/airflow/.local/lib/python3.12/site-packages/airflow/example_dags/example_bash_decorator.py
[2025-03-31T19:34:38.054+0000] {processor.py:840} INFO - DAG(s) 'example_bash_decorator' retrieved from /home/airflow/.local/lib/python3.12/site-packages/airflow/example_dags/example_bash_decorator.py
[2025-03-31T19:34:38.068+0000] {logging_mixin.py:188} INFO - [2025-03-31T19:34:38.068+0000] {dag.py:3089} INFO - Sync 1 DAGs
[2025-03-31T19:34:38.076+0000] {logging_mixin.py:188} INFO - [2025-03-31T19:34:38.076+0000] {dag.py:3947} INFO - Setting next_dagrun for example_bash_decorator to None, run_after=None
[2025-03-31T19:34:38.088+0000] {processor.py:183} INFO - Processing /home/airflow/.local/lib/python3.12/site-packages/airflow/example_dags/example_bash_decorator.py took 0.050 seconds
[2025-03-31T19:35:10.860+0000] {processor.py:161} INFO - Started process (PID=2333) to work on /home/airflow/.local/lib/python3.12/site-packages/airflow/example_dags/example_bash_decorator.py
[2025-03-31T19:35:10.860+0000] {processor.py:830} INFO - Processing file /home/airflow/.local/lib/python3.12/site-packages/airflow/example_dags/example_bash_decorator.py for tasks to queue
[2025-03-31T19:35:10.861+0000] {logging_mixin.py:188} INFO - [2025-03-31T19:35:10.861+0000] {dagbag.py:545} INFO - Filling up the DagBag from /home/airflow/.local/lib/python3.12/site-packages/airflow/example_dags/example_bash_decorator.py
[2025-03-31T19:35:10.867+0000] {processor.py:840} INFO - DAG(s) 'example_bash_decorator' retrieved from /home/airflow/.local/lib/python3.12/site-packages/airflow/example_dags/example_bash_decorator.py
[2025-03-31T19:35:10.876+0000] {logging_mixin.py:188} INFO - [2025-03-31T19:35:10.876+0000] {dag.py:3089} INFO - Sync 1 DAGs
[2025-03-31T19:35:10.881+0000] {logging_mixin.py:188} INFO - [2025-03-31T19:35:10.881+0000] {dag.py:3947} INFO - Setting next_dagrun for example_bash_decorator to None, run_after=None
[2025-03-31T19:35:10.887+0000] {processor.py:183} INFO - Processing /home/airflow/.local/lib/python3.12/site-packages/airflow/example_dags/example_bash_decorator.py took 0.030 seconds
[2025-03-31T19:35:43.883+0000] {processor.py:161} INFO - Started process (PID=2405) to work on /home/airflow/.local/lib/python3.12/site-packages/airflow/example_dags/example_bash_decorator.py
[2025-03-31T19:35:43.884+0000] {processor.py:830} INFO - Processing file /home/airflow/.local/lib/python3.12/site-packages/airflow/example_dags/example_bash_decorator.py for tasks to queue
[2025-03-31T19:35:43.886+0000] {logging_mixin.py:188} INFO - [2025-03-31T19:35:43.885+0000] {dagbag.py:545} INFO - Filling up the DagBag from /home/airflow/.local/lib/python3.12/site-packages/airflow/example_dags/example_bash_decorator.py
[2025-03-31T19:35:43.893+0000] {processor.py:840} INFO - DAG(s) 'example_bash_decorator' retrieved from /home/airflow/.local/lib/python3.12/site-packages/airflow/example_dags/example_bash_decorator.py
[2025-03-31T19:35:43.904+0000] {logging_mixin.py:188} INFO - [2025-03-31T19:35:43.904+0000] {dag.py:3089} INFO - Sync 1 DAGs
[2025-03-31T19:35:43.909+0000] {logging_mixin.py:188} INFO - [2025-03-31T19:35:43.909+0000] {dag.py:3947} INFO - Setting next_dagrun for example_bash_decorator to None, run_after=None
[2025-03-31T19:35:43.919+0000] {processor.py:183} INFO - Processing /home/airflow/.local/lib/python3.12/site-packages/airflow/example_dags/example_bash_decorator.py took 0.040 seconds
[2025-03-31T19:36:16.630+0000] {processor.py:161} INFO - Started process (PID=2482) to work on /home/airflow/.local/lib/python3.12/site-packages/airflow/example_dags/example_bash_decorator.py
[2025-03-31T19:36:16.631+0000] {processor.py:830} INFO - Processing file /home/airflow/.local/lib/python3.12/site-packages/airflow/example_dags/example_bash_decorator.py for tasks to queue
[2025-03-31T19:36:16.631+0000] {logging_mixin.py:188} INFO - [2025-03-31T19:36:16.631+0000] {dagbag.py:545} INFO - Filling up the DagBag from /home/airflow/.local/lib/python3.12/site-packages/airflow/example_dags/example_bash_decorator.py
[2025-03-31T19:36:16.639+0000] {processor.py:840} INFO - DAG(s) 'example_bash_decorator' retrieved from /home/airflow/.local/lib/python3.12/site-packages/airflow/example_dags/example_bash_decorator.py
[2025-03-31T19:36:16.650+0000] {logging_mixin.py:188} INFO - [2025-03-31T19:36:16.650+0000] {dag.py:3089} INFO - Sync 1 DAGs
[2025-03-31T19:36:16.655+0000] {logging_mixin.py:188} INFO - [2025-03-31T19:36:16.655+0000] {dag.py:3947} INFO - Setting next_dagrun for example_bash_decorator to None, run_after=None
[2025-03-31T19:36:16.662+0000] {processor.py:183} INFO - Processing /home/airflow/.local/lib/python3.12/site-packages/airflow/example_dags/example_bash_decorator.py took 0.035 seconds
[2025-03-31T19:36:49.338+0000] {processor.py:161} INFO - Started process (PID=2554) to work on /home/airflow/.local/lib/python3.12/site-packages/airflow/example_dags/example_bash_decorator.py
[2025-03-31T19:36:49.338+0000] {processor.py:830} INFO - Processing file /home/airflow/.local/lib/python3.12/site-packages/airflow/example_dags/example_bash_decorator.py for tasks to queue
[2025-03-31T19:36:49.339+0000] {logging_mixin.py:188} INFO - [2025-03-31T19:36:49.339+0000] {dagbag.py:545} INFO - Filling up the DagBag from /home/airflow/.local/lib/python3.12/site-packages/airflow/example_dags/example_bash_decorator.py
[2025-03-31T19:36:49.346+0000] {processor.py:840} INFO - DAG(s) 'example_bash_decorator' retrieved from /home/airflow/.local/lib/python3.12/site-packages/airflow/example_dags/example_bash_decorator.py
[2025-03-31T19:36:49.359+0000] {logging_mixin.py:188} INFO - [2025-03-31T19:36:49.359+0000] {dag.py:3089} INFO - Sync 1 DAGs
[2025-03-31T19:36:49.365+0000] {logging_mixin.py:188} INFO - [2025-03-31T19:36:49.365+0000] {dag.py:3947} INFO - Setting next_dagrun for example_bash_decorator to None, run_after=None
[2025-03-31T19:36:49.373+0000] {processor.py:183} INFO - Processing /home/airflow/.local/lib/python3.12/site-packages/airflow/example_dags/example_bash_decorator.py took 0.038 seconds
[2025-03-31T19:37:22.220+0000] {processor.py:161} INFO - Started process (PID=2626) to work on /home/airflow/.local/lib/python3.12/site-packages/airflow/example_dags/example_bash_decorator.py
[2025-03-31T19:37:22.220+0000] {processor.py:830} INFO - Processing file /home/airflow/.local/lib/python3.12/site-packages/airflow/example_dags/example_bash_decorator.py for tasks to queue
[2025-03-31T19:37:22.221+0000] {logging_mixin.py:188} INFO - [2025-03-31T19:37:22.221+0000] {dagbag.py:545} INFO - Filling up the DagBag from /home/airflow/.local/lib/python3.12/site-packages/airflow/example_dags/example_bash_decorator.py
[2025-03-31T19:37:22.227+0000] {processor.py:840} INFO - DAG(s) 'example_bash_decorator' retrieved from /home/airflow/.local/lib/python3.12/site-packages/airflow/example_dags/example_bash_decorator.py
[2025-03-31T19:37:22.237+0000] {logging_mixin.py:188} INFO - [2025-03-31T19:37:22.237+0000] {dag.py:3089} INFO - Sync 1 DAGs
[2025-03-31T19:37:22.242+0000] {logging_mixin.py:188} INFO - [2025-03-31T19:37:22.242+0000] {dag.py:3947} INFO - Setting next_dagrun for example_bash_decorator to None, run_after=None
[2025-03-31T19:37:22.249+0000] {processor.py:183} INFO - Processing /home/airflow/.local/lib/python3.12/site-packages/airflow/example_dags/example_bash_decorator.py took 0.032 seconds
[2025-03-31T19:37:54.926+0000] {processor.py:161} INFO - Started process (PID=2698) to work on /home/airflow/.local/lib/python3.12/site-packages/airflow/example_dags/example_bash_decorator.py
[2025-03-31T19:37:54.926+0000] {processor.py:830} INFO - Processing file /home/airflow/.local/lib/python3.12/site-packages/airflow/example_dags/example_bash_decorator.py for tasks to queue
[2025-03-31T19:37:54.927+0000] {logging_mixin.py:188} INFO - [2025-03-31T19:37:54.927+0000] {dagbag.py:545} INFO - Filling up the DagBag from /home/airflow/.local/lib/python3.12/site-packages/airflow/example_dags/example_bash_decorator.py
[2025-03-31T19:37:54.933+0000] {processor.py:840} INFO - DAG(s) 'example_bash_decorator' retrieved from /home/airflow/.local/lib/python3.12/site-packages/airflow/example_dags/example_bash_decorator.py
[2025-03-31T19:37:54.942+0000] {logging_mixin.py:188} INFO - [2025-03-31T19:37:54.942+0000] {dag.py:3089} INFO - Sync 1 DAGs
[2025-03-31T19:37:54.947+0000] {logging_mixin.py:188} INFO - [2025-03-31T19:37:54.947+0000] {dag.py:3947} INFO - Setting next_dagrun for example_bash_decorator to None, run_after=None
[2025-03-31T19:37:54.953+0000] {processor.py:183} INFO - Processing /home/airflow/.local/lib/python3.12/site-packages/airflow/example_dags/example_bash_decorator.py took 0.030 seconds
[2025-03-31T19:38:27.558+0000] {processor.py:161} INFO - Started process (PID=2770) to work on /home/airflow/.local/lib/python3.12/site-packages/airflow/example_dags/example_bash_decorator.py
[2025-03-31T19:38:27.559+0000] {processor.py:830} INFO - Processing file /home/airflow/.local/lib/python3.12/site-packages/airflow/example_dags/example_bash_decorator.py for tasks to queue
[2025-03-31T19:38:27.559+0000] {logging_mixin.py:188} INFO - [2025-03-31T19:38:27.559+0000] {dagbag.py:545} INFO - Filling up the DagBag from /home/airflow/.local/lib/python3.12/site-packages/airflow/example_dags/example_bash_decorator.py
[2025-03-31T19:38:27.566+0000] {processor.py:840} INFO - DAG(s) 'example_bash_decorator' retrieved from /home/airflow/.local/lib/python3.12/site-packages/airflow/example_dags/example_bash_decorator.py
[2025-03-31T19:38:27.581+0000] {logging_mixin.py:188} INFO - [2025-03-31T19:38:27.580+0000] {dag.py:3089} INFO - Sync 1 DAGs
[2025-03-31T19:38:27.589+0000] {logging_mixin.py:188} INFO - [2025-03-31T19:38:27.589+0000] {dag.py:3947} INFO - Setting next_dagrun for example_bash_decorator to None, run_after=None
[2025-03-31T19:38:27.597+0000] {processor.py:183} INFO - Processing /home/airflow/.local/lib/python3.12/site-packages/airflow/example_dags/example_bash_decorator.py took 0.041 seconds
[2025-03-31T19:39:00.242+0000] {processor.py:161} INFO - Started process (PID=2842) to work on /home/airflow/.local/lib/python3.12/site-packages/airflow/example_dags/example_bash_decorator.py
[2025-03-31T19:39:00.242+0000] {processor.py:830} INFO - Processing file /home/airflow/.local/lib/python3.12/site-packages/airflow/example_dags/example_bash_decorator.py for tasks to queue
[2025-03-31T19:39:00.243+0000] {logging_mixin.py:188} INFO - [2025-03-31T19:39:00.243+0000] {dagbag.py:545} INFO - Filling up the DagBag from /home/airflow/.local/lib/python3.12/site-packages/airflow/example_dags/example_bash_decorator.py
[2025-03-31T19:39:00.250+0000] {processor.py:840} INFO - DAG(s) 'example_bash_decorator' retrieved from /home/airflow/.local/lib/python3.12/site-packages/airflow/example_dags/example_bash_decorator.py
[2025-03-31T19:39:00.262+0000] {logging_mixin.py:188} INFO - [2025-03-31T19:39:00.262+0000] {dag.py:3089} INFO - Sync 1 DAGs
[2025-03-31T19:39:00.268+0000] {logging_mixin.py:188} INFO - [2025-03-31T19:39:00.268+0000] {dag.py:3947} INFO - Setting next_dagrun for example_bash_decorator to None, run_after=None
[2025-03-31T19:39:00.275+0000] {processor.py:183} INFO - Processing /home/airflow/.local/lib/python3.12/site-packages/airflow/example_dags/example_bash_decorator.py took 0.036 seconds
[2025-03-31T19:39:32.995+0000] {processor.py:161} INFO - Started process (PID=2914) to work on /home/airflow/.local/lib/python3.12/site-packages/airflow/example_dags/example_bash_decorator.py
[2025-03-31T19:39:32.995+0000] {processor.py:830} INFO - Processing file /home/airflow/.local/lib/python3.12/site-packages/airflow/example_dags/example_bash_decorator.py for tasks to queue
[2025-03-31T19:39:32.996+0000] {logging_mixin.py:188} INFO - [2025-03-31T19:39:32.996+0000] {dagbag.py:545} INFO - Filling up the DagBag from /home/airflow/.local/lib/python3.12/site-packages/airflow/example_dags/example_bash_decorator.py
[2025-03-31T19:39:33.003+0000] {processor.py:840} INFO - DAG(s) 'example_bash_decorator' retrieved from /home/airflow/.local/lib/python3.12/site-packages/airflow/example_dags/example_bash_decorator.py
[2025-03-31T19:39:33.015+0000] {logging_mixin.py:188} INFO - [2025-03-31T19:39:33.015+0000] {dag.py:3089} INFO - Sync 1 DAGs
[2025-03-31T19:39:33.020+0000] {logging_mixin.py:188} INFO - [2025-03-31T19:39:33.020+0000] {dag.py:3947} INFO - Setting next_dagrun for example_bash_decorator to None, run_after=None
[2025-03-31T19:39:33.027+0000] {processor.py:183} INFO - Processing /home/airflow/.local/lib/python3.12/site-packages/airflow/example_dags/example_bash_decorator.py took 0.035 seconds
[2025-03-31T19:40:05.763+0000] {processor.py:161} INFO - Started process (PID=2986) to work on /home/airflow/.local/lib/python3.12/site-packages/airflow/example_dags/example_bash_decorator.py
[2025-03-31T19:40:05.763+0000] {processor.py:830} INFO - Processing file /home/airflow/.local/lib/python3.12/site-packages/airflow/example_dags/example_bash_decorator.py for tasks to queue
[2025-03-31T19:40:05.764+0000] {logging_mixin.py:188} INFO - [2025-03-31T19:40:05.764+0000] {dagbag.py:545} INFO - Filling up the DagBag from /home/airflow/.local/lib/python3.12/site-packages/airflow/example_dags/example_bash_decorator.py
[2025-03-31T19:40:05.771+0000] {processor.py:840} INFO - DAG(s) 'example_bash_decorator' retrieved from /home/airflow/.local/lib/python3.12/site-packages/airflow/example_dags/example_bash_decorator.py
[2025-03-31T19:40:05.788+0000] {logging_mixin.py:188} INFO - [2025-03-31T19:40:05.788+0000] {dag.py:3089} INFO - Sync 1 DAGs
[2025-03-31T19:40:05.794+0000] {logging_mixin.py:188} INFO - [2025-03-31T19:40:05.794+0000] {dag.py:3947} INFO - Setting next_dagrun for example_bash_decorator to None, run_after=None
[2025-03-31T19:40:05.807+0000] {processor.py:183} INFO - Processing /home/airflow/.local/lib/python3.12/site-packages/airflow/example_dags/example_bash_decorator.py took 0.047 seconds
[2025-03-31T19:40:38.320+0000] {processor.py:161} INFO - Started process (PID=3058) to work on /home/airflow/.local/lib/python3.12/site-packages/airflow/example_dags/example_bash_decorator.py
[2025-03-31T19:40:38.320+0000] {processor.py:830} INFO - Processing file /home/airflow/.local/lib/python3.12/site-packages/airflow/example_dags/example_bash_decorator.py for tasks to queue
[2025-03-31T19:40:38.322+0000] {logging_mixin.py:188} INFO - [2025-03-31T19:40:38.321+0000] {dagbag.py:545} INFO - Filling up the DagBag from /home/airflow/.local/lib/python3.12/site-packages/airflow/example_dags/example_bash_decorator.py
[2025-03-31T19:40:38.332+0000] {processor.py:840} INFO - DAG(s) 'example_bash_decorator' retrieved from /home/airflow/.local/lib/python3.12/site-packages/airflow/example_dags/example_bash_decorator.py
[2025-03-31T19:40:38.344+0000] {logging_mixin.py:188} INFO - [2025-03-31T19:40:38.344+0000] {dag.py:3089} INFO - Sync 1 DAGs
[2025-03-31T19:40:38.351+0000] {logging_mixin.py:188} INFO - [2025-03-31T19:40:38.351+0000] {dag.py:3947} INFO - Setting next_dagrun for example_bash_decorator to None, run_after=None
[2025-03-31T19:40:38.366+0000] {processor.py:183} INFO - Processing /home/airflow/.local/lib/python3.12/site-packages/airflow/example_dags/example_bash_decorator.py took 0.050 seconds
[2025-03-31T19:41:11.068+0000] {processor.py:161} INFO - Started process (PID=3130) to work on /home/airflow/.local/lib/python3.12/site-packages/airflow/example_dags/example_bash_decorator.py
[2025-03-31T19:41:11.069+0000] {processor.py:830} INFO - Processing file /home/airflow/.local/lib/python3.12/site-packages/airflow/example_dags/example_bash_decorator.py for tasks to queue
[2025-03-31T19:41:11.070+0000] {logging_mixin.py:188} INFO - [2025-03-31T19:41:11.070+0000] {dagbag.py:545} INFO - Filling up the DagBag from /home/airflow/.local/lib/python3.12/site-packages/airflow/example_dags/example_bash_decorator.py
[2025-03-31T19:41:11.077+0000] {processor.py:840} INFO - DAG(s) 'example_bash_decorator' retrieved from /home/airflow/.local/lib/python3.12/site-packages/airflow/example_dags/example_bash_decorator.py
[2025-03-31T19:41:11.088+0000] {logging_mixin.py:188} INFO - [2025-03-31T19:41:11.088+0000] {dag.py:3089} INFO - Sync 1 DAGs
[2025-03-31T19:41:11.095+0000] {logging_mixin.py:188} INFO - [2025-03-31T19:41:11.095+0000] {dag.py:3947} INFO - Setting next_dagrun for example_bash_decorator to None, run_after=None
[2025-03-31T19:41:11.106+0000] {processor.py:183} INFO - Processing /home/airflow/.local/lib/python3.12/site-packages/airflow/example_dags/example_bash_decorator.py took 0.040 seconds
[2025-03-31T19:41:43.590+0000] {processor.py:161} INFO - Started process (PID=3202) to work on /home/airflow/.local/lib/python3.12/site-packages/airflow/example_dags/example_bash_decorator.py
[2025-03-31T19:41:43.590+0000] {processor.py:830} INFO - Processing file /home/airflow/.local/lib/python3.12/site-packages/airflow/example_dags/example_bash_decorator.py for tasks to queue
[2025-03-31T19:41:43.591+0000] {logging_mixin.py:188} INFO - [2025-03-31T19:41:43.591+0000] {dagbag.py:545} INFO - Filling up the DagBag from /home/airflow/.local/lib/python3.12/site-packages/airflow/example_dags/example_bash_decorator.py
[2025-03-31T19:41:43.597+0000] {processor.py:840} INFO - DAG(s) 'example_bash_decorator' retrieved from /home/airflow/.local/lib/python3.12/site-packages/airflow/example_dags/example_bash_decorator.py
[2025-03-31T19:41:43.613+0000] {logging_mixin.py:188} INFO - [2025-03-31T19:41:43.612+0000] {dag.py:3089} INFO - Sync 1 DAGs
[2025-03-31T19:41:43.620+0000] {logging_mixin.py:188} INFO - [2025-03-31T19:41:43.620+0000] {dag.py:3947} INFO - Setting next_dagrun for example_bash_decorator to None, run_after=None
[2025-03-31T19:41:43.630+0000] {processor.py:183} INFO - Processing /home/airflow/.local/lib/python3.12/site-packages/airflow/example_dags/example_bash_decorator.py took 0.043 seconds
[2025-03-31T19:42:16.442+0000] {processor.py:161} INFO - Started process (PID=3280) to work on /home/airflow/.local/lib/python3.12/site-packages/airflow/example_dags/example_bash_decorator.py
[2025-03-31T19:42:16.444+0000] {processor.py:830} INFO - Processing file /home/airflow/.local/lib/python3.12/site-packages/airflow/example_dags/example_bash_decorator.py for tasks to queue
[2025-03-31T19:42:16.445+0000] {logging_mixin.py:188} INFO - [2025-03-31T19:42:16.445+0000] {dagbag.py:545} INFO - Filling up the DagBag from /home/airflow/.local/lib/python3.12/site-packages/airflow/example_dags/example_bash_decorator.py
[2025-03-31T19:42:16.455+0000] {processor.py:840} INFO - DAG(s) 'example_bash_decorator' retrieved from /home/airflow/.local/lib/python3.12/site-packages/airflow/example_dags/example_bash_decorator.py
[2025-03-31T19:42:16.470+0000] {logging_mixin.py:188} INFO - [2025-03-31T19:42:16.470+0000] {dag.py:3089} INFO - Sync 1 DAGs
[2025-03-31T19:42:16.478+0000] {logging_mixin.py:188} INFO - [2025-03-31T19:42:16.477+0000] {dag.py:3947} INFO - Setting next_dagrun for example_bash_decorator to None, run_after=None
[2025-03-31T19:42:16.487+0000] {processor.py:183} INFO - Processing /home/airflow/.local/lib/python3.12/site-packages/airflow/example_dags/example_bash_decorator.py took 0.048 seconds
[2025-03-31T19:42:49.466+0000] {processor.py:161} INFO - Started process (PID=3352) to work on /home/airflow/.local/lib/python3.12/site-packages/airflow/example_dags/example_bash_decorator.py
[2025-03-31T19:42:49.466+0000] {processor.py:830} INFO - Processing file /home/airflow/.local/lib/python3.12/site-packages/airflow/example_dags/example_bash_decorator.py for tasks to queue
[2025-03-31T19:42:49.467+0000] {logging_mixin.py:188} INFO - [2025-03-31T19:42:49.467+0000] {dagbag.py:545} INFO - Filling up the DagBag from /home/airflow/.local/lib/python3.12/site-packages/airflow/example_dags/example_bash_decorator.py
[2025-03-31T19:42:49.473+0000] {processor.py:840} INFO - DAG(s) 'example_bash_decorator' retrieved from /home/airflow/.local/lib/python3.12/site-packages/airflow/example_dags/example_bash_decorator.py
[2025-03-31T19:42:49.484+0000] {logging_mixin.py:188} INFO - [2025-03-31T19:42:49.484+0000] {dag.py:3089} INFO - Sync 1 DAGs
[2025-03-31T19:42:49.490+0000] {logging_mixin.py:188} INFO - [2025-03-31T19:42:49.489+0000] {dag.py:3947} INFO - Setting next_dagrun for example_bash_decorator to None, run_after=None
[2025-03-31T19:42:49.496+0000] {processor.py:183} INFO - Processing /home/airflow/.local/lib/python3.12/site-packages/airflow/example_dags/example_bash_decorator.py took 0.033 seconds
[2025-03-31T19:43:21.967+0000] {processor.py:161} INFO - Started process (PID=3424) to work on /home/airflow/.local/lib/python3.12/site-packages/airflow/example_dags/example_bash_decorator.py
[2025-03-31T19:43:21.968+0000] {processor.py:830} INFO - Processing file /home/airflow/.local/lib/python3.12/site-packages/airflow/example_dags/example_bash_decorator.py for tasks to queue
[2025-03-31T19:43:21.969+0000] {logging_mixin.py:188} INFO - [2025-03-31T19:43:21.969+0000] {dagbag.py:545} INFO - Filling up the DagBag from /home/airflow/.local/lib/python3.12/site-packages/airflow/example_dags/example_bash_decorator.py
[2025-03-31T19:43:21.975+0000] {processor.py:840} INFO - DAG(s) 'example_bash_decorator' retrieved from /home/airflow/.local/lib/python3.12/site-packages/airflow/example_dags/example_bash_decorator.py
[2025-03-31T19:43:21.985+0000] {logging_mixin.py:188} INFO - [2025-03-31T19:43:21.985+0000] {dag.py:3089} INFO - Sync 1 DAGs
[2025-03-31T19:43:21.990+0000] {logging_mixin.py:188} INFO - [2025-03-31T19:43:21.990+0000] {dag.py:3947} INFO - Setting next_dagrun for example_bash_decorator to None, run_after=None
[2025-03-31T19:43:22.001+0000] {processor.py:183} INFO - Processing /home/airflow/.local/lib/python3.12/site-packages/airflow/example_dags/example_bash_decorator.py took 0.037 seconds
[2025-03-31T19:43:54.233+0000] {processor.py:161} INFO - Started process (PID=3496) to work on /home/airflow/.local/lib/python3.12/site-packages/airflow/example_dags/example_bash_decorator.py
[2025-03-31T19:43:54.233+0000] {processor.py:830} INFO - Processing file /home/airflow/.local/lib/python3.12/site-packages/airflow/example_dags/example_bash_decorator.py for tasks to queue
[2025-03-31T19:43:54.234+0000] {logging_mixin.py:188} INFO - [2025-03-31T19:43:54.234+0000] {dagbag.py:545} INFO - Filling up the DagBag from /home/airflow/.local/lib/python3.12/site-packages/airflow/example_dags/example_bash_decorator.py
[2025-03-31T19:43:54.239+0000] {processor.py:840} INFO - DAG(s) 'example_bash_decorator' retrieved from /home/airflow/.local/lib/python3.12/site-packages/airflow/example_dags/example_bash_decorator.py
[2025-03-31T19:43:54.249+0000] {logging_mixin.py:188} INFO - [2025-03-31T19:43:54.249+0000] {dag.py:3089} INFO - Sync 1 DAGs
[2025-03-31T19:43:54.254+0000] {logging_mixin.py:188} INFO - [2025-03-31T19:43:54.254+0000] {dag.py:3947} INFO - Setting next_dagrun for example_bash_decorator to None, run_after=None
[2025-03-31T19:43:54.260+0000] {processor.py:183} INFO - Processing /home/airflow/.local/lib/python3.12/site-packages/airflow/example_dags/example_bash_decorator.py took 0.030 seconds
[2025-03-31T19:44:26.783+0000] {processor.py:161} INFO - Started process (PID=3568) to work on /home/airflow/.local/lib/python3.12/site-packages/airflow/example_dags/example_bash_decorator.py
[2025-03-31T19:44:26.784+0000] {processor.py:830} INFO - Processing file /home/airflow/.local/lib/python3.12/site-packages/airflow/example_dags/example_bash_decorator.py for tasks to queue
[2025-03-31T19:44:26.785+0000] {logging_mixin.py:188} INFO - [2025-03-31T19:44:26.785+0000] {dagbag.py:545} INFO - Filling up the DagBag from /home/airflow/.local/lib/python3.12/site-packages/airflow/example_dags/example_bash_decorator.py
[2025-03-31T19:44:26.791+0000] {processor.py:840} INFO - DAG(s) 'example_bash_decorator' retrieved from /home/airflow/.local/lib/python3.12/site-packages/airflow/example_dags/example_bash_decorator.py
[2025-03-31T19:44:26.801+0000] {logging_mixin.py:188} INFO - [2025-03-31T19:44:26.801+0000] {dag.py:3089} INFO - Sync 1 DAGs
[2025-03-31T19:44:26.806+0000] {logging_mixin.py:188} INFO - [2025-03-31T19:44:26.806+0000] {dag.py:3947} INFO - Setting next_dagrun for example_bash_decorator to None, run_after=None
[2025-03-31T19:44:26.813+0000] {processor.py:183} INFO - Processing /home/airflow/.local/lib/python3.12/site-packages/airflow/example_dags/example_bash_decorator.py took 0.033 seconds
