[2024-07-08T06:47:21.029+0000] {local_task_job_runner.py:120} INFO - ::group::Pre task execution logs
[2024-07-08T06:47:21.037+0000] {taskinstance.py:2076} INFO - Dependencies all met for dep_context=non-requeueable deps ti=<TaskInstance: dag_with_postgres_hooks.concat_data manual__2024-07-08T06:47:17.812433+00:00 [queued]>
[2024-07-08T06:47:21.040+0000] {taskinstance.py:2076} INFO - Dependencies all met for dep_context=requeueable deps ti=<TaskInstance: dag_with_postgres_hooks.concat_data manual__2024-07-08T06:47:17.812433+00:00 [queued]>
[2024-07-08T06:47:21.040+0000] {taskinstance.py:2306} INFO - Starting attempt 1 of 1
[2024-07-08T06:47:21.045+0000] {taskinstance.py:2330} INFO - Executing <Task(PythonOperator): concat_data> on 2024-07-08 06:47:17.812433+00:00
[2024-07-08T06:47:21.047+0000] {warnings.py:112} WARNING - /home/***/.local/lib/python3.12/site-packages/***/task/task_runner/standard_task_runner.py:61: DeprecationWarning: This process (pid=367) is multi-threaded, use of fork() may lead to deadlocks in the child.
  pid = os.fork()

[2024-07-08T06:47:21.048+0000] {standard_task_runner.py:63} INFO - Started process 376 to run task
[2024-07-08T06:47:21.048+0000] {standard_task_runner.py:90} INFO - Running: ['***', 'tasks', 'run', 'dag_with_postgres_hooks', 'concat_data', 'manual__2024-07-08T06:47:17.812433+00:00', '--job-id', '302', '--raw', '--subdir', 'DAGS_FOLDER/sql_2.py', '--cfg-path', '/tmp/tmpkevr3l17']
[2024-07-08T06:47:21.049+0000] {standard_task_runner.py:91} INFO - Job 302: Subtask concat_data
[2024-07-08T06:47:21.068+0000] {task_command.py:426} INFO - Running <TaskInstance: dag_with_postgres_hooks.concat_data manual__2024-07-08T06:47:17.812433+00:00 [running]> on host 10d335c2a089
[2024-07-08T06:47:21.097+0000] {taskinstance.py:2648} INFO - Exporting env vars: AIRFLOW_CTX_DAG_EMAIL='***@example.com' AIRFLOW_CTX_DAG_OWNER='***' AIRFLOW_CTX_DAG_ID='dag_with_postgres_hooks' AIRFLOW_CTX_TASK_ID='concat_data' AIRFLOW_CTX_EXECUTION_DATE='2024-07-08T06:47:17.812433+00:00' AIRFLOW_CTX_TRY_NUMBER='1' AIRFLOW_CTX_DAG_RUN_ID='manual__2024-07-08T06:47:17.812433+00:00'
[2024-07-08T06:47:21.098+0000] {taskinstance.py:430} INFO - ::endgroup::
[2024-07-08T06:47:21.101+0000] {base.py:84} INFO - Using connection ID 'Postgres_server' for task execution.
[2024-07-08T06:47:21.253+0000] {python.py:237} INFO - Done. Returned value was: None
[2024-07-08T06:47:21.254+0000] {taskinstance.py:441} INFO - ::group::Post task execution logs
[2024-07-08T06:47:21.257+0000] {taskinstance.py:1206} INFO - Marking task as SUCCESS. dag_id=dag_with_postgres_hooks, task_id=concat_data, run_id=manual__2024-07-08T06:47:17.812433+00:00, execution_date=20240708T064717, start_date=20240708T064721, end_date=20240708T064721
[2024-07-08T06:47:21.279+0000] {local_task_job_runner.py:240} INFO - Task exited with return code 0
[2024-07-08T06:47:21.288+0000] {taskinstance.py:3503} INFO - 1 downstream tasks scheduled from follow-on schedule check
[2024-07-08T06:47:21.289+0000] {local_task_job_runner.py:222} INFO - ::endgroup::
