[2024-07-19T09:31:25.089+0000] {processor.py:161} INFO - Started process (PID=130) to work on /home/airflow/.local/lib/python3.12/site-packages/airflow/example_dags/example_latest_only.py
[2024-07-19T09:31:25.089+0000] {processor.py:830} INFO - Processing file /home/airflow/.local/lib/python3.12/site-packages/airflow/example_dags/example_latest_only.py for tasks to queue
[2024-07-19T09:31:25.090+0000] {logging_mixin.py:188} INFO - [2024-07-19T09:31:25.090+0000] {dagbag.py:545} INFO - Filling up the DagBag from /home/airflow/.local/lib/python3.12/site-packages/airflow/example_dags/example_latest_only.py
[2024-07-19T09:31:25.092+0000] {processor.py:840} INFO - DAG(s) 'latest_only' retrieved from /home/airflow/.local/lib/python3.12/site-packages/airflow/example_dags/example_latest_only.py
[2024-07-19T09:31:25.137+0000] {logging_mixin.py:188} INFO - [2024-07-19T09:31:25.137+0000] {dag.py:3089} INFO - Sync 1 DAGs
[2024-07-19T09:31:25.147+0000] {logging_mixin.py:188} INFO - [2024-07-19T09:31:25.147+0000] {dag.py:3947} INFO - Setting next_dagrun for latest_only to 2024-07-19 04:00:00+00:00, run_after=2024-07-19 08:00:00+00:00
[2024-07-19T09:31:25.155+0000] {processor.py:183} INFO - Processing /home/airflow/.local/lib/python3.12/site-packages/airflow/example_dags/example_latest_only.py took 0.069 seconds
[2024-07-19T09:31:55.871+0000] {processor.py:161} INFO - Started process (PID=187) to work on /home/airflow/.local/lib/python3.12/site-packages/airflow/example_dags/example_latest_only.py
[2024-07-19T09:31:55.871+0000] {processor.py:830} INFO - Processing file /home/airflow/.local/lib/python3.12/site-packages/airflow/example_dags/example_latest_only.py for tasks to queue
[2024-07-19T09:31:55.872+0000] {logging_mixin.py:188} INFO - [2024-07-19T09:31:55.872+0000] {dagbag.py:545} INFO - Filling up the DagBag from /home/airflow/.local/lib/python3.12/site-packages/airflow/example_dags/example_latest_only.py
[2024-07-19T09:31:55.875+0000] {processor.py:840} INFO - DAG(s) 'latest_only' retrieved from /home/airflow/.local/lib/python3.12/site-packages/airflow/example_dags/example_latest_only.py
[2024-07-19T09:31:55.885+0000] {logging_mixin.py:188} INFO - [2024-07-19T09:31:55.884+0000] {dag.py:3089} INFO - Sync 1 DAGs
[2024-07-19T09:31:55.896+0000] {logging_mixin.py:188} INFO - [2024-07-19T09:31:55.896+0000] {dag.py:3947} INFO - Setting next_dagrun for latest_only to 2024-07-19 04:00:00+00:00, run_after=2024-07-19 08:00:00+00:00
[2024-07-19T09:31:55.902+0000] {processor.py:183} INFO - Processing /home/airflow/.local/lib/python3.12/site-packages/airflow/example_dags/example_latest_only.py took 0.035 seconds
[2024-07-19T09:32:26.145+0000] {processor.py:161} INFO - Started process (PID=254) to work on /home/airflow/.local/lib/python3.12/site-packages/airflow/example_dags/example_latest_only.py
[2024-07-19T09:32:26.145+0000] {processor.py:830} INFO - Processing file /home/airflow/.local/lib/python3.12/site-packages/airflow/example_dags/example_latest_only.py for tasks to queue
[2024-07-19T09:32:26.147+0000] {logging_mixin.py:188} INFO - [2024-07-19T09:32:26.146+0000] {dagbag.py:545} INFO - Filling up the DagBag from /home/airflow/.local/lib/python3.12/site-packages/airflow/example_dags/example_latest_only.py
[2024-07-19T09:32:26.150+0000] {processor.py:840} INFO - DAG(s) 'latest_only' retrieved from /home/airflow/.local/lib/python3.12/site-packages/airflow/example_dags/example_latest_only.py
[2024-07-19T09:32:26.159+0000] {logging_mixin.py:188} INFO - [2024-07-19T09:32:26.159+0000] {dag.py:3089} INFO - Sync 1 DAGs
[2024-07-19T09:32:26.169+0000] {logging_mixin.py:188} INFO - [2024-07-19T09:32:26.169+0000] {dag.py:3947} INFO - Setting next_dagrun for latest_only to 2024-07-19 04:00:00+00:00, run_after=2024-07-19 08:00:00+00:00
[2024-07-19T09:32:26.176+0000] {processor.py:183} INFO - Processing /home/airflow/.local/lib/python3.12/site-packages/airflow/example_dags/example_latest_only.py took 0.034 seconds
[2024-07-19T09:32:56.404+0000] {processor.py:161} INFO - Started process (PID=321) to work on /home/airflow/.local/lib/python3.12/site-packages/airflow/example_dags/example_latest_only.py
[2024-07-19T09:32:56.405+0000] {processor.py:830} INFO - Processing file /home/airflow/.local/lib/python3.12/site-packages/airflow/example_dags/example_latest_only.py for tasks to queue
[2024-07-19T09:32:56.407+0000] {logging_mixin.py:188} INFO - [2024-07-19T09:32:56.407+0000] {dagbag.py:545} INFO - Filling up the DagBag from /home/airflow/.local/lib/python3.12/site-packages/airflow/example_dags/example_latest_only.py
[2024-07-19T09:32:56.410+0000] {processor.py:840} INFO - DAG(s) 'latest_only' retrieved from /home/airflow/.local/lib/python3.12/site-packages/airflow/example_dags/example_latest_only.py
[2024-07-19T09:32:56.420+0000] {logging_mixin.py:188} INFO - [2024-07-19T09:32:56.420+0000] {dag.py:3089} INFO - Sync 1 DAGs
[2024-07-19T09:32:56.431+0000] {logging_mixin.py:188} INFO - [2024-07-19T09:32:56.430+0000] {dag.py:3947} INFO - Setting next_dagrun for latest_only to 2024-07-19 04:00:00+00:00, run_after=2024-07-19 08:00:00+00:00
[2024-07-19T09:32:56.439+0000] {processor.py:183} INFO - Processing /home/airflow/.local/lib/python3.12/site-packages/airflow/example_dags/example_latest_only.py took 0.037 seconds
[2024-07-19T09:33:26.741+0000] {processor.py:161} INFO - Started process (PID=388) to work on /home/airflow/.local/lib/python3.12/site-packages/airflow/example_dags/example_latest_only.py
[2024-07-19T09:33:26.741+0000] {processor.py:830} INFO - Processing file /home/airflow/.local/lib/python3.12/site-packages/airflow/example_dags/example_latest_only.py for tasks to queue
[2024-07-19T09:33:26.742+0000] {logging_mixin.py:188} INFO - [2024-07-19T09:33:26.742+0000] {dagbag.py:545} INFO - Filling up the DagBag from /home/airflow/.local/lib/python3.12/site-packages/airflow/example_dags/example_latest_only.py
[2024-07-19T09:33:26.744+0000] {processor.py:840} INFO - DAG(s) 'latest_only' retrieved from /home/airflow/.local/lib/python3.12/site-packages/airflow/example_dags/example_latest_only.py
[2024-07-19T09:33:26.752+0000] {logging_mixin.py:188} INFO - [2024-07-19T09:33:26.752+0000] {dag.py:3089} INFO - Sync 1 DAGs
[2024-07-19T09:33:26.761+0000] {logging_mixin.py:188} INFO - [2024-07-19T09:33:26.761+0000] {dag.py:3947} INFO - Setting next_dagrun for latest_only to 2024-07-19 04:00:00+00:00, run_after=2024-07-19 08:00:00+00:00
[2024-07-19T09:33:26.768+0000] {processor.py:183} INFO - Processing /home/airflow/.local/lib/python3.12/site-packages/airflow/example_dags/example_latest_only.py took 0.030 seconds
[2024-07-19T09:33:57.535+0000] {processor.py:161} INFO - Started process (PID=455) to work on /home/airflow/.local/lib/python3.12/site-packages/airflow/example_dags/example_latest_only.py
[2024-07-19T09:33:57.536+0000] {processor.py:830} INFO - Processing file /home/airflow/.local/lib/python3.12/site-packages/airflow/example_dags/example_latest_only.py for tasks to queue
[2024-07-19T09:33:57.537+0000] {logging_mixin.py:188} INFO - [2024-07-19T09:33:57.536+0000] {dagbag.py:545} INFO - Filling up the DagBag from /home/airflow/.local/lib/python3.12/site-packages/airflow/example_dags/example_latest_only.py
[2024-07-19T09:33:57.539+0000] {processor.py:840} INFO - DAG(s) 'latest_only' retrieved from /home/airflow/.local/lib/python3.12/site-packages/airflow/example_dags/example_latest_only.py
[2024-07-19T09:33:57.546+0000] {logging_mixin.py:188} INFO - [2024-07-19T09:33:57.546+0000] {dag.py:3089} INFO - Sync 1 DAGs
[2024-07-19T09:33:57.554+0000] {logging_mixin.py:188} INFO - [2024-07-19T09:33:57.554+0000] {dag.py:3947} INFO - Setting next_dagrun for latest_only to 2024-07-19 04:00:00+00:00, run_after=2024-07-19 08:00:00+00:00
[2024-07-19T09:33:57.561+0000] {processor.py:183} INFO - Processing /home/airflow/.local/lib/python3.12/site-packages/airflow/example_dags/example_latest_only.py took 0.028 seconds
[2024-07-19T09:34:28.188+0000] {processor.py:161} INFO - Started process (PID=522) to work on /home/airflow/.local/lib/python3.12/site-packages/airflow/example_dags/example_latest_only.py
[2024-07-19T09:34:28.189+0000] {processor.py:830} INFO - Processing file /home/airflow/.local/lib/python3.12/site-packages/airflow/example_dags/example_latest_only.py for tasks to queue
[2024-07-19T09:34:28.190+0000] {logging_mixin.py:188} INFO - [2024-07-19T09:34:28.190+0000] {dagbag.py:545} INFO - Filling up the DagBag from /home/airflow/.local/lib/python3.12/site-packages/airflow/example_dags/example_latest_only.py
[2024-07-19T09:34:28.192+0000] {processor.py:840} INFO - DAG(s) 'latest_only' retrieved from /home/airflow/.local/lib/python3.12/site-packages/airflow/example_dags/example_latest_only.py
[2024-07-19T09:34:28.200+0000] {logging_mixin.py:188} INFO - [2024-07-19T09:34:28.200+0000] {dag.py:3089} INFO - Sync 1 DAGs
[2024-07-19T09:34:28.208+0000] {logging_mixin.py:188} INFO - [2024-07-19T09:34:28.208+0000] {dag.py:3947} INFO - Setting next_dagrun for latest_only to 2024-07-19 04:00:00+00:00, run_after=2024-07-19 08:00:00+00:00
[2024-07-19T09:34:28.215+0000] {processor.py:183} INFO - Processing /home/airflow/.local/lib/python3.12/site-packages/airflow/example_dags/example_latest_only.py took 0.029 seconds
[2024-07-19T09:34:58.958+0000] {processor.py:161} INFO - Started process (PID=589) to work on /home/airflow/.local/lib/python3.12/site-packages/airflow/example_dags/example_latest_only.py
[2024-07-19T09:34:58.959+0000] {processor.py:830} INFO - Processing file /home/airflow/.local/lib/python3.12/site-packages/airflow/example_dags/example_latest_only.py for tasks to queue
[2024-07-19T09:34:58.960+0000] {logging_mixin.py:188} INFO - [2024-07-19T09:34:58.960+0000] {dagbag.py:545} INFO - Filling up the DagBag from /home/airflow/.local/lib/python3.12/site-packages/airflow/example_dags/example_latest_only.py
[2024-07-19T09:34:58.962+0000] {processor.py:840} INFO - DAG(s) 'latest_only' retrieved from /home/airflow/.local/lib/python3.12/site-packages/airflow/example_dags/example_latest_only.py
[2024-07-19T09:34:58.970+0000] {logging_mixin.py:188} INFO - [2024-07-19T09:34:58.970+0000] {dag.py:3089} INFO - Sync 1 DAGs
[2024-07-19T09:34:58.978+0000] {logging_mixin.py:188} INFO - [2024-07-19T09:34:58.978+0000] {dag.py:3947} INFO - Setting next_dagrun for latest_only to 2024-07-19 04:00:00+00:00, run_after=2024-07-19 08:00:00+00:00
[2024-07-19T09:34:58.985+0000] {processor.py:183} INFO - Processing /home/airflow/.local/lib/python3.12/site-packages/airflow/example_dags/example_latest_only.py took 0.029 seconds
[2024-07-19T09:35:29.585+0000] {processor.py:161} INFO - Started process (PID=656) to work on /home/airflow/.local/lib/python3.12/site-packages/airflow/example_dags/example_latest_only.py
[2024-07-19T09:35:29.586+0000] {processor.py:830} INFO - Processing file /home/airflow/.local/lib/python3.12/site-packages/airflow/example_dags/example_latest_only.py for tasks to queue
[2024-07-19T09:35:29.586+0000] {logging_mixin.py:188} INFO - [2024-07-19T09:35:29.586+0000] {dagbag.py:545} INFO - Filling up the DagBag from /home/airflow/.local/lib/python3.12/site-packages/airflow/example_dags/example_latest_only.py
[2024-07-19T09:35:29.589+0000] {processor.py:840} INFO - DAG(s) 'latest_only' retrieved from /home/airflow/.local/lib/python3.12/site-packages/airflow/example_dags/example_latest_only.py
[2024-07-19T09:35:29.596+0000] {logging_mixin.py:188} INFO - [2024-07-19T09:35:29.596+0000] {dag.py:3089} INFO - Sync 1 DAGs
[2024-07-19T09:35:29.604+0000] {logging_mixin.py:188} INFO - [2024-07-19T09:35:29.604+0000] {dag.py:3947} INFO - Setting next_dagrun for latest_only to 2024-07-19 04:00:00+00:00, run_after=2024-07-19 08:00:00+00:00
[2024-07-19T09:35:29.611+0000] {processor.py:183} INFO - Processing /home/airflow/.local/lib/python3.12/site-packages/airflow/example_dags/example_latest_only.py took 0.028 seconds
[2024-07-19T09:36:00.387+0000] {processor.py:161} INFO - Started process (PID=723) to work on /home/airflow/.local/lib/python3.12/site-packages/airflow/example_dags/example_latest_only.py
[2024-07-19T09:36:00.387+0000] {processor.py:830} INFO - Processing file /home/airflow/.local/lib/python3.12/site-packages/airflow/example_dags/example_latest_only.py for tasks to queue
[2024-07-19T09:36:00.388+0000] {logging_mixin.py:188} INFO - [2024-07-19T09:36:00.388+0000] {dagbag.py:545} INFO - Filling up the DagBag from /home/airflow/.local/lib/python3.12/site-packages/airflow/example_dags/example_latest_only.py
[2024-07-19T09:36:00.390+0000] {processor.py:840} INFO - DAG(s) 'latest_only' retrieved from /home/airflow/.local/lib/python3.12/site-packages/airflow/example_dags/example_latest_only.py
[2024-07-19T09:36:00.398+0000] {logging_mixin.py:188} INFO - [2024-07-19T09:36:00.398+0000] {dag.py:3089} INFO - Sync 1 DAGs
[2024-07-19T09:36:00.407+0000] {logging_mixin.py:188} INFO - [2024-07-19T09:36:00.406+0000] {dag.py:3947} INFO - Setting next_dagrun for latest_only to 2024-07-19 04:00:00+00:00, run_after=2024-07-19 08:00:00+00:00
[2024-07-19T09:36:00.413+0000] {processor.py:183} INFO - Processing /home/airflow/.local/lib/python3.12/site-packages/airflow/example_dags/example_latest_only.py took 0.029 seconds
[2024-07-19T09:36:30.531+0000] {processor.py:161} INFO - Started process (PID=790) to work on /home/airflow/.local/lib/python3.12/site-packages/airflow/example_dags/example_latest_only.py
[2024-07-19T09:36:30.532+0000] {processor.py:830} INFO - Processing file /home/airflow/.local/lib/python3.12/site-packages/airflow/example_dags/example_latest_only.py for tasks to queue
[2024-07-19T09:36:30.533+0000] {logging_mixin.py:188} INFO - [2024-07-19T09:36:30.532+0000] {dagbag.py:545} INFO - Filling up the DagBag from /home/airflow/.local/lib/python3.12/site-packages/airflow/example_dags/example_latest_only.py
[2024-07-19T09:36:30.535+0000] {processor.py:840} INFO - DAG(s) 'latest_only' retrieved from /home/airflow/.local/lib/python3.12/site-packages/airflow/example_dags/example_latest_only.py
[2024-07-19T09:36:30.543+0000] {logging_mixin.py:188} INFO - [2024-07-19T09:36:30.543+0000] {dag.py:3089} INFO - Sync 1 DAGs
[2024-07-19T09:36:30.552+0000] {logging_mixin.py:188} INFO - [2024-07-19T09:36:30.552+0000] {dag.py:3947} INFO - Setting next_dagrun for latest_only to 2024-07-19 04:00:00+00:00, run_after=2024-07-19 08:00:00+00:00
[2024-07-19T09:36:30.558+0000] {processor.py:183} INFO - Processing /home/airflow/.local/lib/python3.12/site-packages/airflow/example_dags/example_latest_only.py took 0.030 seconds
[2024-07-19T09:37:01.319+0000] {processor.py:161} INFO - Started process (PID=857) to work on /home/airflow/.local/lib/python3.12/site-packages/airflow/example_dags/example_latest_only.py
[2024-07-19T09:37:01.319+0000] {processor.py:830} INFO - Processing file /home/airflow/.local/lib/python3.12/site-packages/airflow/example_dags/example_latest_only.py for tasks to queue
[2024-07-19T09:37:01.320+0000] {logging_mixin.py:188} INFO - [2024-07-19T09:37:01.320+0000] {dagbag.py:545} INFO - Filling up the DagBag from /home/airflow/.local/lib/python3.12/site-packages/airflow/example_dags/example_latest_only.py
[2024-07-19T09:37:01.323+0000] {processor.py:840} INFO - DAG(s) 'latest_only' retrieved from /home/airflow/.local/lib/python3.12/site-packages/airflow/example_dags/example_latest_only.py
[2024-07-19T09:37:01.330+0000] {logging_mixin.py:188} INFO - [2024-07-19T09:37:01.330+0000] {dag.py:3089} INFO - Sync 1 DAGs
[2024-07-19T09:37:01.338+0000] {logging_mixin.py:188} INFO - [2024-07-19T09:37:01.338+0000] {dag.py:3947} INFO - Setting next_dagrun for latest_only to 2024-07-19 04:00:00+00:00, run_after=2024-07-19 08:00:00+00:00
[2024-07-19T09:37:01.345+0000] {processor.py:183} INFO - Processing /home/airflow/.local/lib/python3.12/site-packages/airflow/example_dags/example_latest_only.py took 0.029 seconds
[2024-07-19T09:37:32.057+0000] {processor.py:161} INFO - Started process (PID=923) to work on /home/airflow/.local/lib/python3.12/site-packages/airflow/example_dags/example_latest_only.py
[2024-07-19T09:37:32.057+0000] {processor.py:830} INFO - Processing file /home/airflow/.local/lib/python3.12/site-packages/airflow/example_dags/example_latest_only.py for tasks to queue
[2024-07-19T09:37:32.058+0000] {logging_mixin.py:188} INFO - [2024-07-19T09:37:32.058+0000] {dagbag.py:545} INFO - Filling up the DagBag from /home/airflow/.local/lib/python3.12/site-packages/airflow/example_dags/example_latest_only.py
[2024-07-19T09:37:32.061+0000] {processor.py:840} INFO - DAG(s) 'latest_only' retrieved from /home/airflow/.local/lib/python3.12/site-packages/airflow/example_dags/example_latest_only.py
[2024-07-19T09:37:32.069+0000] {logging_mixin.py:188} INFO - [2024-07-19T09:37:32.068+0000] {dag.py:3089} INFO - Sync 1 DAGs
[2024-07-19T09:37:32.078+0000] {logging_mixin.py:188} INFO - [2024-07-19T09:37:32.078+0000] {dag.py:3947} INFO - Setting next_dagrun for latest_only to 2024-07-19 04:00:00+00:00, run_after=2024-07-19 08:00:00+00:00
[2024-07-19T09:37:32.087+0000] {processor.py:183} INFO - Processing /home/airflow/.local/lib/python3.12/site-packages/airflow/example_dags/example_latest_only.py took 0.033 seconds
[2024-07-19T09:38:02.939+0000] {processor.py:161} INFO - Started process (PID=989) to work on /home/airflow/.local/lib/python3.12/site-packages/airflow/example_dags/example_latest_only.py
[2024-07-19T09:38:02.939+0000] {processor.py:830} INFO - Processing file /home/airflow/.local/lib/python3.12/site-packages/airflow/example_dags/example_latest_only.py for tasks to queue
[2024-07-19T09:38:02.940+0000] {logging_mixin.py:188} INFO - [2024-07-19T09:38:02.940+0000] {dagbag.py:545} INFO - Filling up the DagBag from /home/airflow/.local/lib/python3.12/site-packages/airflow/example_dags/example_latest_only.py
[2024-07-19T09:38:02.943+0000] {processor.py:840} INFO - DAG(s) 'latest_only' retrieved from /home/airflow/.local/lib/python3.12/site-packages/airflow/example_dags/example_latest_only.py
[2024-07-19T09:38:02.952+0000] {logging_mixin.py:188} INFO - [2024-07-19T09:38:02.952+0000] {dag.py:3089} INFO - Sync 1 DAGs
[2024-07-19T09:38:02.961+0000] {logging_mixin.py:188} INFO - [2024-07-19T09:38:02.961+0000] {dag.py:3947} INFO - Setting next_dagrun for latest_only to 2024-07-19 04:00:00+00:00, run_after=2024-07-19 08:00:00+00:00
[2024-07-19T09:38:02.968+0000] {processor.py:183} INFO - Processing /home/airflow/.local/lib/python3.12/site-packages/airflow/example_dags/example_latest_only.py took 0.032 seconds
[2024-07-19T09:38:33.045+0000] {processor.py:161} INFO - Started process (PID=1056) to work on /home/airflow/.local/lib/python3.12/site-packages/airflow/example_dags/example_latest_only.py
[2024-07-19T09:38:33.045+0000] {processor.py:830} INFO - Processing file /home/airflow/.local/lib/python3.12/site-packages/airflow/example_dags/example_latest_only.py for tasks to queue
[2024-07-19T09:38:33.046+0000] {logging_mixin.py:188} INFO - [2024-07-19T09:38:33.046+0000] {dagbag.py:545} INFO - Filling up the DagBag from /home/airflow/.local/lib/python3.12/site-packages/airflow/example_dags/example_latest_only.py
[2024-07-19T09:38:33.048+0000] {processor.py:840} INFO - DAG(s) 'latest_only' retrieved from /home/airflow/.local/lib/python3.12/site-packages/airflow/example_dags/example_latest_only.py
[2024-07-19T09:38:33.056+0000] {logging_mixin.py:188} INFO - [2024-07-19T09:38:33.056+0000] {dag.py:3089} INFO - Sync 1 DAGs
[2024-07-19T09:38:33.064+0000] {logging_mixin.py:188} INFO - [2024-07-19T09:38:33.064+0000] {dag.py:3947} INFO - Setting next_dagrun for latest_only to 2024-07-19 04:00:00+00:00, run_after=2024-07-19 08:00:00+00:00
[2024-07-19T09:38:33.071+0000] {processor.py:183} INFO - Processing /home/airflow/.local/lib/python3.12/site-packages/airflow/example_dags/example_latest_only.py took 0.029 seconds
[2024-07-19T09:39:04.035+0000] {processor.py:161} INFO - Started process (PID=1123) to work on /home/airflow/.local/lib/python3.12/site-packages/airflow/example_dags/example_latest_only.py
[2024-07-19T09:39:04.036+0000] {processor.py:830} INFO - Processing file /home/airflow/.local/lib/python3.12/site-packages/airflow/example_dags/example_latest_only.py for tasks to queue
[2024-07-19T09:39:04.041+0000] {logging_mixin.py:188} INFO - [2024-07-19T09:39:04.041+0000] {dagbag.py:545} INFO - Filling up the DagBag from /home/airflow/.local/lib/python3.12/site-packages/airflow/example_dags/example_latest_only.py
[2024-07-19T09:39:04.047+0000] {processor.py:840} INFO - DAG(s) 'latest_only' retrieved from /home/airflow/.local/lib/python3.12/site-packages/airflow/example_dags/example_latest_only.py
[2024-07-19T09:39:04.065+0000] {logging_mixin.py:188} INFO - [2024-07-19T09:39:04.065+0000] {dag.py:3089} INFO - Sync 1 DAGs
[2024-07-19T09:39:04.080+0000] {logging_mixin.py:188} INFO - [2024-07-19T09:39:04.080+0000] {dag.py:3947} INFO - Setting next_dagrun for latest_only to 2024-07-19 04:00:00+00:00, run_after=2024-07-19 08:00:00+00:00
[2024-07-19T09:39:04.093+0000] {processor.py:183} INFO - Processing /home/airflow/.local/lib/python3.12/site-packages/airflow/example_dags/example_latest_only.py took 0.063 seconds
[2024-07-19T09:39:34.133+0000] {processor.py:161} INFO - Started process (PID=1191) to work on /home/airflow/.local/lib/python3.12/site-packages/airflow/example_dags/example_latest_only.py
[2024-07-19T09:39:34.133+0000] {processor.py:830} INFO - Processing file /home/airflow/.local/lib/python3.12/site-packages/airflow/example_dags/example_latest_only.py for tasks to queue
[2024-07-19T09:39:34.134+0000] {logging_mixin.py:188} INFO - [2024-07-19T09:39:34.134+0000] {dagbag.py:545} INFO - Filling up the DagBag from /home/airflow/.local/lib/python3.12/site-packages/airflow/example_dags/example_latest_only.py
[2024-07-19T09:39:34.136+0000] {processor.py:840} INFO - DAG(s) 'latest_only' retrieved from /home/airflow/.local/lib/python3.12/site-packages/airflow/example_dags/example_latest_only.py
[2024-07-19T09:39:34.144+0000] {logging_mixin.py:188} INFO - [2024-07-19T09:39:34.144+0000] {dag.py:3089} INFO - Sync 1 DAGs
[2024-07-19T09:39:34.152+0000] {logging_mixin.py:188} INFO - [2024-07-19T09:39:34.152+0000] {dag.py:3947} INFO - Setting next_dagrun for latest_only to 2024-07-19 04:00:00+00:00, run_after=2024-07-19 08:00:00+00:00
[2024-07-19T09:39:34.158+0000] {processor.py:183} INFO - Processing /home/airflow/.local/lib/python3.12/site-packages/airflow/example_dags/example_latest_only.py took 0.028 seconds
[2024-07-19T09:40:04.434+0000] {processor.py:161} INFO - Started process (PID=1257) to work on /home/airflow/.local/lib/python3.12/site-packages/airflow/example_dags/example_latest_only.py
[2024-07-19T09:40:04.435+0000] {processor.py:830} INFO - Processing file /home/airflow/.local/lib/python3.12/site-packages/airflow/example_dags/example_latest_only.py for tasks to queue
[2024-07-19T09:40:04.436+0000] {logging_mixin.py:188} INFO - [2024-07-19T09:40:04.435+0000] {dagbag.py:545} INFO - Filling up the DagBag from /home/airflow/.local/lib/python3.12/site-packages/airflow/example_dags/example_latest_only.py
[2024-07-19T09:40:04.438+0000] {processor.py:840} INFO - DAG(s) 'latest_only' retrieved from /home/airflow/.local/lib/python3.12/site-packages/airflow/example_dags/example_latest_only.py
[2024-07-19T09:40:04.446+0000] {logging_mixin.py:188} INFO - [2024-07-19T09:40:04.446+0000] {dag.py:3089} INFO - Sync 1 DAGs
[2024-07-19T09:40:04.455+0000] {logging_mixin.py:188} INFO - [2024-07-19T09:40:04.455+0000] {dag.py:3947} INFO - Setting next_dagrun for latest_only to 2024-07-19 04:00:00+00:00, run_after=2024-07-19 08:00:00+00:00
[2024-07-19T09:40:04.461+0000] {processor.py:183} INFO - Processing /home/airflow/.local/lib/python3.12/site-packages/airflow/example_dags/example_latest_only.py took 0.030 seconds
[2024-07-19T09:40:35.297+0000] {processor.py:161} INFO - Started process (PID=1324) to work on /home/airflow/.local/lib/python3.12/site-packages/airflow/example_dags/example_latest_only.py
[2024-07-19T09:40:35.298+0000] {processor.py:830} INFO - Processing file /home/airflow/.local/lib/python3.12/site-packages/airflow/example_dags/example_latest_only.py for tasks to queue
[2024-07-19T09:40:35.299+0000] {logging_mixin.py:188} INFO - [2024-07-19T09:40:35.299+0000] {dagbag.py:545} INFO - Filling up the DagBag from /home/airflow/.local/lib/python3.12/site-packages/airflow/example_dags/example_latest_only.py
[2024-07-19T09:40:35.301+0000] {processor.py:840} INFO - DAG(s) 'latest_only' retrieved from /home/airflow/.local/lib/python3.12/site-packages/airflow/example_dags/example_latest_only.py
[2024-07-19T09:40:35.309+0000] {logging_mixin.py:188} INFO - [2024-07-19T09:40:35.309+0000] {dag.py:3089} INFO - Sync 1 DAGs
[2024-07-19T09:40:35.318+0000] {logging_mixin.py:188} INFO - [2024-07-19T09:40:35.317+0000] {dag.py:3947} INFO - Setting next_dagrun for latest_only to 2024-07-19 04:00:00+00:00, run_after=2024-07-19 08:00:00+00:00
[2024-07-19T09:40:35.325+0000] {processor.py:183} INFO - Processing /home/airflow/.local/lib/python3.12/site-packages/airflow/example_dags/example_latest_only.py took 0.030 seconds
[2024-07-19T09:41:06.063+0000] {processor.py:161} INFO - Started process (PID=1391) to work on /home/airflow/.local/lib/python3.12/site-packages/airflow/example_dags/example_latest_only.py
[2024-07-19T09:41:06.063+0000] {processor.py:830} INFO - Processing file /home/airflow/.local/lib/python3.12/site-packages/airflow/example_dags/example_latest_only.py for tasks to queue
[2024-07-19T09:41:06.064+0000] {logging_mixin.py:188} INFO - [2024-07-19T09:41:06.064+0000] {dagbag.py:545} INFO - Filling up the DagBag from /home/airflow/.local/lib/python3.12/site-packages/airflow/example_dags/example_latest_only.py
[2024-07-19T09:41:06.067+0000] {processor.py:840} INFO - DAG(s) 'latest_only' retrieved from /home/airflow/.local/lib/python3.12/site-packages/airflow/example_dags/example_latest_only.py
[2024-07-19T09:41:06.075+0000] {logging_mixin.py:188} INFO - [2024-07-19T09:41:06.075+0000] {dag.py:3089} INFO - Sync 1 DAGs
[2024-07-19T09:41:06.084+0000] {logging_mixin.py:188} INFO - [2024-07-19T09:41:06.084+0000] {dag.py:3947} INFO - Setting next_dagrun for latest_only to 2024-07-19 04:00:00+00:00, run_after=2024-07-19 08:00:00+00:00
[2024-07-19T09:41:06.091+0000] {processor.py:183} INFO - Processing /home/airflow/.local/lib/python3.12/site-packages/airflow/example_dags/example_latest_only.py took 0.031 seconds
[2024-07-19T09:41:37.050+0000] {processor.py:161} INFO - Started process (PID=1458) to work on /home/airflow/.local/lib/python3.12/site-packages/airflow/example_dags/example_latest_only.py
[2024-07-19T09:41:37.050+0000] {processor.py:830} INFO - Processing file /home/airflow/.local/lib/python3.12/site-packages/airflow/example_dags/example_latest_only.py for tasks to queue
[2024-07-19T09:41:37.051+0000] {logging_mixin.py:188} INFO - [2024-07-19T09:41:37.051+0000] {dagbag.py:545} INFO - Filling up the DagBag from /home/airflow/.local/lib/python3.12/site-packages/airflow/example_dags/example_latest_only.py
[2024-07-19T09:41:37.054+0000] {processor.py:840} INFO - DAG(s) 'latest_only' retrieved from /home/airflow/.local/lib/python3.12/site-packages/airflow/example_dags/example_latest_only.py
[2024-07-19T09:41:37.146+0000] {logging_mixin.py:188} INFO - [2024-07-19T09:41:37.146+0000] {dag.py:3089} INFO - Sync 1 DAGs
[2024-07-19T09:41:37.154+0000] {logging_mixin.py:188} INFO - [2024-07-19T09:41:37.154+0000] {dag.py:3947} INFO - Setting next_dagrun for latest_only to 2024-07-19 04:00:00+00:00, run_after=2024-07-19 08:00:00+00:00
[2024-07-19T09:41:37.160+0000] {processor.py:183} INFO - Processing /home/airflow/.local/lib/python3.12/site-packages/airflow/example_dags/example_latest_only.py took 0.113 seconds
[2024-07-19T09:42:07.325+0000] {processor.py:161} INFO - Started process (PID=1524) to work on /home/airflow/.local/lib/python3.12/site-packages/airflow/example_dags/example_latest_only.py
[2024-07-19T09:42:07.325+0000] {processor.py:830} INFO - Processing file /home/airflow/.local/lib/python3.12/site-packages/airflow/example_dags/example_latest_only.py for tasks to queue
[2024-07-19T09:42:07.326+0000] {logging_mixin.py:188} INFO - [2024-07-19T09:42:07.326+0000] {dagbag.py:545} INFO - Filling up the DagBag from /home/airflow/.local/lib/python3.12/site-packages/airflow/example_dags/example_latest_only.py
[2024-07-19T09:42:07.328+0000] {processor.py:840} INFO - DAG(s) 'latest_only' retrieved from /home/airflow/.local/lib/python3.12/site-packages/airflow/example_dags/example_latest_only.py
[2024-07-19T09:42:07.336+0000] {logging_mixin.py:188} INFO - [2024-07-19T09:42:07.336+0000] {dag.py:3089} INFO - Sync 1 DAGs
[2024-07-19T09:42:07.344+0000] {logging_mixin.py:188} INFO - [2024-07-19T09:42:07.344+0000] {dag.py:3947} INFO - Setting next_dagrun for latest_only to 2024-07-19 04:00:00+00:00, run_after=2024-07-19 08:00:00+00:00
[2024-07-19T09:42:07.351+0000] {processor.py:183} INFO - Processing /home/airflow/.local/lib/python3.12/site-packages/airflow/example_dags/example_latest_only.py took 0.029 seconds
[2024-07-19T09:42:38.131+0000] {processor.py:161} INFO - Started process (PID=1590) to work on /home/airflow/.local/lib/python3.12/site-packages/airflow/example_dags/example_latest_only.py
[2024-07-19T09:42:38.131+0000] {processor.py:830} INFO - Processing file /home/airflow/.local/lib/python3.12/site-packages/airflow/example_dags/example_latest_only.py for tasks to queue
[2024-07-19T09:42:38.132+0000] {logging_mixin.py:188} INFO - [2024-07-19T09:42:38.132+0000] {dagbag.py:545} INFO - Filling up the DagBag from /home/airflow/.local/lib/python3.12/site-packages/airflow/example_dags/example_latest_only.py
[2024-07-19T09:42:38.135+0000] {processor.py:840} INFO - DAG(s) 'latest_only' retrieved from /home/airflow/.local/lib/python3.12/site-packages/airflow/example_dags/example_latest_only.py
[2024-07-19T09:42:38.143+0000] {logging_mixin.py:188} INFO - [2024-07-19T09:42:38.142+0000] {dag.py:3089} INFO - Sync 1 DAGs
[2024-07-19T09:42:38.151+0000] {logging_mixin.py:188} INFO - [2024-07-19T09:42:38.151+0000] {dag.py:3947} INFO - Setting next_dagrun for latest_only to 2024-07-19 04:00:00+00:00, run_after=2024-07-19 08:00:00+00:00
[2024-07-19T09:42:38.158+0000] {processor.py:183} INFO - Processing /home/airflow/.local/lib/python3.12/site-packages/airflow/example_dags/example_latest_only.py took 0.029 seconds
[2024-07-19T09:43:08.897+0000] {processor.py:161} INFO - Started process (PID=1657) to work on /home/airflow/.local/lib/python3.12/site-packages/airflow/example_dags/example_latest_only.py
[2024-07-19T09:43:08.897+0000] {processor.py:830} INFO - Processing file /home/airflow/.local/lib/python3.12/site-packages/airflow/example_dags/example_latest_only.py for tasks to queue
[2024-07-19T09:43:08.898+0000] {logging_mixin.py:188} INFO - [2024-07-19T09:43:08.898+0000] {dagbag.py:545} INFO - Filling up the DagBag from /home/airflow/.local/lib/python3.12/site-packages/airflow/example_dags/example_latest_only.py
[2024-07-19T09:43:08.901+0000] {processor.py:840} INFO - DAG(s) 'latest_only' retrieved from /home/airflow/.local/lib/python3.12/site-packages/airflow/example_dags/example_latest_only.py
[2024-07-19T09:43:08.909+0000] {logging_mixin.py:188} INFO - [2024-07-19T09:43:08.909+0000] {dag.py:3089} INFO - Sync 1 DAGs
[2024-07-19T09:43:08.917+0000] {logging_mixin.py:188} INFO - [2024-07-19T09:43:08.917+0000] {dag.py:3947} INFO - Setting next_dagrun for latest_only to 2024-07-19 04:00:00+00:00, run_after=2024-07-19 08:00:00+00:00
[2024-07-19T09:43:08.924+0000] {processor.py:183} INFO - Processing /home/airflow/.local/lib/python3.12/site-packages/airflow/example_dags/example_latest_only.py took 0.030 seconds
[2024-07-19T09:43:39.628+0000] {processor.py:161} INFO - Started process (PID=1724) to work on /home/airflow/.local/lib/python3.12/site-packages/airflow/example_dags/example_latest_only.py
[2024-07-19T09:43:39.628+0000] {processor.py:830} INFO - Processing file /home/airflow/.local/lib/python3.12/site-packages/airflow/example_dags/example_latest_only.py for tasks to queue
[2024-07-19T09:43:39.629+0000] {logging_mixin.py:188} INFO - [2024-07-19T09:43:39.629+0000] {dagbag.py:545} INFO - Filling up the DagBag from /home/airflow/.local/lib/python3.12/site-packages/airflow/example_dags/example_latest_only.py
[2024-07-19T09:43:39.631+0000] {processor.py:840} INFO - DAG(s) 'latest_only' retrieved from /home/airflow/.local/lib/python3.12/site-packages/airflow/example_dags/example_latest_only.py
[2024-07-19T09:43:39.639+0000] {logging_mixin.py:188} INFO - [2024-07-19T09:43:39.639+0000] {dag.py:3089} INFO - Sync 1 DAGs
[2024-07-19T09:43:39.648+0000] {logging_mixin.py:188} INFO - [2024-07-19T09:43:39.647+0000] {dag.py:3947} INFO - Setting next_dagrun for latest_only to 2024-07-19 04:00:00+00:00, run_after=2024-07-19 08:00:00+00:00
[2024-07-19T09:43:39.655+0000] {processor.py:183} INFO - Processing /home/airflow/.local/lib/python3.12/site-packages/airflow/example_dags/example_latest_only.py took 0.030 seconds
[2024-07-19T09:44:10.359+0000] {processor.py:161} INFO - Started process (PID=1790) to work on /home/airflow/.local/lib/python3.12/site-packages/airflow/example_dags/example_latest_only.py
[2024-07-19T09:44:10.359+0000] {processor.py:830} INFO - Processing file /home/airflow/.local/lib/python3.12/site-packages/airflow/example_dags/example_latest_only.py for tasks to queue
[2024-07-19T09:44:10.360+0000] {logging_mixin.py:188} INFO - [2024-07-19T09:44:10.360+0000] {dagbag.py:545} INFO - Filling up the DagBag from /home/airflow/.local/lib/python3.12/site-packages/airflow/example_dags/example_latest_only.py
[2024-07-19T09:44:10.362+0000] {processor.py:840} INFO - DAG(s) 'latest_only' retrieved from /home/airflow/.local/lib/python3.12/site-packages/airflow/example_dags/example_latest_only.py
[2024-07-19T09:44:10.370+0000] {logging_mixin.py:188} INFO - [2024-07-19T09:44:10.370+0000] {dag.py:3089} INFO - Sync 1 DAGs
[2024-07-19T09:44:10.379+0000] {logging_mixin.py:188} INFO - [2024-07-19T09:44:10.379+0000] {dag.py:3947} INFO - Setting next_dagrun for latest_only to 2024-07-19 04:00:00+00:00, run_after=2024-07-19 08:00:00+00:00
[2024-07-19T09:44:10.386+0000] {processor.py:183} INFO - Processing /home/airflow/.local/lib/python3.12/site-packages/airflow/example_dags/example_latest_only.py took 0.030 seconds
[2024-07-19T09:44:41.025+0000] {processor.py:161} INFO - Started process (PID=1850) to work on /home/airflow/.local/lib/python3.12/site-packages/airflow/example_dags/example_latest_only.py
[2024-07-19T09:44:41.026+0000] {processor.py:830} INFO - Processing file /home/airflow/.local/lib/python3.12/site-packages/airflow/example_dags/example_latest_only.py for tasks to queue
[2024-07-19T09:44:41.027+0000] {logging_mixin.py:188} INFO - [2024-07-19T09:44:41.026+0000] {dagbag.py:545} INFO - Filling up the DagBag from /home/airflow/.local/lib/python3.12/site-packages/airflow/example_dags/example_latest_only.py
[2024-07-19T09:44:41.029+0000] {processor.py:840} INFO - DAG(s) 'latest_only' retrieved from /home/airflow/.local/lib/python3.12/site-packages/airflow/example_dags/example_latest_only.py
[2024-07-19T09:44:41.043+0000] {logging_mixin.py:188} INFO - [2024-07-19T09:44:41.043+0000] {dag.py:3089} INFO - Sync 1 DAGs
[2024-07-19T09:44:41.065+0000] {logging_mixin.py:188} INFO - [2024-07-19T09:44:41.065+0000] {dag.py:3947} INFO - Setting next_dagrun for latest_only to 2024-07-19 04:00:00+00:00, run_after=2024-07-19 08:00:00+00:00
[2024-07-19T09:44:41.072+0000] {processor.py:183} INFO - Processing /home/airflow/.local/lib/python3.12/site-packages/airflow/example_dags/example_latest_only.py took 0.049 seconds
[2024-07-19T09:45:11.764+0000] {processor.py:161} INFO - Started process (PID=1915) to work on /home/airflow/.local/lib/python3.12/site-packages/airflow/example_dags/example_latest_only.py
[2024-07-19T09:45:11.764+0000] {processor.py:830} INFO - Processing file /home/airflow/.local/lib/python3.12/site-packages/airflow/example_dags/example_latest_only.py for tasks to queue
[2024-07-19T09:45:11.765+0000] {logging_mixin.py:188} INFO - [2024-07-19T09:45:11.765+0000] {dagbag.py:545} INFO - Filling up the DagBag from /home/airflow/.local/lib/python3.12/site-packages/airflow/example_dags/example_latest_only.py
[2024-07-19T09:45:11.768+0000] {processor.py:840} INFO - DAG(s) 'latest_only' retrieved from /home/airflow/.local/lib/python3.12/site-packages/airflow/example_dags/example_latest_only.py
[2024-07-19T09:45:11.776+0000] {logging_mixin.py:188} INFO - [2024-07-19T09:45:11.776+0000] {dag.py:3089} INFO - Sync 1 DAGs
[2024-07-19T09:45:11.784+0000] {logging_mixin.py:188} INFO - [2024-07-19T09:45:11.784+0000] {dag.py:3947} INFO - Setting next_dagrun for latest_only to 2024-07-19 04:00:00+00:00, run_after=2024-07-19 08:00:00+00:00
[2024-07-19T09:45:11.791+0000] {processor.py:183} INFO - Processing /home/airflow/.local/lib/python3.12/site-packages/airflow/example_dags/example_latest_only.py took 0.029 seconds
[2024-07-19T09:45:42.593+0000] {processor.py:161} INFO - Started process (PID=1982) to work on /home/airflow/.local/lib/python3.12/site-packages/airflow/example_dags/example_latest_only.py
[2024-07-19T09:45:42.594+0000] {processor.py:830} INFO - Processing file /home/airflow/.local/lib/python3.12/site-packages/airflow/example_dags/example_latest_only.py for tasks to queue
[2024-07-19T09:45:42.595+0000] {logging_mixin.py:188} INFO - [2024-07-19T09:45:42.595+0000] {dagbag.py:545} INFO - Filling up the DagBag from /home/airflow/.local/lib/python3.12/site-packages/airflow/example_dags/example_latest_only.py
[2024-07-19T09:45:42.598+0000] {processor.py:840} INFO - DAG(s) 'latest_only' retrieved from /home/airflow/.local/lib/python3.12/site-packages/airflow/example_dags/example_latest_only.py
[2024-07-19T09:45:42.608+0000] {logging_mixin.py:188} INFO - [2024-07-19T09:45:42.608+0000] {dag.py:3089} INFO - Sync 1 DAGs
[2024-07-19T09:45:42.617+0000] {logging_mixin.py:188} INFO - [2024-07-19T09:45:42.617+0000] {dag.py:3947} INFO - Setting next_dagrun for latest_only to 2024-07-19 04:00:00+00:00, run_after=2024-07-19 08:00:00+00:00
[2024-07-19T09:45:42.625+0000] {processor.py:183} INFO - Processing /home/airflow/.local/lib/python3.12/site-packages/airflow/example_dags/example_latest_only.py took 0.035 seconds
[2024-07-19T09:46:13.506+0000] {processor.py:161} INFO - Started process (PID=2055) to work on /home/airflow/.local/lib/python3.12/site-packages/airflow/example_dags/example_latest_only.py
[2024-07-19T09:46:13.507+0000] {processor.py:830} INFO - Processing file /home/airflow/.local/lib/python3.12/site-packages/airflow/example_dags/example_latest_only.py for tasks to queue
[2024-07-19T09:46:13.508+0000] {logging_mixin.py:188} INFO - [2024-07-19T09:46:13.507+0000] {dagbag.py:545} INFO - Filling up the DagBag from /home/airflow/.local/lib/python3.12/site-packages/airflow/example_dags/example_latest_only.py
[2024-07-19T09:46:13.510+0000] {processor.py:840} INFO - DAG(s) 'latest_only' retrieved from /home/airflow/.local/lib/python3.12/site-packages/airflow/example_dags/example_latest_only.py
[2024-07-19T09:46:13.518+0000] {logging_mixin.py:188} INFO - [2024-07-19T09:46:13.518+0000] {dag.py:3089} INFO - Sync 1 DAGs
[2024-07-19T09:46:13.526+0000] {logging_mixin.py:188} INFO - [2024-07-19T09:46:13.526+0000] {dag.py:3947} INFO - Setting next_dagrun for latest_only to 2024-07-19 04:00:00+00:00, run_after=2024-07-19 08:00:00+00:00
[2024-07-19T09:46:13.533+0000] {processor.py:183} INFO - Processing /home/airflow/.local/lib/python3.12/site-packages/airflow/example_dags/example_latest_only.py took 0.029 seconds
[2024-07-19T09:46:44.226+0000] {processor.py:161} INFO - Started process (PID=2121) to work on /home/airflow/.local/lib/python3.12/site-packages/airflow/example_dags/example_latest_only.py
[2024-07-19T09:46:44.227+0000] {processor.py:830} INFO - Processing file /home/airflow/.local/lib/python3.12/site-packages/airflow/example_dags/example_latest_only.py for tasks to queue
[2024-07-19T09:46:44.228+0000] {logging_mixin.py:188} INFO - [2024-07-19T09:46:44.228+0000] {dagbag.py:545} INFO - Filling up the DagBag from /home/airflow/.local/lib/python3.12/site-packages/airflow/example_dags/example_latest_only.py
[2024-07-19T09:46:44.234+0000] {processor.py:840} INFO - DAG(s) 'latest_only' retrieved from /home/airflow/.local/lib/python3.12/site-packages/airflow/example_dags/example_latest_only.py
[2024-07-19T09:46:44.244+0000] {logging_mixin.py:188} INFO - [2024-07-19T09:46:44.244+0000] {dag.py:3089} INFO - Sync 1 DAGs
[2024-07-19T09:46:44.254+0000] {logging_mixin.py:188} INFO - [2024-07-19T09:46:44.254+0000] {dag.py:3947} INFO - Setting next_dagrun for latest_only to 2024-07-19 04:00:00+00:00, run_after=2024-07-19 08:00:00+00:00
[2024-07-19T09:46:44.260+0000] {processor.py:183} INFO - Processing /home/airflow/.local/lib/python3.12/site-packages/airflow/example_dags/example_latest_only.py took 0.037 seconds
[2024-07-19T09:47:14.992+0000] {processor.py:161} INFO - Started process (PID=2188) to work on /home/airflow/.local/lib/python3.12/site-packages/airflow/example_dags/example_latest_only.py
[2024-07-19T09:47:14.993+0000] {processor.py:830} INFO - Processing file /home/airflow/.local/lib/python3.12/site-packages/airflow/example_dags/example_latest_only.py for tasks to queue
[2024-07-19T09:47:14.994+0000] {logging_mixin.py:188} INFO - [2024-07-19T09:47:14.994+0000] {dagbag.py:545} INFO - Filling up the DagBag from /home/airflow/.local/lib/python3.12/site-packages/airflow/example_dags/example_latest_only.py
[2024-07-19T09:47:14.996+0000] {processor.py:840} INFO - DAG(s) 'latest_only' retrieved from /home/airflow/.local/lib/python3.12/site-packages/airflow/example_dags/example_latest_only.py
[2024-07-19T09:47:15.004+0000] {logging_mixin.py:188} INFO - [2024-07-19T09:47:15.004+0000] {dag.py:3089} INFO - Sync 1 DAGs
[2024-07-19T09:47:15.013+0000] {logging_mixin.py:188} INFO - [2024-07-19T09:47:15.012+0000] {dag.py:3947} INFO - Setting next_dagrun for latest_only to 2024-07-19 04:00:00+00:00, run_after=2024-07-19 08:00:00+00:00
[2024-07-19T09:47:15.019+0000] {processor.py:183} INFO - Processing /home/airflow/.local/lib/python3.12/site-packages/airflow/example_dags/example_latest_only.py took 0.029 seconds
[2024-07-19T09:47:45.744+0000] {processor.py:161} INFO - Started process (PID=2255) to work on /home/airflow/.local/lib/python3.12/site-packages/airflow/example_dags/example_latest_only.py
[2024-07-19T09:47:45.744+0000] {processor.py:830} INFO - Processing file /home/airflow/.local/lib/python3.12/site-packages/airflow/example_dags/example_latest_only.py for tasks to queue
[2024-07-19T09:47:45.745+0000] {logging_mixin.py:188} INFO - [2024-07-19T09:47:45.745+0000] {dagbag.py:545} INFO - Filling up the DagBag from /home/airflow/.local/lib/python3.12/site-packages/airflow/example_dags/example_latest_only.py
[2024-07-19T09:47:45.747+0000] {processor.py:840} INFO - DAG(s) 'latest_only' retrieved from /home/airflow/.local/lib/python3.12/site-packages/airflow/example_dags/example_latest_only.py
[2024-07-19T09:47:45.755+0000] {logging_mixin.py:188} INFO - [2024-07-19T09:47:45.755+0000] {dag.py:3089} INFO - Sync 1 DAGs
[2024-07-19T09:47:45.763+0000] {logging_mixin.py:188} INFO - [2024-07-19T09:47:45.763+0000] {dag.py:3947} INFO - Setting next_dagrun for latest_only to 2024-07-19 04:00:00+00:00, run_after=2024-07-19 08:00:00+00:00
[2024-07-19T09:47:45.770+0000] {processor.py:183} INFO - Processing /home/airflow/.local/lib/python3.12/site-packages/airflow/example_dags/example_latest_only.py took 0.029 seconds
[2024-07-19T09:48:16.594+0000] {processor.py:161} INFO - Started process (PID=2322) to work on /home/airflow/.local/lib/python3.12/site-packages/airflow/example_dags/example_latest_only.py
[2024-07-19T09:48:16.594+0000] {processor.py:830} INFO - Processing file /home/airflow/.local/lib/python3.12/site-packages/airflow/example_dags/example_latest_only.py for tasks to queue
[2024-07-19T09:48:16.595+0000] {logging_mixin.py:188} INFO - [2024-07-19T09:48:16.595+0000] {dagbag.py:545} INFO - Filling up the DagBag from /home/airflow/.local/lib/python3.12/site-packages/airflow/example_dags/example_latest_only.py
[2024-07-19T09:48:16.597+0000] {processor.py:840} INFO - DAG(s) 'latest_only' retrieved from /home/airflow/.local/lib/python3.12/site-packages/airflow/example_dags/example_latest_only.py
[2024-07-19T09:48:16.606+0000] {logging_mixin.py:188} INFO - [2024-07-19T09:48:16.606+0000] {dag.py:3089} INFO - Sync 1 DAGs
[2024-07-19T09:48:16.615+0000] {logging_mixin.py:188} INFO - [2024-07-19T09:48:16.615+0000] {dag.py:3947} INFO - Setting next_dagrun for latest_only to 2024-07-19 04:00:00+00:00, run_after=2024-07-19 08:00:00+00:00
[2024-07-19T09:48:16.622+0000] {processor.py:183} INFO - Processing /home/airflow/.local/lib/python3.12/site-packages/airflow/example_dags/example_latest_only.py took 0.030 seconds
[2024-07-19T09:48:47.056+0000] {processor.py:161} INFO - Started process (PID=2389) to work on /home/airflow/.local/lib/python3.12/site-packages/airflow/example_dags/example_latest_only.py
[2024-07-19T09:48:47.056+0000] {processor.py:830} INFO - Processing file /home/airflow/.local/lib/python3.12/site-packages/airflow/example_dags/example_latest_only.py for tasks to queue
[2024-07-19T09:48:47.057+0000] {logging_mixin.py:188} INFO - [2024-07-19T09:48:47.057+0000] {dagbag.py:545} INFO - Filling up the DagBag from /home/airflow/.local/lib/python3.12/site-packages/airflow/example_dags/example_latest_only.py
[2024-07-19T09:48:47.060+0000] {processor.py:840} INFO - DAG(s) 'latest_only' retrieved from /home/airflow/.local/lib/python3.12/site-packages/airflow/example_dags/example_latest_only.py
[2024-07-19T09:48:47.067+0000] {logging_mixin.py:188} INFO - [2024-07-19T09:48:47.067+0000] {dag.py:3089} INFO - Sync 1 DAGs
[2024-07-19T09:48:47.104+0000] {logging_mixin.py:188} INFO - [2024-07-19T09:48:47.103+0000] {dag.py:3947} INFO - Setting next_dagrun for latest_only to 2024-07-19 04:00:00+00:00, run_after=2024-07-19 08:00:00+00:00
[2024-07-19T09:48:47.116+0000] {processor.py:183} INFO - Processing /home/airflow/.local/lib/python3.12/site-packages/airflow/example_dags/example_latest_only.py took 0.063 seconds
[2024-07-19T09:49:17.859+0000] {processor.py:161} INFO - Started process (PID=2456) to work on /home/airflow/.local/lib/python3.12/site-packages/airflow/example_dags/example_latest_only.py
[2024-07-19T09:49:17.859+0000] {processor.py:830} INFO - Processing file /home/airflow/.local/lib/python3.12/site-packages/airflow/example_dags/example_latest_only.py for tasks to queue
[2024-07-19T09:49:17.860+0000] {logging_mixin.py:188} INFO - [2024-07-19T09:49:17.860+0000] {dagbag.py:545} INFO - Filling up the DagBag from /home/airflow/.local/lib/python3.12/site-packages/airflow/example_dags/example_latest_only.py
[2024-07-19T09:49:17.863+0000] {processor.py:840} INFO - DAG(s) 'latest_only' retrieved from /home/airflow/.local/lib/python3.12/site-packages/airflow/example_dags/example_latest_only.py
[2024-07-19T09:49:17.877+0000] {logging_mixin.py:188} INFO - [2024-07-19T09:49:17.877+0000] {dag.py:3089} INFO - Sync 1 DAGs
[2024-07-19T09:49:17.888+0000] {logging_mixin.py:188} INFO - [2024-07-19T09:49:17.888+0000] {dag.py:3947} INFO - Setting next_dagrun for latest_only to 2024-07-19 04:00:00+00:00, run_after=2024-07-19 08:00:00+00:00
[2024-07-19T09:49:17.894+0000] {processor.py:183} INFO - Processing /home/airflow/.local/lib/python3.12/site-packages/airflow/example_dags/example_latest_only.py took 0.038 seconds
[2024-07-19T09:49:48.576+0000] {processor.py:161} INFO - Started process (PID=2524) to work on /home/airflow/.local/lib/python3.12/site-packages/airflow/example_dags/example_latest_only.py
[2024-07-19T09:49:48.577+0000] {processor.py:830} INFO - Processing file /home/airflow/.local/lib/python3.12/site-packages/airflow/example_dags/example_latest_only.py for tasks to queue
[2024-07-19T09:49:48.578+0000] {logging_mixin.py:188} INFO - [2024-07-19T09:49:48.578+0000] {dagbag.py:545} INFO - Filling up the DagBag from /home/airflow/.local/lib/python3.12/site-packages/airflow/example_dags/example_latest_only.py
[2024-07-19T09:49:48.580+0000] {processor.py:840} INFO - DAG(s) 'latest_only' retrieved from /home/airflow/.local/lib/python3.12/site-packages/airflow/example_dags/example_latest_only.py
[2024-07-19T09:49:48.588+0000] {logging_mixin.py:188} INFO - [2024-07-19T09:49:48.588+0000] {dag.py:3089} INFO - Sync 1 DAGs
[2024-07-19T09:49:48.597+0000] {logging_mixin.py:188} INFO - [2024-07-19T09:49:48.597+0000] {dag.py:3947} INFO - Setting next_dagrun for latest_only to 2024-07-19 04:00:00+00:00, run_after=2024-07-19 08:00:00+00:00
[2024-07-19T09:49:48.604+0000] {processor.py:183} INFO - Processing /home/airflow/.local/lib/python3.12/site-packages/airflow/example_dags/example_latest_only.py took 0.031 seconds
[2024-07-19T09:50:19.307+0000] {processor.py:161} INFO - Started process (PID=2591) to work on /home/airflow/.local/lib/python3.12/site-packages/airflow/example_dags/example_latest_only.py
[2024-07-19T09:50:19.307+0000] {processor.py:830} INFO - Processing file /home/airflow/.local/lib/python3.12/site-packages/airflow/example_dags/example_latest_only.py for tasks to queue
[2024-07-19T09:50:19.308+0000] {logging_mixin.py:188} INFO - [2024-07-19T09:50:19.308+0000] {dagbag.py:545} INFO - Filling up the DagBag from /home/airflow/.local/lib/python3.12/site-packages/airflow/example_dags/example_latest_only.py
[2024-07-19T09:50:19.311+0000] {processor.py:840} INFO - DAG(s) 'latest_only' retrieved from /home/airflow/.local/lib/python3.12/site-packages/airflow/example_dags/example_latest_only.py
[2024-07-19T09:50:19.319+0000] {logging_mixin.py:188} INFO - [2024-07-19T09:50:19.319+0000] {dag.py:3089} INFO - Sync 1 DAGs
[2024-07-19T09:50:19.327+0000] {logging_mixin.py:188} INFO - [2024-07-19T09:50:19.327+0000] {dag.py:3947} INFO - Setting next_dagrun for latest_only to 2024-07-19 04:00:00+00:00, run_after=2024-07-19 08:00:00+00:00
[2024-07-19T09:50:19.334+0000] {processor.py:183} INFO - Processing /home/airflow/.local/lib/python3.12/site-packages/airflow/example_dags/example_latest_only.py took 0.030 seconds
[2024-07-19T09:50:50.024+0000] {processor.py:161} INFO - Started process (PID=2658) to work on /home/airflow/.local/lib/python3.12/site-packages/airflow/example_dags/example_latest_only.py
[2024-07-19T09:50:50.025+0000] {processor.py:830} INFO - Processing file /home/airflow/.local/lib/python3.12/site-packages/airflow/example_dags/example_latest_only.py for tasks to queue
[2024-07-19T09:50:50.026+0000] {logging_mixin.py:188} INFO - [2024-07-19T09:50:50.026+0000] {dagbag.py:545} INFO - Filling up the DagBag from /home/airflow/.local/lib/python3.12/site-packages/airflow/example_dags/example_latest_only.py
[2024-07-19T09:50:50.028+0000] {processor.py:840} INFO - DAG(s) 'latest_only' retrieved from /home/airflow/.local/lib/python3.12/site-packages/airflow/example_dags/example_latest_only.py
[2024-07-19T09:50:50.036+0000] {logging_mixin.py:188} INFO - [2024-07-19T09:50:50.036+0000] {dag.py:3089} INFO - Sync 1 DAGs
[2024-07-19T09:50:50.045+0000] {logging_mixin.py:188} INFO - [2024-07-19T09:50:50.045+0000] {dag.py:3947} INFO - Setting next_dagrun for latest_only to 2024-07-19 04:00:00+00:00, run_after=2024-07-19 08:00:00+00:00
[2024-07-19T09:50:50.051+0000] {processor.py:183} INFO - Processing /home/airflow/.local/lib/python3.12/site-packages/airflow/example_dags/example_latest_only.py took 0.029 seconds
[2024-07-19T09:51:20.763+0000] {processor.py:161} INFO - Started process (PID=2725) to work on /home/airflow/.local/lib/python3.12/site-packages/airflow/example_dags/example_latest_only.py
[2024-07-19T09:51:20.763+0000] {processor.py:830} INFO - Processing file /home/airflow/.local/lib/python3.12/site-packages/airflow/example_dags/example_latest_only.py for tasks to queue
[2024-07-19T09:51:20.764+0000] {logging_mixin.py:188} INFO - [2024-07-19T09:51:20.764+0000] {dagbag.py:545} INFO - Filling up the DagBag from /home/airflow/.local/lib/python3.12/site-packages/airflow/example_dags/example_latest_only.py
[2024-07-19T09:51:20.766+0000] {processor.py:840} INFO - DAG(s) 'latest_only' retrieved from /home/airflow/.local/lib/python3.12/site-packages/airflow/example_dags/example_latest_only.py
[2024-07-19T09:51:20.774+0000] {logging_mixin.py:188} INFO - [2024-07-19T09:51:20.774+0000] {dag.py:3089} INFO - Sync 1 DAGs
[2024-07-19T09:51:20.783+0000] {logging_mixin.py:188} INFO - [2024-07-19T09:51:20.783+0000] {dag.py:3947} INFO - Setting next_dagrun for latest_only to 2024-07-19 04:00:00+00:00, run_after=2024-07-19 08:00:00+00:00
[2024-07-19T09:51:20.789+0000] {processor.py:183} INFO - Processing /home/airflow/.local/lib/python3.12/site-packages/airflow/example_dags/example_latest_only.py took 0.029 seconds
[2024-07-19T09:51:51.525+0000] {processor.py:161} INFO - Started process (PID=2792) to work on /home/airflow/.local/lib/python3.12/site-packages/airflow/example_dags/example_latest_only.py
[2024-07-19T09:51:51.525+0000] {processor.py:830} INFO - Processing file /home/airflow/.local/lib/python3.12/site-packages/airflow/example_dags/example_latest_only.py for tasks to queue
[2024-07-19T09:51:51.526+0000] {logging_mixin.py:188} INFO - [2024-07-19T09:51:51.526+0000] {dagbag.py:545} INFO - Filling up the DagBag from /home/airflow/.local/lib/python3.12/site-packages/airflow/example_dags/example_latest_only.py
[2024-07-19T09:51:51.529+0000] {processor.py:840} INFO - DAG(s) 'latest_only' retrieved from /home/airflow/.local/lib/python3.12/site-packages/airflow/example_dags/example_latest_only.py
[2024-07-19T09:51:51.537+0000] {logging_mixin.py:188} INFO - [2024-07-19T09:51:51.537+0000] {dag.py:3089} INFO - Sync 1 DAGs
[2024-07-19T09:51:51.545+0000] {logging_mixin.py:188} INFO - [2024-07-19T09:51:51.545+0000] {dag.py:3947} INFO - Setting next_dagrun for latest_only to 2024-07-19 04:00:00+00:00, run_after=2024-07-19 08:00:00+00:00
[2024-07-19T09:51:51.552+0000] {processor.py:183} INFO - Processing /home/airflow/.local/lib/python3.12/site-packages/airflow/example_dags/example_latest_only.py took 0.030 seconds
[2024-07-19T09:52:22.284+0000] {processor.py:161} INFO - Started process (PID=2858) to work on /home/airflow/.local/lib/python3.12/site-packages/airflow/example_dags/example_latest_only.py
[2024-07-19T09:52:22.284+0000] {processor.py:830} INFO - Processing file /home/airflow/.local/lib/python3.12/site-packages/airflow/example_dags/example_latest_only.py for tasks to queue
[2024-07-19T09:52:22.285+0000] {logging_mixin.py:188} INFO - [2024-07-19T09:52:22.285+0000] {dagbag.py:545} INFO - Filling up the DagBag from /home/airflow/.local/lib/python3.12/site-packages/airflow/example_dags/example_latest_only.py
[2024-07-19T09:52:22.288+0000] {processor.py:840} INFO - DAG(s) 'latest_only' retrieved from /home/airflow/.local/lib/python3.12/site-packages/airflow/example_dags/example_latest_only.py
[2024-07-19T09:52:22.296+0000] {logging_mixin.py:188} INFO - [2024-07-19T09:52:22.296+0000] {dag.py:3089} INFO - Sync 1 DAGs
[2024-07-19T09:52:22.305+0000] {logging_mixin.py:188} INFO - [2024-07-19T09:52:22.305+0000] {dag.py:3947} INFO - Setting next_dagrun for latest_only to 2024-07-19 04:00:00+00:00, run_after=2024-07-19 08:00:00+00:00
[2024-07-19T09:52:22.311+0000] {processor.py:183} INFO - Processing /home/airflow/.local/lib/python3.12/site-packages/airflow/example_dags/example_latest_only.py took 0.030 seconds
[2024-07-19T09:52:52.937+0000] {processor.py:161} INFO - Started process (PID=2925) to work on /home/airflow/.local/lib/python3.12/site-packages/airflow/example_dags/example_latest_only.py
[2024-07-19T09:52:52.937+0000] {processor.py:830} INFO - Processing file /home/airflow/.local/lib/python3.12/site-packages/airflow/example_dags/example_latest_only.py for tasks to queue
[2024-07-19T09:52:52.938+0000] {logging_mixin.py:188} INFO - [2024-07-19T09:52:52.938+0000] {dagbag.py:545} INFO - Filling up the DagBag from /home/airflow/.local/lib/python3.12/site-packages/airflow/example_dags/example_latest_only.py
[2024-07-19T09:52:52.940+0000] {processor.py:840} INFO - DAG(s) 'latest_only' retrieved from /home/airflow/.local/lib/python3.12/site-packages/airflow/example_dags/example_latest_only.py
[2024-07-19T09:52:52.949+0000] {logging_mixin.py:188} INFO - [2024-07-19T09:52:52.949+0000] {dag.py:3089} INFO - Sync 1 DAGs
[2024-07-19T09:52:52.957+0000] {logging_mixin.py:188} INFO - [2024-07-19T09:52:52.957+0000] {dag.py:3947} INFO - Setting next_dagrun for latest_only to 2024-07-19 04:00:00+00:00, run_after=2024-07-19 08:00:00+00:00
[2024-07-19T09:52:52.964+0000] {processor.py:183} INFO - Processing /home/airflow/.local/lib/python3.12/site-packages/airflow/example_dags/example_latest_only.py took 0.030 seconds
[2024-07-19T09:53:23.222+0000] {processor.py:161} INFO - Started process (PID=2991) to work on /home/airflow/.local/lib/python3.12/site-packages/airflow/example_dags/example_latest_only.py
[2024-07-19T09:53:23.222+0000] {processor.py:830} INFO - Processing file /home/airflow/.local/lib/python3.12/site-packages/airflow/example_dags/example_latest_only.py for tasks to queue
[2024-07-19T09:53:23.223+0000] {logging_mixin.py:188} INFO - [2024-07-19T09:53:23.223+0000] {dagbag.py:545} INFO - Filling up the DagBag from /home/airflow/.local/lib/python3.12/site-packages/airflow/example_dags/example_latest_only.py
[2024-07-19T09:53:23.226+0000] {processor.py:840} INFO - DAG(s) 'latest_only' retrieved from /home/airflow/.local/lib/python3.12/site-packages/airflow/example_dags/example_latest_only.py
[2024-07-19T09:53:23.234+0000] {logging_mixin.py:188} INFO - [2024-07-19T09:53:23.234+0000] {dag.py:3089} INFO - Sync 1 DAGs
[2024-07-19T09:53:23.242+0000] {logging_mixin.py:188} INFO - [2024-07-19T09:53:23.242+0000] {dag.py:3947} INFO - Setting next_dagrun for latest_only to 2024-07-19 04:00:00+00:00, run_after=2024-07-19 08:00:00+00:00
[2024-07-19T09:53:23.249+0000] {processor.py:183} INFO - Processing /home/airflow/.local/lib/python3.12/site-packages/airflow/example_dags/example_latest_only.py took 0.030 seconds
[2024-07-19T09:53:53.503+0000] {processor.py:161} INFO - Started process (PID=3058) to work on /home/airflow/.local/lib/python3.12/site-packages/airflow/example_dags/example_latest_only.py
[2024-07-19T09:53:53.504+0000] {processor.py:830} INFO - Processing file /home/airflow/.local/lib/python3.12/site-packages/airflow/example_dags/example_latest_only.py for tasks to queue
[2024-07-19T09:53:53.505+0000] {logging_mixin.py:188} INFO - [2024-07-19T09:53:53.505+0000] {dagbag.py:545} INFO - Filling up the DagBag from /home/airflow/.local/lib/python3.12/site-packages/airflow/example_dags/example_latest_only.py
[2024-07-19T09:53:53.508+0000] {processor.py:840} INFO - DAG(s) 'latest_only' retrieved from /home/airflow/.local/lib/python3.12/site-packages/airflow/example_dags/example_latest_only.py
[2024-07-19T09:53:53.521+0000] {logging_mixin.py:188} INFO - [2024-07-19T09:53:53.521+0000] {dag.py:3089} INFO - Sync 1 DAGs
[2024-07-19T09:53:53.535+0000] {logging_mixin.py:188} INFO - [2024-07-19T09:53:53.535+0000] {dag.py:3947} INFO - Setting next_dagrun for latest_only to 2024-07-19 04:00:00+00:00, run_after=2024-07-19 08:00:00+00:00
[2024-07-19T09:53:53.545+0000] {processor.py:183} INFO - Processing /home/airflow/.local/lib/python3.12/site-packages/airflow/example_dags/example_latest_only.py took 0.046 seconds
[2024-07-19T09:54:23.596+0000] {processor.py:161} INFO - Started process (PID=3125) to work on /home/airflow/.local/lib/python3.12/site-packages/airflow/example_dags/example_latest_only.py
[2024-07-19T09:54:23.596+0000] {processor.py:830} INFO - Processing file /home/airflow/.local/lib/python3.12/site-packages/airflow/example_dags/example_latest_only.py for tasks to queue
[2024-07-19T09:54:23.597+0000] {logging_mixin.py:188} INFO - [2024-07-19T09:54:23.597+0000] {dagbag.py:545} INFO - Filling up the DagBag from /home/airflow/.local/lib/python3.12/site-packages/airflow/example_dags/example_latest_only.py
[2024-07-19T09:54:23.601+0000] {processor.py:840} INFO - DAG(s) 'latest_only' retrieved from /home/airflow/.local/lib/python3.12/site-packages/airflow/example_dags/example_latest_only.py
[2024-07-19T09:54:23.610+0000] {logging_mixin.py:188} INFO - [2024-07-19T09:54:23.610+0000] {dag.py:3089} INFO - Sync 1 DAGs
[2024-07-19T09:54:23.621+0000] {logging_mixin.py:188} INFO - [2024-07-19T09:54:23.621+0000] {dag.py:3947} INFO - Setting next_dagrun for latest_only to 2024-07-19 04:00:00+00:00, run_after=2024-07-19 08:00:00+00:00
[2024-07-19T09:54:23.629+0000] {processor.py:183} INFO - Processing /home/airflow/.local/lib/python3.12/site-packages/airflow/example_dags/example_latest_only.py took 0.036 seconds
[2024-07-19T09:54:53.809+0000] {processor.py:161} INFO - Started process (PID=3192) to work on /home/airflow/.local/lib/python3.12/site-packages/airflow/example_dags/example_latest_only.py
[2024-07-19T09:54:53.810+0000] {processor.py:830} INFO - Processing file /home/airflow/.local/lib/python3.12/site-packages/airflow/example_dags/example_latest_only.py for tasks to queue
[2024-07-19T09:54:53.810+0000] {logging_mixin.py:188} INFO - [2024-07-19T09:54:53.810+0000] {dagbag.py:545} INFO - Filling up the DagBag from /home/airflow/.local/lib/python3.12/site-packages/airflow/example_dags/example_latest_only.py
[2024-07-19T09:54:53.813+0000] {processor.py:840} INFO - DAG(s) 'latest_only' retrieved from /home/airflow/.local/lib/python3.12/site-packages/airflow/example_dags/example_latest_only.py
[2024-07-19T09:54:53.821+0000] {logging_mixin.py:188} INFO - [2024-07-19T09:54:53.821+0000] {dag.py:3089} INFO - Sync 1 DAGs
[2024-07-19T09:54:53.829+0000] {logging_mixin.py:188} INFO - [2024-07-19T09:54:53.829+0000] {dag.py:3947} INFO - Setting next_dagrun for latest_only to 2024-07-19 04:00:00+00:00, run_after=2024-07-19 08:00:00+00:00
[2024-07-19T09:54:53.836+0000] {processor.py:183} INFO - Processing /home/airflow/.local/lib/python3.12/site-packages/airflow/example_dags/example_latest_only.py took 0.029 seconds
[2024-07-19T09:55:24.597+0000] {processor.py:161} INFO - Started process (PID=3259) to work on /home/airflow/.local/lib/python3.12/site-packages/airflow/example_dags/example_latest_only.py
[2024-07-19T09:55:24.597+0000] {processor.py:830} INFO - Processing file /home/airflow/.local/lib/python3.12/site-packages/airflow/example_dags/example_latest_only.py for tasks to queue
[2024-07-19T09:55:24.598+0000] {logging_mixin.py:188} INFO - [2024-07-19T09:55:24.598+0000] {dagbag.py:545} INFO - Filling up the DagBag from /home/airflow/.local/lib/python3.12/site-packages/airflow/example_dags/example_latest_only.py
[2024-07-19T09:55:24.600+0000] {processor.py:840} INFO - DAG(s) 'latest_only' retrieved from /home/airflow/.local/lib/python3.12/site-packages/airflow/example_dags/example_latest_only.py
[2024-07-19T09:55:24.609+0000] {logging_mixin.py:188} INFO - [2024-07-19T09:55:24.609+0000] {dag.py:3089} INFO - Sync 1 DAGs
[2024-07-19T09:55:24.618+0000] {logging_mixin.py:188} INFO - [2024-07-19T09:55:24.617+0000] {dag.py:3947} INFO - Setting next_dagrun for latest_only to 2024-07-19 04:00:00+00:00, run_after=2024-07-19 08:00:00+00:00
[2024-07-19T09:55:24.625+0000] {processor.py:183} INFO - Processing /home/airflow/.local/lib/python3.12/site-packages/airflow/example_dags/example_latest_only.py took 0.031 seconds
