[2024-07-19T09:31:22.306+0000] {processor.py:161} INFO - Started process (PID=98) to work on /home/airflow/.local/lib/python3.12/site-packages/airflow/example_dags/example_setup_teardown.py
[2024-07-19T09:31:22.306+0000] {processor.py:830} INFO - Processing file /home/airflow/.local/lib/python3.12/site-packages/airflow/example_dags/example_setup_teardown.py for tasks to queue
[2024-07-19T09:31:22.307+0000] {logging_mixin.py:188} INFO - [2024-07-19T09:31:22.307+0000] {dagbag.py:545} INFO - Filling up the DagBag from /home/airflow/.local/lib/python3.12/site-packages/airflow/example_dags/example_setup_teardown.py
[2024-07-19T09:31:22.316+0000] {processor.py:840} INFO - DAG(s) 'example_setup_teardown' retrieved from /home/airflow/.local/lib/python3.12/site-packages/airflow/example_dags/example_setup_teardown.py
[2024-07-19T09:31:22.383+0000] {logging_mixin.py:188} INFO - [2024-07-19T09:31:22.383+0000] {dag.py:3089} INFO - Sync 1 DAGs
[2024-07-19T09:31:22.397+0000] {logging_mixin.py:188} INFO - [2024-07-19T09:31:22.397+0000] {dag.py:3947} INFO - Setting next_dagrun for example_setup_teardown to 2024-07-18 00:00:00+00:00, run_after=2024-07-19 00:00:00+00:00
[2024-07-19T09:31:22.411+0000] {processor.py:183} INFO - Processing /home/airflow/.local/lib/python3.12/site-packages/airflow/example_dags/example_setup_teardown.py took 0.110 seconds
[2024-07-19T09:31:52.931+0000] {processor.py:161} INFO - Started process (PID=162) to work on /home/airflow/.local/lib/python3.12/site-packages/airflow/example_dags/example_setup_teardown.py
[2024-07-19T09:31:52.938+0000] {processor.py:830} INFO - Processing file /home/airflow/.local/lib/python3.12/site-packages/airflow/example_dags/example_setup_teardown.py for tasks to queue
[2024-07-19T09:31:52.942+0000] {logging_mixin.py:188} INFO - [2024-07-19T09:31:52.941+0000] {dagbag.py:545} INFO - Filling up the DagBag from /home/airflow/.local/lib/python3.12/site-packages/airflow/example_dags/example_setup_teardown.py
[2024-07-19T09:31:52.971+0000] {processor.py:840} INFO - DAG(s) 'example_setup_teardown' retrieved from /home/airflow/.local/lib/python3.12/site-packages/airflow/example_dags/example_setup_teardown.py
[2024-07-19T09:31:52.994+0000] {logging_mixin.py:188} INFO - [2024-07-19T09:31:52.994+0000] {dag.py:3089} INFO - Sync 1 DAGs
[2024-07-19T09:31:53.023+0000] {logging_mixin.py:188} INFO - [2024-07-19T09:31:53.022+0000] {dag.py:3947} INFO - Setting next_dagrun for example_setup_teardown to 2024-07-18 00:00:00+00:00, run_after=2024-07-19 00:00:00+00:00
[2024-07-19T09:31:53.045+0000] {processor.py:183} INFO - Processing /home/airflow/.local/lib/python3.12/site-packages/airflow/example_dags/example_setup_teardown.py took 0.124 seconds
[2024-07-19T09:32:23.488+0000] {processor.py:161} INFO - Started process (PID=229) to work on /home/airflow/.local/lib/python3.12/site-packages/airflow/example_dags/example_setup_teardown.py
[2024-07-19T09:32:23.489+0000] {processor.py:830} INFO - Processing file /home/airflow/.local/lib/python3.12/site-packages/airflow/example_dags/example_setup_teardown.py for tasks to queue
[2024-07-19T09:32:23.490+0000] {logging_mixin.py:188} INFO - [2024-07-19T09:32:23.490+0000] {dagbag.py:545} INFO - Filling up the DagBag from /home/airflow/.local/lib/python3.12/site-packages/airflow/example_dags/example_setup_teardown.py
[2024-07-19T09:32:23.494+0000] {processor.py:840} INFO - DAG(s) 'example_setup_teardown' retrieved from /home/airflow/.local/lib/python3.12/site-packages/airflow/example_dags/example_setup_teardown.py
[2024-07-19T09:32:23.503+0000] {logging_mixin.py:188} INFO - [2024-07-19T09:32:23.503+0000] {dag.py:3089} INFO - Sync 1 DAGs
[2024-07-19T09:32:23.512+0000] {logging_mixin.py:188} INFO - [2024-07-19T09:32:23.512+0000] {dag.py:3947} INFO - Setting next_dagrun for example_setup_teardown to 2024-07-18 00:00:00+00:00, run_after=2024-07-19 00:00:00+00:00
[2024-07-19T09:32:23.519+0000] {processor.py:183} INFO - Processing /home/airflow/.local/lib/python3.12/site-packages/airflow/example_dags/example_setup_teardown.py took 0.033 seconds
[2024-07-19T09:32:53.599+0000] {processor.py:161} INFO - Started process (PID=296) to work on /home/airflow/.local/lib/python3.12/site-packages/airflow/example_dags/example_setup_teardown.py
[2024-07-19T09:32:53.601+0000] {processor.py:830} INFO - Processing file /home/airflow/.local/lib/python3.12/site-packages/airflow/example_dags/example_setup_teardown.py for tasks to queue
[2024-07-19T09:32:53.602+0000] {logging_mixin.py:188} INFO - [2024-07-19T09:32:53.602+0000] {dagbag.py:545} INFO - Filling up the DagBag from /home/airflow/.local/lib/python3.12/site-packages/airflow/example_dags/example_setup_teardown.py
[2024-07-19T09:32:53.605+0000] {processor.py:840} INFO - DAG(s) 'example_setup_teardown' retrieved from /home/airflow/.local/lib/python3.12/site-packages/airflow/example_dags/example_setup_teardown.py
[2024-07-19T09:32:53.615+0000] {logging_mixin.py:188} INFO - [2024-07-19T09:32:53.615+0000] {dag.py:3089} INFO - Sync 1 DAGs
[2024-07-19T09:32:53.624+0000] {logging_mixin.py:188} INFO - [2024-07-19T09:32:53.624+0000] {dag.py:3947} INFO - Setting next_dagrun for example_setup_teardown to 2024-07-18 00:00:00+00:00, run_after=2024-07-19 00:00:00+00:00
[2024-07-19T09:32:53.632+0000] {processor.py:183} INFO - Processing /home/airflow/.local/lib/python3.12/site-packages/airflow/example_dags/example_setup_teardown.py took 0.036 seconds
[2024-07-19T09:33:24.176+0000] {processor.py:161} INFO - Started process (PID=363) to work on /home/airflow/.local/lib/python3.12/site-packages/airflow/example_dags/example_setup_teardown.py
[2024-07-19T09:33:24.176+0000] {processor.py:830} INFO - Processing file /home/airflow/.local/lib/python3.12/site-packages/airflow/example_dags/example_setup_teardown.py for tasks to queue
[2024-07-19T09:33:24.177+0000] {logging_mixin.py:188} INFO - [2024-07-19T09:33:24.177+0000] {dagbag.py:545} INFO - Filling up the DagBag from /home/airflow/.local/lib/python3.12/site-packages/airflow/example_dags/example_setup_teardown.py
[2024-07-19T09:33:24.180+0000] {processor.py:840} INFO - DAG(s) 'example_setup_teardown' retrieved from /home/airflow/.local/lib/python3.12/site-packages/airflow/example_dags/example_setup_teardown.py
[2024-07-19T09:33:24.190+0000] {logging_mixin.py:188} INFO - [2024-07-19T09:33:24.189+0000] {dag.py:3089} INFO - Sync 1 DAGs
[2024-07-19T09:33:24.198+0000] {logging_mixin.py:188} INFO - [2024-07-19T09:33:24.198+0000] {dag.py:3947} INFO - Setting next_dagrun for example_setup_teardown to 2024-07-18 00:00:00+00:00, run_after=2024-07-19 00:00:00+00:00
[2024-07-19T09:33:24.205+0000] {processor.py:183} INFO - Processing /home/airflow/.local/lib/python3.12/site-packages/airflow/example_dags/example_setup_teardown.py took 0.032 seconds
[2024-07-19T09:33:54.903+0000] {processor.py:161} INFO - Started process (PID=430) to work on /home/airflow/.local/lib/python3.12/site-packages/airflow/example_dags/example_setup_teardown.py
[2024-07-19T09:33:54.904+0000] {processor.py:830} INFO - Processing file /home/airflow/.local/lib/python3.12/site-packages/airflow/example_dags/example_setup_teardown.py for tasks to queue
[2024-07-19T09:33:54.905+0000] {logging_mixin.py:188} INFO - [2024-07-19T09:33:54.904+0000] {dagbag.py:545} INFO - Filling up the DagBag from /home/airflow/.local/lib/python3.12/site-packages/airflow/example_dags/example_setup_teardown.py
[2024-07-19T09:33:54.908+0000] {processor.py:840} INFO - DAG(s) 'example_setup_teardown' retrieved from /home/airflow/.local/lib/python3.12/site-packages/airflow/example_dags/example_setup_teardown.py
[2024-07-19T09:33:54.917+0000] {logging_mixin.py:188} INFO - [2024-07-19T09:33:54.917+0000] {dag.py:3089} INFO - Sync 1 DAGs
[2024-07-19T09:33:54.926+0000] {logging_mixin.py:188} INFO - [2024-07-19T09:33:54.925+0000] {dag.py:3947} INFO - Setting next_dagrun for example_setup_teardown to 2024-07-18 00:00:00+00:00, run_after=2024-07-19 00:00:00+00:00
[2024-07-19T09:33:54.932+0000] {processor.py:183} INFO - Processing /home/airflow/.local/lib/python3.12/site-packages/airflow/example_dags/example_setup_teardown.py took 0.032 seconds
[2024-07-19T09:34:25.621+0000] {processor.py:161} INFO - Started process (PID=497) to work on /home/airflow/.local/lib/python3.12/site-packages/airflow/example_dags/example_setup_teardown.py
[2024-07-19T09:34:25.621+0000] {processor.py:830} INFO - Processing file /home/airflow/.local/lib/python3.12/site-packages/airflow/example_dags/example_setup_teardown.py for tasks to queue
[2024-07-19T09:34:25.622+0000] {logging_mixin.py:188} INFO - [2024-07-19T09:34:25.622+0000] {dagbag.py:545} INFO - Filling up the DagBag from /home/airflow/.local/lib/python3.12/site-packages/airflow/example_dags/example_setup_teardown.py
[2024-07-19T09:34:25.625+0000] {processor.py:840} INFO - DAG(s) 'example_setup_teardown' retrieved from /home/airflow/.local/lib/python3.12/site-packages/airflow/example_dags/example_setup_teardown.py
[2024-07-19T09:34:25.634+0000] {logging_mixin.py:188} INFO - [2024-07-19T09:34:25.634+0000] {dag.py:3089} INFO - Sync 1 DAGs
[2024-07-19T09:34:25.643+0000] {logging_mixin.py:188} INFO - [2024-07-19T09:34:25.643+0000] {dag.py:3947} INFO - Setting next_dagrun for example_setup_teardown to 2024-07-18 00:00:00+00:00, run_after=2024-07-19 00:00:00+00:00
[2024-07-19T09:34:25.650+0000] {processor.py:183} INFO - Processing /home/airflow/.local/lib/python3.12/site-packages/airflow/example_dags/example_setup_teardown.py took 0.032 seconds
[2024-07-19T09:34:56.338+0000] {processor.py:161} INFO - Started process (PID=564) to work on /home/airflow/.local/lib/python3.12/site-packages/airflow/example_dags/example_setup_teardown.py
[2024-07-19T09:34:56.338+0000] {processor.py:830} INFO - Processing file /home/airflow/.local/lib/python3.12/site-packages/airflow/example_dags/example_setup_teardown.py for tasks to queue
[2024-07-19T09:34:56.339+0000] {logging_mixin.py:188} INFO - [2024-07-19T09:34:56.339+0000] {dagbag.py:545} INFO - Filling up the DagBag from /home/airflow/.local/lib/python3.12/site-packages/airflow/example_dags/example_setup_teardown.py
[2024-07-19T09:34:56.342+0000] {processor.py:840} INFO - DAG(s) 'example_setup_teardown' retrieved from /home/airflow/.local/lib/python3.12/site-packages/airflow/example_dags/example_setup_teardown.py
[2024-07-19T09:34:56.351+0000] {logging_mixin.py:188} INFO - [2024-07-19T09:34:56.351+0000] {dag.py:3089} INFO - Sync 1 DAGs
[2024-07-19T09:34:56.360+0000] {logging_mixin.py:188} INFO - [2024-07-19T09:34:56.360+0000] {dag.py:3947} INFO - Setting next_dagrun for example_setup_teardown to 2024-07-18 00:00:00+00:00, run_after=2024-07-19 00:00:00+00:00
[2024-07-19T09:34:56.367+0000] {processor.py:183} INFO - Processing /home/airflow/.local/lib/python3.12/site-packages/airflow/example_dags/example_setup_teardown.py took 0.032 seconds
[2024-07-19T09:35:26.997+0000] {processor.py:161} INFO - Started process (PID=631) to work on /home/airflow/.local/lib/python3.12/site-packages/airflow/example_dags/example_setup_teardown.py
[2024-07-19T09:35:26.997+0000] {processor.py:830} INFO - Processing file /home/airflow/.local/lib/python3.12/site-packages/airflow/example_dags/example_setup_teardown.py for tasks to queue
[2024-07-19T09:35:26.998+0000] {logging_mixin.py:188} INFO - [2024-07-19T09:35:26.998+0000] {dagbag.py:545} INFO - Filling up the DagBag from /home/airflow/.local/lib/python3.12/site-packages/airflow/example_dags/example_setup_teardown.py
[2024-07-19T09:35:27.001+0000] {processor.py:840} INFO - DAG(s) 'example_setup_teardown' retrieved from /home/airflow/.local/lib/python3.12/site-packages/airflow/example_dags/example_setup_teardown.py
[2024-07-19T09:35:27.010+0000] {logging_mixin.py:188} INFO - [2024-07-19T09:35:27.010+0000] {dag.py:3089} INFO - Sync 1 DAGs
[2024-07-19T09:35:27.019+0000] {logging_mixin.py:188} INFO - [2024-07-19T09:35:27.019+0000] {dag.py:3947} INFO - Setting next_dagrun for example_setup_teardown to 2024-07-18 00:00:00+00:00, run_after=2024-07-19 00:00:00+00:00
[2024-07-19T09:35:27.026+0000] {processor.py:183} INFO - Processing /home/airflow/.local/lib/python3.12/site-packages/airflow/example_dags/example_setup_teardown.py took 0.032 seconds
[2024-07-19T09:35:57.671+0000] {processor.py:161} INFO - Started process (PID=698) to work on /home/airflow/.local/lib/python3.12/site-packages/airflow/example_dags/example_setup_teardown.py
[2024-07-19T09:35:57.672+0000] {processor.py:830} INFO - Processing file /home/airflow/.local/lib/python3.12/site-packages/airflow/example_dags/example_setup_teardown.py for tasks to queue
[2024-07-19T09:35:57.672+0000] {logging_mixin.py:188} INFO - [2024-07-19T09:35:57.672+0000] {dagbag.py:545} INFO - Filling up the DagBag from /home/airflow/.local/lib/python3.12/site-packages/airflow/example_dags/example_setup_teardown.py
[2024-07-19T09:35:57.676+0000] {processor.py:840} INFO - DAG(s) 'example_setup_teardown' retrieved from /home/airflow/.local/lib/python3.12/site-packages/airflow/example_dags/example_setup_teardown.py
[2024-07-19T09:35:57.685+0000] {logging_mixin.py:188} INFO - [2024-07-19T09:35:57.685+0000] {dag.py:3089} INFO - Sync 1 DAGs
[2024-07-19T09:35:57.695+0000] {logging_mixin.py:188} INFO - [2024-07-19T09:35:57.695+0000] {dag.py:3947} INFO - Setting next_dagrun for example_setup_teardown to 2024-07-18 00:00:00+00:00, run_after=2024-07-19 00:00:00+00:00
[2024-07-19T09:35:57.702+0000] {processor.py:183} INFO - Processing /home/airflow/.local/lib/python3.12/site-packages/airflow/example_dags/example_setup_teardown.py took 0.034 seconds
[2024-07-19T09:36:27.902+0000] {processor.py:161} INFO - Started process (PID=765) to work on /home/airflow/.local/lib/python3.12/site-packages/airflow/example_dags/example_setup_teardown.py
[2024-07-19T09:36:27.903+0000] {processor.py:830} INFO - Processing file /home/airflow/.local/lib/python3.12/site-packages/airflow/example_dags/example_setup_teardown.py for tasks to queue
[2024-07-19T09:36:27.904+0000] {logging_mixin.py:188} INFO - [2024-07-19T09:36:27.903+0000] {dagbag.py:545} INFO - Filling up the DagBag from /home/airflow/.local/lib/python3.12/site-packages/airflow/example_dags/example_setup_teardown.py
[2024-07-19T09:36:27.907+0000] {processor.py:840} INFO - DAG(s) 'example_setup_teardown' retrieved from /home/airflow/.local/lib/python3.12/site-packages/airflow/example_dags/example_setup_teardown.py
[2024-07-19T09:36:27.916+0000] {logging_mixin.py:188} INFO - [2024-07-19T09:36:27.916+0000] {dag.py:3089} INFO - Sync 1 DAGs
[2024-07-19T09:36:27.925+0000] {logging_mixin.py:188} INFO - [2024-07-19T09:36:27.925+0000] {dag.py:3947} INFO - Setting next_dagrun for example_setup_teardown to 2024-07-18 00:00:00+00:00, run_after=2024-07-19 00:00:00+00:00
[2024-07-19T09:36:27.932+0000] {processor.py:183} INFO - Processing /home/airflow/.local/lib/python3.12/site-packages/airflow/example_dags/example_setup_teardown.py took 0.033 seconds
[2024-07-19T09:36:58.776+0000] {processor.py:161} INFO - Started process (PID=832) to work on /home/airflow/.local/lib/python3.12/site-packages/airflow/example_dags/example_setup_teardown.py
[2024-07-19T09:36:58.777+0000] {processor.py:830} INFO - Processing file /home/airflow/.local/lib/python3.12/site-packages/airflow/example_dags/example_setup_teardown.py for tasks to queue
[2024-07-19T09:36:58.777+0000] {logging_mixin.py:188} INFO - [2024-07-19T09:36:58.777+0000] {dagbag.py:545} INFO - Filling up the DagBag from /home/airflow/.local/lib/python3.12/site-packages/airflow/example_dags/example_setup_teardown.py
[2024-07-19T09:36:58.781+0000] {processor.py:840} INFO - DAG(s) 'example_setup_teardown' retrieved from /home/airflow/.local/lib/python3.12/site-packages/airflow/example_dags/example_setup_teardown.py
[2024-07-19T09:36:58.790+0000] {logging_mixin.py:188} INFO - [2024-07-19T09:36:58.790+0000] {dag.py:3089} INFO - Sync 1 DAGs
[2024-07-19T09:36:58.799+0000] {logging_mixin.py:188} INFO - [2024-07-19T09:36:58.798+0000] {dag.py:3947} INFO - Setting next_dagrun for example_setup_teardown to 2024-07-18 00:00:00+00:00, run_after=2024-07-19 00:00:00+00:00
[2024-07-19T09:36:58.805+0000] {processor.py:183} INFO - Processing /home/airflow/.local/lib/python3.12/site-packages/airflow/example_dags/example_setup_teardown.py took 0.032 seconds
[2024-07-19T09:37:29.506+0000] {processor.py:161} INFO - Started process (PID=898) to work on /home/airflow/.local/lib/python3.12/site-packages/airflow/example_dags/example_setup_teardown.py
[2024-07-19T09:37:29.506+0000] {processor.py:830} INFO - Processing file /home/airflow/.local/lib/python3.12/site-packages/airflow/example_dags/example_setup_teardown.py for tasks to queue
[2024-07-19T09:37:29.507+0000] {logging_mixin.py:188} INFO - [2024-07-19T09:37:29.507+0000] {dagbag.py:545} INFO - Filling up the DagBag from /home/airflow/.local/lib/python3.12/site-packages/airflow/example_dags/example_setup_teardown.py
[2024-07-19T09:37:29.510+0000] {processor.py:840} INFO - DAG(s) 'example_setup_teardown' retrieved from /home/airflow/.local/lib/python3.12/site-packages/airflow/example_dags/example_setup_teardown.py
[2024-07-19T09:37:29.519+0000] {logging_mixin.py:188} INFO - [2024-07-19T09:37:29.519+0000] {dag.py:3089} INFO - Sync 1 DAGs
[2024-07-19T09:37:29.528+0000] {logging_mixin.py:188} INFO - [2024-07-19T09:37:29.528+0000] {dag.py:3947} INFO - Setting next_dagrun for example_setup_teardown to 2024-07-18 00:00:00+00:00, run_after=2024-07-19 00:00:00+00:00
[2024-07-19T09:37:29.535+0000] {processor.py:183} INFO - Processing /home/airflow/.local/lib/python3.12/site-packages/airflow/example_dags/example_setup_teardown.py took 0.032 seconds
[2024-07-19T09:38:00.284+0000] {processor.py:161} INFO - Started process (PID=964) to work on /home/airflow/.local/lib/python3.12/site-packages/airflow/example_dags/example_setup_teardown.py
[2024-07-19T09:38:00.284+0000] {processor.py:830} INFO - Processing file /home/airflow/.local/lib/python3.12/site-packages/airflow/example_dags/example_setup_teardown.py for tasks to queue
[2024-07-19T09:38:00.285+0000] {logging_mixin.py:188} INFO - [2024-07-19T09:38:00.285+0000] {dagbag.py:545} INFO - Filling up the DagBag from /home/airflow/.local/lib/python3.12/site-packages/airflow/example_dags/example_setup_teardown.py
[2024-07-19T09:38:00.288+0000] {processor.py:840} INFO - DAG(s) 'example_setup_teardown' retrieved from /home/airflow/.local/lib/python3.12/site-packages/airflow/example_dags/example_setup_teardown.py
[2024-07-19T09:38:00.297+0000] {logging_mixin.py:188} INFO - [2024-07-19T09:38:00.297+0000] {dag.py:3089} INFO - Sync 1 DAGs
[2024-07-19T09:38:00.306+0000] {logging_mixin.py:188} INFO - [2024-07-19T09:38:00.306+0000] {dag.py:3947} INFO - Setting next_dagrun for example_setup_teardown to 2024-07-18 00:00:00+00:00, run_after=2024-07-19 00:00:00+00:00
[2024-07-19T09:38:00.313+0000] {processor.py:183} INFO - Processing /home/airflow/.local/lib/python3.12/site-packages/airflow/example_dags/example_setup_teardown.py took 0.032 seconds
[2024-07-19T09:38:30.448+0000] {processor.py:161} INFO - Started process (PID=1031) to work on /home/airflow/.local/lib/python3.12/site-packages/airflow/example_dags/example_setup_teardown.py
[2024-07-19T09:38:30.449+0000] {processor.py:830} INFO - Processing file /home/airflow/.local/lib/python3.12/site-packages/airflow/example_dags/example_setup_teardown.py for tasks to queue
[2024-07-19T09:38:30.450+0000] {logging_mixin.py:188} INFO - [2024-07-19T09:38:30.450+0000] {dagbag.py:545} INFO - Filling up the DagBag from /home/airflow/.local/lib/python3.12/site-packages/airflow/example_dags/example_setup_teardown.py
[2024-07-19T09:38:30.453+0000] {processor.py:840} INFO - DAG(s) 'example_setup_teardown' retrieved from /home/airflow/.local/lib/python3.12/site-packages/airflow/example_dags/example_setup_teardown.py
[2024-07-19T09:38:30.463+0000] {logging_mixin.py:188} INFO - [2024-07-19T09:38:30.462+0000] {dag.py:3089} INFO - Sync 1 DAGs
[2024-07-19T09:38:30.472+0000] {logging_mixin.py:188} INFO - [2024-07-19T09:38:30.472+0000] {dag.py:3947} INFO - Setting next_dagrun for example_setup_teardown to 2024-07-18 00:00:00+00:00, run_after=2024-07-19 00:00:00+00:00
[2024-07-19T09:38:30.479+0000] {processor.py:183} INFO - Processing /home/airflow/.local/lib/python3.12/site-packages/airflow/example_dags/example_setup_teardown.py took 0.033 seconds
[2024-07-19T09:39:01.214+0000] {processor.py:161} INFO - Started process (PID=1098) to work on /home/airflow/.local/lib/python3.12/site-packages/airflow/example_dags/example_setup_teardown.py
[2024-07-19T09:39:01.215+0000] {processor.py:830} INFO - Processing file /home/airflow/.local/lib/python3.12/site-packages/airflow/example_dags/example_setup_teardown.py for tasks to queue
[2024-07-19T09:39:01.216+0000] {logging_mixin.py:188} INFO - [2024-07-19T09:39:01.216+0000] {dagbag.py:545} INFO - Filling up the DagBag from /home/airflow/.local/lib/python3.12/site-packages/airflow/example_dags/example_setup_teardown.py
[2024-07-19T09:39:01.220+0000] {processor.py:840} INFO - DAG(s) 'example_setup_teardown' retrieved from /home/airflow/.local/lib/python3.12/site-packages/airflow/example_dags/example_setup_teardown.py
[2024-07-19T09:39:01.231+0000] {logging_mixin.py:188} INFO - [2024-07-19T09:39:01.231+0000] {dag.py:3089} INFO - Sync 1 DAGs
[2024-07-19T09:39:01.240+0000] {logging_mixin.py:188} INFO - [2024-07-19T09:39:01.240+0000] {dag.py:3947} INFO - Setting next_dagrun for example_setup_teardown to 2024-07-18 00:00:00+00:00, run_after=2024-07-19 00:00:00+00:00
[2024-07-19T09:39:01.247+0000] {processor.py:183} INFO - Processing /home/airflow/.local/lib/python3.12/site-packages/airflow/example_dags/example_setup_teardown.py took 0.036 seconds
[2024-07-19T09:39:31.424+0000] {processor.py:161} INFO - Started process (PID=1165) to work on /home/airflow/.local/lib/python3.12/site-packages/airflow/example_dags/example_setup_teardown.py
[2024-07-19T09:39:31.425+0000] {processor.py:830} INFO - Processing file /home/airflow/.local/lib/python3.12/site-packages/airflow/example_dags/example_setup_teardown.py for tasks to queue
[2024-07-19T09:39:31.426+0000] {logging_mixin.py:188} INFO - [2024-07-19T09:39:31.425+0000] {dagbag.py:545} INFO - Filling up the DagBag from /home/airflow/.local/lib/python3.12/site-packages/airflow/example_dags/example_setup_teardown.py
[2024-07-19T09:39:31.429+0000] {processor.py:840} INFO - DAG(s) 'example_setup_teardown' retrieved from /home/airflow/.local/lib/python3.12/site-packages/airflow/example_dags/example_setup_teardown.py
[2024-07-19T09:39:31.438+0000] {logging_mixin.py:188} INFO - [2024-07-19T09:39:31.438+0000] {dag.py:3089} INFO - Sync 1 DAGs
[2024-07-19T09:39:31.447+0000] {logging_mixin.py:188} INFO - [2024-07-19T09:39:31.447+0000] {dag.py:3947} INFO - Setting next_dagrun for example_setup_teardown to 2024-07-18 00:00:00+00:00, run_after=2024-07-19 00:00:00+00:00
[2024-07-19T09:39:31.455+0000] {processor.py:183} INFO - Processing /home/airflow/.local/lib/python3.12/site-packages/airflow/example_dags/example_setup_teardown.py took 0.033 seconds
[2024-07-19T09:40:01.661+0000] {processor.py:161} INFO - Started process (PID=1232) to work on /home/airflow/.local/lib/python3.12/site-packages/airflow/example_dags/example_setup_teardown.py
[2024-07-19T09:40:01.661+0000] {processor.py:830} INFO - Processing file /home/airflow/.local/lib/python3.12/site-packages/airflow/example_dags/example_setup_teardown.py for tasks to queue
[2024-07-19T09:40:01.662+0000] {logging_mixin.py:188} INFO - [2024-07-19T09:40:01.662+0000] {dagbag.py:545} INFO - Filling up the DagBag from /home/airflow/.local/lib/python3.12/site-packages/airflow/example_dags/example_setup_teardown.py
[2024-07-19T09:40:01.665+0000] {processor.py:840} INFO - DAG(s) 'example_setup_teardown' retrieved from /home/airflow/.local/lib/python3.12/site-packages/airflow/example_dags/example_setup_teardown.py
[2024-07-19T09:40:01.674+0000] {logging_mixin.py:188} INFO - [2024-07-19T09:40:01.674+0000] {dag.py:3089} INFO - Sync 1 DAGs
[2024-07-19T09:40:01.774+0000] {logging_mixin.py:188} INFO - [2024-07-19T09:40:01.774+0000] {dag.py:3947} INFO - Setting next_dagrun for example_setup_teardown to 2024-07-18 00:00:00+00:00, run_after=2024-07-19 00:00:00+00:00
[2024-07-19T09:40:01.782+0000] {processor.py:183} INFO - Processing /home/airflow/.local/lib/python3.12/site-packages/airflow/example_dags/example_setup_teardown.py took 0.123 seconds
[2024-07-19T09:40:32.230+0000] {processor.py:161} INFO - Started process (PID=1299) to work on /home/airflow/.local/lib/python3.12/site-packages/airflow/example_dags/example_setup_teardown.py
[2024-07-19T09:40:32.231+0000] {processor.py:830} INFO - Processing file /home/airflow/.local/lib/python3.12/site-packages/airflow/example_dags/example_setup_teardown.py for tasks to queue
[2024-07-19T09:40:32.232+0000] {logging_mixin.py:188} INFO - [2024-07-19T09:40:32.231+0000] {dagbag.py:545} INFO - Filling up the DagBag from /home/airflow/.local/lib/python3.12/site-packages/airflow/example_dags/example_setup_teardown.py
[2024-07-19T09:40:32.235+0000] {processor.py:840} INFO - DAG(s) 'example_setup_teardown' retrieved from /home/airflow/.local/lib/python3.12/site-packages/airflow/example_dags/example_setup_teardown.py
[2024-07-19T09:40:32.244+0000] {logging_mixin.py:188} INFO - [2024-07-19T09:40:32.244+0000] {dag.py:3089} INFO - Sync 1 DAGs
[2024-07-19T09:40:32.339+0000] {logging_mixin.py:188} INFO - [2024-07-19T09:40:32.338+0000] {dag.py:3947} INFO - Setting next_dagrun for example_setup_teardown to 2024-07-18 00:00:00+00:00, run_after=2024-07-19 00:00:00+00:00
[2024-07-19T09:40:32.346+0000] {processor.py:183} INFO - Processing /home/airflow/.local/lib/python3.12/site-packages/airflow/example_dags/example_setup_teardown.py took 0.118 seconds
[2024-07-19T09:41:02.660+0000] {processor.py:161} INFO - Started process (PID=1366) to work on /home/airflow/.local/lib/python3.12/site-packages/airflow/example_dags/example_setup_teardown.py
[2024-07-19T09:41:02.662+0000] {processor.py:830} INFO - Processing file /home/airflow/.local/lib/python3.12/site-packages/airflow/example_dags/example_setup_teardown.py for tasks to queue
[2024-07-19T09:41:02.663+0000] {logging_mixin.py:188} INFO - [2024-07-19T09:41:02.663+0000] {dagbag.py:545} INFO - Filling up the DagBag from /home/airflow/.local/lib/python3.12/site-packages/airflow/example_dags/example_setup_teardown.py
[2024-07-19T09:41:02.666+0000] {processor.py:840} INFO - DAG(s) 'example_setup_teardown' retrieved from /home/airflow/.local/lib/python3.12/site-packages/airflow/example_dags/example_setup_teardown.py
[2024-07-19T09:41:02.676+0000] {logging_mixin.py:188} INFO - [2024-07-19T09:41:02.676+0000] {dag.py:3089} INFO - Sync 1 DAGs
[2024-07-19T09:41:02.686+0000] {logging_mixin.py:188} INFO - [2024-07-19T09:41:02.685+0000] {dag.py:3947} INFO - Setting next_dagrun for example_setup_teardown to 2024-07-18 00:00:00+00:00, run_after=2024-07-19 00:00:00+00:00
[2024-07-19T09:41:02.776+0000] {processor.py:183} INFO - Processing /home/airflow/.local/lib/python3.12/site-packages/airflow/example_dags/example_setup_teardown.py took 0.118 seconds
[2024-07-19T09:41:33.374+0000] {processor.py:161} INFO - Started process (PID=1433) to work on /home/airflow/.local/lib/python3.12/site-packages/airflow/example_dags/example_setup_teardown.py
[2024-07-19T09:41:33.375+0000] {processor.py:830} INFO - Processing file /home/airflow/.local/lib/python3.12/site-packages/airflow/example_dags/example_setup_teardown.py for tasks to queue
[2024-07-19T09:41:33.376+0000] {logging_mixin.py:188} INFO - [2024-07-19T09:41:33.375+0000] {dagbag.py:545} INFO - Filling up the DagBag from /home/airflow/.local/lib/python3.12/site-packages/airflow/example_dags/example_setup_teardown.py
[2024-07-19T09:41:33.379+0000] {processor.py:840} INFO - DAG(s) 'example_setup_teardown' retrieved from /home/airflow/.local/lib/python3.12/site-packages/airflow/example_dags/example_setup_teardown.py
[2024-07-19T09:41:33.388+0000] {logging_mixin.py:188} INFO - [2024-07-19T09:41:33.388+0000] {dag.py:3089} INFO - Sync 1 DAGs
[2024-07-19T09:41:33.397+0000] {logging_mixin.py:188} INFO - [2024-07-19T09:41:33.397+0000] {dag.py:3947} INFO - Setting next_dagrun for example_setup_teardown to 2024-07-18 00:00:00+00:00, run_after=2024-07-19 00:00:00+00:00
[2024-07-19T09:41:33.488+0000] {processor.py:183} INFO - Processing /home/airflow/.local/lib/python3.12/site-packages/airflow/example_dags/example_setup_teardown.py took 0.116 seconds
[2024-07-19T09:42:03.664+0000] {processor.py:161} INFO - Started process (PID=1499) to work on /home/airflow/.local/lib/python3.12/site-packages/airflow/example_dags/example_setup_teardown.py
[2024-07-19T09:42:03.664+0000] {processor.py:830} INFO - Processing file /home/airflow/.local/lib/python3.12/site-packages/airflow/example_dags/example_setup_teardown.py for tasks to queue
[2024-07-19T09:42:03.665+0000] {logging_mixin.py:188} INFO - [2024-07-19T09:42:03.665+0000] {dagbag.py:545} INFO - Filling up the DagBag from /home/airflow/.local/lib/python3.12/site-packages/airflow/example_dags/example_setup_teardown.py
[2024-07-19T09:42:03.669+0000] {processor.py:840} INFO - DAG(s) 'example_setup_teardown' retrieved from /home/airflow/.local/lib/python3.12/site-packages/airflow/example_dags/example_setup_teardown.py
[2024-07-19T09:42:03.678+0000] {logging_mixin.py:188} INFO - [2024-07-19T09:42:03.678+0000] {dag.py:3089} INFO - Sync 1 DAGs
[2024-07-19T09:42:03.687+0000] {logging_mixin.py:188} INFO - [2024-07-19T09:42:03.687+0000] {dag.py:3947} INFO - Setting next_dagrun for example_setup_teardown to 2024-07-18 00:00:00+00:00, run_after=2024-07-19 00:00:00+00:00
[2024-07-19T09:42:03.695+0000] {processor.py:183} INFO - Processing /home/airflow/.local/lib/python3.12/site-packages/airflow/example_dags/example_setup_teardown.py took 0.033 seconds
[2024-07-19T09:42:34.319+0000] {processor.py:161} INFO - Started process (PID=1565) to work on /home/airflow/.local/lib/python3.12/site-packages/airflow/example_dags/example_setup_teardown.py
[2024-07-19T09:42:34.321+0000] {processor.py:830} INFO - Processing file /home/airflow/.local/lib/python3.12/site-packages/airflow/example_dags/example_setup_teardown.py for tasks to queue
[2024-07-19T09:42:34.324+0000] {logging_mixin.py:188} INFO - [2024-07-19T09:42:34.323+0000] {dagbag.py:545} INFO - Filling up the DagBag from /home/airflow/.local/lib/python3.12/site-packages/airflow/example_dags/example_setup_teardown.py
[2024-07-19T09:42:34.338+0000] {processor.py:840} INFO - DAG(s) 'example_setup_teardown' retrieved from /home/airflow/.local/lib/python3.12/site-packages/airflow/example_dags/example_setup_teardown.py
[2024-07-19T09:42:34.350+0000] {logging_mixin.py:188} INFO - [2024-07-19T09:42:34.350+0000] {dag.py:3089} INFO - Sync 1 DAGs
[2024-07-19T09:42:34.359+0000] {logging_mixin.py:188} INFO - [2024-07-19T09:42:34.359+0000] {dag.py:3947} INFO - Setting next_dagrun for example_setup_teardown to 2024-07-18 00:00:00+00:00, run_after=2024-07-19 00:00:00+00:00
[2024-07-19T09:42:34.368+0000] {processor.py:183} INFO - Processing /home/airflow/.local/lib/python3.12/site-packages/airflow/example_dags/example_setup_teardown.py took 0.060 seconds
[2024-07-19T09:43:05.125+0000] {processor.py:161} INFO - Started process (PID=1625) to work on /home/airflow/.local/lib/python3.12/site-packages/airflow/example_dags/example_setup_teardown.py
[2024-07-19T09:43:05.125+0000] {processor.py:830} INFO - Processing file /home/airflow/.local/lib/python3.12/site-packages/airflow/example_dags/example_setup_teardown.py for tasks to queue
[2024-07-19T09:43:05.126+0000] {logging_mixin.py:188} INFO - [2024-07-19T09:43:05.126+0000] {dagbag.py:545} INFO - Filling up the DagBag from /home/airflow/.local/lib/python3.12/site-packages/airflow/example_dags/example_setup_teardown.py
[2024-07-19T09:43:05.129+0000] {processor.py:840} INFO - DAG(s) 'example_setup_teardown' retrieved from /home/airflow/.local/lib/python3.12/site-packages/airflow/example_dags/example_setup_teardown.py
[2024-07-19T09:43:05.138+0000] {logging_mixin.py:188} INFO - [2024-07-19T09:43:05.138+0000] {dag.py:3089} INFO - Sync 1 DAGs
[2024-07-19T09:43:05.147+0000] {logging_mixin.py:188} INFO - [2024-07-19T09:43:05.147+0000] {dag.py:3947} INFO - Setting next_dagrun for example_setup_teardown to 2024-07-18 00:00:00+00:00, run_after=2024-07-19 00:00:00+00:00
[2024-07-19T09:43:05.154+0000] {processor.py:183} INFO - Processing /home/airflow/.local/lib/python3.12/site-packages/airflow/example_dags/example_setup_teardown.py took 0.032 seconds
[2024-07-19T09:43:35.843+0000] {processor.py:161} INFO - Started process (PID=1690) to work on /home/airflow/.local/lib/python3.12/site-packages/airflow/example_dags/example_setup_teardown.py
[2024-07-19T09:43:35.844+0000] {processor.py:830} INFO - Processing file /home/airflow/.local/lib/python3.12/site-packages/airflow/example_dags/example_setup_teardown.py for tasks to queue
[2024-07-19T09:43:35.845+0000] {logging_mixin.py:188} INFO - [2024-07-19T09:43:35.844+0000] {dagbag.py:545} INFO - Filling up the DagBag from /home/airflow/.local/lib/python3.12/site-packages/airflow/example_dags/example_setup_teardown.py
[2024-07-19T09:43:35.848+0000] {processor.py:840} INFO - DAG(s) 'example_setup_teardown' retrieved from /home/airflow/.local/lib/python3.12/site-packages/airflow/example_dags/example_setup_teardown.py
[2024-07-19T09:43:35.857+0000] {logging_mixin.py:188} INFO - [2024-07-19T09:43:35.857+0000] {dag.py:3089} INFO - Sync 1 DAGs
[2024-07-19T09:43:35.867+0000] {logging_mixin.py:188} INFO - [2024-07-19T09:43:35.866+0000] {dag.py:3947} INFO - Setting next_dagrun for example_setup_teardown to 2024-07-18 00:00:00+00:00, run_after=2024-07-19 00:00:00+00:00
[2024-07-19T09:43:35.873+0000] {processor.py:183} INFO - Processing /home/airflow/.local/lib/python3.12/site-packages/airflow/example_dags/example_setup_teardown.py took 0.033 seconds
[2024-07-19T09:44:06.602+0000] {processor.py:161} INFO - Started process (PID=1756) to work on /home/airflow/.local/lib/python3.12/site-packages/airflow/example_dags/example_setup_teardown.py
[2024-07-19T09:44:06.602+0000] {processor.py:830} INFO - Processing file /home/airflow/.local/lib/python3.12/site-packages/airflow/example_dags/example_setup_teardown.py for tasks to queue
[2024-07-19T09:44:06.603+0000] {logging_mixin.py:188} INFO - [2024-07-19T09:44:06.603+0000] {dagbag.py:545} INFO - Filling up the DagBag from /home/airflow/.local/lib/python3.12/site-packages/airflow/example_dags/example_setup_teardown.py
[2024-07-19T09:44:06.607+0000] {processor.py:840} INFO - DAG(s) 'example_setup_teardown' retrieved from /home/airflow/.local/lib/python3.12/site-packages/airflow/example_dags/example_setup_teardown.py
[2024-07-19T09:44:06.616+0000] {logging_mixin.py:188} INFO - [2024-07-19T09:44:06.616+0000] {dag.py:3089} INFO - Sync 1 DAGs
[2024-07-19T09:44:06.626+0000] {logging_mixin.py:188} INFO - [2024-07-19T09:44:06.626+0000] {dag.py:3947} INFO - Setting next_dagrun for example_setup_teardown to 2024-07-18 00:00:00+00:00, run_after=2024-07-19 00:00:00+00:00
[2024-07-19T09:44:06.632+0000] {processor.py:183} INFO - Processing /home/airflow/.local/lib/python3.12/site-packages/airflow/example_dags/example_setup_teardown.py took 0.033 seconds
[2024-07-19T09:44:37.302+0000] {processor.py:161} INFO - Started process (PID=1823) to work on /home/airflow/.local/lib/python3.12/site-packages/airflow/example_dags/example_setup_teardown.py
[2024-07-19T09:44:37.302+0000] {processor.py:830} INFO - Processing file /home/airflow/.local/lib/python3.12/site-packages/airflow/example_dags/example_setup_teardown.py for tasks to queue
[2024-07-19T09:44:37.303+0000] {logging_mixin.py:188} INFO - [2024-07-19T09:44:37.303+0000] {dagbag.py:545} INFO - Filling up the DagBag from /home/airflow/.local/lib/python3.12/site-packages/airflow/example_dags/example_setup_teardown.py
[2024-07-19T09:44:37.306+0000] {processor.py:840} INFO - DAG(s) 'example_setup_teardown' retrieved from /home/airflow/.local/lib/python3.12/site-packages/airflow/example_dags/example_setup_teardown.py
[2024-07-19T09:44:37.315+0000] {logging_mixin.py:188} INFO - [2024-07-19T09:44:37.315+0000] {dag.py:3089} INFO - Sync 1 DAGs
[2024-07-19T09:44:37.324+0000] {logging_mixin.py:188} INFO - [2024-07-19T09:44:37.324+0000] {dag.py:3947} INFO - Setting next_dagrun for example_setup_teardown to 2024-07-18 00:00:00+00:00, run_after=2024-07-19 00:00:00+00:00
[2024-07-19T09:44:37.331+0000] {processor.py:183} INFO - Processing /home/airflow/.local/lib/python3.12/site-packages/airflow/example_dags/example_setup_teardown.py took 0.031 seconds
[2024-07-19T09:45:08.066+0000] {processor.py:161} INFO - Started process (PID=1890) to work on /home/airflow/.local/lib/python3.12/site-packages/airflow/example_dags/example_setup_teardown.py
[2024-07-19T09:45:08.067+0000] {processor.py:830} INFO - Processing file /home/airflow/.local/lib/python3.12/site-packages/airflow/example_dags/example_setup_teardown.py for tasks to queue
[2024-07-19T09:45:08.068+0000] {logging_mixin.py:188} INFO - [2024-07-19T09:45:08.068+0000] {dagbag.py:545} INFO - Filling up the DagBag from /home/airflow/.local/lib/python3.12/site-packages/airflow/example_dags/example_setup_teardown.py
[2024-07-19T09:45:08.071+0000] {processor.py:840} INFO - DAG(s) 'example_setup_teardown' retrieved from /home/airflow/.local/lib/python3.12/site-packages/airflow/example_dags/example_setup_teardown.py
[2024-07-19T09:45:08.081+0000] {logging_mixin.py:188} INFO - [2024-07-19T09:45:08.080+0000] {dag.py:3089} INFO - Sync 1 DAGs
[2024-07-19T09:45:08.090+0000] {logging_mixin.py:188} INFO - [2024-07-19T09:45:08.090+0000] {dag.py:3947} INFO - Setting next_dagrun for example_setup_teardown to 2024-07-18 00:00:00+00:00, run_after=2024-07-19 00:00:00+00:00
[2024-07-19T09:45:08.098+0000] {processor.py:183} INFO - Processing /home/airflow/.local/lib/python3.12/site-packages/airflow/example_dags/example_setup_teardown.py took 0.034 seconds
[2024-07-19T09:45:38.934+0000] {processor.py:161} INFO - Started process (PID=1957) to work on /home/airflow/.local/lib/python3.12/site-packages/airflow/example_dags/example_setup_teardown.py
[2024-07-19T09:45:38.934+0000] {processor.py:830} INFO - Processing file /home/airflow/.local/lib/python3.12/site-packages/airflow/example_dags/example_setup_teardown.py for tasks to queue
[2024-07-19T09:45:38.935+0000] {logging_mixin.py:188} INFO - [2024-07-19T09:45:38.935+0000] {dagbag.py:545} INFO - Filling up the DagBag from /home/airflow/.local/lib/python3.12/site-packages/airflow/example_dags/example_setup_teardown.py
[2024-07-19T09:45:38.937+0000] {processor.py:840} INFO - DAG(s) 'example_setup_teardown' retrieved from /home/airflow/.local/lib/python3.12/site-packages/airflow/example_dags/example_setup_teardown.py
[2024-07-19T09:45:38.946+0000] {logging_mixin.py:188} INFO - [2024-07-19T09:45:38.946+0000] {dag.py:3089} INFO - Sync 1 DAGs
[2024-07-19T09:45:38.956+0000] {logging_mixin.py:188} INFO - [2024-07-19T09:45:38.956+0000] {dag.py:3947} INFO - Setting next_dagrun for example_setup_teardown to 2024-07-18 00:00:00+00:00, run_after=2024-07-19 00:00:00+00:00
[2024-07-19T09:45:38.962+0000] {processor.py:183} INFO - Processing /home/airflow/.local/lib/python3.12/site-packages/airflow/example_dags/example_setup_teardown.py took 0.031 seconds
[2024-07-19T09:46:09.852+0000] {processor.py:161} INFO - Started process (PID=2024) to work on /home/airflow/.local/lib/python3.12/site-packages/airflow/example_dags/example_setup_teardown.py
[2024-07-19T09:46:09.853+0000] {processor.py:830} INFO - Processing file /home/airflow/.local/lib/python3.12/site-packages/airflow/example_dags/example_setup_teardown.py for tasks to queue
[2024-07-19T09:46:09.854+0000] {logging_mixin.py:188} INFO - [2024-07-19T09:46:09.853+0000] {dagbag.py:545} INFO - Filling up the DagBag from /home/airflow/.local/lib/python3.12/site-packages/airflow/example_dags/example_setup_teardown.py
[2024-07-19T09:46:09.857+0000] {processor.py:840} INFO - DAG(s) 'example_setup_teardown' retrieved from /home/airflow/.local/lib/python3.12/site-packages/airflow/example_dags/example_setup_teardown.py
[2024-07-19T09:46:09.866+0000] {logging_mixin.py:188} INFO - [2024-07-19T09:46:09.866+0000] {dag.py:3089} INFO - Sync 1 DAGs
[2024-07-19T09:46:09.875+0000] {logging_mixin.py:188} INFO - [2024-07-19T09:46:09.875+0000] {dag.py:3947} INFO - Setting next_dagrun for example_setup_teardown to 2024-07-18 00:00:00+00:00, run_after=2024-07-19 00:00:00+00:00
[2024-07-19T09:46:09.883+0000] {processor.py:183} INFO - Processing /home/airflow/.local/lib/python3.12/site-packages/airflow/example_dags/example_setup_teardown.py took 0.033 seconds
[2024-07-19T09:46:40.604+0000] {processor.py:161} INFO - Started process (PID=2091) to work on /home/airflow/.local/lib/python3.12/site-packages/airflow/example_dags/example_setup_teardown.py
[2024-07-19T09:46:40.604+0000] {processor.py:830} INFO - Processing file /home/airflow/.local/lib/python3.12/site-packages/airflow/example_dags/example_setup_teardown.py for tasks to queue
[2024-07-19T09:46:40.605+0000] {logging_mixin.py:188} INFO - [2024-07-19T09:46:40.605+0000] {dagbag.py:545} INFO - Filling up the DagBag from /home/airflow/.local/lib/python3.12/site-packages/airflow/example_dags/example_setup_teardown.py
[2024-07-19T09:46:40.608+0000] {processor.py:840} INFO - DAG(s) 'example_setup_teardown' retrieved from /home/airflow/.local/lib/python3.12/site-packages/airflow/example_dags/example_setup_teardown.py
[2024-07-19T09:46:40.618+0000] {logging_mixin.py:188} INFO - [2024-07-19T09:46:40.617+0000] {dag.py:3089} INFO - Sync 1 DAGs
[2024-07-19T09:46:40.627+0000] {logging_mixin.py:188} INFO - [2024-07-19T09:46:40.627+0000] {dag.py:3947} INFO - Setting next_dagrun for example_setup_teardown to 2024-07-18 00:00:00+00:00, run_after=2024-07-19 00:00:00+00:00
[2024-07-19T09:46:40.634+0000] {processor.py:183} INFO - Processing /home/airflow/.local/lib/python3.12/site-packages/airflow/example_dags/example_setup_teardown.py took 0.033 seconds
[2024-07-19T09:47:11.308+0000] {processor.py:161} INFO - Started process (PID=2157) to work on /home/airflow/.local/lib/python3.12/site-packages/airflow/example_dags/example_setup_teardown.py
[2024-07-19T09:47:11.309+0000] {processor.py:830} INFO - Processing file /home/airflow/.local/lib/python3.12/site-packages/airflow/example_dags/example_setup_teardown.py for tasks to queue
[2024-07-19T09:47:11.310+0000] {logging_mixin.py:188} INFO - [2024-07-19T09:47:11.309+0000] {dagbag.py:545} INFO - Filling up the DagBag from /home/airflow/.local/lib/python3.12/site-packages/airflow/example_dags/example_setup_teardown.py
[2024-07-19T09:47:11.313+0000] {processor.py:840} INFO - DAG(s) 'example_setup_teardown' retrieved from /home/airflow/.local/lib/python3.12/site-packages/airflow/example_dags/example_setup_teardown.py
[2024-07-19T09:47:11.322+0000] {logging_mixin.py:188} INFO - [2024-07-19T09:47:11.322+0000] {dag.py:3089} INFO - Sync 1 DAGs
[2024-07-19T09:47:11.331+0000] {logging_mixin.py:188} INFO - [2024-07-19T09:47:11.331+0000] {dag.py:3947} INFO - Setting next_dagrun for example_setup_teardown to 2024-07-18 00:00:00+00:00, run_after=2024-07-19 00:00:00+00:00
[2024-07-19T09:47:11.338+0000] {processor.py:183} INFO - Processing /home/airflow/.local/lib/python3.12/site-packages/airflow/example_dags/example_setup_teardown.py took 0.033 seconds
[2024-07-19T09:47:42.100+0000] {processor.py:161} INFO - Started process (PID=2224) to work on /home/airflow/.local/lib/python3.12/site-packages/airflow/example_dags/example_setup_teardown.py
[2024-07-19T09:47:42.100+0000] {processor.py:830} INFO - Processing file /home/airflow/.local/lib/python3.12/site-packages/airflow/example_dags/example_setup_teardown.py for tasks to queue
[2024-07-19T09:47:42.101+0000] {logging_mixin.py:188} INFO - [2024-07-19T09:47:42.101+0000] {dagbag.py:545} INFO - Filling up the DagBag from /home/airflow/.local/lib/python3.12/site-packages/airflow/example_dags/example_setup_teardown.py
[2024-07-19T09:47:42.104+0000] {processor.py:840} INFO - DAG(s) 'example_setup_teardown' retrieved from /home/airflow/.local/lib/python3.12/site-packages/airflow/example_dags/example_setup_teardown.py
[2024-07-19T09:47:42.114+0000] {logging_mixin.py:188} INFO - [2024-07-19T09:47:42.113+0000] {dag.py:3089} INFO - Sync 1 DAGs
[2024-07-19T09:47:42.123+0000] {logging_mixin.py:188} INFO - [2024-07-19T09:47:42.123+0000] {dag.py:3947} INFO - Setting next_dagrun for example_setup_teardown to 2024-07-18 00:00:00+00:00, run_after=2024-07-19 00:00:00+00:00
[2024-07-19T09:47:42.130+0000] {processor.py:183} INFO - Processing /home/airflow/.local/lib/python3.12/site-packages/airflow/example_dags/example_setup_teardown.py took 0.033 seconds
[2024-07-19T09:48:12.877+0000] {processor.py:161} INFO - Started process (PID=2291) to work on /home/airflow/.local/lib/python3.12/site-packages/airflow/example_dags/example_setup_teardown.py
[2024-07-19T09:48:12.879+0000] {processor.py:830} INFO - Processing file /home/airflow/.local/lib/python3.12/site-packages/airflow/example_dags/example_setup_teardown.py for tasks to queue
[2024-07-19T09:48:12.883+0000] {logging_mixin.py:188} INFO - [2024-07-19T09:48:12.882+0000] {dagbag.py:545} INFO - Filling up the DagBag from /home/airflow/.local/lib/python3.12/site-packages/airflow/example_dags/example_setup_teardown.py
[2024-07-19T09:48:12.888+0000] {processor.py:840} INFO - DAG(s) 'example_setup_teardown' retrieved from /home/airflow/.local/lib/python3.12/site-packages/airflow/example_dags/example_setup_teardown.py
[2024-07-19T09:48:12.902+0000] {logging_mixin.py:188} INFO - [2024-07-19T09:48:12.902+0000] {dag.py:3089} INFO - Sync 1 DAGs
[2024-07-19T09:48:12.915+0000] {logging_mixin.py:188} INFO - [2024-07-19T09:48:12.915+0000] {dag.py:3947} INFO - Setting next_dagrun for example_setup_teardown to 2024-07-18 00:00:00+00:00, run_after=2024-07-19 00:00:00+00:00
[2024-07-19T09:48:12.928+0000] {processor.py:183} INFO - Processing /home/airflow/.local/lib/python3.12/site-packages/airflow/example_dags/example_setup_teardown.py took 0.059 seconds
[2024-07-19T09:48:43.395+0000] {processor.py:161} INFO - Started process (PID=2364) to work on /home/airflow/.local/lib/python3.12/site-packages/airflow/example_dags/example_setup_teardown.py
[2024-07-19T09:48:43.396+0000] {processor.py:830} INFO - Processing file /home/airflow/.local/lib/python3.12/site-packages/airflow/example_dags/example_setup_teardown.py for tasks to queue
[2024-07-19T09:48:43.397+0000] {logging_mixin.py:188} INFO - [2024-07-19T09:48:43.397+0000] {dagbag.py:545} INFO - Filling up the DagBag from /home/airflow/.local/lib/python3.12/site-packages/airflow/example_dags/example_setup_teardown.py
[2024-07-19T09:48:43.400+0000] {processor.py:840} INFO - DAG(s) 'example_setup_teardown' retrieved from /home/airflow/.local/lib/python3.12/site-packages/airflow/example_dags/example_setup_teardown.py
[2024-07-19T09:48:43.409+0000] {logging_mixin.py:188} INFO - [2024-07-19T09:48:43.409+0000] {dag.py:3089} INFO - Sync 1 DAGs
[2024-07-19T09:48:43.419+0000] {logging_mixin.py:188} INFO - [2024-07-19T09:48:43.419+0000] {dag.py:3947} INFO - Setting next_dagrun for example_setup_teardown to 2024-07-18 00:00:00+00:00, run_after=2024-07-19 00:00:00+00:00
[2024-07-19T09:48:43.425+0000] {processor.py:183} INFO - Processing /home/airflow/.local/lib/python3.12/site-packages/airflow/example_dags/example_setup_teardown.py took 0.033 seconds
[2024-07-19T09:49:14.206+0000] {processor.py:161} INFO - Started process (PID=2431) to work on /home/airflow/.local/lib/python3.12/site-packages/airflow/example_dags/example_setup_teardown.py
[2024-07-19T09:49:14.207+0000] {processor.py:830} INFO - Processing file /home/airflow/.local/lib/python3.12/site-packages/airflow/example_dags/example_setup_teardown.py for tasks to queue
[2024-07-19T09:49:14.208+0000] {logging_mixin.py:188} INFO - [2024-07-19T09:49:14.208+0000] {dagbag.py:545} INFO - Filling up the DagBag from /home/airflow/.local/lib/python3.12/site-packages/airflow/example_dags/example_setup_teardown.py
[2024-07-19T09:49:14.211+0000] {processor.py:840} INFO - DAG(s) 'example_setup_teardown' retrieved from /home/airflow/.local/lib/python3.12/site-packages/airflow/example_dags/example_setup_teardown.py
[2024-07-19T09:49:14.221+0000] {logging_mixin.py:188} INFO - [2024-07-19T09:49:14.221+0000] {dag.py:3089} INFO - Sync 1 DAGs
[2024-07-19T09:49:14.230+0000] {logging_mixin.py:188} INFO - [2024-07-19T09:49:14.229+0000] {dag.py:3947} INFO - Setting next_dagrun for example_setup_teardown to 2024-07-18 00:00:00+00:00, run_after=2024-07-19 00:00:00+00:00
[2024-07-19T09:49:14.236+0000] {processor.py:183} INFO - Processing /home/airflow/.local/lib/python3.12/site-packages/airflow/example_dags/example_setup_teardown.py took 0.033 seconds
[2024-07-19T09:49:44.947+0000] {processor.py:161} INFO - Started process (PID=2499) to work on /home/airflow/.local/lib/python3.12/site-packages/airflow/example_dags/example_setup_teardown.py
[2024-07-19T09:49:44.947+0000] {processor.py:830} INFO - Processing file /home/airflow/.local/lib/python3.12/site-packages/airflow/example_dags/example_setup_teardown.py for tasks to queue
[2024-07-19T09:49:44.948+0000] {logging_mixin.py:188} INFO - [2024-07-19T09:49:44.948+0000] {dagbag.py:545} INFO - Filling up the DagBag from /home/airflow/.local/lib/python3.12/site-packages/airflow/example_dags/example_setup_teardown.py
[2024-07-19T09:49:44.952+0000] {processor.py:840} INFO - DAG(s) 'example_setup_teardown' retrieved from /home/airflow/.local/lib/python3.12/site-packages/airflow/example_dags/example_setup_teardown.py
[2024-07-19T09:49:44.961+0000] {logging_mixin.py:188} INFO - [2024-07-19T09:49:44.961+0000] {dag.py:3089} INFO - Sync 1 DAGs
[2024-07-19T09:49:44.970+0000] {logging_mixin.py:188} INFO - [2024-07-19T09:49:44.970+0000] {dag.py:3947} INFO - Setting next_dagrun for example_setup_teardown to 2024-07-18 00:00:00+00:00, run_after=2024-07-19 00:00:00+00:00
[2024-07-19T09:49:44.977+0000] {processor.py:183} INFO - Processing /home/airflow/.local/lib/python3.12/site-packages/airflow/example_dags/example_setup_teardown.py took 0.033 seconds
[2024-07-19T09:50:15.664+0000] {processor.py:161} INFO - Started process (PID=2566) to work on /home/airflow/.local/lib/python3.12/site-packages/airflow/example_dags/example_setup_teardown.py
[2024-07-19T09:50:15.665+0000] {processor.py:830} INFO - Processing file /home/airflow/.local/lib/python3.12/site-packages/airflow/example_dags/example_setup_teardown.py for tasks to queue
[2024-07-19T09:50:15.666+0000] {logging_mixin.py:188} INFO - [2024-07-19T09:50:15.666+0000] {dagbag.py:545} INFO - Filling up the DagBag from /home/airflow/.local/lib/python3.12/site-packages/airflow/example_dags/example_setup_teardown.py
[2024-07-19T09:50:15.669+0000] {processor.py:840} INFO - DAG(s) 'example_setup_teardown' retrieved from /home/airflow/.local/lib/python3.12/site-packages/airflow/example_dags/example_setup_teardown.py
[2024-07-19T09:50:15.679+0000] {logging_mixin.py:188} INFO - [2024-07-19T09:50:15.679+0000] {dag.py:3089} INFO - Sync 1 DAGs
[2024-07-19T09:50:15.688+0000] {logging_mixin.py:188} INFO - [2024-07-19T09:50:15.688+0000] {dag.py:3947} INFO - Setting next_dagrun for example_setup_teardown to 2024-07-18 00:00:00+00:00, run_after=2024-07-19 00:00:00+00:00
[2024-07-19T09:50:15.694+0000] {processor.py:183} INFO - Processing /home/airflow/.local/lib/python3.12/site-packages/airflow/example_dags/example_setup_teardown.py took 0.033 seconds
[2024-07-19T09:50:46.383+0000] {processor.py:161} INFO - Started process (PID=2633) to work on /home/airflow/.local/lib/python3.12/site-packages/airflow/example_dags/example_setup_teardown.py
[2024-07-19T09:50:46.384+0000] {processor.py:830} INFO - Processing file /home/airflow/.local/lib/python3.12/site-packages/airflow/example_dags/example_setup_teardown.py for tasks to queue
[2024-07-19T09:50:46.385+0000] {logging_mixin.py:188} INFO - [2024-07-19T09:50:46.384+0000] {dagbag.py:545} INFO - Filling up the DagBag from /home/airflow/.local/lib/python3.12/site-packages/airflow/example_dags/example_setup_teardown.py
[2024-07-19T09:50:46.388+0000] {processor.py:840} INFO - DAG(s) 'example_setup_teardown' retrieved from /home/airflow/.local/lib/python3.12/site-packages/airflow/example_dags/example_setup_teardown.py
[2024-07-19T09:50:46.398+0000] {logging_mixin.py:188} INFO - [2024-07-19T09:50:46.397+0000] {dag.py:3089} INFO - Sync 1 DAGs
[2024-07-19T09:50:46.407+0000] {logging_mixin.py:188} INFO - [2024-07-19T09:50:46.407+0000] {dag.py:3947} INFO - Setting next_dagrun for example_setup_teardown to 2024-07-18 00:00:00+00:00, run_after=2024-07-19 00:00:00+00:00
[2024-07-19T09:50:46.413+0000] {processor.py:183} INFO - Processing /home/airflow/.local/lib/python3.12/site-packages/airflow/example_dags/example_setup_teardown.py took 0.033 seconds
[2024-07-19T09:51:17.142+0000] {processor.py:161} INFO - Started process (PID=2700) to work on /home/airflow/.local/lib/python3.12/site-packages/airflow/example_dags/example_setup_teardown.py
[2024-07-19T09:51:17.143+0000] {processor.py:830} INFO - Processing file /home/airflow/.local/lib/python3.12/site-packages/airflow/example_dags/example_setup_teardown.py for tasks to queue
[2024-07-19T09:51:17.144+0000] {logging_mixin.py:188} INFO - [2024-07-19T09:51:17.144+0000] {dagbag.py:545} INFO - Filling up the DagBag from /home/airflow/.local/lib/python3.12/site-packages/airflow/example_dags/example_setup_teardown.py
[2024-07-19T09:51:17.147+0000] {processor.py:840} INFO - DAG(s) 'example_setup_teardown' retrieved from /home/airflow/.local/lib/python3.12/site-packages/airflow/example_dags/example_setup_teardown.py
[2024-07-19T09:51:17.157+0000] {logging_mixin.py:188} INFO - [2024-07-19T09:51:17.157+0000] {dag.py:3089} INFO - Sync 1 DAGs
[2024-07-19T09:51:17.166+0000] {logging_mixin.py:188} INFO - [2024-07-19T09:51:17.166+0000] {dag.py:3947} INFO - Setting next_dagrun for example_setup_teardown to 2024-07-18 00:00:00+00:00, run_after=2024-07-19 00:00:00+00:00
[2024-07-19T09:51:17.173+0000] {processor.py:183} INFO - Processing /home/airflow/.local/lib/python3.12/site-packages/airflow/example_dags/example_setup_teardown.py took 0.033 seconds
[2024-07-19T09:51:47.870+0000] {processor.py:161} INFO - Started process (PID=2767) to work on /home/airflow/.local/lib/python3.12/site-packages/airflow/example_dags/example_setup_teardown.py
[2024-07-19T09:51:47.871+0000] {processor.py:830} INFO - Processing file /home/airflow/.local/lib/python3.12/site-packages/airflow/example_dags/example_setup_teardown.py for tasks to queue
[2024-07-19T09:51:47.872+0000] {logging_mixin.py:188} INFO - [2024-07-19T09:51:47.871+0000] {dagbag.py:545} INFO - Filling up the DagBag from /home/airflow/.local/lib/python3.12/site-packages/airflow/example_dags/example_setup_teardown.py
[2024-07-19T09:51:47.875+0000] {processor.py:840} INFO - DAG(s) 'example_setup_teardown' retrieved from /home/airflow/.local/lib/python3.12/site-packages/airflow/example_dags/example_setup_teardown.py
[2024-07-19T09:51:47.884+0000] {logging_mixin.py:188} INFO - [2024-07-19T09:51:47.884+0000] {dag.py:3089} INFO - Sync 1 DAGs
[2024-07-19T09:51:47.893+0000] {logging_mixin.py:188} INFO - [2024-07-19T09:51:47.893+0000] {dag.py:3947} INFO - Setting next_dagrun for example_setup_teardown to 2024-07-18 00:00:00+00:00, run_after=2024-07-19 00:00:00+00:00
[2024-07-19T09:51:47.900+0000] {processor.py:183} INFO - Processing /home/airflow/.local/lib/python3.12/site-packages/airflow/example_dags/example_setup_teardown.py took 0.033 seconds
[2024-07-19T09:52:18.603+0000] {processor.py:161} INFO - Started process (PID=2833) to work on /home/airflow/.local/lib/python3.12/site-packages/airflow/example_dags/example_setup_teardown.py
[2024-07-19T09:52:18.603+0000] {processor.py:830} INFO - Processing file /home/airflow/.local/lib/python3.12/site-packages/airflow/example_dags/example_setup_teardown.py for tasks to queue
[2024-07-19T09:52:18.604+0000] {logging_mixin.py:188} INFO - [2024-07-19T09:52:18.604+0000] {dagbag.py:545} INFO - Filling up the DagBag from /home/airflow/.local/lib/python3.12/site-packages/airflow/example_dags/example_setup_teardown.py
[2024-07-19T09:52:18.608+0000] {processor.py:840} INFO - DAG(s) 'example_setup_teardown' retrieved from /home/airflow/.local/lib/python3.12/site-packages/airflow/example_dags/example_setup_teardown.py
[2024-07-19T09:52:18.620+0000] {logging_mixin.py:188} INFO - [2024-07-19T09:52:18.620+0000] {dag.py:3089} INFO - Sync 1 DAGs
[2024-07-19T09:52:18.630+0000] {logging_mixin.py:188} INFO - [2024-07-19T09:52:18.630+0000] {dag.py:3947} INFO - Setting next_dagrun for example_setup_teardown to 2024-07-18 00:00:00+00:00, run_after=2024-07-19 00:00:00+00:00
[2024-07-19T09:52:18.638+0000] {processor.py:183} INFO - Processing /home/airflow/.local/lib/python3.12/site-packages/airflow/example_dags/example_setup_teardown.py took 0.038 seconds
[2024-07-19T09:52:49.277+0000] {processor.py:161} INFO - Started process (PID=2900) to work on /home/airflow/.local/lib/python3.12/site-packages/airflow/example_dags/example_setup_teardown.py
[2024-07-19T09:52:49.277+0000] {processor.py:830} INFO - Processing file /home/airflow/.local/lib/python3.12/site-packages/airflow/example_dags/example_setup_teardown.py for tasks to queue
[2024-07-19T09:52:49.278+0000] {logging_mixin.py:188} INFO - [2024-07-19T09:52:49.278+0000] {dagbag.py:545} INFO - Filling up the DagBag from /home/airflow/.local/lib/python3.12/site-packages/airflow/example_dags/example_setup_teardown.py
[2024-07-19T09:52:49.281+0000] {processor.py:840} INFO - DAG(s) 'example_setup_teardown' retrieved from /home/airflow/.local/lib/python3.12/site-packages/airflow/example_dags/example_setup_teardown.py
[2024-07-19T09:52:49.291+0000] {logging_mixin.py:188} INFO - [2024-07-19T09:52:49.290+0000] {dag.py:3089} INFO - Sync 1 DAGs
[2024-07-19T09:52:49.300+0000] {logging_mixin.py:188} INFO - [2024-07-19T09:52:49.300+0000] {dag.py:3947} INFO - Setting next_dagrun for example_setup_teardown to 2024-07-18 00:00:00+00:00, run_after=2024-07-19 00:00:00+00:00
[2024-07-19T09:52:49.307+0000] {processor.py:183} INFO - Processing /home/airflow/.local/lib/python3.12/site-packages/airflow/example_dags/example_setup_teardown.py took 0.032 seconds
[2024-07-19T09:53:19.525+0000] {processor.py:161} INFO - Started process (PID=2966) to work on /home/airflow/.local/lib/python3.12/site-packages/airflow/example_dags/example_setup_teardown.py
[2024-07-19T09:53:19.526+0000] {processor.py:830} INFO - Processing file /home/airflow/.local/lib/python3.12/site-packages/airflow/example_dags/example_setup_teardown.py for tasks to queue
[2024-07-19T09:53:19.526+0000] {logging_mixin.py:188} INFO - [2024-07-19T09:53:19.526+0000] {dagbag.py:545} INFO - Filling up the DagBag from /home/airflow/.local/lib/python3.12/site-packages/airflow/example_dags/example_setup_teardown.py
[2024-07-19T09:53:19.530+0000] {processor.py:840} INFO - DAG(s) 'example_setup_teardown' retrieved from /home/airflow/.local/lib/python3.12/site-packages/airflow/example_dags/example_setup_teardown.py
[2024-07-19T09:53:19.539+0000] {logging_mixin.py:188} INFO - [2024-07-19T09:53:19.539+0000] {dag.py:3089} INFO - Sync 1 DAGs
[2024-07-19T09:53:19.548+0000] {logging_mixin.py:188} INFO - [2024-07-19T09:53:19.548+0000] {dag.py:3947} INFO - Setting next_dagrun for example_setup_teardown to 2024-07-18 00:00:00+00:00, run_after=2024-07-19 00:00:00+00:00
[2024-07-19T09:53:19.556+0000] {processor.py:183} INFO - Processing /home/airflow/.local/lib/python3.12/site-packages/airflow/example_dags/example_setup_teardown.py took 0.033 seconds
[2024-07-19T09:53:49.674+0000] {processor.py:161} INFO - Started process (PID=3033) to work on /home/airflow/.local/lib/python3.12/site-packages/airflow/example_dags/example_setup_teardown.py
[2024-07-19T09:53:49.674+0000] {processor.py:830} INFO - Processing file /home/airflow/.local/lib/python3.12/site-packages/airflow/example_dags/example_setup_teardown.py for tasks to queue
[2024-07-19T09:53:49.675+0000] {logging_mixin.py:188} INFO - [2024-07-19T09:53:49.675+0000] {dagbag.py:545} INFO - Filling up the DagBag from /home/airflow/.local/lib/python3.12/site-packages/airflow/example_dags/example_setup_teardown.py
[2024-07-19T09:53:49.678+0000] {processor.py:840} INFO - DAG(s) 'example_setup_teardown' retrieved from /home/airflow/.local/lib/python3.12/site-packages/airflow/example_dags/example_setup_teardown.py
[2024-07-19T09:53:49.688+0000] {logging_mixin.py:188} INFO - [2024-07-19T09:53:49.688+0000] {dag.py:3089} INFO - Sync 1 DAGs
[2024-07-19T09:53:49.697+0000] {logging_mixin.py:188} INFO - [2024-07-19T09:53:49.697+0000] {dag.py:3947} INFO - Setting next_dagrun for example_setup_teardown to 2024-07-18 00:00:00+00:00, run_after=2024-07-19 00:00:00+00:00
[2024-07-19T09:53:49.704+0000] {processor.py:183} INFO - Processing /home/airflow/.local/lib/python3.12/site-packages/airflow/example_dags/example_setup_teardown.py took 0.033 seconds
[2024-07-19T09:54:19.936+0000] {processor.py:161} INFO - Started process (PID=3100) to work on /home/airflow/.local/lib/python3.12/site-packages/airflow/example_dags/example_setup_teardown.py
[2024-07-19T09:54:19.936+0000] {processor.py:830} INFO - Processing file /home/airflow/.local/lib/python3.12/site-packages/airflow/example_dags/example_setup_teardown.py for tasks to queue
[2024-07-19T09:54:19.937+0000] {logging_mixin.py:188} INFO - [2024-07-19T09:54:19.937+0000] {dagbag.py:545} INFO - Filling up the DagBag from /home/airflow/.local/lib/python3.12/site-packages/airflow/example_dags/example_setup_teardown.py
[2024-07-19T09:54:19.940+0000] {processor.py:840} INFO - DAG(s) 'example_setup_teardown' retrieved from /home/airflow/.local/lib/python3.12/site-packages/airflow/example_dags/example_setup_teardown.py
[2024-07-19T09:54:19.950+0000] {logging_mixin.py:188} INFO - [2024-07-19T09:54:19.950+0000] {dag.py:3089} INFO - Sync 1 DAGs
[2024-07-19T09:54:19.959+0000] {logging_mixin.py:188} INFO - [2024-07-19T09:54:19.959+0000] {dag.py:3947} INFO - Setting next_dagrun for example_setup_teardown to 2024-07-18 00:00:00+00:00, run_after=2024-07-19 00:00:00+00:00
[2024-07-19T09:54:19.966+0000] {processor.py:183} INFO - Processing /home/airflow/.local/lib/python3.12/site-packages/airflow/example_dags/example_setup_teardown.py took 0.033 seconds
[2024-07-19T09:54:50.098+0000] {processor.py:161} INFO - Started process (PID=3167) to work on /home/airflow/.local/lib/python3.12/site-packages/airflow/example_dags/example_setup_teardown.py
[2024-07-19T09:54:50.098+0000] {processor.py:830} INFO - Processing file /home/airflow/.local/lib/python3.12/site-packages/airflow/example_dags/example_setup_teardown.py for tasks to queue
[2024-07-19T09:54:50.099+0000] {logging_mixin.py:188} INFO - [2024-07-19T09:54:50.099+0000] {dagbag.py:545} INFO - Filling up the DagBag from /home/airflow/.local/lib/python3.12/site-packages/airflow/example_dags/example_setup_teardown.py
[2024-07-19T09:54:50.102+0000] {processor.py:840} INFO - DAG(s) 'example_setup_teardown' retrieved from /home/airflow/.local/lib/python3.12/site-packages/airflow/example_dags/example_setup_teardown.py
[2024-07-19T09:54:50.111+0000] {logging_mixin.py:188} INFO - [2024-07-19T09:54:50.111+0000] {dag.py:3089} INFO - Sync 1 DAGs
[2024-07-19T09:54:50.120+0000] {logging_mixin.py:188} INFO - [2024-07-19T09:54:50.120+0000] {dag.py:3947} INFO - Setting next_dagrun for example_setup_teardown to 2024-07-18 00:00:00+00:00, run_after=2024-07-19 00:00:00+00:00
[2024-07-19T09:54:50.127+0000] {processor.py:183} INFO - Processing /home/airflow/.local/lib/python3.12/site-packages/airflow/example_dags/example_setup_teardown.py took 0.032 seconds
[2024-07-19T09:55:20.787+0000] {processor.py:161} INFO - Started process (PID=3234) to work on /home/airflow/.local/lib/python3.12/site-packages/airflow/example_dags/example_setup_teardown.py
[2024-07-19T09:55:20.788+0000] {processor.py:830} INFO - Processing file /home/airflow/.local/lib/python3.12/site-packages/airflow/example_dags/example_setup_teardown.py for tasks to queue
[2024-07-19T09:55:20.789+0000] {logging_mixin.py:188} INFO - [2024-07-19T09:55:20.789+0000] {dagbag.py:545} INFO - Filling up the DagBag from /home/airflow/.local/lib/python3.12/site-packages/airflow/example_dags/example_setup_teardown.py
[2024-07-19T09:55:20.792+0000] {processor.py:840} INFO - DAG(s) 'example_setup_teardown' retrieved from /home/airflow/.local/lib/python3.12/site-packages/airflow/example_dags/example_setup_teardown.py
[2024-07-19T09:55:20.803+0000] {logging_mixin.py:188} INFO - [2024-07-19T09:55:20.802+0000] {dag.py:3089} INFO - Sync 1 DAGs
[2024-07-19T09:55:20.813+0000] {logging_mixin.py:188} INFO - [2024-07-19T09:55:20.813+0000] {dag.py:3947} INFO - Setting next_dagrun for example_setup_teardown to 2024-07-18 00:00:00+00:00, run_after=2024-07-19 00:00:00+00:00
[2024-07-19T09:55:20.821+0000] {processor.py:183} INFO - Processing /home/airflow/.local/lib/python3.12/site-packages/airflow/example_dags/example_setup_teardown.py took 0.036 seconds
