[2024-07-12T07:59:04.039+0000] {local_task_job_runner.py:120} INFO - ::group::Pre task execution logs
[2024-07-12T07:59:04.048+0000] {taskinstance.py:2076} INFO - Dependencies all met for dep_context=non-requeueable deps ti=<TaskInstance: dag_ml_pipeline_docker_operator_v01.faked_dataset_creation_task manual__2024-07-12T07:59:02.157882+00:00 [queued]>
[2024-07-12T07:59:04.051+0000] {taskinstance.py:2076} INFO - Dependencies all met for dep_context=requeueable deps ti=<TaskInstance: dag_ml_pipeline_docker_operator_v01.faked_dataset_creation_task manual__2024-07-12T07:59:02.157882+00:00 [queued]>
[2024-07-12T07:59:04.051+0000] {taskinstance.py:2306} INFO - Starting attempt 1 of 1
[2024-07-12T07:59:04.057+0000] {taskinstance.py:2330} INFO - Executing <Task(BashOperator): faked_dataset_creation_task> on 2024-07-12 07:59:02.157882+00:00
[2024-07-12T07:59:04.060+0000] {warnings.py:112} WARNING - /home/***/.local/lib/python3.12/site-packages/***/task/task_runner/standard_task_runner.py:61: DeprecationWarning: This process (pid=561) is multi-threaded, use of fork() may lead to deadlocks in the child.
  pid = os.fork()

[2024-07-12T07:59:04.061+0000] {standard_task_runner.py:63} INFO - Started process 570 to run task
[2024-07-12T07:59:04.061+0000] {standard_task_runner.py:90} INFO - Running: ['***', 'tasks', 'run', 'dag_ml_pipeline_docker_operator_v01', 'faked_dataset_creation_task', 'manual__2024-07-12T07:59:02.157882+00:00', '--job-id', '449', '--raw', '--subdir', 'DAGS_FOLDER/test.py', '--cfg-path', '/tmp/tmp786gn3xh']
[2024-07-12T07:59:04.062+0000] {standard_task_runner.py:91} INFO - Job 449: Subtask faked_dataset_creation_task
[2024-07-12T07:59:04.084+0000] {task_command.py:426} INFO - Running <TaskInstance: dag_ml_pipeline_docker_operator_v01.faked_dataset_creation_task manual__2024-07-12T07:59:02.157882+00:00 [running]> on host 10d335c2a089
[2024-07-12T07:59:04.121+0000] {taskinstance.py:2648} INFO - Exporting env vars: AIRFLOW_CTX_DAG_OWNER='admin' AIRFLOW_CTX_DAG_ID='dag_ml_pipeline_docker_operator_v01' AIRFLOW_CTX_TASK_ID='faked_dataset_creation_task' AIRFLOW_CTX_EXECUTION_DATE='2024-07-12T07:59:02.157882+00:00' AIRFLOW_CTX_TRY_NUMBER='1' AIRFLOW_CTX_DAG_RUN_ID='manual__2024-07-12T07:59:02.157882+00:00'
[2024-07-12T07:59:04.123+0000] {taskinstance.py:430} INFO - ::endgroup::
[2024-07-12T07:59:04.123+0000] {subprocess.py:63} INFO - Tmp dir root location: /tmp
[2024-07-12T07:59:04.124+0000] {subprocess.py:75} INFO - Running command: ['/usr/bin/bash', '-c', '\necho "Hey the dataset is ready, let\'s trigger the training process"']
[2024-07-12T07:59:04.129+0000] {subprocess.py:86} INFO - Output:
[2024-07-12T07:59:04.130+0000] {subprocess.py:93} INFO - Hey the dataset is ready, let's trigger the training process
[2024-07-12T07:59:04.130+0000] {subprocess.py:97} INFO - Command exited with return code 0
[2024-07-12T07:59:04.134+0000] {taskinstance.py:441} INFO - ::group::Post task execution logs
[2024-07-12T07:59:04.149+0000] {taskinstance.py:1206} INFO - Marking task as SUCCESS. dag_id=dag_ml_pipeline_docker_operator_v01, task_id=faked_dataset_creation_task, run_id=manual__2024-07-12T07:59:02.157882+00:00, execution_date=20240712T075902, start_date=20240712T075904, end_date=20240712T075904
[2024-07-12T07:59:04.161+0000] {local_task_job_runner.py:240} INFO - Task exited with return code 0
[2024-07-12T07:59:04.173+0000] {taskinstance.py:3503} INFO - 1 downstream tasks scheduled from follow-on schedule check
[2024-07-12T07:59:04.175+0000] {local_task_job_runner.py:222} INFO - ::endgroup::
