[2024-10-10T11:25:30.728+0000] {local_task_job_runner.py:120} INFO - ::group::Pre task execution logs
[2024-10-10T11:25:30.750+0000] {taskinstance.py:2076} INFO - Dependencies all met for dep_context=non-requeueable deps ti=<TaskInstance: dag_with_postgres_hooks.monitoring manual__2024-10-10T11:24:48.055422+00:00 [queued]>
[2024-10-10T11:25:30.754+0000] {taskinstance.py:2076} INFO - Dependencies all met for dep_context=requeueable deps ti=<TaskInstance: dag_with_postgres_hooks.monitoring manual__2024-10-10T11:24:48.055422+00:00 [queued]>
[2024-10-10T11:25:30.754+0000] {taskinstance.py:2306} INFO - Starting attempt 1 of 1
[2024-10-10T11:25:30.762+0000] {taskinstance.py:2330} INFO - Executing <Task(PythonOperator): monitoring> on 2024-10-10 11:24:48.055422+00:00
[2024-10-10T11:25:30.770+0000] {warnings.py:112} WARNING - /home/***/.local/lib/python3.12/site-packages/***/task/task_runner/standard_task_runner.py:62: DeprecationWarning: This process (pid=5981) is multi-threaded, use of fork() may lead to deadlocks in the child.
  pid = os.fork()

[2024-10-10T11:25:30.771+0000] {standard_task_runner.py:64} INFO - Started process 5999 to run task
[2024-10-10T11:25:30.772+0000] {standard_task_runner.py:90} INFO - Running: ['***', 'tasks', 'run', 'dag_with_postgres_hooks', 'monitoring', 'manual__2024-10-10T11:24:48.055422+00:00', '--job-id', '1069', '--raw', '--subdir', 'DAGS_FOLDER/Stock_pred.py', '--cfg-path', '/tmp/tmp0g1zn2nm']
[2024-10-10T11:25:30.773+0000] {standard_task_runner.py:91} INFO - Job 1069: Subtask monitoring
[2024-10-10T11:25:30.819+0000] {task_command.py:426} INFO - Running <TaskInstance: dag_with_postgres_hooks.monitoring manual__2024-10-10T11:24:48.055422+00:00 [running]> on host b7aba691e1ff
[2024-10-10T11:25:30.895+0000] {taskinstance.py:2648} INFO - Exporting env vars: AIRFLOW_CTX_DAG_EMAIL='***@example.com' AIRFLOW_CTX_DAG_OWNER='***' AIRFLOW_CTX_DAG_ID='dag_with_postgres_hooks' AIRFLOW_CTX_TASK_ID='monitoring' AIRFLOW_CTX_EXECUTION_DATE='2024-10-10T11:24:48.055422+00:00' AIRFLOW_CTX_TRY_NUMBER='1' AIRFLOW_CTX_DAG_RUN_ID='manual__2024-10-10T11:24:48.055422+00:00'
[2024-10-10T11:25:30.897+0000] {taskinstance.py:430} INFO - ::endgroup::
[2024-10-10T11:25:30.901+0000] {base.py:84} INFO - Using connection ID 'postgres_server_2' for task execution.
[2024-10-10T11:25:30.976+0000] {warnings.py:112} WARNING - /opt/***/dags/Stock_pred.py:428: SettingWithCopyWarning: 
A value is trying to be set on a copy of a slice from a DataFrame

See the caveats in the documentation: https://pandas.pydata.org/pandas-docs/stable/user_guide/indexing.html#returning-a-view-versus-a-copy
  df_old_clf['Target'].iloc[-1] = input_clf['Target']

[2024-10-10T11:25:31.011+0000] {taskinstance.py:441} INFO - ::group::Post task execution logs
[2024-10-10T11:25:31.011+0000] {taskinstance.py:2905} ERROR - Task failed with exception
Traceback (most recent call last):
  File "/home/airflow/.local/lib/python3.12/site-packages/airflow/models/taskinstance.py", line 465, in _execute_task
    result = _execute_callable(context=context, **execute_callable_kwargs)
             ^^^^^^^^^^^^^^^^^^^^^^^^^^^^^^^^^^^^^^^^^^^^^^^^^^^^^^^^^^^^^
  File "/home/airflow/.local/lib/python3.12/site-packages/airflow/models/taskinstance.py", line 432, in _execute_callable
    return execute_callable(context=context, **execute_callable_kwargs)
           ^^^^^^^^^^^^^^^^^^^^^^^^^^^^^^^^^^^^^^^^^^^^^^^^^^^^^^^^^^^^
  File "/home/airflow/.local/lib/python3.12/site-packages/airflow/models/baseoperator.py", line 401, in wrapper
    return func(self, *args, **kwargs)
           ^^^^^^^^^^^^^^^^^^^^^^^^^^^
  File "/home/airflow/.local/lib/python3.12/site-packages/airflow/operators/python.py", line 235, in execute
    return_value = self.execute_callable()
                   ^^^^^^^^^^^^^^^^^^^^^^^
  File "/home/airflow/.local/lib/python3.12/site-packages/airflow/operators/python.py", line 252, in execute_callable
    return self.python_callable(*self.op_args, **self.op_kwargs)
           ^^^^^^^^^^^^^^^^^^^^^^^^^^^^^^^^^^^^^^^^^^^^^^^^^^^^^
  File "/opt/airflow/dags/Stock_pred.py", line 443, in monitoring
    new_input_ts = pd.DataFrame.from_dict(new_row)
                   ^^^^^^^^^^^^^^^^^^^^^^^^^^^^^^^
  File "/home/airflow/.local/lib/python3.12/site-packages/pandas/core/frame.py", line 1813, in from_dict
    return cls(data, index=index, columns=columns, dtype=dtype)
           ^^^^^^^^^^^^^^^^^^^^^^^^^^^^^^^^^^^^^^^^^^^^^^^^^^^^
  File "/home/airflow/.local/lib/python3.12/site-packages/pandas/core/frame.py", line 733, in __init__
    mgr = dict_to_mgr(data, index, columns, dtype=dtype, copy=copy, typ=manager)
          ^^^^^^^^^^^^^^^^^^^^^^^^^^^^^^^^^^^^^^^^^^^^^^^^^^^^^^^^^^^^^^^^^^^^^^
  File "/home/airflow/.local/lib/python3.12/site-packages/pandas/core/internals/construction.py", line 503, in dict_to_mgr
    return arrays_to_mgr(arrays, columns, index, dtype=dtype, typ=typ, consolidate=copy)
           ^^^^^^^^^^^^^^^^^^^^^^^^^^^^^^^^^^^^^^^^^^^^^^^^^^^^^^^^^^^^^^^^^^^^^^^^^^^^^
  File "/home/airflow/.local/lib/python3.12/site-packages/pandas/core/internals/construction.py", line 114, in arrays_to_mgr
    index = _extract_index(arrays)
            ^^^^^^^^^^^^^^^^^^^^^^
  File "/home/airflow/.local/lib/python3.12/site-packages/pandas/core/internals/construction.py", line 667, in _extract_index
    raise ValueError("If using all scalar values, you must pass an index")
ValueError: If using all scalar values, you must pass an index
[2024-10-10T11:25:31.017+0000] {taskinstance.py:1206} INFO - Marking task as FAILED. dag_id=dag_with_postgres_hooks, task_id=monitoring, run_id=manual__2024-10-10T11:24:48.055422+00:00, execution_date=20241010T112448, start_date=20241010T112530, end_date=20241010T112531
[2024-10-10T11:25:31.022+0000] {standard_task_runner.py:110} ERROR - Failed to execute job 1069 for task monitoring (If using all scalar values, you must pass an index; 5999)
[2024-10-10T11:25:31.036+0000] {local_task_job_runner.py:243} INFO - Task exited with return code 1
[2024-10-10T11:25:31.044+0000] {taskinstance.py:3503} INFO - 0 downstream tasks scheduled from follow-on schedule check
[2024-10-10T11:25:31.045+0000] {local_task_job_runner.py:222} INFO - ::endgroup::
