[2025-03-12T20:32:28.733+0000] {processor.py:161} INFO - Started process (PID=127) to work on /home/airflow/.local/lib/python3.12/site-packages/airflow/example_dags/example_task_group_decorator.py
[2025-03-12T20:32:28.736+0000] {processor.py:830} INFO - Processing file /home/airflow/.local/lib/python3.12/site-packages/airflow/example_dags/example_task_group_decorator.py for tasks to queue
[2025-03-12T20:32:28.740+0000] {logging_mixin.py:188} INFO - [2025-03-12T20:32:28.739+0000] {dagbag.py:545} INFO - Filling up the DagBag from /home/airflow/.local/lib/python3.12/site-packages/airflow/example_dags/example_task_group_decorator.py
[2025-03-12T20:32:28.756+0000] {processor.py:840} INFO - DAG(s) 'example_task_group_decorator' retrieved from /home/airflow/.local/lib/python3.12/site-packages/airflow/example_dags/example_task_group_decorator.py
[2025-03-12T20:32:28.778+0000] {logging_mixin.py:188} INFO - [2025-03-12T20:32:28.778+0000] {dag.py:3089} INFO - Sync 1 DAGs
[2025-03-12T20:32:28.797+0000] {logging_mixin.py:188} INFO - [2025-03-12T20:32:28.797+0000] {dag.py:3947} INFO - Setting next_dagrun for example_task_group_decorator to 2025-03-11 00:00:00+00:00, run_after=2025-03-12 00:00:00+00:00
[2025-03-12T20:32:28.811+0000] {processor.py:183} INFO - Processing /home/airflow/.local/lib/python3.12/site-packages/airflow/example_dags/example_task_group_decorator.py took 0.082 seconds
[2025-03-12T20:33:01.785+0000] {processor.py:161} INFO - Started process (PID=255) to work on /home/airflow/.local/lib/python3.12/site-packages/airflow/example_dags/example_task_group_decorator.py
[2025-03-12T20:33:01.786+0000] {processor.py:830} INFO - Processing file /home/airflow/.local/lib/python3.12/site-packages/airflow/example_dags/example_task_group_decorator.py for tasks to queue
[2025-03-12T20:33:01.786+0000] {logging_mixin.py:188} INFO - [2025-03-12T20:33:01.786+0000] {dagbag.py:545} INFO - Filling up the DagBag from /home/airflow/.local/lib/python3.12/site-packages/airflow/example_dags/example_task_group_decorator.py
[2025-03-12T20:33:01.796+0000] {processor.py:840} INFO - DAG(s) 'example_task_group_decorator' retrieved from /home/airflow/.local/lib/python3.12/site-packages/airflow/example_dags/example_task_group_decorator.py
[2025-03-12T20:33:01.807+0000] {logging_mixin.py:188} INFO - [2025-03-12T20:33:01.807+0000] {dag.py:3089} INFO - Sync 1 DAGs
[2025-03-12T20:33:01.816+0000] {logging_mixin.py:188} INFO - [2025-03-12T20:33:01.816+0000] {dag.py:3947} INFO - Setting next_dagrun for example_task_group_decorator to 2025-03-11 00:00:00+00:00, run_after=2025-03-12 00:00:00+00:00
[2025-03-12T20:33:01.823+0000] {processor.py:183} INFO - Processing /home/airflow/.local/lib/python3.12/site-packages/airflow/example_dags/example_task_group_decorator.py took 0.040 seconds
[2025-03-12T20:33:35.082+0000] {processor.py:161} INFO - Started process (PID=331) to work on /home/airflow/.local/lib/python3.12/site-packages/airflow/example_dags/example_task_group_decorator.py
[2025-03-12T20:33:35.083+0000] {processor.py:830} INFO - Processing file /home/airflow/.local/lib/python3.12/site-packages/airflow/example_dags/example_task_group_decorator.py for tasks to queue
[2025-03-12T20:33:35.084+0000] {logging_mixin.py:188} INFO - [2025-03-12T20:33:35.084+0000] {dagbag.py:545} INFO - Filling up the DagBag from /home/airflow/.local/lib/python3.12/site-packages/airflow/example_dags/example_task_group_decorator.py
[2025-03-12T20:33:35.091+0000] {processor.py:840} INFO - DAG(s) 'example_task_group_decorator' retrieved from /home/airflow/.local/lib/python3.12/site-packages/airflow/example_dags/example_task_group_decorator.py
[2025-03-12T20:33:35.104+0000] {logging_mixin.py:188} INFO - [2025-03-12T20:33:35.104+0000] {dag.py:3089} INFO - Sync 1 DAGs
[2025-03-12T20:33:35.116+0000] {logging_mixin.py:188} INFO - [2025-03-12T20:33:35.116+0000] {dag.py:3947} INFO - Setting next_dagrun for example_task_group_decorator to 2025-03-11 00:00:00+00:00, run_after=2025-03-12 00:00:00+00:00
[2025-03-12T20:33:35.127+0000] {processor.py:183} INFO - Processing /home/airflow/.local/lib/python3.12/site-packages/airflow/example_dags/example_task_group_decorator.py took 0.049 seconds
[2025-03-12T20:34:07.867+0000] {processor.py:161} INFO - Started process (PID=403) to work on /home/airflow/.local/lib/python3.12/site-packages/airflow/example_dags/example_task_group_decorator.py
[2025-03-12T20:34:07.869+0000] {processor.py:830} INFO - Processing file /home/airflow/.local/lib/python3.12/site-packages/airflow/example_dags/example_task_group_decorator.py for tasks to queue
[2025-03-12T20:34:07.870+0000] {logging_mixin.py:188} INFO - [2025-03-12T20:34:07.870+0000] {dagbag.py:545} INFO - Filling up the DagBag from /home/airflow/.local/lib/python3.12/site-packages/airflow/example_dags/example_task_group_decorator.py
[2025-03-12T20:34:07.876+0000] {processor.py:840} INFO - DAG(s) 'example_task_group_decorator' retrieved from /home/airflow/.local/lib/python3.12/site-packages/airflow/example_dags/example_task_group_decorator.py
[2025-03-12T20:34:07.888+0000] {logging_mixin.py:188} INFO - [2025-03-12T20:34:07.888+0000] {dag.py:3089} INFO - Sync 1 DAGs
[2025-03-12T20:34:07.900+0000] {logging_mixin.py:188} INFO - [2025-03-12T20:34:07.900+0000] {dag.py:3947} INFO - Setting next_dagrun for example_task_group_decorator to 2025-03-11 00:00:00+00:00, run_after=2025-03-12 00:00:00+00:00
[2025-03-12T20:34:07.912+0000] {processor.py:183} INFO - Processing /home/airflow/.local/lib/python3.12/site-packages/airflow/example_dags/example_task_group_decorator.py took 0.047 seconds
[2025-03-12T20:34:40.598+0000] {processor.py:161} INFO - Started process (PID=475) to work on /home/airflow/.local/lib/python3.12/site-packages/airflow/example_dags/example_task_group_decorator.py
[2025-03-12T20:34:40.599+0000] {processor.py:830} INFO - Processing file /home/airflow/.local/lib/python3.12/site-packages/airflow/example_dags/example_task_group_decorator.py for tasks to queue
[2025-03-12T20:34:40.601+0000] {logging_mixin.py:188} INFO - [2025-03-12T20:34:40.601+0000] {dagbag.py:545} INFO - Filling up the DagBag from /home/airflow/.local/lib/python3.12/site-packages/airflow/example_dags/example_task_group_decorator.py
[2025-03-12T20:34:40.608+0000] {processor.py:840} INFO - DAG(s) 'example_task_group_decorator' retrieved from /home/airflow/.local/lib/python3.12/site-packages/airflow/example_dags/example_task_group_decorator.py
[2025-03-12T20:34:40.620+0000] {logging_mixin.py:188} INFO - [2025-03-12T20:34:40.620+0000] {dag.py:3089} INFO - Sync 1 DAGs
[2025-03-12T20:34:40.635+0000] {logging_mixin.py:188} INFO - [2025-03-12T20:34:40.634+0000] {dag.py:3947} INFO - Setting next_dagrun for example_task_group_decorator to 2025-03-11 00:00:00+00:00, run_after=2025-03-12 00:00:00+00:00
[2025-03-12T20:34:40.644+0000] {processor.py:183} INFO - Processing /home/airflow/.local/lib/python3.12/site-packages/airflow/example_dags/example_task_group_decorator.py took 0.048 seconds
[2025-03-12T20:35:13.747+0000] {processor.py:161} INFO - Started process (PID=547) to work on /home/airflow/.local/lib/python3.12/site-packages/airflow/example_dags/example_task_group_decorator.py
[2025-03-12T20:35:13.749+0000] {processor.py:830} INFO - Processing file /home/airflow/.local/lib/python3.12/site-packages/airflow/example_dags/example_task_group_decorator.py for tasks to queue
[2025-03-12T20:35:13.750+0000] {logging_mixin.py:188} INFO - [2025-03-12T20:35:13.750+0000] {dagbag.py:545} INFO - Filling up the DagBag from /home/airflow/.local/lib/python3.12/site-packages/airflow/example_dags/example_task_group_decorator.py
[2025-03-12T20:35:13.756+0000] {processor.py:840} INFO - DAG(s) 'example_task_group_decorator' retrieved from /home/airflow/.local/lib/python3.12/site-packages/airflow/example_dags/example_task_group_decorator.py
[2025-03-12T20:35:13.770+0000] {logging_mixin.py:188} INFO - [2025-03-12T20:35:13.770+0000] {dag.py:3089} INFO - Sync 1 DAGs
[2025-03-12T20:35:13.781+0000] {logging_mixin.py:188} INFO - [2025-03-12T20:35:13.781+0000] {dag.py:3947} INFO - Setting next_dagrun for example_task_group_decorator to 2025-03-11 00:00:00+00:00, run_after=2025-03-12 00:00:00+00:00
[2025-03-12T20:35:13.793+0000] {processor.py:183} INFO - Processing /home/airflow/.local/lib/python3.12/site-packages/airflow/example_dags/example_task_group_decorator.py took 0.049 seconds
[2025-03-12T20:35:47.277+0000] {processor.py:161} INFO - Started process (PID=619) to work on /home/airflow/.local/lib/python3.12/site-packages/airflow/example_dags/example_task_group_decorator.py
[2025-03-12T20:35:47.279+0000] {processor.py:830} INFO - Processing file /home/airflow/.local/lib/python3.12/site-packages/airflow/example_dags/example_task_group_decorator.py for tasks to queue
[2025-03-12T20:35:47.280+0000] {logging_mixin.py:188} INFO - [2025-03-12T20:35:47.279+0000] {dagbag.py:545} INFO - Filling up the DagBag from /home/airflow/.local/lib/python3.12/site-packages/airflow/example_dags/example_task_group_decorator.py
[2025-03-12T20:35:47.287+0000] {processor.py:840} INFO - DAG(s) 'example_task_group_decorator' retrieved from /home/airflow/.local/lib/python3.12/site-packages/airflow/example_dags/example_task_group_decorator.py
[2025-03-12T20:35:47.299+0000] {logging_mixin.py:188} INFO - [2025-03-12T20:35:47.299+0000] {dag.py:3089} INFO - Sync 1 DAGs
[2025-03-12T20:35:47.308+0000] {logging_mixin.py:188} INFO - [2025-03-12T20:35:47.308+0000] {dag.py:3947} INFO - Setting next_dagrun for example_task_group_decorator to 2025-03-11 00:00:00+00:00, run_after=2025-03-12 00:00:00+00:00
[2025-03-12T20:35:47.317+0000] {processor.py:183} INFO - Processing /home/airflow/.local/lib/python3.12/site-packages/airflow/example_dags/example_task_group_decorator.py took 0.042 seconds
[2025-03-12T20:36:20.971+0000] {processor.py:161} INFO - Started process (PID=691) to work on /home/airflow/.local/lib/python3.12/site-packages/airflow/example_dags/example_task_group_decorator.py
[2025-03-12T20:36:20.971+0000] {processor.py:830} INFO - Processing file /home/airflow/.local/lib/python3.12/site-packages/airflow/example_dags/example_task_group_decorator.py for tasks to queue
[2025-03-12T20:36:20.973+0000] {logging_mixin.py:188} INFO - [2025-03-12T20:36:20.972+0000] {dagbag.py:545} INFO - Filling up the DagBag from /home/airflow/.local/lib/python3.12/site-packages/airflow/example_dags/example_task_group_decorator.py
[2025-03-12T20:36:20.987+0000] {processor.py:840} INFO - DAG(s) 'example_task_group_decorator' retrieved from /home/airflow/.local/lib/python3.12/site-packages/airflow/example_dags/example_task_group_decorator.py
[2025-03-12T20:36:21.001+0000] {logging_mixin.py:188} INFO - [2025-03-12T20:36:21.001+0000] {dag.py:3089} INFO - Sync 1 DAGs
[2025-03-12T20:36:21.027+0000] {logging_mixin.py:188} INFO - [2025-03-12T20:36:21.026+0000] {dag.py:3947} INFO - Setting next_dagrun for example_task_group_decorator to 2025-03-11 00:00:00+00:00, run_after=2025-03-12 00:00:00+00:00
[2025-03-12T20:36:21.041+0000] {processor.py:183} INFO - Processing /home/airflow/.local/lib/python3.12/site-packages/airflow/example_dags/example_task_group_decorator.py took 0.074 seconds
[2025-03-12T20:36:52.898+0000] {processor.py:161} INFO - Started process (PID=769) to work on /home/airflow/.local/lib/python3.12/site-packages/airflow/example_dags/example_task_group_decorator.py
[2025-03-12T20:36:52.898+0000] {processor.py:830} INFO - Processing file /home/airflow/.local/lib/python3.12/site-packages/airflow/example_dags/example_task_group_decorator.py for tasks to queue
[2025-03-12T20:36:52.899+0000] {logging_mixin.py:188} INFO - [2025-03-12T20:36:52.899+0000] {dagbag.py:545} INFO - Filling up the DagBag from /home/airflow/.local/lib/python3.12/site-packages/airflow/example_dags/example_task_group_decorator.py
[2025-03-12T20:36:52.904+0000] {processor.py:840} INFO - DAG(s) 'example_task_group_decorator' retrieved from /home/airflow/.local/lib/python3.12/site-packages/airflow/example_dags/example_task_group_decorator.py
[2025-03-12T20:36:52.915+0000] {logging_mixin.py:188} INFO - [2025-03-12T20:36:52.915+0000] {dag.py:3089} INFO - Sync 1 DAGs
[2025-03-12T20:36:53.019+0000] {logging_mixin.py:188} INFO - [2025-03-12T20:36:53.019+0000] {dag.py:3947} INFO - Setting next_dagrun for example_task_group_decorator to 2025-03-11 00:00:00+00:00, run_after=2025-03-12 00:00:00+00:00
[2025-03-12T20:36:53.033+0000] {processor.py:183} INFO - Processing /home/airflow/.local/lib/python3.12/site-packages/airflow/example_dags/example_task_group_decorator.py took 0.138 seconds
[2025-03-12T20:37:24.719+0000] {processor.py:161} INFO - Started process (PID=840) to work on /home/airflow/.local/lib/python3.12/site-packages/airflow/example_dags/example_task_group_decorator.py
[2025-03-12T20:37:24.719+0000] {processor.py:830} INFO - Processing file /home/airflow/.local/lib/python3.12/site-packages/airflow/example_dags/example_task_group_decorator.py for tasks to queue
[2025-03-12T20:37:24.722+0000] {logging_mixin.py:188} INFO - [2025-03-12T20:37:24.722+0000] {dagbag.py:545} INFO - Filling up the DagBag from /home/airflow/.local/lib/python3.12/site-packages/airflow/example_dags/example_task_group_decorator.py
[2025-03-12T20:37:24.729+0000] {processor.py:840} INFO - DAG(s) 'example_task_group_decorator' retrieved from /home/airflow/.local/lib/python3.12/site-packages/airflow/example_dags/example_task_group_decorator.py
[2025-03-12T20:37:24.744+0000] {logging_mixin.py:188} INFO - [2025-03-12T20:37:24.744+0000] {dag.py:3089} INFO - Sync 1 DAGs
[2025-03-12T20:37:24.755+0000] {logging_mixin.py:188} INFO - [2025-03-12T20:37:24.755+0000] {dag.py:3947} INFO - Setting next_dagrun for example_task_group_decorator to 2025-03-11 00:00:00+00:00, run_after=2025-03-12 00:00:00+00:00
[2025-03-12T20:37:24.763+0000] {processor.py:183} INFO - Processing /home/airflow/.local/lib/python3.12/site-packages/airflow/example_dags/example_task_group_decorator.py took 0.047 seconds
[2025-03-12T20:37:57.213+0000] {processor.py:161} INFO - Started process (PID=912) to work on /home/airflow/.local/lib/python3.12/site-packages/airflow/example_dags/example_task_group_decorator.py
[2025-03-12T20:37:57.213+0000] {processor.py:830} INFO - Processing file /home/airflow/.local/lib/python3.12/site-packages/airflow/example_dags/example_task_group_decorator.py for tasks to queue
[2025-03-12T20:37:57.214+0000] {logging_mixin.py:188} INFO - [2025-03-12T20:37:57.214+0000] {dagbag.py:545} INFO - Filling up the DagBag from /home/airflow/.local/lib/python3.12/site-packages/airflow/example_dags/example_task_group_decorator.py
[2025-03-12T20:37:57.222+0000] {processor.py:840} INFO - DAG(s) 'example_task_group_decorator' retrieved from /home/airflow/.local/lib/python3.12/site-packages/airflow/example_dags/example_task_group_decorator.py
[2025-03-12T20:37:57.234+0000] {logging_mixin.py:188} INFO - [2025-03-12T20:37:57.234+0000] {dag.py:3089} INFO - Sync 1 DAGs
[2025-03-12T20:37:57.244+0000] {logging_mixin.py:188} INFO - [2025-03-12T20:37:57.244+0000] {dag.py:3947} INFO - Setting next_dagrun for example_task_group_decorator to 2025-03-11 00:00:00+00:00, run_after=2025-03-12 00:00:00+00:00
[2025-03-12T20:37:57.251+0000] {processor.py:183} INFO - Processing /home/airflow/.local/lib/python3.12/site-packages/airflow/example_dags/example_task_group_decorator.py took 0.042 seconds
[2025-03-12T20:38:30.003+0000] {processor.py:161} INFO - Started process (PID=984) to work on /home/airflow/.local/lib/python3.12/site-packages/airflow/example_dags/example_task_group_decorator.py
[2025-03-12T20:38:30.004+0000] {processor.py:830} INFO - Processing file /home/airflow/.local/lib/python3.12/site-packages/airflow/example_dags/example_task_group_decorator.py for tasks to queue
[2025-03-12T20:38:30.005+0000] {logging_mixin.py:188} INFO - [2025-03-12T20:38:30.005+0000] {dagbag.py:545} INFO - Filling up the DagBag from /home/airflow/.local/lib/python3.12/site-packages/airflow/example_dags/example_task_group_decorator.py
[2025-03-12T20:38:30.012+0000] {processor.py:840} INFO - DAG(s) 'example_task_group_decorator' retrieved from /home/airflow/.local/lib/python3.12/site-packages/airflow/example_dags/example_task_group_decorator.py
[2025-03-12T20:38:30.025+0000] {logging_mixin.py:188} INFO - [2025-03-12T20:38:30.025+0000] {dag.py:3089} INFO - Sync 1 DAGs
[2025-03-12T20:38:30.034+0000] {logging_mixin.py:188} INFO - [2025-03-12T20:38:30.034+0000] {dag.py:3947} INFO - Setting next_dagrun for example_task_group_decorator to 2025-03-11 00:00:00+00:00, run_after=2025-03-12 00:00:00+00:00
[2025-03-12T20:38:30.041+0000] {processor.py:183} INFO - Processing /home/airflow/.local/lib/python3.12/site-packages/airflow/example_dags/example_task_group_decorator.py took 0.040 seconds
[2025-03-12T20:39:02.694+0000] {processor.py:161} INFO - Started process (PID=1056) to work on /home/airflow/.local/lib/python3.12/site-packages/airflow/example_dags/example_task_group_decorator.py
[2025-03-12T20:39:02.695+0000] {processor.py:830} INFO - Processing file /home/airflow/.local/lib/python3.12/site-packages/airflow/example_dags/example_task_group_decorator.py for tasks to queue
[2025-03-12T20:39:02.695+0000] {logging_mixin.py:188} INFO - [2025-03-12T20:39:02.695+0000] {dagbag.py:545} INFO - Filling up the DagBag from /home/airflow/.local/lib/python3.12/site-packages/airflow/example_dags/example_task_group_decorator.py
[2025-03-12T20:39:02.703+0000] {processor.py:840} INFO - DAG(s) 'example_task_group_decorator' retrieved from /home/airflow/.local/lib/python3.12/site-packages/airflow/example_dags/example_task_group_decorator.py
[2025-03-12T20:39:02.713+0000] {logging_mixin.py:188} INFO - [2025-03-12T20:39:02.713+0000] {dag.py:3089} INFO - Sync 1 DAGs
[2025-03-12T20:39:02.720+0000] {logging_mixin.py:188} INFO - [2025-03-12T20:39:02.720+0000] {dag.py:3947} INFO - Setting next_dagrun for example_task_group_decorator to 2025-03-11 00:00:00+00:00, run_after=2025-03-12 00:00:00+00:00
[2025-03-12T20:39:02.730+0000] {processor.py:183} INFO - Processing /home/airflow/.local/lib/python3.12/site-packages/airflow/example_dags/example_task_group_decorator.py took 0.039 seconds
[2025-03-12T20:39:35.304+0000] {processor.py:161} INFO - Started process (PID=1129) to work on /home/airflow/.local/lib/python3.12/site-packages/airflow/example_dags/example_task_group_decorator.py
[2025-03-12T20:39:35.305+0000] {processor.py:830} INFO - Processing file /home/airflow/.local/lib/python3.12/site-packages/airflow/example_dags/example_task_group_decorator.py for tasks to queue
[2025-03-12T20:39:35.306+0000] {logging_mixin.py:188} INFO - [2025-03-12T20:39:35.305+0000] {dagbag.py:545} INFO - Filling up the DagBag from /home/airflow/.local/lib/python3.12/site-packages/airflow/example_dags/example_task_group_decorator.py
[2025-03-12T20:39:35.311+0000] {processor.py:840} INFO - DAG(s) 'example_task_group_decorator' retrieved from /home/airflow/.local/lib/python3.12/site-packages/airflow/example_dags/example_task_group_decorator.py
[2025-03-12T20:39:35.322+0000] {logging_mixin.py:188} INFO - [2025-03-12T20:39:35.321+0000] {dag.py:3089} INFO - Sync 1 DAGs
[2025-03-12T20:39:35.330+0000] {logging_mixin.py:188} INFO - [2025-03-12T20:39:35.330+0000] {dag.py:3947} INFO - Setting next_dagrun for example_task_group_decorator to 2025-03-11 00:00:00+00:00, run_after=2025-03-12 00:00:00+00:00
[2025-03-12T20:39:35.339+0000] {processor.py:183} INFO - Processing /home/airflow/.local/lib/python3.12/site-packages/airflow/example_dags/example_task_group_decorator.py took 0.037 seconds
[2025-03-12T20:40:07.858+0000] {processor.py:161} INFO - Started process (PID=1201) to work on /home/airflow/.local/lib/python3.12/site-packages/airflow/example_dags/example_task_group_decorator.py
[2025-03-12T20:40:07.859+0000] {processor.py:830} INFO - Processing file /home/airflow/.local/lib/python3.12/site-packages/airflow/example_dags/example_task_group_decorator.py for tasks to queue
[2025-03-12T20:40:07.860+0000] {logging_mixin.py:188} INFO - [2025-03-12T20:40:07.860+0000] {dagbag.py:545} INFO - Filling up the DagBag from /home/airflow/.local/lib/python3.12/site-packages/airflow/example_dags/example_task_group_decorator.py
[2025-03-12T20:40:07.867+0000] {processor.py:840} INFO - DAG(s) 'example_task_group_decorator' retrieved from /home/airflow/.local/lib/python3.12/site-packages/airflow/example_dags/example_task_group_decorator.py
[2025-03-12T20:40:07.878+0000] {logging_mixin.py:188} INFO - [2025-03-12T20:40:07.878+0000] {dag.py:3089} INFO - Sync 1 DAGs
[2025-03-12T20:40:07.889+0000] {logging_mixin.py:188} INFO - [2025-03-12T20:40:07.889+0000] {dag.py:3947} INFO - Setting next_dagrun for example_task_group_decorator to 2025-03-11 00:00:00+00:00, run_after=2025-03-12 00:00:00+00:00
[2025-03-12T20:40:07.896+0000] {processor.py:183} INFO - Processing /home/airflow/.local/lib/python3.12/site-packages/airflow/example_dags/example_task_group_decorator.py took 0.040 seconds
[2025-03-12T20:40:40.549+0000] {processor.py:161} INFO - Started process (PID=1273) to work on /home/airflow/.local/lib/python3.12/site-packages/airflow/example_dags/example_task_group_decorator.py
[2025-03-12T20:40:40.551+0000] {processor.py:830} INFO - Processing file /home/airflow/.local/lib/python3.12/site-packages/airflow/example_dags/example_task_group_decorator.py for tasks to queue
[2025-03-12T20:40:40.552+0000] {logging_mixin.py:188} INFO - [2025-03-12T20:40:40.551+0000] {dagbag.py:545} INFO - Filling up the DagBag from /home/airflow/.local/lib/python3.12/site-packages/airflow/example_dags/example_task_group_decorator.py
[2025-03-12T20:40:40.558+0000] {processor.py:840} INFO - DAG(s) 'example_task_group_decorator' retrieved from /home/airflow/.local/lib/python3.12/site-packages/airflow/example_dags/example_task_group_decorator.py
[2025-03-12T20:40:40.572+0000] {logging_mixin.py:188} INFO - [2025-03-12T20:40:40.572+0000] {dag.py:3089} INFO - Sync 1 DAGs
[2025-03-12T20:40:40.582+0000] {logging_mixin.py:188} INFO - [2025-03-12T20:40:40.582+0000] {dag.py:3947} INFO - Setting next_dagrun for example_task_group_decorator to 2025-03-11 00:00:00+00:00, run_after=2025-03-12 00:00:00+00:00
[2025-03-12T20:40:40.591+0000] {processor.py:183} INFO - Processing /home/airflow/.local/lib/python3.12/site-packages/airflow/example_dags/example_task_group_decorator.py took 0.044 seconds
[2025-03-12T20:41:13.157+0000] {processor.py:161} INFO - Started process (PID=1345) to work on /home/airflow/.local/lib/python3.12/site-packages/airflow/example_dags/example_task_group_decorator.py
[2025-03-12T20:41:13.157+0000] {processor.py:830} INFO - Processing file /home/airflow/.local/lib/python3.12/site-packages/airflow/example_dags/example_task_group_decorator.py for tasks to queue
[2025-03-12T20:41:13.158+0000] {logging_mixin.py:188} INFO - [2025-03-12T20:41:13.158+0000] {dagbag.py:545} INFO - Filling up the DagBag from /home/airflow/.local/lib/python3.12/site-packages/airflow/example_dags/example_task_group_decorator.py
[2025-03-12T20:41:13.164+0000] {processor.py:840} INFO - DAG(s) 'example_task_group_decorator' retrieved from /home/airflow/.local/lib/python3.12/site-packages/airflow/example_dags/example_task_group_decorator.py
[2025-03-12T20:41:13.178+0000] {logging_mixin.py:188} INFO - [2025-03-12T20:41:13.178+0000] {dag.py:3089} INFO - Sync 1 DAGs
[2025-03-12T20:41:13.187+0000] {logging_mixin.py:188} INFO - [2025-03-12T20:41:13.187+0000] {dag.py:3947} INFO - Setting next_dagrun for example_task_group_decorator to 2025-03-11 00:00:00+00:00, run_after=2025-03-12 00:00:00+00:00
[2025-03-12T20:41:13.196+0000] {processor.py:183} INFO - Processing /home/airflow/.local/lib/python3.12/site-packages/airflow/example_dags/example_task_group_decorator.py took 0.041 seconds
[2025-03-12T20:41:45.589+0000] {processor.py:161} INFO - Started process (PID=1417) to work on /home/airflow/.local/lib/python3.12/site-packages/airflow/example_dags/example_task_group_decorator.py
[2025-03-12T20:41:45.590+0000] {processor.py:830} INFO - Processing file /home/airflow/.local/lib/python3.12/site-packages/airflow/example_dags/example_task_group_decorator.py for tasks to queue
[2025-03-12T20:41:45.592+0000] {logging_mixin.py:188} INFO - [2025-03-12T20:41:45.592+0000] {dagbag.py:545} INFO - Filling up the DagBag from /home/airflow/.local/lib/python3.12/site-packages/airflow/example_dags/example_task_group_decorator.py
[2025-03-12T20:41:45.599+0000] {processor.py:840} INFO - DAG(s) 'example_task_group_decorator' retrieved from /home/airflow/.local/lib/python3.12/site-packages/airflow/example_dags/example_task_group_decorator.py
[2025-03-12T20:41:45.611+0000] {logging_mixin.py:188} INFO - [2025-03-12T20:41:45.611+0000] {dag.py:3089} INFO - Sync 1 DAGs
[2025-03-12T20:41:45.621+0000] {logging_mixin.py:188} INFO - [2025-03-12T20:41:45.620+0000] {dag.py:3947} INFO - Setting next_dagrun for example_task_group_decorator to 2025-03-11 00:00:00+00:00, run_after=2025-03-12 00:00:00+00:00
[2025-03-12T20:41:45.632+0000] {processor.py:183} INFO - Processing /home/airflow/.local/lib/python3.12/site-packages/airflow/example_dags/example_task_group_decorator.py took 0.046 seconds
[2025-03-12T20:42:18.228+0000] {processor.py:161} INFO - Started process (PID=1489) to work on /home/airflow/.local/lib/python3.12/site-packages/airflow/example_dags/example_task_group_decorator.py
[2025-03-12T20:42:18.231+0000] {processor.py:830} INFO - Processing file /home/airflow/.local/lib/python3.12/site-packages/airflow/example_dags/example_task_group_decorator.py for tasks to queue
[2025-03-12T20:42:18.233+0000] {logging_mixin.py:188} INFO - [2025-03-12T20:42:18.233+0000] {dagbag.py:545} INFO - Filling up the DagBag from /home/airflow/.local/lib/python3.12/site-packages/airflow/example_dags/example_task_group_decorator.py
[2025-03-12T20:42:18.240+0000] {processor.py:840} INFO - DAG(s) 'example_task_group_decorator' retrieved from /home/airflow/.local/lib/python3.12/site-packages/airflow/example_dags/example_task_group_decorator.py
[2025-03-12T20:42:18.254+0000] {logging_mixin.py:188} INFO - [2025-03-12T20:42:18.254+0000] {dag.py:3089} INFO - Sync 1 DAGs
[2025-03-12T20:42:18.268+0000] {logging_mixin.py:188} INFO - [2025-03-12T20:42:18.268+0000] {dag.py:3947} INFO - Setting next_dagrun for example_task_group_decorator to 2025-03-11 00:00:00+00:00, run_after=2025-03-12 00:00:00+00:00
[2025-03-12T20:42:18.278+0000] {processor.py:183} INFO - Processing /home/airflow/.local/lib/python3.12/site-packages/airflow/example_dags/example_task_group_decorator.py took 0.055 seconds
[2025-03-12T20:42:51.204+0000] {processor.py:161} INFO - Started process (PID=1561) to work on /home/airflow/.local/lib/python3.12/site-packages/airflow/example_dags/example_task_group_decorator.py
[2025-03-12T20:42:51.205+0000] {processor.py:830} INFO - Processing file /home/airflow/.local/lib/python3.12/site-packages/airflow/example_dags/example_task_group_decorator.py for tasks to queue
[2025-03-12T20:42:51.206+0000] {logging_mixin.py:188} INFO - [2025-03-12T20:42:51.206+0000] {dagbag.py:545} INFO - Filling up the DagBag from /home/airflow/.local/lib/python3.12/site-packages/airflow/example_dags/example_task_group_decorator.py
[2025-03-12T20:42:51.213+0000] {processor.py:840} INFO - DAG(s) 'example_task_group_decorator' retrieved from /home/airflow/.local/lib/python3.12/site-packages/airflow/example_dags/example_task_group_decorator.py
[2025-03-12T20:42:51.225+0000] {logging_mixin.py:188} INFO - [2025-03-12T20:42:51.225+0000] {dag.py:3089} INFO - Sync 1 DAGs
[2025-03-12T20:42:51.234+0000] {logging_mixin.py:188} INFO - [2025-03-12T20:42:51.234+0000] {dag.py:3947} INFO - Setting next_dagrun for example_task_group_decorator to 2025-03-11 00:00:00+00:00, run_after=2025-03-12 00:00:00+00:00
[2025-03-12T20:42:51.244+0000] {processor.py:183} INFO - Processing /home/airflow/.local/lib/python3.12/site-packages/airflow/example_dags/example_task_group_decorator.py took 0.043 seconds
[2025-03-12T20:43:24.000+0000] {processor.py:161} INFO - Started process (PID=1640) to work on /home/airflow/.local/lib/python3.12/site-packages/airflow/example_dags/example_task_group_decorator.py
[2025-03-12T20:43:24.001+0000] {processor.py:830} INFO - Processing file /home/airflow/.local/lib/python3.12/site-packages/airflow/example_dags/example_task_group_decorator.py for tasks to queue
[2025-03-12T20:43:24.002+0000] {logging_mixin.py:188} INFO - [2025-03-12T20:43:24.002+0000] {dagbag.py:545} INFO - Filling up the DagBag from /home/airflow/.local/lib/python3.12/site-packages/airflow/example_dags/example_task_group_decorator.py
[2025-03-12T20:43:24.010+0000] {processor.py:840} INFO - DAG(s) 'example_task_group_decorator' retrieved from /home/airflow/.local/lib/python3.12/site-packages/airflow/example_dags/example_task_group_decorator.py
[2025-03-12T20:43:24.022+0000] {logging_mixin.py:188} INFO - [2025-03-12T20:43:24.022+0000] {dag.py:3089} INFO - Sync 1 DAGs
[2025-03-12T20:43:24.032+0000] {logging_mixin.py:188} INFO - [2025-03-12T20:43:24.031+0000] {dag.py:3947} INFO - Setting next_dagrun for example_task_group_decorator to 2025-03-11 00:00:00+00:00, run_after=2025-03-12 00:00:00+00:00
[2025-03-12T20:43:24.042+0000] {processor.py:183} INFO - Processing /home/airflow/.local/lib/python3.12/site-packages/airflow/example_dags/example_task_group_decorator.py took 0.044 seconds
[2025-03-12T20:43:56.443+0000] {processor.py:161} INFO - Started process (PID=1712) to work on /home/airflow/.local/lib/python3.12/site-packages/airflow/example_dags/example_task_group_decorator.py
[2025-03-12T20:43:56.444+0000] {processor.py:830} INFO - Processing file /home/airflow/.local/lib/python3.12/site-packages/airflow/example_dags/example_task_group_decorator.py for tasks to queue
[2025-03-12T20:43:56.446+0000] {logging_mixin.py:188} INFO - [2025-03-12T20:43:56.445+0000] {dagbag.py:545} INFO - Filling up the DagBag from /home/airflow/.local/lib/python3.12/site-packages/airflow/example_dags/example_task_group_decorator.py
[2025-03-12T20:43:56.453+0000] {processor.py:840} INFO - DAG(s) 'example_task_group_decorator' retrieved from /home/airflow/.local/lib/python3.12/site-packages/airflow/example_dags/example_task_group_decorator.py
[2025-03-12T20:43:56.464+0000] {logging_mixin.py:188} INFO - [2025-03-12T20:43:56.464+0000] {dag.py:3089} INFO - Sync 1 DAGs
[2025-03-12T20:43:56.473+0000] {logging_mixin.py:188} INFO - [2025-03-12T20:43:56.473+0000] {dag.py:3947} INFO - Setting next_dagrun for example_task_group_decorator to 2025-03-11 00:00:00+00:00, run_after=2025-03-12 00:00:00+00:00
[2025-03-12T20:43:56.479+0000] {processor.py:183} INFO - Processing /home/airflow/.local/lib/python3.12/site-packages/airflow/example_dags/example_task_group_decorator.py took 0.039 seconds
[2025-03-12T20:44:28.939+0000] {processor.py:161} INFO - Started process (PID=1784) to work on /home/airflow/.local/lib/python3.12/site-packages/airflow/example_dags/example_task_group_decorator.py
[2025-03-12T20:44:28.939+0000] {processor.py:830} INFO - Processing file /home/airflow/.local/lib/python3.12/site-packages/airflow/example_dags/example_task_group_decorator.py for tasks to queue
[2025-03-12T20:44:28.941+0000] {logging_mixin.py:188} INFO - [2025-03-12T20:44:28.941+0000] {dagbag.py:545} INFO - Filling up the DagBag from /home/airflow/.local/lib/python3.12/site-packages/airflow/example_dags/example_task_group_decorator.py
[2025-03-12T20:44:28.946+0000] {processor.py:840} INFO - DAG(s) 'example_task_group_decorator' retrieved from /home/airflow/.local/lib/python3.12/site-packages/airflow/example_dags/example_task_group_decorator.py
[2025-03-12T20:44:28.957+0000] {logging_mixin.py:188} INFO - [2025-03-12T20:44:28.957+0000] {dag.py:3089} INFO - Sync 1 DAGs
[2025-03-12T20:44:28.966+0000] {logging_mixin.py:188} INFO - [2025-03-12T20:44:28.966+0000] {dag.py:3947} INFO - Setting next_dagrun for example_task_group_decorator to 2025-03-11 00:00:00+00:00, run_after=2025-03-12 00:00:00+00:00
[2025-03-12T20:44:28.976+0000] {processor.py:183} INFO - Processing /home/airflow/.local/lib/python3.12/site-packages/airflow/example_dags/example_task_group_decorator.py took 0.042 seconds
[2025-03-12T20:45:01.385+0000] {processor.py:161} INFO - Started process (PID=1856) to work on /home/airflow/.local/lib/python3.12/site-packages/airflow/example_dags/example_task_group_decorator.py
[2025-03-12T20:45:01.386+0000] {processor.py:830} INFO - Processing file /home/airflow/.local/lib/python3.12/site-packages/airflow/example_dags/example_task_group_decorator.py for tasks to queue
[2025-03-12T20:45:01.387+0000] {logging_mixin.py:188} INFO - [2025-03-12T20:45:01.387+0000] {dagbag.py:545} INFO - Filling up the DagBag from /home/airflow/.local/lib/python3.12/site-packages/airflow/example_dags/example_task_group_decorator.py
[2025-03-12T20:45:01.397+0000] {processor.py:840} INFO - DAG(s) 'example_task_group_decorator' retrieved from /home/airflow/.local/lib/python3.12/site-packages/airflow/example_dags/example_task_group_decorator.py
[2025-03-12T20:45:01.411+0000] {logging_mixin.py:188} INFO - [2025-03-12T20:45:01.411+0000] {dag.py:3089} INFO - Sync 1 DAGs
[2025-03-12T20:45:01.421+0000] {logging_mixin.py:188} INFO - [2025-03-12T20:45:01.421+0000] {dag.py:3947} INFO - Setting next_dagrun for example_task_group_decorator to 2025-03-11 00:00:00+00:00, run_after=2025-03-12 00:00:00+00:00
[2025-03-12T20:45:01.430+0000] {processor.py:183} INFO - Processing /home/airflow/.local/lib/python3.12/site-packages/airflow/example_dags/example_task_group_decorator.py took 0.047 seconds
[2025-03-12T20:45:34.003+0000] {processor.py:161} INFO - Started process (PID=1928) to work on /home/airflow/.local/lib/python3.12/site-packages/airflow/example_dags/example_task_group_decorator.py
[2025-03-12T20:45:34.004+0000] {processor.py:830} INFO - Processing file /home/airflow/.local/lib/python3.12/site-packages/airflow/example_dags/example_task_group_decorator.py for tasks to queue
[2025-03-12T20:45:34.005+0000] {logging_mixin.py:188} INFO - [2025-03-12T20:45:34.005+0000] {dagbag.py:545} INFO - Filling up the DagBag from /home/airflow/.local/lib/python3.12/site-packages/airflow/example_dags/example_task_group_decorator.py
[2025-03-12T20:45:34.014+0000] {processor.py:840} INFO - DAG(s) 'example_task_group_decorator' retrieved from /home/airflow/.local/lib/python3.12/site-packages/airflow/example_dags/example_task_group_decorator.py
[2025-03-12T20:45:34.027+0000] {logging_mixin.py:188} INFO - [2025-03-12T20:45:34.027+0000] {dag.py:3089} INFO - Sync 1 DAGs
[2025-03-12T20:45:34.038+0000] {logging_mixin.py:188} INFO - [2025-03-12T20:45:34.038+0000] {dag.py:3947} INFO - Setting next_dagrun for example_task_group_decorator to 2025-03-11 00:00:00+00:00, run_after=2025-03-12 00:00:00+00:00
[2025-03-12T20:45:34.047+0000] {processor.py:183} INFO - Processing /home/airflow/.local/lib/python3.12/site-packages/airflow/example_dags/example_task_group_decorator.py took 0.046 seconds
[2025-03-12T20:46:06.514+0000] {processor.py:161} INFO - Started process (PID=2000) to work on /home/airflow/.local/lib/python3.12/site-packages/airflow/example_dags/example_task_group_decorator.py
[2025-03-12T20:46:06.515+0000] {processor.py:830} INFO - Processing file /home/airflow/.local/lib/python3.12/site-packages/airflow/example_dags/example_task_group_decorator.py for tasks to queue
[2025-03-12T20:46:06.516+0000] {logging_mixin.py:188} INFO - [2025-03-12T20:46:06.515+0000] {dagbag.py:545} INFO - Filling up the DagBag from /home/airflow/.local/lib/python3.12/site-packages/airflow/example_dags/example_task_group_decorator.py
[2025-03-12T20:46:06.521+0000] {processor.py:840} INFO - DAG(s) 'example_task_group_decorator' retrieved from /home/airflow/.local/lib/python3.12/site-packages/airflow/example_dags/example_task_group_decorator.py
[2025-03-12T20:46:06.535+0000] {logging_mixin.py:188} INFO - [2025-03-12T20:46:06.535+0000] {dag.py:3089} INFO - Sync 1 DAGs
[2025-03-12T20:46:06.544+0000] {logging_mixin.py:188} INFO - [2025-03-12T20:46:06.544+0000] {dag.py:3947} INFO - Setting next_dagrun for example_task_group_decorator to 2025-03-11 00:00:00+00:00, run_after=2025-03-12 00:00:00+00:00
[2025-03-12T20:46:06.552+0000] {processor.py:183} INFO - Processing /home/airflow/.local/lib/python3.12/site-packages/airflow/example_dags/example_task_group_decorator.py took 0.041 seconds
[2025-03-12T20:46:39.071+0000] {processor.py:161} INFO - Started process (PID=2072) to work on /home/airflow/.local/lib/python3.12/site-packages/airflow/example_dags/example_task_group_decorator.py
[2025-03-12T20:46:39.072+0000] {processor.py:830} INFO - Processing file /home/airflow/.local/lib/python3.12/site-packages/airflow/example_dags/example_task_group_decorator.py for tasks to queue
[2025-03-12T20:46:39.074+0000] {logging_mixin.py:188} INFO - [2025-03-12T20:46:39.073+0000] {dagbag.py:545} INFO - Filling up the DagBag from /home/airflow/.local/lib/python3.12/site-packages/airflow/example_dags/example_task_group_decorator.py
[2025-03-12T20:46:39.079+0000] {processor.py:840} INFO - DAG(s) 'example_task_group_decorator' retrieved from /home/airflow/.local/lib/python3.12/site-packages/airflow/example_dags/example_task_group_decorator.py
[2025-03-12T20:46:39.090+0000] {logging_mixin.py:188} INFO - [2025-03-12T20:46:39.090+0000] {dag.py:3089} INFO - Sync 1 DAGs
[2025-03-12T20:46:39.099+0000] {logging_mixin.py:188} INFO - [2025-03-12T20:46:39.099+0000] {dag.py:3947} INFO - Setting next_dagrun for example_task_group_decorator to 2025-03-11 00:00:00+00:00, run_after=2025-03-12 00:00:00+00:00
[2025-03-12T20:46:39.106+0000] {processor.py:183} INFO - Processing /home/airflow/.local/lib/python3.12/site-packages/airflow/example_dags/example_task_group_decorator.py took 0.037 seconds
[2025-03-12T20:47:11.514+0000] {processor.py:161} INFO - Started process (PID=2144) to work on /home/airflow/.local/lib/python3.12/site-packages/airflow/example_dags/example_task_group_decorator.py
[2025-03-12T20:47:11.515+0000] {processor.py:830} INFO - Processing file /home/airflow/.local/lib/python3.12/site-packages/airflow/example_dags/example_task_group_decorator.py for tasks to queue
[2025-03-12T20:47:11.516+0000] {logging_mixin.py:188} INFO - [2025-03-12T20:47:11.516+0000] {dagbag.py:545} INFO - Filling up the DagBag from /home/airflow/.local/lib/python3.12/site-packages/airflow/example_dags/example_task_group_decorator.py
[2025-03-12T20:47:11.523+0000] {processor.py:840} INFO - DAG(s) 'example_task_group_decorator' retrieved from /home/airflow/.local/lib/python3.12/site-packages/airflow/example_dags/example_task_group_decorator.py
[2025-03-12T20:47:11.535+0000] {logging_mixin.py:188} INFO - [2025-03-12T20:47:11.535+0000] {dag.py:3089} INFO - Sync 1 DAGs
[2025-03-12T20:47:11.543+0000] {logging_mixin.py:188} INFO - [2025-03-12T20:47:11.543+0000] {dag.py:3947} INFO - Setting next_dagrun for example_task_group_decorator to 2025-03-11 00:00:00+00:00, run_after=2025-03-12 00:00:00+00:00
[2025-03-12T20:47:11.553+0000] {processor.py:183} INFO - Processing /home/airflow/.local/lib/python3.12/site-packages/airflow/example_dags/example_task_group_decorator.py took 0.042 seconds
[2025-03-12T20:47:43.974+0000] {processor.py:161} INFO - Started process (PID=2216) to work on /home/airflow/.local/lib/python3.12/site-packages/airflow/example_dags/example_task_group_decorator.py
[2025-03-12T20:47:43.976+0000] {processor.py:830} INFO - Processing file /home/airflow/.local/lib/python3.12/site-packages/airflow/example_dags/example_task_group_decorator.py for tasks to queue
[2025-03-12T20:47:43.976+0000] {logging_mixin.py:188} INFO - [2025-03-12T20:47:43.976+0000] {dagbag.py:545} INFO - Filling up the DagBag from /home/airflow/.local/lib/python3.12/site-packages/airflow/example_dags/example_task_group_decorator.py
[2025-03-12T20:47:43.983+0000] {processor.py:840} INFO - DAG(s) 'example_task_group_decorator' retrieved from /home/airflow/.local/lib/python3.12/site-packages/airflow/example_dags/example_task_group_decorator.py
[2025-03-12T20:47:44.000+0000] {logging_mixin.py:188} INFO - [2025-03-12T20:47:43.999+0000] {dag.py:3089} INFO - Sync 1 DAGs
[2025-03-12T20:47:44.009+0000] {logging_mixin.py:188} INFO - [2025-03-12T20:47:44.009+0000] {dag.py:3947} INFO - Setting next_dagrun for example_task_group_decorator to 2025-03-11 00:00:00+00:00, run_after=2025-03-12 00:00:00+00:00
[2025-03-12T20:47:44.018+0000] {processor.py:183} INFO - Processing /home/airflow/.local/lib/python3.12/site-packages/airflow/example_dags/example_task_group_decorator.py took 0.046 seconds
[2025-03-12T20:48:16.439+0000] {processor.py:161} INFO - Started process (PID=2288) to work on /home/airflow/.local/lib/python3.12/site-packages/airflow/example_dags/example_task_group_decorator.py
[2025-03-12T20:48:16.439+0000] {processor.py:830} INFO - Processing file /home/airflow/.local/lib/python3.12/site-packages/airflow/example_dags/example_task_group_decorator.py for tasks to queue
[2025-03-12T20:48:16.441+0000] {logging_mixin.py:188} INFO - [2025-03-12T20:48:16.440+0000] {dagbag.py:545} INFO - Filling up the DagBag from /home/airflow/.local/lib/python3.12/site-packages/airflow/example_dags/example_task_group_decorator.py
[2025-03-12T20:48:16.451+0000] {processor.py:840} INFO - DAG(s) 'example_task_group_decorator' retrieved from /home/airflow/.local/lib/python3.12/site-packages/airflow/example_dags/example_task_group_decorator.py
[2025-03-12T20:48:16.460+0000] {logging_mixin.py:188} INFO - [2025-03-12T20:48:16.460+0000] {dag.py:3089} INFO - Sync 1 DAGs
[2025-03-12T20:48:16.471+0000] {logging_mixin.py:188} INFO - [2025-03-12T20:48:16.471+0000] {dag.py:3947} INFO - Setting next_dagrun for example_task_group_decorator to 2025-03-11 00:00:00+00:00, run_after=2025-03-12 00:00:00+00:00
[2025-03-12T20:48:16.481+0000] {processor.py:183} INFO - Processing /home/airflow/.local/lib/python3.12/site-packages/airflow/example_dags/example_task_group_decorator.py took 0.045 seconds
[2025-03-12T20:48:49.163+0000] {processor.py:161} INFO - Started process (PID=2360) to work on /home/airflow/.local/lib/python3.12/site-packages/airflow/example_dags/example_task_group_decorator.py
[2025-03-12T20:48:49.164+0000] {processor.py:830} INFO - Processing file /home/airflow/.local/lib/python3.12/site-packages/airflow/example_dags/example_task_group_decorator.py for tasks to queue
[2025-03-12T20:48:49.165+0000] {logging_mixin.py:188} INFO - [2025-03-12T20:48:49.164+0000] {dagbag.py:545} INFO - Filling up the DagBag from /home/airflow/.local/lib/python3.12/site-packages/airflow/example_dags/example_task_group_decorator.py
[2025-03-12T20:48:49.171+0000] {processor.py:840} INFO - DAG(s) 'example_task_group_decorator' retrieved from /home/airflow/.local/lib/python3.12/site-packages/airflow/example_dags/example_task_group_decorator.py
[2025-03-12T20:48:49.180+0000] {logging_mixin.py:188} INFO - [2025-03-12T20:48:49.180+0000] {dag.py:3089} INFO - Sync 1 DAGs
[2025-03-12T20:48:49.189+0000] {logging_mixin.py:188} INFO - [2025-03-12T20:48:49.189+0000] {dag.py:3947} INFO - Setting next_dagrun for example_task_group_decorator to 2025-03-11 00:00:00+00:00, run_after=2025-03-12 00:00:00+00:00
[2025-03-12T20:48:49.197+0000] {processor.py:183} INFO - Processing /home/airflow/.local/lib/python3.12/site-packages/airflow/example_dags/example_task_group_decorator.py took 0.037 seconds
[2025-03-12T20:49:21.543+0000] {processor.py:161} INFO - Started process (PID=2432) to work on /home/airflow/.local/lib/python3.12/site-packages/airflow/example_dags/example_task_group_decorator.py
[2025-03-12T20:49:21.543+0000] {processor.py:830} INFO - Processing file /home/airflow/.local/lib/python3.12/site-packages/airflow/example_dags/example_task_group_decorator.py for tasks to queue
[2025-03-12T20:49:21.544+0000] {logging_mixin.py:188} INFO - [2025-03-12T20:49:21.544+0000] {dagbag.py:545} INFO - Filling up the DagBag from /home/airflow/.local/lib/python3.12/site-packages/airflow/example_dags/example_task_group_decorator.py
[2025-03-12T20:49:21.551+0000] {processor.py:840} INFO - DAG(s) 'example_task_group_decorator' retrieved from /home/airflow/.local/lib/python3.12/site-packages/airflow/example_dags/example_task_group_decorator.py
[2025-03-12T20:49:21.562+0000] {logging_mixin.py:188} INFO - [2025-03-12T20:49:21.562+0000] {dag.py:3089} INFO - Sync 1 DAGs
[2025-03-12T20:49:21.571+0000] {logging_mixin.py:188} INFO - [2025-03-12T20:49:21.571+0000] {dag.py:3947} INFO - Setting next_dagrun for example_task_group_decorator to 2025-03-11 00:00:00+00:00, run_after=2025-03-12 00:00:00+00:00
[2025-03-12T20:49:21.579+0000] {processor.py:183} INFO - Processing /home/airflow/.local/lib/python3.12/site-packages/airflow/example_dags/example_task_group_decorator.py took 0.039 seconds
[2025-03-12T20:49:54.137+0000] {processor.py:161} INFO - Started process (PID=2510) to work on /home/airflow/.local/lib/python3.12/site-packages/airflow/example_dags/example_task_group_decorator.py
[2025-03-12T20:49:54.138+0000] {processor.py:830} INFO - Processing file /home/airflow/.local/lib/python3.12/site-packages/airflow/example_dags/example_task_group_decorator.py for tasks to queue
[2025-03-12T20:49:54.139+0000] {logging_mixin.py:188} INFO - [2025-03-12T20:49:54.139+0000] {dagbag.py:545} INFO - Filling up the DagBag from /home/airflow/.local/lib/python3.12/site-packages/airflow/example_dags/example_task_group_decorator.py
[2025-03-12T20:49:54.145+0000] {processor.py:840} INFO - DAG(s) 'example_task_group_decorator' retrieved from /home/airflow/.local/lib/python3.12/site-packages/airflow/example_dags/example_task_group_decorator.py
[2025-03-12T20:49:54.157+0000] {logging_mixin.py:188} INFO - [2025-03-12T20:49:54.157+0000] {dag.py:3089} INFO - Sync 1 DAGs
[2025-03-12T20:49:54.167+0000] {logging_mixin.py:188} INFO - [2025-03-12T20:49:54.167+0000] {dag.py:3947} INFO - Setting next_dagrun for example_task_group_decorator to 2025-03-11 00:00:00+00:00, run_after=2025-03-12 00:00:00+00:00
[2025-03-12T20:49:54.178+0000] {processor.py:183} INFO - Processing /home/airflow/.local/lib/python3.12/site-packages/airflow/example_dags/example_task_group_decorator.py took 0.043 seconds
[2025-03-12T20:50:26.644+0000] {processor.py:161} INFO - Started process (PID=2581) to work on /home/airflow/.local/lib/python3.12/site-packages/airflow/example_dags/example_task_group_decorator.py
[2025-03-12T20:50:26.646+0000] {processor.py:830} INFO - Processing file /home/airflow/.local/lib/python3.12/site-packages/airflow/example_dags/example_task_group_decorator.py for tasks to queue
[2025-03-12T20:50:26.646+0000] {logging_mixin.py:188} INFO - [2025-03-12T20:50:26.646+0000] {dagbag.py:545} INFO - Filling up the DagBag from /home/airflow/.local/lib/python3.12/site-packages/airflow/example_dags/example_task_group_decorator.py
[2025-03-12T20:50:26.652+0000] {processor.py:840} INFO - DAG(s) 'example_task_group_decorator' retrieved from /home/airflow/.local/lib/python3.12/site-packages/airflow/example_dags/example_task_group_decorator.py
[2025-03-12T20:50:26.664+0000] {logging_mixin.py:188} INFO - [2025-03-12T20:50:26.664+0000] {dag.py:3089} INFO - Sync 1 DAGs
[2025-03-12T20:50:26.674+0000] {logging_mixin.py:188} INFO - [2025-03-12T20:50:26.673+0000] {dag.py:3947} INFO - Setting next_dagrun for example_task_group_decorator to 2025-03-11 00:00:00+00:00, run_after=2025-03-12 00:00:00+00:00
[2025-03-12T20:50:26.684+0000] {processor.py:183} INFO - Processing /home/airflow/.local/lib/python3.12/site-packages/airflow/example_dags/example_task_group_decorator.py took 0.042 seconds
[2025-03-12T20:50:59.221+0000] {processor.py:161} INFO - Started process (PID=2653) to work on /home/airflow/.local/lib/python3.12/site-packages/airflow/example_dags/example_task_group_decorator.py
[2025-03-12T20:50:59.221+0000] {processor.py:830} INFO - Processing file /home/airflow/.local/lib/python3.12/site-packages/airflow/example_dags/example_task_group_decorator.py for tasks to queue
[2025-03-12T20:50:59.222+0000] {logging_mixin.py:188} INFO - [2025-03-12T20:50:59.222+0000] {dagbag.py:545} INFO - Filling up the DagBag from /home/airflow/.local/lib/python3.12/site-packages/airflow/example_dags/example_task_group_decorator.py
[2025-03-12T20:50:59.230+0000] {processor.py:840} INFO - DAG(s) 'example_task_group_decorator' retrieved from /home/airflow/.local/lib/python3.12/site-packages/airflow/example_dags/example_task_group_decorator.py
[2025-03-12T20:50:59.243+0000] {logging_mixin.py:188} INFO - [2025-03-12T20:50:59.243+0000] {dag.py:3089} INFO - Sync 1 DAGs
[2025-03-12T20:50:59.254+0000] {logging_mixin.py:188} INFO - [2025-03-12T20:50:59.254+0000] {dag.py:3947} INFO - Setting next_dagrun for example_task_group_decorator to 2025-03-11 00:00:00+00:00, run_after=2025-03-12 00:00:00+00:00
[2025-03-12T20:50:59.262+0000] {processor.py:183} INFO - Processing /home/airflow/.local/lib/python3.12/site-packages/airflow/example_dags/example_task_group_decorator.py took 0.044 seconds
[2025-03-12T20:51:31.752+0000] {processor.py:161} INFO - Started process (PID=2725) to work on /home/airflow/.local/lib/python3.12/site-packages/airflow/example_dags/example_task_group_decorator.py
[2025-03-12T20:51:31.752+0000] {processor.py:830} INFO - Processing file /home/airflow/.local/lib/python3.12/site-packages/airflow/example_dags/example_task_group_decorator.py for tasks to queue
[2025-03-12T20:51:31.753+0000] {logging_mixin.py:188} INFO - [2025-03-12T20:51:31.753+0000] {dagbag.py:545} INFO - Filling up the DagBag from /home/airflow/.local/lib/python3.12/site-packages/airflow/example_dags/example_task_group_decorator.py
[2025-03-12T20:51:31.759+0000] {processor.py:840} INFO - DAG(s) 'example_task_group_decorator' retrieved from /home/airflow/.local/lib/python3.12/site-packages/airflow/example_dags/example_task_group_decorator.py
[2025-03-12T20:51:31.773+0000] {logging_mixin.py:188} INFO - [2025-03-12T20:51:31.773+0000] {dag.py:3089} INFO - Sync 1 DAGs
[2025-03-12T20:51:31.782+0000] {logging_mixin.py:188} INFO - [2025-03-12T20:51:31.782+0000] {dag.py:3947} INFO - Setting next_dagrun for example_task_group_decorator to 2025-03-11 00:00:00+00:00, run_after=2025-03-12 00:00:00+00:00
[2025-03-12T20:51:31.793+0000] {processor.py:183} INFO - Processing /home/airflow/.local/lib/python3.12/site-packages/airflow/example_dags/example_task_group_decorator.py took 0.044 seconds
[2025-03-12T20:52:04.182+0000] {processor.py:161} INFO - Started process (PID=2797) to work on /home/airflow/.local/lib/python3.12/site-packages/airflow/example_dags/example_task_group_decorator.py
[2025-03-12T20:52:04.183+0000] {processor.py:830} INFO - Processing file /home/airflow/.local/lib/python3.12/site-packages/airflow/example_dags/example_task_group_decorator.py for tasks to queue
[2025-03-12T20:52:04.185+0000] {logging_mixin.py:188} INFO - [2025-03-12T20:52:04.185+0000] {dagbag.py:545} INFO - Filling up the DagBag from /home/airflow/.local/lib/python3.12/site-packages/airflow/example_dags/example_task_group_decorator.py
[2025-03-12T20:52:04.190+0000] {processor.py:840} INFO - DAG(s) 'example_task_group_decorator' retrieved from /home/airflow/.local/lib/python3.12/site-packages/airflow/example_dags/example_task_group_decorator.py
[2025-03-12T20:52:04.204+0000] {logging_mixin.py:188} INFO - [2025-03-12T20:52:04.204+0000] {dag.py:3089} INFO - Sync 1 DAGs
[2025-03-12T20:52:04.213+0000] {logging_mixin.py:188} INFO - [2025-03-12T20:52:04.213+0000] {dag.py:3947} INFO - Setting next_dagrun for example_task_group_decorator to 2025-03-11 00:00:00+00:00, run_after=2025-03-12 00:00:00+00:00
[2025-03-12T20:52:04.224+0000] {processor.py:183} INFO - Processing /home/airflow/.local/lib/python3.12/site-packages/airflow/example_dags/example_task_group_decorator.py took 0.044 seconds
[2025-03-12T20:52:36.673+0000] {processor.py:161} INFO - Started process (PID=2868) to work on /home/airflow/.local/lib/python3.12/site-packages/airflow/example_dags/example_task_group_decorator.py
[2025-03-12T20:52:36.675+0000] {processor.py:830} INFO - Processing file /home/airflow/.local/lib/python3.12/site-packages/airflow/example_dags/example_task_group_decorator.py for tasks to queue
[2025-03-12T20:52:36.676+0000] {logging_mixin.py:188} INFO - [2025-03-12T20:52:36.675+0000] {dagbag.py:545} INFO - Filling up the DagBag from /home/airflow/.local/lib/python3.12/site-packages/airflow/example_dags/example_task_group_decorator.py
[2025-03-12T20:52:36.682+0000] {processor.py:840} INFO - DAG(s) 'example_task_group_decorator' retrieved from /home/airflow/.local/lib/python3.12/site-packages/airflow/example_dags/example_task_group_decorator.py
[2025-03-12T20:52:36.694+0000] {logging_mixin.py:188} INFO - [2025-03-12T20:52:36.693+0000] {dag.py:3089} INFO - Sync 1 DAGs
[2025-03-12T20:52:36.703+0000] {logging_mixin.py:188} INFO - [2025-03-12T20:52:36.703+0000] {dag.py:3947} INFO - Setting next_dagrun for example_task_group_decorator to 2025-03-11 00:00:00+00:00, run_after=2025-03-12 00:00:00+00:00
[2025-03-12T20:52:36.713+0000] {processor.py:183} INFO - Processing /home/airflow/.local/lib/python3.12/site-packages/airflow/example_dags/example_task_group_decorator.py took 0.042 seconds
[2025-03-12T20:53:09.333+0000] {processor.py:161} INFO - Started process (PID=2940) to work on /home/airflow/.local/lib/python3.12/site-packages/airflow/example_dags/example_task_group_decorator.py
[2025-03-12T20:53:09.334+0000] {processor.py:830} INFO - Processing file /home/airflow/.local/lib/python3.12/site-packages/airflow/example_dags/example_task_group_decorator.py for tasks to queue
[2025-03-12T20:53:09.335+0000] {logging_mixin.py:188} INFO - [2025-03-12T20:53:09.335+0000] {dagbag.py:545} INFO - Filling up the DagBag from /home/airflow/.local/lib/python3.12/site-packages/airflow/example_dags/example_task_group_decorator.py
[2025-03-12T20:53:09.343+0000] {processor.py:840} INFO - DAG(s) 'example_task_group_decorator' retrieved from /home/airflow/.local/lib/python3.12/site-packages/airflow/example_dags/example_task_group_decorator.py
[2025-03-12T20:53:09.355+0000] {logging_mixin.py:188} INFO - [2025-03-12T20:53:09.355+0000] {dag.py:3089} INFO - Sync 1 DAGs
[2025-03-12T20:53:09.364+0000] {logging_mixin.py:188} INFO - [2025-03-12T20:53:09.364+0000] {dag.py:3947} INFO - Setting next_dagrun for example_task_group_decorator to 2025-03-11 00:00:00+00:00, run_after=2025-03-12 00:00:00+00:00
[2025-03-12T20:53:09.380+0000] {processor.py:183} INFO - Processing /home/airflow/.local/lib/python3.12/site-packages/airflow/example_dags/example_task_group_decorator.py took 0.050 seconds
[2025-03-12T20:53:41.850+0000] {processor.py:161} INFO - Started process (PID=3012) to work on /home/airflow/.local/lib/python3.12/site-packages/airflow/example_dags/example_task_group_decorator.py
[2025-03-12T20:53:41.851+0000] {processor.py:830} INFO - Processing file /home/airflow/.local/lib/python3.12/site-packages/airflow/example_dags/example_task_group_decorator.py for tasks to queue
[2025-03-12T20:53:41.852+0000] {logging_mixin.py:188} INFO - [2025-03-12T20:53:41.852+0000] {dagbag.py:545} INFO - Filling up the DagBag from /home/airflow/.local/lib/python3.12/site-packages/airflow/example_dags/example_task_group_decorator.py
[2025-03-12T20:53:41.859+0000] {processor.py:840} INFO - DAG(s) 'example_task_group_decorator' retrieved from /home/airflow/.local/lib/python3.12/site-packages/airflow/example_dags/example_task_group_decorator.py
[2025-03-12T20:53:41.872+0000] {logging_mixin.py:188} INFO - [2025-03-12T20:53:41.872+0000] {dag.py:3089} INFO - Sync 1 DAGs
[2025-03-12T20:53:41.883+0000] {logging_mixin.py:188} INFO - [2025-03-12T20:53:41.883+0000] {dag.py:3947} INFO - Setting next_dagrun for example_task_group_decorator to 2025-03-11 00:00:00+00:00, run_after=2025-03-12 00:00:00+00:00
[2025-03-12T20:53:41.895+0000] {processor.py:183} INFO - Processing /home/airflow/.local/lib/python3.12/site-packages/airflow/example_dags/example_task_group_decorator.py took 0.047 seconds
[2025-03-12T20:54:14.412+0000] {processor.py:161} INFO - Started process (PID=3085) to work on /home/airflow/.local/lib/python3.12/site-packages/airflow/example_dags/example_task_group_decorator.py
[2025-03-12T20:54:14.412+0000] {processor.py:830} INFO - Processing file /home/airflow/.local/lib/python3.12/site-packages/airflow/example_dags/example_task_group_decorator.py for tasks to queue
[2025-03-12T20:54:14.413+0000] {logging_mixin.py:188} INFO - [2025-03-12T20:54:14.413+0000] {dagbag.py:545} INFO - Filling up the DagBag from /home/airflow/.local/lib/python3.12/site-packages/airflow/example_dags/example_task_group_decorator.py
[2025-03-12T20:54:14.421+0000] {processor.py:840} INFO - DAG(s) 'example_task_group_decorator' retrieved from /home/airflow/.local/lib/python3.12/site-packages/airflow/example_dags/example_task_group_decorator.py
[2025-03-12T20:54:14.431+0000] {logging_mixin.py:188} INFO - [2025-03-12T20:54:14.431+0000] {dag.py:3089} INFO - Sync 1 DAGs
[2025-03-12T20:54:14.439+0000] {logging_mixin.py:188} INFO - [2025-03-12T20:54:14.439+0000] {dag.py:3947} INFO - Setting next_dagrun for example_task_group_decorator to 2025-03-11 00:00:00+00:00, run_after=2025-03-12 00:00:00+00:00
[2025-03-12T20:54:14.449+0000] {processor.py:183} INFO - Processing /home/airflow/.local/lib/python3.12/site-packages/airflow/example_dags/example_task_group_decorator.py took 0.040 seconds
[2025-03-12T20:54:46.956+0000] {processor.py:161} INFO - Started process (PID=3157) to work on /home/airflow/.local/lib/python3.12/site-packages/airflow/example_dags/example_task_group_decorator.py
[2025-03-12T20:54:46.957+0000] {processor.py:830} INFO - Processing file /home/airflow/.local/lib/python3.12/site-packages/airflow/example_dags/example_task_group_decorator.py for tasks to queue
[2025-03-12T20:54:46.958+0000] {logging_mixin.py:188} INFO - [2025-03-12T20:54:46.958+0000] {dagbag.py:545} INFO - Filling up the DagBag from /home/airflow/.local/lib/python3.12/site-packages/airflow/example_dags/example_task_group_decorator.py
[2025-03-12T20:54:46.964+0000] {processor.py:840} INFO - DAG(s) 'example_task_group_decorator' retrieved from /home/airflow/.local/lib/python3.12/site-packages/airflow/example_dags/example_task_group_decorator.py
[2025-03-12T20:54:46.976+0000] {logging_mixin.py:188} INFO - [2025-03-12T20:54:46.976+0000] {dag.py:3089} INFO - Sync 1 DAGs
[2025-03-12T20:54:46.985+0000] {logging_mixin.py:188} INFO - [2025-03-12T20:54:46.985+0000] {dag.py:3947} INFO - Setting next_dagrun for example_task_group_decorator to 2025-03-11 00:00:00+00:00, run_after=2025-03-12 00:00:00+00:00
[2025-03-12T20:54:46.993+0000] {processor.py:183} INFO - Processing /home/airflow/.local/lib/python3.12/site-packages/airflow/example_dags/example_task_group_decorator.py took 0.039 seconds
[2025-03-12T20:55:19.457+0000] {processor.py:161} INFO - Started process (PID=3229) to work on /home/airflow/.local/lib/python3.12/site-packages/airflow/example_dags/example_task_group_decorator.py
[2025-03-12T20:55:19.458+0000] {processor.py:830} INFO - Processing file /home/airflow/.local/lib/python3.12/site-packages/airflow/example_dags/example_task_group_decorator.py for tasks to queue
[2025-03-12T20:55:19.459+0000] {logging_mixin.py:188} INFO - [2025-03-12T20:55:19.459+0000] {dagbag.py:545} INFO - Filling up the DagBag from /home/airflow/.local/lib/python3.12/site-packages/airflow/example_dags/example_task_group_decorator.py
[2025-03-12T20:55:19.467+0000] {processor.py:840} INFO - DAG(s) 'example_task_group_decorator' retrieved from /home/airflow/.local/lib/python3.12/site-packages/airflow/example_dags/example_task_group_decorator.py
[2025-03-12T20:55:19.483+0000] {logging_mixin.py:188} INFO - [2025-03-12T20:55:19.483+0000] {dag.py:3089} INFO - Sync 1 DAGs
[2025-03-12T20:55:19.499+0000] {logging_mixin.py:188} INFO - [2025-03-12T20:55:19.499+0000] {dag.py:3947} INFO - Setting next_dagrun for example_task_group_decorator to 2025-03-11 00:00:00+00:00, run_after=2025-03-12 00:00:00+00:00
[2025-03-12T20:55:19.509+0000] {processor.py:183} INFO - Processing /home/airflow/.local/lib/python3.12/site-packages/airflow/example_dags/example_task_group_decorator.py took 0.057 seconds
[2025-03-12T20:55:52.094+0000] {processor.py:161} INFO - Started process (PID=3301) to work on /home/airflow/.local/lib/python3.12/site-packages/airflow/example_dags/example_task_group_decorator.py
[2025-03-12T20:55:52.094+0000] {processor.py:830} INFO - Processing file /home/airflow/.local/lib/python3.12/site-packages/airflow/example_dags/example_task_group_decorator.py for tasks to queue
[2025-03-12T20:55:52.097+0000] {logging_mixin.py:188} INFO - [2025-03-12T20:55:52.096+0000] {dagbag.py:545} INFO - Filling up the DagBag from /home/airflow/.local/lib/python3.12/site-packages/airflow/example_dags/example_task_group_decorator.py
[2025-03-12T20:55:52.105+0000] {processor.py:840} INFO - DAG(s) 'example_task_group_decorator' retrieved from /home/airflow/.local/lib/python3.12/site-packages/airflow/example_dags/example_task_group_decorator.py
[2025-03-12T20:55:52.122+0000] {logging_mixin.py:188} INFO - [2025-03-12T20:55:52.122+0000] {dag.py:3089} INFO - Sync 1 DAGs
[2025-03-12T20:55:52.137+0000] {logging_mixin.py:188} INFO - [2025-03-12T20:55:52.136+0000] {dag.py:3947} INFO - Setting next_dagrun for example_task_group_decorator to 2025-03-11 00:00:00+00:00, run_after=2025-03-12 00:00:00+00:00
[2025-03-12T20:55:52.151+0000] {processor.py:183} INFO - Processing /home/airflow/.local/lib/python3.12/site-packages/airflow/example_dags/example_task_group_decorator.py took 0.061 seconds
[2025-03-12T20:56:25.193+0000] {processor.py:161} INFO - Started process (PID=3379) to work on /home/airflow/.local/lib/python3.12/site-packages/airflow/example_dags/example_task_group_decorator.py
[2025-03-12T20:56:25.194+0000] {processor.py:830} INFO - Processing file /home/airflow/.local/lib/python3.12/site-packages/airflow/example_dags/example_task_group_decorator.py for tasks to queue
[2025-03-12T20:56:25.195+0000] {logging_mixin.py:188} INFO - [2025-03-12T20:56:25.195+0000] {dagbag.py:545} INFO - Filling up the DagBag from /home/airflow/.local/lib/python3.12/site-packages/airflow/example_dags/example_task_group_decorator.py
[2025-03-12T20:56:25.203+0000] {processor.py:840} INFO - DAG(s) 'example_task_group_decorator' retrieved from /home/airflow/.local/lib/python3.12/site-packages/airflow/example_dags/example_task_group_decorator.py
[2025-03-12T20:56:25.217+0000] {logging_mixin.py:188} INFO - [2025-03-12T20:56:25.217+0000] {dag.py:3089} INFO - Sync 1 DAGs
[2025-03-12T20:56:25.237+0000] {logging_mixin.py:188} INFO - [2025-03-12T20:56:25.237+0000] {dag.py:3947} INFO - Setting next_dagrun for example_task_group_decorator to 2025-03-11 00:00:00+00:00, run_after=2025-03-12 00:00:00+00:00
[2025-03-12T20:56:25.248+0000] {processor.py:183} INFO - Processing /home/airflow/.local/lib/python3.12/site-packages/airflow/example_dags/example_task_group_decorator.py took 0.058 seconds
[2025-03-12T20:56:56.973+0000] {processor.py:161} INFO - Started process (PID=3451) to work on /home/airflow/.local/lib/python3.12/site-packages/airflow/example_dags/example_task_group_decorator.py
[2025-03-12T20:56:56.973+0000] {processor.py:830} INFO - Processing file /home/airflow/.local/lib/python3.12/site-packages/airflow/example_dags/example_task_group_decorator.py for tasks to queue
[2025-03-12T20:56:56.974+0000] {logging_mixin.py:188} INFO - [2025-03-12T20:56:56.974+0000] {dagbag.py:545} INFO - Filling up the DagBag from /home/airflow/.local/lib/python3.12/site-packages/airflow/example_dags/example_task_group_decorator.py
[2025-03-12T20:56:56.980+0000] {processor.py:840} INFO - DAG(s) 'example_task_group_decorator' retrieved from /home/airflow/.local/lib/python3.12/site-packages/airflow/example_dags/example_task_group_decorator.py
[2025-03-12T20:56:56.990+0000] {logging_mixin.py:188} INFO - [2025-03-12T20:56:56.989+0000] {dag.py:3089} INFO - Sync 1 DAGs
[2025-03-12T20:56:56.999+0000] {logging_mixin.py:188} INFO - [2025-03-12T20:56:56.999+0000] {dag.py:3947} INFO - Setting next_dagrun for example_task_group_decorator to 2025-03-11 00:00:00+00:00, run_after=2025-03-12 00:00:00+00:00
[2025-03-12T20:56:57.012+0000] {processor.py:183} INFO - Processing /home/airflow/.local/lib/python3.12/site-packages/airflow/example_dags/example_task_group_decorator.py took 0.041 seconds
[2025-03-12T20:57:29.532+0000] {processor.py:161} INFO - Started process (PID=3522) to work on /home/airflow/.local/lib/python3.12/site-packages/airflow/example_dags/example_task_group_decorator.py
[2025-03-12T20:57:29.535+0000] {processor.py:830} INFO - Processing file /home/airflow/.local/lib/python3.12/site-packages/airflow/example_dags/example_task_group_decorator.py for tasks to queue
[2025-03-12T20:57:29.536+0000] {logging_mixin.py:188} INFO - [2025-03-12T20:57:29.536+0000] {dagbag.py:545} INFO - Filling up the DagBag from /home/airflow/.local/lib/python3.12/site-packages/airflow/example_dags/example_task_group_decorator.py
[2025-03-12T20:57:29.543+0000] {processor.py:840} INFO - DAG(s) 'example_task_group_decorator' retrieved from /home/airflow/.local/lib/python3.12/site-packages/airflow/example_dags/example_task_group_decorator.py
[2025-03-12T20:57:29.553+0000] {logging_mixin.py:188} INFO - [2025-03-12T20:57:29.553+0000] {dag.py:3089} INFO - Sync 1 DAGs
[2025-03-12T20:57:29.563+0000] {logging_mixin.py:188} INFO - [2025-03-12T20:57:29.563+0000] {dag.py:3947} INFO - Setting next_dagrun for example_task_group_decorator to 2025-03-11 00:00:00+00:00, run_after=2025-03-12 00:00:00+00:00
[2025-03-12T20:57:29.573+0000] {processor.py:183} INFO - Processing /home/airflow/.local/lib/python3.12/site-packages/airflow/example_dags/example_task_group_decorator.py took 0.044 seconds
[2025-03-12T20:58:02.042+0000] {processor.py:161} INFO - Started process (PID=3594) to work on /home/airflow/.local/lib/python3.12/site-packages/airflow/example_dags/example_task_group_decorator.py
[2025-03-12T20:58:02.044+0000] {processor.py:830} INFO - Processing file /home/airflow/.local/lib/python3.12/site-packages/airflow/example_dags/example_task_group_decorator.py for tasks to queue
[2025-03-12T20:58:02.045+0000] {logging_mixin.py:188} INFO - [2025-03-12T20:58:02.045+0000] {dagbag.py:545} INFO - Filling up the DagBag from /home/airflow/.local/lib/python3.12/site-packages/airflow/example_dags/example_task_group_decorator.py
[2025-03-12T20:58:02.054+0000] {processor.py:840} INFO - DAG(s) 'example_task_group_decorator' retrieved from /home/airflow/.local/lib/python3.12/site-packages/airflow/example_dags/example_task_group_decorator.py
[2025-03-12T20:58:02.069+0000] {logging_mixin.py:188} INFO - [2025-03-12T20:58:02.069+0000] {dag.py:3089} INFO - Sync 1 DAGs
[2025-03-12T20:58:02.079+0000] {logging_mixin.py:188} INFO - [2025-03-12T20:58:02.079+0000] {dag.py:3947} INFO - Setting next_dagrun for example_task_group_decorator to 2025-03-11 00:00:00+00:00, run_after=2025-03-12 00:00:00+00:00
[2025-03-12T20:58:02.089+0000] {processor.py:183} INFO - Processing /home/airflow/.local/lib/python3.12/site-packages/airflow/example_dags/example_task_group_decorator.py took 0.050 seconds
[2025-03-12T20:58:34.814+0000] {processor.py:161} INFO - Started process (PID=3666) to work on /home/airflow/.local/lib/python3.12/site-packages/airflow/example_dags/example_task_group_decorator.py
[2025-03-12T20:58:34.814+0000] {processor.py:830} INFO - Processing file /home/airflow/.local/lib/python3.12/site-packages/airflow/example_dags/example_task_group_decorator.py for tasks to queue
[2025-03-12T20:58:34.815+0000] {logging_mixin.py:188} INFO - [2025-03-12T20:58:34.815+0000] {dagbag.py:545} INFO - Filling up the DagBag from /home/airflow/.local/lib/python3.12/site-packages/airflow/example_dags/example_task_group_decorator.py
[2025-03-12T20:58:34.822+0000] {processor.py:840} INFO - DAG(s) 'example_task_group_decorator' retrieved from /home/airflow/.local/lib/python3.12/site-packages/airflow/example_dags/example_task_group_decorator.py
[2025-03-12T20:58:34.835+0000] {logging_mixin.py:188} INFO - [2025-03-12T20:58:34.835+0000] {dag.py:3089} INFO - Sync 1 DAGs
[2025-03-12T20:58:34.845+0000] {logging_mixin.py:188} INFO - [2025-03-12T20:58:34.845+0000] {dag.py:3947} INFO - Setting next_dagrun for example_task_group_decorator to 2025-03-11 00:00:00+00:00, run_after=2025-03-12 00:00:00+00:00
[2025-03-12T20:58:34.857+0000] {processor.py:183} INFO - Processing /home/airflow/.local/lib/python3.12/site-packages/airflow/example_dags/example_task_group_decorator.py took 0.046 seconds
[2025-03-12T20:59:07.463+0000] {processor.py:161} INFO - Started process (PID=3738) to work on /home/airflow/.local/lib/python3.12/site-packages/airflow/example_dags/example_task_group_decorator.py
[2025-03-12T20:59:07.464+0000] {processor.py:830} INFO - Processing file /home/airflow/.local/lib/python3.12/site-packages/airflow/example_dags/example_task_group_decorator.py for tasks to queue
[2025-03-12T20:59:07.464+0000] {logging_mixin.py:188} INFO - [2025-03-12T20:59:07.464+0000] {dagbag.py:545} INFO - Filling up the DagBag from /home/airflow/.local/lib/python3.12/site-packages/airflow/example_dags/example_task_group_decorator.py
[2025-03-12T20:59:07.470+0000] {processor.py:840} INFO - DAG(s) 'example_task_group_decorator' retrieved from /home/airflow/.local/lib/python3.12/site-packages/airflow/example_dags/example_task_group_decorator.py
[2025-03-12T20:59:07.483+0000] {logging_mixin.py:188} INFO - [2025-03-12T20:59:07.483+0000] {dag.py:3089} INFO - Sync 1 DAGs
[2025-03-12T20:59:07.494+0000] {logging_mixin.py:188} INFO - [2025-03-12T20:59:07.494+0000] {dag.py:3947} INFO - Setting next_dagrun for example_task_group_decorator to 2025-03-11 00:00:00+00:00, run_after=2025-03-12 00:00:00+00:00
[2025-03-12T20:59:07.501+0000] {processor.py:183} INFO - Processing /home/airflow/.local/lib/python3.12/site-packages/airflow/example_dags/example_task_group_decorator.py took 0.041 seconds
[2025-03-12T20:59:39.945+0000] {processor.py:161} INFO - Started process (PID=3809) to work on /home/airflow/.local/lib/python3.12/site-packages/airflow/example_dags/example_task_group_decorator.py
[2025-03-12T20:59:39.945+0000] {processor.py:830} INFO - Processing file /home/airflow/.local/lib/python3.12/site-packages/airflow/example_dags/example_task_group_decorator.py for tasks to queue
[2025-03-12T20:59:39.947+0000] {logging_mixin.py:188} INFO - [2025-03-12T20:59:39.946+0000] {dagbag.py:545} INFO - Filling up the DagBag from /home/airflow/.local/lib/python3.12/site-packages/airflow/example_dags/example_task_group_decorator.py
[2025-03-12T20:59:39.953+0000] {processor.py:840} INFO - DAG(s) 'example_task_group_decorator' retrieved from /home/airflow/.local/lib/python3.12/site-packages/airflow/example_dags/example_task_group_decorator.py
[2025-03-12T20:59:39.967+0000] {logging_mixin.py:188} INFO - [2025-03-12T20:59:39.966+0000] {dag.py:3089} INFO - Sync 1 DAGs
[2025-03-12T20:59:39.977+0000] {logging_mixin.py:188} INFO - [2025-03-12T20:59:39.977+0000] {dag.py:3947} INFO - Setting next_dagrun for example_task_group_decorator to 2025-03-11 00:00:00+00:00, run_after=2025-03-12 00:00:00+00:00
[2025-03-12T20:59:39.988+0000] {processor.py:183} INFO - Processing /home/airflow/.local/lib/python3.12/site-packages/airflow/example_dags/example_task_group_decorator.py took 0.046 seconds
[2025-03-12T21:00:12.286+0000] {processor.py:161} INFO - Started process (PID=3881) to work on /home/airflow/.local/lib/python3.12/site-packages/airflow/example_dags/example_task_group_decorator.py
[2025-03-12T21:00:12.289+0000] {processor.py:830} INFO - Processing file /home/airflow/.local/lib/python3.12/site-packages/airflow/example_dags/example_task_group_decorator.py for tasks to queue
[2025-03-12T21:00:12.289+0000] {logging_mixin.py:188} INFO - [2025-03-12T21:00:12.289+0000] {dagbag.py:545} INFO - Filling up the DagBag from /home/airflow/.local/lib/python3.12/site-packages/airflow/example_dags/example_task_group_decorator.py
[2025-03-12T21:00:12.297+0000] {processor.py:840} INFO - DAG(s) 'example_task_group_decorator' retrieved from /home/airflow/.local/lib/python3.12/site-packages/airflow/example_dags/example_task_group_decorator.py
[2025-03-12T21:00:12.312+0000] {logging_mixin.py:188} INFO - [2025-03-12T21:00:12.312+0000] {dag.py:3089} INFO - Sync 1 DAGs
[2025-03-12T21:00:12.320+0000] {logging_mixin.py:188} INFO - [2025-03-12T21:00:12.320+0000] {dag.py:3947} INFO - Setting next_dagrun for example_task_group_decorator to 2025-03-11 00:00:00+00:00, run_after=2025-03-12 00:00:00+00:00
[2025-03-12T21:00:12.330+0000] {processor.py:183} INFO - Processing /home/airflow/.local/lib/python3.12/site-packages/airflow/example_dags/example_task_group_decorator.py took 0.048 seconds
[2025-03-12T21:00:44.874+0000] {processor.py:161} INFO - Started process (PID=3953) to work on /home/airflow/.local/lib/python3.12/site-packages/airflow/example_dags/example_task_group_decorator.py
[2025-03-12T21:00:44.875+0000] {processor.py:830} INFO - Processing file /home/airflow/.local/lib/python3.12/site-packages/airflow/example_dags/example_task_group_decorator.py for tasks to queue
[2025-03-12T21:00:44.876+0000] {logging_mixin.py:188} INFO - [2025-03-12T21:00:44.876+0000] {dagbag.py:545} INFO - Filling up the DagBag from /home/airflow/.local/lib/python3.12/site-packages/airflow/example_dags/example_task_group_decorator.py
[2025-03-12T21:00:44.882+0000] {processor.py:840} INFO - DAG(s) 'example_task_group_decorator' retrieved from /home/airflow/.local/lib/python3.12/site-packages/airflow/example_dags/example_task_group_decorator.py
[2025-03-12T21:00:44.891+0000] {logging_mixin.py:188} INFO - [2025-03-12T21:00:44.891+0000] {dag.py:3089} INFO - Sync 1 DAGs
[2025-03-12T21:00:44.900+0000] {logging_mixin.py:188} INFO - [2025-03-12T21:00:44.900+0000] {dag.py:3947} INFO - Setting next_dagrun for example_task_group_decorator to 2025-03-11 00:00:00+00:00, run_after=2025-03-12 00:00:00+00:00
[2025-03-12T21:00:44.912+0000] {processor.py:183} INFO - Processing /home/airflow/.local/lib/python3.12/site-packages/airflow/example_dags/example_task_group_decorator.py took 0.040 seconds
[2025-03-12T21:01:17.522+0000] {processor.py:161} INFO - Started process (PID=4024) to work on /home/airflow/.local/lib/python3.12/site-packages/airflow/example_dags/example_task_group_decorator.py
[2025-03-12T21:01:17.522+0000] {processor.py:830} INFO - Processing file /home/airflow/.local/lib/python3.12/site-packages/airflow/example_dags/example_task_group_decorator.py for tasks to queue
[2025-03-12T21:01:17.524+0000] {logging_mixin.py:188} INFO - [2025-03-12T21:01:17.523+0000] {dagbag.py:545} INFO - Filling up the DagBag from /home/airflow/.local/lib/python3.12/site-packages/airflow/example_dags/example_task_group_decorator.py
[2025-03-12T21:01:17.531+0000] {processor.py:840} INFO - DAG(s) 'example_task_group_decorator' retrieved from /home/airflow/.local/lib/python3.12/site-packages/airflow/example_dags/example_task_group_decorator.py
[2025-03-12T21:01:17.541+0000] {logging_mixin.py:188} INFO - [2025-03-12T21:01:17.541+0000] {dag.py:3089} INFO - Sync 1 DAGs
[2025-03-12T21:01:17.551+0000] {logging_mixin.py:188} INFO - [2025-03-12T21:01:17.551+0000] {dag.py:3947} INFO - Setting next_dagrun for example_task_group_decorator to 2025-03-11 00:00:00+00:00, run_after=2025-03-12 00:00:00+00:00
[2025-03-12T21:01:17.563+0000] {processor.py:183} INFO - Processing /home/airflow/.local/lib/python3.12/site-packages/airflow/example_dags/example_task_group_decorator.py took 0.044 seconds
[2025-03-12T21:01:50.079+0000] {processor.py:161} INFO - Started process (PID=4096) to work on /home/airflow/.local/lib/python3.12/site-packages/airflow/example_dags/example_task_group_decorator.py
[2025-03-12T21:01:50.080+0000] {processor.py:830} INFO - Processing file /home/airflow/.local/lib/python3.12/site-packages/airflow/example_dags/example_task_group_decorator.py for tasks to queue
[2025-03-12T21:01:50.080+0000] {logging_mixin.py:188} INFO - [2025-03-12T21:01:50.080+0000] {dagbag.py:545} INFO - Filling up the DagBag from /home/airflow/.local/lib/python3.12/site-packages/airflow/example_dags/example_task_group_decorator.py
[2025-03-12T21:01:50.086+0000] {processor.py:840} INFO - DAG(s) 'example_task_group_decorator' retrieved from /home/airflow/.local/lib/python3.12/site-packages/airflow/example_dags/example_task_group_decorator.py
[2025-03-12T21:01:50.098+0000] {logging_mixin.py:188} INFO - [2025-03-12T21:01:50.098+0000] {dag.py:3089} INFO - Sync 1 DAGs
[2025-03-12T21:01:50.108+0000] {logging_mixin.py:188} INFO - [2025-03-12T21:01:50.108+0000] {dag.py:3947} INFO - Setting next_dagrun for example_task_group_decorator to 2025-03-11 00:00:00+00:00, run_after=2025-03-12 00:00:00+00:00
[2025-03-12T21:01:50.116+0000] {processor.py:183} INFO - Processing /home/airflow/.local/lib/python3.12/site-packages/airflow/example_dags/example_task_group_decorator.py took 0.040 seconds
[2025-03-12T21:02:22.840+0000] {processor.py:161} INFO - Started process (PID=4168) to work on /home/airflow/.local/lib/python3.12/site-packages/airflow/example_dags/example_task_group_decorator.py
[2025-03-12T21:02:22.840+0000] {processor.py:830} INFO - Processing file /home/airflow/.local/lib/python3.12/site-packages/airflow/example_dags/example_task_group_decorator.py for tasks to queue
[2025-03-12T21:02:22.841+0000] {logging_mixin.py:188} INFO - [2025-03-12T21:02:22.841+0000] {dagbag.py:545} INFO - Filling up the DagBag from /home/airflow/.local/lib/python3.12/site-packages/airflow/example_dags/example_task_group_decorator.py
[2025-03-12T21:02:22.849+0000] {processor.py:840} INFO - DAG(s) 'example_task_group_decorator' retrieved from /home/airflow/.local/lib/python3.12/site-packages/airflow/example_dags/example_task_group_decorator.py
[2025-03-12T21:02:22.859+0000] {logging_mixin.py:188} INFO - [2025-03-12T21:02:22.859+0000] {dag.py:3089} INFO - Sync 1 DAGs
[2025-03-12T21:02:22.870+0000] {logging_mixin.py:188} INFO - [2025-03-12T21:02:22.870+0000] {dag.py:3947} INFO - Setting next_dagrun for example_task_group_decorator to 2025-03-11 00:00:00+00:00, run_after=2025-03-12 00:00:00+00:00
[2025-03-12T21:02:22.879+0000] {processor.py:183} INFO - Processing /home/airflow/.local/lib/python3.12/site-packages/airflow/example_dags/example_task_group_decorator.py took 0.042 seconds
[2025-03-12T21:02:55.490+0000] {processor.py:161} INFO - Started process (PID=4246) to work on /home/airflow/.local/lib/python3.12/site-packages/airflow/example_dags/example_task_group_decorator.py
[2025-03-12T21:02:55.490+0000] {processor.py:830} INFO - Processing file /home/airflow/.local/lib/python3.12/site-packages/airflow/example_dags/example_task_group_decorator.py for tasks to queue
[2025-03-12T21:02:55.492+0000] {logging_mixin.py:188} INFO - [2025-03-12T21:02:55.491+0000] {dagbag.py:545} INFO - Filling up the DagBag from /home/airflow/.local/lib/python3.12/site-packages/airflow/example_dags/example_task_group_decorator.py
[2025-03-12T21:02:55.497+0000] {processor.py:840} INFO - DAG(s) 'example_task_group_decorator' retrieved from /home/airflow/.local/lib/python3.12/site-packages/airflow/example_dags/example_task_group_decorator.py
[2025-03-12T21:02:55.511+0000] {logging_mixin.py:188} INFO - [2025-03-12T21:02:55.511+0000] {dag.py:3089} INFO - Sync 1 DAGs
[2025-03-12T21:02:55.520+0000] {logging_mixin.py:188} INFO - [2025-03-12T21:02:55.520+0000] {dag.py:3947} INFO - Setting next_dagrun for example_task_group_decorator to 2025-03-11 00:00:00+00:00, run_after=2025-03-12 00:00:00+00:00
[2025-03-12T21:02:55.528+0000] {processor.py:183} INFO - Processing /home/airflow/.local/lib/python3.12/site-packages/airflow/example_dags/example_task_group_decorator.py took 0.041 seconds
[2025-03-12T21:03:27.940+0000] {processor.py:161} INFO - Started process (PID=4318) to work on /home/airflow/.local/lib/python3.12/site-packages/airflow/example_dags/example_task_group_decorator.py
[2025-03-12T21:03:27.941+0000] {processor.py:830} INFO - Processing file /home/airflow/.local/lib/python3.12/site-packages/airflow/example_dags/example_task_group_decorator.py for tasks to queue
[2025-03-12T21:03:27.942+0000] {logging_mixin.py:188} INFO - [2025-03-12T21:03:27.942+0000] {dagbag.py:545} INFO - Filling up the DagBag from /home/airflow/.local/lib/python3.12/site-packages/airflow/example_dags/example_task_group_decorator.py
[2025-03-12T21:03:27.949+0000] {processor.py:840} INFO - DAG(s) 'example_task_group_decorator' retrieved from /home/airflow/.local/lib/python3.12/site-packages/airflow/example_dags/example_task_group_decorator.py
[2025-03-12T21:03:27.961+0000] {logging_mixin.py:188} INFO - [2025-03-12T21:03:27.961+0000] {dag.py:3089} INFO - Sync 1 DAGs
[2025-03-12T21:03:27.972+0000] {logging_mixin.py:188} INFO - [2025-03-12T21:03:27.972+0000] {dag.py:3947} INFO - Setting next_dagrun for example_task_group_decorator to 2025-03-11 00:00:00+00:00, run_after=2025-03-12 00:00:00+00:00
[2025-03-12T21:03:27.980+0000] {processor.py:183} INFO - Processing /home/airflow/.local/lib/python3.12/site-packages/airflow/example_dags/example_task_group_decorator.py took 0.043 seconds
