[2025-03-12T20:32:26.512+0000] {processor.py:161} INFO - Started process (PID=93) to work on /home/airflow/.local/lib/python3.12/site-packages/airflow/example_dags/example_time_delta_sensor_async.py
[2025-03-12T20:32:26.513+0000] {processor.py:830} INFO - Processing file /home/airflow/.local/lib/python3.12/site-packages/airflow/example_dags/example_time_delta_sensor_async.py for tasks to queue
[2025-03-12T20:32:26.515+0000] {logging_mixin.py:188} INFO - [2025-03-12T20:32:26.515+0000] {dagbag.py:545} INFO - Filling up the DagBag from /home/airflow/.local/lib/python3.12/site-packages/airflow/example_dags/example_time_delta_sensor_async.py
[2025-03-12T20:32:26.522+0000] {processor.py:840} INFO - DAG(s) 'example_time_delta_sensor_async' retrieved from /home/airflow/.local/lib/python3.12/site-packages/airflow/example_dags/example_time_delta_sensor_async.py
[2025-03-12T20:32:26.541+0000] {logging_mixin.py:188} INFO - [2025-03-12T20:32:26.541+0000] {dag.py:3089} INFO - Sync 1 DAGs
[2025-03-12T20:32:26.552+0000] {logging_mixin.py:188} INFO - [2025-03-12T20:32:26.551+0000] {dag.py:3947} INFO - Setting next_dagrun for example_time_delta_sensor_async to None, run_after=None
[2025-03-12T20:32:26.559+0000] {processor.py:183} INFO - Processing /home/airflow/.local/lib/python3.12/site-packages/airflow/example_dags/example_time_delta_sensor_async.py took 0.052 seconds
[2025-03-12T20:33:00.651+0000] {processor.py:161} INFO - Started process (PID=221) to work on /home/airflow/.local/lib/python3.12/site-packages/airflow/example_dags/example_time_delta_sensor_async.py
[2025-03-12T20:33:00.652+0000] {processor.py:830} INFO - Processing file /home/airflow/.local/lib/python3.12/site-packages/airflow/example_dags/example_time_delta_sensor_async.py for tasks to queue
[2025-03-12T20:33:00.653+0000] {logging_mixin.py:188} INFO - [2025-03-12T20:33:00.653+0000] {dagbag.py:545} INFO - Filling up the DagBag from /home/airflow/.local/lib/python3.12/site-packages/airflow/example_dags/example_time_delta_sensor_async.py
[2025-03-12T20:33:00.656+0000] {processor.py:840} INFO - DAG(s) 'example_time_delta_sensor_async' retrieved from /home/airflow/.local/lib/python3.12/site-packages/airflow/example_dags/example_time_delta_sensor_async.py
[2025-03-12T20:33:00.665+0000] {logging_mixin.py:188} INFO - [2025-03-12T20:33:00.665+0000] {dag.py:3089} INFO - Sync 1 DAGs
[2025-03-12T20:33:00.671+0000] {logging_mixin.py:188} INFO - [2025-03-12T20:33:00.671+0000] {dag.py:3947} INFO - Setting next_dagrun for example_time_delta_sensor_async to None, run_after=None
[2025-03-12T20:33:00.679+0000] {processor.py:183} INFO - Processing /home/airflow/.local/lib/python3.12/site-packages/airflow/example_dags/example_time_delta_sensor_async.py took 0.031 seconds
[2025-03-12T20:33:33.970+0000] {processor.py:161} INFO - Started process (PID=297) to work on /home/airflow/.local/lib/python3.12/site-packages/airflow/example_dags/example_time_delta_sensor_async.py
[2025-03-12T20:33:33.971+0000] {processor.py:830} INFO - Processing file /home/airflow/.local/lib/python3.12/site-packages/airflow/example_dags/example_time_delta_sensor_async.py for tasks to queue
[2025-03-12T20:33:33.973+0000] {logging_mixin.py:188} INFO - [2025-03-12T20:33:33.972+0000] {dagbag.py:545} INFO - Filling up the DagBag from /home/airflow/.local/lib/python3.12/site-packages/airflow/example_dags/example_time_delta_sensor_async.py
[2025-03-12T20:33:33.975+0000] {processor.py:840} INFO - DAG(s) 'example_time_delta_sensor_async' retrieved from /home/airflow/.local/lib/python3.12/site-packages/airflow/example_dags/example_time_delta_sensor_async.py
[2025-03-12T20:33:33.984+0000] {logging_mixin.py:188} INFO - [2025-03-12T20:33:33.984+0000] {dag.py:3089} INFO - Sync 1 DAGs
[2025-03-12T20:33:33.989+0000] {logging_mixin.py:188} INFO - [2025-03-12T20:33:33.989+0000] {dag.py:3947} INFO - Setting next_dagrun for example_time_delta_sensor_async to None, run_after=None
[2025-03-12T20:33:34.001+0000] {processor.py:183} INFO - Processing /home/airflow/.local/lib/python3.12/site-packages/airflow/example_dags/example_time_delta_sensor_async.py took 0.034 seconds
[2025-03-12T20:34:06.916+0000] {processor.py:161} INFO - Started process (PID=369) to work on /home/airflow/.local/lib/python3.12/site-packages/airflow/example_dags/example_time_delta_sensor_async.py
[2025-03-12T20:34:06.917+0000] {processor.py:830} INFO - Processing file /home/airflow/.local/lib/python3.12/site-packages/airflow/example_dags/example_time_delta_sensor_async.py for tasks to queue
[2025-03-12T20:34:06.917+0000] {logging_mixin.py:188} INFO - [2025-03-12T20:34:06.917+0000] {dagbag.py:545} INFO - Filling up the DagBag from /home/airflow/.local/lib/python3.12/site-packages/airflow/example_dags/example_time_delta_sensor_async.py
[2025-03-12T20:34:06.920+0000] {processor.py:840} INFO - DAG(s) 'example_time_delta_sensor_async' retrieved from /home/airflow/.local/lib/python3.12/site-packages/airflow/example_dags/example_time_delta_sensor_async.py
[2025-03-12T20:34:06.928+0000] {logging_mixin.py:188} INFO - [2025-03-12T20:34:06.928+0000] {dag.py:3089} INFO - Sync 1 DAGs
[2025-03-12T20:34:06.934+0000] {logging_mixin.py:188} INFO - [2025-03-12T20:34:06.934+0000] {dag.py:3947} INFO - Setting next_dagrun for example_time_delta_sensor_async to None, run_after=None
[2025-03-12T20:34:06.944+0000] {processor.py:183} INFO - Processing /home/airflow/.local/lib/python3.12/site-packages/airflow/example_dags/example_time_delta_sensor_async.py took 0.031 seconds
[2025-03-12T20:34:39.599+0000] {processor.py:161} INFO - Started process (PID=441) to work on /home/airflow/.local/lib/python3.12/site-packages/airflow/example_dags/example_time_delta_sensor_async.py
[2025-03-12T20:34:39.601+0000] {processor.py:830} INFO - Processing file /home/airflow/.local/lib/python3.12/site-packages/airflow/example_dags/example_time_delta_sensor_async.py for tasks to queue
[2025-03-12T20:34:39.602+0000] {logging_mixin.py:188} INFO - [2025-03-12T20:34:39.601+0000] {dagbag.py:545} INFO - Filling up the DagBag from /home/airflow/.local/lib/python3.12/site-packages/airflow/example_dags/example_time_delta_sensor_async.py
[2025-03-12T20:34:39.604+0000] {processor.py:840} INFO - DAG(s) 'example_time_delta_sensor_async' retrieved from /home/airflow/.local/lib/python3.12/site-packages/airflow/example_dags/example_time_delta_sensor_async.py
[2025-03-12T20:34:39.615+0000] {logging_mixin.py:188} INFO - [2025-03-12T20:34:39.615+0000] {dag.py:3089} INFO - Sync 1 DAGs
[2025-03-12T20:34:39.621+0000] {logging_mixin.py:188} INFO - [2025-03-12T20:34:39.621+0000] {dag.py:3947} INFO - Setting next_dagrun for example_time_delta_sensor_async to None, run_after=None
[2025-03-12T20:34:39.632+0000] {processor.py:183} INFO - Processing /home/airflow/.local/lib/python3.12/site-packages/airflow/example_dags/example_time_delta_sensor_async.py took 0.036 seconds
[2025-03-12T20:35:12.659+0000] {processor.py:161} INFO - Started process (PID=513) to work on /home/airflow/.local/lib/python3.12/site-packages/airflow/example_dags/example_time_delta_sensor_async.py
[2025-03-12T20:35:12.659+0000] {processor.py:830} INFO - Processing file /home/airflow/.local/lib/python3.12/site-packages/airflow/example_dags/example_time_delta_sensor_async.py for tasks to queue
[2025-03-12T20:35:12.660+0000] {logging_mixin.py:188} INFO - [2025-03-12T20:35:12.660+0000] {dagbag.py:545} INFO - Filling up the DagBag from /home/airflow/.local/lib/python3.12/site-packages/airflow/example_dags/example_time_delta_sensor_async.py
[2025-03-12T20:35:12.663+0000] {processor.py:840} INFO - DAG(s) 'example_time_delta_sensor_async' retrieved from /home/airflow/.local/lib/python3.12/site-packages/airflow/example_dags/example_time_delta_sensor_async.py
[2025-03-12T20:35:12.673+0000] {logging_mixin.py:188} INFO - [2025-03-12T20:35:12.673+0000] {dag.py:3089} INFO - Sync 1 DAGs
[2025-03-12T20:35:12.679+0000] {logging_mixin.py:188} INFO - [2025-03-12T20:35:12.678+0000] {dag.py:3947} INFO - Setting next_dagrun for example_time_delta_sensor_async to None, run_after=None
[2025-03-12T20:35:12.689+0000] {processor.py:183} INFO - Processing /home/airflow/.local/lib/python3.12/site-packages/airflow/example_dags/example_time_delta_sensor_async.py took 0.033 seconds
[2025-03-12T20:35:45.815+0000] {processor.py:161} INFO - Started process (PID=585) to work on /home/airflow/.local/lib/python3.12/site-packages/airflow/example_dags/example_time_delta_sensor_async.py
[2025-03-12T20:35:45.816+0000] {processor.py:830} INFO - Processing file /home/airflow/.local/lib/python3.12/site-packages/airflow/example_dags/example_time_delta_sensor_async.py for tasks to queue
[2025-03-12T20:35:45.817+0000] {logging_mixin.py:188} INFO - [2025-03-12T20:35:45.816+0000] {dagbag.py:545} INFO - Filling up the DagBag from /home/airflow/.local/lib/python3.12/site-packages/airflow/example_dags/example_time_delta_sensor_async.py
[2025-03-12T20:35:45.819+0000] {processor.py:840} INFO - DAG(s) 'example_time_delta_sensor_async' retrieved from /home/airflow/.local/lib/python3.12/site-packages/airflow/example_dags/example_time_delta_sensor_async.py
[2025-03-12T20:35:45.828+0000] {logging_mixin.py:188} INFO - [2025-03-12T20:35:45.828+0000] {dag.py:3089} INFO - Sync 1 DAGs
[2025-03-12T20:35:45.834+0000] {logging_mixin.py:188} INFO - [2025-03-12T20:35:45.834+0000] {dag.py:3947} INFO - Setting next_dagrun for example_time_delta_sensor_async to None, run_after=None
[2025-03-12T20:35:45.843+0000] {processor.py:183} INFO - Processing /home/airflow/.local/lib/python3.12/site-packages/airflow/example_dags/example_time_delta_sensor_async.py took 0.031 seconds
[2025-03-12T20:36:18.141+0000] {processor.py:161} INFO - Started process (PID=657) to work on /home/airflow/.local/lib/python3.12/site-packages/airflow/example_dags/example_time_delta_sensor_async.py
[2025-03-12T20:36:18.142+0000] {processor.py:830} INFO - Processing file /home/airflow/.local/lib/python3.12/site-packages/airflow/example_dags/example_time_delta_sensor_async.py for tasks to queue
[2025-03-12T20:36:18.142+0000] {logging_mixin.py:188} INFO - [2025-03-12T20:36:18.142+0000] {dagbag.py:545} INFO - Filling up the DagBag from /home/airflow/.local/lib/python3.12/site-packages/airflow/example_dags/example_time_delta_sensor_async.py
[2025-03-12T20:36:18.144+0000] {processor.py:840} INFO - DAG(s) 'example_time_delta_sensor_async' retrieved from /home/airflow/.local/lib/python3.12/site-packages/airflow/example_dags/example_time_delta_sensor_async.py
[2025-03-12T20:36:18.154+0000] {logging_mixin.py:188} INFO - [2025-03-12T20:36:18.154+0000] {dag.py:3089} INFO - Sync 1 DAGs
[2025-03-12T20:36:18.160+0000] {logging_mixin.py:188} INFO - [2025-03-12T20:36:18.160+0000] {dag.py:3947} INFO - Setting next_dagrun for example_time_delta_sensor_async to None, run_after=None
[2025-03-12T20:36:18.168+0000] {processor.py:183} INFO - Processing /home/airflow/.local/lib/python3.12/site-packages/airflow/example_dags/example_time_delta_sensor_async.py took 0.029 seconds
[2025-03-12T20:36:51.141+0000] {processor.py:161} INFO - Started process (PID=729) to work on /home/airflow/.local/lib/python3.12/site-packages/airflow/example_dags/example_time_delta_sensor_async.py
[2025-03-12T20:36:51.141+0000] {processor.py:830} INFO - Processing file /home/airflow/.local/lib/python3.12/site-packages/airflow/example_dags/example_time_delta_sensor_async.py for tasks to queue
[2025-03-12T20:36:51.142+0000] {logging_mixin.py:188} INFO - [2025-03-12T20:36:51.142+0000] {dagbag.py:545} INFO - Filling up the DagBag from /home/airflow/.local/lib/python3.12/site-packages/airflow/example_dags/example_time_delta_sensor_async.py
[2025-03-12T20:36:51.144+0000] {processor.py:840} INFO - DAG(s) 'example_time_delta_sensor_async' retrieved from /home/airflow/.local/lib/python3.12/site-packages/airflow/example_dags/example_time_delta_sensor_async.py
[2025-03-12T20:36:51.155+0000] {logging_mixin.py:188} INFO - [2025-03-12T20:36:51.155+0000] {dag.py:3089} INFO - Sync 1 DAGs
[2025-03-12T20:36:51.162+0000] {logging_mixin.py:188} INFO - [2025-03-12T20:36:51.162+0000] {dag.py:3947} INFO - Setting next_dagrun for example_time_delta_sensor_async to None, run_after=None
[2025-03-12T20:36:51.172+0000] {processor.py:183} INFO - Processing /home/airflow/.local/lib/python3.12/site-packages/airflow/example_dags/example_time_delta_sensor_async.py took 0.033 seconds
[2025-03-12T20:37:23.793+0000] {processor.py:161} INFO - Started process (PID=806) to work on /home/airflow/.local/lib/python3.12/site-packages/airflow/example_dags/example_time_delta_sensor_async.py
[2025-03-12T20:37:23.795+0000] {processor.py:830} INFO - Processing file /home/airflow/.local/lib/python3.12/site-packages/airflow/example_dags/example_time_delta_sensor_async.py for tasks to queue
[2025-03-12T20:37:23.796+0000] {logging_mixin.py:188} INFO - [2025-03-12T20:37:23.795+0000] {dagbag.py:545} INFO - Filling up the DagBag from /home/airflow/.local/lib/python3.12/site-packages/airflow/example_dags/example_time_delta_sensor_async.py
[2025-03-12T20:37:23.799+0000] {processor.py:840} INFO - DAG(s) 'example_time_delta_sensor_async' retrieved from /home/airflow/.local/lib/python3.12/site-packages/airflow/example_dags/example_time_delta_sensor_async.py
[2025-03-12T20:37:23.812+0000] {logging_mixin.py:188} INFO - [2025-03-12T20:37:23.812+0000] {dag.py:3089} INFO - Sync 1 DAGs
[2025-03-12T20:37:23.819+0000] {logging_mixin.py:188} INFO - [2025-03-12T20:37:23.819+0000] {dag.py:3947} INFO - Setting next_dagrun for example_time_delta_sensor_async to None, run_after=None
[2025-03-12T20:37:23.826+0000] {processor.py:183} INFO - Processing /home/airflow/.local/lib/python3.12/site-packages/airflow/example_dags/example_time_delta_sensor_async.py took 0.036 seconds
[2025-03-12T20:37:56.299+0000] {processor.py:161} INFO - Started process (PID=878) to work on /home/airflow/.local/lib/python3.12/site-packages/airflow/example_dags/example_time_delta_sensor_async.py
[2025-03-12T20:37:56.301+0000] {processor.py:830} INFO - Processing file /home/airflow/.local/lib/python3.12/site-packages/airflow/example_dags/example_time_delta_sensor_async.py for tasks to queue
[2025-03-12T20:37:56.301+0000] {logging_mixin.py:188} INFO - [2025-03-12T20:37:56.301+0000] {dagbag.py:545} INFO - Filling up the DagBag from /home/airflow/.local/lib/python3.12/site-packages/airflow/example_dags/example_time_delta_sensor_async.py
[2025-03-12T20:37:56.303+0000] {processor.py:840} INFO - DAG(s) 'example_time_delta_sensor_async' retrieved from /home/airflow/.local/lib/python3.12/site-packages/airflow/example_dags/example_time_delta_sensor_async.py
[2025-03-12T20:37:56.314+0000] {logging_mixin.py:188} INFO - [2025-03-12T20:37:56.314+0000] {dag.py:3089} INFO - Sync 1 DAGs
[2025-03-12T20:37:56.321+0000] {logging_mixin.py:188} INFO - [2025-03-12T20:37:56.320+0000] {dag.py:3947} INFO - Setting next_dagrun for example_time_delta_sensor_async to None, run_after=None
[2025-03-12T20:37:56.329+0000] {processor.py:183} INFO - Processing /home/airflow/.local/lib/python3.12/site-packages/airflow/example_dags/example_time_delta_sensor_async.py took 0.033 seconds
[2025-03-12T20:38:29.138+0000] {processor.py:161} INFO - Started process (PID=950) to work on /home/airflow/.local/lib/python3.12/site-packages/airflow/example_dags/example_time_delta_sensor_async.py
[2025-03-12T20:38:29.139+0000] {processor.py:830} INFO - Processing file /home/airflow/.local/lib/python3.12/site-packages/airflow/example_dags/example_time_delta_sensor_async.py for tasks to queue
[2025-03-12T20:38:29.140+0000] {logging_mixin.py:188} INFO - [2025-03-12T20:38:29.140+0000] {dagbag.py:545} INFO - Filling up the DagBag from /home/airflow/.local/lib/python3.12/site-packages/airflow/example_dags/example_time_delta_sensor_async.py
[2025-03-12T20:38:29.142+0000] {processor.py:840} INFO - DAG(s) 'example_time_delta_sensor_async' retrieved from /home/airflow/.local/lib/python3.12/site-packages/airflow/example_dags/example_time_delta_sensor_async.py
[2025-03-12T20:38:29.153+0000] {logging_mixin.py:188} INFO - [2025-03-12T20:38:29.153+0000] {dag.py:3089} INFO - Sync 1 DAGs
[2025-03-12T20:38:29.160+0000] {logging_mixin.py:188} INFO - [2025-03-12T20:38:29.160+0000] {dag.py:3947} INFO - Setting next_dagrun for example_time_delta_sensor_async to None, run_after=None
[2025-03-12T20:38:29.169+0000] {processor.py:183} INFO - Processing /home/airflow/.local/lib/python3.12/site-packages/airflow/example_dags/example_time_delta_sensor_async.py took 0.036 seconds
[2025-03-12T20:39:01.815+0000] {processor.py:161} INFO - Started process (PID=1022) to work on /home/airflow/.local/lib/python3.12/site-packages/airflow/example_dags/example_time_delta_sensor_async.py
[2025-03-12T20:39:01.815+0000] {processor.py:830} INFO - Processing file /home/airflow/.local/lib/python3.12/site-packages/airflow/example_dags/example_time_delta_sensor_async.py for tasks to queue
[2025-03-12T20:39:01.817+0000] {logging_mixin.py:188} INFO - [2025-03-12T20:39:01.816+0000] {dagbag.py:545} INFO - Filling up the DagBag from /home/airflow/.local/lib/python3.12/site-packages/airflow/example_dags/example_time_delta_sensor_async.py
[2025-03-12T20:39:01.819+0000] {processor.py:840} INFO - DAG(s) 'example_time_delta_sensor_async' retrieved from /home/airflow/.local/lib/python3.12/site-packages/airflow/example_dags/example_time_delta_sensor_async.py
[2025-03-12T20:39:01.829+0000] {logging_mixin.py:188} INFO - [2025-03-12T20:39:01.829+0000] {dag.py:3089} INFO - Sync 1 DAGs
[2025-03-12T20:39:01.835+0000] {logging_mixin.py:188} INFO - [2025-03-12T20:39:01.835+0000] {dag.py:3947} INFO - Setting next_dagrun for example_time_delta_sensor_async to None, run_after=None
[2025-03-12T20:39:01.842+0000] {processor.py:183} INFO - Processing /home/airflow/.local/lib/python3.12/site-packages/airflow/example_dags/example_time_delta_sensor_async.py took 0.030 seconds
[2025-03-12T20:39:34.378+0000] {processor.py:161} INFO - Started process (PID=1095) to work on /home/airflow/.local/lib/python3.12/site-packages/airflow/example_dags/example_time_delta_sensor_async.py
[2025-03-12T20:39:34.379+0000] {processor.py:830} INFO - Processing file /home/airflow/.local/lib/python3.12/site-packages/airflow/example_dags/example_time_delta_sensor_async.py for tasks to queue
[2025-03-12T20:39:34.380+0000] {logging_mixin.py:188} INFO - [2025-03-12T20:39:34.380+0000] {dagbag.py:545} INFO - Filling up the DagBag from /home/airflow/.local/lib/python3.12/site-packages/airflow/example_dags/example_time_delta_sensor_async.py
[2025-03-12T20:39:34.382+0000] {processor.py:840} INFO - DAG(s) 'example_time_delta_sensor_async' retrieved from /home/airflow/.local/lib/python3.12/site-packages/airflow/example_dags/example_time_delta_sensor_async.py
[2025-03-12T20:39:34.395+0000] {logging_mixin.py:188} INFO - [2025-03-12T20:39:34.395+0000] {dag.py:3089} INFO - Sync 1 DAGs
[2025-03-12T20:39:34.400+0000] {logging_mixin.py:188} INFO - [2025-03-12T20:39:34.400+0000] {dag.py:3947} INFO - Setting next_dagrun for example_time_delta_sensor_async to None, run_after=None
[2025-03-12T20:39:34.408+0000] {processor.py:183} INFO - Processing /home/airflow/.local/lib/python3.12/site-packages/airflow/example_dags/example_time_delta_sensor_async.py took 0.032 seconds
[2025-03-12T20:40:06.935+0000] {processor.py:161} INFO - Started process (PID=1167) to work on /home/airflow/.local/lib/python3.12/site-packages/airflow/example_dags/example_time_delta_sensor_async.py
[2025-03-12T20:40:06.936+0000] {processor.py:830} INFO - Processing file /home/airflow/.local/lib/python3.12/site-packages/airflow/example_dags/example_time_delta_sensor_async.py for tasks to queue
[2025-03-12T20:40:06.936+0000] {logging_mixin.py:188} INFO - [2025-03-12T20:40:06.936+0000] {dagbag.py:545} INFO - Filling up the DagBag from /home/airflow/.local/lib/python3.12/site-packages/airflow/example_dags/example_time_delta_sensor_async.py
[2025-03-12T20:40:06.938+0000] {processor.py:840} INFO - DAG(s) 'example_time_delta_sensor_async' retrieved from /home/airflow/.local/lib/python3.12/site-packages/airflow/example_dags/example_time_delta_sensor_async.py
[2025-03-12T20:40:06.946+0000] {logging_mixin.py:188} INFO - [2025-03-12T20:40:06.946+0000] {dag.py:3089} INFO - Sync 1 DAGs
[2025-03-12T20:40:06.951+0000] {logging_mixin.py:188} INFO - [2025-03-12T20:40:06.951+0000] {dag.py:3947} INFO - Setting next_dagrun for example_time_delta_sensor_async to None, run_after=None
[2025-03-12T20:40:06.957+0000] {processor.py:183} INFO - Processing /home/airflow/.local/lib/python3.12/site-packages/airflow/example_dags/example_time_delta_sensor_async.py took 0.024 seconds
[2025-03-12T20:40:39.584+0000] {processor.py:161} INFO - Started process (PID=1239) to work on /home/airflow/.local/lib/python3.12/site-packages/airflow/example_dags/example_time_delta_sensor_async.py
[2025-03-12T20:40:39.585+0000] {processor.py:830} INFO - Processing file /home/airflow/.local/lib/python3.12/site-packages/airflow/example_dags/example_time_delta_sensor_async.py for tasks to queue
[2025-03-12T20:40:39.586+0000] {logging_mixin.py:188} INFO - [2025-03-12T20:40:39.586+0000] {dagbag.py:545} INFO - Filling up the DagBag from /home/airflow/.local/lib/python3.12/site-packages/airflow/example_dags/example_time_delta_sensor_async.py
[2025-03-12T20:40:39.589+0000] {processor.py:840} INFO - DAG(s) 'example_time_delta_sensor_async' retrieved from /home/airflow/.local/lib/python3.12/site-packages/airflow/example_dags/example_time_delta_sensor_async.py
[2025-03-12T20:40:39.600+0000] {logging_mixin.py:188} INFO - [2025-03-12T20:40:39.600+0000] {dag.py:3089} INFO - Sync 1 DAGs
[2025-03-12T20:40:39.607+0000] {logging_mixin.py:188} INFO - [2025-03-12T20:40:39.607+0000] {dag.py:3947} INFO - Setting next_dagrun for example_time_delta_sensor_async to None, run_after=None
[2025-03-12T20:40:39.618+0000] {processor.py:183} INFO - Processing /home/airflow/.local/lib/python3.12/site-packages/airflow/example_dags/example_time_delta_sensor_async.py took 0.038 seconds
[2025-03-12T20:41:12.249+0000] {processor.py:161} INFO - Started process (PID=1311) to work on /home/airflow/.local/lib/python3.12/site-packages/airflow/example_dags/example_time_delta_sensor_async.py
[2025-03-12T20:41:12.249+0000] {processor.py:830} INFO - Processing file /home/airflow/.local/lib/python3.12/site-packages/airflow/example_dags/example_time_delta_sensor_async.py for tasks to queue
[2025-03-12T20:41:12.250+0000] {logging_mixin.py:188} INFO - [2025-03-12T20:41:12.250+0000] {dagbag.py:545} INFO - Filling up the DagBag from /home/airflow/.local/lib/python3.12/site-packages/airflow/example_dags/example_time_delta_sensor_async.py
[2025-03-12T20:41:12.252+0000] {processor.py:840} INFO - DAG(s) 'example_time_delta_sensor_async' retrieved from /home/airflow/.local/lib/python3.12/site-packages/airflow/example_dags/example_time_delta_sensor_async.py
[2025-03-12T20:41:12.264+0000] {logging_mixin.py:188} INFO - [2025-03-12T20:41:12.264+0000] {dag.py:3089} INFO - Sync 1 DAGs
[2025-03-12T20:41:12.271+0000] {logging_mixin.py:188} INFO - [2025-03-12T20:41:12.271+0000] {dag.py:3947} INFO - Setting next_dagrun for example_time_delta_sensor_async to None, run_after=None
[2025-03-12T20:41:12.278+0000] {processor.py:183} INFO - Processing /home/airflow/.local/lib/python3.12/site-packages/airflow/example_dags/example_time_delta_sensor_async.py took 0.032 seconds
[2025-03-12T20:41:44.718+0000] {processor.py:161} INFO - Started process (PID=1383) to work on /home/airflow/.local/lib/python3.12/site-packages/airflow/example_dags/example_time_delta_sensor_async.py
[2025-03-12T20:41:44.719+0000] {processor.py:830} INFO - Processing file /home/airflow/.local/lib/python3.12/site-packages/airflow/example_dags/example_time_delta_sensor_async.py for tasks to queue
[2025-03-12T20:41:44.719+0000] {logging_mixin.py:188} INFO - [2025-03-12T20:41:44.719+0000] {dagbag.py:545} INFO - Filling up the DagBag from /home/airflow/.local/lib/python3.12/site-packages/airflow/example_dags/example_time_delta_sensor_async.py
[2025-03-12T20:41:44.721+0000] {processor.py:840} INFO - DAG(s) 'example_time_delta_sensor_async' retrieved from /home/airflow/.local/lib/python3.12/site-packages/airflow/example_dags/example_time_delta_sensor_async.py
[2025-03-12T20:41:44.730+0000] {logging_mixin.py:188} INFO - [2025-03-12T20:41:44.730+0000] {dag.py:3089} INFO - Sync 1 DAGs
[2025-03-12T20:41:44.735+0000] {logging_mixin.py:188} INFO - [2025-03-12T20:41:44.735+0000] {dag.py:3947} INFO - Setting next_dagrun for example_time_delta_sensor_async to None, run_after=None
[2025-03-12T20:41:44.742+0000] {processor.py:183} INFO - Processing /home/airflow/.local/lib/python3.12/site-packages/airflow/example_dags/example_time_delta_sensor_async.py took 0.026 seconds
[2025-03-12T20:42:17.209+0000] {processor.py:161} INFO - Started process (PID=1455) to work on /home/airflow/.local/lib/python3.12/site-packages/airflow/example_dags/example_time_delta_sensor_async.py
[2025-03-12T20:42:17.209+0000] {processor.py:830} INFO - Processing file /home/airflow/.local/lib/python3.12/site-packages/airflow/example_dags/example_time_delta_sensor_async.py for tasks to queue
[2025-03-12T20:42:17.210+0000] {logging_mixin.py:188} INFO - [2025-03-12T20:42:17.210+0000] {dagbag.py:545} INFO - Filling up the DagBag from /home/airflow/.local/lib/python3.12/site-packages/airflow/example_dags/example_time_delta_sensor_async.py
[2025-03-12T20:42:17.212+0000] {processor.py:840} INFO - DAG(s) 'example_time_delta_sensor_async' retrieved from /home/airflow/.local/lib/python3.12/site-packages/airflow/example_dags/example_time_delta_sensor_async.py
[2025-03-12T20:42:17.224+0000] {logging_mixin.py:188} INFO - [2025-03-12T20:42:17.224+0000] {dag.py:3089} INFO - Sync 1 DAGs
[2025-03-12T20:42:17.230+0000] {logging_mixin.py:188} INFO - [2025-03-12T20:42:17.230+0000] {dag.py:3947} INFO - Setting next_dagrun for example_time_delta_sensor_async to None, run_after=None
[2025-03-12T20:42:17.242+0000] {processor.py:183} INFO - Processing /home/airflow/.local/lib/python3.12/site-packages/airflow/example_dags/example_time_delta_sensor_async.py took 0.035 seconds
[2025-03-12T20:42:50.275+0000] {processor.py:161} INFO - Started process (PID=1527) to work on /home/airflow/.local/lib/python3.12/site-packages/airflow/example_dags/example_time_delta_sensor_async.py
[2025-03-12T20:42:50.276+0000] {processor.py:830} INFO - Processing file /home/airflow/.local/lib/python3.12/site-packages/airflow/example_dags/example_time_delta_sensor_async.py for tasks to queue
[2025-03-12T20:42:50.276+0000] {logging_mixin.py:188} INFO - [2025-03-12T20:42:50.276+0000] {dagbag.py:545} INFO - Filling up the DagBag from /home/airflow/.local/lib/python3.12/site-packages/airflow/example_dags/example_time_delta_sensor_async.py
[2025-03-12T20:42:50.278+0000] {processor.py:840} INFO - DAG(s) 'example_time_delta_sensor_async' retrieved from /home/airflow/.local/lib/python3.12/site-packages/airflow/example_dags/example_time_delta_sensor_async.py
[2025-03-12T20:42:50.287+0000] {logging_mixin.py:188} INFO - [2025-03-12T20:42:50.287+0000] {dag.py:3089} INFO - Sync 1 DAGs
[2025-03-12T20:42:50.291+0000] {logging_mixin.py:188} INFO - [2025-03-12T20:42:50.291+0000] {dag.py:3947} INFO - Setting next_dagrun for example_time_delta_sensor_async to None, run_after=None
[2025-03-12T20:42:50.297+0000] {processor.py:183} INFO - Processing /home/airflow/.local/lib/python3.12/site-packages/airflow/example_dags/example_time_delta_sensor_async.py took 0.024 seconds
[2025-03-12T20:43:23.034+0000] {processor.py:161} INFO - Started process (PID=1599) to work on /home/airflow/.local/lib/python3.12/site-packages/airflow/example_dags/example_time_delta_sensor_async.py
[2025-03-12T20:43:23.035+0000] {processor.py:830} INFO - Processing file /home/airflow/.local/lib/python3.12/site-packages/airflow/example_dags/example_time_delta_sensor_async.py for tasks to queue
[2025-03-12T20:43:23.036+0000] {logging_mixin.py:188} INFO - [2025-03-12T20:43:23.036+0000] {dagbag.py:545} INFO - Filling up the DagBag from /home/airflow/.local/lib/python3.12/site-packages/airflow/example_dags/example_time_delta_sensor_async.py
[2025-03-12T20:43:23.038+0000] {processor.py:840} INFO - DAG(s) 'example_time_delta_sensor_async' retrieved from /home/airflow/.local/lib/python3.12/site-packages/airflow/example_dags/example_time_delta_sensor_async.py
[2025-03-12T20:43:23.050+0000] {logging_mixin.py:188} INFO - [2025-03-12T20:43:23.050+0000] {dag.py:3089} INFO - Sync 1 DAGs
[2025-03-12T20:43:23.056+0000] {logging_mixin.py:188} INFO - [2025-03-12T20:43:23.056+0000] {dag.py:3947} INFO - Setting next_dagrun for example_time_delta_sensor_async to None, run_after=None
[2025-03-12T20:43:23.069+0000] {processor.py:183} INFO - Processing /home/airflow/.local/lib/python3.12/site-packages/airflow/example_dags/example_time_delta_sensor_async.py took 0.037 seconds
[2025-03-12T20:43:55.605+0000] {processor.py:161} INFO - Started process (PID=1678) to work on /home/airflow/.local/lib/python3.12/site-packages/airflow/example_dags/example_time_delta_sensor_async.py
[2025-03-12T20:43:55.606+0000] {processor.py:830} INFO - Processing file /home/airflow/.local/lib/python3.12/site-packages/airflow/example_dags/example_time_delta_sensor_async.py for tasks to queue
[2025-03-12T20:43:55.607+0000] {logging_mixin.py:188} INFO - [2025-03-12T20:43:55.607+0000] {dagbag.py:545} INFO - Filling up the DagBag from /home/airflow/.local/lib/python3.12/site-packages/airflow/example_dags/example_time_delta_sensor_async.py
[2025-03-12T20:43:55.610+0000] {processor.py:840} INFO - DAG(s) 'example_time_delta_sensor_async' retrieved from /home/airflow/.local/lib/python3.12/site-packages/airflow/example_dags/example_time_delta_sensor_async.py
[2025-03-12T20:43:55.619+0000] {logging_mixin.py:188} INFO - [2025-03-12T20:43:55.619+0000] {dag.py:3089} INFO - Sync 1 DAGs
[2025-03-12T20:43:55.626+0000] {logging_mixin.py:188} INFO - [2025-03-12T20:43:55.626+0000] {dag.py:3947} INFO - Setting next_dagrun for example_time_delta_sensor_async to None, run_after=None
[2025-03-12T20:43:55.638+0000] {processor.py:183} INFO - Processing /home/airflow/.local/lib/python3.12/site-packages/airflow/example_dags/example_time_delta_sensor_async.py took 0.036 seconds
[2025-03-12T20:44:28.053+0000] {processor.py:161} INFO - Started process (PID=1750) to work on /home/airflow/.local/lib/python3.12/site-packages/airflow/example_dags/example_time_delta_sensor_async.py
[2025-03-12T20:44:28.053+0000] {processor.py:830} INFO - Processing file /home/airflow/.local/lib/python3.12/site-packages/airflow/example_dags/example_time_delta_sensor_async.py for tasks to queue
[2025-03-12T20:44:28.055+0000] {logging_mixin.py:188} INFO - [2025-03-12T20:44:28.055+0000] {dagbag.py:545} INFO - Filling up the DagBag from /home/airflow/.local/lib/python3.12/site-packages/airflow/example_dags/example_time_delta_sensor_async.py
[2025-03-12T20:44:28.057+0000] {processor.py:840} INFO - DAG(s) 'example_time_delta_sensor_async' retrieved from /home/airflow/.local/lib/python3.12/site-packages/airflow/example_dags/example_time_delta_sensor_async.py
[2025-03-12T20:44:28.067+0000] {logging_mixin.py:188} INFO - [2025-03-12T20:44:28.066+0000] {dag.py:3089} INFO - Sync 1 DAGs
[2025-03-12T20:44:28.073+0000] {logging_mixin.py:188} INFO - [2025-03-12T20:44:28.073+0000] {dag.py:3947} INFO - Setting next_dagrun for example_time_delta_sensor_async to None, run_after=None
[2025-03-12T20:44:28.081+0000] {processor.py:183} INFO - Processing /home/airflow/.local/lib/python3.12/site-packages/airflow/example_dags/example_time_delta_sensor_async.py took 0.031 seconds
[2025-03-12T20:45:00.476+0000] {processor.py:161} INFO - Started process (PID=1822) to work on /home/airflow/.local/lib/python3.12/site-packages/airflow/example_dags/example_time_delta_sensor_async.py
[2025-03-12T20:45:00.477+0000] {processor.py:830} INFO - Processing file /home/airflow/.local/lib/python3.12/site-packages/airflow/example_dags/example_time_delta_sensor_async.py for tasks to queue
[2025-03-12T20:45:00.478+0000] {logging_mixin.py:188} INFO - [2025-03-12T20:45:00.477+0000] {dagbag.py:545} INFO - Filling up the DagBag from /home/airflow/.local/lib/python3.12/site-packages/airflow/example_dags/example_time_delta_sensor_async.py
[2025-03-12T20:45:00.480+0000] {processor.py:840} INFO - DAG(s) 'example_time_delta_sensor_async' retrieved from /home/airflow/.local/lib/python3.12/site-packages/airflow/example_dags/example_time_delta_sensor_async.py
[2025-03-12T20:45:00.490+0000] {logging_mixin.py:188} INFO - [2025-03-12T20:45:00.489+0000] {dag.py:3089} INFO - Sync 1 DAGs
[2025-03-12T20:45:00.494+0000] {logging_mixin.py:188} INFO - [2025-03-12T20:45:00.494+0000] {dag.py:3947} INFO - Setting next_dagrun for example_time_delta_sensor_async to None, run_after=None
[2025-03-12T20:45:00.508+0000] {processor.py:183} INFO - Processing /home/airflow/.local/lib/python3.12/site-packages/airflow/example_dags/example_time_delta_sensor_async.py took 0.035 seconds
[2025-03-12T20:45:33.085+0000] {processor.py:161} INFO - Started process (PID=1894) to work on /home/airflow/.local/lib/python3.12/site-packages/airflow/example_dags/example_time_delta_sensor_async.py
[2025-03-12T20:45:33.086+0000] {processor.py:830} INFO - Processing file /home/airflow/.local/lib/python3.12/site-packages/airflow/example_dags/example_time_delta_sensor_async.py for tasks to queue
[2025-03-12T20:45:33.086+0000] {logging_mixin.py:188} INFO - [2025-03-12T20:45:33.086+0000] {dagbag.py:545} INFO - Filling up the DagBag from /home/airflow/.local/lib/python3.12/site-packages/airflow/example_dags/example_time_delta_sensor_async.py
[2025-03-12T20:45:33.089+0000] {processor.py:840} INFO - DAG(s) 'example_time_delta_sensor_async' retrieved from /home/airflow/.local/lib/python3.12/site-packages/airflow/example_dags/example_time_delta_sensor_async.py
[2025-03-12T20:45:33.098+0000] {logging_mixin.py:188} INFO - [2025-03-12T20:45:33.098+0000] {dag.py:3089} INFO - Sync 1 DAGs
[2025-03-12T20:45:33.103+0000] {logging_mixin.py:188} INFO - [2025-03-12T20:45:33.103+0000] {dag.py:3947} INFO - Setting next_dagrun for example_time_delta_sensor_async to None, run_after=None
[2025-03-12T20:45:33.111+0000] {processor.py:183} INFO - Processing /home/airflow/.local/lib/python3.12/site-packages/airflow/example_dags/example_time_delta_sensor_async.py took 0.028 seconds
[2025-03-12T20:46:05.647+0000] {processor.py:161} INFO - Started process (PID=1966) to work on /home/airflow/.local/lib/python3.12/site-packages/airflow/example_dags/example_time_delta_sensor_async.py
[2025-03-12T20:46:05.648+0000] {processor.py:830} INFO - Processing file /home/airflow/.local/lib/python3.12/site-packages/airflow/example_dags/example_time_delta_sensor_async.py for tasks to queue
[2025-03-12T20:46:05.648+0000] {logging_mixin.py:188} INFO - [2025-03-12T20:46:05.648+0000] {dagbag.py:545} INFO - Filling up the DagBag from /home/airflow/.local/lib/python3.12/site-packages/airflow/example_dags/example_time_delta_sensor_async.py
[2025-03-12T20:46:05.650+0000] {processor.py:840} INFO - DAG(s) 'example_time_delta_sensor_async' retrieved from /home/airflow/.local/lib/python3.12/site-packages/airflow/example_dags/example_time_delta_sensor_async.py
[2025-03-12T20:46:05.659+0000] {logging_mixin.py:188} INFO - [2025-03-12T20:46:05.659+0000] {dag.py:3089} INFO - Sync 1 DAGs
[2025-03-12T20:46:05.664+0000] {logging_mixin.py:188} INFO - [2025-03-12T20:46:05.663+0000] {dag.py:3947} INFO - Setting next_dagrun for example_time_delta_sensor_async to None, run_after=None
[2025-03-12T20:46:05.675+0000] {processor.py:183} INFO - Processing /home/airflow/.local/lib/python3.12/site-packages/airflow/example_dags/example_time_delta_sensor_async.py took 0.031 seconds
[2025-03-12T20:46:38.149+0000] {processor.py:161} INFO - Started process (PID=2038) to work on /home/airflow/.local/lib/python3.12/site-packages/airflow/example_dags/example_time_delta_sensor_async.py
[2025-03-12T20:46:38.150+0000] {processor.py:830} INFO - Processing file /home/airflow/.local/lib/python3.12/site-packages/airflow/example_dags/example_time_delta_sensor_async.py for tasks to queue
[2025-03-12T20:46:38.151+0000] {logging_mixin.py:188} INFO - [2025-03-12T20:46:38.151+0000] {dagbag.py:545} INFO - Filling up the DagBag from /home/airflow/.local/lib/python3.12/site-packages/airflow/example_dags/example_time_delta_sensor_async.py
[2025-03-12T20:46:38.153+0000] {processor.py:840} INFO - DAG(s) 'example_time_delta_sensor_async' retrieved from /home/airflow/.local/lib/python3.12/site-packages/airflow/example_dags/example_time_delta_sensor_async.py
[2025-03-12T20:46:38.164+0000] {logging_mixin.py:188} INFO - [2025-03-12T20:46:38.164+0000] {dag.py:3089} INFO - Sync 1 DAGs
[2025-03-12T20:46:38.170+0000] {logging_mixin.py:188} INFO - [2025-03-12T20:46:38.170+0000] {dag.py:3947} INFO - Setting next_dagrun for example_time_delta_sensor_async to None, run_after=None
[2025-03-12T20:46:38.180+0000] {processor.py:183} INFO - Processing /home/airflow/.local/lib/python3.12/site-packages/airflow/example_dags/example_time_delta_sensor_async.py took 0.034 seconds
[2025-03-12T20:47:10.592+0000] {processor.py:161} INFO - Started process (PID=2110) to work on /home/airflow/.local/lib/python3.12/site-packages/airflow/example_dags/example_time_delta_sensor_async.py
[2025-03-12T20:47:10.593+0000] {processor.py:830} INFO - Processing file /home/airflow/.local/lib/python3.12/site-packages/airflow/example_dags/example_time_delta_sensor_async.py for tasks to queue
[2025-03-12T20:47:10.594+0000] {logging_mixin.py:188} INFO - [2025-03-12T20:47:10.594+0000] {dagbag.py:545} INFO - Filling up the DagBag from /home/airflow/.local/lib/python3.12/site-packages/airflow/example_dags/example_time_delta_sensor_async.py
[2025-03-12T20:47:10.597+0000] {processor.py:840} INFO - DAG(s) 'example_time_delta_sensor_async' retrieved from /home/airflow/.local/lib/python3.12/site-packages/airflow/example_dags/example_time_delta_sensor_async.py
[2025-03-12T20:47:10.610+0000] {logging_mixin.py:188} INFO - [2025-03-12T20:47:10.610+0000] {dag.py:3089} INFO - Sync 1 DAGs
[2025-03-12T20:47:10.615+0000] {logging_mixin.py:188} INFO - [2025-03-12T20:47:10.615+0000] {dag.py:3947} INFO - Setting next_dagrun for example_time_delta_sensor_async to None, run_after=None
[2025-03-12T20:47:10.625+0000] {processor.py:183} INFO - Processing /home/airflow/.local/lib/python3.12/site-packages/airflow/example_dags/example_time_delta_sensor_async.py took 0.035 seconds
[2025-03-12T20:47:43.098+0000] {processor.py:161} INFO - Started process (PID=2182) to work on /home/airflow/.local/lib/python3.12/site-packages/airflow/example_dags/example_time_delta_sensor_async.py
[2025-03-12T20:47:43.099+0000] {processor.py:830} INFO - Processing file /home/airflow/.local/lib/python3.12/site-packages/airflow/example_dags/example_time_delta_sensor_async.py for tasks to queue
[2025-03-12T20:47:43.100+0000] {logging_mixin.py:188} INFO - [2025-03-12T20:47:43.100+0000] {dagbag.py:545} INFO - Filling up the DagBag from /home/airflow/.local/lib/python3.12/site-packages/airflow/example_dags/example_time_delta_sensor_async.py
[2025-03-12T20:47:43.103+0000] {processor.py:840} INFO - DAG(s) 'example_time_delta_sensor_async' retrieved from /home/airflow/.local/lib/python3.12/site-packages/airflow/example_dags/example_time_delta_sensor_async.py
[2025-03-12T20:47:43.111+0000] {logging_mixin.py:188} INFO - [2025-03-12T20:47:43.111+0000] {dag.py:3089} INFO - Sync 1 DAGs
[2025-03-12T20:47:43.118+0000] {logging_mixin.py:188} INFO - [2025-03-12T20:47:43.118+0000] {dag.py:3947} INFO - Setting next_dagrun for example_time_delta_sensor_async to None, run_after=None
[2025-03-12T20:47:43.130+0000] {processor.py:183} INFO - Processing /home/airflow/.local/lib/python3.12/site-packages/airflow/example_dags/example_time_delta_sensor_async.py took 0.035 seconds
[2025-03-12T20:48:15.497+0000] {processor.py:161} INFO - Started process (PID=2254) to work on /home/airflow/.local/lib/python3.12/site-packages/airflow/example_dags/example_time_delta_sensor_async.py
[2025-03-12T20:48:15.498+0000] {processor.py:830} INFO - Processing file /home/airflow/.local/lib/python3.12/site-packages/airflow/example_dags/example_time_delta_sensor_async.py for tasks to queue
[2025-03-12T20:48:15.499+0000] {logging_mixin.py:188} INFO - [2025-03-12T20:48:15.499+0000] {dagbag.py:545} INFO - Filling up the DagBag from /home/airflow/.local/lib/python3.12/site-packages/airflow/example_dags/example_time_delta_sensor_async.py
[2025-03-12T20:48:15.501+0000] {processor.py:840} INFO - DAG(s) 'example_time_delta_sensor_async' retrieved from /home/airflow/.local/lib/python3.12/site-packages/airflow/example_dags/example_time_delta_sensor_async.py
[2025-03-12T20:48:15.513+0000] {logging_mixin.py:188} INFO - [2025-03-12T20:48:15.513+0000] {dag.py:3089} INFO - Sync 1 DAGs
[2025-03-12T20:48:15.517+0000] {logging_mixin.py:188} INFO - [2025-03-12T20:48:15.517+0000] {dag.py:3947} INFO - Setting next_dagrun for example_time_delta_sensor_async to None, run_after=None
[2025-03-12T20:48:15.527+0000] {processor.py:183} INFO - Processing /home/airflow/.local/lib/python3.12/site-packages/airflow/example_dags/example_time_delta_sensor_async.py took 0.032 seconds
[2025-03-12T20:48:48.180+0000] {processor.py:161} INFO - Started process (PID=2326) to work on /home/airflow/.local/lib/python3.12/site-packages/airflow/example_dags/example_time_delta_sensor_async.py
[2025-03-12T20:48:48.181+0000] {processor.py:830} INFO - Processing file /home/airflow/.local/lib/python3.12/site-packages/airflow/example_dags/example_time_delta_sensor_async.py for tasks to queue
[2025-03-12T20:48:48.181+0000] {logging_mixin.py:188} INFO - [2025-03-12T20:48:48.181+0000] {dagbag.py:545} INFO - Filling up the DagBag from /home/airflow/.local/lib/python3.12/site-packages/airflow/example_dags/example_time_delta_sensor_async.py
[2025-03-12T20:48:48.183+0000] {processor.py:840} INFO - DAG(s) 'example_time_delta_sensor_async' retrieved from /home/airflow/.local/lib/python3.12/site-packages/airflow/example_dags/example_time_delta_sensor_async.py
[2025-03-12T20:48:48.191+0000] {logging_mixin.py:188} INFO - [2025-03-12T20:48:48.191+0000] {dag.py:3089} INFO - Sync 1 DAGs
[2025-03-12T20:48:48.196+0000] {logging_mixin.py:188} INFO - [2025-03-12T20:48:48.196+0000] {dag.py:3947} INFO - Setting next_dagrun for example_time_delta_sensor_async to None, run_after=None
[2025-03-12T20:48:48.203+0000] {processor.py:183} INFO - Processing /home/airflow/.local/lib/python3.12/site-packages/airflow/example_dags/example_time_delta_sensor_async.py took 0.025 seconds
[2025-03-12T20:49:20.687+0000] {processor.py:161} INFO - Started process (PID=2398) to work on /home/airflow/.local/lib/python3.12/site-packages/airflow/example_dags/example_time_delta_sensor_async.py
[2025-03-12T20:49:20.688+0000] {processor.py:830} INFO - Processing file /home/airflow/.local/lib/python3.12/site-packages/airflow/example_dags/example_time_delta_sensor_async.py for tasks to queue
[2025-03-12T20:49:20.689+0000] {logging_mixin.py:188} INFO - [2025-03-12T20:49:20.689+0000] {dagbag.py:545} INFO - Filling up the DagBag from /home/airflow/.local/lib/python3.12/site-packages/airflow/example_dags/example_time_delta_sensor_async.py
[2025-03-12T20:49:20.691+0000] {processor.py:840} INFO - DAG(s) 'example_time_delta_sensor_async' retrieved from /home/airflow/.local/lib/python3.12/site-packages/airflow/example_dags/example_time_delta_sensor_async.py
[2025-03-12T20:49:20.702+0000] {logging_mixin.py:188} INFO - [2025-03-12T20:49:20.701+0000] {dag.py:3089} INFO - Sync 1 DAGs
[2025-03-12T20:49:20.708+0000] {logging_mixin.py:188} INFO - [2025-03-12T20:49:20.708+0000] {dag.py:3947} INFO - Setting next_dagrun for example_time_delta_sensor_async to None, run_after=None
[2025-03-12T20:49:20.716+0000] {processor.py:183} INFO - Processing /home/airflow/.local/lib/python3.12/site-packages/airflow/example_dags/example_time_delta_sensor_async.py took 0.031 seconds
[2025-03-12T20:49:53.217+0000] {processor.py:161} INFO - Started process (PID=2470) to work on /home/airflow/.local/lib/python3.12/site-packages/airflow/example_dags/example_time_delta_sensor_async.py
[2025-03-12T20:49:53.217+0000] {processor.py:830} INFO - Processing file /home/airflow/.local/lib/python3.12/site-packages/airflow/example_dags/example_time_delta_sensor_async.py for tasks to queue
[2025-03-12T20:49:53.219+0000] {logging_mixin.py:188} INFO - [2025-03-12T20:49:53.218+0000] {dagbag.py:545} INFO - Filling up the DagBag from /home/airflow/.local/lib/python3.12/site-packages/airflow/example_dags/example_time_delta_sensor_async.py
[2025-03-12T20:49:53.221+0000] {processor.py:840} INFO - DAG(s) 'example_time_delta_sensor_async' retrieved from /home/airflow/.local/lib/python3.12/site-packages/airflow/example_dags/example_time_delta_sensor_async.py
[2025-03-12T20:49:53.234+0000] {logging_mixin.py:188} INFO - [2025-03-12T20:49:53.233+0000] {dag.py:3089} INFO - Sync 1 DAGs
[2025-03-12T20:49:53.239+0000] {logging_mixin.py:188} INFO - [2025-03-12T20:49:53.239+0000] {dag.py:3947} INFO - Setting next_dagrun for example_time_delta_sensor_async to None, run_after=None
[2025-03-12T20:49:53.248+0000] {processor.py:183} INFO - Processing /home/airflow/.local/lib/python3.12/site-packages/airflow/example_dags/example_time_delta_sensor_async.py took 0.034 seconds
[2025-03-12T20:50:25.799+0000] {processor.py:161} INFO - Started process (PID=2547) to work on /home/airflow/.local/lib/python3.12/site-packages/airflow/example_dags/example_time_delta_sensor_async.py
[2025-03-12T20:50:25.799+0000] {processor.py:830} INFO - Processing file /home/airflow/.local/lib/python3.12/site-packages/airflow/example_dags/example_time_delta_sensor_async.py for tasks to queue
[2025-03-12T20:50:25.800+0000] {logging_mixin.py:188} INFO - [2025-03-12T20:50:25.800+0000] {dagbag.py:545} INFO - Filling up the DagBag from /home/airflow/.local/lib/python3.12/site-packages/airflow/example_dags/example_time_delta_sensor_async.py
[2025-03-12T20:50:25.802+0000] {processor.py:840} INFO - DAG(s) 'example_time_delta_sensor_async' retrieved from /home/airflow/.local/lib/python3.12/site-packages/airflow/example_dags/example_time_delta_sensor_async.py
[2025-03-12T20:50:25.812+0000] {logging_mixin.py:188} INFO - [2025-03-12T20:50:25.812+0000] {dag.py:3089} INFO - Sync 1 DAGs
[2025-03-12T20:50:25.817+0000] {logging_mixin.py:188} INFO - [2025-03-12T20:50:25.817+0000] {dag.py:3947} INFO - Setting next_dagrun for example_time_delta_sensor_async to None, run_after=None
[2025-03-12T20:50:25.824+0000] {processor.py:183} INFO - Processing /home/airflow/.local/lib/python3.12/site-packages/airflow/example_dags/example_time_delta_sensor_async.py took 0.027 seconds
[2025-03-12T20:50:58.260+0000] {processor.py:161} INFO - Started process (PID=2619) to work on /home/airflow/.local/lib/python3.12/site-packages/airflow/example_dags/example_time_delta_sensor_async.py
[2025-03-12T20:50:58.261+0000] {processor.py:830} INFO - Processing file /home/airflow/.local/lib/python3.12/site-packages/airflow/example_dags/example_time_delta_sensor_async.py for tasks to queue
[2025-03-12T20:50:58.262+0000] {logging_mixin.py:188} INFO - [2025-03-12T20:50:58.262+0000] {dagbag.py:545} INFO - Filling up the DagBag from /home/airflow/.local/lib/python3.12/site-packages/airflow/example_dags/example_time_delta_sensor_async.py
[2025-03-12T20:50:58.264+0000] {processor.py:840} INFO - DAG(s) 'example_time_delta_sensor_async' retrieved from /home/airflow/.local/lib/python3.12/site-packages/airflow/example_dags/example_time_delta_sensor_async.py
[2025-03-12T20:50:58.278+0000] {logging_mixin.py:188} INFO - [2025-03-12T20:50:58.278+0000] {dag.py:3089} INFO - Sync 1 DAGs
[2025-03-12T20:50:58.286+0000] {logging_mixin.py:188} INFO - [2025-03-12T20:50:58.286+0000] {dag.py:3947} INFO - Setting next_dagrun for example_time_delta_sensor_async to None, run_after=None
[2025-03-12T20:50:58.296+0000] {processor.py:183} INFO - Processing /home/airflow/.local/lib/python3.12/site-packages/airflow/example_dags/example_time_delta_sensor_async.py took 0.038 seconds
[2025-03-12T20:51:30.885+0000] {processor.py:161} INFO - Started process (PID=2691) to work on /home/airflow/.local/lib/python3.12/site-packages/airflow/example_dags/example_time_delta_sensor_async.py
[2025-03-12T20:51:30.885+0000] {processor.py:830} INFO - Processing file /home/airflow/.local/lib/python3.12/site-packages/airflow/example_dags/example_time_delta_sensor_async.py for tasks to queue
[2025-03-12T20:51:30.886+0000] {logging_mixin.py:188} INFO - [2025-03-12T20:51:30.886+0000] {dagbag.py:545} INFO - Filling up the DagBag from /home/airflow/.local/lib/python3.12/site-packages/airflow/example_dags/example_time_delta_sensor_async.py
[2025-03-12T20:51:30.889+0000] {processor.py:840} INFO - DAG(s) 'example_time_delta_sensor_async' retrieved from /home/airflow/.local/lib/python3.12/site-packages/airflow/example_dags/example_time_delta_sensor_async.py
[2025-03-12T20:51:30.897+0000] {logging_mixin.py:188} INFO - [2025-03-12T20:51:30.897+0000] {dag.py:3089} INFO - Sync 1 DAGs
[2025-03-12T20:51:30.903+0000] {logging_mixin.py:188} INFO - [2025-03-12T20:51:30.903+0000] {dag.py:3947} INFO - Setting next_dagrun for example_time_delta_sensor_async to None, run_after=None
[2025-03-12T20:51:30.913+0000] {processor.py:183} INFO - Processing /home/airflow/.local/lib/python3.12/site-packages/airflow/example_dags/example_time_delta_sensor_async.py took 0.031 seconds
[2025-03-12T20:52:03.338+0000] {processor.py:161} INFO - Started process (PID=2763) to work on /home/airflow/.local/lib/python3.12/site-packages/airflow/example_dags/example_time_delta_sensor_async.py
[2025-03-12T20:52:03.339+0000] {processor.py:830} INFO - Processing file /home/airflow/.local/lib/python3.12/site-packages/airflow/example_dags/example_time_delta_sensor_async.py for tasks to queue
[2025-03-12T20:52:03.340+0000] {logging_mixin.py:188} INFO - [2025-03-12T20:52:03.340+0000] {dagbag.py:545} INFO - Filling up the DagBag from /home/airflow/.local/lib/python3.12/site-packages/airflow/example_dags/example_time_delta_sensor_async.py
[2025-03-12T20:52:03.342+0000] {processor.py:840} INFO - DAG(s) 'example_time_delta_sensor_async' retrieved from /home/airflow/.local/lib/python3.12/site-packages/airflow/example_dags/example_time_delta_sensor_async.py
[2025-03-12T20:52:03.354+0000] {logging_mixin.py:188} INFO - [2025-03-12T20:52:03.354+0000] {dag.py:3089} INFO - Sync 1 DAGs
[2025-03-12T20:52:03.361+0000] {logging_mixin.py:188} INFO - [2025-03-12T20:52:03.361+0000] {dag.py:3947} INFO - Setting next_dagrun for example_time_delta_sensor_async to None, run_after=None
[2025-03-12T20:52:03.373+0000] {processor.py:183} INFO - Processing /home/airflow/.local/lib/python3.12/site-packages/airflow/example_dags/example_time_delta_sensor_async.py took 0.036 seconds
[2025-03-12T20:52:35.794+0000] {processor.py:161} INFO - Started process (PID=2834) to work on /home/airflow/.local/lib/python3.12/site-packages/airflow/example_dags/example_time_delta_sensor_async.py
[2025-03-12T20:52:35.794+0000] {processor.py:830} INFO - Processing file /home/airflow/.local/lib/python3.12/site-packages/airflow/example_dags/example_time_delta_sensor_async.py for tasks to queue
[2025-03-12T20:52:35.795+0000] {logging_mixin.py:188} INFO - [2025-03-12T20:52:35.795+0000] {dagbag.py:545} INFO - Filling up the DagBag from /home/airflow/.local/lib/python3.12/site-packages/airflow/example_dags/example_time_delta_sensor_async.py
[2025-03-12T20:52:35.797+0000] {processor.py:840} INFO - DAG(s) 'example_time_delta_sensor_async' retrieved from /home/airflow/.local/lib/python3.12/site-packages/airflow/example_dags/example_time_delta_sensor_async.py
[2025-03-12T20:52:35.806+0000] {logging_mixin.py:188} INFO - [2025-03-12T20:52:35.805+0000] {dag.py:3089} INFO - Sync 1 DAGs
[2025-03-12T20:52:35.811+0000] {logging_mixin.py:188} INFO - [2025-03-12T20:52:35.811+0000] {dag.py:3947} INFO - Setting next_dagrun for example_time_delta_sensor_async to None, run_after=None
[2025-03-12T20:52:35.823+0000] {processor.py:183} INFO - Processing /home/airflow/.local/lib/python3.12/site-packages/airflow/example_dags/example_time_delta_sensor_async.py took 0.032 seconds
[2025-03-12T20:53:08.281+0000] {processor.py:161} INFO - Started process (PID=2906) to work on /home/airflow/.local/lib/python3.12/site-packages/airflow/example_dags/example_time_delta_sensor_async.py
[2025-03-12T20:53:08.282+0000] {processor.py:830} INFO - Processing file /home/airflow/.local/lib/python3.12/site-packages/airflow/example_dags/example_time_delta_sensor_async.py for tasks to queue
[2025-03-12T20:53:08.283+0000] {logging_mixin.py:188} INFO - [2025-03-12T20:53:08.283+0000] {dagbag.py:545} INFO - Filling up the DagBag from /home/airflow/.local/lib/python3.12/site-packages/airflow/example_dags/example_time_delta_sensor_async.py
[2025-03-12T20:53:08.286+0000] {processor.py:840} INFO - DAG(s) 'example_time_delta_sensor_async' retrieved from /home/airflow/.local/lib/python3.12/site-packages/airflow/example_dags/example_time_delta_sensor_async.py
[2025-03-12T20:53:08.302+0000] {logging_mixin.py:188} INFO - [2025-03-12T20:53:08.302+0000] {dag.py:3089} INFO - Sync 1 DAGs
[2025-03-12T20:53:08.307+0000] {logging_mixin.py:188} INFO - [2025-03-12T20:53:08.307+0000] {dag.py:3947} INFO - Setting next_dagrun for example_time_delta_sensor_async to None, run_after=None
[2025-03-12T20:53:08.314+0000] {processor.py:183} INFO - Processing /home/airflow/.local/lib/python3.12/site-packages/airflow/example_dags/example_time_delta_sensor_async.py took 0.036 seconds
[2025-03-12T20:53:40.934+0000] {processor.py:161} INFO - Started process (PID=2978) to work on /home/airflow/.local/lib/python3.12/site-packages/airflow/example_dags/example_time_delta_sensor_async.py
[2025-03-12T20:53:40.935+0000] {processor.py:830} INFO - Processing file /home/airflow/.local/lib/python3.12/site-packages/airflow/example_dags/example_time_delta_sensor_async.py for tasks to queue
[2025-03-12T20:53:40.936+0000] {logging_mixin.py:188} INFO - [2025-03-12T20:53:40.936+0000] {dagbag.py:545} INFO - Filling up the DagBag from /home/airflow/.local/lib/python3.12/site-packages/airflow/example_dags/example_time_delta_sensor_async.py
[2025-03-12T20:53:40.938+0000] {processor.py:840} INFO - DAG(s) 'example_time_delta_sensor_async' retrieved from /home/airflow/.local/lib/python3.12/site-packages/airflow/example_dags/example_time_delta_sensor_async.py
[2025-03-12T20:53:40.950+0000] {logging_mixin.py:188} INFO - [2025-03-12T20:53:40.950+0000] {dag.py:3089} INFO - Sync 1 DAGs
[2025-03-12T20:53:40.957+0000] {logging_mixin.py:188} INFO - [2025-03-12T20:53:40.957+0000] {dag.py:3947} INFO - Setting next_dagrun for example_time_delta_sensor_async to None, run_after=None
[2025-03-12T20:53:40.967+0000] {processor.py:183} INFO - Processing /home/airflow/.local/lib/python3.12/site-packages/airflow/example_dags/example_time_delta_sensor_async.py took 0.035 seconds
[2025-03-12T20:54:13.460+0000] {processor.py:161} INFO - Started process (PID=3051) to work on /home/airflow/.local/lib/python3.12/site-packages/airflow/example_dags/example_time_delta_sensor_async.py
[2025-03-12T20:54:13.460+0000] {processor.py:830} INFO - Processing file /home/airflow/.local/lib/python3.12/site-packages/airflow/example_dags/example_time_delta_sensor_async.py for tasks to queue
[2025-03-12T20:54:13.461+0000] {logging_mixin.py:188} INFO - [2025-03-12T20:54:13.460+0000] {dagbag.py:545} INFO - Filling up the DagBag from /home/airflow/.local/lib/python3.12/site-packages/airflow/example_dags/example_time_delta_sensor_async.py
[2025-03-12T20:54:13.462+0000] {processor.py:840} INFO - DAG(s) 'example_time_delta_sensor_async' retrieved from /home/airflow/.local/lib/python3.12/site-packages/airflow/example_dags/example_time_delta_sensor_async.py
[2025-03-12T20:54:13.470+0000] {logging_mixin.py:188} INFO - [2025-03-12T20:54:13.470+0000] {dag.py:3089} INFO - Sync 1 DAGs
[2025-03-12T20:54:13.475+0000] {logging_mixin.py:188} INFO - [2025-03-12T20:54:13.475+0000] {dag.py:3947} INFO - Setting next_dagrun for example_time_delta_sensor_async to None, run_after=None
[2025-03-12T20:54:13.481+0000] {processor.py:183} INFO - Processing /home/airflow/.local/lib/python3.12/site-packages/airflow/example_dags/example_time_delta_sensor_async.py took 0.024 seconds
[2025-03-12T20:54:46.054+0000] {processor.py:161} INFO - Started process (PID=3123) to work on /home/airflow/.local/lib/python3.12/site-packages/airflow/example_dags/example_time_delta_sensor_async.py
[2025-03-12T20:54:46.054+0000] {processor.py:830} INFO - Processing file /home/airflow/.local/lib/python3.12/site-packages/airflow/example_dags/example_time_delta_sensor_async.py for tasks to queue
[2025-03-12T20:54:46.056+0000] {logging_mixin.py:188} INFO - [2025-03-12T20:54:46.055+0000] {dagbag.py:545} INFO - Filling up the DagBag from /home/airflow/.local/lib/python3.12/site-packages/airflow/example_dags/example_time_delta_sensor_async.py
[2025-03-12T20:54:46.059+0000] {processor.py:840} INFO - DAG(s) 'example_time_delta_sensor_async' retrieved from /home/airflow/.local/lib/python3.12/site-packages/airflow/example_dags/example_time_delta_sensor_async.py
[2025-03-12T20:54:46.070+0000] {logging_mixin.py:188} INFO - [2025-03-12T20:54:46.070+0000] {dag.py:3089} INFO - Sync 1 DAGs
[2025-03-12T20:54:46.078+0000] {logging_mixin.py:188} INFO - [2025-03-12T20:54:46.078+0000] {dag.py:3947} INFO - Setting next_dagrun for example_time_delta_sensor_async to None, run_after=None
[2025-03-12T20:54:46.087+0000] {processor.py:183} INFO - Processing /home/airflow/.local/lib/python3.12/site-packages/airflow/example_dags/example_time_delta_sensor_async.py took 0.035 seconds
[2025-03-12T20:55:18.603+0000] {processor.py:161} INFO - Started process (PID=3195) to work on /home/airflow/.local/lib/python3.12/site-packages/airflow/example_dags/example_time_delta_sensor_async.py
[2025-03-12T20:55:18.604+0000] {processor.py:830} INFO - Processing file /home/airflow/.local/lib/python3.12/site-packages/airflow/example_dags/example_time_delta_sensor_async.py for tasks to queue
[2025-03-12T20:55:18.605+0000] {logging_mixin.py:188} INFO - [2025-03-12T20:55:18.605+0000] {dagbag.py:545} INFO - Filling up the DagBag from /home/airflow/.local/lib/python3.12/site-packages/airflow/example_dags/example_time_delta_sensor_async.py
[2025-03-12T20:55:18.608+0000] {processor.py:840} INFO - DAG(s) 'example_time_delta_sensor_async' retrieved from /home/airflow/.local/lib/python3.12/site-packages/airflow/example_dags/example_time_delta_sensor_async.py
[2025-03-12T20:55:18.619+0000] {logging_mixin.py:188} INFO - [2025-03-12T20:55:18.619+0000] {dag.py:3089} INFO - Sync 1 DAGs
[2025-03-12T20:55:18.625+0000] {logging_mixin.py:188} INFO - [2025-03-12T20:55:18.625+0000] {dag.py:3947} INFO - Setting next_dagrun for example_time_delta_sensor_async to None, run_after=None
[2025-03-12T20:55:18.638+0000] {processor.py:183} INFO - Processing /home/airflow/.local/lib/python3.12/site-packages/airflow/example_dags/example_time_delta_sensor_async.py took 0.038 seconds
[2025-03-12T20:55:51.139+0000] {processor.py:161} INFO - Started process (PID=3267) to work on /home/airflow/.local/lib/python3.12/site-packages/airflow/example_dags/example_time_delta_sensor_async.py
[2025-03-12T20:55:51.139+0000] {processor.py:830} INFO - Processing file /home/airflow/.local/lib/python3.12/site-packages/airflow/example_dags/example_time_delta_sensor_async.py for tasks to queue
[2025-03-12T20:55:51.141+0000] {logging_mixin.py:188} INFO - [2025-03-12T20:55:51.141+0000] {dagbag.py:545} INFO - Filling up the DagBag from /home/airflow/.local/lib/python3.12/site-packages/airflow/example_dags/example_time_delta_sensor_async.py
[2025-03-12T20:55:51.144+0000] {processor.py:840} INFO - DAG(s) 'example_time_delta_sensor_async' retrieved from /home/airflow/.local/lib/python3.12/site-packages/airflow/example_dags/example_time_delta_sensor_async.py
[2025-03-12T20:55:51.155+0000] {logging_mixin.py:188} INFO - [2025-03-12T20:55:51.155+0000] {dag.py:3089} INFO - Sync 1 DAGs
[2025-03-12T20:55:51.160+0000] {logging_mixin.py:188} INFO - [2025-03-12T20:55:51.160+0000] {dag.py:3947} INFO - Setting next_dagrun for example_time_delta_sensor_async to None, run_after=None
[2025-03-12T20:55:51.170+0000] {processor.py:183} INFO - Processing /home/airflow/.local/lib/python3.12/site-packages/airflow/example_dags/example_time_delta_sensor_async.py took 0.034 seconds
[2025-03-12T20:56:24.036+0000] {processor.py:161} INFO - Started process (PID=3339) to work on /home/airflow/.local/lib/python3.12/site-packages/airflow/example_dags/example_time_delta_sensor_async.py
[2025-03-12T20:56:24.037+0000] {processor.py:830} INFO - Processing file /home/airflow/.local/lib/python3.12/site-packages/airflow/example_dags/example_time_delta_sensor_async.py for tasks to queue
[2025-03-12T20:56:24.038+0000] {logging_mixin.py:188} INFO - [2025-03-12T20:56:24.038+0000] {dagbag.py:545} INFO - Filling up the DagBag from /home/airflow/.local/lib/python3.12/site-packages/airflow/example_dags/example_time_delta_sensor_async.py
[2025-03-12T20:56:24.040+0000] {processor.py:840} INFO - DAG(s) 'example_time_delta_sensor_async' retrieved from /home/airflow/.local/lib/python3.12/site-packages/airflow/example_dags/example_time_delta_sensor_async.py
[2025-03-12T20:56:24.049+0000] {logging_mixin.py:188} INFO - [2025-03-12T20:56:24.049+0000] {dag.py:3089} INFO - Sync 1 DAGs
[2025-03-12T20:56:24.055+0000] {logging_mixin.py:188} INFO - [2025-03-12T20:56:24.055+0000] {dag.py:3947} INFO - Setting next_dagrun for example_time_delta_sensor_async to None, run_after=None
[2025-03-12T20:56:24.062+0000] {processor.py:183} INFO - Processing /home/airflow/.local/lib/python3.12/site-packages/airflow/example_dags/example_time_delta_sensor_async.py took 0.028 seconds
[2025-03-12T20:56:56.045+0000] {processor.py:161} INFO - Started process (PID=3417) to work on /home/airflow/.local/lib/python3.12/site-packages/airflow/example_dags/example_time_delta_sensor_async.py
[2025-03-12T20:56:56.046+0000] {processor.py:830} INFO - Processing file /home/airflow/.local/lib/python3.12/site-packages/airflow/example_dags/example_time_delta_sensor_async.py for tasks to queue
[2025-03-12T20:56:56.049+0000] {logging_mixin.py:188} INFO - [2025-03-12T20:56:56.049+0000] {dagbag.py:545} INFO - Filling up the DagBag from /home/airflow/.local/lib/python3.12/site-packages/airflow/example_dags/example_time_delta_sensor_async.py
[2025-03-12T20:56:56.051+0000] {processor.py:840} INFO - DAG(s) 'example_time_delta_sensor_async' retrieved from /home/airflow/.local/lib/python3.12/site-packages/airflow/example_dags/example_time_delta_sensor_async.py
[2025-03-12T20:56:56.063+0000] {logging_mixin.py:188} INFO - [2025-03-12T20:56:56.063+0000] {dag.py:3089} INFO - Sync 1 DAGs
[2025-03-12T20:56:56.070+0000] {logging_mixin.py:188} INFO - [2025-03-12T20:56:56.070+0000] {dag.py:3947} INFO - Setting next_dagrun for example_time_delta_sensor_async to None, run_after=None
[2025-03-12T20:56:56.081+0000] {processor.py:183} INFO - Processing /home/airflow/.local/lib/python3.12/site-packages/airflow/example_dags/example_time_delta_sensor_async.py took 0.040 seconds
[2025-03-12T20:57:28.634+0000] {processor.py:161} INFO - Started process (PID=3488) to work on /home/airflow/.local/lib/python3.12/site-packages/airflow/example_dags/example_time_delta_sensor_async.py
[2025-03-12T20:57:28.634+0000] {processor.py:830} INFO - Processing file /home/airflow/.local/lib/python3.12/site-packages/airflow/example_dags/example_time_delta_sensor_async.py for tasks to queue
[2025-03-12T20:57:28.635+0000] {logging_mixin.py:188} INFO - [2025-03-12T20:57:28.635+0000] {dagbag.py:545} INFO - Filling up the DagBag from /home/airflow/.local/lib/python3.12/site-packages/airflow/example_dags/example_time_delta_sensor_async.py
[2025-03-12T20:57:28.639+0000] {processor.py:840} INFO - DAG(s) 'example_time_delta_sensor_async' retrieved from /home/airflow/.local/lib/python3.12/site-packages/airflow/example_dags/example_time_delta_sensor_async.py
[2025-03-12T20:57:28.647+0000] {logging_mixin.py:188} INFO - [2025-03-12T20:57:28.647+0000] {dag.py:3089} INFO - Sync 1 DAGs
[2025-03-12T20:57:28.652+0000] {logging_mixin.py:188} INFO - [2025-03-12T20:57:28.652+0000] {dag.py:3947} INFO - Setting next_dagrun for example_time_delta_sensor_async to None, run_after=None
[2025-03-12T20:57:28.664+0000] {processor.py:183} INFO - Processing /home/airflow/.local/lib/python3.12/site-packages/airflow/example_dags/example_time_delta_sensor_async.py took 0.033 seconds
[2025-03-12T20:58:01.136+0000] {processor.py:161} INFO - Started process (PID=3560) to work on /home/airflow/.local/lib/python3.12/site-packages/airflow/example_dags/example_time_delta_sensor_async.py
[2025-03-12T20:58:01.137+0000] {processor.py:830} INFO - Processing file /home/airflow/.local/lib/python3.12/site-packages/airflow/example_dags/example_time_delta_sensor_async.py for tasks to queue
[2025-03-12T20:58:01.138+0000] {logging_mixin.py:188} INFO - [2025-03-12T20:58:01.138+0000] {dagbag.py:545} INFO - Filling up the DagBag from /home/airflow/.local/lib/python3.12/site-packages/airflow/example_dags/example_time_delta_sensor_async.py
[2025-03-12T20:58:01.140+0000] {processor.py:840} INFO - DAG(s) 'example_time_delta_sensor_async' retrieved from /home/airflow/.local/lib/python3.12/site-packages/airflow/example_dags/example_time_delta_sensor_async.py
[2025-03-12T20:58:01.149+0000] {logging_mixin.py:188} INFO - [2025-03-12T20:58:01.149+0000] {dag.py:3089} INFO - Sync 1 DAGs
[2025-03-12T20:58:01.155+0000] {logging_mixin.py:188} INFO - [2025-03-12T20:58:01.155+0000] {dag.py:3947} INFO - Setting next_dagrun for example_time_delta_sensor_async to None, run_after=None
[2025-03-12T20:58:01.165+0000] {processor.py:183} INFO - Processing /home/airflow/.local/lib/python3.12/site-packages/airflow/example_dags/example_time_delta_sensor_async.py took 0.032 seconds
[2025-03-12T20:58:33.816+0000] {processor.py:161} INFO - Started process (PID=3632) to work on /home/airflow/.local/lib/python3.12/site-packages/airflow/example_dags/example_time_delta_sensor_async.py
[2025-03-12T20:58:33.818+0000] {processor.py:830} INFO - Processing file /home/airflow/.local/lib/python3.12/site-packages/airflow/example_dags/example_time_delta_sensor_async.py for tasks to queue
[2025-03-12T20:58:33.822+0000] {logging_mixin.py:188} INFO - [2025-03-12T20:58:33.821+0000] {dagbag.py:545} INFO - Filling up the DagBag from /home/airflow/.local/lib/python3.12/site-packages/airflow/example_dags/example_time_delta_sensor_async.py
[2025-03-12T20:58:33.824+0000] {processor.py:840} INFO - DAG(s) 'example_time_delta_sensor_async' retrieved from /home/airflow/.local/lib/python3.12/site-packages/airflow/example_dags/example_time_delta_sensor_async.py
[2025-03-12T20:58:33.836+0000] {logging_mixin.py:188} INFO - [2025-03-12T20:58:33.836+0000] {dag.py:3089} INFO - Sync 1 DAGs
[2025-03-12T20:58:33.843+0000] {logging_mixin.py:188} INFO - [2025-03-12T20:58:33.843+0000] {dag.py:3947} INFO - Setting next_dagrun for example_time_delta_sensor_async to None, run_after=None
[2025-03-12T20:58:33.852+0000] {processor.py:183} INFO - Processing /home/airflow/.local/lib/python3.12/site-packages/airflow/example_dags/example_time_delta_sensor_async.py took 0.040 seconds
[2025-03-12T20:59:06.434+0000] {processor.py:161} INFO - Started process (PID=3704) to work on /home/airflow/.local/lib/python3.12/site-packages/airflow/example_dags/example_time_delta_sensor_async.py
[2025-03-12T20:59:06.434+0000] {processor.py:830} INFO - Processing file /home/airflow/.local/lib/python3.12/site-packages/airflow/example_dags/example_time_delta_sensor_async.py for tasks to queue
[2025-03-12T20:59:06.435+0000] {logging_mixin.py:188} INFO - [2025-03-12T20:59:06.435+0000] {dagbag.py:545} INFO - Filling up the DagBag from /home/airflow/.local/lib/python3.12/site-packages/airflow/example_dags/example_time_delta_sensor_async.py
[2025-03-12T20:59:06.437+0000] {processor.py:840} INFO - DAG(s) 'example_time_delta_sensor_async' retrieved from /home/airflow/.local/lib/python3.12/site-packages/airflow/example_dags/example_time_delta_sensor_async.py
[2025-03-12T20:59:06.447+0000] {logging_mixin.py:188} INFO - [2025-03-12T20:59:06.447+0000] {dag.py:3089} INFO - Sync 1 DAGs
[2025-03-12T20:59:06.453+0000] {logging_mixin.py:188} INFO - [2025-03-12T20:59:06.453+0000] {dag.py:3947} INFO - Setting next_dagrun for example_time_delta_sensor_async to None, run_after=None
[2025-03-12T20:59:06.466+0000] {processor.py:183} INFO - Processing /home/airflow/.local/lib/python3.12/site-packages/airflow/example_dags/example_time_delta_sensor_async.py took 0.034 seconds
[2025-03-12T20:59:38.947+0000] {processor.py:161} INFO - Started process (PID=3775) to work on /home/airflow/.local/lib/python3.12/site-packages/airflow/example_dags/example_time_delta_sensor_async.py
[2025-03-12T20:59:38.947+0000] {processor.py:830} INFO - Processing file /home/airflow/.local/lib/python3.12/site-packages/airflow/example_dags/example_time_delta_sensor_async.py for tasks to queue
[2025-03-12T20:59:38.948+0000] {logging_mixin.py:188} INFO - [2025-03-12T20:59:38.948+0000] {dagbag.py:545} INFO - Filling up the DagBag from /home/airflow/.local/lib/python3.12/site-packages/airflow/example_dags/example_time_delta_sensor_async.py
[2025-03-12T20:59:38.950+0000] {processor.py:840} INFO - DAG(s) 'example_time_delta_sensor_async' retrieved from /home/airflow/.local/lib/python3.12/site-packages/airflow/example_dags/example_time_delta_sensor_async.py
[2025-03-12T20:59:38.959+0000] {logging_mixin.py:188} INFO - [2025-03-12T20:59:38.959+0000] {dag.py:3089} INFO - Sync 1 DAGs
[2025-03-12T20:59:38.963+0000] {logging_mixin.py:188} INFO - [2025-03-12T20:59:38.963+0000] {dag.py:3947} INFO - Setting next_dagrun for example_time_delta_sensor_async to None, run_after=None
[2025-03-12T20:59:38.970+0000] {processor.py:183} INFO - Processing /home/airflow/.local/lib/python3.12/site-packages/airflow/example_dags/example_time_delta_sensor_async.py took 0.026 seconds
[2025-03-12T21:00:11.396+0000] {processor.py:161} INFO - Started process (PID=3847) to work on /home/airflow/.local/lib/python3.12/site-packages/airflow/example_dags/example_time_delta_sensor_async.py
[2025-03-12T21:00:11.396+0000] {processor.py:830} INFO - Processing file /home/airflow/.local/lib/python3.12/site-packages/airflow/example_dags/example_time_delta_sensor_async.py for tasks to queue
[2025-03-12T21:00:11.397+0000] {logging_mixin.py:188} INFO - [2025-03-12T21:00:11.397+0000] {dagbag.py:545} INFO - Filling up the DagBag from /home/airflow/.local/lib/python3.12/site-packages/airflow/example_dags/example_time_delta_sensor_async.py
[2025-03-12T21:00:11.399+0000] {processor.py:840} INFO - DAG(s) 'example_time_delta_sensor_async' retrieved from /home/airflow/.local/lib/python3.12/site-packages/airflow/example_dags/example_time_delta_sensor_async.py
[2025-03-12T21:00:11.410+0000] {logging_mixin.py:188} INFO - [2025-03-12T21:00:11.410+0000] {dag.py:3089} INFO - Sync 1 DAGs
[2025-03-12T21:00:11.416+0000] {logging_mixin.py:188} INFO - [2025-03-12T21:00:11.416+0000] {dag.py:3947} INFO - Setting next_dagrun for example_time_delta_sensor_async to None, run_after=None
[2025-03-12T21:00:11.425+0000] {processor.py:183} INFO - Processing /home/airflow/.local/lib/python3.12/site-packages/airflow/example_dags/example_time_delta_sensor_async.py took 0.032 seconds
[2025-03-12T21:00:43.871+0000] {processor.py:161} INFO - Started process (PID=3919) to work on /home/airflow/.local/lib/python3.12/site-packages/airflow/example_dags/example_time_delta_sensor_async.py
[2025-03-12T21:00:43.872+0000] {processor.py:830} INFO - Processing file /home/airflow/.local/lib/python3.12/site-packages/airflow/example_dags/example_time_delta_sensor_async.py for tasks to queue
[2025-03-12T21:00:43.873+0000] {logging_mixin.py:188} INFO - [2025-03-12T21:00:43.873+0000] {dagbag.py:545} INFO - Filling up the DagBag from /home/airflow/.local/lib/python3.12/site-packages/airflow/example_dags/example_time_delta_sensor_async.py
[2025-03-12T21:00:43.875+0000] {processor.py:840} INFO - DAG(s) 'example_time_delta_sensor_async' retrieved from /home/airflow/.local/lib/python3.12/site-packages/airflow/example_dags/example_time_delta_sensor_async.py
[2025-03-12T21:00:43.886+0000] {logging_mixin.py:188} INFO - [2025-03-12T21:00:43.886+0000] {dag.py:3089} INFO - Sync 1 DAGs
[2025-03-12T21:00:43.894+0000] {logging_mixin.py:188} INFO - [2025-03-12T21:00:43.894+0000] {dag.py:3947} INFO - Setting next_dagrun for example_time_delta_sensor_async to None, run_after=None
[2025-03-12T21:00:43.903+0000] {processor.py:183} INFO - Processing /home/airflow/.local/lib/python3.12/site-packages/airflow/example_dags/example_time_delta_sensor_async.py took 0.034 seconds
[2025-03-12T21:01:16.551+0000] {processor.py:161} INFO - Started process (PID=3990) to work on /home/airflow/.local/lib/python3.12/site-packages/airflow/example_dags/example_time_delta_sensor_async.py
[2025-03-12T21:01:16.551+0000] {processor.py:830} INFO - Processing file /home/airflow/.local/lib/python3.12/site-packages/airflow/example_dags/example_time_delta_sensor_async.py for tasks to queue
[2025-03-12T21:01:16.552+0000] {logging_mixin.py:188} INFO - [2025-03-12T21:01:16.552+0000] {dagbag.py:545} INFO - Filling up the DagBag from /home/airflow/.local/lib/python3.12/site-packages/airflow/example_dags/example_time_delta_sensor_async.py
[2025-03-12T21:01:16.554+0000] {processor.py:840} INFO - DAG(s) 'example_time_delta_sensor_async' retrieved from /home/airflow/.local/lib/python3.12/site-packages/airflow/example_dags/example_time_delta_sensor_async.py
[2025-03-12T21:01:16.564+0000] {logging_mixin.py:188} INFO - [2025-03-12T21:01:16.564+0000] {dag.py:3089} INFO - Sync 1 DAGs
[2025-03-12T21:01:16.569+0000] {logging_mixin.py:188} INFO - [2025-03-12T21:01:16.569+0000] {dag.py:3947} INFO - Setting next_dagrun for example_time_delta_sensor_async to None, run_after=None
[2025-03-12T21:01:16.577+0000] {processor.py:183} INFO - Processing /home/airflow/.local/lib/python3.12/site-packages/airflow/example_dags/example_time_delta_sensor_async.py took 0.028 seconds
[2025-03-12T21:01:49.088+0000] {processor.py:161} INFO - Started process (PID=4062) to work on /home/airflow/.local/lib/python3.12/site-packages/airflow/example_dags/example_time_delta_sensor_async.py
[2025-03-12T21:01:49.088+0000] {processor.py:830} INFO - Processing file /home/airflow/.local/lib/python3.12/site-packages/airflow/example_dags/example_time_delta_sensor_async.py for tasks to queue
[2025-03-12T21:01:49.089+0000] {logging_mixin.py:188} INFO - [2025-03-12T21:01:49.088+0000] {dagbag.py:545} INFO - Filling up the DagBag from /home/airflow/.local/lib/python3.12/site-packages/airflow/example_dags/example_time_delta_sensor_async.py
[2025-03-12T21:01:49.090+0000] {processor.py:840} INFO - DAG(s) 'example_time_delta_sensor_async' retrieved from /home/airflow/.local/lib/python3.12/site-packages/airflow/example_dags/example_time_delta_sensor_async.py
[2025-03-12T21:01:49.098+0000] {logging_mixin.py:188} INFO - [2025-03-12T21:01:49.098+0000] {dag.py:3089} INFO - Sync 1 DAGs
[2025-03-12T21:01:49.103+0000] {logging_mixin.py:188} INFO - [2025-03-12T21:01:49.103+0000] {dag.py:3947} INFO - Setting next_dagrun for example_time_delta_sensor_async to None, run_after=None
[2025-03-12T21:01:49.109+0000] {processor.py:183} INFO - Processing /home/airflow/.local/lib/python3.12/site-packages/airflow/example_dags/example_time_delta_sensor_async.py took 0.024 seconds
[2025-03-12T21:02:21.717+0000] {processor.py:161} INFO - Started process (PID=4134) to work on /home/airflow/.local/lib/python3.12/site-packages/airflow/example_dags/example_time_delta_sensor_async.py
[2025-03-12T21:02:21.718+0000] {processor.py:830} INFO - Processing file /home/airflow/.local/lib/python3.12/site-packages/airflow/example_dags/example_time_delta_sensor_async.py for tasks to queue
[2025-03-12T21:02:21.719+0000] {logging_mixin.py:188} INFO - [2025-03-12T21:02:21.719+0000] {dagbag.py:545} INFO - Filling up the DagBag from /home/airflow/.local/lib/python3.12/site-packages/airflow/example_dags/example_time_delta_sensor_async.py
[2025-03-12T21:02:21.722+0000] {processor.py:840} INFO - DAG(s) 'example_time_delta_sensor_async' retrieved from /home/airflow/.local/lib/python3.12/site-packages/airflow/example_dags/example_time_delta_sensor_async.py
[2025-03-12T21:02:21.731+0000] {logging_mixin.py:188} INFO - [2025-03-12T21:02:21.731+0000] {dag.py:3089} INFO - Sync 1 DAGs
[2025-03-12T21:02:21.736+0000] {logging_mixin.py:188} INFO - [2025-03-12T21:02:21.736+0000] {dag.py:3947} INFO - Setting next_dagrun for example_time_delta_sensor_async to None, run_after=None
[2025-03-12T21:02:21.744+0000] {processor.py:183} INFO - Processing /home/airflow/.local/lib/python3.12/site-packages/airflow/example_dags/example_time_delta_sensor_async.py took 0.029 seconds
[2025-03-12T21:02:54.565+0000] {processor.py:161} INFO - Started process (PID=4206) to work on /home/airflow/.local/lib/python3.12/site-packages/airflow/example_dags/example_time_delta_sensor_async.py
[2025-03-12T21:02:54.566+0000] {processor.py:830} INFO - Processing file /home/airflow/.local/lib/python3.12/site-packages/airflow/example_dags/example_time_delta_sensor_async.py for tasks to queue
[2025-03-12T21:02:54.567+0000] {logging_mixin.py:188} INFO - [2025-03-12T21:02:54.567+0000] {dagbag.py:545} INFO - Filling up the DagBag from /home/airflow/.local/lib/python3.12/site-packages/airflow/example_dags/example_time_delta_sensor_async.py
[2025-03-12T21:02:54.570+0000] {processor.py:840} INFO - DAG(s) 'example_time_delta_sensor_async' retrieved from /home/airflow/.local/lib/python3.12/site-packages/airflow/example_dags/example_time_delta_sensor_async.py
[2025-03-12T21:02:54.579+0000] {logging_mixin.py:188} INFO - [2025-03-12T21:02:54.579+0000] {dag.py:3089} INFO - Sync 1 DAGs
[2025-03-12T21:02:54.585+0000] {logging_mixin.py:188} INFO - [2025-03-12T21:02:54.585+0000] {dag.py:3947} INFO - Setting next_dagrun for example_time_delta_sensor_async to None, run_after=None
[2025-03-12T21:02:54.594+0000] {processor.py:183} INFO - Processing /home/airflow/.local/lib/python3.12/site-packages/airflow/example_dags/example_time_delta_sensor_async.py took 0.032 seconds
[2025-03-12T21:03:27.050+0000] {processor.py:161} INFO - Started process (PID=4284) to work on /home/airflow/.local/lib/python3.12/site-packages/airflow/example_dags/example_time_delta_sensor_async.py
[2025-03-12T21:03:27.051+0000] {processor.py:830} INFO - Processing file /home/airflow/.local/lib/python3.12/site-packages/airflow/example_dags/example_time_delta_sensor_async.py for tasks to queue
[2025-03-12T21:03:27.052+0000] {logging_mixin.py:188} INFO - [2025-03-12T21:03:27.052+0000] {dagbag.py:545} INFO - Filling up the DagBag from /home/airflow/.local/lib/python3.12/site-packages/airflow/example_dags/example_time_delta_sensor_async.py
[2025-03-12T21:03:27.055+0000] {processor.py:840} INFO - DAG(s) 'example_time_delta_sensor_async' retrieved from /home/airflow/.local/lib/python3.12/site-packages/airflow/example_dags/example_time_delta_sensor_async.py
[2025-03-12T21:03:27.064+0000] {logging_mixin.py:188} INFO - [2025-03-12T21:03:27.064+0000] {dag.py:3089} INFO - Sync 1 DAGs
[2025-03-12T21:03:27.070+0000] {logging_mixin.py:188} INFO - [2025-03-12T21:03:27.070+0000] {dag.py:3947} INFO - Setting next_dagrun for example_time_delta_sensor_async to None, run_after=None
[2025-03-12T21:03:27.078+0000] {processor.py:183} INFO - Processing /home/airflow/.local/lib/python3.12/site-packages/airflow/example_dags/example_time_delta_sensor_async.py took 0.030 seconds
