[2025-03-12T20:32:26.990+0000] {processor.py:161} INFO - Started process (PID=101) to work on /home/airflow/.local/lib/python3.12/site-packages/airflow/example_dags/example_branch_operator_decorator.py
[2025-03-12T20:32:26.992+0000] {processor.py:830} INFO - Processing file /home/airflow/.local/lib/python3.12/site-packages/airflow/example_dags/example_branch_operator_decorator.py for tasks to queue
[2025-03-12T20:32:26.995+0000] {logging_mixin.py:188} INFO - [2025-03-12T20:32:26.994+0000] {dagbag.py:545} INFO - Filling up the DagBag from /home/airflow/.local/lib/python3.12/site-packages/airflow/example_dags/example_branch_operator_decorator.py
[2025-03-12T20:32:27.020+0000] {processor.py:840} INFO - DAG(s) 'example_branch_python_operator_decorator' retrieved from /home/airflow/.local/lib/python3.12/site-packages/airflow/example_dags/example_branch_operator_decorator.py
[2025-03-12T20:32:27.196+0000] {logging_mixin.py:188} INFO - [2025-03-12T20:32:27.196+0000] {dag.py:3089} INFO - Sync 1 DAGs
[2025-03-12T20:32:27.217+0000] {logging_mixin.py:188} INFO - [2025-03-12T20:32:27.217+0000] {dag.py:3947} INFO - Setting next_dagrun for example_branch_python_operator_decorator to 2025-03-11 00:00:00+00:00, run_after=2025-03-12 00:00:00+00:00
[2025-03-12T20:32:27.233+0000] {processor.py:183} INFO - Processing /home/airflow/.local/lib/python3.12/site-packages/airflow/example_dags/example_branch_operator_decorator.py took 0.249 seconds
[2025-03-12T20:33:00.890+0000] {processor.py:161} INFO - Started process (PID=229) to work on /home/airflow/.local/lib/python3.12/site-packages/airflow/example_dags/example_branch_operator_decorator.py
[2025-03-12T20:33:00.891+0000] {processor.py:830} INFO - Processing file /home/airflow/.local/lib/python3.12/site-packages/airflow/example_dags/example_branch_operator_decorator.py for tasks to queue
[2025-03-12T20:33:00.891+0000] {logging_mixin.py:188} INFO - [2025-03-12T20:33:00.891+0000] {dagbag.py:545} INFO - Filling up the DagBag from /home/airflow/.local/lib/python3.12/site-packages/airflow/example_dags/example_branch_operator_decorator.py
[2025-03-12T20:33:00.903+0000] {processor.py:840} INFO - DAG(s) 'example_branch_python_operator_decorator' retrieved from /home/airflow/.local/lib/python3.12/site-packages/airflow/example_dags/example_branch_operator_decorator.py
[2025-03-12T20:33:00.916+0000] {logging_mixin.py:188} INFO - [2025-03-12T20:33:00.916+0000] {dag.py:3089} INFO - Sync 1 DAGs
[2025-03-12T20:33:00.928+0000] {logging_mixin.py:188} INFO - [2025-03-12T20:33:00.928+0000] {dag.py:3947} INFO - Setting next_dagrun for example_branch_python_operator_decorator to 2025-03-11 00:00:00+00:00, run_after=2025-03-12 00:00:00+00:00
[2025-03-12T20:33:00.938+0000] {processor.py:183} INFO - Processing /home/airflow/.local/lib/python3.12/site-packages/airflow/example_dags/example_branch_operator_decorator.py took 0.052 seconds
[2025-03-12T20:33:34.184+0000] {processor.py:161} INFO - Started process (PID=305) to work on /home/airflow/.local/lib/python3.12/site-packages/airflow/example_dags/example_branch_operator_decorator.py
[2025-03-12T20:33:34.184+0000] {processor.py:830} INFO - Processing file /home/airflow/.local/lib/python3.12/site-packages/airflow/example_dags/example_branch_operator_decorator.py for tasks to queue
[2025-03-12T20:33:34.185+0000] {logging_mixin.py:188} INFO - [2025-03-12T20:33:34.185+0000] {dagbag.py:545} INFO - Filling up the DagBag from /home/airflow/.local/lib/python3.12/site-packages/airflow/example_dags/example_branch_operator_decorator.py
[2025-03-12T20:33:34.198+0000] {processor.py:840} INFO - DAG(s) 'example_branch_python_operator_decorator' retrieved from /home/airflow/.local/lib/python3.12/site-packages/airflow/example_dags/example_branch_operator_decorator.py
[2025-03-12T20:33:34.213+0000] {logging_mixin.py:188} INFO - [2025-03-12T20:33:34.212+0000] {dag.py:3089} INFO - Sync 1 DAGs
[2025-03-12T20:33:34.224+0000] {logging_mixin.py:188} INFO - [2025-03-12T20:33:34.223+0000] {dag.py:3947} INFO - Setting next_dagrun for example_branch_python_operator_decorator to 2025-03-11 00:00:00+00:00, run_after=2025-03-12 00:00:00+00:00
[2025-03-12T20:33:34.234+0000] {processor.py:183} INFO - Processing /home/airflow/.local/lib/python3.12/site-packages/airflow/example_dags/example_branch_operator_decorator.py took 0.053 seconds
[2025-03-12T20:34:07.117+0000] {processor.py:161} INFO - Started process (PID=377) to work on /home/airflow/.local/lib/python3.12/site-packages/airflow/example_dags/example_branch_operator_decorator.py
[2025-03-12T20:34:07.117+0000] {processor.py:830} INFO - Processing file /home/airflow/.local/lib/python3.12/site-packages/airflow/example_dags/example_branch_operator_decorator.py for tasks to queue
[2025-03-12T20:34:07.118+0000] {logging_mixin.py:188} INFO - [2025-03-12T20:34:07.118+0000] {dagbag.py:545} INFO - Filling up the DagBag from /home/airflow/.local/lib/python3.12/site-packages/airflow/example_dags/example_branch_operator_decorator.py
[2025-03-12T20:34:07.130+0000] {processor.py:840} INFO - DAG(s) 'example_branch_python_operator_decorator' retrieved from /home/airflow/.local/lib/python3.12/site-packages/airflow/example_dags/example_branch_operator_decorator.py
[2025-03-12T20:34:07.143+0000] {logging_mixin.py:188} INFO - [2025-03-12T20:34:07.143+0000] {dag.py:3089} INFO - Sync 1 DAGs
[2025-03-12T20:34:07.155+0000] {logging_mixin.py:188} INFO - [2025-03-12T20:34:07.155+0000] {dag.py:3947} INFO - Setting next_dagrun for example_branch_python_operator_decorator to 2025-03-11 00:00:00+00:00, run_after=2025-03-12 00:00:00+00:00
[2025-03-12T20:34:07.170+0000] {processor.py:183} INFO - Processing /home/airflow/.local/lib/python3.12/site-packages/airflow/example_dags/example_branch_operator_decorator.py took 0.056 seconds
[2025-03-12T20:34:39.779+0000] {processor.py:161} INFO - Started process (PID=449) to work on /home/airflow/.local/lib/python3.12/site-packages/airflow/example_dags/example_branch_operator_decorator.py
[2025-03-12T20:34:39.779+0000] {processor.py:830} INFO - Processing file /home/airflow/.local/lib/python3.12/site-packages/airflow/example_dags/example_branch_operator_decorator.py for tasks to queue
[2025-03-12T20:34:39.780+0000] {logging_mixin.py:188} INFO - [2025-03-12T20:34:39.780+0000] {dagbag.py:545} INFO - Filling up the DagBag from /home/airflow/.local/lib/python3.12/site-packages/airflow/example_dags/example_branch_operator_decorator.py
[2025-03-12T20:34:39.790+0000] {processor.py:840} INFO - DAG(s) 'example_branch_python_operator_decorator' retrieved from /home/airflow/.local/lib/python3.12/site-packages/airflow/example_dags/example_branch_operator_decorator.py
[2025-03-12T20:34:39.805+0000] {logging_mixin.py:188} INFO - [2025-03-12T20:34:39.805+0000] {dag.py:3089} INFO - Sync 1 DAGs
[2025-03-12T20:34:39.814+0000] {logging_mixin.py:188} INFO - [2025-03-12T20:34:39.814+0000] {dag.py:3947} INFO - Setting next_dagrun for example_branch_python_operator_decorator to 2025-03-11 00:00:00+00:00, run_after=2025-03-12 00:00:00+00:00
[2025-03-12T20:34:39.821+0000] {processor.py:183} INFO - Processing /home/airflow/.local/lib/python3.12/site-packages/airflow/example_dags/example_branch_operator_decorator.py took 0.045 seconds
[2025-03-12T20:35:12.894+0000] {processor.py:161} INFO - Started process (PID=521) to work on /home/airflow/.local/lib/python3.12/site-packages/airflow/example_dags/example_branch_operator_decorator.py
[2025-03-12T20:35:12.894+0000] {processor.py:830} INFO - Processing file /home/airflow/.local/lib/python3.12/site-packages/airflow/example_dags/example_branch_operator_decorator.py for tasks to queue
[2025-03-12T20:35:12.895+0000] {logging_mixin.py:188} INFO - [2025-03-12T20:35:12.895+0000] {dagbag.py:545} INFO - Filling up the DagBag from /home/airflow/.local/lib/python3.12/site-packages/airflow/example_dags/example_branch_operator_decorator.py
[2025-03-12T20:35:12.904+0000] {processor.py:840} INFO - DAG(s) 'example_branch_python_operator_decorator' retrieved from /home/airflow/.local/lib/python3.12/site-packages/airflow/example_dags/example_branch_operator_decorator.py
[2025-03-12T20:35:12.917+0000] {logging_mixin.py:188} INFO - [2025-03-12T20:35:12.917+0000] {dag.py:3089} INFO - Sync 1 DAGs
[2025-03-12T20:35:12.930+0000] {logging_mixin.py:188} INFO - [2025-03-12T20:35:12.930+0000] {dag.py:3947} INFO - Setting next_dagrun for example_branch_python_operator_decorator to 2025-03-11 00:00:00+00:00, run_after=2025-03-12 00:00:00+00:00
[2025-03-12T20:35:12.940+0000] {processor.py:183} INFO - Processing /home/airflow/.local/lib/python3.12/site-packages/airflow/example_dags/example_branch_operator_decorator.py took 0.049 seconds
[2025-03-12T20:35:46.348+0000] {processor.py:161} INFO - Started process (PID=593) to work on /home/airflow/.local/lib/python3.12/site-packages/airflow/example_dags/example_branch_operator_decorator.py
[2025-03-12T20:35:46.348+0000] {processor.py:830} INFO - Processing file /home/airflow/.local/lib/python3.12/site-packages/airflow/example_dags/example_branch_operator_decorator.py for tasks to queue
[2025-03-12T20:35:46.349+0000] {logging_mixin.py:188} INFO - [2025-03-12T20:35:46.348+0000] {dagbag.py:545} INFO - Filling up the DagBag from /home/airflow/.local/lib/python3.12/site-packages/airflow/example_dags/example_branch_operator_decorator.py
[2025-03-12T20:35:46.356+0000] {processor.py:840} INFO - DAG(s) 'example_branch_python_operator_decorator' retrieved from /home/airflow/.local/lib/python3.12/site-packages/airflow/example_dags/example_branch_operator_decorator.py
[2025-03-12T20:35:46.367+0000] {logging_mixin.py:188} INFO - [2025-03-12T20:35:46.367+0000] {dag.py:3089} INFO - Sync 1 DAGs
[2025-03-12T20:35:46.444+0000] {logging_mixin.py:188} INFO - [2025-03-12T20:35:46.444+0000] {dag.py:3947} INFO - Setting next_dagrun for example_branch_python_operator_decorator to 2025-03-11 00:00:00+00:00, run_after=2025-03-12 00:00:00+00:00
[2025-03-12T20:35:46.451+0000] {processor.py:183} INFO - Processing /home/airflow/.local/lib/python3.12/site-packages/airflow/example_dags/example_branch_operator_decorator.py took 0.105 seconds
[2025-03-12T20:36:18.469+0000] {processor.py:161} INFO - Started process (PID=665) to work on /home/airflow/.local/lib/python3.12/site-packages/airflow/example_dags/example_branch_operator_decorator.py
[2025-03-12T20:36:18.469+0000] {processor.py:830} INFO - Processing file /home/airflow/.local/lib/python3.12/site-packages/airflow/example_dags/example_branch_operator_decorator.py for tasks to queue
[2025-03-12T20:36:18.470+0000] {logging_mixin.py:188} INFO - [2025-03-12T20:36:18.470+0000] {dagbag.py:545} INFO - Filling up the DagBag from /home/airflow/.local/lib/python3.12/site-packages/airflow/example_dags/example_branch_operator_decorator.py
[2025-03-12T20:36:18.478+0000] {processor.py:840} INFO - DAG(s) 'example_branch_python_operator_decorator' retrieved from /home/airflow/.local/lib/python3.12/site-packages/airflow/example_dags/example_branch_operator_decorator.py
[2025-03-12T20:36:18.489+0000] {logging_mixin.py:188} INFO - [2025-03-12T20:36:18.489+0000] {dag.py:3089} INFO - Sync 1 DAGs
[2025-03-12T20:36:18.570+0000] {logging_mixin.py:188} INFO - [2025-03-12T20:36:18.570+0000] {dag.py:3947} INFO - Setting next_dagrun for example_branch_python_operator_decorator to 2025-03-11 00:00:00+00:00, run_after=2025-03-12 00:00:00+00:00
[2025-03-12T20:36:18.576+0000] {processor.py:183} INFO - Processing /home/airflow/.local/lib/python3.12/site-packages/airflow/example_dags/example_branch_operator_decorator.py took 0.109 seconds
[2025-03-12T20:36:51.319+0000] {processor.py:161} INFO - Started process (PID=737) to work on /home/airflow/.local/lib/python3.12/site-packages/airflow/example_dags/example_branch_operator_decorator.py
[2025-03-12T20:36:51.320+0000] {processor.py:830} INFO - Processing file /home/airflow/.local/lib/python3.12/site-packages/airflow/example_dags/example_branch_operator_decorator.py for tasks to queue
[2025-03-12T20:36:51.321+0000] {logging_mixin.py:188} INFO - [2025-03-12T20:36:51.321+0000] {dagbag.py:545} INFO - Filling up the DagBag from /home/airflow/.local/lib/python3.12/site-packages/airflow/example_dags/example_branch_operator_decorator.py
[2025-03-12T20:36:51.331+0000] {processor.py:840} INFO - DAG(s) 'example_branch_python_operator_decorator' retrieved from /home/airflow/.local/lib/python3.12/site-packages/airflow/example_dags/example_branch_operator_decorator.py
[2025-03-12T20:36:51.343+0000] {logging_mixin.py:188} INFO - [2025-03-12T20:36:51.343+0000] {dag.py:3089} INFO - Sync 1 DAGs
[2025-03-12T20:36:51.353+0000] {logging_mixin.py:188} INFO - [2025-03-12T20:36:51.353+0000] {dag.py:3947} INFO - Setting next_dagrun for example_branch_python_operator_decorator to 2025-03-11 00:00:00+00:00, run_after=2025-03-12 00:00:00+00:00
[2025-03-12T20:36:51.451+0000] {processor.py:183} INFO - Processing /home/airflow/.local/lib/python3.12/site-packages/airflow/example_dags/example_branch_operator_decorator.py took 0.135 seconds
[2025-03-12T20:37:24.060+0000] {processor.py:161} INFO - Started process (PID=815) to work on /home/airflow/.local/lib/python3.12/site-packages/airflow/example_dags/example_branch_operator_decorator.py
[2025-03-12T20:37:24.061+0000] {processor.py:830} INFO - Processing file /home/airflow/.local/lib/python3.12/site-packages/airflow/example_dags/example_branch_operator_decorator.py for tasks to queue
[2025-03-12T20:37:24.062+0000] {logging_mixin.py:188} INFO - [2025-03-12T20:37:24.062+0000] {dagbag.py:545} INFO - Filling up the DagBag from /home/airflow/.local/lib/python3.12/site-packages/airflow/example_dags/example_branch_operator_decorator.py
[2025-03-12T20:37:24.072+0000] {processor.py:840} INFO - DAG(s) 'example_branch_python_operator_decorator' retrieved from /home/airflow/.local/lib/python3.12/site-packages/airflow/example_dags/example_branch_operator_decorator.py
[2025-03-12T20:37:24.087+0000] {logging_mixin.py:188} INFO - [2025-03-12T20:37:24.087+0000] {dag.py:3089} INFO - Sync 1 DAGs
[2025-03-12T20:37:24.099+0000] {logging_mixin.py:188} INFO - [2025-03-12T20:37:24.099+0000] {dag.py:3947} INFO - Setting next_dagrun for example_branch_python_operator_decorator to 2025-03-11 00:00:00+00:00, run_after=2025-03-12 00:00:00+00:00
[2025-03-12T20:37:24.108+0000] {processor.py:183} INFO - Processing /home/airflow/.local/lib/python3.12/site-packages/airflow/example_dags/example_branch_operator_decorator.py took 0.051 seconds
[2025-03-12T20:37:56.477+0000] {processor.py:161} INFO - Started process (PID=886) to work on /home/airflow/.local/lib/python3.12/site-packages/airflow/example_dags/example_branch_operator_decorator.py
[2025-03-12T20:37:56.478+0000] {processor.py:830} INFO - Processing file /home/airflow/.local/lib/python3.12/site-packages/airflow/example_dags/example_branch_operator_decorator.py for tasks to queue
[2025-03-12T20:37:56.479+0000] {logging_mixin.py:188} INFO - [2025-03-12T20:37:56.478+0000] {dagbag.py:545} INFO - Filling up the DagBag from /home/airflow/.local/lib/python3.12/site-packages/airflow/example_dags/example_branch_operator_decorator.py
[2025-03-12T20:37:56.488+0000] {processor.py:840} INFO - DAG(s) 'example_branch_python_operator_decorator' retrieved from /home/airflow/.local/lib/python3.12/site-packages/airflow/example_dags/example_branch_operator_decorator.py
[2025-03-12T20:37:56.499+0000] {logging_mixin.py:188} INFO - [2025-03-12T20:37:56.499+0000] {dag.py:3089} INFO - Sync 1 DAGs
[2025-03-12T20:37:56.512+0000] {logging_mixin.py:188} INFO - [2025-03-12T20:37:56.512+0000] {dag.py:3947} INFO - Setting next_dagrun for example_branch_python_operator_decorator to 2025-03-11 00:00:00+00:00, run_after=2025-03-12 00:00:00+00:00
[2025-03-12T20:37:56.524+0000] {processor.py:183} INFO - Processing /home/airflow/.local/lib/python3.12/site-packages/airflow/example_dags/example_branch_operator_decorator.py took 0.049 seconds
[2025-03-12T20:38:29.308+0000] {processor.py:161} INFO - Started process (PID=958) to work on /home/airflow/.local/lib/python3.12/site-packages/airflow/example_dags/example_branch_operator_decorator.py
[2025-03-12T20:38:29.309+0000] {processor.py:830} INFO - Processing file /home/airflow/.local/lib/python3.12/site-packages/airflow/example_dags/example_branch_operator_decorator.py for tasks to queue
[2025-03-12T20:38:29.310+0000] {logging_mixin.py:188} INFO - [2025-03-12T20:38:29.310+0000] {dagbag.py:545} INFO - Filling up the DagBag from /home/airflow/.local/lib/python3.12/site-packages/airflow/example_dags/example_branch_operator_decorator.py
[2025-03-12T20:38:29.320+0000] {processor.py:840} INFO - DAG(s) 'example_branch_python_operator_decorator' retrieved from /home/airflow/.local/lib/python3.12/site-packages/airflow/example_dags/example_branch_operator_decorator.py
[2025-03-12T20:38:29.332+0000] {logging_mixin.py:188} INFO - [2025-03-12T20:38:29.332+0000] {dag.py:3089} INFO - Sync 1 DAGs
[2025-03-12T20:38:29.343+0000] {logging_mixin.py:188} INFO - [2025-03-12T20:38:29.342+0000] {dag.py:3947} INFO - Setting next_dagrun for example_branch_python_operator_decorator to 2025-03-11 00:00:00+00:00, run_after=2025-03-12 00:00:00+00:00
[2025-03-12T20:38:29.353+0000] {processor.py:183} INFO - Processing /home/airflow/.local/lib/python3.12/site-packages/airflow/example_dags/example_branch_operator_decorator.py took 0.047 seconds
[2025-03-12T20:39:01.998+0000] {processor.py:161} INFO - Started process (PID=1030) to work on /home/airflow/.local/lib/python3.12/site-packages/airflow/example_dags/example_branch_operator_decorator.py
[2025-03-12T20:39:01.999+0000] {processor.py:830} INFO - Processing file /home/airflow/.local/lib/python3.12/site-packages/airflow/example_dags/example_branch_operator_decorator.py for tasks to queue
[2025-03-12T20:39:01.999+0000] {logging_mixin.py:188} INFO - [2025-03-12T20:39:01.999+0000] {dagbag.py:545} INFO - Filling up the DagBag from /home/airflow/.local/lib/python3.12/site-packages/airflow/example_dags/example_branch_operator_decorator.py
[2025-03-12T20:39:02.009+0000] {processor.py:840} INFO - DAG(s) 'example_branch_python_operator_decorator' retrieved from /home/airflow/.local/lib/python3.12/site-packages/airflow/example_dags/example_branch_operator_decorator.py
[2025-03-12T20:39:02.022+0000] {logging_mixin.py:188} INFO - [2025-03-12T20:39:02.022+0000] {dag.py:3089} INFO - Sync 1 DAGs
[2025-03-12T20:39:02.033+0000] {logging_mixin.py:188} INFO - [2025-03-12T20:39:02.032+0000] {dag.py:3947} INFO - Setting next_dagrun for example_branch_python_operator_decorator to 2025-03-11 00:00:00+00:00, run_after=2025-03-12 00:00:00+00:00
[2025-03-12T20:39:02.045+0000] {processor.py:183} INFO - Processing /home/airflow/.local/lib/python3.12/site-packages/airflow/example_dags/example_branch_operator_decorator.py took 0.049 seconds
[2025-03-12T20:39:34.539+0000] {processor.py:161} INFO - Started process (PID=1103) to work on /home/airflow/.local/lib/python3.12/site-packages/airflow/example_dags/example_branch_operator_decorator.py
[2025-03-12T20:39:34.539+0000] {processor.py:830} INFO - Processing file /home/airflow/.local/lib/python3.12/site-packages/airflow/example_dags/example_branch_operator_decorator.py for tasks to queue
[2025-03-12T20:39:34.540+0000] {logging_mixin.py:188} INFO - [2025-03-12T20:39:34.540+0000] {dagbag.py:545} INFO - Filling up the DagBag from /home/airflow/.local/lib/python3.12/site-packages/airflow/example_dags/example_branch_operator_decorator.py
[2025-03-12T20:39:34.549+0000] {processor.py:840} INFO - DAG(s) 'example_branch_python_operator_decorator' retrieved from /home/airflow/.local/lib/python3.12/site-packages/airflow/example_dags/example_branch_operator_decorator.py
[2025-03-12T20:39:34.566+0000] {logging_mixin.py:188} INFO - [2025-03-12T20:39:34.566+0000] {dag.py:3089} INFO - Sync 1 DAGs
[2025-03-12T20:39:34.575+0000] {logging_mixin.py:188} INFO - [2025-03-12T20:39:34.575+0000] {dag.py:3947} INFO - Setting next_dagrun for example_branch_python_operator_decorator to 2025-03-11 00:00:00+00:00, run_after=2025-03-12 00:00:00+00:00
[2025-03-12T20:39:34.583+0000] {processor.py:183} INFO - Processing /home/airflow/.local/lib/python3.12/site-packages/airflow/example_dags/example_branch_operator_decorator.py took 0.047 seconds
[2025-03-12T20:40:07.140+0000] {processor.py:161} INFO - Started process (PID=1175) to work on /home/airflow/.local/lib/python3.12/site-packages/airflow/example_dags/example_branch_operator_decorator.py
[2025-03-12T20:40:07.141+0000] {processor.py:830} INFO - Processing file /home/airflow/.local/lib/python3.12/site-packages/airflow/example_dags/example_branch_operator_decorator.py for tasks to queue
[2025-03-12T20:40:07.142+0000] {logging_mixin.py:188} INFO - [2025-03-12T20:40:07.142+0000] {dagbag.py:545} INFO - Filling up the DagBag from /home/airflow/.local/lib/python3.12/site-packages/airflow/example_dags/example_branch_operator_decorator.py
[2025-03-12T20:40:07.151+0000] {processor.py:840} INFO - DAG(s) 'example_branch_python_operator_decorator' retrieved from /home/airflow/.local/lib/python3.12/site-packages/airflow/example_dags/example_branch_operator_decorator.py
[2025-03-12T20:40:07.167+0000] {logging_mixin.py:188} INFO - [2025-03-12T20:40:07.167+0000] {dag.py:3089} INFO - Sync 1 DAGs
[2025-03-12T20:40:07.177+0000] {logging_mixin.py:188} INFO - [2025-03-12T20:40:07.177+0000] {dag.py:3947} INFO - Setting next_dagrun for example_branch_python_operator_decorator to 2025-03-11 00:00:00+00:00, run_after=2025-03-12 00:00:00+00:00
[2025-03-12T20:40:07.185+0000] {processor.py:183} INFO - Processing /home/airflow/.local/lib/python3.12/site-packages/airflow/example_dags/example_branch_operator_decorator.py took 0.047 seconds
[2025-03-12T20:40:39.791+0000] {processor.py:161} INFO - Started process (PID=1247) to work on /home/airflow/.local/lib/python3.12/site-packages/airflow/example_dags/example_branch_operator_decorator.py
[2025-03-12T20:40:39.793+0000] {processor.py:830} INFO - Processing file /home/airflow/.local/lib/python3.12/site-packages/airflow/example_dags/example_branch_operator_decorator.py for tasks to queue
[2025-03-12T20:40:39.793+0000] {logging_mixin.py:188} INFO - [2025-03-12T20:40:39.793+0000] {dagbag.py:545} INFO - Filling up the DagBag from /home/airflow/.local/lib/python3.12/site-packages/airflow/example_dags/example_branch_operator_decorator.py
[2025-03-12T20:40:39.802+0000] {processor.py:840} INFO - DAG(s) 'example_branch_python_operator_decorator' retrieved from /home/airflow/.local/lib/python3.12/site-packages/airflow/example_dags/example_branch_operator_decorator.py
[2025-03-12T20:40:39.818+0000] {logging_mixin.py:188} INFO - [2025-03-12T20:40:39.817+0000] {dag.py:3089} INFO - Sync 1 DAGs
[2025-03-12T20:40:39.829+0000] {logging_mixin.py:188} INFO - [2025-03-12T20:40:39.829+0000] {dag.py:3947} INFO - Setting next_dagrun for example_branch_python_operator_decorator to 2025-03-11 00:00:00+00:00, run_after=2025-03-12 00:00:00+00:00
[2025-03-12T20:40:39.851+0000] {processor.py:183} INFO - Processing /home/airflow/.local/lib/python3.12/site-packages/airflow/example_dags/example_branch_operator_decorator.py took 0.063 seconds
[2025-03-12T20:41:12.436+0000] {processor.py:161} INFO - Started process (PID=1319) to work on /home/airflow/.local/lib/python3.12/site-packages/airflow/example_dags/example_branch_operator_decorator.py
[2025-03-12T20:41:12.436+0000] {processor.py:830} INFO - Processing file /home/airflow/.local/lib/python3.12/site-packages/airflow/example_dags/example_branch_operator_decorator.py for tasks to queue
[2025-03-12T20:41:12.437+0000] {logging_mixin.py:188} INFO - [2025-03-12T20:41:12.437+0000] {dagbag.py:545} INFO - Filling up the DagBag from /home/airflow/.local/lib/python3.12/site-packages/airflow/example_dags/example_branch_operator_decorator.py
[2025-03-12T20:41:12.446+0000] {processor.py:840} INFO - DAG(s) 'example_branch_python_operator_decorator' retrieved from /home/airflow/.local/lib/python3.12/site-packages/airflow/example_dags/example_branch_operator_decorator.py
[2025-03-12T20:41:12.459+0000] {logging_mixin.py:188} INFO - [2025-03-12T20:41:12.459+0000] {dag.py:3089} INFO - Sync 1 DAGs
[2025-03-12T20:41:12.470+0000] {logging_mixin.py:188} INFO - [2025-03-12T20:41:12.469+0000] {dag.py:3947} INFO - Setting next_dagrun for example_branch_python_operator_decorator to 2025-03-11 00:00:00+00:00, run_after=2025-03-12 00:00:00+00:00
[2025-03-12T20:41:12.481+0000] {processor.py:183} INFO - Processing /home/airflow/.local/lib/python3.12/site-packages/airflow/example_dags/example_branch_operator_decorator.py took 0.048 seconds
[2025-03-12T20:41:44.941+0000] {processor.py:161} INFO - Started process (PID=1391) to work on /home/airflow/.local/lib/python3.12/site-packages/airflow/example_dags/example_branch_operator_decorator.py
[2025-03-12T20:41:44.942+0000] {processor.py:830} INFO - Processing file /home/airflow/.local/lib/python3.12/site-packages/airflow/example_dags/example_branch_operator_decorator.py for tasks to queue
[2025-03-12T20:41:44.943+0000] {logging_mixin.py:188} INFO - [2025-03-12T20:41:44.943+0000] {dagbag.py:545} INFO - Filling up the DagBag from /home/airflow/.local/lib/python3.12/site-packages/airflow/example_dags/example_branch_operator_decorator.py
[2025-03-12T20:41:44.954+0000] {processor.py:840} INFO - DAG(s) 'example_branch_python_operator_decorator' retrieved from /home/airflow/.local/lib/python3.12/site-packages/airflow/example_dags/example_branch_operator_decorator.py
[2025-03-12T20:41:44.969+0000] {logging_mixin.py:188} INFO - [2025-03-12T20:41:44.969+0000] {dag.py:3089} INFO - Sync 1 DAGs
[2025-03-12T20:41:44.980+0000] {logging_mixin.py:188} INFO - [2025-03-12T20:41:44.980+0000] {dag.py:3947} INFO - Setting next_dagrun for example_branch_python_operator_decorator to 2025-03-11 00:00:00+00:00, run_after=2025-03-12 00:00:00+00:00
[2025-03-12T20:41:44.989+0000] {processor.py:183} INFO - Processing /home/airflow/.local/lib/python3.12/site-packages/airflow/example_dags/example_branch_operator_decorator.py took 0.052 seconds
[2025-03-12T20:42:17.400+0000] {processor.py:161} INFO - Started process (PID=1463) to work on /home/airflow/.local/lib/python3.12/site-packages/airflow/example_dags/example_branch_operator_decorator.py
[2025-03-12T20:42:17.401+0000] {processor.py:830} INFO - Processing file /home/airflow/.local/lib/python3.12/site-packages/airflow/example_dags/example_branch_operator_decorator.py for tasks to queue
[2025-03-12T20:42:17.402+0000] {logging_mixin.py:188} INFO - [2025-03-12T20:42:17.402+0000] {dagbag.py:545} INFO - Filling up the DagBag from /home/airflow/.local/lib/python3.12/site-packages/airflow/example_dags/example_branch_operator_decorator.py
[2025-03-12T20:42:17.410+0000] {processor.py:840} INFO - DAG(s) 'example_branch_python_operator_decorator' retrieved from /home/airflow/.local/lib/python3.12/site-packages/airflow/example_dags/example_branch_operator_decorator.py
[2025-03-12T20:42:17.424+0000] {logging_mixin.py:188} INFO - [2025-03-12T20:42:17.424+0000] {dag.py:3089} INFO - Sync 1 DAGs
[2025-03-12T20:42:17.435+0000] {logging_mixin.py:188} INFO - [2025-03-12T20:42:17.434+0000] {dag.py:3947} INFO - Setting next_dagrun for example_branch_python_operator_decorator to 2025-03-11 00:00:00+00:00, run_after=2025-03-12 00:00:00+00:00
[2025-03-12T20:42:17.449+0000] {processor.py:183} INFO - Processing /home/airflow/.local/lib/python3.12/site-packages/airflow/example_dags/example_branch_operator_decorator.py took 0.051 seconds
[2025-03-12T20:42:50.487+0000] {processor.py:161} INFO - Started process (PID=1535) to work on /home/airflow/.local/lib/python3.12/site-packages/airflow/example_dags/example_branch_operator_decorator.py
[2025-03-12T20:42:50.487+0000] {processor.py:830} INFO - Processing file /home/airflow/.local/lib/python3.12/site-packages/airflow/example_dags/example_branch_operator_decorator.py for tasks to queue
[2025-03-12T20:42:50.488+0000] {logging_mixin.py:188} INFO - [2025-03-12T20:42:50.488+0000] {dagbag.py:545} INFO - Filling up the DagBag from /home/airflow/.local/lib/python3.12/site-packages/airflow/example_dags/example_branch_operator_decorator.py
[2025-03-12T20:42:50.496+0000] {processor.py:840} INFO - DAG(s) 'example_branch_python_operator_decorator' retrieved from /home/airflow/.local/lib/python3.12/site-packages/airflow/example_dags/example_branch_operator_decorator.py
[2025-03-12T20:42:50.507+0000] {logging_mixin.py:188} INFO - [2025-03-12T20:42:50.507+0000] {dag.py:3089} INFO - Sync 1 DAGs
[2025-03-12T20:42:50.515+0000] {logging_mixin.py:188} INFO - [2025-03-12T20:42:50.515+0000] {dag.py:3947} INFO - Setting next_dagrun for example_branch_python_operator_decorator to 2025-03-11 00:00:00+00:00, run_after=2025-03-12 00:00:00+00:00
[2025-03-12T20:42:50.522+0000] {processor.py:183} INFO - Processing /home/airflow/.local/lib/python3.12/site-packages/airflow/example_dags/example_branch_operator_decorator.py took 0.037 seconds
[2025-03-12T20:43:23.229+0000] {processor.py:161} INFO - Started process (PID=1607) to work on /home/airflow/.local/lib/python3.12/site-packages/airflow/example_dags/example_branch_operator_decorator.py
[2025-03-12T20:43:23.230+0000] {processor.py:830} INFO - Processing file /home/airflow/.local/lib/python3.12/site-packages/airflow/example_dags/example_branch_operator_decorator.py for tasks to queue
[2025-03-12T20:43:23.231+0000] {logging_mixin.py:188} INFO - [2025-03-12T20:43:23.231+0000] {dagbag.py:545} INFO - Filling up the DagBag from /home/airflow/.local/lib/python3.12/site-packages/airflow/example_dags/example_branch_operator_decorator.py
[2025-03-12T20:43:23.240+0000] {processor.py:840} INFO - DAG(s) 'example_branch_python_operator_decorator' retrieved from /home/airflow/.local/lib/python3.12/site-packages/airflow/example_dags/example_branch_operator_decorator.py
[2025-03-12T20:43:23.252+0000] {logging_mixin.py:188} INFO - [2025-03-12T20:43:23.252+0000] {dag.py:3089} INFO - Sync 1 DAGs
[2025-03-12T20:43:23.262+0000] {logging_mixin.py:188} INFO - [2025-03-12T20:43:23.262+0000] {dag.py:3947} INFO - Setting next_dagrun for example_branch_python_operator_decorator to 2025-03-11 00:00:00+00:00, run_after=2025-03-12 00:00:00+00:00
[2025-03-12T20:43:23.275+0000] {processor.py:183} INFO - Processing /home/airflow/.local/lib/python3.12/site-packages/airflow/example_dags/example_branch_operator_decorator.py took 0.048 seconds
[2025-03-12T20:43:55.781+0000] {processor.py:161} INFO - Started process (PID=1686) to work on /home/airflow/.local/lib/python3.12/site-packages/airflow/example_dags/example_branch_operator_decorator.py
[2025-03-12T20:43:55.783+0000] {processor.py:830} INFO - Processing file /home/airflow/.local/lib/python3.12/site-packages/airflow/example_dags/example_branch_operator_decorator.py for tasks to queue
[2025-03-12T20:43:55.784+0000] {logging_mixin.py:188} INFO - [2025-03-12T20:43:55.784+0000] {dagbag.py:545} INFO - Filling up the DagBag from /home/airflow/.local/lib/python3.12/site-packages/airflow/example_dags/example_branch_operator_decorator.py
[2025-03-12T20:43:55.793+0000] {processor.py:840} INFO - DAG(s) 'example_branch_python_operator_decorator' retrieved from /home/airflow/.local/lib/python3.12/site-packages/airflow/example_dags/example_branch_operator_decorator.py
[2025-03-12T20:43:55.808+0000] {logging_mixin.py:188} INFO - [2025-03-12T20:43:55.808+0000] {dag.py:3089} INFO - Sync 1 DAGs
[2025-03-12T20:43:55.819+0000] {logging_mixin.py:188} INFO - [2025-03-12T20:43:55.819+0000] {dag.py:3947} INFO - Setting next_dagrun for example_branch_python_operator_decorator to 2025-03-11 00:00:00+00:00, run_after=2025-03-12 00:00:00+00:00
[2025-03-12T20:43:55.831+0000] {processor.py:183} INFO - Processing /home/airflow/.local/lib/python3.12/site-packages/airflow/example_dags/example_branch_operator_decorator.py took 0.052 seconds
[2025-03-12T20:44:28.234+0000] {processor.py:161} INFO - Started process (PID=1758) to work on /home/airflow/.local/lib/python3.12/site-packages/airflow/example_dags/example_branch_operator_decorator.py
[2025-03-12T20:44:28.236+0000] {processor.py:830} INFO - Processing file /home/airflow/.local/lib/python3.12/site-packages/airflow/example_dags/example_branch_operator_decorator.py for tasks to queue
[2025-03-12T20:44:28.238+0000] {logging_mixin.py:188} INFO - [2025-03-12T20:44:28.237+0000] {dagbag.py:545} INFO - Filling up the DagBag from /home/airflow/.local/lib/python3.12/site-packages/airflow/example_dags/example_branch_operator_decorator.py
[2025-03-12T20:44:28.249+0000] {processor.py:840} INFO - DAG(s) 'example_branch_python_operator_decorator' retrieved from /home/airflow/.local/lib/python3.12/site-packages/airflow/example_dags/example_branch_operator_decorator.py
[2025-03-12T20:44:28.263+0000] {logging_mixin.py:188} INFO - [2025-03-12T20:44:28.263+0000] {dag.py:3089} INFO - Sync 1 DAGs
[2025-03-12T20:44:28.272+0000] {logging_mixin.py:188} INFO - [2025-03-12T20:44:28.272+0000] {dag.py:3947} INFO - Setting next_dagrun for example_branch_python_operator_decorator to 2025-03-11 00:00:00+00:00, run_after=2025-03-12 00:00:00+00:00
[2025-03-12T20:44:28.279+0000] {processor.py:183} INFO - Processing /home/airflow/.local/lib/python3.12/site-packages/airflow/example_dags/example_branch_operator_decorator.py took 0.048 seconds
[2025-03-12T20:45:00.666+0000] {processor.py:161} INFO - Started process (PID=1830) to work on /home/airflow/.local/lib/python3.12/site-packages/airflow/example_dags/example_branch_operator_decorator.py
[2025-03-12T20:45:00.667+0000] {processor.py:830} INFO - Processing file /home/airflow/.local/lib/python3.12/site-packages/airflow/example_dags/example_branch_operator_decorator.py for tasks to queue
[2025-03-12T20:45:00.668+0000] {logging_mixin.py:188} INFO - [2025-03-12T20:45:00.668+0000] {dagbag.py:545} INFO - Filling up the DagBag from /home/airflow/.local/lib/python3.12/site-packages/airflow/example_dags/example_branch_operator_decorator.py
[2025-03-12T20:45:00.677+0000] {processor.py:840} INFO - DAG(s) 'example_branch_python_operator_decorator' retrieved from /home/airflow/.local/lib/python3.12/site-packages/airflow/example_dags/example_branch_operator_decorator.py
[2025-03-12T20:45:00.689+0000] {logging_mixin.py:188} INFO - [2025-03-12T20:45:00.689+0000] {dag.py:3089} INFO - Sync 1 DAGs
[2025-03-12T20:45:00.699+0000] {logging_mixin.py:188} INFO - [2025-03-12T20:45:00.699+0000] {dag.py:3947} INFO - Setting next_dagrun for example_branch_python_operator_decorator to 2025-03-11 00:00:00+00:00, run_after=2025-03-12 00:00:00+00:00
[2025-03-12T20:45:00.710+0000] {processor.py:183} INFO - Processing /home/airflow/.local/lib/python3.12/site-packages/airflow/example_dags/example_branch_operator_decorator.py took 0.046 seconds
[2025-03-12T20:45:33.293+0000] {processor.py:161} INFO - Started process (PID=1902) to work on /home/airflow/.local/lib/python3.12/site-packages/airflow/example_dags/example_branch_operator_decorator.py
[2025-03-12T20:45:33.294+0000] {processor.py:830} INFO - Processing file /home/airflow/.local/lib/python3.12/site-packages/airflow/example_dags/example_branch_operator_decorator.py for tasks to queue
[2025-03-12T20:45:33.294+0000] {logging_mixin.py:188} INFO - [2025-03-12T20:45:33.294+0000] {dagbag.py:545} INFO - Filling up the DagBag from /home/airflow/.local/lib/python3.12/site-packages/airflow/example_dags/example_branch_operator_decorator.py
[2025-03-12T20:45:33.302+0000] {processor.py:840} INFO - DAG(s) 'example_branch_python_operator_decorator' retrieved from /home/airflow/.local/lib/python3.12/site-packages/airflow/example_dags/example_branch_operator_decorator.py
[2025-03-12T20:45:33.313+0000] {logging_mixin.py:188} INFO - [2025-03-12T20:45:33.313+0000] {dag.py:3089} INFO - Sync 1 DAGs
[2025-03-12T20:45:33.322+0000] {logging_mixin.py:188} INFO - [2025-03-12T20:45:33.322+0000] {dag.py:3947} INFO - Setting next_dagrun for example_branch_python_operator_decorator to 2025-03-11 00:00:00+00:00, run_after=2025-03-12 00:00:00+00:00
[2025-03-12T20:45:33.336+0000] {processor.py:183} INFO - Processing /home/airflow/.local/lib/python3.12/site-packages/airflow/example_dags/example_branch_operator_decorator.py took 0.045 seconds
[2025-03-12T20:46:05.830+0000] {processor.py:161} INFO - Started process (PID=1974) to work on /home/airflow/.local/lib/python3.12/site-packages/airflow/example_dags/example_branch_operator_decorator.py
[2025-03-12T20:46:05.831+0000] {processor.py:830} INFO - Processing file /home/airflow/.local/lib/python3.12/site-packages/airflow/example_dags/example_branch_operator_decorator.py for tasks to queue
[2025-03-12T20:46:05.832+0000] {logging_mixin.py:188} INFO - [2025-03-12T20:46:05.832+0000] {dagbag.py:545} INFO - Filling up the DagBag from /home/airflow/.local/lib/python3.12/site-packages/airflow/example_dags/example_branch_operator_decorator.py
[2025-03-12T20:46:05.841+0000] {processor.py:840} INFO - DAG(s) 'example_branch_python_operator_decorator' retrieved from /home/airflow/.local/lib/python3.12/site-packages/airflow/example_dags/example_branch_operator_decorator.py
[2025-03-12T20:46:05.854+0000] {logging_mixin.py:188} INFO - [2025-03-12T20:46:05.854+0000] {dag.py:3089} INFO - Sync 1 DAGs
[2025-03-12T20:46:05.864+0000] {logging_mixin.py:188} INFO - [2025-03-12T20:46:05.864+0000] {dag.py:3947} INFO - Setting next_dagrun for example_branch_python_operator_decorator to 2025-03-11 00:00:00+00:00, run_after=2025-03-12 00:00:00+00:00
[2025-03-12T20:46:05.877+0000] {processor.py:183} INFO - Processing /home/airflow/.local/lib/python3.12/site-packages/airflow/example_dags/example_branch_operator_decorator.py took 0.050 seconds
[2025-03-12T20:46:38.341+0000] {processor.py:161} INFO - Started process (PID=2046) to work on /home/airflow/.local/lib/python3.12/site-packages/airflow/example_dags/example_branch_operator_decorator.py
[2025-03-12T20:46:38.342+0000] {processor.py:830} INFO - Processing file /home/airflow/.local/lib/python3.12/site-packages/airflow/example_dags/example_branch_operator_decorator.py for tasks to queue
[2025-03-12T20:46:38.343+0000] {logging_mixin.py:188} INFO - [2025-03-12T20:46:38.343+0000] {dagbag.py:545} INFO - Filling up the DagBag from /home/airflow/.local/lib/python3.12/site-packages/airflow/example_dags/example_branch_operator_decorator.py
[2025-03-12T20:46:38.353+0000] {processor.py:840} INFO - DAG(s) 'example_branch_python_operator_decorator' retrieved from /home/airflow/.local/lib/python3.12/site-packages/airflow/example_dags/example_branch_operator_decorator.py
[2025-03-12T20:46:38.366+0000] {logging_mixin.py:188} INFO - [2025-03-12T20:46:38.366+0000] {dag.py:3089} INFO - Sync 1 DAGs
[2025-03-12T20:46:38.377+0000] {logging_mixin.py:188} INFO - [2025-03-12T20:46:38.377+0000] {dag.py:3947} INFO - Setting next_dagrun for example_branch_python_operator_decorator to 2025-03-11 00:00:00+00:00, run_after=2025-03-12 00:00:00+00:00
[2025-03-12T20:46:38.387+0000] {processor.py:183} INFO - Processing /home/airflow/.local/lib/python3.12/site-packages/airflow/example_dags/example_branch_operator_decorator.py took 0.049 seconds
[2025-03-12T20:47:10.777+0000] {processor.py:161} INFO - Started process (PID=2118) to work on /home/airflow/.local/lib/python3.12/site-packages/airflow/example_dags/example_branch_operator_decorator.py
[2025-03-12T20:47:10.777+0000] {processor.py:830} INFO - Processing file /home/airflow/.local/lib/python3.12/site-packages/airflow/example_dags/example_branch_operator_decorator.py for tasks to queue
[2025-03-12T20:47:10.779+0000] {logging_mixin.py:188} INFO - [2025-03-12T20:47:10.778+0000] {dagbag.py:545} INFO - Filling up the DagBag from /home/airflow/.local/lib/python3.12/site-packages/airflow/example_dags/example_branch_operator_decorator.py
[2025-03-12T20:47:10.788+0000] {processor.py:840} INFO - DAG(s) 'example_branch_python_operator_decorator' retrieved from /home/airflow/.local/lib/python3.12/site-packages/airflow/example_dags/example_branch_operator_decorator.py
[2025-03-12T20:47:10.799+0000] {logging_mixin.py:188} INFO - [2025-03-12T20:47:10.799+0000] {dag.py:3089} INFO - Sync 1 DAGs
[2025-03-12T20:47:10.810+0000] {logging_mixin.py:188} INFO - [2025-03-12T20:47:10.810+0000] {dag.py:3947} INFO - Setting next_dagrun for example_branch_python_operator_decorator to 2025-03-11 00:00:00+00:00, run_after=2025-03-12 00:00:00+00:00
[2025-03-12T20:47:10.818+0000] {processor.py:183} INFO - Processing /home/airflow/.local/lib/python3.12/site-packages/airflow/example_dags/example_branch_operator_decorator.py took 0.044 seconds
[2025-03-12T20:47:43.273+0000] {processor.py:161} INFO - Started process (PID=2190) to work on /home/airflow/.local/lib/python3.12/site-packages/airflow/example_dags/example_branch_operator_decorator.py
[2025-03-12T20:47:43.274+0000] {processor.py:830} INFO - Processing file /home/airflow/.local/lib/python3.12/site-packages/airflow/example_dags/example_branch_operator_decorator.py for tasks to queue
[2025-03-12T20:47:43.276+0000] {logging_mixin.py:188} INFO - [2025-03-12T20:47:43.275+0000] {dagbag.py:545} INFO - Filling up the DagBag from /home/airflow/.local/lib/python3.12/site-packages/airflow/example_dags/example_branch_operator_decorator.py
[2025-03-12T20:47:43.284+0000] {processor.py:840} INFO - DAG(s) 'example_branch_python_operator_decorator' retrieved from /home/airflow/.local/lib/python3.12/site-packages/airflow/example_dags/example_branch_operator_decorator.py
[2025-03-12T20:47:43.299+0000] {logging_mixin.py:188} INFO - [2025-03-12T20:47:43.299+0000] {dag.py:3089} INFO - Sync 1 DAGs
[2025-03-12T20:47:43.311+0000] {logging_mixin.py:188} INFO - [2025-03-12T20:47:43.311+0000] {dag.py:3947} INFO - Setting next_dagrun for example_branch_python_operator_decorator to 2025-03-11 00:00:00+00:00, run_after=2025-03-12 00:00:00+00:00
[2025-03-12T20:47:43.320+0000] {processor.py:183} INFO - Processing /home/airflow/.local/lib/python3.12/site-packages/airflow/example_dags/example_branch_operator_decorator.py took 0.050 seconds
[2025-03-12T20:48:15.733+0000] {processor.py:161} INFO - Started process (PID=2262) to work on /home/airflow/.local/lib/python3.12/site-packages/airflow/example_dags/example_branch_operator_decorator.py
[2025-03-12T20:48:15.734+0000] {processor.py:830} INFO - Processing file /home/airflow/.local/lib/python3.12/site-packages/airflow/example_dags/example_branch_operator_decorator.py for tasks to queue
[2025-03-12T20:48:15.734+0000] {logging_mixin.py:188} INFO - [2025-03-12T20:48:15.734+0000] {dagbag.py:545} INFO - Filling up the DagBag from /home/airflow/.local/lib/python3.12/site-packages/airflow/example_dags/example_branch_operator_decorator.py
[2025-03-12T20:48:15.743+0000] {processor.py:840} INFO - DAG(s) 'example_branch_python_operator_decorator' retrieved from /home/airflow/.local/lib/python3.12/site-packages/airflow/example_dags/example_branch_operator_decorator.py
[2025-03-12T20:48:15.758+0000] {logging_mixin.py:188} INFO - [2025-03-12T20:48:15.758+0000] {dag.py:3089} INFO - Sync 1 DAGs
[2025-03-12T20:48:15.772+0000] {logging_mixin.py:188} INFO - [2025-03-12T20:48:15.772+0000] {dag.py:3947} INFO - Setting next_dagrun for example_branch_python_operator_decorator to 2025-03-11 00:00:00+00:00, run_after=2025-03-12 00:00:00+00:00
[2025-03-12T20:48:15.782+0000] {processor.py:183} INFO - Processing /home/airflow/.local/lib/python3.12/site-packages/airflow/example_dags/example_branch_operator_decorator.py took 0.051 seconds
[2025-03-12T20:48:48.399+0000] {processor.py:161} INFO - Started process (PID=2334) to work on /home/airflow/.local/lib/python3.12/site-packages/airflow/example_dags/example_branch_operator_decorator.py
[2025-03-12T20:48:48.399+0000] {processor.py:830} INFO - Processing file /home/airflow/.local/lib/python3.12/site-packages/airflow/example_dags/example_branch_operator_decorator.py for tasks to queue
[2025-03-12T20:48:48.400+0000] {logging_mixin.py:188} INFO - [2025-03-12T20:48:48.400+0000] {dagbag.py:545} INFO - Filling up the DagBag from /home/airflow/.local/lib/python3.12/site-packages/airflow/example_dags/example_branch_operator_decorator.py
[2025-03-12T20:48:48.408+0000] {processor.py:840} INFO - DAG(s) 'example_branch_python_operator_decorator' retrieved from /home/airflow/.local/lib/python3.12/site-packages/airflow/example_dags/example_branch_operator_decorator.py
[2025-03-12T20:48:48.422+0000] {logging_mixin.py:188} INFO - [2025-03-12T20:48:48.421+0000] {dag.py:3089} INFO - Sync 1 DAGs
[2025-03-12T20:48:48.432+0000] {logging_mixin.py:188} INFO - [2025-03-12T20:48:48.432+0000] {dag.py:3947} INFO - Setting next_dagrun for example_branch_python_operator_decorator to 2025-03-11 00:00:00+00:00, run_after=2025-03-12 00:00:00+00:00
[2025-03-12T20:48:48.441+0000] {processor.py:183} INFO - Processing /home/airflow/.local/lib/python3.12/site-packages/airflow/example_dags/example_branch_operator_decorator.py took 0.046 seconds
[2025-03-12T20:49:20.869+0000] {processor.py:161} INFO - Started process (PID=2406) to work on /home/airflow/.local/lib/python3.12/site-packages/airflow/example_dags/example_branch_operator_decorator.py
[2025-03-12T20:49:20.869+0000] {processor.py:830} INFO - Processing file /home/airflow/.local/lib/python3.12/site-packages/airflow/example_dags/example_branch_operator_decorator.py for tasks to queue
[2025-03-12T20:49:20.870+0000] {logging_mixin.py:188} INFO - [2025-03-12T20:49:20.870+0000] {dagbag.py:545} INFO - Filling up the DagBag from /home/airflow/.local/lib/python3.12/site-packages/airflow/example_dags/example_branch_operator_decorator.py
[2025-03-12T20:49:20.880+0000] {processor.py:840} INFO - DAG(s) 'example_branch_python_operator_decorator' retrieved from /home/airflow/.local/lib/python3.12/site-packages/airflow/example_dags/example_branch_operator_decorator.py
[2025-03-12T20:49:20.891+0000] {logging_mixin.py:188} INFO - [2025-03-12T20:49:20.891+0000] {dag.py:3089} INFO - Sync 1 DAGs
[2025-03-12T20:49:20.903+0000] {logging_mixin.py:188} INFO - [2025-03-12T20:49:20.903+0000] {dag.py:3947} INFO - Setting next_dagrun for example_branch_python_operator_decorator to 2025-03-11 00:00:00+00:00, run_after=2025-03-12 00:00:00+00:00
[2025-03-12T20:49:20.914+0000] {processor.py:183} INFO - Processing /home/airflow/.local/lib/python3.12/site-packages/airflow/example_dags/example_branch_operator_decorator.py took 0.049 seconds
[2025-03-12T20:49:53.434+0000] {processor.py:161} INFO - Started process (PID=2478) to work on /home/airflow/.local/lib/python3.12/site-packages/airflow/example_dags/example_branch_operator_decorator.py
[2025-03-12T20:49:53.434+0000] {processor.py:830} INFO - Processing file /home/airflow/.local/lib/python3.12/site-packages/airflow/example_dags/example_branch_operator_decorator.py for tasks to queue
[2025-03-12T20:49:53.435+0000] {logging_mixin.py:188} INFO - [2025-03-12T20:49:53.435+0000] {dagbag.py:545} INFO - Filling up the DagBag from /home/airflow/.local/lib/python3.12/site-packages/airflow/example_dags/example_branch_operator_decorator.py
[2025-03-12T20:49:53.445+0000] {processor.py:840} INFO - DAG(s) 'example_branch_python_operator_decorator' retrieved from /home/airflow/.local/lib/python3.12/site-packages/airflow/example_dags/example_branch_operator_decorator.py
[2025-03-12T20:49:53.456+0000] {logging_mixin.py:188} INFO - [2025-03-12T20:49:53.456+0000] {dag.py:3089} INFO - Sync 1 DAGs
[2025-03-12T20:49:53.466+0000] {logging_mixin.py:188} INFO - [2025-03-12T20:49:53.466+0000] {dag.py:3947} INFO - Setting next_dagrun for example_branch_python_operator_decorator to 2025-03-11 00:00:00+00:00, run_after=2025-03-12 00:00:00+00:00
[2025-03-12T20:49:53.478+0000] {processor.py:183} INFO - Processing /home/airflow/.local/lib/python3.12/site-packages/airflow/example_dags/example_branch_operator_decorator.py took 0.047 seconds
[2025-03-12T20:50:25.985+0000] {processor.py:161} INFO - Started process (PID=2555) to work on /home/airflow/.local/lib/python3.12/site-packages/airflow/example_dags/example_branch_operator_decorator.py
[2025-03-12T20:50:25.985+0000] {processor.py:830} INFO - Processing file /home/airflow/.local/lib/python3.12/site-packages/airflow/example_dags/example_branch_operator_decorator.py for tasks to queue
[2025-03-12T20:50:25.986+0000] {logging_mixin.py:188} INFO - [2025-03-12T20:50:25.986+0000] {dagbag.py:545} INFO - Filling up the DagBag from /home/airflow/.local/lib/python3.12/site-packages/airflow/example_dags/example_branch_operator_decorator.py
[2025-03-12T20:50:25.996+0000] {processor.py:840} INFO - DAG(s) 'example_branch_python_operator_decorator' retrieved from /home/airflow/.local/lib/python3.12/site-packages/airflow/example_dags/example_branch_operator_decorator.py
[2025-03-12T20:50:26.007+0000] {logging_mixin.py:188} INFO - [2025-03-12T20:50:26.007+0000] {dag.py:3089} INFO - Sync 1 DAGs
[2025-03-12T20:50:26.015+0000] {logging_mixin.py:188} INFO - [2025-03-12T20:50:26.015+0000] {dag.py:3947} INFO - Setting next_dagrun for example_branch_python_operator_decorator to 2025-03-11 00:00:00+00:00, run_after=2025-03-12 00:00:00+00:00
[2025-03-12T20:50:26.024+0000] {processor.py:183} INFO - Processing /home/airflow/.local/lib/python3.12/site-packages/airflow/example_dags/example_branch_operator_decorator.py took 0.041 seconds
[2025-03-12T20:50:58.497+0000] {processor.py:161} INFO - Started process (PID=2627) to work on /home/airflow/.local/lib/python3.12/site-packages/airflow/example_dags/example_branch_operator_decorator.py
[2025-03-12T20:50:58.497+0000] {processor.py:830} INFO - Processing file /home/airflow/.local/lib/python3.12/site-packages/airflow/example_dags/example_branch_operator_decorator.py for tasks to queue
[2025-03-12T20:50:58.498+0000] {logging_mixin.py:188} INFO - [2025-03-12T20:50:58.498+0000] {dagbag.py:545} INFO - Filling up the DagBag from /home/airflow/.local/lib/python3.12/site-packages/airflow/example_dags/example_branch_operator_decorator.py
[2025-03-12T20:50:58.506+0000] {processor.py:840} INFO - DAG(s) 'example_branch_python_operator_decorator' retrieved from /home/airflow/.local/lib/python3.12/site-packages/airflow/example_dags/example_branch_operator_decorator.py
[2025-03-12T20:50:58.517+0000] {logging_mixin.py:188} INFO - [2025-03-12T20:50:58.517+0000] {dag.py:3089} INFO - Sync 1 DAGs
[2025-03-12T20:50:58.526+0000] {logging_mixin.py:188} INFO - [2025-03-12T20:50:58.526+0000] {dag.py:3947} INFO - Setting next_dagrun for example_branch_python_operator_decorator to 2025-03-11 00:00:00+00:00, run_after=2025-03-12 00:00:00+00:00
[2025-03-12T20:50:58.533+0000] {processor.py:183} INFO - Processing /home/airflow/.local/lib/python3.12/site-packages/airflow/example_dags/example_branch_operator_decorator.py took 0.039 seconds
[2025-03-12T20:51:31.066+0000] {processor.py:161} INFO - Started process (PID=2699) to work on /home/airflow/.local/lib/python3.12/site-packages/airflow/example_dags/example_branch_operator_decorator.py
[2025-03-12T20:51:31.068+0000] {processor.py:830} INFO - Processing file /home/airflow/.local/lib/python3.12/site-packages/airflow/example_dags/example_branch_operator_decorator.py for tasks to queue
[2025-03-12T20:51:31.069+0000] {logging_mixin.py:188} INFO - [2025-03-12T20:51:31.068+0000] {dagbag.py:545} INFO - Filling up the DagBag from /home/airflow/.local/lib/python3.12/site-packages/airflow/example_dags/example_branch_operator_decorator.py
[2025-03-12T20:51:31.079+0000] {processor.py:840} INFO - DAG(s) 'example_branch_python_operator_decorator' retrieved from /home/airflow/.local/lib/python3.12/site-packages/airflow/example_dags/example_branch_operator_decorator.py
[2025-03-12T20:51:31.093+0000] {logging_mixin.py:188} INFO - [2025-03-12T20:51:31.093+0000] {dag.py:3089} INFO - Sync 1 DAGs
[2025-03-12T20:51:31.101+0000] {logging_mixin.py:188} INFO - [2025-03-12T20:51:31.101+0000] {dag.py:3947} INFO - Setting next_dagrun for example_branch_python_operator_decorator to 2025-03-11 00:00:00+00:00, run_after=2025-03-12 00:00:00+00:00
[2025-03-12T20:51:31.109+0000] {processor.py:183} INFO - Processing /home/airflow/.local/lib/python3.12/site-packages/airflow/example_dags/example_branch_operator_decorator.py took 0.045 seconds
[2025-03-12T20:52:03.522+0000] {processor.py:161} INFO - Started process (PID=2771) to work on /home/airflow/.local/lib/python3.12/site-packages/airflow/example_dags/example_branch_operator_decorator.py
[2025-03-12T20:52:03.523+0000] {processor.py:830} INFO - Processing file /home/airflow/.local/lib/python3.12/site-packages/airflow/example_dags/example_branch_operator_decorator.py for tasks to queue
[2025-03-12T20:52:03.525+0000] {logging_mixin.py:188} INFO - [2025-03-12T20:52:03.525+0000] {dagbag.py:545} INFO - Filling up the DagBag from /home/airflow/.local/lib/python3.12/site-packages/airflow/example_dags/example_branch_operator_decorator.py
[2025-03-12T20:52:03.535+0000] {processor.py:840} INFO - DAG(s) 'example_branch_python_operator_decorator' retrieved from /home/airflow/.local/lib/python3.12/site-packages/airflow/example_dags/example_branch_operator_decorator.py
[2025-03-12T20:52:03.550+0000] {logging_mixin.py:188} INFO - [2025-03-12T20:52:03.550+0000] {dag.py:3089} INFO - Sync 1 DAGs
[2025-03-12T20:52:03.561+0000] {logging_mixin.py:188} INFO - [2025-03-12T20:52:03.561+0000] {dag.py:3947} INFO - Setting next_dagrun for example_branch_python_operator_decorator to 2025-03-11 00:00:00+00:00, run_after=2025-03-12 00:00:00+00:00
[2025-03-12T20:52:03.571+0000] {processor.py:183} INFO - Processing /home/airflow/.local/lib/python3.12/site-packages/airflow/example_dags/example_branch_operator_decorator.py took 0.052 seconds
[2025-03-12T20:52:35.982+0000] {processor.py:161} INFO - Started process (PID=2842) to work on /home/airflow/.local/lib/python3.12/site-packages/airflow/example_dags/example_branch_operator_decorator.py
[2025-03-12T20:52:35.982+0000] {processor.py:830} INFO - Processing file /home/airflow/.local/lib/python3.12/site-packages/airflow/example_dags/example_branch_operator_decorator.py for tasks to queue
[2025-03-12T20:52:35.984+0000] {logging_mixin.py:188} INFO - [2025-03-12T20:52:35.983+0000] {dagbag.py:545} INFO - Filling up the DagBag from /home/airflow/.local/lib/python3.12/site-packages/airflow/example_dags/example_branch_operator_decorator.py
[2025-03-12T20:52:35.992+0000] {processor.py:840} INFO - DAG(s) 'example_branch_python_operator_decorator' retrieved from /home/airflow/.local/lib/python3.12/site-packages/airflow/example_dags/example_branch_operator_decorator.py
[2025-03-12T20:52:36.007+0000] {logging_mixin.py:188} INFO - [2025-03-12T20:52:36.007+0000] {dag.py:3089} INFO - Sync 1 DAGs
[2025-03-12T20:52:36.016+0000] {logging_mixin.py:188} INFO - [2025-03-12T20:52:36.016+0000] {dag.py:3947} INFO - Setting next_dagrun for example_branch_python_operator_decorator to 2025-03-11 00:00:00+00:00, run_after=2025-03-12 00:00:00+00:00
[2025-03-12T20:52:36.024+0000] {processor.py:183} INFO - Processing /home/airflow/.local/lib/python3.12/site-packages/airflow/example_dags/example_branch_operator_decorator.py took 0.045 seconds
[2025-03-12T20:53:08.528+0000] {processor.py:161} INFO - Started process (PID=2914) to work on /home/airflow/.local/lib/python3.12/site-packages/airflow/example_dags/example_branch_operator_decorator.py
[2025-03-12T20:53:08.529+0000] {processor.py:830} INFO - Processing file /home/airflow/.local/lib/python3.12/site-packages/airflow/example_dags/example_branch_operator_decorator.py for tasks to queue
[2025-03-12T20:53:08.530+0000] {logging_mixin.py:188} INFO - [2025-03-12T20:53:08.529+0000] {dagbag.py:545} INFO - Filling up the DagBag from /home/airflow/.local/lib/python3.12/site-packages/airflow/example_dags/example_branch_operator_decorator.py
[2025-03-12T20:53:08.538+0000] {processor.py:840} INFO - DAG(s) 'example_branch_python_operator_decorator' retrieved from /home/airflow/.local/lib/python3.12/site-packages/airflow/example_dags/example_branch_operator_decorator.py
[2025-03-12T20:53:08.549+0000] {logging_mixin.py:188} INFO - [2025-03-12T20:53:08.548+0000] {dag.py:3089} INFO - Sync 1 DAGs
[2025-03-12T20:53:08.557+0000] {logging_mixin.py:188} INFO - [2025-03-12T20:53:08.557+0000] {dag.py:3947} INFO - Setting next_dagrun for example_branch_python_operator_decorator to 2025-03-11 00:00:00+00:00, run_after=2025-03-12 00:00:00+00:00
[2025-03-12T20:53:08.563+0000] {processor.py:183} INFO - Processing /home/airflow/.local/lib/python3.12/site-packages/airflow/example_dags/example_branch_operator_decorator.py took 0.037 seconds
[2025-03-12T20:53:41.151+0000] {processor.py:161} INFO - Started process (PID=2986) to work on /home/airflow/.local/lib/python3.12/site-packages/airflow/example_dags/example_branch_operator_decorator.py
[2025-03-12T20:53:41.152+0000] {processor.py:830} INFO - Processing file /home/airflow/.local/lib/python3.12/site-packages/airflow/example_dags/example_branch_operator_decorator.py for tasks to queue
[2025-03-12T20:53:41.152+0000] {logging_mixin.py:188} INFO - [2025-03-12T20:53:41.152+0000] {dagbag.py:545} INFO - Filling up the DagBag from /home/airflow/.local/lib/python3.12/site-packages/airflow/example_dags/example_branch_operator_decorator.py
[2025-03-12T20:53:41.160+0000] {processor.py:840} INFO - DAG(s) 'example_branch_python_operator_decorator' retrieved from /home/airflow/.local/lib/python3.12/site-packages/airflow/example_dags/example_branch_operator_decorator.py
[2025-03-12T20:53:41.171+0000] {logging_mixin.py:188} INFO - [2025-03-12T20:53:41.170+0000] {dag.py:3089} INFO - Sync 1 DAGs
[2025-03-12T20:53:41.179+0000] {logging_mixin.py:188} INFO - [2025-03-12T20:53:41.178+0000] {dag.py:3947} INFO - Setting next_dagrun for example_branch_python_operator_decorator to 2025-03-11 00:00:00+00:00, run_after=2025-03-12 00:00:00+00:00
[2025-03-12T20:53:41.185+0000] {processor.py:183} INFO - Processing /home/airflow/.local/lib/python3.12/site-packages/airflow/example_dags/example_branch_operator_decorator.py took 0.036 seconds
[2025-03-12T20:54:13.661+0000] {processor.py:161} INFO - Started process (PID=3059) to work on /home/airflow/.local/lib/python3.12/site-packages/airflow/example_dags/example_branch_operator_decorator.py
[2025-03-12T20:54:13.663+0000] {processor.py:830} INFO - Processing file /home/airflow/.local/lib/python3.12/site-packages/airflow/example_dags/example_branch_operator_decorator.py for tasks to queue
[2025-03-12T20:54:13.665+0000] {logging_mixin.py:188} INFO - [2025-03-12T20:54:13.665+0000] {dagbag.py:545} INFO - Filling up the DagBag from /home/airflow/.local/lib/python3.12/site-packages/airflow/example_dags/example_branch_operator_decorator.py
[2025-03-12T20:54:13.674+0000] {processor.py:840} INFO - DAG(s) 'example_branch_python_operator_decorator' retrieved from /home/airflow/.local/lib/python3.12/site-packages/airflow/example_dags/example_branch_operator_decorator.py
[2025-03-12T20:54:13.689+0000] {logging_mixin.py:188} INFO - [2025-03-12T20:54:13.689+0000] {dag.py:3089} INFO - Sync 1 DAGs
[2025-03-12T20:54:13.698+0000] {logging_mixin.py:188} INFO - [2025-03-12T20:54:13.698+0000] {dag.py:3947} INFO - Setting next_dagrun for example_branch_python_operator_decorator to 2025-03-11 00:00:00+00:00, run_after=2025-03-12 00:00:00+00:00
[2025-03-12T20:54:13.710+0000] {processor.py:183} INFO - Processing /home/airflow/.local/lib/python3.12/site-packages/airflow/example_dags/example_branch_operator_decorator.py took 0.052 seconds
[2025-03-12T20:54:46.242+0000] {processor.py:161} INFO - Started process (PID=3131) to work on /home/airflow/.local/lib/python3.12/site-packages/airflow/example_dags/example_branch_operator_decorator.py
[2025-03-12T20:54:46.243+0000] {processor.py:830} INFO - Processing file /home/airflow/.local/lib/python3.12/site-packages/airflow/example_dags/example_branch_operator_decorator.py for tasks to queue
[2025-03-12T20:54:46.245+0000] {logging_mixin.py:188} INFO - [2025-03-12T20:54:46.244+0000] {dagbag.py:545} INFO - Filling up the DagBag from /home/airflow/.local/lib/python3.12/site-packages/airflow/example_dags/example_branch_operator_decorator.py
[2025-03-12T20:54:46.254+0000] {processor.py:840} INFO - DAG(s) 'example_branch_python_operator_decorator' retrieved from /home/airflow/.local/lib/python3.12/site-packages/airflow/example_dags/example_branch_operator_decorator.py
[2025-03-12T20:54:46.267+0000] {logging_mixin.py:188} INFO - [2025-03-12T20:54:46.267+0000] {dag.py:3089} INFO - Sync 1 DAGs
[2025-03-12T20:54:46.276+0000] {logging_mixin.py:188} INFO - [2025-03-12T20:54:46.276+0000] {dag.py:3947} INFO - Setting next_dagrun for example_branch_python_operator_decorator to 2025-03-11 00:00:00+00:00, run_after=2025-03-12 00:00:00+00:00
[2025-03-12T20:54:46.282+0000] {processor.py:183} INFO - Processing /home/airflow/.local/lib/python3.12/site-packages/airflow/example_dags/example_branch_operator_decorator.py took 0.042 seconds
[2025-03-12T20:55:18.791+0000] {processor.py:161} INFO - Started process (PID=3203) to work on /home/airflow/.local/lib/python3.12/site-packages/airflow/example_dags/example_branch_operator_decorator.py
[2025-03-12T20:55:18.793+0000] {processor.py:830} INFO - Processing file /home/airflow/.local/lib/python3.12/site-packages/airflow/example_dags/example_branch_operator_decorator.py for tasks to queue
[2025-03-12T20:55:18.794+0000] {logging_mixin.py:188} INFO - [2025-03-12T20:55:18.794+0000] {dagbag.py:545} INFO - Filling up the DagBag from /home/airflow/.local/lib/python3.12/site-packages/airflow/example_dags/example_branch_operator_decorator.py
[2025-03-12T20:55:18.804+0000] {processor.py:840} INFO - DAG(s) 'example_branch_python_operator_decorator' retrieved from /home/airflow/.local/lib/python3.12/site-packages/airflow/example_dags/example_branch_operator_decorator.py
[2025-03-12T20:55:18.817+0000] {logging_mixin.py:188} INFO - [2025-03-12T20:55:18.817+0000] {dag.py:3089} INFO - Sync 1 DAGs
[2025-03-12T20:55:18.827+0000] {logging_mixin.py:188} INFO - [2025-03-12T20:55:18.827+0000] {dag.py:3947} INFO - Setting next_dagrun for example_branch_python_operator_decorator to 2025-03-11 00:00:00+00:00, run_after=2025-03-12 00:00:00+00:00
[2025-03-12T20:55:18.836+0000] {processor.py:183} INFO - Processing /home/airflow/.local/lib/python3.12/site-packages/airflow/example_dags/example_branch_operator_decorator.py took 0.047 seconds
[2025-03-12T20:55:51.351+0000] {processor.py:161} INFO - Started process (PID=3275) to work on /home/airflow/.local/lib/python3.12/site-packages/airflow/example_dags/example_branch_operator_decorator.py
[2025-03-12T20:55:51.352+0000] {processor.py:830} INFO - Processing file /home/airflow/.local/lib/python3.12/site-packages/airflow/example_dags/example_branch_operator_decorator.py for tasks to queue
[2025-03-12T20:55:51.354+0000] {logging_mixin.py:188} INFO - [2025-03-12T20:55:51.354+0000] {dagbag.py:545} INFO - Filling up the DagBag from /home/airflow/.local/lib/python3.12/site-packages/airflow/example_dags/example_branch_operator_decorator.py
[2025-03-12T20:55:51.362+0000] {processor.py:840} INFO - DAG(s) 'example_branch_python_operator_decorator' retrieved from /home/airflow/.local/lib/python3.12/site-packages/airflow/example_dags/example_branch_operator_decorator.py
[2025-03-12T20:55:51.375+0000] {logging_mixin.py:188} INFO - [2025-03-12T20:55:51.374+0000] {dag.py:3089} INFO - Sync 1 DAGs
[2025-03-12T20:55:51.384+0000] {logging_mixin.py:188} INFO - [2025-03-12T20:55:51.384+0000] {dag.py:3947} INFO - Setting next_dagrun for example_branch_python_operator_decorator to 2025-03-11 00:00:00+00:00, run_after=2025-03-12 00:00:00+00:00
[2025-03-12T20:55:51.394+0000] {processor.py:183} INFO - Processing /home/airflow/.local/lib/python3.12/site-packages/airflow/example_dags/example_branch_operator_decorator.py took 0.045 seconds
[2025-03-12T20:56:24.314+0000] {processor.py:161} INFO - Started process (PID=3347) to work on /home/airflow/.local/lib/python3.12/site-packages/airflow/example_dags/example_branch_operator_decorator.py
[2025-03-12T20:56:24.314+0000] {processor.py:830} INFO - Processing file /home/airflow/.local/lib/python3.12/site-packages/airflow/example_dags/example_branch_operator_decorator.py for tasks to queue
[2025-03-12T20:56:24.315+0000] {logging_mixin.py:188} INFO - [2025-03-12T20:56:24.315+0000] {dagbag.py:545} INFO - Filling up the DagBag from /home/airflow/.local/lib/python3.12/site-packages/airflow/example_dags/example_branch_operator_decorator.py
[2025-03-12T20:56:24.323+0000] {processor.py:840} INFO - DAG(s) 'example_branch_python_operator_decorator' retrieved from /home/airflow/.local/lib/python3.12/site-packages/airflow/example_dags/example_branch_operator_decorator.py
[2025-03-12T20:56:24.336+0000] {logging_mixin.py:188} INFO - [2025-03-12T20:56:24.335+0000] {dag.py:3089} INFO - Sync 1 DAGs
[2025-03-12T20:56:24.345+0000] {logging_mixin.py:188} INFO - [2025-03-12T20:56:24.345+0000] {dag.py:3947} INFO - Setting next_dagrun for example_branch_python_operator_decorator to 2025-03-11 00:00:00+00:00, run_after=2025-03-12 00:00:00+00:00
[2025-03-12T20:56:24.352+0000] {processor.py:183} INFO - Processing /home/airflow/.local/lib/python3.12/site-packages/airflow/example_dags/example_branch_operator_decorator.py took 0.041 seconds
[2025-03-12T20:56:56.275+0000] {processor.py:161} INFO - Started process (PID=3425) to work on /home/airflow/.local/lib/python3.12/site-packages/airflow/example_dags/example_branch_operator_decorator.py
[2025-03-12T20:56:56.276+0000] {processor.py:830} INFO - Processing file /home/airflow/.local/lib/python3.12/site-packages/airflow/example_dags/example_branch_operator_decorator.py for tasks to queue
[2025-03-12T20:56:56.278+0000] {logging_mixin.py:188} INFO - [2025-03-12T20:56:56.278+0000] {dagbag.py:545} INFO - Filling up the DagBag from /home/airflow/.local/lib/python3.12/site-packages/airflow/example_dags/example_branch_operator_decorator.py
[2025-03-12T20:56:56.288+0000] {processor.py:840} INFO - DAG(s) 'example_branch_python_operator_decorator' retrieved from /home/airflow/.local/lib/python3.12/site-packages/airflow/example_dags/example_branch_operator_decorator.py
[2025-03-12T20:56:56.304+0000] {logging_mixin.py:188} INFO - [2025-03-12T20:56:56.303+0000] {dag.py:3089} INFO - Sync 1 DAGs
[2025-03-12T20:56:56.315+0000] {logging_mixin.py:188} INFO - [2025-03-12T20:56:56.315+0000] {dag.py:3947} INFO - Setting next_dagrun for example_branch_python_operator_decorator to 2025-03-11 00:00:00+00:00, run_after=2025-03-12 00:00:00+00:00
[2025-03-12T20:56:56.327+0000] {processor.py:183} INFO - Processing /home/airflow/.local/lib/python3.12/site-packages/airflow/example_dags/example_branch_operator_decorator.py took 0.058 seconds
[2025-03-12T20:57:28.814+0000] {processor.py:161} INFO - Started process (PID=3496) to work on /home/airflow/.local/lib/python3.12/site-packages/airflow/example_dags/example_branch_operator_decorator.py
[2025-03-12T20:57:28.814+0000] {processor.py:830} INFO - Processing file /home/airflow/.local/lib/python3.12/site-packages/airflow/example_dags/example_branch_operator_decorator.py for tasks to queue
[2025-03-12T20:57:28.815+0000] {logging_mixin.py:188} INFO - [2025-03-12T20:57:28.815+0000] {dagbag.py:545} INFO - Filling up the DagBag from /home/airflow/.local/lib/python3.12/site-packages/airflow/example_dags/example_branch_operator_decorator.py
[2025-03-12T20:57:28.825+0000] {processor.py:840} INFO - DAG(s) 'example_branch_python_operator_decorator' retrieved from /home/airflow/.local/lib/python3.12/site-packages/airflow/example_dags/example_branch_operator_decorator.py
[2025-03-12T20:57:28.838+0000] {logging_mixin.py:188} INFO - [2025-03-12T20:57:28.838+0000] {dag.py:3089} INFO - Sync 1 DAGs
[2025-03-12T20:57:28.847+0000] {logging_mixin.py:188} INFO - [2025-03-12T20:57:28.847+0000] {dag.py:3947} INFO - Setting next_dagrun for example_branch_python_operator_decorator to 2025-03-11 00:00:00+00:00, run_after=2025-03-12 00:00:00+00:00
[2025-03-12T20:57:28.859+0000] {processor.py:183} INFO - Processing /home/airflow/.local/lib/python3.12/site-packages/airflow/example_dags/example_branch_operator_decorator.py took 0.048 seconds
[2025-03-12T20:58:01.319+0000] {processor.py:161} INFO - Started process (PID=3568) to work on /home/airflow/.local/lib/python3.12/site-packages/airflow/example_dags/example_branch_operator_decorator.py
[2025-03-12T20:58:01.320+0000] {processor.py:830} INFO - Processing file /home/airflow/.local/lib/python3.12/site-packages/airflow/example_dags/example_branch_operator_decorator.py for tasks to queue
[2025-03-12T20:58:01.321+0000] {logging_mixin.py:188} INFO - [2025-03-12T20:58:01.321+0000] {dagbag.py:545} INFO - Filling up the DagBag from /home/airflow/.local/lib/python3.12/site-packages/airflow/example_dags/example_branch_operator_decorator.py
[2025-03-12T20:58:01.334+0000] {processor.py:840} INFO - DAG(s) 'example_branch_python_operator_decorator' retrieved from /home/airflow/.local/lib/python3.12/site-packages/airflow/example_dags/example_branch_operator_decorator.py
[2025-03-12T20:58:01.348+0000] {logging_mixin.py:188} INFO - [2025-03-12T20:58:01.348+0000] {dag.py:3089} INFO - Sync 1 DAGs
[2025-03-12T20:58:01.361+0000] {logging_mixin.py:188} INFO - [2025-03-12T20:58:01.361+0000] {dag.py:3947} INFO - Setting next_dagrun for example_branch_python_operator_decorator to 2025-03-11 00:00:00+00:00, run_after=2025-03-12 00:00:00+00:00
[2025-03-12T20:58:01.370+0000] {processor.py:183} INFO - Processing /home/airflow/.local/lib/python3.12/site-packages/airflow/example_dags/example_branch_operator_decorator.py took 0.054 seconds
[2025-03-12T20:58:34.053+0000] {processor.py:161} INFO - Started process (PID=3640) to work on /home/airflow/.local/lib/python3.12/site-packages/airflow/example_dags/example_branch_operator_decorator.py
[2025-03-12T20:58:34.054+0000] {processor.py:830} INFO - Processing file /home/airflow/.local/lib/python3.12/site-packages/airflow/example_dags/example_branch_operator_decorator.py for tasks to queue
[2025-03-12T20:58:34.054+0000] {logging_mixin.py:188} INFO - [2025-03-12T20:58:34.054+0000] {dagbag.py:545} INFO - Filling up the DagBag from /home/airflow/.local/lib/python3.12/site-packages/airflow/example_dags/example_branch_operator_decorator.py
[2025-03-12T20:58:34.064+0000] {processor.py:840} INFO - DAG(s) 'example_branch_python_operator_decorator' retrieved from /home/airflow/.local/lib/python3.12/site-packages/airflow/example_dags/example_branch_operator_decorator.py
[2025-03-12T20:58:34.076+0000] {logging_mixin.py:188} INFO - [2025-03-12T20:58:34.076+0000] {dag.py:3089} INFO - Sync 1 DAGs
[2025-03-12T20:58:34.086+0000] {logging_mixin.py:188} INFO - [2025-03-12T20:58:34.086+0000] {dag.py:3947} INFO - Setting next_dagrun for example_branch_python_operator_decorator to 2025-03-11 00:00:00+00:00, run_after=2025-03-12 00:00:00+00:00
[2025-03-12T20:58:34.094+0000] {processor.py:183} INFO - Processing /home/airflow/.local/lib/python3.12/site-packages/airflow/example_dags/example_branch_operator_decorator.py took 0.043 seconds
[2025-03-12T20:59:06.612+0000] {processor.py:161} INFO - Started process (PID=3712) to work on /home/airflow/.local/lib/python3.12/site-packages/airflow/example_dags/example_branch_operator_decorator.py
[2025-03-12T20:59:06.613+0000] {processor.py:830} INFO - Processing file /home/airflow/.local/lib/python3.12/site-packages/airflow/example_dags/example_branch_operator_decorator.py for tasks to queue
[2025-03-12T20:59:06.614+0000] {logging_mixin.py:188} INFO - [2025-03-12T20:59:06.614+0000] {dagbag.py:545} INFO - Filling up the DagBag from /home/airflow/.local/lib/python3.12/site-packages/airflow/example_dags/example_branch_operator_decorator.py
[2025-03-12T20:59:06.623+0000] {processor.py:840} INFO - DAG(s) 'example_branch_python_operator_decorator' retrieved from /home/airflow/.local/lib/python3.12/site-packages/airflow/example_dags/example_branch_operator_decorator.py
[2025-03-12T20:59:06.640+0000] {logging_mixin.py:188} INFO - [2025-03-12T20:59:06.640+0000] {dag.py:3089} INFO - Sync 1 DAGs
[2025-03-12T20:59:06.650+0000] {logging_mixin.py:188} INFO - [2025-03-12T20:59:06.649+0000] {dag.py:3947} INFO - Setting next_dagrun for example_branch_python_operator_decorator to 2025-03-11 00:00:00+00:00, run_after=2025-03-12 00:00:00+00:00
[2025-03-12T20:59:06.656+0000] {processor.py:183} INFO - Processing /home/airflow/.local/lib/python3.12/site-packages/airflow/example_dags/example_branch_operator_decorator.py took 0.046 seconds
[2025-03-12T20:59:39.162+0000] {processor.py:161} INFO - Started process (PID=3783) to work on /home/airflow/.local/lib/python3.12/site-packages/airflow/example_dags/example_branch_operator_decorator.py
[2025-03-12T20:59:39.162+0000] {processor.py:830} INFO - Processing file /home/airflow/.local/lib/python3.12/site-packages/airflow/example_dags/example_branch_operator_decorator.py for tasks to queue
[2025-03-12T20:59:39.163+0000] {logging_mixin.py:188} INFO - [2025-03-12T20:59:39.163+0000] {dagbag.py:545} INFO - Filling up the DagBag from /home/airflow/.local/lib/python3.12/site-packages/airflow/example_dags/example_branch_operator_decorator.py
[2025-03-12T20:59:39.172+0000] {processor.py:840} INFO - DAG(s) 'example_branch_python_operator_decorator' retrieved from /home/airflow/.local/lib/python3.12/site-packages/airflow/example_dags/example_branch_operator_decorator.py
[2025-03-12T20:59:39.186+0000] {logging_mixin.py:188} INFO - [2025-03-12T20:59:39.186+0000] {dag.py:3089} INFO - Sync 1 DAGs
[2025-03-12T20:59:39.196+0000] {logging_mixin.py:188} INFO - [2025-03-12T20:59:39.196+0000] {dag.py:3947} INFO - Setting next_dagrun for example_branch_python_operator_decorator to 2025-03-11 00:00:00+00:00, run_after=2025-03-12 00:00:00+00:00
[2025-03-12T20:59:39.207+0000] {processor.py:183} INFO - Processing /home/airflow/.local/lib/python3.12/site-packages/airflow/example_dags/example_branch_operator_decorator.py took 0.049 seconds
[2025-03-12T21:00:11.578+0000] {processor.py:161} INFO - Started process (PID=3855) to work on /home/airflow/.local/lib/python3.12/site-packages/airflow/example_dags/example_branch_operator_decorator.py
[2025-03-12T21:00:11.580+0000] {processor.py:830} INFO - Processing file /home/airflow/.local/lib/python3.12/site-packages/airflow/example_dags/example_branch_operator_decorator.py for tasks to queue
[2025-03-12T21:00:11.581+0000] {logging_mixin.py:188} INFO - [2025-03-12T21:00:11.581+0000] {dagbag.py:545} INFO - Filling up the DagBag from /home/airflow/.local/lib/python3.12/site-packages/airflow/example_dags/example_branch_operator_decorator.py
[2025-03-12T21:00:11.594+0000] {processor.py:840} INFO - DAG(s) 'example_branch_python_operator_decorator' retrieved from /home/airflow/.local/lib/python3.12/site-packages/airflow/example_dags/example_branch_operator_decorator.py
[2025-03-12T21:00:11.607+0000] {logging_mixin.py:188} INFO - [2025-03-12T21:00:11.607+0000] {dag.py:3089} INFO - Sync 1 DAGs
[2025-03-12T21:00:11.618+0000] {logging_mixin.py:188} INFO - [2025-03-12T21:00:11.618+0000] {dag.py:3947} INFO - Setting next_dagrun for example_branch_python_operator_decorator to 2025-03-11 00:00:00+00:00, run_after=2025-03-12 00:00:00+00:00
[2025-03-12T21:00:11.631+0000] {processor.py:183} INFO - Processing /home/airflow/.local/lib/python3.12/site-packages/airflow/example_dags/example_branch_operator_decorator.py took 0.055 seconds
[2025-03-12T21:00:44.093+0000] {processor.py:161} INFO - Started process (PID=3927) to work on /home/airflow/.local/lib/python3.12/site-packages/airflow/example_dags/example_branch_operator_decorator.py
[2025-03-12T21:00:44.093+0000] {processor.py:830} INFO - Processing file /home/airflow/.local/lib/python3.12/site-packages/airflow/example_dags/example_branch_operator_decorator.py for tasks to queue
[2025-03-12T21:00:44.094+0000] {logging_mixin.py:188} INFO - [2025-03-12T21:00:44.094+0000] {dagbag.py:545} INFO - Filling up the DagBag from /home/airflow/.local/lib/python3.12/site-packages/airflow/example_dags/example_branch_operator_decorator.py
[2025-03-12T21:00:44.103+0000] {processor.py:840} INFO - DAG(s) 'example_branch_python_operator_decorator' retrieved from /home/airflow/.local/lib/python3.12/site-packages/airflow/example_dags/example_branch_operator_decorator.py
[2025-03-12T21:00:44.118+0000] {logging_mixin.py:188} INFO - [2025-03-12T21:00:44.118+0000] {dag.py:3089} INFO - Sync 1 DAGs
[2025-03-12T21:00:44.129+0000] {logging_mixin.py:188} INFO - [2025-03-12T21:00:44.129+0000] {dag.py:3947} INFO - Setting next_dagrun for example_branch_python_operator_decorator to 2025-03-11 00:00:00+00:00, run_after=2025-03-12 00:00:00+00:00
[2025-03-12T21:00:44.139+0000] {processor.py:183} INFO - Processing /home/airflow/.local/lib/python3.12/site-packages/airflow/example_dags/example_branch_operator_decorator.py took 0.049 seconds
[2025-03-12T21:01:16.784+0000] {processor.py:161} INFO - Started process (PID=3998) to work on /home/airflow/.local/lib/python3.12/site-packages/airflow/example_dags/example_branch_operator_decorator.py
[2025-03-12T21:01:16.785+0000] {processor.py:830} INFO - Processing file /home/airflow/.local/lib/python3.12/site-packages/airflow/example_dags/example_branch_operator_decorator.py for tasks to queue
[2025-03-12T21:01:16.786+0000] {logging_mixin.py:188} INFO - [2025-03-12T21:01:16.786+0000] {dagbag.py:545} INFO - Filling up the DagBag from /home/airflow/.local/lib/python3.12/site-packages/airflow/example_dags/example_branch_operator_decorator.py
[2025-03-12T21:01:16.795+0000] {processor.py:840} INFO - DAG(s) 'example_branch_python_operator_decorator' retrieved from /home/airflow/.local/lib/python3.12/site-packages/airflow/example_dags/example_branch_operator_decorator.py
[2025-03-12T21:01:16.810+0000] {logging_mixin.py:188} INFO - [2025-03-12T21:01:16.809+0000] {dag.py:3089} INFO - Sync 1 DAGs
[2025-03-12T21:01:16.820+0000] {logging_mixin.py:188} INFO - [2025-03-12T21:01:16.820+0000] {dag.py:3947} INFO - Setting next_dagrun for example_branch_python_operator_decorator to 2025-03-11 00:00:00+00:00, run_after=2025-03-12 00:00:00+00:00
[2025-03-12T21:01:16.827+0000] {processor.py:183} INFO - Processing /home/airflow/.local/lib/python3.12/site-packages/airflow/example_dags/example_branch_operator_decorator.py took 0.046 seconds
[2025-03-12T21:01:49.302+0000] {processor.py:161} INFO - Started process (PID=4070) to work on /home/airflow/.local/lib/python3.12/site-packages/airflow/example_dags/example_branch_operator_decorator.py
[2025-03-12T21:01:49.304+0000] {processor.py:830} INFO - Processing file /home/airflow/.local/lib/python3.12/site-packages/airflow/example_dags/example_branch_operator_decorator.py for tasks to queue
[2025-03-12T21:01:49.304+0000] {logging_mixin.py:188} INFO - [2025-03-12T21:01:49.304+0000] {dagbag.py:545} INFO - Filling up the DagBag from /home/airflow/.local/lib/python3.12/site-packages/airflow/example_dags/example_branch_operator_decorator.py
[2025-03-12T21:01:49.313+0000] {processor.py:840} INFO - DAG(s) 'example_branch_python_operator_decorator' retrieved from /home/airflow/.local/lib/python3.12/site-packages/airflow/example_dags/example_branch_operator_decorator.py
[2025-03-12T21:01:49.328+0000] {logging_mixin.py:188} INFO - [2025-03-12T21:01:49.328+0000] {dag.py:3089} INFO - Sync 1 DAGs
[2025-03-12T21:01:49.338+0000] {logging_mixin.py:188} INFO - [2025-03-12T21:01:49.338+0000] {dag.py:3947} INFO - Setting next_dagrun for example_branch_python_operator_decorator to 2025-03-11 00:00:00+00:00, run_after=2025-03-12 00:00:00+00:00
[2025-03-12T21:01:49.348+0000] {processor.py:183} INFO - Processing /home/airflow/.local/lib/python3.12/site-packages/airflow/example_dags/example_branch_operator_decorator.py took 0.048 seconds
[2025-03-12T21:02:21.926+0000] {processor.py:161} INFO - Started process (PID=4142) to work on /home/airflow/.local/lib/python3.12/site-packages/airflow/example_dags/example_branch_operator_decorator.py
[2025-03-12T21:02:21.926+0000] {processor.py:830} INFO - Processing file /home/airflow/.local/lib/python3.12/site-packages/airflow/example_dags/example_branch_operator_decorator.py for tasks to queue
[2025-03-12T21:02:21.927+0000] {logging_mixin.py:188} INFO - [2025-03-12T21:02:21.927+0000] {dagbag.py:545} INFO - Filling up the DagBag from /home/airflow/.local/lib/python3.12/site-packages/airflow/example_dags/example_branch_operator_decorator.py
[2025-03-12T21:02:21.935+0000] {processor.py:840} INFO - DAG(s) 'example_branch_python_operator_decorator' retrieved from /home/airflow/.local/lib/python3.12/site-packages/airflow/example_dags/example_branch_operator_decorator.py
[2025-03-12T21:02:21.945+0000] {logging_mixin.py:188} INFO - [2025-03-12T21:02:21.945+0000] {dag.py:3089} INFO - Sync 1 DAGs
[2025-03-12T21:02:21.953+0000] {logging_mixin.py:188} INFO - [2025-03-12T21:02:21.953+0000] {dag.py:3947} INFO - Setting next_dagrun for example_branch_python_operator_decorator to 2025-03-11 00:00:00+00:00, run_after=2025-03-12 00:00:00+00:00
[2025-03-12T21:02:21.960+0000] {processor.py:183} INFO - Processing /home/airflow/.local/lib/python3.12/site-packages/airflow/example_dags/example_branch_operator_decorator.py took 0.036 seconds
[2025-03-12T21:02:54.750+0000] {processor.py:161} INFO - Started process (PID=4214) to work on /home/airflow/.local/lib/python3.12/site-packages/airflow/example_dags/example_branch_operator_decorator.py
[2025-03-12T21:02:54.751+0000] {processor.py:830} INFO - Processing file /home/airflow/.local/lib/python3.12/site-packages/airflow/example_dags/example_branch_operator_decorator.py for tasks to queue
[2025-03-12T21:02:54.752+0000] {logging_mixin.py:188} INFO - [2025-03-12T21:02:54.752+0000] {dagbag.py:545} INFO - Filling up the DagBag from /home/airflow/.local/lib/python3.12/site-packages/airflow/example_dags/example_branch_operator_decorator.py
[2025-03-12T21:02:54.761+0000] {processor.py:840} INFO - DAG(s) 'example_branch_python_operator_decorator' retrieved from /home/airflow/.local/lib/python3.12/site-packages/airflow/example_dags/example_branch_operator_decorator.py
[2025-03-12T21:02:54.774+0000] {logging_mixin.py:188} INFO - [2025-03-12T21:02:54.774+0000] {dag.py:3089} INFO - Sync 1 DAGs
[2025-03-12T21:02:54.783+0000] {logging_mixin.py:188} INFO - [2025-03-12T21:02:54.783+0000] {dag.py:3947} INFO - Setting next_dagrun for example_branch_python_operator_decorator to 2025-03-11 00:00:00+00:00, run_after=2025-03-12 00:00:00+00:00
[2025-03-12T21:02:54.790+0000] {processor.py:183} INFO - Processing /home/airflow/.local/lib/python3.12/site-packages/airflow/example_dags/example_branch_operator_decorator.py took 0.042 seconds
[2025-03-12T21:03:27.219+0000] {processor.py:161} INFO - Started process (PID=4292) to work on /home/airflow/.local/lib/python3.12/site-packages/airflow/example_dags/example_branch_operator_decorator.py
[2025-03-12T21:03:27.220+0000] {processor.py:830} INFO - Processing file /home/airflow/.local/lib/python3.12/site-packages/airflow/example_dags/example_branch_operator_decorator.py for tasks to queue
[2025-03-12T21:03:27.221+0000] {logging_mixin.py:188} INFO - [2025-03-12T21:03:27.221+0000] {dagbag.py:545} INFO - Filling up the DagBag from /home/airflow/.local/lib/python3.12/site-packages/airflow/example_dags/example_branch_operator_decorator.py
[2025-03-12T21:03:27.230+0000] {processor.py:840} INFO - DAG(s) 'example_branch_python_operator_decorator' retrieved from /home/airflow/.local/lib/python3.12/site-packages/airflow/example_dags/example_branch_operator_decorator.py
[2025-03-12T21:03:27.242+0000] {logging_mixin.py:188} INFO - [2025-03-12T21:03:27.242+0000] {dag.py:3089} INFO - Sync 1 DAGs
[2025-03-12T21:03:27.252+0000] {logging_mixin.py:188} INFO - [2025-03-12T21:03:27.252+0000] {dag.py:3947} INFO - Setting next_dagrun for example_branch_python_operator_decorator to 2025-03-11 00:00:00+00:00, run_after=2025-03-12 00:00:00+00:00
[2025-03-12T21:03:27.259+0000] {processor.py:183} INFO - Processing /home/airflow/.local/lib/python3.12/site-packages/airflow/example_dags/example_branch_operator_decorator.py took 0.043 seconds
