[2024-12-18T10:42:38.405+0000] {processor.py:161} INFO - Started process (PID=52) to work on /opt/airflow/dags/Stock_pred.py
[2024-12-18T10:42:38.409+0000] {processor.py:830} INFO - Processing file /opt/airflow/dags/Stock_pred.py for tasks to queue
[2024-12-18T10:42:38.415+0000] {logging_mixin.py:188} INFO - [2024-12-18T10:42:38.412+0000] {dagbag.py:545} INFO - Filling up the DagBag from /opt/airflow/dags/Stock_pred.py
[2024-12-18T10:42:42.177+0000] {logging_mixin.py:188} INFO - [2024-12-18T10:42:42.177+0000] {__init__.py:547} WARNING - Matplotlib created a temporary cache directory at /tmp/matplotlib-3fs603qb because the default path (/home/airflow/.cache/matplotlib) is not a writable directory; it is highly recommended to set the MPLCONFIGDIR environment variable to a writable directory, in particular to speed up the import of Matplotlib and to better support multiprocessing.
[2024-12-18T10:42:42.298+0000] {logging_mixin.py:188} INFO - [2024-12-18T10:42:42.298+0000] {font_manager.py:1584} INFO - generated new fontManager
[2024-12-18T10:42:42.792+0000] {logging_mixin.py:188} INFO - [2024-12-18T10:42:42.791+0000] {crypto.py:82} WARNING - empty cryptography key - values will not be stored encrypted.
[2024-12-18T10:42:42.799+0000] {processor.py:840} INFO - DAG(s) 'dag_with_postgres_hooks' retrieved from /opt/airflow/dags/Stock_pred.py
[2024-12-18T10:42:42.880+0000] {logging_mixin.py:188} INFO - [2024-12-18T10:42:42.879+0000] {dag.py:3089} INFO - Sync 1 DAGs
[2024-12-18T10:42:42.892+0000] {logging_mixin.py:188} INFO - [2024-12-18T10:42:42.892+0000] {dag.py:3947} INFO - Setting next_dagrun for dag_with_postgres_hooks to 2024-12-17 13:30:00+00:00, run_after=2024-12-18 13:30:00+00:00
[2024-12-18T10:42:42.906+0000] {processor.py:183} INFO - Processing /opt/airflow/dags/Stock_pred.py took 4.509 seconds
[2024-12-18T10:42:48.257+0000] {processor.py:161} INFO - Started process (PID=118) to work on /opt/airflow/dags/Stock_pred.py
[2024-12-18T10:42:48.258+0000] {processor.py:830} INFO - Processing file /opt/airflow/dags/Stock_pred.py for tasks to queue
[2024-12-18T10:42:48.258+0000] {logging_mixin.py:188} INFO - [2024-12-18T10:42:48.258+0000] {dagbag.py:545} INFO - Filling up the DagBag from /opt/airflow/dags/Stock_pred.py
[2024-12-18T10:42:49.733+0000] {logging_mixin.py:188} INFO - [2024-12-18T10:42:49.733+0000] {__init__.py:547} WARNING - Matplotlib created a temporary cache directory at /tmp/matplotlib-6cwna8d9 because the default path (/home/airflow/.cache/matplotlib) is not a writable directory; it is highly recommended to set the MPLCONFIGDIR environment variable to a writable directory, in particular to speed up the import of Matplotlib and to better support multiprocessing.
[2024-12-18T10:42:49.842+0000] {logging_mixin.py:188} INFO - [2024-12-18T10:42:49.842+0000] {font_manager.py:1584} INFO - generated new fontManager
[2024-12-18T10:42:50.072+0000] {logging_mixin.py:188} INFO - [2024-12-18T10:42:50.072+0000] {crypto.py:82} WARNING - empty cryptography key - values will not be stored encrypted.
[2024-12-18T10:42:50.075+0000] {processor.py:840} INFO - DAG(s) 'dag_with_postgres_hooks' retrieved from /opt/airflow/dags/Stock_pred.py
[2024-12-18T10:42:50.085+0000] {logging_mixin.py:188} INFO - [2024-12-18T10:42:50.084+0000] {taskinstance.py:2907} ERROR - {'DAG Id': 'dag_with_postgres_hooks', 'Task Id': 'plot', 'Run Id': 'scheduled__2024-12-15T13:30:00+00:00', 'Hostname': 'b7aba691e1ff', 'External Executor Id': 'ba533d49-2b2e-4408-89cc-0a245fb36e79'}
[2024-12-18T10:42:50.095+0000] {logging_mixin.py:188} INFO - [2024-12-18T10:42:50.095+0000] {taskinstance.py:1206} INFO - Marking task as FAILED. dag_id=dag_with_postgres_hooks, task_id=plot, run_id=scheduled__2024-12-15T13:30:00+00:00, execution_date=20241215T133000, start_date=20241217T105203, end_date=20241218T104250
[2024-12-18T10:42:50.100+0000] {processor.py:791} INFO - Executed failure callback for <TaskInstance: dag_with_postgres_hooks.plot scheduled__2024-12-15T13:30:00+00:00 [failed]> in state failed
[2024-12-18T10:42:50.102+0000] {logging_mixin.py:188} INFO - [2024-12-18T10:42:50.101+0000] {dag.py:3089} INFO - Sync 1 DAGs
[2024-12-18T10:42:50.109+0000] {logging_mixin.py:188} INFO - [2024-12-18T10:42:50.109+0000] {dag.py:3947} INFO - Setting next_dagrun for dag_with_postgres_hooks to 2024-12-17 13:30:00+00:00, run_after=2024-12-18 13:30:00+00:00
[2024-12-18T10:42:50.115+0000] {processor.py:183} INFO - Processing /opt/airflow/dags/Stock_pred.py took 1.860 seconds
