[2025-02-02T15:59:29.866+0000] {processor.py:161} INFO - Started process (PID=89) to work on /home/airflow/.local/lib/python3.12/site-packages/airflow/example_dags/example_short_circuit_operator.py
[2025-02-02T15:59:29.867+0000] {processor.py:830} INFO - Processing file /home/airflow/.local/lib/python3.12/site-packages/airflow/example_dags/example_short_circuit_operator.py for tasks to queue
[2025-02-02T15:59:29.869+0000] {logging_mixin.py:188} INFO - [2025-02-02T15:59:29.869+0000] {dagbag.py:545} INFO - Filling up the DagBag from /home/airflow/.local/lib/python3.12/site-packages/airflow/example_dags/example_short_circuit_operator.py
[2025-02-02T15:59:29.877+0000] {processor.py:840} INFO - DAG(s) 'example_short_circuit_operator' retrieved from /home/airflow/.local/lib/python3.12/site-packages/airflow/example_dags/example_short_circuit_operator.py
[2025-02-02T15:59:29.904+0000] {logging_mixin.py:188} INFO - [2025-02-02T15:59:29.904+0000] {dag.py:3089} INFO - Sync 1 DAGs
[2025-02-02T15:59:29.919+0000] {logging_mixin.py:188} INFO - [2025-02-02T15:59:29.919+0000] {dag.py:3947} INFO - Setting next_dagrun for example_short_circuit_operator to 2025-02-01 00:00:00+00:00, run_after=2025-02-02 00:00:00+00:00
[2025-02-02T15:59:29.932+0000] {processor.py:183} INFO - Processing /home/airflow/.local/lib/python3.12/site-packages/airflow/example_dags/example_short_circuit_operator.py took 0.070 seconds
[2025-02-02T16:00:02.549+0000] {processor.py:161} INFO - Started process (PID=161) to work on /home/airflow/.local/lib/python3.12/site-packages/airflow/example_dags/example_short_circuit_operator.py
[2025-02-02T16:00:02.550+0000] {processor.py:830} INFO - Processing file /home/airflow/.local/lib/python3.12/site-packages/airflow/example_dags/example_short_circuit_operator.py for tasks to queue
[2025-02-02T16:00:02.551+0000] {logging_mixin.py:188} INFO - [2025-02-02T16:00:02.551+0000] {dagbag.py:545} INFO - Filling up the DagBag from /home/airflow/.local/lib/python3.12/site-packages/airflow/example_dags/example_short_circuit_operator.py
[2025-02-02T16:00:02.555+0000] {processor.py:840} INFO - DAG(s) 'example_short_circuit_operator' retrieved from /home/airflow/.local/lib/python3.12/site-packages/airflow/example_dags/example_short_circuit_operator.py
[2025-02-02T16:00:02.566+0000] {logging_mixin.py:188} INFO - [2025-02-02T16:00:02.565+0000] {dag.py:3089} INFO - Sync 1 DAGs
[2025-02-02T16:00:02.576+0000] {logging_mixin.py:188} INFO - [2025-02-02T16:00:02.576+0000] {dag.py:3947} INFO - Setting next_dagrun for example_short_circuit_operator to 2025-02-01 00:00:00+00:00, run_after=2025-02-02 00:00:00+00:00
[2025-02-02T16:00:02.584+0000] {processor.py:183} INFO - Processing /home/airflow/.local/lib/python3.12/site-packages/airflow/example_dags/example_short_circuit_operator.py took 0.037 seconds
[2025-02-02T16:00:35.629+0000] {processor.py:161} INFO - Started process (PID=233) to work on /home/airflow/.local/lib/python3.12/site-packages/airflow/example_dags/example_short_circuit_operator.py
[2025-02-02T16:00:35.629+0000] {processor.py:830} INFO - Processing file /home/airflow/.local/lib/python3.12/site-packages/airflow/example_dags/example_short_circuit_operator.py for tasks to queue
[2025-02-02T16:00:35.631+0000] {logging_mixin.py:188} INFO - [2025-02-02T16:00:35.630+0000] {dagbag.py:545} INFO - Filling up the DagBag from /home/airflow/.local/lib/python3.12/site-packages/airflow/example_dags/example_short_circuit_operator.py
[2025-02-02T16:00:35.634+0000] {processor.py:840} INFO - DAG(s) 'example_short_circuit_operator' retrieved from /home/airflow/.local/lib/python3.12/site-packages/airflow/example_dags/example_short_circuit_operator.py
[2025-02-02T16:00:35.644+0000] {logging_mixin.py:188} INFO - [2025-02-02T16:00:35.644+0000] {dag.py:3089} INFO - Sync 1 DAGs
[2025-02-02T16:00:35.653+0000] {logging_mixin.py:188} INFO - [2025-02-02T16:00:35.653+0000] {dag.py:3947} INFO - Setting next_dagrun for example_short_circuit_operator to 2025-02-01 00:00:00+00:00, run_after=2025-02-02 00:00:00+00:00
[2025-02-02T16:00:35.660+0000] {processor.py:183} INFO - Processing /home/airflow/.local/lib/python3.12/site-packages/airflow/example_dags/example_short_circuit_operator.py took 0.034 seconds
[2025-02-02T16:01:08.256+0000] {processor.py:161} INFO - Started process (PID=305) to work on /home/airflow/.local/lib/python3.12/site-packages/airflow/example_dags/example_short_circuit_operator.py
[2025-02-02T16:01:08.256+0000] {processor.py:830} INFO - Processing file /home/airflow/.local/lib/python3.12/site-packages/airflow/example_dags/example_short_circuit_operator.py for tasks to queue
[2025-02-02T16:01:08.257+0000] {logging_mixin.py:188} INFO - [2025-02-02T16:01:08.257+0000] {dagbag.py:545} INFO - Filling up the DagBag from /home/airflow/.local/lib/python3.12/site-packages/airflow/example_dags/example_short_circuit_operator.py
[2025-02-02T16:01:08.261+0000] {processor.py:840} INFO - DAG(s) 'example_short_circuit_operator' retrieved from /home/airflow/.local/lib/python3.12/site-packages/airflow/example_dags/example_short_circuit_operator.py
[2025-02-02T16:01:08.277+0000] {logging_mixin.py:188} INFO - [2025-02-02T16:01:08.276+0000] {dag.py:3089} INFO - Sync 1 DAGs
[2025-02-02T16:01:08.291+0000] {logging_mixin.py:188} INFO - [2025-02-02T16:01:08.291+0000] {dag.py:3947} INFO - Setting next_dagrun for example_short_circuit_operator to 2025-02-01 00:00:00+00:00, run_after=2025-02-02 00:00:00+00:00
[2025-02-02T16:01:08.302+0000] {processor.py:183} INFO - Processing /home/airflow/.local/lib/python3.12/site-packages/airflow/example_dags/example_short_circuit_operator.py took 0.049 seconds
[2025-02-02T16:01:40.437+0000] {processor.py:161} INFO - Started process (PID=377) to work on /home/airflow/.local/lib/python3.12/site-packages/airflow/example_dags/example_short_circuit_operator.py
[2025-02-02T16:01:40.439+0000] {processor.py:830} INFO - Processing file /home/airflow/.local/lib/python3.12/site-packages/airflow/example_dags/example_short_circuit_operator.py for tasks to queue
[2025-02-02T16:01:40.439+0000] {logging_mixin.py:188} INFO - [2025-02-02T16:01:40.439+0000] {dagbag.py:545} INFO - Filling up the DagBag from /home/airflow/.local/lib/python3.12/site-packages/airflow/example_dags/example_short_circuit_operator.py
[2025-02-02T16:01:40.443+0000] {processor.py:840} INFO - DAG(s) 'example_short_circuit_operator' retrieved from /home/airflow/.local/lib/python3.12/site-packages/airflow/example_dags/example_short_circuit_operator.py
[2025-02-02T16:01:40.454+0000] {logging_mixin.py:188} INFO - [2025-02-02T16:01:40.454+0000] {dag.py:3089} INFO - Sync 1 DAGs
[2025-02-02T16:01:40.464+0000] {logging_mixin.py:188} INFO - [2025-02-02T16:01:40.463+0000] {dag.py:3947} INFO - Setting next_dagrun for example_short_circuit_operator to 2025-02-01 00:00:00+00:00, run_after=2025-02-02 00:00:00+00:00
[2025-02-02T16:01:40.473+0000] {processor.py:183} INFO - Processing /home/airflow/.local/lib/python3.12/site-packages/airflow/example_dags/example_short_circuit_operator.py took 0.038 seconds
[2025-02-02T16:02:12.955+0000] {processor.py:161} INFO - Started process (PID=449) to work on /home/airflow/.local/lib/python3.12/site-packages/airflow/example_dags/example_short_circuit_operator.py
[2025-02-02T16:02:12.956+0000] {processor.py:830} INFO - Processing file /home/airflow/.local/lib/python3.12/site-packages/airflow/example_dags/example_short_circuit_operator.py for tasks to queue
[2025-02-02T16:02:12.957+0000] {logging_mixin.py:188} INFO - [2025-02-02T16:02:12.957+0000] {dagbag.py:545} INFO - Filling up the DagBag from /home/airflow/.local/lib/python3.12/site-packages/airflow/example_dags/example_short_circuit_operator.py
[2025-02-02T16:02:12.960+0000] {processor.py:840} INFO - DAG(s) 'example_short_circuit_operator' retrieved from /home/airflow/.local/lib/python3.12/site-packages/airflow/example_dags/example_short_circuit_operator.py
[2025-02-02T16:02:12.973+0000] {logging_mixin.py:188} INFO - [2025-02-02T16:02:12.972+0000] {dag.py:3089} INFO - Sync 1 DAGs
[2025-02-02T16:02:12.981+0000] {logging_mixin.py:188} INFO - [2025-02-02T16:02:12.981+0000] {dag.py:3947} INFO - Setting next_dagrun for example_short_circuit_operator to 2025-02-01 00:00:00+00:00, run_after=2025-02-02 00:00:00+00:00
[2025-02-02T16:02:12.988+0000] {processor.py:183} INFO - Processing /home/airflow/.local/lib/python3.12/site-packages/airflow/example_dags/example_short_circuit_operator.py took 0.036 seconds
[2025-02-02T16:02:45.786+0000] {processor.py:161} INFO - Started process (PID=521) to work on /home/airflow/.local/lib/python3.12/site-packages/airflow/example_dags/example_short_circuit_operator.py
[2025-02-02T16:02:45.788+0000] {processor.py:830} INFO - Processing file /home/airflow/.local/lib/python3.12/site-packages/airflow/example_dags/example_short_circuit_operator.py for tasks to queue
[2025-02-02T16:02:45.788+0000] {logging_mixin.py:188} INFO - [2025-02-02T16:02:45.788+0000] {dagbag.py:545} INFO - Filling up the DagBag from /home/airflow/.local/lib/python3.12/site-packages/airflow/example_dags/example_short_circuit_operator.py
[2025-02-02T16:02:45.792+0000] {processor.py:840} INFO - DAG(s) 'example_short_circuit_operator' retrieved from /home/airflow/.local/lib/python3.12/site-packages/airflow/example_dags/example_short_circuit_operator.py
[2025-02-02T16:02:45.806+0000] {logging_mixin.py:188} INFO - [2025-02-02T16:02:45.805+0000] {dag.py:3089} INFO - Sync 1 DAGs
[2025-02-02T16:02:45.815+0000] {logging_mixin.py:188} INFO - [2025-02-02T16:02:45.815+0000] {dag.py:3947} INFO - Setting next_dagrun for example_short_circuit_operator to 2025-02-01 00:00:00+00:00, run_after=2025-02-02 00:00:00+00:00
[2025-02-02T16:02:45.822+0000] {processor.py:183} INFO - Processing /home/airflow/.local/lib/python3.12/site-packages/airflow/example_dags/example_short_circuit_operator.py took 0.038 seconds
[2025-02-02T16:03:18.034+0000] {processor.py:161} INFO - Started process (PID=593) to work on /home/airflow/.local/lib/python3.12/site-packages/airflow/example_dags/example_short_circuit_operator.py
[2025-02-02T16:03:18.036+0000] {processor.py:830} INFO - Processing file /home/airflow/.local/lib/python3.12/site-packages/airflow/example_dags/example_short_circuit_operator.py for tasks to queue
[2025-02-02T16:03:18.037+0000] {logging_mixin.py:188} INFO - [2025-02-02T16:03:18.037+0000] {dagbag.py:545} INFO - Filling up the DagBag from /home/airflow/.local/lib/python3.12/site-packages/airflow/example_dags/example_short_circuit_operator.py
[2025-02-02T16:03:18.040+0000] {processor.py:840} INFO - DAG(s) 'example_short_circuit_operator' retrieved from /home/airflow/.local/lib/python3.12/site-packages/airflow/example_dags/example_short_circuit_operator.py
[2025-02-02T16:03:18.053+0000] {logging_mixin.py:188} INFO - [2025-02-02T16:03:18.053+0000] {dag.py:3089} INFO - Sync 1 DAGs
[2025-02-02T16:03:18.063+0000] {logging_mixin.py:188} INFO - [2025-02-02T16:03:18.063+0000] {dag.py:3947} INFO - Setting next_dagrun for example_short_circuit_operator to 2025-02-01 00:00:00+00:00, run_after=2025-02-02 00:00:00+00:00
[2025-02-02T16:03:18.073+0000] {processor.py:183} INFO - Processing /home/airflow/.local/lib/python3.12/site-packages/airflow/example_dags/example_short_circuit_operator.py took 0.041 seconds
[2025-02-02T16:03:50.480+0000] {processor.py:161} INFO - Started process (PID=665) to work on /home/airflow/.local/lib/python3.12/site-packages/airflow/example_dags/example_short_circuit_operator.py
[2025-02-02T16:03:50.481+0000] {processor.py:830} INFO - Processing file /home/airflow/.local/lib/python3.12/site-packages/airflow/example_dags/example_short_circuit_operator.py for tasks to queue
[2025-02-02T16:03:50.482+0000] {logging_mixin.py:188} INFO - [2025-02-02T16:03:50.482+0000] {dagbag.py:545} INFO - Filling up the DagBag from /home/airflow/.local/lib/python3.12/site-packages/airflow/example_dags/example_short_circuit_operator.py
[2025-02-02T16:03:50.486+0000] {processor.py:840} INFO - DAG(s) 'example_short_circuit_operator' retrieved from /home/airflow/.local/lib/python3.12/site-packages/airflow/example_dags/example_short_circuit_operator.py
[2025-02-02T16:03:50.497+0000] {logging_mixin.py:188} INFO - [2025-02-02T16:03:50.497+0000] {dag.py:3089} INFO - Sync 1 DAGs
[2025-02-02T16:03:50.507+0000] {logging_mixin.py:188} INFO - [2025-02-02T16:03:50.507+0000] {dag.py:3947} INFO - Setting next_dagrun for example_short_circuit_operator to 2025-02-01 00:00:00+00:00, run_after=2025-02-02 00:00:00+00:00
[2025-02-02T16:03:50.517+0000] {processor.py:183} INFO - Processing /home/airflow/.local/lib/python3.12/site-packages/airflow/example_dags/example_short_circuit_operator.py took 0.040 seconds
[2025-02-02T16:04:22.985+0000] {processor.py:161} INFO - Started process (PID=737) to work on /home/airflow/.local/lib/python3.12/site-packages/airflow/example_dags/example_short_circuit_operator.py
[2025-02-02T16:04:22.986+0000] {processor.py:830} INFO - Processing file /home/airflow/.local/lib/python3.12/site-packages/airflow/example_dags/example_short_circuit_operator.py for tasks to queue
[2025-02-02T16:04:22.987+0000] {logging_mixin.py:188} INFO - [2025-02-02T16:04:22.986+0000] {dagbag.py:545} INFO - Filling up the DagBag from /home/airflow/.local/lib/python3.12/site-packages/airflow/example_dags/example_short_circuit_operator.py
[2025-02-02T16:04:23.068+0000] {processor.py:840} INFO - DAG(s) 'example_short_circuit_operator' retrieved from /home/airflow/.local/lib/python3.12/site-packages/airflow/example_dags/example_short_circuit_operator.py
[2025-02-02T16:04:23.077+0000] {logging_mixin.py:188} INFO - [2025-02-02T16:04:23.077+0000] {dag.py:3089} INFO - Sync 1 DAGs
[2025-02-02T16:04:23.086+0000] {logging_mixin.py:188} INFO - [2025-02-02T16:04:23.086+0000] {dag.py:3947} INFO - Setting next_dagrun for example_short_circuit_operator to 2025-02-01 00:00:00+00:00, run_after=2025-02-02 00:00:00+00:00
[2025-02-02T16:04:23.094+0000] {processor.py:183} INFO - Processing /home/airflow/.local/lib/python3.12/site-packages/airflow/example_dags/example_short_circuit_operator.py took 0.112 seconds
[2025-02-02T16:04:55.585+0000] {processor.py:161} INFO - Started process (PID=809) to work on /home/airflow/.local/lib/python3.12/site-packages/airflow/example_dags/example_short_circuit_operator.py
[2025-02-02T16:04:55.586+0000] {processor.py:830} INFO - Processing file /home/airflow/.local/lib/python3.12/site-packages/airflow/example_dags/example_short_circuit_operator.py for tasks to queue
[2025-02-02T16:04:55.587+0000] {logging_mixin.py:188} INFO - [2025-02-02T16:04:55.587+0000] {dagbag.py:545} INFO - Filling up the DagBag from /home/airflow/.local/lib/python3.12/site-packages/airflow/example_dags/example_short_circuit_operator.py
[2025-02-02T16:04:55.592+0000] {processor.py:840} INFO - DAG(s) 'example_short_circuit_operator' retrieved from /home/airflow/.local/lib/python3.12/site-packages/airflow/example_dags/example_short_circuit_operator.py
[2025-02-02T16:04:55.602+0000] {logging_mixin.py:188} INFO - [2025-02-02T16:04:55.602+0000] {dag.py:3089} INFO - Sync 1 DAGs
[2025-02-02T16:04:55.610+0000] {logging_mixin.py:188} INFO - [2025-02-02T16:04:55.610+0000] {dag.py:3947} INFO - Setting next_dagrun for example_short_circuit_operator to 2025-02-01 00:00:00+00:00, run_after=2025-02-02 00:00:00+00:00
[2025-02-02T16:04:55.620+0000] {processor.py:183} INFO - Processing /home/airflow/.local/lib/python3.12/site-packages/airflow/example_dags/example_short_circuit_operator.py took 0.038 seconds
[2025-02-02T16:05:28.199+0000] {processor.py:161} INFO - Started process (PID=881) to work on /home/airflow/.local/lib/python3.12/site-packages/airflow/example_dags/example_short_circuit_operator.py
[2025-02-02T16:05:28.200+0000] {processor.py:830} INFO - Processing file /home/airflow/.local/lib/python3.12/site-packages/airflow/example_dags/example_short_circuit_operator.py for tasks to queue
[2025-02-02T16:05:28.201+0000] {logging_mixin.py:188} INFO - [2025-02-02T16:05:28.201+0000] {dagbag.py:545} INFO - Filling up the DagBag from /home/airflow/.local/lib/python3.12/site-packages/airflow/example_dags/example_short_circuit_operator.py
[2025-02-02T16:05:28.205+0000] {processor.py:840} INFO - DAG(s) 'example_short_circuit_operator' retrieved from /home/airflow/.local/lib/python3.12/site-packages/airflow/example_dags/example_short_circuit_operator.py
[2025-02-02T16:05:28.217+0000] {logging_mixin.py:188} INFO - [2025-02-02T16:05:28.217+0000] {dag.py:3089} INFO - Sync 1 DAGs
[2025-02-02T16:05:28.228+0000] {logging_mixin.py:188} INFO - [2025-02-02T16:05:28.228+0000] {dag.py:3947} INFO - Setting next_dagrun for example_short_circuit_operator to 2025-02-01 00:00:00+00:00, run_after=2025-02-02 00:00:00+00:00
[2025-02-02T16:05:28.237+0000] {processor.py:183} INFO - Processing /home/airflow/.local/lib/python3.12/site-packages/airflow/example_dags/example_short_circuit_operator.py took 0.040 seconds
[2025-02-02T16:06:00.672+0000] {processor.py:161} INFO - Started process (PID=959) to work on /home/airflow/.local/lib/python3.12/site-packages/airflow/example_dags/example_short_circuit_operator.py
[2025-02-02T16:06:00.673+0000] {processor.py:830} INFO - Processing file /home/airflow/.local/lib/python3.12/site-packages/airflow/example_dags/example_short_circuit_operator.py for tasks to queue
[2025-02-02T16:06:00.673+0000] {logging_mixin.py:188} INFO - [2025-02-02T16:06:00.673+0000] {dagbag.py:545} INFO - Filling up the DagBag from /home/airflow/.local/lib/python3.12/site-packages/airflow/example_dags/example_short_circuit_operator.py
[2025-02-02T16:06:00.676+0000] {processor.py:840} INFO - DAG(s) 'example_short_circuit_operator' retrieved from /home/airflow/.local/lib/python3.12/site-packages/airflow/example_dags/example_short_circuit_operator.py
[2025-02-02T16:06:00.687+0000] {logging_mixin.py:188} INFO - [2025-02-02T16:06:00.687+0000] {dag.py:3089} INFO - Sync 1 DAGs
[2025-02-02T16:06:00.698+0000] {logging_mixin.py:188} INFO - [2025-02-02T16:06:00.698+0000] {dag.py:3947} INFO - Setting next_dagrun for example_short_circuit_operator to 2025-02-01 00:00:00+00:00, run_after=2025-02-02 00:00:00+00:00
[2025-02-02T16:06:00.709+0000] {processor.py:183} INFO - Processing /home/airflow/.local/lib/python3.12/site-packages/airflow/example_dags/example_short_circuit_operator.py took 0.039 seconds
[2025-02-02T16:06:33.286+0000] {processor.py:161} INFO - Started process (PID=1031) to work on /home/airflow/.local/lib/python3.12/site-packages/airflow/example_dags/example_short_circuit_operator.py
[2025-02-02T16:06:33.288+0000] {processor.py:830} INFO - Processing file /home/airflow/.local/lib/python3.12/site-packages/airflow/example_dags/example_short_circuit_operator.py for tasks to queue
[2025-02-02T16:06:33.289+0000] {logging_mixin.py:188} INFO - [2025-02-02T16:06:33.289+0000] {dagbag.py:545} INFO - Filling up the DagBag from /home/airflow/.local/lib/python3.12/site-packages/airflow/example_dags/example_short_circuit_operator.py
[2025-02-02T16:06:33.292+0000] {processor.py:840} INFO - DAG(s) 'example_short_circuit_operator' retrieved from /home/airflow/.local/lib/python3.12/site-packages/airflow/example_dags/example_short_circuit_operator.py
[2025-02-02T16:06:33.303+0000] {logging_mixin.py:188} INFO - [2025-02-02T16:06:33.303+0000] {dag.py:3089} INFO - Sync 1 DAGs
[2025-02-02T16:06:33.314+0000] {logging_mixin.py:188} INFO - [2025-02-02T16:06:33.314+0000] {dag.py:3947} INFO - Setting next_dagrun for example_short_circuit_operator to 2025-02-01 00:00:00+00:00, run_after=2025-02-02 00:00:00+00:00
[2025-02-02T16:06:33.324+0000] {processor.py:183} INFO - Processing /home/airflow/.local/lib/python3.12/site-packages/airflow/example_dags/example_short_circuit_operator.py took 0.040 seconds
[2025-02-02T16:07:06.093+0000] {processor.py:161} INFO - Started process (PID=1104) to work on /home/airflow/.local/lib/python3.12/site-packages/airflow/example_dags/example_short_circuit_operator.py
[2025-02-02T16:07:06.093+0000] {processor.py:830} INFO - Processing file /home/airflow/.local/lib/python3.12/site-packages/airflow/example_dags/example_short_circuit_operator.py for tasks to queue
[2025-02-02T16:07:06.094+0000] {logging_mixin.py:188} INFO - [2025-02-02T16:07:06.094+0000] {dagbag.py:545} INFO - Filling up the DagBag from /home/airflow/.local/lib/python3.12/site-packages/airflow/example_dags/example_short_circuit_operator.py
[2025-02-02T16:07:06.097+0000] {processor.py:840} INFO - DAG(s) 'example_short_circuit_operator' retrieved from /home/airflow/.local/lib/python3.12/site-packages/airflow/example_dags/example_short_circuit_operator.py
[2025-02-02T16:07:06.109+0000] {logging_mixin.py:188} INFO - [2025-02-02T16:07:06.109+0000] {dag.py:3089} INFO - Sync 1 DAGs
[2025-02-02T16:07:06.118+0000] {logging_mixin.py:188} INFO - [2025-02-02T16:07:06.118+0000] {dag.py:3947} INFO - Setting next_dagrun for example_short_circuit_operator to 2025-02-01 00:00:00+00:00, run_after=2025-02-02 00:00:00+00:00
[2025-02-02T16:07:06.127+0000] {processor.py:183} INFO - Processing /home/airflow/.local/lib/python3.12/site-packages/airflow/example_dags/example_short_circuit_operator.py took 0.037 seconds
[2025-02-02T16:07:38.659+0000] {processor.py:161} INFO - Started process (PID=1177) to work on /home/airflow/.local/lib/python3.12/site-packages/airflow/example_dags/example_short_circuit_operator.py
[2025-02-02T16:07:38.660+0000] {processor.py:830} INFO - Processing file /home/airflow/.local/lib/python3.12/site-packages/airflow/example_dags/example_short_circuit_operator.py for tasks to queue
[2025-02-02T16:07:38.661+0000] {logging_mixin.py:188} INFO - [2025-02-02T16:07:38.660+0000] {dagbag.py:545} INFO - Filling up the DagBag from /home/airflow/.local/lib/python3.12/site-packages/airflow/example_dags/example_short_circuit_operator.py
[2025-02-02T16:07:38.664+0000] {processor.py:840} INFO - DAG(s) 'example_short_circuit_operator' retrieved from /home/airflow/.local/lib/python3.12/site-packages/airflow/example_dags/example_short_circuit_operator.py
[2025-02-02T16:07:38.674+0000] {logging_mixin.py:188} INFO - [2025-02-02T16:07:38.674+0000] {dag.py:3089} INFO - Sync 1 DAGs
[2025-02-02T16:07:38.684+0000] {logging_mixin.py:188} INFO - [2025-02-02T16:07:38.684+0000] {dag.py:3947} INFO - Setting next_dagrun for example_short_circuit_operator to 2025-02-01 00:00:00+00:00, run_after=2025-02-02 00:00:00+00:00
[2025-02-02T16:07:38.695+0000] {processor.py:183} INFO - Processing /home/airflow/.local/lib/python3.12/site-packages/airflow/example_dags/example_short_circuit_operator.py took 0.039 seconds
[2025-02-02T16:08:11.926+0000] {processor.py:161} INFO - Started process (PID=1249) to work on /home/airflow/.local/lib/python3.12/site-packages/airflow/example_dags/example_short_circuit_operator.py
[2025-02-02T16:08:11.927+0000] {processor.py:830} INFO - Processing file /home/airflow/.local/lib/python3.12/site-packages/airflow/example_dags/example_short_circuit_operator.py for tasks to queue
[2025-02-02T16:08:11.928+0000] {logging_mixin.py:188} INFO - [2025-02-02T16:08:11.928+0000] {dagbag.py:545} INFO - Filling up the DagBag from /home/airflow/.local/lib/python3.12/site-packages/airflow/example_dags/example_short_circuit_operator.py
[2025-02-02T16:08:11.936+0000] {processor.py:840} INFO - DAG(s) 'example_short_circuit_operator' retrieved from /home/airflow/.local/lib/python3.12/site-packages/airflow/example_dags/example_short_circuit_operator.py
[2025-02-02T16:08:11.954+0000] {logging_mixin.py:188} INFO - [2025-02-02T16:08:11.954+0000] {dag.py:3089} INFO - Sync 1 DAGs
[2025-02-02T16:08:11.966+0000] {logging_mixin.py:188} INFO - [2025-02-02T16:08:11.966+0000] {dag.py:3947} INFO - Setting next_dagrun for example_short_circuit_operator to 2025-02-01 00:00:00+00:00, run_after=2025-02-02 00:00:00+00:00
[2025-02-02T16:08:11.978+0000] {processor.py:183} INFO - Processing /home/airflow/.local/lib/python3.12/site-packages/airflow/example_dags/example_short_circuit_operator.py took 0.055 seconds
[2025-02-02T16:08:44.040+0000] {processor.py:161} INFO - Started process (PID=1321) to work on /home/airflow/.local/lib/python3.12/site-packages/airflow/example_dags/example_short_circuit_operator.py
[2025-02-02T16:08:44.041+0000] {processor.py:830} INFO - Processing file /home/airflow/.local/lib/python3.12/site-packages/airflow/example_dags/example_short_circuit_operator.py for tasks to queue
[2025-02-02T16:08:44.047+0000] {logging_mixin.py:188} INFO - [2025-02-02T16:08:44.046+0000] {dagbag.py:545} INFO - Filling up the DagBag from /home/airflow/.local/lib/python3.12/site-packages/airflow/example_dags/example_short_circuit_operator.py
[2025-02-02T16:08:44.053+0000] {processor.py:840} INFO - DAG(s) 'example_short_circuit_operator' retrieved from /home/airflow/.local/lib/python3.12/site-packages/airflow/example_dags/example_short_circuit_operator.py
[2025-02-02T16:08:44.067+0000] {logging_mixin.py:188} INFO - [2025-02-02T16:08:44.067+0000] {dag.py:3089} INFO - Sync 1 DAGs
[2025-02-02T16:08:44.076+0000] {logging_mixin.py:188} INFO - [2025-02-02T16:08:44.076+0000] {dag.py:3947} INFO - Setting next_dagrun for example_short_circuit_operator to 2025-02-01 00:00:00+00:00, run_after=2025-02-02 00:00:00+00:00
[2025-02-02T16:08:44.087+0000] {processor.py:183} INFO - Processing /home/airflow/.local/lib/python3.12/site-packages/airflow/example_dags/example_short_circuit_operator.py took 0.049 seconds
[2025-02-02T16:09:16.983+0000] {processor.py:161} INFO - Started process (PID=1393) to work on /home/airflow/.local/lib/python3.12/site-packages/airflow/example_dags/example_short_circuit_operator.py
[2025-02-02T16:09:16.985+0000] {processor.py:830} INFO - Processing file /home/airflow/.local/lib/python3.12/site-packages/airflow/example_dags/example_short_circuit_operator.py for tasks to queue
[2025-02-02T16:09:16.987+0000] {logging_mixin.py:188} INFO - [2025-02-02T16:09:16.986+0000] {dagbag.py:545} INFO - Filling up the DagBag from /home/airflow/.local/lib/python3.12/site-packages/airflow/example_dags/example_short_circuit_operator.py
[2025-02-02T16:09:16.999+0000] {processor.py:840} INFO - DAG(s) 'example_short_circuit_operator' retrieved from /home/airflow/.local/lib/python3.12/site-packages/airflow/example_dags/example_short_circuit_operator.py
[2025-02-02T16:09:17.036+0000] {logging_mixin.py:188} INFO - [2025-02-02T16:09:17.036+0000] {dag.py:3089} INFO - Sync 1 DAGs
[2025-02-02T16:09:17.062+0000] {logging_mixin.py:188} INFO - [2025-02-02T16:09:17.062+0000] {dag.py:3947} INFO - Setting next_dagrun for example_short_circuit_operator to 2025-02-01 00:00:00+00:00, run_after=2025-02-02 00:00:00+00:00
[2025-02-02T16:09:17.083+0000] {processor.py:183} INFO - Processing /home/airflow/.local/lib/python3.12/site-packages/airflow/example_dags/example_short_circuit_operator.py took 0.108 seconds
[2025-02-02T16:09:50.221+0000] {processor.py:161} INFO - Started process (PID=1465) to work on /home/airflow/.local/lib/python3.12/site-packages/airflow/example_dags/example_short_circuit_operator.py
[2025-02-02T16:09:50.222+0000] {processor.py:830} INFO - Processing file /home/airflow/.local/lib/python3.12/site-packages/airflow/example_dags/example_short_circuit_operator.py for tasks to queue
[2025-02-02T16:09:50.223+0000] {logging_mixin.py:188} INFO - [2025-02-02T16:09:50.223+0000] {dagbag.py:545} INFO - Filling up the DagBag from /home/airflow/.local/lib/python3.12/site-packages/airflow/example_dags/example_short_circuit_operator.py
[2025-02-02T16:09:50.230+0000] {processor.py:840} INFO - DAG(s) 'example_short_circuit_operator' retrieved from /home/airflow/.local/lib/python3.12/site-packages/airflow/example_dags/example_short_circuit_operator.py
[2025-02-02T16:09:50.243+0000] {logging_mixin.py:188} INFO - [2025-02-02T16:09:50.243+0000] {dag.py:3089} INFO - Sync 1 DAGs
[2025-02-02T16:09:50.253+0000] {logging_mixin.py:188} INFO - [2025-02-02T16:09:50.253+0000] {dag.py:3947} INFO - Setting next_dagrun for example_short_circuit_operator to 2025-02-01 00:00:00+00:00, run_after=2025-02-02 00:00:00+00:00
[2025-02-02T16:09:50.260+0000] {processor.py:183} INFO - Processing /home/airflow/.local/lib/python3.12/site-packages/airflow/example_dags/example_short_circuit_operator.py took 0.041 seconds
[2025-02-02T16:10:22.937+0000] {processor.py:161} INFO - Started process (PID=1536) to work on /home/airflow/.local/lib/python3.12/site-packages/airflow/example_dags/example_short_circuit_operator.py
[2025-02-02T16:10:22.939+0000] {processor.py:830} INFO - Processing file /home/airflow/.local/lib/python3.12/site-packages/airflow/example_dags/example_short_circuit_operator.py for tasks to queue
[2025-02-02T16:10:22.940+0000] {logging_mixin.py:188} INFO - [2025-02-02T16:10:22.940+0000] {dagbag.py:545} INFO - Filling up the DagBag from /home/airflow/.local/lib/python3.12/site-packages/airflow/example_dags/example_short_circuit_operator.py
[2025-02-02T16:10:22.944+0000] {processor.py:840} INFO - DAG(s) 'example_short_circuit_operator' retrieved from /home/airflow/.local/lib/python3.12/site-packages/airflow/example_dags/example_short_circuit_operator.py
[2025-02-02T16:10:22.956+0000] {logging_mixin.py:188} INFO - [2025-02-02T16:10:22.956+0000] {dag.py:3089} INFO - Sync 1 DAGs
[2025-02-02T16:10:22.966+0000] {logging_mixin.py:188} INFO - [2025-02-02T16:10:22.966+0000] {dag.py:3947} INFO - Setting next_dagrun for example_short_circuit_operator to 2025-02-01 00:00:00+00:00, run_after=2025-02-02 00:00:00+00:00
[2025-02-02T16:10:22.977+0000] {processor.py:183} INFO - Processing /home/airflow/.local/lib/python3.12/site-packages/airflow/example_dags/example_short_circuit_operator.py took 0.042 seconds
[2025-02-02T16:10:55.574+0000] {processor.py:161} INFO - Started process (PID=1608) to work on /home/airflow/.local/lib/python3.12/site-packages/airflow/example_dags/example_short_circuit_operator.py
[2025-02-02T16:10:55.575+0000] {processor.py:830} INFO - Processing file /home/airflow/.local/lib/python3.12/site-packages/airflow/example_dags/example_short_circuit_operator.py for tasks to queue
[2025-02-02T16:10:55.576+0000] {logging_mixin.py:188} INFO - [2025-02-02T16:10:55.575+0000] {dagbag.py:545} INFO - Filling up the DagBag from /home/airflow/.local/lib/python3.12/site-packages/airflow/example_dags/example_short_circuit_operator.py
[2025-02-02T16:10:55.579+0000] {processor.py:840} INFO - DAG(s) 'example_short_circuit_operator' retrieved from /home/airflow/.local/lib/python3.12/site-packages/airflow/example_dags/example_short_circuit_operator.py
[2025-02-02T16:10:55.594+0000] {logging_mixin.py:188} INFO - [2025-02-02T16:10:55.594+0000] {dag.py:3089} INFO - Sync 1 DAGs
[2025-02-02T16:10:55.605+0000] {logging_mixin.py:188} INFO - [2025-02-02T16:10:55.605+0000] {dag.py:3947} INFO - Setting next_dagrun for example_short_circuit_operator to 2025-02-01 00:00:00+00:00, run_after=2025-02-02 00:00:00+00:00
[2025-02-02T16:10:55.616+0000] {processor.py:183} INFO - Processing /home/airflow/.local/lib/python3.12/site-packages/airflow/example_dags/example_short_circuit_operator.py took 0.044 seconds
[2025-02-02T16:11:28.364+0000] {processor.py:161} INFO - Started process (PID=1680) to work on /home/airflow/.local/lib/python3.12/site-packages/airflow/example_dags/example_short_circuit_operator.py
[2025-02-02T16:11:28.365+0000] {processor.py:830} INFO - Processing file /home/airflow/.local/lib/python3.12/site-packages/airflow/example_dags/example_short_circuit_operator.py for tasks to queue
[2025-02-02T16:11:28.366+0000] {logging_mixin.py:188} INFO - [2025-02-02T16:11:28.366+0000] {dagbag.py:545} INFO - Filling up the DagBag from /home/airflow/.local/lib/python3.12/site-packages/airflow/example_dags/example_short_circuit_operator.py
[2025-02-02T16:11:28.369+0000] {processor.py:840} INFO - DAG(s) 'example_short_circuit_operator' retrieved from /home/airflow/.local/lib/python3.12/site-packages/airflow/example_dags/example_short_circuit_operator.py
[2025-02-02T16:11:28.381+0000] {logging_mixin.py:188} INFO - [2025-02-02T16:11:28.381+0000] {dag.py:3089} INFO - Sync 1 DAGs
[2025-02-02T16:11:28.390+0000] {logging_mixin.py:188} INFO - [2025-02-02T16:11:28.390+0000] {dag.py:3947} INFO - Setting next_dagrun for example_short_circuit_operator to 2025-02-01 00:00:00+00:00, run_after=2025-02-02 00:00:00+00:00
[2025-02-02T16:11:28.398+0000] {processor.py:183} INFO - Processing /home/airflow/.local/lib/python3.12/site-packages/airflow/example_dags/example_short_circuit_operator.py took 0.037 seconds
[2025-02-02T16:12:01.044+0000] {processor.py:161} INFO - Started process (PID=1758) to work on /home/airflow/.local/lib/python3.12/site-packages/airflow/example_dags/example_short_circuit_operator.py
[2025-02-02T16:12:01.045+0000] {processor.py:830} INFO - Processing file /home/airflow/.local/lib/python3.12/site-packages/airflow/example_dags/example_short_circuit_operator.py for tasks to queue
[2025-02-02T16:12:01.046+0000] {logging_mixin.py:188} INFO - [2025-02-02T16:12:01.046+0000] {dagbag.py:545} INFO - Filling up the DagBag from /home/airflow/.local/lib/python3.12/site-packages/airflow/example_dags/example_short_circuit_operator.py
[2025-02-02T16:12:01.051+0000] {processor.py:840} INFO - DAG(s) 'example_short_circuit_operator' retrieved from /home/airflow/.local/lib/python3.12/site-packages/airflow/example_dags/example_short_circuit_operator.py
[2025-02-02T16:12:01.063+0000] {logging_mixin.py:188} INFO - [2025-02-02T16:12:01.063+0000] {dag.py:3089} INFO - Sync 1 DAGs
[2025-02-02T16:12:01.073+0000] {logging_mixin.py:188} INFO - [2025-02-02T16:12:01.073+0000] {dag.py:3947} INFO - Setting next_dagrun for example_short_circuit_operator to 2025-02-01 00:00:00+00:00, run_after=2025-02-02 00:00:00+00:00
[2025-02-02T16:12:01.087+0000] {processor.py:183} INFO - Processing /home/airflow/.local/lib/python3.12/site-packages/airflow/example_dags/example_short_circuit_operator.py took 0.046 seconds
[2025-02-02T16:12:33.553+0000] {processor.py:161} INFO - Started process (PID=1830) to work on /home/airflow/.local/lib/python3.12/site-packages/airflow/example_dags/example_short_circuit_operator.py
[2025-02-02T16:12:33.553+0000] {processor.py:830} INFO - Processing file /home/airflow/.local/lib/python3.12/site-packages/airflow/example_dags/example_short_circuit_operator.py for tasks to queue
[2025-02-02T16:12:33.554+0000] {logging_mixin.py:188} INFO - [2025-02-02T16:12:33.554+0000] {dagbag.py:545} INFO - Filling up the DagBag from /home/airflow/.local/lib/python3.12/site-packages/airflow/example_dags/example_short_circuit_operator.py
[2025-02-02T16:12:33.558+0000] {processor.py:840} INFO - DAG(s) 'example_short_circuit_operator' retrieved from /home/airflow/.local/lib/python3.12/site-packages/airflow/example_dags/example_short_circuit_operator.py
[2025-02-02T16:12:33.567+0000] {logging_mixin.py:188} INFO - [2025-02-02T16:12:33.567+0000] {dag.py:3089} INFO - Sync 1 DAGs
[2025-02-02T16:12:33.576+0000] {logging_mixin.py:188} INFO - [2025-02-02T16:12:33.576+0000] {dag.py:3947} INFO - Setting next_dagrun for example_short_circuit_operator to 2025-02-01 00:00:00+00:00, run_after=2025-02-02 00:00:00+00:00
[2025-02-02T16:12:33.585+0000] {processor.py:183} INFO - Processing /home/airflow/.local/lib/python3.12/site-packages/airflow/example_dags/example_short_circuit_operator.py took 0.035 seconds
[2025-02-02T16:13:05.815+0000] {processor.py:161} INFO - Started process (PID=1902) to work on /home/airflow/.local/lib/python3.12/site-packages/airflow/example_dags/example_short_circuit_operator.py
[2025-02-02T16:13:05.816+0000] {processor.py:830} INFO - Processing file /home/airflow/.local/lib/python3.12/site-packages/airflow/example_dags/example_short_circuit_operator.py for tasks to queue
[2025-02-02T16:13:05.817+0000] {logging_mixin.py:188} INFO - [2025-02-02T16:13:05.817+0000] {dagbag.py:545} INFO - Filling up the DagBag from /home/airflow/.local/lib/python3.12/site-packages/airflow/example_dags/example_short_circuit_operator.py
[2025-02-02T16:13:05.821+0000] {processor.py:840} INFO - DAG(s) 'example_short_circuit_operator' retrieved from /home/airflow/.local/lib/python3.12/site-packages/airflow/example_dags/example_short_circuit_operator.py
[2025-02-02T16:13:05.831+0000] {logging_mixin.py:188} INFO - [2025-02-02T16:13:05.831+0000] {dag.py:3089} INFO - Sync 1 DAGs
[2025-02-02T16:13:05.841+0000] {logging_mixin.py:188} INFO - [2025-02-02T16:13:05.841+0000] {dag.py:3947} INFO - Setting next_dagrun for example_short_circuit_operator to 2025-02-01 00:00:00+00:00, run_after=2025-02-02 00:00:00+00:00
[2025-02-02T16:13:05.849+0000] {processor.py:183} INFO - Processing /home/airflow/.local/lib/python3.12/site-packages/airflow/example_dags/example_short_circuit_operator.py took 0.037 seconds
[2025-02-02T16:13:36.193+0000] {processor.py:161} INFO - Started process (PID=1968) to work on /home/airflow/.local/lib/python3.12/site-packages/airflow/example_dags/example_short_circuit_operator.py
[2025-02-02T16:13:36.193+0000] {processor.py:830} INFO - Processing file /home/airflow/.local/lib/python3.12/site-packages/airflow/example_dags/example_short_circuit_operator.py for tasks to queue
[2025-02-02T16:13:36.194+0000] {logging_mixin.py:188} INFO - [2025-02-02T16:13:36.194+0000] {dagbag.py:545} INFO - Filling up the DagBag from /home/airflow/.local/lib/python3.12/site-packages/airflow/example_dags/example_short_circuit_operator.py
[2025-02-02T16:13:36.197+0000] {processor.py:840} INFO - DAG(s) 'example_short_circuit_operator' retrieved from /home/airflow/.local/lib/python3.12/site-packages/airflow/example_dags/example_short_circuit_operator.py
[2025-02-02T16:13:36.207+0000] {logging_mixin.py:188} INFO - [2025-02-02T16:13:36.207+0000] {dag.py:3089} INFO - Sync 1 DAGs
[2025-02-02T16:13:36.215+0000] {logging_mixin.py:188} INFO - [2025-02-02T16:13:36.215+0000] {dag.py:3947} INFO - Setting next_dagrun for example_short_circuit_operator to 2025-02-01 00:00:00+00:00, run_after=2025-02-02 00:00:00+00:00
[2025-02-02T16:13:36.222+0000] {processor.py:183} INFO - Processing /home/airflow/.local/lib/python3.12/site-packages/airflow/example_dags/example_short_circuit_operator.py took 0.032 seconds
[2025-02-02T16:14:06.254+0000] {processor.py:161} INFO - Started process (PID=2039) to work on /home/airflow/.local/lib/python3.12/site-packages/airflow/example_dags/example_short_circuit_operator.py
[2025-02-02T16:14:06.254+0000] {processor.py:830} INFO - Processing file /home/airflow/.local/lib/python3.12/site-packages/airflow/example_dags/example_short_circuit_operator.py for tasks to queue
[2025-02-02T16:14:06.255+0000] {logging_mixin.py:188} INFO - [2025-02-02T16:14:06.255+0000] {dagbag.py:545} INFO - Filling up the DagBag from /home/airflow/.local/lib/python3.12/site-packages/airflow/example_dags/example_short_circuit_operator.py
[2025-02-02T16:14:06.259+0000] {processor.py:840} INFO - DAG(s) 'example_short_circuit_operator' retrieved from /home/airflow/.local/lib/python3.12/site-packages/airflow/example_dags/example_short_circuit_operator.py
[2025-02-02T16:14:06.270+0000] {logging_mixin.py:188} INFO - [2025-02-02T16:14:06.269+0000] {dag.py:3089} INFO - Sync 1 DAGs
[2025-02-02T16:14:06.279+0000] {logging_mixin.py:188} INFO - [2025-02-02T16:14:06.279+0000] {dag.py:3947} INFO - Setting next_dagrun for example_short_circuit_operator to 2025-02-01 00:00:00+00:00, run_after=2025-02-02 00:00:00+00:00
[2025-02-02T16:14:06.286+0000] {processor.py:183} INFO - Processing /home/airflow/.local/lib/python3.12/site-packages/airflow/example_dags/example_short_circuit_operator.py took 0.037 seconds
[2025-02-02T16:14:36.419+0000] {processor.py:161} INFO - Started process (PID=2111) to work on /home/airflow/.local/lib/python3.12/site-packages/airflow/example_dags/example_short_circuit_operator.py
[2025-02-02T16:14:36.421+0000] {processor.py:830} INFO - Processing file /home/airflow/.local/lib/python3.12/site-packages/airflow/example_dags/example_short_circuit_operator.py for tasks to queue
[2025-02-02T16:14:36.422+0000] {logging_mixin.py:188} INFO - [2025-02-02T16:14:36.422+0000] {dagbag.py:545} INFO - Filling up the DagBag from /home/airflow/.local/lib/python3.12/site-packages/airflow/example_dags/example_short_circuit_operator.py
[2025-02-02T16:14:36.427+0000] {processor.py:840} INFO - DAG(s) 'example_short_circuit_operator' retrieved from /home/airflow/.local/lib/python3.12/site-packages/airflow/example_dags/example_short_circuit_operator.py
[2025-02-02T16:14:36.445+0000] {logging_mixin.py:188} INFO - [2025-02-02T16:14:36.445+0000] {dag.py:3089} INFO - Sync 1 DAGs
[2025-02-02T16:14:36.459+0000] {logging_mixin.py:188} INFO - [2025-02-02T16:14:36.459+0000] {dag.py:3947} INFO - Setting next_dagrun for example_short_circuit_operator to 2025-02-01 00:00:00+00:00, run_after=2025-02-02 00:00:00+00:00
[2025-02-02T16:14:36.470+0000] {processor.py:183} INFO - Processing /home/airflow/.local/lib/python3.12/site-packages/airflow/example_dags/example_short_circuit_operator.py took 0.055 seconds
[2025-02-02T16:15:06.784+0000] {processor.py:161} INFO - Started process (PID=2183) to work on /home/airflow/.local/lib/python3.12/site-packages/airflow/example_dags/example_short_circuit_operator.py
[2025-02-02T16:15:06.785+0000] {processor.py:830} INFO - Processing file /home/airflow/.local/lib/python3.12/site-packages/airflow/example_dags/example_short_circuit_operator.py for tasks to queue
[2025-02-02T16:15:06.786+0000] {logging_mixin.py:188} INFO - [2025-02-02T16:15:06.786+0000] {dagbag.py:545} INFO - Filling up the DagBag from /home/airflow/.local/lib/python3.12/site-packages/airflow/example_dags/example_short_circuit_operator.py
[2025-02-02T16:15:06.790+0000] {processor.py:840} INFO - DAG(s) 'example_short_circuit_operator' retrieved from /home/airflow/.local/lib/python3.12/site-packages/airflow/example_dags/example_short_circuit_operator.py
[2025-02-02T16:15:06.804+0000] {logging_mixin.py:188} INFO - [2025-02-02T16:15:06.804+0000] {dag.py:3089} INFO - Sync 1 DAGs
[2025-02-02T16:15:06.817+0000] {logging_mixin.py:188} INFO - [2025-02-02T16:15:06.817+0000] {dag.py:3947} INFO - Setting next_dagrun for example_short_circuit_operator to 2025-02-01 00:00:00+00:00, run_after=2025-02-02 00:00:00+00:00
[2025-02-02T16:15:06.829+0000] {processor.py:183} INFO - Processing /home/airflow/.local/lib/python3.12/site-packages/airflow/example_dags/example_short_circuit_operator.py took 0.048 seconds
[2025-02-02T16:15:36.967+0000] {processor.py:161} INFO - Started process (PID=2255) to work on /home/airflow/.local/lib/python3.12/site-packages/airflow/example_dags/example_short_circuit_operator.py
[2025-02-02T16:15:36.969+0000] {processor.py:830} INFO - Processing file /home/airflow/.local/lib/python3.12/site-packages/airflow/example_dags/example_short_circuit_operator.py for tasks to queue
[2025-02-02T16:15:36.971+0000] {logging_mixin.py:188} INFO - [2025-02-02T16:15:36.971+0000] {dagbag.py:545} INFO - Filling up the DagBag from /home/airflow/.local/lib/python3.12/site-packages/airflow/example_dags/example_short_circuit_operator.py
[2025-02-02T16:15:36.978+0000] {processor.py:840} INFO - DAG(s) 'example_short_circuit_operator' retrieved from /home/airflow/.local/lib/python3.12/site-packages/airflow/example_dags/example_short_circuit_operator.py
[2025-02-02T16:15:36.993+0000] {logging_mixin.py:188} INFO - [2025-02-02T16:15:36.993+0000] {dag.py:3089} INFO - Sync 1 DAGs
[2025-02-02T16:15:37.004+0000] {logging_mixin.py:188} INFO - [2025-02-02T16:15:37.004+0000] {dag.py:3947} INFO - Setting next_dagrun for example_short_circuit_operator to 2025-02-01 00:00:00+00:00, run_after=2025-02-02 00:00:00+00:00
[2025-02-02T16:15:37.015+0000] {processor.py:183} INFO - Processing /home/airflow/.local/lib/python3.12/site-packages/airflow/example_dags/example_short_circuit_operator.py took 0.054 seconds
[2025-02-02T16:16:07.197+0000] {processor.py:161} INFO - Started process (PID=2328) to work on /home/airflow/.local/lib/python3.12/site-packages/airflow/example_dags/example_short_circuit_operator.py
[2025-02-02T16:16:07.199+0000] {processor.py:830} INFO - Processing file /home/airflow/.local/lib/python3.12/site-packages/airflow/example_dags/example_short_circuit_operator.py for tasks to queue
[2025-02-02T16:16:07.201+0000] {logging_mixin.py:188} INFO - [2025-02-02T16:16:07.200+0000] {dagbag.py:545} INFO - Filling up the DagBag from /home/airflow/.local/lib/python3.12/site-packages/airflow/example_dags/example_short_circuit_operator.py
[2025-02-02T16:16:07.208+0000] {processor.py:840} INFO - DAG(s) 'example_short_circuit_operator' retrieved from /home/airflow/.local/lib/python3.12/site-packages/airflow/example_dags/example_short_circuit_operator.py
[2025-02-02T16:16:07.222+0000] {logging_mixin.py:188} INFO - [2025-02-02T16:16:07.222+0000] {dag.py:3089} INFO - Sync 1 DAGs
[2025-02-02T16:16:07.234+0000] {logging_mixin.py:188} INFO - [2025-02-02T16:16:07.233+0000] {dag.py:3947} INFO - Setting next_dagrun for example_short_circuit_operator to 2025-02-01 00:00:00+00:00, run_after=2025-02-02 00:00:00+00:00
[2025-02-02T16:16:07.243+0000] {processor.py:183} INFO - Processing /home/airflow/.local/lib/python3.12/site-packages/airflow/example_dags/example_short_circuit_operator.py took 0.051 seconds
[2025-02-02T16:16:37.286+0000] {processor.py:161} INFO - Started process (PID=2400) to work on /home/airflow/.local/lib/python3.12/site-packages/airflow/example_dags/example_short_circuit_operator.py
[2025-02-02T16:16:37.287+0000] {processor.py:830} INFO - Processing file /home/airflow/.local/lib/python3.12/site-packages/airflow/example_dags/example_short_circuit_operator.py for tasks to queue
[2025-02-02T16:16:37.288+0000] {logging_mixin.py:188} INFO - [2025-02-02T16:16:37.288+0000] {dagbag.py:545} INFO - Filling up the DagBag from /home/airflow/.local/lib/python3.12/site-packages/airflow/example_dags/example_short_circuit_operator.py
[2025-02-02T16:16:37.294+0000] {processor.py:840} INFO - DAG(s) 'example_short_circuit_operator' retrieved from /home/airflow/.local/lib/python3.12/site-packages/airflow/example_dags/example_short_circuit_operator.py
[2025-02-02T16:16:37.309+0000] {logging_mixin.py:188} INFO - [2025-02-02T16:16:37.309+0000] {dag.py:3089} INFO - Sync 1 DAGs
[2025-02-02T16:16:37.322+0000] {logging_mixin.py:188} INFO - [2025-02-02T16:16:37.321+0000] {dag.py:3947} INFO - Setting next_dagrun for example_short_circuit_operator to 2025-02-01 00:00:00+00:00, run_after=2025-02-02 00:00:00+00:00
[2025-02-02T16:16:37.333+0000] {processor.py:183} INFO - Processing /home/airflow/.local/lib/python3.12/site-packages/airflow/example_dags/example_short_circuit_operator.py took 0.051 seconds
[2025-02-02T16:17:07.879+0000] {processor.py:161} INFO - Started process (PID=2472) to work on /home/airflow/.local/lib/python3.12/site-packages/airflow/example_dags/example_short_circuit_operator.py
[2025-02-02T16:17:07.880+0000] {processor.py:830} INFO - Processing file /home/airflow/.local/lib/python3.12/site-packages/airflow/example_dags/example_short_circuit_operator.py for tasks to queue
[2025-02-02T16:17:07.880+0000] {logging_mixin.py:188} INFO - [2025-02-02T16:17:07.880+0000] {dagbag.py:545} INFO - Filling up the DagBag from /home/airflow/.local/lib/python3.12/site-packages/airflow/example_dags/example_short_circuit_operator.py
[2025-02-02T16:17:07.885+0000] {processor.py:840} INFO - DAG(s) 'example_short_circuit_operator' retrieved from /home/airflow/.local/lib/python3.12/site-packages/airflow/example_dags/example_short_circuit_operator.py
[2025-02-02T16:17:07.900+0000] {logging_mixin.py:188} INFO - [2025-02-02T16:17:07.900+0000] {dag.py:3089} INFO - Sync 1 DAGs
[2025-02-02T16:17:07.911+0000] {logging_mixin.py:188} INFO - [2025-02-02T16:17:07.910+0000] {dag.py:3947} INFO - Setting next_dagrun for example_short_circuit_operator to 2025-02-01 00:00:00+00:00, run_after=2025-02-02 00:00:00+00:00
[2025-02-02T16:17:07.922+0000] {processor.py:183} INFO - Processing /home/airflow/.local/lib/python3.12/site-packages/airflow/example_dags/example_short_circuit_operator.py took 0.046 seconds
[2025-02-02T16:17:38.682+0000] {processor.py:161} INFO - Started process (PID=2544) to work on /home/airflow/.local/lib/python3.12/site-packages/airflow/example_dags/example_short_circuit_operator.py
[2025-02-02T16:17:38.683+0000] {processor.py:830} INFO - Processing file /home/airflow/.local/lib/python3.12/site-packages/airflow/example_dags/example_short_circuit_operator.py for tasks to queue
[2025-02-02T16:17:38.686+0000] {logging_mixin.py:188} INFO - [2025-02-02T16:17:38.685+0000] {dagbag.py:545} INFO - Filling up the DagBag from /home/airflow/.local/lib/python3.12/site-packages/airflow/example_dags/example_short_circuit_operator.py
[2025-02-02T16:17:38.693+0000] {processor.py:840} INFO - DAG(s) 'example_short_circuit_operator' retrieved from /home/airflow/.local/lib/python3.12/site-packages/airflow/example_dags/example_short_circuit_operator.py
[2025-02-02T16:17:38.710+0000] {logging_mixin.py:188} INFO - [2025-02-02T16:17:38.710+0000] {dag.py:3089} INFO - Sync 1 DAGs
[2025-02-02T16:17:38.721+0000] {logging_mixin.py:188} INFO - [2025-02-02T16:17:38.721+0000] {dag.py:3947} INFO - Setting next_dagrun for example_short_circuit_operator to 2025-02-01 00:00:00+00:00, run_after=2025-02-02 00:00:00+00:00
[2025-02-02T16:17:38.734+0000] {processor.py:183} INFO - Processing /home/airflow/.local/lib/python3.12/site-packages/airflow/example_dags/example_short_circuit_operator.py took 0.058 seconds
[2025-02-02T16:18:08.943+0000] {processor.py:161} INFO - Started process (PID=2615) to work on /home/airflow/.local/lib/python3.12/site-packages/airflow/example_dags/example_short_circuit_operator.py
[2025-02-02T16:18:08.945+0000] {processor.py:830} INFO - Processing file /home/airflow/.local/lib/python3.12/site-packages/airflow/example_dags/example_short_circuit_operator.py for tasks to queue
[2025-02-02T16:18:08.947+0000] {logging_mixin.py:188} INFO - [2025-02-02T16:18:08.946+0000] {dagbag.py:545} INFO - Filling up the DagBag from /home/airflow/.local/lib/python3.12/site-packages/airflow/example_dags/example_short_circuit_operator.py
[2025-02-02T16:18:08.952+0000] {processor.py:840} INFO - DAG(s) 'example_short_circuit_operator' retrieved from /home/airflow/.local/lib/python3.12/site-packages/airflow/example_dags/example_short_circuit_operator.py
[2025-02-02T16:18:08.968+0000] {logging_mixin.py:188} INFO - [2025-02-02T16:18:08.968+0000] {dag.py:3089} INFO - Sync 1 DAGs
[2025-02-02T16:18:08.981+0000] {logging_mixin.py:188} INFO - [2025-02-02T16:18:08.981+0000] {dag.py:3947} INFO - Setting next_dagrun for example_short_circuit_operator to 2025-02-01 00:00:00+00:00, run_after=2025-02-02 00:00:00+00:00
[2025-02-02T16:18:08.990+0000] {processor.py:183} INFO - Processing /home/airflow/.local/lib/python3.12/site-packages/airflow/example_dags/example_short_circuit_operator.py took 0.052 seconds
[2025-02-02T16:18:39.567+0000] {processor.py:161} INFO - Started process (PID=2687) to work on /home/airflow/.local/lib/python3.12/site-packages/airflow/example_dags/example_short_circuit_operator.py
[2025-02-02T16:18:39.568+0000] {processor.py:830} INFO - Processing file /home/airflow/.local/lib/python3.12/site-packages/airflow/example_dags/example_short_circuit_operator.py for tasks to queue
[2025-02-02T16:18:39.570+0000] {logging_mixin.py:188} INFO - [2025-02-02T16:18:39.570+0000] {dagbag.py:545} INFO - Filling up the DagBag from /home/airflow/.local/lib/python3.12/site-packages/airflow/example_dags/example_short_circuit_operator.py
[2025-02-02T16:18:39.574+0000] {processor.py:840} INFO - DAG(s) 'example_short_circuit_operator' retrieved from /home/airflow/.local/lib/python3.12/site-packages/airflow/example_dags/example_short_circuit_operator.py
[2025-02-02T16:18:39.586+0000] {logging_mixin.py:188} INFO - [2025-02-02T16:18:39.586+0000] {dag.py:3089} INFO - Sync 1 DAGs
[2025-02-02T16:18:39.598+0000] {logging_mixin.py:188} INFO - [2025-02-02T16:18:39.597+0000] {dag.py:3947} INFO - Setting next_dagrun for example_short_circuit_operator to 2025-02-01 00:00:00+00:00, run_after=2025-02-02 00:00:00+00:00
[2025-02-02T16:18:39.610+0000] {processor.py:183} INFO - Processing /home/airflow/.local/lib/python3.12/site-packages/airflow/example_dags/example_short_circuit_operator.py took 0.046 seconds
[2025-02-02T16:19:09.816+0000] {processor.py:161} INFO - Started process (PID=2759) to work on /home/airflow/.local/lib/python3.12/site-packages/airflow/example_dags/example_short_circuit_operator.py
[2025-02-02T16:19:09.818+0000] {processor.py:830} INFO - Processing file /home/airflow/.local/lib/python3.12/site-packages/airflow/example_dags/example_short_circuit_operator.py for tasks to queue
[2025-02-02T16:19:09.820+0000] {logging_mixin.py:188} INFO - [2025-02-02T16:19:09.820+0000] {dagbag.py:545} INFO - Filling up the DagBag from /home/airflow/.local/lib/python3.12/site-packages/airflow/example_dags/example_short_circuit_operator.py
[2025-02-02T16:19:09.827+0000] {processor.py:840} INFO - DAG(s) 'example_short_circuit_operator' retrieved from /home/airflow/.local/lib/python3.12/site-packages/airflow/example_dags/example_short_circuit_operator.py
[2025-02-02T16:19:09.842+0000] {logging_mixin.py:188} INFO - [2025-02-02T16:19:09.842+0000] {dag.py:3089} INFO - Sync 1 DAGs
[2025-02-02T16:19:09.854+0000] {logging_mixin.py:188} INFO - [2025-02-02T16:19:09.854+0000] {dag.py:3947} INFO - Setting next_dagrun for example_short_circuit_operator to 2025-02-01 00:00:00+00:00, run_after=2025-02-02 00:00:00+00:00
[2025-02-02T16:19:09.864+0000] {processor.py:183} INFO - Processing /home/airflow/.local/lib/python3.12/site-packages/airflow/example_dags/example_short_circuit_operator.py took 0.054 seconds
[2025-02-02T16:19:40.273+0000] {processor.py:161} INFO - Started process (PID=2831) to work on /home/airflow/.local/lib/python3.12/site-packages/airflow/example_dags/example_short_circuit_operator.py
[2025-02-02T16:19:40.273+0000] {processor.py:830} INFO - Processing file /home/airflow/.local/lib/python3.12/site-packages/airflow/example_dags/example_short_circuit_operator.py for tasks to queue
[2025-02-02T16:19:40.275+0000] {logging_mixin.py:188} INFO - [2025-02-02T16:19:40.275+0000] {dagbag.py:545} INFO - Filling up the DagBag from /home/airflow/.local/lib/python3.12/site-packages/airflow/example_dags/example_short_circuit_operator.py
[2025-02-02T16:19:40.279+0000] {processor.py:840} INFO - DAG(s) 'example_short_circuit_operator' retrieved from /home/airflow/.local/lib/python3.12/site-packages/airflow/example_dags/example_short_circuit_operator.py
[2025-02-02T16:19:40.294+0000] {logging_mixin.py:188} INFO - [2025-02-02T16:19:40.293+0000] {dag.py:3089} INFO - Sync 1 DAGs
[2025-02-02T16:19:40.306+0000] {logging_mixin.py:188} INFO - [2025-02-02T16:19:40.306+0000] {dag.py:3947} INFO - Setting next_dagrun for example_short_circuit_operator to 2025-02-01 00:00:00+00:00, run_after=2025-02-02 00:00:00+00:00
[2025-02-02T16:19:40.316+0000] {processor.py:183} INFO - Processing /home/airflow/.local/lib/python3.12/site-packages/airflow/example_dags/example_short_circuit_operator.py took 0.048 seconds
[2025-02-02T16:20:10.451+0000] {processor.py:161} INFO - Started process (PID=2903) to work on /home/airflow/.local/lib/python3.12/site-packages/airflow/example_dags/example_short_circuit_operator.py
[2025-02-02T16:20:10.451+0000] {processor.py:830} INFO - Processing file /home/airflow/.local/lib/python3.12/site-packages/airflow/example_dags/example_short_circuit_operator.py for tasks to queue
[2025-02-02T16:20:10.453+0000] {logging_mixin.py:188} INFO - [2025-02-02T16:20:10.453+0000] {dagbag.py:545} INFO - Filling up the DagBag from /home/airflow/.local/lib/python3.12/site-packages/airflow/example_dags/example_short_circuit_operator.py
[2025-02-02T16:20:10.457+0000] {processor.py:840} INFO - DAG(s) 'example_short_circuit_operator' retrieved from /home/airflow/.local/lib/python3.12/site-packages/airflow/example_dags/example_short_circuit_operator.py
[2025-02-02T16:20:10.472+0000] {logging_mixin.py:188} INFO - [2025-02-02T16:20:10.472+0000] {dag.py:3089} INFO - Sync 1 DAGs
[2025-02-02T16:20:10.483+0000] {logging_mixin.py:188} INFO - [2025-02-02T16:20:10.483+0000] {dag.py:3947} INFO - Setting next_dagrun for example_short_circuit_operator to 2025-02-01 00:00:00+00:00, run_after=2025-02-02 00:00:00+00:00
[2025-02-02T16:20:10.493+0000] {processor.py:183} INFO - Processing /home/airflow/.local/lib/python3.12/site-packages/airflow/example_dags/example_short_circuit_operator.py took 0.045 seconds
[2025-02-02T16:20:40.688+0000] {processor.py:161} INFO - Started process (PID=2975) to work on /home/airflow/.local/lib/python3.12/site-packages/airflow/example_dags/example_short_circuit_operator.py
[2025-02-02T16:20:40.690+0000] {processor.py:830} INFO - Processing file /home/airflow/.local/lib/python3.12/site-packages/airflow/example_dags/example_short_circuit_operator.py for tasks to queue
[2025-02-02T16:20:40.692+0000] {logging_mixin.py:188} INFO - [2025-02-02T16:20:40.691+0000] {dagbag.py:545} INFO - Filling up the DagBag from /home/airflow/.local/lib/python3.12/site-packages/airflow/example_dags/example_short_circuit_operator.py
[2025-02-02T16:20:40.696+0000] {processor.py:840} INFO - DAG(s) 'example_short_circuit_operator' retrieved from /home/airflow/.local/lib/python3.12/site-packages/airflow/example_dags/example_short_circuit_operator.py
[2025-02-02T16:20:40.712+0000] {logging_mixin.py:188} INFO - [2025-02-02T16:20:40.712+0000] {dag.py:3089} INFO - Sync 1 DAGs
[2025-02-02T16:20:40.724+0000] {logging_mixin.py:188} INFO - [2025-02-02T16:20:40.724+0000] {dag.py:3947} INFO - Setting next_dagrun for example_short_circuit_operator to 2025-02-01 00:00:00+00:00, run_after=2025-02-02 00:00:00+00:00
[2025-02-02T16:20:40.734+0000] {processor.py:183} INFO - Processing /home/airflow/.local/lib/python3.12/site-packages/airflow/example_dags/example_short_circuit_operator.py took 0.051 seconds
[2025-02-02T16:21:11.337+0000] {processor.py:161} INFO - Started process (PID=3047) to work on /home/airflow/.local/lib/python3.12/site-packages/airflow/example_dags/example_short_circuit_operator.py
[2025-02-02T16:21:11.337+0000] {processor.py:830} INFO - Processing file /home/airflow/.local/lib/python3.12/site-packages/airflow/example_dags/example_short_circuit_operator.py for tasks to queue
[2025-02-02T16:21:11.339+0000] {logging_mixin.py:188} INFO - [2025-02-02T16:21:11.338+0000] {dagbag.py:545} INFO - Filling up the DagBag from /home/airflow/.local/lib/python3.12/site-packages/airflow/example_dags/example_short_circuit_operator.py
[2025-02-02T16:21:11.344+0000] {processor.py:840} INFO - DAG(s) 'example_short_circuit_operator' retrieved from /home/airflow/.local/lib/python3.12/site-packages/airflow/example_dags/example_short_circuit_operator.py
[2025-02-02T16:21:11.358+0000] {logging_mixin.py:188} INFO - [2025-02-02T16:21:11.358+0000] {dag.py:3089} INFO - Sync 1 DAGs
[2025-02-02T16:21:11.370+0000] {logging_mixin.py:188} INFO - [2025-02-02T16:21:11.370+0000] {dag.py:3947} INFO - Setting next_dagrun for example_short_circuit_operator to 2025-02-01 00:00:00+00:00, run_after=2025-02-02 00:00:00+00:00
[2025-02-02T16:21:11.381+0000] {processor.py:183} INFO - Processing /home/airflow/.local/lib/python3.12/site-packages/airflow/example_dags/example_short_circuit_operator.py took 0.048 seconds
[2025-02-02T16:21:41.401+0000] {processor.py:161} INFO - Started process (PID=3119) to work on /home/airflow/.local/lib/python3.12/site-packages/airflow/example_dags/example_short_circuit_operator.py
[2025-02-02T16:21:41.401+0000] {processor.py:830} INFO - Processing file /home/airflow/.local/lib/python3.12/site-packages/airflow/example_dags/example_short_circuit_operator.py for tasks to queue
[2025-02-02T16:21:41.403+0000] {logging_mixin.py:188} INFO - [2025-02-02T16:21:41.402+0000] {dagbag.py:545} INFO - Filling up the DagBag from /home/airflow/.local/lib/python3.12/site-packages/airflow/example_dags/example_short_circuit_operator.py
[2025-02-02T16:21:41.407+0000] {processor.py:840} INFO - DAG(s) 'example_short_circuit_operator' retrieved from /home/airflow/.local/lib/python3.12/site-packages/airflow/example_dags/example_short_circuit_operator.py
[2025-02-02T16:21:41.418+0000] {logging_mixin.py:188} INFO - [2025-02-02T16:21:41.418+0000] {dag.py:3089} INFO - Sync 1 DAGs
[2025-02-02T16:21:41.431+0000] {logging_mixin.py:188} INFO - [2025-02-02T16:21:41.431+0000] {dag.py:3947} INFO - Setting next_dagrun for example_short_circuit_operator to 2025-02-01 00:00:00+00:00, run_after=2025-02-02 00:00:00+00:00
[2025-02-02T16:21:41.442+0000] {processor.py:183} INFO - Processing /home/airflow/.local/lib/python3.12/site-packages/airflow/example_dags/example_short_circuit_operator.py took 0.045 seconds
[2025-02-02T16:22:12.134+0000] {processor.py:161} INFO - Started process (PID=3194) to work on /home/airflow/.local/lib/python3.12/site-packages/airflow/example_dags/example_short_circuit_operator.py
[2025-02-02T16:22:12.134+0000] {processor.py:830} INFO - Processing file /home/airflow/.local/lib/python3.12/site-packages/airflow/example_dags/example_short_circuit_operator.py for tasks to queue
[2025-02-02T16:22:12.135+0000] {logging_mixin.py:188} INFO - [2025-02-02T16:22:12.135+0000] {dagbag.py:545} INFO - Filling up the DagBag from /home/airflow/.local/lib/python3.12/site-packages/airflow/example_dags/example_short_circuit_operator.py
[2025-02-02T16:22:12.139+0000] {processor.py:840} INFO - DAG(s) 'example_short_circuit_operator' retrieved from /home/airflow/.local/lib/python3.12/site-packages/airflow/example_dags/example_short_circuit_operator.py
[2025-02-02T16:22:12.149+0000] {logging_mixin.py:188} INFO - [2025-02-02T16:22:12.149+0000] {dag.py:3089} INFO - Sync 1 DAGs
[2025-02-02T16:22:12.158+0000] {logging_mixin.py:188} INFO - [2025-02-02T16:22:12.158+0000] {dag.py:3947} INFO - Setting next_dagrun for example_short_circuit_operator to 2025-02-01 00:00:00+00:00, run_after=2025-02-02 00:00:00+00:00
[2025-02-02T16:22:12.164+0000] {processor.py:183} INFO - Processing /home/airflow/.local/lib/python3.12/site-packages/airflow/example_dags/example_short_circuit_operator.py took 0.033 seconds
[2025-02-02T16:22:42.539+0000] {processor.py:161} INFO - Started process (PID=3263) to work on /home/airflow/.local/lib/python3.12/site-packages/airflow/example_dags/example_short_circuit_operator.py
[2025-02-02T16:22:42.541+0000] {processor.py:830} INFO - Processing file /home/airflow/.local/lib/python3.12/site-packages/airflow/example_dags/example_short_circuit_operator.py for tasks to queue
[2025-02-02T16:22:42.542+0000] {logging_mixin.py:188} INFO - [2025-02-02T16:22:42.542+0000] {dagbag.py:545} INFO - Filling up the DagBag from /home/airflow/.local/lib/python3.12/site-packages/airflow/example_dags/example_short_circuit_operator.py
[2025-02-02T16:22:42.547+0000] {processor.py:840} INFO - DAG(s) 'example_short_circuit_operator' retrieved from /home/airflow/.local/lib/python3.12/site-packages/airflow/example_dags/example_short_circuit_operator.py
[2025-02-02T16:22:42.567+0000] {logging_mixin.py:188} INFO - [2025-02-02T16:22:42.567+0000] {dag.py:3089} INFO - Sync 1 DAGs
[2025-02-02T16:22:42.581+0000] {logging_mixin.py:188} INFO - [2025-02-02T16:22:42.581+0000] {dag.py:3947} INFO - Setting next_dagrun for example_short_circuit_operator to 2025-02-01 00:00:00+00:00, run_after=2025-02-02 00:00:00+00:00
[2025-02-02T16:22:42.593+0000] {processor.py:183} INFO - Processing /home/airflow/.local/lib/python3.12/site-packages/airflow/example_dags/example_short_circuit_operator.py took 0.059 seconds
[2025-02-02T16:23:12.803+0000] {processor.py:161} INFO - Started process (PID=3341) to work on /home/airflow/.local/lib/python3.12/site-packages/airflow/example_dags/example_short_circuit_operator.py
[2025-02-02T16:23:12.806+0000] {processor.py:830} INFO - Processing file /home/airflow/.local/lib/python3.12/site-packages/airflow/example_dags/example_short_circuit_operator.py for tasks to queue
[2025-02-02T16:23:12.806+0000] {logging_mixin.py:188} INFO - [2025-02-02T16:23:12.806+0000] {dagbag.py:545} INFO - Filling up the DagBag from /home/airflow/.local/lib/python3.12/site-packages/airflow/example_dags/example_short_circuit_operator.py
[2025-02-02T16:23:12.810+0000] {processor.py:840} INFO - DAG(s) 'example_short_circuit_operator' retrieved from /home/airflow/.local/lib/python3.12/site-packages/airflow/example_dags/example_short_circuit_operator.py
[2025-02-02T16:23:12.827+0000] {logging_mixin.py:188} INFO - [2025-02-02T16:23:12.827+0000] {dag.py:3089} INFO - Sync 1 DAGs
[2025-02-02T16:23:12.840+0000] {logging_mixin.py:188} INFO - [2025-02-02T16:23:12.840+0000] {dag.py:3947} INFO - Setting next_dagrun for example_short_circuit_operator to 2025-02-01 00:00:00+00:00, run_after=2025-02-02 00:00:00+00:00
[2025-02-02T16:23:12.852+0000] {processor.py:183} INFO - Processing /home/airflow/.local/lib/python3.12/site-packages/airflow/example_dags/example_short_circuit_operator.py took 0.052 seconds
[2025-02-02T16:23:42.990+0000] {processor.py:161} INFO - Started process (PID=3410) to work on /home/airflow/.local/lib/python3.12/site-packages/airflow/example_dags/example_short_circuit_operator.py
[2025-02-02T16:23:42.990+0000] {processor.py:830} INFO - Processing file /home/airflow/.local/lib/python3.12/site-packages/airflow/example_dags/example_short_circuit_operator.py for tasks to queue
[2025-02-02T16:23:42.991+0000] {logging_mixin.py:188} INFO - [2025-02-02T16:23:42.991+0000] {dagbag.py:545} INFO - Filling up the DagBag from /home/airflow/.local/lib/python3.12/site-packages/airflow/example_dags/example_short_circuit_operator.py
[2025-02-02T16:23:42.995+0000] {processor.py:840} INFO - DAG(s) 'example_short_circuit_operator' retrieved from /home/airflow/.local/lib/python3.12/site-packages/airflow/example_dags/example_short_circuit_operator.py
[2025-02-02T16:23:43.005+0000] {logging_mixin.py:188} INFO - [2025-02-02T16:23:43.005+0000] {dag.py:3089} INFO - Sync 1 DAGs
[2025-02-02T16:23:43.014+0000] {logging_mixin.py:188} INFO - [2025-02-02T16:23:43.014+0000] {dag.py:3947} INFO - Setting next_dagrun for example_short_circuit_operator to 2025-02-01 00:00:00+00:00, run_after=2025-02-02 00:00:00+00:00
[2025-02-02T16:23:43.021+0000] {processor.py:183} INFO - Processing /home/airflow/.local/lib/python3.12/site-packages/airflow/example_dags/example_short_circuit_operator.py took 0.034 seconds
[2025-02-02T16:24:13.280+0000] {processor.py:161} INFO - Started process (PID=3477) to work on /home/airflow/.local/lib/python3.12/site-packages/airflow/example_dags/example_short_circuit_operator.py
[2025-02-02T16:24:13.282+0000] {processor.py:830} INFO - Processing file /home/airflow/.local/lib/python3.12/site-packages/airflow/example_dags/example_short_circuit_operator.py for tasks to queue
[2025-02-02T16:24:13.284+0000] {logging_mixin.py:188} INFO - [2025-02-02T16:24:13.284+0000] {dagbag.py:545} INFO - Filling up the DagBag from /home/airflow/.local/lib/python3.12/site-packages/airflow/example_dags/example_short_circuit_operator.py
[2025-02-02T16:24:13.289+0000] {processor.py:840} INFO - DAG(s) 'example_short_circuit_operator' retrieved from /home/airflow/.local/lib/python3.12/site-packages/airflow/example_dags/example_short_circuit_operator.py
[2025-02-02T16:24:13.304+0000] {logging_mixin.py:188} INFO - [2025-02-02T16:24:13.303+0000] {dag.py:3089} INFO - Sync 1 DAGs
[2025-02-02T16:24:13.316+0000] {logging_mixin.py:188} INFO - [2025-02-02T16:24:13.316+0000] {dag.py:3947} INFO - Setting next_dagrun for example_short_circuit_operator to 2025-02-01 00:00:00+00:00, run_after=2025-02-02 00:00:00+00:00
[2025-02-02T16:24:13.325+0000] {processor.py:183} INFO - Processing /home/airflow/.local/lib/python3.12/site-packages/airflow/example_dags/example_short_circuit_operator.py took 0.051 seconds
[2025-02-02T16:24:43.808+0000] {processor.py:161} INFO - Started process (PID=3549) to work on /home/airflow/.local/lib/python3.12/site-packages/airflow/example_dags/example_short_circuit_operator.py
[2025-02-02T16:24:43.809+0000] {processor.py:830} INFO - Processing file /home/airflow/.local/lib/python3.12/site-packages/airflow/example_dags/example_short_circuit_operator.py for tasks to queue
[2025-02-02T16:24:43.810+0000] {logging_mixin.py:188} INFO - [2025-02-02T16:24:43.810+0000] {dagbag.py:545} INFO - Filling up the DagBag from /home/airflow/.local/lib/python3.12/site-packages/airflow/example_dags/example_short_circuit_operator.py
[2025-02-02T16:24:43.816+0000] {processor.py:840} INFO - DAG(s) 'example_short_circuit_operator' retrieved from /home/airflow/.local/lib/python3.12/site-packages/airflow/example_dags/example_short_circuit_operator.py
[2025-02-02T16:24:43.831+0000] {logging_mixin.py:188} INFO - [2025-02-02T16:24:43.830+0000] {dag.py:3089} INFO - Sync 1 DAGs
[2025-02-02T16:24:43.842+0000] {logging_mixin.py:188} INFO - [2025-02-02T16:24:43.842+0000] {dag.py:3947} INFO - Setting next_dagrun for example_short_circuit_operator to 2025-02-01 00:00:00+00:00, run_after=2025-02-02 00:00:00+00:00
[2025-02-02T16:24:43.850+0000] {processor.py:183} INFO - Processing /home/airflow/.local/lib/python3.12/site-packages/airflow/example_dags/example_short_circuit_operator.py took 0.047 seconds
[2025-02-02T16:25:14.317+0000] {processor.py:161} INFO - Started process (PID=3628) to work on /home/airflow/.local/lib/python3.12/site-packages/airflow/example_dags/example_short_circuit_operator.py
[2025-02-02T16:25:14.320+0000] {processor.py:830} INFO - Processing file /home/airflow/.local/lib/python3.12/site-packages/airflow/example_dags/example_short_circuit_operator.py for tasks to queue
[2025-02-02T16:25:14.320+0000] {logging_mixin.py:188} INFO - [2025-02-02T16:25:14.320+0000] {dagbag.py:545} INFO - Filling up the DagBag from /home/airflow/.local/lib/python3.12/site-packages/airflow/example_dags/example_short_circuit_operator.py
[2025-02-02T16:25:14.323+0000] {processor.py:840} INFO - DAG(s) 'example_short_circuit_operator' retrieved from /home/airflow/.local/lib/python3.12/site-packages/airflow/example_dags/example_short_circuit_operator.py
[2025-02-02T16:25:14.334+0000] {logging_mixin.py:188} INFO - [2025-02-02T16:25:14.334+0000] {dag.py:3089} INFO - Sync 1 DAGs
[2025-02-02T16:25:14.344+0000] {logging_mixin.py:188} INFO - [2025-02-02T16:25:14.344+0000] {dag.py:3947} INFO - Setting next_dagrun for example_short_circuit_operator to 2025-02-01 00:00:00+00:00, run_after=2025-02-02 00:00:00+00:00
[2025-02-02T16:25:14.354+0000] {processor.py:183} INFO - Processing /home/airflow/.local/lib/python3.12/site-packages/airflow/example_dags/example_short_circuit_operator.py took 0.039 seconds
[2025-02-02T16:25:45.009+0000] {processor.py:161} INFO - Started process (PID=3700) to work on /home/airflow/.local/lib/python3.12/site-packages/airflow/example_dags/example_short_circuit_operator.py
[2025-02-02T16:25:45.010+0000] {processor.py:830} INFO - Processing file /home/airflow/.local/lib/python3.12/site-packages/airflow/example_dags/example_short_circuit_operator.py for tasks to queue
[2025-02-02T16:25:45.011+0000] {logging_mixin.py:188} INFO - [2025-02-02T16:25:45.011+0000] {dagbag.py:545} INFO - Filling up the DagBag from /home/airflow/.local/lib/python3.12/site-packages/airflow/example_dags/example_short_circuit_operator.py
[2025-02-02T16:25:45.015+0000] {processor.py:840} INFO - DAG(s) 'example_short_circuit_operator' retrieved from /home/airflow/.local/lib/python3.12/site-packages/airflow/example_dags/example_short_circuit_operator.py
[2025-02-02T16:25:45.026+0000] {logging_mixin.py:188} INFO - [2025-02-02T16:25:45.026+0000] {dag.py:3089} INFO - Sync 1 DAGs
[2025-02-02T16:25:45.037+0000] {logging_mixin.py:188} INFO - [2025-02-02T16:25:45.037+0000] {dag.py:3947} INFO - Setting next_dagrun for example_short_circuit_operator to 2025-02-01 00:00:00+00:00, run_after=2025-02-02 00:00:00+00:00
[2025-02-02T16:25:45.046+0000] {processor.py:183} INFO - Processing /home/airflow/.local/lib/python3.12/site-packages/airflow/example_dags/example_short_circuit_operator.py took 0.042 seconds
[2025-02-02T16:26:15.275+0000] {processor.py:161} INFO - Started process (PID=3772) to work on /home/airflow/.local/lib/python3.12/site-packages/airflow/example_dags/example_short_circuit_operator.py
[2025-02-02T16:26:15.277+0000] {processor.py:830} INFO - Processing file /home/airflow/.local/lib/python3.12/site-packages/airflow/example_dags/example_short_circuit_operator.py for tasks to queue
[2025-02-02T16:26:15.280+0000] {logging_mixin.py:188} INFO - [2025-02-02T16:26:15.280+0000] {dagbag.py:545} INFO - Filling up the DagBag from /home/airflow/.local/lib/python3.12/site-packages/airflow/example_dags/example_short_circuit_operator.py
[2025-02-02T16:26:15.285+0000] {processor.py:840} INFO - DAG(s) 'example_short_circuit_operator' retrieved from /home/airflow/.local/lib/python3.12/site-packages/airflow/example_dags/example_short_circuit_operator.py
[2025-02-02T16:26:15.301+0000] {logging_mixin.py:188} INFO - [2025-02-02T16:26:15.301+0000] {dag.py:3089} INFO - Sync 1 DAGs
[2025-02-02T16:26:15.311+0000] {logging_mixin.py:188} INFO - [2025-02-02T16:26:15.311+0000] {dag.py:3947} INFO - Setting next_dagrun for example_short_circuit_operator to 2025-02-01 00:00:00+00:00, run_after=2025-02-02 00:00:00+00:00
[2025-02-02T16:26:15.321+0000] {processor.py:183} INFO - Processing /home/airflow/.local/lib/python3.12/site-packages/airflow/example_dags/example_short_circuit_operator.py took 0.051 seconds
