[2025-02-02T15:59:31.608+0000] {processor.py:161} INFO - Started process (PID=126) to work on /home/airflow/.local/lib/python3.12/site-packages/airflow/example_dags/example_python_operator.py
[2025-02-02T15:59:31.609+0000] {processor.py:830} INFO - Processing file /home/airflow/.local/lib/python3.12/site-packages/airflow/example_dags/example_python_operator.py for tasks to queue
[2025-02-02T15:59:31.610+0000] {logging_mixin.py:188} INFO - [2025-02-02T15:59:31.610+0000] {dagbag.py:545} INFO - Filling up the DagBag from /home/airflow/.local/lib/python3.12/site-packages/airflow/example_dags/example_python_operator.py
[2025-02-02T15:59:31.619+0000] {processor.py:840} INFO - DAG(s) 'example_python_operator' retrieved from /home/airflow/.local/lib/python3.12/site-packages/airflow/example_dags/example_python_operator.py
[2025-02-02T15:59:31.673+0000] {logging_mixin.py:188} INFO - [2025-02-02T15:59:31.673+0000] {dag.py:3089} INFO - Sync 1 DAGs
[2025-02-02T15:59:31.679+0000] {logging_mixin.py:188} INFO - [2025-02-02T15:59:31.678+0000] {dag.py:3947} INFO - Setting next_dagrun for example_python_operator to None, run_after=None
[2025-02-02T15:59:31.691+0000] {processor.py:183} INFO - Processing /home/airflow/.local/lib/python3.12/site-packages/airflow/example_dags/example_python_operator.py took 0.086 seconds
[2025-02-02T16:00:03.594+0000] {processor.py:161} INFO - Started process (PID=198) to work on /home/airflow/.local/lib/python3.12/site-packages/airflow/example_dags/example_python_operator.py
[2025-02-02T16:00:03.595+0000] {processor.py:830} INFO - Processing file /home/airflow/.local/lib/python3.12/site-packages/airflow/example_dags/example_python_operator.py for tasks to queue
[2025-02-02T16:00:03.598+0000] {logging_mixin.py:188} INFO - [2025-02-02T16:00:03.598+0000] {dagbag.py:545} INFO - Filling up the DagBag from /home/airflow/.local/lib/python3.12/site-packages/airflow/example_dags/example_python_operator.py
[2025-02-02T16:00:03.607+0000] {processor.py:840} INFO - DAG(s) 'example_python_operator' retrieved from /home/airflow/.local/lib/python3.12/site-packages/airflow/example_dags/example_python_operator.py
[2025-02-02T16:00:03.623+0000] {logging_mixin.py:188} INFO - [2025-02-02T16:00:03.622+0000] {dag.py:3089} INFO - Sync 1 DAGs
[2025-02-02T16:00:03.634+0000] {logging_mixin.py:188} INFO - [2025-02-02T16:00:03.633+0000] {dag.py:3947} INFO - Setting next_dagrun for example_python_operator to None, run_after=None
[2025-02-02T16:00:03.644+0000] {processor.py:183} INFO - Processing /home/airflow/.local/lib/python3.12/site-packages/airflow/example_dags/example_python_operator.py took 0.057 seconds
[2025-02-02T16:00:36.612+0000] {processor.py:161} INFO - Started process (PID=270) to work on /home/airflow/.local/lib/python3.12/site-packages/airflow/example_dags/example_python_operator.py
[2025-02-02T16:00:36.612+0000] {processor.py:830} INFO - Processing file /home/airflow/.local/lib/python3.12/site-packages/airflow/example_dags/example_python_operator.py for tasks to queue
[2025-02-02T16:00:36.613+0000] {logging_mixin.py:188} INFO - [2025-02-02T16:00:36.613+0000] {dagbag.py:545} INFO - Filling up the DagBag from /home/airflow/.local/lib/python3.12/site-packages/airflow/example_dags/example_python_operator.py
[2025-02-02T16:00:36.617+0000] {processor.py:840} INFO - DAG(s) 'example_python_operator' retrieved from /home/airflow/.local/lib/python3.12/site-packages/airflow/example_dags/example_python_operator.py
[2025-02-02T16:00:36.630+0000] {logging_mixin.py:188} INFO - [2025-02-02T16:00:36.630+0000] {dag.py:3089} INFO - Sync 1 DAGs
[2025-02-02T16:00:36.635+0000] {logging_mixin.py:188} INFO - [2025-02-02T16:00:36.635+0000] {dag.py:3947} INFO - Setting next_dagrun for example_python_operator to None, run_after=None
[2025-02-02T16:00:36.644+0000] {processor.py:183} INFO - Processing /home/airflow/.local/lib/python3.12/site-packages/airflow/example_dags/example_python_operator.py took 0.035 seconds
[2025-02-02T16:01:09.595+0000] {processor.py:161} INFO - Started process (PID=342) to work on /home/airflow/.local/lib/python3.12/site-packages/airflow/example_dags/example_python_operator.py
[2025-02-02T16:01:09.598+0000] {processor.py:830} INFO - Processing file /home/airflow/.local/lib/python3.12/site-packages/airflow/example_dags/example_python_operator.py for tasks to queue
[2025-02-02T16:01:09.612+0000] {logging_mixin.py:188} INFO - [2025-02-02T16:01:09.612+0000] {dagbag.py:545} INFO - Filling up the DagBag from /home/airflow/.local/lib/python3.12/site-packages/airflow/example_dags/example_python_operator.py
[2025-02-02T16:01:09.624+0000] {processor.py:840} INFO - DAG(s) 'example_python_operator' retrieved from /home/airflow/.local/lib/python3.12/site-packages/airflow/example_dags/example_python_operator.py
[2025-02-02T16:01:09.643+0000] {logging_mixin.py:188} INFO - [2025-02-02T16:01:09.643+0000] {dag.py:3089} INFO - Sync 1 DAGs
[2025-02-02T16:01:09.659+0000] {logging_mixin.py:188} INFO - [2025-02-02T16:01:09.659+0000] {dag.py:3947} INFO - Setting next_dagrun for example_python_operator to None, run_after=None
[2025-02-02T16:01:09.671+0000] {processor.py:183} INFO - Processing /home/airflow/.local/lib/python3.12/site-packages/airflow/example_dags/example_python_operator.py took 0.095 seconds
[2025-02-02T16:01:41.493+0000] {processor.py:161} INFO - Started process (PID=414) to work on /home/airflow/.local/lib/python3.12/site-packages/airflow/example_dags/example_python_operator.py
[2025-02-02T16:01:41.495+0000] {processor.py:830} INFO - Processing file /home/airflow/.local/lib/python3.12/site-packages/airflow/example_dags/example_python_operator.py for tasks to queue
[2025-02-02T16:01:41.496+0000] {logging_mixin.py:188} INFO - [2025-02-02T16:01:41.495+0000] {dagbag.py:545} INFO - Filling up the DagBag from /home/airflow/.local/lib/python3.12/site-packages/airflow/example_dags/example_python_operator.py
[2025-02-02T16:01:41.501+0000] {processor.py:840} INFO - DAG(s) 'example_python_operator' retrieved from /home/airflow/.local/lib/python3.12/site-packages/airflow/example_dags/example_python_operator.py
[2025-02-02T16:01:41.515+0000] {logging_mixin.py:188} INFO - [2025-02-02T16:01:41.515+0000] {dag.py:3089} INFO - Sync 1 DAGs
[2025-02-02T16:01:41.520+0000] {logging_mixin.py:188} INFO - [2025-02-02T16:01:41.520+0000] {dag.py:3947} INFO - Setting next_dagrun for example_python_operator to None, run_after=None
[2025-02-02T16:01:41.528+0000] {processor.py:183} INFO - Processing /home/airflow/.local/lib/python3.12/site-packages/airflow/example_dags/example_python_operator.py took 0.038 seconds
[2025-02-02T16:02:14.217+0000] {processor.py:161} INFO - Started process (PID=486) to work on /home/airflow/.local/lib/python3.12/site-packages/airflow/example_dags/example_python_operator.py
[2025-02-02T16:02:14.217+0000] {processor.py:830} INFO - Processing file /home/airflow/.local/lib/python3.12/site-packages/airflow/example_dags/example_python_operator.py for tasks to queue
[2025-02-02T16:02:14.218+0000] {logging_mixin.py:188} INFO - [2025-02-02T16:02:14.218+0000] {dagbag.py:545} INFO - Filling up the DagBag from /home/airflow/.local/lib/python3.12/site-packages/airflow/example_dags/example_python_operator.py
[2025-02-02T16:02:14.223+0000] {processor.py:840} INFO - DAG(s) 'example_python_operator' retrieved from /home/airflow/.local/lib/python3.12/site-packages/airflow/example_dags/example_python_operator.py
[2025-02-02T16:02:14.235+0000] {logging_mixin.py:188} INFO - [2025-02-02T16:02:14.235+0000] {dag.py:3089} INFO - Sync 1 DAGs
[2025-02-02T16:02:14.242+0000] {logging_mixin.py:188} INFO - [2025-02-02T16:02:14.242+0000] {dag.py:3947} INFO - Setting next_dagrun for example_python_operator to None, run_after=None
[2025-02-02T16:02:14.250+0000] {processor.py:183} INFO - Processing /home/airflow/.local/lib/python3.12/site-packages/airflow/example_dags/example_python_operator.py took 0.036 seconds
[2025-02-02T16:02:47.572+0000] {processor.py:161} INFO - Started process (PID=558) to work on /home/airflow/.local/lib/python3.12/site-packages/airflow/example_dags/example_python_operator.py
[2025-02-02T16:02:47.572+0000] {processor.py:830} INFO - Processing file /home/airflow/.local/lib/python3.12/site-packages/airflow/example_dags/example_python_operator.py for tasks to queue
[2025-02-02T16:02:47.573+0000] {logging_mixin.py:188} INFO - [2025-02-02T16:02:47.573+0000] {dagbag.py:545} INFO - Filling up the DagBag from /home/airflow/.local/lib/python3.12/site-packages/airflow/example_dags/example_python_operator.py
[2025-02-02T16:02:47.578+0000] {processor.py:840} INFO - DAG(s) 'example_python_operator' retrieved from /home/airflow/.local/lib/python3.12/site-packages/airflow/example_dags/example_python_operator.py
[2025-02-02T16:02:47.590+0000] {logging_mixin.py:188} INFO - [2025-02-02T16:02:47.590+0000] {dag.py:3089} INFO - Sync 1 DAGs
[2025-02-02T16:02:47.595+0000] {logging_mixin.py:188} INFO - [2025-02-02T16:02:47.595+0000] {dag.py:3947} INFO - Setting next_dagrun for example_python_operator to None, run_after=None
[2025-02-02T16:02:47.605+0000] {processor.py:183} INFO - Processing /home/airflow/.local/lib/python3.12/site-packages/airflow/example_dags/example_python_operator.py took 0.036 seconds
[2025-02-02T16:03:19.848+0000] {processor.py:161} INFO - Started process (PID=630) to work on /home/airflow/.local/lib/python3.12/site-packages/airflow/example_dags/example_python_operator.py
[2025-02-02T16:03:19.849+0000] {processor.py:830} INFO - Processing file /home/airflow/.local/lib/python3.12/site-packages/airflow/example_dags/example_python_operator.py for tasks to queue
[2025-02-02T16:03:19.851+0000] {logging_mixin.py:188} INFO - [2025-02-02T16:03:19.851+0000] {dagbag.py:545} INFO - Filling up the DagBag from /home/airflow/.local/lib/python3.12/site-packages/airflow/example_dags/example_python_operator.py
[2025-02-02T16:03:19.856+0000] {processor.py:840} INFO - DAG(s) 'example_python_operator' retrieved from /home/airflow/.local/lib/python3.12/site-packages/airflow/example_dags/example_python_operator.py
[2025-02-02T16:03:19.866+0000] {logging_mixin.py:188} INFO - [2025-02-02T16:03:19.866+0000] {dag.py:3089} INFO - Sync 1 DAGs
[2025-02-02T16:03:19.960+0000] {logging_mixin.py:188} INFO - [2025-02-02T16:03:19.960+0000] {dag.py:3947} INFO - Setting next_dagrun for example_python_operator to None, run_after=None
[2025-02-02T16:03:19.968+0000] {processor.py:183} INFO - Processing /home/airflow/.local/lib/python3.12/site-packages/airflow/example_dags/example_python_operator.py took 0.123 seconds
[2025-02-02T16:03:52.082+0000] {processor.py:161} INFO - Started process (PID=702) to work on /home/airflow/.local/lib/python3.12/site-packages/airflow/example_dags/example_python_operator.py
[2025-02-02T16:03:52.083+0000] {processor.py:830} INFO - Processing file /home/airflow/.local/lib/python3.12/site-packages/airflow/example_dags/example_python_operator.py for tasks to queue
[2025-02-02T16:03:52.084+0000] {logging_mixin.py:188} INFO - [2025-02-02T16:03:52.084+0000] {dagbag.py:545} INFO - Filling up the DagBag from /home/airflow/.local/lib/python3.12/site-packages/airflow/example_dags/example_python_operator.py
[2025-02-02T16:03:52.089+0000] {processor.py:840} INFO - DAG(s) 'example_python_operator' retrieved from /home/airflow/.local/lib/python3.12/site-packages/airflow/example_dags/example_python_operator.py
[2025-02-02T16:03:52.099+0000] {logging_mixin.py:188} INFO - [2025-02-02T16:03:52.099+0000] {dag.py:3089} INFO - Sync 1 DAGs
[2025-02-02T16:03:52.104+0000] {logging_mixin.py:188} INFO - [2025-02-02T16:03:52.104+0000] {dag.py:3947} INFO - Setting next_dagrun for example_python_operator to None, run_after=None
[2025-02-02T16:03:52.210+0000] {processor.py:183} INFO - Processing /home/airflow/.local/lib/python3.12/site-packages/airflow/example_dags/example_python_operator.py took 0.131 seconds
[2025-02-02T16:04:24.060+0000] {processor.py:161} INFO - Started process (PID=774) to work on /home/airflow/.local/lib/python3.12/site-packages/airflow/example_dags/example_python_operator.py
[2025-02-02T16:04:24.061+0000] {processor.py:830} INFO - Processing file /home/airflow/.local/lib/python3.12/site-packages/airflow/example_dags/example_python_operator.py for tasks to queue
[2025-02-02T16:04:24.062+0000] {logging_mixin.py:188} INFO - [2025-02-02T16:04:24.061+0000] {dagbag.py:545} INFO - Filling up the DagBag from /home/airflow/.local/lib/python3.12/site-packages/airflow/example_dags/example_python_operator.py
[2025-02-02T16:04:24.068+0000] {processor.py:840} INFO - DAG(s) 'example_python_operator' retrieved from /home/airflow/.local/lib/python3.12/site-packages/airflow/example_dags/example_python_operator.py
[2025-02-02T16:04:24.076+0000] {logging_mixin.py:188} INFO - [2025-02-02T16:04:24.076+0000] {dag.py:3089} INFO - Sync 1 DAGs
[2025-02-02T16:04:24.082+0000] {logging_mixin.py:188} INFO - [2025-02-02T16:04:24.082+0000] {dag.py:3947} INFO - Setting next_dagrun for example_python_operator to None, run_after=None
[2025-02-02T16:04:24.091+0000] {processor.py:183} INFO - Processing /home/airflow/.local/lib/python3.12/site-packages/airflow/example_dags/example_python_operator.py took 0.033 seconds
[2025-02-02T16:04:56.579+0000] {processor.py:161} INFO - Started process (PID=846) to work on /home/airflow/.local/lib/python3.12/site-packages/airflow/example_dags/example_python_operator.py
[2025-02-02T16:04:56.579+0000] {processor.py:830} INFO - Processing file /home/airflow/.local/lib/python3.12/site-packages/airflow/example_dags/example_python_operator.py for tasks to queue
[2025-02-02T16:04:56.580+0000] {logging_mixin.py:188} INFO - [2025-02-02T16:04:56.580+0000] {dagbag.py:545} INFO - Filling up the DagBag from /home/airflow/.local/lib/python3.12/site-packages/airflow/example_dags/example_python_operator.py
[2025-02-02T16:04:56.586+0000] {processor.py:840} INFO - DAG(s) 'example_python_operator' retrieved from /home/airflow/.local/lib/python3.12/site-packages/airflow/example_dags/example_python_operator.py
[2025-02-02T16:04:56.596+0000] {logging_mixin.py:188} INFO - [2025-02-02T16:04:56.596+0000] {dag.py:3089} INFO - Sync 1 DAGs
[2025-02-02T16:04:56.603+0000] {logging_mixin.py:188} INFO - [2025-02-02T16:04:56.602+0000] {dag.py:3947} INFO - Setting next_dagrun for example_python_operator to None, run_after=None
[2025-02-02T16:04:56.615+0000] {processor.py:183} INFO - Processing /home/airflow/.local/lib/python3.12/site-packages/airflow/example_dags/example_python_operator.py took 0.039 seconds
[2025-02-02T16:05:29.233+0000] {processor.py:161} INFO - Started process (PID=924) to work on /home/airflow/.local/lib/python3.12/site-packages/airflow/example_dags/example_python_operator.py
[2025-02-02T16:05:29.234+0000] {processor.py:830} INFO - Processing file /home/airflow/.local/lib/python3.12/site-packages/airflow/example_dags/example_python_operator.py for tasks to queue
[2025-02-02T16:05:29.235+0000] {logging_mixin.py:188} INFO - [2025-02-02T16:05:29.235+0000] {dagbag.py:545} INFO - Filling up the DagBag from /home/airflow/.local/lib/python3.12/site-packages/airflow/example_dags/example_python_operator.py
[2025-02-02T16:05:29.241+0000] {processor.py:840} INFO - DAG(s) 'example_python_operator' retrieved from /home/airflow/.local/lib/python3.12/site-packages/airflow/example_dags/example_python_operator.py
[2025-02-02T16:05:29.250+0000] {logging_mixin.py:188} INFO - [2025-02-02T16:05:29.250+0000] {dag.py:3089} INFO - Sync 1 DAGs
[2025-02-02T16:05:29.256+0000] {logging_mixin.py:188} INFO - [2025-02-02T16:05:29.255+0000] {dag.py:3947} INFO - Setting next_dagrun for example_python_operator to None, run_after=None
[2025-02-02T16:05:29.265+0000] {processor.py:183} INFO - Processing /home/airflow/.local/lib/python3.12/site-packages/airflow/example_dags/example_python_operator.py took 0.035 seconds
[2025-02-02T16:06:01.783+0000] {processor.py:161} INFO - Started process (PID=996) to work on /home/airflow/.local/lib/python3.12/site-packages/airflow/example_dags/example_python_operator.py
[2025-02-02T16:06:01.783+0000] {processor.py:830} INFO - Processing file /home/airflow/.local/lib/python3.12/site-packages/airflow/example_dags/example_python_operator.py for tasks to queue
[2025-02-02T16:06:01.784+0000] {logging_mixin.py:188} INFO - [2025-02-02T16:06:01.784+0000] {dagbag.py:545} INFO - Filling up the DagBag from /home/airflow/.local/lib/python3.12/site-packages/airflow/example_dags/example_python_operator.py
[2025-02-02T16:06:01.789+0000] {processor.py:840} INFO - DAG(s) 'example_python_operator' retrieved from /home/airflow/.local/lib/python3.12/site-packages/airflow/example_dags/example_python_operator.py
[2025-02-02T16:06:01.801+0000] {logging_mixin.py:188} INFO - [2025-02-02T16:06:01.801+0000] {dag.py:3089} INFO - Sync 1 DAGs
[2025-02-02T16:06:01.808+0000] {logging_mixin.py:188} INFO - [2025-02-02T16:06:01.808+0000] {dag.py:3947} INFO - Setting next_dagrun for example_python_operator to None, run_after=None
[2025-02-02T16:06:01.822+0000] {processor.py:183} INFO - Processing /home/airflow/.local/lib/python3.12/site-packages/airflow/example_dags/example_python_operator.py took 0.042 seconds
[2025-02-02T16:06:34.331+0000] {processor.py:161} INFO - Started process (PID=1068) to work on /home/airflow/.local/lib/python3.12/site-packages/airflow/example_dags/example_python_operator.py
[2025-02-02T16:06:34.332+0000] {processor.py:830} INFO - Processing file /home/airflow/.local/lib/python3.12/site-packages/airflow/example_dags/example_python_operator.py for tasks to queue
[2025-02-02T16:06:34.335+0000] {logging_mixin.py:188} INFO - [2025-02-02T16:06:34.335+0000] {dagbag.py:545} INFO - Filling up the DagBag from /home/airflow/.local/lib/python3.12/site-packages/airflow/example_dags/example_python_operator.py
[2025-02-02T16:06:34.341+0000] {processor.py:840} INFO - DAG(s) 'example_python_operator' retrieved from /home/airflow/.local/lib/python3.12/site-packages/airflow/example_dags/example_python_operator.py
[2025-02-02T16:06:34.353+0000] {logging_mixin.py:188} INFO - [2025-02-02T16:06:34.353+0000] {dag.py:3089} INFO - Sync 1 DAGs
[2025-02-02T16:06:34.358+0000] {logging_mixin.py:188} INFO - [2025-02-02T16:06:34.357+0000] {dag.py:3947} INFO - Setting next_dagrun for example_python_operator to None, run_after=None
[2025-02-02T16:06:34.365+0000] {processor.py:183} INFO - Processing /home/airflow/.local/lib/python3.12/site-packages/airflow/example_dags/example_python_operator.py took 0.036 seconds
[2025-02-02T16:07:07.001+0000] {processor.py:161} INFO - Started process (PID=1141) to work on /home/airflow/.local/lib/python3.12/site-packages/airflow/example_dags/example_python_operator.py
[2025-02-02T16:07:07.003+0000] {processor.py:830} INFO - Processing file /home/airflow/.local/lib/python3.12/site-packages/airflow/example_dags/example_python_operator.py for tasks to queue
[2025-02-02T16:07:07.004+0000] {logging_mixin.py:188} INFO - [2025-02-02T16:07:07.004+0000] {dagbag.py:545} INFO - Filling up the DagBag from /home/airflow/.local/lib/python3.12/site-packages/airflow/example_dags/example_python_operator.py
[2025-02-02T16:07:07.009+0000] {processor.py:840} INFO - DAG(s) 'example_python_operator' retrieved from /home/airflow/.local/lib/python3.12/site-packages/airflow/example_dags/example_python_operator.py
[2025-02-02T16:07:07.024+0000] {logging_mixin.py:188} INFO - [2025-02-02T16:07:07.024+0000] {dag.py:3089} INFO - Sync 1 DAGs
[2025-02-02T16:07:07.030+0000] {logging_mixin.py:188} INFO - [2025-02-02T16:07:07.030+0000] {dag.py:3947} INFO - Setting next_dagrun for example_python_operator to None, run_after=None
[2025-02-02T16:07:07.043+0000] {processor.py:183} INFO - Processing /home/airflow/.local/lib/python3.12/site-packages/airflow/example_dags/example_python_operator.py took 0.044 seconds
[2025-02-02T16:07:39.662+0000] {processor.py:161} INFO - Started process (PID=1214) to work on /home/airflow/.local/lib/python3.12/site-packages/airflow/example_dags/example_python_operator.py
[2025-02-02T16:07:39.663+0000] {processor.py:830} INFO - Processing file /home/airflow/.local/lib/python3.12/site-packages/airflow/example_dags/example_python_operator.py for tasks to queue
[2025-02-02T16:07:39.664+0000] {logging_mixin.py:188} INFO - [2025-02-02T16:07:39.664+0000] {dagbag.py:545} INFO - Filling up the DagBag from /home/airflow/.local/lib/python3.12/site-packages/airflow/example_dags/example_python_operator.py
[2025-02-02T16:07:39.669+0000] {processor.py:840} INFO - DAG(s) 'example_python_operator' retrieved from /home/airflow/.local/lib/python3.12/site-packages/airflow/example_dags/example_python_operator.py
[2025-02-02T16:07:39.683+0000] {logging_mixin.py:188} INFO - [2025-02-02T16:07:39.683+0000] {dag.py:3089} INFO - Sync 1 DAGs
[2025-02-02T16:07:39.691+0000] {logging_mixin.py:188} INFO - [2025-02-02T16:07:39.691+0000] {dag.py:3947} INFO - Setting next_dagrun for example_python_operator to None, run_after=None
[2025-02-02T16:07:39.697+0000] {processor.py:183} INFO - Processing /home/airflow/.local/lib/python3.12/site-packages/airflow/example_dags/example_python_operator.py took 0.038 seconds
[2025-02-02T16:08:13.239+0000] {processor.py:161} INFO - Started process (PID=1286) to work on /home/airflow/.local/lib/python3.12/site-packages/airflow/example_dags/example_python_operator.py
[2025-02-02T16:08:13.242+0000] {processor.py:830} INFO - Processing file /home/airflow/.local/lib/python3.12/site-packages/airflow/example_dags/example_python_operator.py for tasks to queue
[2025-02-02T16:08:13.243+0000] {logging_mixin.py:188} INFO - [2025-02-02T16:08:13.243+0000] {dagbag.py:545} INFO - Filling up the DagBag from /home/airflow/.local/lib/python3.12/site-packages/airflow/example_dags/example_python_operator.py
[2025-02-02T16:08:13.251+0000] {processor.py:840} INFO - DAG(s) 'example_python_operator' retrieved from /home/airflow/.local/lib/python3.12/site-packages/airflow/example_dags/example_python_operator.py
[2025-02-02T16:08:13.270+0000] {logging_mixin.py:188} INFO - [2025-02-02T16:08:13.269+0000] {dag.py:3089} INFO - Sync 1 DAGs
[2025-02-02T16:08:13.280+0000] {logging_mixin.py:188} INFO - [2025-02-02T16:08:13.280+0000] {dag.py:3947} INFO - Setting next_dagrun for example_python_operator to None, run_after=None
[2025-02-02T16:08:13.293+0000] {processor.py:183} INFO - Processing /home/airflow/.local/lib/python3.12/site-packages/airflow/example_dags/example_python_operator.py took 0.059 seconds
[2025-02-02T16:08:45.205+0000] {processor.py:161} INFO - Started process (PID=1358) to work on /home/airflow/.local/lib/python3.12/site-packages/airflow/example_dags/example_python_operator.py
[2025-02-02T16:08:45.205+0000] {processor.py:830} INFO - Processing file /home/airflow/.local/lib/python3.12/site-packages/airflow/example_dags/example_python_operator.py for tasks to queue
[2025-02-02T16:08:45.207+0000] {logging_mixin.py:188} INFO - [2025-02-02T16:08:45.207+0000] {dagbag.py:545} INFO - Filling up the DagBag from /home/airflow/.local/lib/python3.12/site-packages/airflow/example_dags/example_python_operator.py
[2025-02-02T16:08:45.212+0000] {processor.py:840} INFO - DAG(s) 'example_python_operator' retrieved from /home/airflow/.local/lib/python3.12/site-packages/airflow/example_dags/example_python_operator.py
[2025-02-02T16:08:45.222+0000] {logging_mixin.py:188} INFO - [2025-02-02T16:08:45.222+0000] {dag.py:3089} INFO - Sync 1 DAGs
[2025-02-02T16:08:45.229+0000] {logging_mixin.py:188} INFO - [2025-02-02T16:08:45.229+0000] {dag.py:3947} INFO - Setting next_dagrun for example_python_operator to None, run_after=None
[2025-02-02T16:08:45.245+0000] {processor.py:183} INFO - Processing /home/airflow/.local/lib/python3.12/site-packages/airflow/example_dags/example_python_operator.py took 0.042 seconds
[2025-02-02T16:09:18.320+0000] {processor.py:161} INFO - Started process (PID=1430) to work on /home/airflow/.local/lib/python3.12/site-packages/airflow/example_dags/example_python_operator.py
[2025-02-02T16:09:18.321+0000] {processor.py:830} INFO - Processing file /home/airflow/.local/lib/python3.12/site-packages/airflow/example_dags/example_python_operator.py for tasks to queue
[2025-02-02T16:09:18.322+0000] {logging_mixin.py:188} INFO - [2025-02-02T16:09:18.322+0000] {dagbag.py:545} INFO - Filling up the DagBag from /home/airflow/.local/lib/python3.12/site-packages/airflow/example_dags/example_python_operator.py
[2025-02-02T16:09:18.328+0000] {processor.py:840} INFO - DAG(s) 'example_python_operator' retrieved from /home/airflow/.local/lib/python3.12/site-packages/airflow/example_dags/example_python_operator.py
[2025-02-02T16:09:18.342+0000] {logging_mixin.py:188} INFO - [2025-02-02T16:09:18.342+0000] {dag.py:3089} INFO - Sync 1 DAGs
[2025-02-02T16:09:18.351+0000] {logging_mixin.py:188} INFO - [2025-02-02T16:09:18.350+0000] {dag.py:3947} INFO - Setting next_dagrun for example_python_operator to None, run_after=None
[2025-02-02T16:09:18.365+0000] {processor.py:183} INFO - Processing /home/airflow/.local/lib/python3.12/site-packages/airflow/example_dags/example_python_operator.py took 0.049 seconds
[2025-02-02T16:09:51.381+0000] {processor.py:161} INFO - Started process (PID=1502) to work on /home/airflow/.local/lib/python3.12/site-packages/airflow/example_dags/example_python_operator.py
[2025-02-02T16:09:51.382+0000] {processor.py:830} INFO - Processing file /home/airflow/.local/lib/python3.12/site-packages/airflow/example_dags/example_python_operator.py for tasks to queue
[2025-02-02T16:09:51.383+0000] {logging_mixin.py:188} INFO - [2025-02-02T16:09:51.383+0000] {dagbag.py:545} INFO - Filling up the DagBag from /home/airflow/.local/lib/python3.12/site-packages/airflow/example_dags/example_python_operator.py
[2025-02-02T16:09:51.389+0000] {processor.py:840} INFO - DAG(s) 'example_python_operator' retrieved from /home/airflow/.local/lib/python3.12/site-packages/airflow/example_dags/example_python_operator.py
[2025-02-02T16:09:51.399+0000] {logging_mixin.py:188} INFO - [2025-02-02T16:09:51.399+0000] {dag.py:3089} INFO - Sync 1 DAGs
[2025-02-02T16:09:51.405+0000] {logging_mixin.py:188} INFO - [2025-02-02T16:09:51.405+0000] {dag.py:3947} INFO - Setting next_dagrun for example_python_operator to None, run_after=None
[2025-02-02T16:09:51.416+0000] {processor.py:183} INFO - Processing /home/airflow/.local/lib/python3.12/site-packages/airflow/example_dags/example_python_operator.py took 0.039 seconds
[2025-02-02T16:10:23.922+0000] {processor.py:161} INFO - Started process (PID=1573) to work on /home/airflow/.local/lib/python3.12/site-packages/airflow/example_dags/example_python_operator.py
[2025-02-02T16:10:23.924+0000] {processor.py:830} INFO - Processing file /home/airflow/.local/lib/python3.12/site-packages/airflow/example_dags/example_python_operator.py for tasks to queue
[2025-02-02T16:10:23.926+0000] {logging_mixin.py:188} INFO - [2025-02-02T16:10:23.925+0000] {dagbag.py:545} INFO - Filling up the DagBag from /home/airflow/.local/lib/python3.12/site-packages/airflow/example_dags/example_python_operator.py
[2025-02-02T16:10:23.932+0000] {processor.py:840} INFO - DAG(s) 'example_python_operator' retrieved from /home/airflow/.local/lib/python3.12/site-packages/airflow/example_dags/example_python_operator.py
[2025-02-02T16:10:23.945+0000] {logging_mixin.py:188} INFO - [2025-02-02T16:10:23.945+0000] {dag.py:3089} INFO - Sync 1 DAGs
[2025-02-02T16:10:23.958+0000] {logging_mixin.py:188} INFO - [2025-02-02T16:10:23.958+0000] {dag.py:3947} INFO - Setting next_dagrun for example_python_operator to None, run_after=None
[2025-02-02T16:10:23.972+0000] {processor.py:183} INFO - Processing /home/airflow/.local/lib/python3.12/site-packages/airflow/example_dags/example_python_operator.py took 0.053 seconds
[2025-02-02T16:10:56.726+0000] {processor.py:161} INFO - Started process (PID=1645) to work on /home/airflow/.local/lib/python3.12/site-packages/airflow/example_dags/example_python_operator.py
[2025-02-02T16:10:56.727+0000] {processor.py:830} INFO - Processing file /home/airflow/.local/lib/python3.12/site-packages/airflow/example_dags/example_python_operator.py for tasks to queue
[2025-02-02T16:10:56.729+0000] {logging_mixin.py:188} INFO - [2025-02-02T16:10:56.729+0000] {dagbag.py:545} INFO - Filling up the DagBag from /home/airflow/.local/lib/python3.12/site-packages/airflow/example_dags/example_python_operator.py
[2025-02-02T16:10:56.739+0000] {processor.py:840} INFO - DAG(s) 'example_python_operator' retrieved from /home/airflow/.local/lib/python3.12/site-packages/airflow/example_dags/example_python_operator.py
[2025-02-02T16:10:56.751+0000] {logging_mixin.py:188} INFO - [2025-02-02T16:10:56.751+0000] {dag.py:3089} INFO - Sync 1 DAGs
[2025-02-02T16:10:56.759+0000] {logging_mixin.py:188} INFO - [2025-02-02T16:10:56.759+0000] {dag.py:3947} INFO - Setting next_dagrun for example_python_operator to None, run_after=None
[2025-02-02T16:10:56.770+0000] {processor.py:183} INFO - Processing /home/airflow/.local/lib/python3.12/site-packages/airflow/example_dags/example_python_operator.py took 0.049 seconds
[2025-02-02T16:11:29.346+0000] {processor.py:161} INFO - Started process (PID=1717) to work on /home/airflow/.local/lib/python3.12/site-packages/airflow/example_dags/example_python_operator.py
[2025-02-02T16:11:29.347+0000] {processor.py:830} INFO - Processing file /home/airflow/.local/lib/python3.12/site-packages/airflow/example_dags/example_python_operator.py for tasks to queue
[2025-02-02T16:11:29.349+0000] {logging_mixin.py:188} INFO - [2025-02-02T16:11:29.348+0000] {dagbag.py:545} INFO - Filling up the DagBag from /home/airflow/.local/lib/python3.12/site-packages/airflow/example_dags/example_python_operator.py
[2025-02-02T16:11:29.353+0000] {processor.py:840} INFO - DAG(s) 'example_python_operator' retrieved from /home/airflow/.local/lib/python3.12/site-packages/airflow/example_dags/example_python_operator.py
[2025-02-02T16:11:29.365+0000] {logging_mixin.py:188} INFO - [2025-02-02T16:11:29.365+0000] {dag.py:3089} INFO - Sync 1 DAGs
[2025-02-02T16:11:29.370+0000] {logging_mixin.py:188} INFO - [2025-02-02T16:11:29.370+0000] {dag.py:3947} INFO - Setting next_dagrun for example_python_operator to None, run_after=None
[2025-02-02T16:11:29.380+0000] {processor.py:183} INFO - Processing /home/airflow/.local/lib/python3.12/site-packages/airflow/example_dags/example_python_operator.py took 0.037 seconds
[2025-02-02T16:12:02.069+0000] {processor.py:161} INFO - Started process (PID=1795) to work on /home/airflow/.local/lib/python3.12/site-packages/airflow/example_dags/example_python_operator.py
[2025-02-02T16:12:02.069+0000] {processor.py:830} INFO - Processing file /home/airflow/.local/lib/python3.12/site-packages/airflow/example_dags/example_python_operator.py for tasks to queue
[2025-02-02T16:12:02.071+0000] {logging_mixin.py:188} INFO - [2025-02-02T16:12:02.070+0000] {dagbag.py:545} INFO - Filling up the DagBag from /home/airflow/.local/lib/python3.12/site-packages/airflow/example_dags/example_python_operator.py
[2025-02-02T16:12:02.076+0000] {processor.py:840} INFO - DAG(s) 'example_python_operator' retrieved from /home/airflow/.local/lib/python3.12/site-packages/airflow/example_dags/example_python_operator.py
[2025-02-02T16:12:02.087+0000] {logging_mixin.py:188} INFO - [2025-02-02T16:12:02.087+0000] {dag.py:3089} INFO - Sync 1 DAGs
[2025-02-02T16:12:02.092+0000] {logging_mixin.py:188} INFO - [2025-02-02T16:12:02.092+0000] {dag.py:3947} INFO - Setting next_dagrun for example_python_operator to None, run_after=None
[2025-02-02T16:12:02.102+0000] {processor.py:183} INFO - Processing /home/airflow/.local/lib/python3.12/site-packages/airflow/example_dags/example_python_operator.py took 0.035 seconds
[2025-02-02T16:12:34.497+0000] {processor.py:161} INFO - Started process (PID=1867) to work on /home/airflow/.local/lib/python3.12/site-packages/airflow/example_dags/example_python_operator.py
[2025-02-02T16:12:34.497+0000] {processor.py:830} INFO - Processing file /home/airflow/.local/lib/python3.12/site-packages/airflow/example_dags/example_python_operator.py for tasks to queue
[2025-02-02T16:12:34.498+0000] {logging_mixin.py:188} INFO - [2025-02-02T16:12:34.498+0000] {dagbag.py:545} INFO - Filling up the DagBag from /home/airflow/.local/lib/python3.12/site-packages/airflow/example_dags/example_python_operator.py
[2025-02-02T16:12:34.503+0000] {processor.py:840} INFO - DAG(s) 'example_python_operator' retrieved from /home/airflow/.local/lib/python3.12/site-packages/airflow/example_dags/example_python_operator.py
[2025-02-02T16:12:34.512+0000] {logging_mixin.py:188} INFO - [2025-02-02T16:12:34.512+0000] {dag.py:3089} INFO - Sync 1 DAGs
[2025-02-02T16:12:34.518+0000] {logging_mixin.py:188} INFO - [2025-02-02T16:12:34.518+0000] {dag.py:3947} INFO - Setting next_dagrun for example_python_operator to None, run_after=None
[2025-02-02T16:12:34.527+0000] {processor.py:183} INFO - Processing /home/airflow/.local/lib/python3.12/site-packages/airflow/example_dags/example_python_operator.py took 0.033 seconds
[2025-02-02T16:13:06.803+0000] {processor.py:161} INFO - Started process (PID=1939) to work on /home/airflow/.local/lib/python3.12/site-packages/airflow/example_dags/example_python_operator.py
[2025-02-02T16:13:06.804+0000] {processor.py:830} INFO - Processing file /home/airflow/.local/lib/python3.12/site-packages/airflow/example_dags/example_python_operator.py for tasks to queue
[2025-02-02T16:13:06.805+0000] {logging_mixin.py:188} INFO - [2025-02-02T16:13:06.805+0000] {dagbag.py:545} INFO - Filling up the DagBag from /home/airflow/.local/lib/python3.12/site-packages/airflow/example_dags/example_python_operator.py
[2025-02-02T16:13:06.811+0000] {processor.py:840} INFO - DAG(s) 'example_python_operator' retrieved from /home/airflow/.local/lib/python3.12/site-packages/airflow/example_dags/example_python_operator.py
[2025-02-02T16:13:06.823+0000] {logging_mixin.py:188} INFO - [2025-02-02T16:13:06.822+0000] {dag.py:3089} INFO - Sync 1 DAGs
[2025-02-02T16:13:06.827+0000] {logging_mixin.py:188} INFO - [2025-02-02T16:13:06.827+0000] {dag.py:3947} INFO - Setting next_dagrun for example_python_operator to None, run_after=None
[2025-02-02T16:13:06.838+0000] {processor.py:183} INFO - Processing /home/airflow/.local/lib/python3.12/site-packages/airflow/example_dags/example_python_operator.py took 0.037 seconds
[2025-02-02T16:13:37.847+0000] {processor.py:161} INFO - Started process (PID=2011) to work on /home/airflow/.local/lib/python3.12/site-packages/airflow/example_dags/example_python_operator.py
[2025-02-02T16:13:37.848+0000] {processor.py:830} INFO - Processing file /home/airflow/.local/lib/python3.12/site-packages/airflow/example_dags/example_python_operator.py for tasks to queue
[2025-02-02T16:13:37.849+0000] {logging_mixin.py:188} INFO - [2025-02-02T16:13:37.848+0000] {dagbag.py:545} INFO - Filling up the DagBag from /home/airflow/.local/lib/python3.12/site-packages/airflow/example_dags/example_python_operator.py
[2025-02-02T16:13:37.856+0000] {processor.py:840} INFO - DAG(s) 'example_python_operator' retrieved from /home/airflow/.local/lib/python3.12/site-packages/airflow/example_dags/example_python_operator.py
[2025-02-02T16:13:37.873+0000] {logging_mixin.py:188} INFO - [2025-02-02T16:13:37.873+0000] {dag.py:3089} INFO - Sync 1 DAGs
[2025-02-02T16:13:37.882+0000] {logging_mixin.py:188} INFO - [2025-02-02T16:13:37.882+0000] {dag.py:3947} INFO - Setting next_dagrun for example_python_operator to None, run_after=None
[2025-02-02T16:13:37.890+0000] {processor.py:183} INFO - Processing /home/airflow/.local/lib/python3.12/site-packages/airflow/example_dags/example_python_operator.py took 0.045 seconds
[2025-02-02T16:14:08.473+0000] {processor.py:161} INFO - Started process (PID=2078) to work on /home/airflow/.local/lib/python3.12/site-packages/airflow/example_dags/example_python_operator.py
[2025-02-02T16:14:08.473+0000] {processor.py:830} INFO - Processing file /home/airflow/.local/lib/python3.12/site-packages/airflow/example_dags/example_python_operator.py for tasks to queue
[2025-02-02T16:14:08.474+0000] {logging_mixin.py:188} INFO - [2025-02-02T16:14:08.474+0000] {dagbag.py:545} INFO - Filling up the DagBag from /home/airflow/.local/lib/python3.12/site-packages/airflow/example_dags/example_python_operator.py
[2025-02-02T16:14:08.479+0000] {processor.py:840} INFO - DAG(s) 'example_python_operator' retrieved from /home/airflow/.local/lib/python3.12/site-packages/airflow/example_dags/example_python_operator.py
[2025-02-02T16:14:08.488+0000] {logging_mixin.py:188} INFO - [2025-02-02T16:14:08.488+0000] {dag.py:3089} INFO - Sync 1 DAGs
[2025-02-02T16:14:08.493+0000] {logging_mixin.py:188} INFO - [2025-02-02T16:14:08.493+0000] {dag.py:3947} INFO - Setting next_dagrun for example_python_operator to None, run_after=None
[2025-02-02T16:14:08.500+0000] {processor.py:183} INFO - Processing /home/airflow/.local/lib/python3.12/site-packages/airflow/example_dags/example_python_operator.py took 0.030 seconds
[2025-02-02T16:14:38.519+0000] {processor.py:161} INFO - Started process (PID=2148) to work on /home/airflow/.local/lib/python3.12/site-packages/airflow/example_dags/example_python_operator.py
[2025-02-02T16:14:38.520+0000] {processor.py:830} INFO - Processing file /home/airflow/.local/lib/python3.12/site-packages/airflow/example_dags/example_python_operator.py for tasks to queue
[2025-02-02T16:14:38.521+0000] {logging_mixin.py:188} INFO - [2025-02-02T16:14:38.520+0000] {dagbag.py:545} INFO - Filling up the DagBag from /home/airflow/.local/lib/python3.12/site-packages/airflow/example_dags/example_python_operator.py
[2025-02-02T16:14:38.527+0000] {processor.py:840} INFO - DAG(s) 'example_python_operator' retrieved from /home/airflow/.local/lib/python3.12/site-packages/airflow/example_dags/example_python_operator.py
[2025-02-02T16:14:38.535+0000] {logging_mixin.py:188} INFO - [2025-02-02T16:14:38.535+0000] {dag.py:3089} INFO - Sync 1 DAGs
[2025-02-02T16:14:38.539+0000] {logging_mixin.py:188} INFO - [2025-02-02T16:14:38.539+0000] {dag.py:3947} INFO - Setting next_dagrun for example_python_operator to None, run_after=None
[2025-02-02T16:14:38.546+0000] {processor.py:183} INFO - Processing /home/airflow/.local/lib/python3.12/site-packages/airflow/example_dags/example_python_operator.py took 0.029 seconds
[2025-02-02T16:15:09.027+0000] {processor.py:161} INFO - Started process (PID=2220) to work on /home/airflow/.local/lib/python3.12/site-packages/airflow/example_dags/example_python_operator.py
[2025-02-02T16:15:09.028+0000] {processor.py:830} INFO - Processing file /home/airflow/.local/lib/python3.12/site-packages/airflow/example_dags/example_python_operator.py for tasks to queue
[2025-02-02T16:15:09.030+0000] {logging_mixin.py:188} INFO - [2025-02-02T16:15:09.030+0000] {dagbag.py:545} INFO - Filling up the DagBag from /home/airflow/.local/lib/python3.12/site-packages/airflow/example_dags/example_python_operator.py
[2025-02-02T16:15:09.040+0000] {processor.py:840} INFO - DAG(s) 'example_python_operator' retrieved from /home/airflow/.local/lib/python3.12/site-packages/airflow/example_dags/example_python_operator.py
[2025-02-02T16:15:09.053+0000] {logging_mixin.py:188} INFO - [2025-02-02T16:15:09.053+0000] {dag.py:3089} INFO - Sync 1 DAGs
[2025-02-02T16:15:09.058+0000] {logging_mixin.py:188} INFO - [2025-02-02T16:15:09.058+0000] {dag.py:3947} INFO - Setting next_dagrun for example_python_operator to None, run_after=None
[2025-02-02T16:15:09.066+0000] {processor.py:183} INFO - Processing /home/airflow/.local/lib/python3.12/site-packages/airflow/example_dags/example_python_operator.py took 0.043 seconds
[2025-02-02T16:15:39.167+0000] {processor.py:161} INFO - Started process (PID=2292) to work on /home/airflow/.local/lib/python3.12/site-packages/airflow/example_dags/example_python_operator.py
[2025-02-02T16:15:39.168+0000] {processor.py:830} INFO - Processing file /home/airflow/.local/lib/python3.12/site-packages/airflow/example_dags/example_python_operator.py for tasks to queue
[2025-02-02T16:15:39.170+0000] {logging_mixin.py:188} INFO - [2025-02-02T16:15:39.170+0000] {dagbag.py:545} INFO - Filling up the DagBag from /home/airflow/.local/lib/python3.12/site-packages/airflow/example_dags/example_python_operator.py
[2025-02-02T16:15:39.175+0000] {processor.py:840} INFO - DAG(s) 'example_python_operator' retrieved from /home/airflow/.local/lib/python3.12/site-packages/airflow/example_dags/example_python_operator.py
[2025-02-02T16:15:39.188+0000] {logging_mixin.py:188} INFO - [2025-02-02T16:15:39.188+0000] {dag.py:3089} INFO - Sync 1 DAGs
[2025-02-02T16:15:39.193+0000] {logging_mixin.py:188} INFO - [2025-02-02T16:15:39.193+0000] {dag.py:3947} INFO - Setting next_dagrun for example_python_operator to None, run_after=None
[2025-02-02T16:15:39.200+0000] {processor.py:183} INFO - Processing /home/airflow/.local/lib/python3.12/site-packages/airflow/example_dags/example_python_operator.py took 0.035 seconds
[2025-02-02T16:16:09.278+0000] {processor.py:161} INFO - Started process (PID=2365) to work on /home/airflow/.local/lib/python3.12/site-packages/airflow/example_dags/example_python_operator.py
[2025-02-02T16:16:09.279+0000] {processor.py:830} INFO - Processing file /home/airflow/.local/lib/python3.12/site-packages/airflow/example_dags/example_python_operator.py for tasks to queue
[2025-02-02T16:16:09.279+0000] {logging_mixin.py:188} INFO - [2025-02-02T16:16:09.279+0000] {dagbag.py:545} INFO - Filling up the DagBag from /home/airflow/.local/lib/python3.12/site-packages/airflow/example_dags/example_python_operator.py
[2025-02-02T16:16:09.285+0000] {processor.py:840} INFO - DAG(s) 'example_python_operator' retrieved from /home/airflow/.local/lib/python3.12/site-packages/airflow/example_dags/example_python_operator.py
[2025-02-02T16:16:09.295+0000] {logging_mixin.py:188} INFO - [2025-02-02T16:16:09.295+0000] {dag.py:3089} INFO - Sync 1 DAGs
[2025-02-02T16:16:09.300+0000] {logging_mixin.py:188} INFO - [2025-02-02T16:16:09.300+0000] {dag.py:3947} INFO - Setting next_dagrun for example_python_operator to None, run_after=None
[2025-02-02T16:16:09.307+0000] {processor.py:183} INFO - Processing /home/airflow/.local/lib/python3.12/site-packages/airflow/example_dags/example_python_operator.py took 0.032 seconds
[2025-02-02T16:16:39.439+0000] {processor.py:161} INFO - Started process (PID=2437) to work on /home/airflow/.local/lib/python3.12/site-packages/airflow/example_dags/example_python_operator.py
[2025-02-02T16:16:39.440+0000] {processor.py:830} INFO - Processing file /home/airflow/.local/lib/python3.12/site-packages/airflow/example_dags/example_python_operator.py for tasks to queue
[2025-02-02T16:16:39.442+0000] {logging_mixin.py:188} INFO - [2025-02-02T16:16:39.442+0000] {dagbag.py:545} INFO - Filling up the DagBag from /home/airflow/.local/lib/python3.12/site-packages/airflow/example_dags/example_python_operator.py
[2025-02-02T16:16:39.447+0000] {processor.py:840} INFO - DAG(s) 'example_python_operator' retrieved from /home/airflow/.local/lib/python3.12/site-packages/airflow/example_dags/example_python_operator.py
[2025-02-02T16:16:39.456+0000] {logging_mixin.py:188} INFO - [2025-02-02T16:16:39.456+0000] {dag.py:3089} INFO - Sync 1 DAGs
[2025-02-02T16:16:39.462+0000] {logging_mixin.py:188} INFO - [2025-02-02T16:16:39.462+0000] {dag.py:3947} INFO - Setting next_dagrun for example_python_operator to None, run_after=None
[2025-02-02T16:16:39.468+0000] {processor.py:183} INFO - Processing /home/airflow/.local/lib/python3.12/site-packages/airflow/example_dags/example_python_operator.py took 0.032 seconds
[2025-02-02T16:17:09.977+0000] {processor.py:161} INFO - Started process (PID=2509) to work on /home/airflow/.local/lib/python3.12/site-packages/airflow/example_dags/example_python_operator.py
[2025-02-02T16:17:09.979+0000] {processor.py:830} INFO - Processing file /home/airflow/.local/lib/python3.12/site-packages/airflow/example_dags/example_python_operator.py for tasks to queue
[2025-02-02T16:17:09.980+0000] {logging_mixin.py:188} INFO - [2025-02-02T16:17:09.980+0000] {dagbag.py:545} INFO - Filling up the DagBag from /home/airflow/.local/lib/python3.12/site-packages/airflow/example_dags/example_python_operator.py
[2025-02-02T16:17:09.986+0000] {processor.py:840} INFO - DAG(s) 'example_python_operator' retrieved from /home/airflow/.local/lib/python3.12/site-packages/airflow/example_dags/example_python_operator.py
[2025-02-02T16:17:09.999+0000] {logging_mixin.py:188} INFO - [2025-02-02T16:17:09.998+0000] {dag.py:3089} INFO - Sync 1 DAGs
[2025-02-02T16:17:10.004+0000] {logging_mixin.py:188} INFO - [2025-02-02T16:17:10.004+0000] {dag.py:3947} INFO - Setting next_dagrun for example_python_operator to None, run_after=None
[2025-02-02T16:17:10.011+0000] {processor.py:183} INFO - Processing /home/airflow/.local/lib/python3.12/site-packages/airflow/example_dags/example_python_operator.py took 0.037 seconds
[2025-02-02T16:17:40.673+0000] {processor.py:161} INFO - Started process (PID=2581) to work on /home/airflow/.local/lib/python3.12/site-packages/airflow/example_dags/example_python_operator.py
[2025-02-02T16:17:40.675+0000] {processor.py:830} INFO - Processing file /home/airflow/.local/lib/python3.12/site-packages/airflow/example_dags/example_python_operator.py for tasks to queue
[2025-02-02T16:17:40.676+0000] {logging_mixin.py:188} INFO - [2025-02-02T16:17:40.676+0000] {dagbag.py:545} INFO - Filling up the DagBag from /home/airflow/.local/lib/python3.12/site-packages/airflow/example_dags/example_python_operator.py
[2025-02-02T16:17:40.681+0000] {processor.py:840} INFO - DAG(s) 'example_python_operator' retrieved from /home/airflow/.local/lib/python3.12/site-packages/airflow/example_dags/example_python_operator.py
[2025-02-02T16:17:40.694+0000] {logging_mixin.py:188} INFO - [2025-02-02T16:17:40.694+0000] {dag.py:3089} INFO - Sync 1 DAGs
[2025-02-02T16:17:40.699+0000] {logging_mixin.py:188} INFO - [2025-02-02T16:17:40.699+0000] {dag.py:3947} INFO - Setting next_dagrun for example_python_operator to None, run_after=None
[2025-02-02T16:17:40.709+0000] {processor.py:183} INFO - Processing /home/airflow/.local/lib/python3.12/site-packages/airflow/example_dags/example_python_operator.py took 0.039 seconds
[2025-02-02T16:18:10.971+0000] {processor.py:161} INFO - Started process (PID=2652) to work on /home/airflow/.local/lib/python3.12/site-packages/airflow/example_dags/example_python_operator.py
[2025-02-02T16:18:10.971+0000] {processor.py:830} INFO - Processing file /home/airflow/.local/lib/python3.12/site-packages/airflow/example_dags/example_python_operator.py for tasks to queue
[2025-02-02T16:18:10.972+0000] {logging_mixin.py:188} INFO - [2025-02-02T16:18:10.972+0000] {dagbag.py:545} INFO - Filling up the DagBag from /home/airflow/.local/lib/python3.12/site-packages/airflow/example_dags/example_python_operator.py
[2025-02-02T16:18:10.978+0000] {processor.py:840} INFO - DAG(s) 'example_python_operator' retrieved from /home/airflow/.local/lib/python3.12/site-packages/airflow/example_dags/example_python_operator.py
[2025-02-02T16:18:10.990+0000] {logging_mixin.py:188} INFO - [2025-02-02T16:18:10.990+0000] {dag.py:3089} INFO - Sync 1 DAGs
[2025-02-02T16:18:10.994+0000] {logging_mixin.py:188} INFO - [2025-02-02T16:18:10.994+0000] {dag.py:3947} INFO - Setting next_dagrun for example_python_operator to None, run_after=None
[2025-02-02T16:18:11.002+0000] {processor.py:183} INFO - Processing /home/airflow/.local/lib/python3.12/site-packages/airflow/example_dags/example_python_operator.py took 0.034 seconds
[2025-02-02T16:18:41.528+0000] {processor.py:161} INFO - Started process (PID=2724) to work on /home/airflow/.local/lib/python3.12/site-packages/airflow/example_dags/example_python_operator.py
[2025-02-02T16:18:41.529+0000] {processor.py:830} INFO - Processing file /home/airflow/.local/lib/python3.12/site-packages/airflow/example_dags/example_python_operator.py for tasks to queue
[2025-02-02T16:18:41.530+0000] {logging_mixin.py:188} INFO - [2025-02-02T16:18:41.530+0000] {dagbag.py:545} INFO - Filling up the DagBag from /home/airflow/.local/lib/python3.12/site-packages/airflow/example_dags/example_python_operator.py
[2025-02-02T16:18:41.534+0000] {processor.py:840} INFO - DAG(s) 'example_python_operator' retrieved from /home/airflow/.local/lib/python3.12/site-packages/airflow/example_dags/example_python_operator.py
[2025-02-02T16:18:41.542+0000] {logging_mixin.py:188} INFO - [2025-02-02T16:18:41.542+0000] {dag.py:3089} INFO - Sync 1 DAGs
[2025-02-02T16:18:41.547+0000] {logging_mixin.py:188} INFO - [2025-02-02T16:18:41.547+0000] {dag.py:3947} INFO - Setting next_dagrun for example_python_operator to None, run_after=None
[2025-02-02T16:18:41.553+0000] {processor.py:183} INFO - Processing /home/airflow/.local/lib/python3.12/site-packages/airflow/example_dags/example_python_operator.py took 0.027 seconds
[2025-02-02T16:19:11.886+0000] {processor.py:161} INFO - Started process (PID=2796) to work on /home/airflow/.local/lib/python3.12/site-packages/airflow/example_dags/example_python_operator.py
[2025-02-02T16:19:11.887+0000] {processor.py:830} INFO - Processing file /home/airflow/.local/lib/python3.12/site-packages/airflow/example_dags/example_python_operator.py for tasks to queue
[2025-02-02T16:19:11.888+0000] {logging_mixin.py:188} INFO - [2025-02-02T16:19:11.888+0000] {dagbag.py:545} INFO - Filling up the DagBag from /home/airflow/.local/lib/python3.12/site-packages/airflow/example_dags/example_python_operator.py
[2025-02-02T16:19:11.893+0000] {processor.py:840} INFO - DAG(s) 'example_python_operator' retrieved from /home/airflow/.local/lib/python3.12/site-packages/airflow/example_dags/example_python_operator.py
[2025-02-02T16:19:11.900+0000] {logging_mixin.py:188} INFO - [2025-02-02T16:19:11.900+0000] {dag.py:3089} INFO - Sync 1 DAGs
[2025-02-02T16:19:11.905+0000] {logging_mixin.py:188} INFO - [2025-02-02T16:19:11.905+0000] {dag.py:3947} INFO - Setting next_dagrun for example_python_operator to None, run_after=None
[2025-02-02T16:19:11.911+0000] {processor.py:183} INFO - Processing /home/airflow/.local/lib/python3.12/site-packages/airflow/example_dags/example_python_operator.py took 0.028 seconds
[2025-02-02T16:19:42.363+0000] {processor.py:161} INFO - Started process (PID=2868) to work on /home/airflow/.local/lib/python3.12/site-packages/airflow/example_dags/example_python_operator.py
[2025-02-02T16:19:42.363+0000] {processor.py:830} INFO - Processing file /home/airflow/.local/lib/python3.12/site-packages/airflow/example_dags/example_python_operator.py for tasks to queue
[2025-02-02T16:19:42.364+0000] {logging_mixin.py:188} INFO - [2025-02-02T16:19:42.364+0000] {dagbag.py:545} INFO - Filling up the DagBag from /home/airflow/.local/lib/python3.12/site-packages/airflow/example_dags/example_python_operator.py
[2025-02-02T16:19:42.369+0000] {processor.py:840} INFO - DAG(s) 'example_python_operator' retrieved from /home/airflow/.local/lib/python3.12/site-packages/airflow/example_dags/example_python_operator.py
[2025-02-02T16:19:42.378+0000] {logging_mixin.py:188} INFO - [2025-02-02T16:19:42.378+0000] {dag.py:3089} INFO - Sync 1 DAGs
[2025-02-02T16:19:42.384+0000] {logging_mixin.py:188} INFO - [2025-02-02T16:19:42.384+0000] {dag.py:3947} INFO - Setting next_dagrun for example_python_operator to None, run_after=None
[2025-02-02T16:19:42.394+0000] {processor.py:183} INFO - Processing /home/airflow/.local/lib/python3.12/site-packages/airflow/example_dags/example_python_operator.py took 0.034 seconds
[2025-02-02T16:20:12.721+0000] {processor.py:161} INFO - Started process (PID=2940) to work on /home/airflow/.local/lib/python3.12/site-packages/airflow/example_dags/example_python_operator.py
[2025-02-02T16:20:12.722+0000] {processor.py:830} INFO - Processing file /home/airflow/.local/lib/python3.12/site-packages/airflow/example_dags/example_python_operator.py for tasks to queue
[2025-02-02T16:20:12.723+0000] {logging_mixin.py:188} INFO - [2025-02-02T16:20:12.723+0000] {dagbag.py:545} INFO - Filling up the DagBag from /home/airflow/.local/lib/python3.12/site-packages/airflow/example_dags/example_python_operator.py
[2025-02-02T16:20:12.729+0000] {processor.py:840} INFO - DAG(s) 'example_python_operator' retrieved from /home/airflow/.local/lib/python3.12/site-packages/airflow/example_dags/example_python_operator.py
[2025-02-02T16:20:12.738+0000] {logging_mixin.py:188} INFO - [2025-02-02T16:20:12.738+0000] {dag.py:3089} INFO - Sync 1 DAGs
[2025-02-02T16:20:12.743+0000] {logging_mixin.py:188} INFO - [2025-02-02T16:20:12.743+0000] {dag.py:3947} INFO - Setting next_dagrun for example_python_operator to None, run_after=None
[2025-02-02T16:20:12.749+0000] {processor.py:183} INFO - Processing /home/airflow/.local/lib/python3.12/site-packages/airflow/example_dags/example_python_operator.py took 0.032 seconds
[2025-02-02T16:20:43.680+0000] {processor.py:161} INFO - Started process (PID=3012) to work on /home/airflow/.local/lib/python3.12/site-packages/airflow/example_dags/example_python_operator.py
[2025-02-02T16:20:43.681+0000] {processor.py:830} INFO - Processing file /home/airflow/.local/lib/python3.12/site-packages/airflow/example_dags/example_python_operator.py for tasks to queue
[2025-02-02T16:20:43.682+0000] {logging_mixin.py:188} INFO - [2025-02-02T16:20:43.682+0000] {dagbag.py:545} INFO - Filling up the DagBag from /home/airflow/.local/lib/python3.12/site-packages/airflow/example_dags/example_python_operator.py
[2025-02-02T16:20:43.687+0000] {processor.py:840} INFO - DAG(s) 'example_python_operator' retrieved from /home/airflow/.local/lib/python3.12/site-packages/airflow/example_dags/example_python_operator.py
[2025-02-02T16:20:43.708+0000] {logging_mixin.py:188} INFO - [2025-02-02T16:20:43.707+0000] {dag.py:3089} INFO - Sync 1 DAGs
[2025-02-02T16:20:43.713+0000] {logging_mixin.py:188} INFO - [2025-02-02T16:20:43.713+0000] {dag.py:3947} INFO - Setting next_dagrun for example_python_operator to None, run_after=None
[2025-02-02T16:20:43.721+0000] {processor.py:183} INFO - Processing /home/airflow/.local/lib/python3.12/site-packages/airflow/example_dags/example_python_operator.py took 0.043 seconds
[2025-02-02T16:21:14.386+0000] {processor.py:161} INFO - Started process (PID=3084) to work on /home/airflow/.local/lib/python3.12/site-packages/airflow/example_dags/example_python_operator.py
[2025-02-02T16:21:14.387+0000] {processor.py:830} INFO - Processing file /home/airflow/.local/lib/python3.12/site-packages/airflow/example_dags/example_python_operator.py for tasks to queue
[2025-02-02T16:21:14.389+0000] {logging_mixin.py:188} INFO - [2025-02-02T16:21:14.389+0000] {dagbag.py:545} INFO - Filling up the DagBag from /home/airflow/.local/lib/python3.12/site-packages/airflow/example_dags/example_python_operator.py
[2025-02-02T16:21:14.394+0000] {processor.py:840} INFO - DAG(s) 'example_python_operator' retrieved from /home/airflow/.local/lib/python3.12/site-packages/airflow/example_dags/example_python_operator.py
[2025-02-02T16:21:14.405+0000] {logging_mixin.py:188} INFO - [2025-02-02T16:21:14.405+0000] {dag.py:3089} INFO - Sync 1 DAGs
[2025-02-02T16:21:14.410+0000] {logging_mixin.py:188} INFO - [2025-02-02T16:21:14.410+0000] {dag.py:3947} INFO - Setting next_dagrun for example_python_operator to None, run_after=None
[2025-02-02T16:21:14.419+0000] {processor.py:183} INFO - Processing /home/airflow/.local/lib/python3.12/site-packages/airflow/example_dags/example_python_operator.py took 0.036 seconds
[2025-02-02T16:21:45.429+0000] {processor.py:161} INFO - Started process (PID=3156) to work on /home/airflow/.local/lib/python3.12/site-packages/airflow/example_dags/example_python_operator.py
[2025-02-02T16:21:45.429+0000] {processor.py:830} INFO - Processing file /home/airflow/.local/lib/python3.12/site-packages/airflow/example_dags/example_python_operator.py for tasks to queue
[2025-02-02T16:21:45.430+0000] {logging_mixin.py:188} INFO - [2025-02-02T16:21:45.430+0000] {dagbag.py:545} INFO - Filling up the DagBag from /home/airflow/.local/lib/python3.12/site-packages/airflow/example_dags/example_python_operator.py
[2025-02-02T16:21:45.434+0000] {processor.py:840} INFO - DAG(s) 'example_python_operator' retrieved from /home/airflow/.local/lib/python3.12/site-packages/airflow/example_dags/example_python_operator.py
[2025-02-02T16:21:45.442+0000] {logging_mixin.py:188} INFO - [2025-02-02T16:21:45.442+0000] {dag.py:3089} INFO - Sync 1 DAGs
[2025-02-02T16:21:45.447+0000] {logging_mixin.py:188} INFO - [2025-02-02T16:21:45.447+0000] {dag.py:3947} INFO - Setting next_dagrun for example_python_operator to None, run_after=None
[2025-02-02T16:21:45.453+0000] {processor.py:183} INFO - Processing /home/airflow/.local/lib/python3.12/site-packages/airflow/example_dags/example_python_operator.py took 0.027 seconds
[2025-02-02T16:22:16.409+0000] {processor.py:161} INFO - Started process (PID=3236) to work on /home/airflow/.local/lib/python3.12/site-packages/airflow/example_dags/example_python_operator.py
[2025-02-02T16:22:16.409+0000] {processor.py:830} INFO - Processing file /home/airflow/.local/lib/python3.12/site-packages/airflow/example_dags/example_python_operator.py for tasks to queue
[2025-02-02T16:22:16.410+0000] {logging_mixin.py:188} INFO - [2025-02-02T16:22:16.410+0000] {dagbag.py:545} INFO - Filling up the DagBag from /home/airflow/.local/lib/python3.12/site-packages/airflow/example_dags/example_python_operator.py
[2025-02-02T16:22:16.415+0000] {processor.py:840} INFO - DAG(s) 'example_python_operator' retrieved from /home/airflow/.local/lib/python3.12/site-packages/airflow/example_dags/example_python_operator.py
[2025-02-02T16:22:16.423+0000] {logging_mixin.py:188} INFO - [2025-02-02T16:22:16.423+0000] {dag.py:3089} INFO - Sync 1 DAGs
[2025-02-02T16:22:16.427+0000] {logging_mixin.py:188} INFO - [2025-02-02T16:22:16.427+0000] {dag.py:3947} INFO - Setting next_dagrun for example_python_operator to None, run_after=None
[2025-02-02T16:22:16.433+0000] {processor.py:183} INFO - Processing /home/airflow/.local/lib/python3.12/site-packages/airflow/example_dags/example_python_operator.py took 0.027 seconds
[2025-02-02T16:22:46.643+0000] {processor.py:161} INFO - Started process (PID=3307) to work on /home/airflow/.local/lib/python3.12/site-packages/airflow/example_dags/example_python_operator.py
[2025-02-02T16:22:46.644+0000] {processor.py:830} INFO - Processing file /home/airflow/.local/lib/python3.12/site-packages/airflow/example_dags/example_python_operator.py for tasks to queue
[2025-02-02T16:22:46.644+0000] {logging_mixin.py:188} INFO - [2025-02-02T16:22:46.644+0000] {dagbag.py:545} INFO - Filling up the DagBag from /home/airflow/.local/lib/python3.12/site-packages/airflow/example_dags/example_python_operator.py
[2025-02-02T16:22:46.649+0000] {processor.py:840} INFO - DAG(s) 'example_python_operator' retrieved from /home/airflow/.local/lib/python3.12/site-packages/airflow/example_dags/example_python_operator.py
[2025-02-02T16:22:46.657+0000] {logging_mixin.py:188} INFO - [2025-02-02T16:22:46.657+0000] {dag.py:3089} INFO - Sync 1 DAGs
[2025-02-02T16:22:46.662+0000] {logging_mixin.py:188} INFO - [2025-02-02T16:22:46.662+0000] {dag.py:3947} INFO - Setting next_dagrun for example_python_operator to None, run_after=None
[2025-02-02T16:22:46.669+0000] {processor.py:183} INFO - Processing /home/airflow/.local/lib/python3.12/site-packages/airflow/example_dags/example_python_operator.py took 0.028 seconds
[2025-02-02T16:23:17.470+0000] {processor.py:161} INFO - Started process (PID=3383) to work on /home/airflow/.local/lib/python3.12/site-packages/airflow/example_dags/example_python_operator.py
[2025-02-02T16:23:17.470+0000] {processor.py:830} INFO - Processing file /home/airflow/.local/lib/python3.12/site-packages/airflow/example_dags/example_python_operator.py for tasks to queue
[2025-02-02T16:23:17.471+0000] {logging_mixin.py:188} INFO - [2025-02-02T16:23:17.471+0000] {dagbag.py:545} INFO - Filling up the DagBag from /home/airflow/.local/lib/python3.12/site-packages/airflow/example_dags/example_python_operator.py
[2025-02-02T16:23:17.477+0000] {processor.py:840} INFO - DAG(s) 'example_python_operator' retrieved from /home/airflow/.local/lib/python3.12/site-packages/airflow/example_dags/example_python_operator.py
[2025-02-02T16:23:17.488+0000] {logging_mixin.py:188} INFO - [2025-02-02T16:23:17.488+0000] {dag.py:3089} INFO - Sync 1 DAGs
[2025-02-02T16:23:17.495+0000] {logging_mixin.py:188} INFO - [2025-02-02T16:23:17.495+0000] {dag.py:3947} INFO - Setting next_dagrun for example_python_operator to None, run_after=None
[2025-02-02T16:23:17.505+0000] {processor.py:183} INFO - Processing /home/airflow/.local/lib/python3.12/site-packages/airflow/example_dags/example_python_operator.py took 0.038 seconds
[2025-02-02T16:23:48.333+0000] {processor.py:161} INFO - Started process (PID=3449) to work on /home/airflow/.local/lib/python3.12/site-packages/airflow/example_dags/example_python_operator.py
[2025-02-02T16:23:48.333+0000] {processor.py:830} INFO - Processing file /home/airflow/.local/lib/python3.12/site-packages/airflow/example_dags/example_python_operator.py for tasks to queue
[2025-02-02T16:23:48.334+0000] {logging_mixin.py:188} INFO - [2025-02-02T16:23:48.334+0000] {dagbag.py:545} INFO - Filling up the DagBag from /home/airflow/.local/lib/python3.12/site-packages/airflow/example_dags/example_python_operator.py
[2025-02-02T16:23:48.339+0000] {processor.py:840} INFO - DAG(s) 'example_python_operator' retrieved from /home/airflow/.local/lib/python3.12/site-packages/airflow/example_dags/example_python_operator.py
[2025-02-02T16:23:48.347+0000] {logging_mixin.py:188} INFO - [2025-02-02T16:23:48.347+0000] {dag.py:3089} INFO - Sync 1 DAGs
[2025-02-02T16:23:48.351+0000] {logging_mixin.py:188} INFO - [2025-02-02T16:23:48.351+0000] {dag.py:3947} INFO - Setting next_dagrun for example_python_operator to None, run_after=None
[2025-02-02T16:23:48.358+0000] {processor.py:183} INFO - Processing /home/airflow/.local/lib/python3.12/site-packages/airflow/example_dags/example_python_operator.py took 0.028 seconds
[2025-02-02T16:24:18.451+0000] {processor.py:161} INFO - Started process (PID=3521) to work on /home/airflow/.local/lib/python3.12/site-packages/airflow/example_dags/example_python_operator.py
[2025-02-02T16:24:18.451+0000] {processor.py:830} INFO - Processing file /home/airflow/.local/lib/python3.12/site-packages/airflow/example_dags/example_python_operator.py for tasks to queue
[2025-02-02T16:24:18.452+0000] {logging_mixin.py:188} INFO - [2025-02-02T16:24:18.452+0000] {dagbag.py:545} INFO - Filling up the DagBag from /home/airflow/.local/lib/python3.12/site-packages/airflow/example_dags/example_python_operator.py
[2025-02-02T16:24:18.457+0000] {processor.py:840} INFO - DAG(s) 'example_python_operator' retrieved from /home/airflow/.local/lib/python3.12/site-packages/airflow/example_dags/example_python_operator.py
[2025-02-02T16:24:18.467+0000] {logging_mixin.py:188} INFO - [2025-02-02T16:24:18.467+0000] {dag.py:3089} INFO - Sync 1 DAGs
[2025-02-02T16:24:18.472+0000] {logging_mixin.py:188} INFO - [2025-02-02T16:24:18.472+0000] {dag.py:3947} INFO - Setting next_dagrun for example_python_operator to None, run_after=None
[2025-02-02T16:24:18.479+0000] {processor.py:183} INFO - Processing /home/airflow/.local/lib/python3.12/site-packages/airflow/example_dags/example_python_operator.py took 0.031 seconds
[2025-02-02T16:24:49.093+0000] {processor.py:161} INFO - Started process (PID=3593) to work on /home/airflow/.local/lib/python3.12/site-packages/airflow/example_dags/example_python_operator.py
[2025-02-02T16:24:49.093+0000] {processor.py:830} INFO - Processing file /home/airflow/.local/lib/python3.12/site-packages/airflow/example_dags/example_python_operator.py for tasks to queue
[2025-02-02T16:24:49.094+0000] {logging_mixin.py:188} INFO - [2025-02-02T16:24:49.094+0000] {dagbag.py:545} INFO - Filling up the DagBag from /home/airflow/.local/lib/python3.12/site-packages/airflow/example_dags/example_python_operator.py
[2025-02-02T16:24:49.099+0000] {processor.py:840} INFO - DAG(s) 'example_python_operator' retrieved from /home/airflow/.local/lib/python3.12/site-packages/airflow/example_dags/example_python_operator.py
[2025-02-02T16:24:49.109+0000] {logging_mixin.py:188} INFO - [2025-02-02T16:24:49.109+0000] {dag.py:3089} INFO - Sync 1 DAGs
[2025-02-02T16:24:49.114+0000] {logging_mixin.py:188} INFO - [2025-02-02T16:24:49.114+0000] {dag.py:3947} INFO - Setting next_dagrun for example_python_operator to None, run_after=None
[2025-02-02T16:24:49.120+0000] {processor.py:183} INFO - Processing /home/airflow/.local/lib/python3.12/site-packages/airflow/example_dags/example_python_operator.py took 0.031 seconds
[2025-02-02T16:25:19.367+0000] {processor.py:161} INFO - Started process (PID=3665) to work on /home/airflow/.local/lib/python3.12/site-packages/airflow/example_dags/example_python_operator.py
[2025-02-02T16:25:19.368+0000] {processor.py:830} INFO - Processing file /home/airflow/.local/lib/python3.12/site-packages/airflow/example_dags/example_python_operator.py for tasks to queue
[2025-02-02T16:25:19.369+0000] {logging_mixin.py:188} INFO - [2025-02-02T16:25:19.369+0000] {dagbag.py:545} INFO - Filling up the DagBag from /home/airflow/.local/lib/python3.12/site-packages/airflow/example_dags/example_python_operator.py
[2025-02-02T16:25:19.374+0000] {processor.py:840} INFO - DAG(s) 'example_python_operator' retrieved from /home/airflow/.local/lib/python3.12/site-packages/airflow/example_dags/example_python_operator.py
[2025-02-02T16:25:19.384+0000] {logging_mixin.py:188} INFO - [2025-02-02T16:25:19.384+0000] {dag.py:3089} INFO - Sync 1 DAGs
[2025-02-02T16:25:19.389+0000] {logging_mixin.py:188} INFO - [2025-02-02T16:25:19.389+0000] {dag.py:3947} INFO - Setting next_dagrun for example_python_operator to None, run_after=None
[2025-02-02T16:25:19.396+0000] {processor.py:183} INFO - Processing /home/airflow/.local/lib/python3.12/site-packages/airflow/example_dags/example_python_operator.py took 0.031 seconds
[2025-02-02T16:25:50.211+0000] {processor.py:161} INFO - Started process (PID=3737) to work on /home/airflow/.local/lib/python3.12/site-packages/airflow/example_dags/example_python_operator.py
[2025-02-02T16:25:50.212+0000] {processor.py:830} INFO - Processing file /home/airflow/.local/lib/python3.12/site-packages/airflow/example_dags/example_python_operator.py for tasks to queue
[2025-02-02T16:25:50.213+0000] {logging_mixin.py:188} INFO - [2025-02-02T16:25:50.213+0000] {dagbag.py:545} INFO - Filling up the DagBag from /home/airflow/.local/lib/python3.12/site-packages/airflow/example_dags/example_python_operator.py
[2025-02-02T16:25:50.219+0000] {processor.py:840} INFO - DAG(s) 'example_python_operator' retrieved from /home/airflow/.local/lib/python3.12/site-packages/airflow/example_dags/example_python_operator.py
[2025-02-02T16:25:50.228+0000] {logging_mixin.py:188} INFO - [2025-02-02T16:25:50.228+0000] {dag.py:3089} INFO - Sync 1 DAGs
[2025-02-02T16:25:50.234+0000] {logging_mixin.py:188} INFO - [2025-02-02T16:25:50.234+0000] {dag.py:3947} INFO - Setting next_dagrun for example_python_operator to None, run_after=None
[2025-02-02T16:25:50.241+0000] {processor.py:183} INFO - Processing /home/airflow/.local/lib/python3.12/site-packages/airflow/example_dags/example_python_operator.py took 0.033 seconds
[2025-02-02T16:26:20.355+0000] {processor.py:161} INFO - Started process (PID=3809) to work on /home/airflow/.local/lib/python3.12/site-packages/airflow/example_dags/example_python_operator.py
[2025-02-02T16:26:20.355+0000] {processor.py:830} INFO - Processing file /home/airflow/.local/lib/python3.12/site-packages/airflow/example_dags/example_python_operator.py for tasks to queue
[2025-02-02T16:26:20.356+0000] {logging_mixin.py:188} INFO - [2025-02-02T16:26:20.356+0000] {dagbag.py:545} INFO - Filling up the DagBag from /home/airflow/.local/lib/python3.12/site-packages/airflow/example_dags/example_python_operator.py
[2025-02-02T16:26:20.361+0000] {processor.py:840} INFO - DAG(s) 'example_python_operator' retrieved from /home/airflow/.local/lib/python3.12/site-packages/airflow/example_dags/example_python_operator.py
[2025-02-02T16:26:20.371+0000] {logging_mixin.py:188} INFO - [2025-02-02T16:26:20.371+0000] {dag.py:3089} INFO - Sync 1 DAGs
[2025-02-02T16:26:20.377+0000] {logging_mixin.py:188} INFO - [2025-02-02T16:26:20.377+0000] {dag.py:3947} INFO - Setting next_dagrun for example_python_operator to None, run_after=None
[2025-02-02T16:26:20.385+0000] {processor.py:183} INFO - Processing /home/airflow/.local/lib/python3.12/site-packages/airflow/example_dags/example_python_operator.py took 0.033 seconds
