[2024-08-06T07:37:14.238+0000] {local_task_job_runner.py:120} INFO - ::group::Pre task execution logs
[2024-08-06T07:37:14.253+0000] {taskinstance.py:2076} INFO - Dependencies all met for dep_context=non-requeueable deps ti=<TaskInstance: dag_with_postgres_hooks.featur_engineer manual__2024-08-06T07:36:58.055711+00:00 [queued]>
[2024-08-06T07:37:14.256+0000] {taskinstance.py:2076} INFO - Dependencies all met for dep_context=requeueable deps ti=<TaskInstance: dag_with_postgres_hooks.featur_engineer manual__2024-08-06T07:36:58.055711+00:00 [queued]>
[2024-08-06T07:37:14.256+0000] {taskinstance.py:2306} INFO - Starting attempt 1 of 1
[2024-08-06T07:37:14.263+0000] {taskinstance.py:2330} INFO - Executing <Task(PythonOperator): featur_engineer> on 2024-08-06 07:36:58.055711+00:00
[2024-08-06T07:37:14.268+0000] {warnings.py:112} WARNING - /home/***/.local/lib/python3.12/site-packages/***/task/task_runner/standard_task_runner.py:62: DeprecationWarning: This process (pid=161) is multi-threaded, use of fork() may lead to deadlocks in the child.
  pid = os.fork()

[2024-08-06T07:37:14.269+0000] {standard_task_runner.py:64} INFO - Started process 172 to run task
[2024-08-06T07:37:14.270+0000] {standard_task_runner.py:90} INFO - Running: ['***', 'tasks', 'run', 'dag_with_postgres_hooks', 'featur_engineer', 'manual__2024-08-06T07:36:58.055711+00:00', '--job-id', '812', '--raw', '--subdir', 'DAGS_FOLDER/Stock_pred.py', '--cfg-path', '/tmp/tmpew9jlpcp']
[2024-08-06T07:37:14.270+0000] {standard_task_runner.py:91} INFO - Job 812: Subtask featur_engineer
[2024-08-06T07:37:14.289+0000] {task_command.py:426} INFO - Running <TaskInstance: dag_with_postgres_hooks.featur_engineer manual__2024-08-06T07:36:58.055711+00:00 [running]> on host de0da25eb647
[2024-08-06T07:37:14.324+0000] {taskinstance.py:2648} INFO - Exporting env vars: AIRFLOW_CTX_DAG_EMAIL='***@example.com' AIRFLOW_CTX_DAG_OWNER='***' AIRFLOW_CTX_DAG_ID='dag_with_postgres_hooks' AIRFLOW_CTX_TASK_ID='featur_engineer' AIRFLOW_CTX_EXECUTION_DATE='2024-08-06T07:36:58.055711+00:00' AIRFLOW_CTX_TRY_NUMBER='1' AIRFLOW_CTX_DAG_RUN_ID='manual__2024-08-06T07:36:58.055711+00:00'
[2024-08-06T07:37:14.325+0000] {taskinstance.py:430} INFO - ::endgroup::
[2024-08-06T07:37:14.896+0000] {warnings.py:112} WARNING - /opt/***/dags/Stock_pred.py:234: SettingWithCopyWarning: 
A value is trying to be set on a copy of a slice from a DataFrame

See the caveats in the documentation: https://pandas.pydata.org/pandas-docs/stable/user_guide/indexing.html#returning-a-view-versus-a-copy
  input.drop(columns=["Target","CLOSE_t+1"],inplace=True)

[2024-08-06T07:37:14.903+0000] {python.py:237} INFO - Done. Returned value was: None
[2024-08-06T07:37:14.903+0000] {taskinstance.py:441} INFO - ::group::Post task execution logs
[2024-08-06T07:37:14.906+0000] {taskinstance.py:1206} INFO - Marking task as SUCCESS. dag_id=dag_with_postgres_hooks, task_id=featur_engineer, run_id=manual__2024-08-06T07:36:58.055711+00:00, execution_date=20240806T073658, start_date=20240806T073714, end_date=20240806T073714
[2024-08-06T07:37:14.928+0000] {local_task_job_runner.py:243} INFO - Task exited with return code 0
[2024-08-06T07:37:14.939+0000] {taskinstance.py:3503} INFO - 1 downstream tasks scheduled from follow-on schedule check
[2024-08-06T07:37:14.940+0000] {local_task_job_runner.py:222} INFO - ::endgroup::
