[2025-04-02T19:06:26.324+0000] {processor.py:161} INFO - Started process (PID=96) to work on /home/airflow/.local/lib/python3.12/site-packages/airflow/example_dags/example_bash_operator.py
[2025-04-02T19:06:26.324+0000] {processor.py:830} INFO - Processing file /home/airflow/.local/lib/python3.12/site-packages/airflow/example_dags/example_bash_operator.py for tasks to queue
[2025-04-02T19:06:26.325+0000] {logging_mixin.py:188} INFO - [2025-04-02T19:06:26.325+0000] {dagbag.py:545} INFO - Filling up the DagBag from /home/airflow/.local/lib/python3.12/site-packages/airflow/example_dags/example_bash_operator.py
[2025-04-02T19:06:26.331+0000] {processor.py:840} INFO - DAG(s) 'example_bash_operator' retrieved from /home/airflow/.local/lib/python3.12/site-packages/airflow/example_dags/example_bash_operator.py
[2025-04-02T19:06:26.347+0000] {logging_mixin.py:188} INFO - [2025-04-02T19:06:26.347+0000] {dag.py:3089} INFO - Sync 1 DAGs
[2025-04-02T19:06:26.355+0000] {logging_mixin.py:188} INFO - [2025-04-02T19:06:26.355+0000] {dag.py:3947} INFO - Setting next_dagrun for example_bash_operator to 2025-04-01 00:00:00+00:00, run_after=2025-04-02 00:00:00+00:00
[2025-04-02T19:06:26.362+0000] {processor.py:183} INFO - Processing /home/airflow/.local/lib/python3.12/site-packages/airflow/example_dags/example_bash_operator.py took 0.041 seconds
[2025-04-02T19:06:59.027+0000] {processor.py:161} INFO - Started process (PID=168) to work on /home/airflow/.local/lib/python3.12/site-packages/airflow/example_dags/example_bash_operator.py
[2025-04-02T19:06:59.027+0000] {processor.py:830} INFO - Processing file /home/airflow/.local/lib/python3.12/site-packages/airflow/example_dags/example_bash_operator.py for tasks to queue
[2025-04-02T19:06:59.028+0000] {logging_mixin.py:188} INFO - [2025-04-02T19:06:59.028+0000] {dagbag.py:545} INFO - Filling up the DagBag from /home/airflow/.local/lib/python3.12/site-packages/airflow/example_dags/example_bash_operator.py
[2025-04-02T19:06:59.032+0000] {processor.py:840} INFO - DAG(s) 'example_bash_operator' retrieved from /home/airflow/.local/lib/python3.12/site-packages/airflow/example_dags/example_bash_operator.py
[2025-04-02T19:06:59.043+0000] {logging_mixin.py:188} INFO - [2025-04-02T19:06:59.043+0000] {dag.py:3089} INFO - Sync 1 DAGs
[2025-04-02T19:06:59.052+0000] {logging_mixin.py:188} INFO - [2025-04-02T19:06:59.051+0000] {dag.py:3947} INFO - Setting next_dagrun for example_bash_operator to 2025-04-01 00:00:00+00:00, run_after=2025-04-02 00:00:00+00:00
[2025-04-02T19:06:59.058+0000] {processor.py:183} INFO - Processing /home/airflow/.local/lib/python3.12/site-packages/airflow/example_dags/example_bash_operator.py took 0.034 seconds
[2025-04-02T19:07:32.107+0000] {processor.py:161} INFO - Started process (PID=240) to work on /home/airflow/.local/lib/python3.12/site-packages/airflow/example_dags/example_bash_operator.py
[2025-04-02T19:07:32.109+0000] {processor.py:830} INFO - Processing file /home/airflow/.local/lib/python3.12/site-packages/airflow/example_dags/example_bash_operator.py for tasks to queue
[2025-04-02T19:07:32.110+0000] {logging_mixin.py:188} INFO - [2025-04-02T19:07:32.110+0000] {dagbag.py:545} INFO - Filling up the DagBag from /home/airflow/.local/lib/python3.12/site-packages/airflow/example_dags/example_bash_operator.py
[2025-04-02T19:07:32.115+0000] {processor.py:840} INFO - DAG(s) 'example_bash_operator' retrieved from /home/airflow/.local/lib/python3.12/site-packages/airflow/example_dags/example_bash_operator.py
[2025-04-02T19:07:32.133+0000] {logging_mixin.py:188} INFO - [2025-04-02T19:07:32.132+0000] {dag.py:3089} INFO - Sync 1 DAGs
[2025-04-02T19:07:32.142+0000] {logging_mixin.py:188} INFO - [2025-04-02T19:07:32.142+0000] {dag.py:3947} INFO - Setting next_dagrun for example_bash_operator to 2025-04-01 00:00:00+00:00, run_after=2025-04-02 00:00:00+00:00
[2025-04-02T19:07:32.151+0000] {processor.py:183} INFO - Processing /home/airflow/.local/lib/python3.12/site-packages/airflow/example_dags/example_bash_operator.py took 0.046 seconds
[2025-04-02T19:08:04.384+0000] {processor.py:161} INFO - Started process (PID=312) to work on /home/airflow/.local/lib/python3.12/site-packages/airflow/example_dags/example_bash_operator.py
[2025-04-02T19:08:04.385+0000] {processor.py:830} INFO - Processing file /home/airflow/.local/lib/python3.12/site-packages/airflow/example_dags/example_bash_operator.py for tasks to queue
[2025-04-02T19:08:04.385+0000] {logging_mixin.py:188} INFO - [2025-04-02T19:08:04.385+0000] {dagbag.py:545} INFO - Filling up the DagBag from /home/airflow/.local/lib/python3.12/site-packages/airflow/example_dags/example_bash_operator.py
[2025-04-02T19:08:04.390+0000] {processor.py:840} INFO - DAG(s) 'example_bash_operator' retrieved from /home/airflow/.local/lib/python3.12/site-packages/airflow/example_dags/example_bash_operator.py
[2025-04-02T19:08:04.400+0000] {logging_mixin.py:188} INFO - [2025-04-02T19:08:04.400+0000] {dag.py:3089} INFO - Sync 1 DAGs
[2025-04-02T19:08:04.408+0000] {logging_mixin.py:188} INFO - [2025-04-02T19:08:04.408+0000] {dag.py:3947} INFO - Setting next_dagrun for example_bash_operator to 2025-04-01 00:00:00+00:00, run_after=2025-04-02 00:00:00+00:00
[2025-04-02T19:08:04.414+0000] {processor.py:183} INFO - Processing /home/airflow/.local/lib/python3.12/site-packages/airflow/example_dags/example_bash_operator.py took 0.032 seconds
[2025-04-02T19:08:38.708+0000] {processor.py:161} INFO - Started process (PID=384) to work on /home/airflow/.local/lib/python3.12/site-packages/airflow/example_dags/example_bash_operator.py
[2025-04-02T19:08:38.709+0000] {processor.py:830} INFO - Processing file /home/airflow/.local/lib/python3.12/site-packages/airflow/example_dags/example_bash_operator.py for tasks to queue
[2025-04-02T19:08:38.711+0000] {logging_mixin.py:188} INFO - [2025-04-02T19:08:38.710+0000] {dagbag.py:545} INFO - Filling up the DagBag from /home/airflow/.local/lib/python3.12/site-packages/airflow/example_dags/example_bash_operator.py
[2025-04-02T19:08:38.716+0000] {processor.py:840} INFO - DAG(s) 'example_bash_operator' retrieved from /home/airflow/.local/lib/python3.12/site-packages/airflow/example_dags/example_bash_operator.py
[2025-04-02T19:08:38.727+0000] {logging_mixin.py:188} INFO - [2025-04-02T19:08:38.727+0000] {dag.py:3089} INFO - Sync 1 DAGs
[2025-04-02T19:08:38.737+0000] {logging_mixin.py:188} INFO - [2025-04-02T19:08:38.736+0000] {dag.py:3947} INFO - Setting next_dagrun for example_bash_operator to 2025-04-01 00:00:00+00:00, run_after=2025-04-02 00:00:00+00:00
[2025-04-02T19:08:38.757+0000] {processor.py:183} INFO - Processing /home/airflow/.local/lib/python3.12/site-packages/airflow/example_dags/example_bash_operator.py took 0.054 seconds
[2025-04-02T19:09:10.231+0000] {processor.py:161} INFO - Started process (PID=456) to work on /home/airflow/.local/lib/python3.12/site-packages/airflow/example_dags/example_bash_operator.py
[2025-04-02T19:09:10.232+0000] {processor.py:830} INFO - Processing file /home/airflow/.local/lib/python3.12/site-packages/airflow/example_dags/example_bash_operator.py for tasks to queue
[2025-04-02T19:09:10.233+0000] {logging_mixin.py:188} INFO - [2025-04-02T19:09:10.233+0000] {dagbag.py:545} INFO - Filling up the DagBag from /home/airflow/.local/lib/python3.12/site-packages/airflow/example_dags/example_bash_operator.py
[2025-04-02T19:09:10.239+0000] {processor.py:840} INFO - DAG(s) 'example_bash_operator' retrieved from /home/airflow/.local/lib/python3.12/site-packages/airflow/example_dags/example_bash_operator.py
[2025-04-02T19:09:10.250+0000] {logging_mixin.py:188} INFO - [2025-04-02T19:09:10.250+0000] {dag.py:3089} INFO - Sync 1 DAGs
[2025-04-02T19:09:10.260+0000] {logging_mixin.py:188} INFO - [2025-04-02T19:09:10.259+0000] {dag.py:3947} INFO - Setting next_dagrun for example_bash_operator to 2025-04-01 00:00:00+00:00, run_after=2025-04-02 00:00:00+00:00
[2025-04-02T19:09:10.355+0000] {processor.py:183} INFO - Processing /home/airflow/.local/lib/python3.12/site-packages/airflow/example_dags/example_bash_operator.py took 0.127 seconds
[2025-04-02T19:09:42.291+0000] {processor.py:161} INFO - Started process (PID=528) to work on /home/airflow/.local/lib/python3.12/site-packages/airflow/example_dags/example_bash_operator.py
[2025-04-02T19:09:42.292+0000] {processor.py:830} INFO - Processing file /home/airflow/.local/lib/python3.12/site-packages/airflow/example_dags/example_bash_operator.py for tasks to queue
[2025-04-02T19:09:42.294+0000] {logging_mixin.py:188} INFO - [2025-04-02T19:09:42.293+0000] {dagbag.py:545} INFO - Filling up the DagBag from /home/airflow/.local/lib/python3.12/site-packages/airflow/example_dags/example_bash_operator.py
[2025-04-02T19:09:42.299+0000] {processor.py:840} INFO - DAG(s) 'example_bash_operator' retrieved from /home/airflow/.local/lib/python3.12/site-packages/airflow/example_dags/example_bash_operator.py
[2025-04-02T19:09:42.312+0000] {logging_mixin.py:188} INFO - [2025-04-02T19:09:42.311+0000] {dag.py:3089} INFO - Sync 1 DAGs
[2025-04-02T19:09:42.322+0000] {logging_mixin.py:188} INFO - [2025-04-02T19:09:42.322+0000] {dag.py:3947} INFO - Setting next_dagrun for example_bash_operator to 2025-04-01 00:00:00+00:00, run_after=2025-04-02 00:00:00+00:00
[2025-04-02T19:09:42.331+0000] {processor.py:183} INFO - Processing /home/airflow/.local/lib/python3.12/site-packages/airflow/example_dags/example_bash_operator.py took 0.042 seconds
[2025-04-02T19:10:15.078+0000] {processor.py:161} INFO - Started process (PID=600) to work on /home/airflow/.local/lib/python3.12/site-packages/airflow/example_dags/example_bash_operator.py
[2025-04-02T19:10:15.078+0000] {processor.py:830} INFO - Processing file /home/airflow/.local/lib/python3.12/site-packages/airflow/example_dags/example_bash_operator.py for tasks to queue
[2025-04-02T19:10:15.079+0000] {logging_mixin.py:188} INFO - [2025-04-02T19:10:15.079+0000] {dagbag.py:545} INFO - Filling up the DagBag from /home/airflow/.local/lib/python3.12/site-packages/airflow/example_dags/example_bash_operator.py
[2025-04-02T19:10:15.084+0000] {processor.py:840} INFO - DAG(s) 'example_bash_operator' retrieved from /home/airflow/.local/lib/python3.12/site-packages/airflow/example_dags/example_bash_operator.py
[2025-04-02T19:10:15.093+0000] {logging_mixin.py:188} INFO - [2025-04-02T19:10:15.093+0000] {dag.py:3089} INFO - Sync 1 DAGs
[2025-04-02T19:10:15.101+0000] {logging_mixin.py:188} INFO - [2025-04-02T19:10:15.101+0000] {dag.py:3947} INFO - Setting next_dagrun for example_bash_operator to 2025-04-01 00:00:00+00:00, run_after=2025-04-02 00:00:00+00:00
[2025-04-02T19:10:15.107+0000] {processor.py:183} INFO - Processing /home/airflow/.local/lib/python3.12/site-packages/airflow/example_dags/example_bash_operator.py took 0.032 seconds
[2025-04-02T19:10:48.031+0000] {processor.py:161} INFO - Started process (PID=672) to work on /home/airflow/.local/lib/python3.12/site-packages/airflow/example_dags/example_bash_operator.py
[2025-04-02T19:10:48.032+0000] {processor.py:830} INFO - Processing file /home/airflow/.local/lib/python3.12/site-packages/airflow/example_dags/example_bash_operator.py for tasks to queue
[2025-04-02T19:10:48.033+0000] {logging_mixin.py:188} INFO - [2025-04-02T19:10:48.033+0000] {dagbag.py:545} INFO - Filling up the DagBag from /home/airflow/.local/lib/python3.12/site-packages/airflow/example_dags/example_bash_operator.py
[2025-04-02T19:10:48.038+0000] {processor.py:840} INFO - DAG(s) 'example_bash_operator' retrieved from /home/airflow/.local/lib/python3.12/site-packages/airflow/example_dags/example_bash_operator.py
[2025-04-02T19:10:48.049+0000] {logging_mixin.py:188} INFO - [2025-04-02T19:10:48.049+0000] {dag.py:3089} INFO - Sync 1 DAGs
[2025-04-02T19:10:48.059+0000] {logging_mixin.py:188} INFO - [2025-04-02T19:10:48.059+0000] {dag.py:3947} INFO - Setting next_dagrun for example_bash_operator to 2025-04-01 00:00:00+00:00, run_after=2025-04-02 00:00:00+00:00
[2025-04-02T19:10:48.073+0000] {processor.py:183} INFO - Processing /home/airflow/.local/lib/python3.12/site-packages/airflow/example_dags/example_bash_operator.py took 0.045 seconds
[2025-04-02T19:11:20.848+0000] {processor.py:161} INFO - Started process (PID=744) to work on /home/airflow/.local/lib/python3.12/site-packages/airflow/example_dags/example_bash_operator.py
[2025-04-02T19:11:20.849+0000] {processor.py:830} INFO - Processing file /home/airflow/.local/lib/python3.12/site-packages/airflow/example_dags/example_bash_operator.py for tasks to queue
[2025-04-02T19:11:20.850+0000] {logging_mixin.py:188} INFO - [2025-04-02T19:11:20.849+0000] {dagbag.py:545} INFO - Filling up the DagBag from /home/airflow/.local/lib/python3.12/site-packages/airflow/example_dags/example_bash_operator.py
[2025-04-02T19:11:20.855+0000] {processor.py:840} INFO - DAG(s) 'example_bash_operator' retrieved from /home/airflow/.local/lib/python3.12/site-packages/airflow/example_dags/example_bash_operator.py
[2025-04-02T19:11:20.873+0000] {logging_mixin.py:188} INFO - [2025-04-02T19:11:20.873+0000] {dag.py:3089} INFO - Sync 1 DAGs
[2025-04-02T19:11:20.886+0000] {logging_mixin.py:188} INFO - [2025-04-02T19:11:20.886+0000] {dag.py:3947} INFO - Setting next_dagrun for example_bash_operator to 2025-04-01 00:00:00+00:00, run_after=2025-04-02 00:00:00+00:00
[2025-04-02T19:11:20.894+0000] {processor.py:183} INFO - Processing /home/airflow/.local/lib/python3.12/site-packages/airflow/example_dags/example_bash_operator.py took 0.049 seconds
[2025-04-02T19:11:53.543+0000] {processor.py:161} INFO - Started process (PID=821) to work on /home/airflow/.local/lib/python3.12/site-packages/airflow/example_dags/example_bash_operator.py
[2025-04-02T19:11:53.544+0000] {processor.py:830} INFO - Processing file /home/airflow/.local/lib/python3.12/site-packages/airflow/example_dags/example_bash_operator.py for tasks to queue
[2025-04-02T19:11:53.545+0000] {logging_mixin.py:188} INFO - [2025-04-02T19:11:53.545+0000] {dagbag.py:545} INFO - Filling up the DagBag from /home/airflow/.local/lib/python3.12/site-packages/airflow/example_dags/example_bash_operator.py
[2025-04-02T19:11:53.551+0000] {processor.py:840} INFO - DAG(s) 'example_bash_operator' retrieved from /home/airflow/.local/lib/python3.12/site-packages/airflow/example_dags/example_bash_operator.py
[2025-04-02T19:11:53.566+0000] {logging_mixin.py:188} INFO - [2025-04-02T19:11:53.566+0000] {dag.py:3089} INFO - Sync 1 DAGs
[2025-04-02T19:11:53.577+0000] {logging_mixin.py:188} INFO - [2025-04-02T19:11:53.577+0000] {dag.py:3947} INFO - Setting next_dagrun for example_bash_operator to 2025-04-01 00:00:00+00:00, run_after=2025-04-02 00:00:00+00:00
[2025-04-02T19:11:53.583+0000] {processor.py:183} INFO - Processing /home/airflow/.local/lib/python3.12/site-packages/airflow/example_dags/example_bash_operator.py took 0.043 seconds
[2025-04-02T19:12:26.683+0000] {processor.py:161} INFO - Started process (PID=893) to work on /home/airflow/.local/lib/python3.12/site-packages/airflow/example_dags/example_bash_operator.py
[2025-04-02T19:12:26.685+0000] {processor.py:830} INFO - Processing file /home/airflow/.local/lib/python3.12/site-packages/airflow/example_dags/example_bash_operator.py for tasks to queue
[2025-04-02T19:12:26.687+0000] {logging_mixin.py:188} INFO - [2025-04-02T19:12:26.687+0000] {dagbag.py:545} INFO - Filling up the DagBag from /home/airflow/.local/lib/python3.12/site-packages/airflow/example_dags/example_bash_operator.py
[2025-04-02T19:12:26.692+0000] {processor.py:840} INFO - DAG(s) 'example_bash_operator' retrieved from /home/airflow/.local/lib/python3.12/site-packages/airflow/example_dags/example_bash_operator.py
[2025-04-02T19:12:26.706+0000] {logging_mixin.py:188} INFO - [2025-04-02T19:12:26.705+0000] {dag.py:3089} INFO - Sync 1 DAGs
[2025-04-02T19:12:26.717+0000] {logging_mixin.py:188} INFO - [2025-04-02T19:12:26.717+0000] {dag.py:3947} INFO - Setting next_dagrun for example_bash_operator to 2025-04-01 00:00:00+00:00, run_after=2025-04-02 00:00:00+00:00
[2025-04-02T19:12:26.726+0000] {processor.py:183} INFO - Processing /home/airflow/.local/lib/python3.12/site-packages/airflow/example_dags/example_bash_operator.py took 0.046 seconds
[2025-04-02T19:12:59.649+0000] {processor.py:161} INFO - Started process (PID=965) to work on /home/airflow/.local/lib/python3.12/site-packages/airflow/example_dags/example_bash_operator.py
[2025-04-02T19:12:59.650+0000] {processor.py:830} INFO - Processing file /home/airflow/.local/lib/python3.12/site-packages/airflow/example_dags/example_bash_operator.py for tasks to queue
[2025-04-02T19:12:59.651+0000] {logging_mixin.py:188} INFO - [2025-04-02T19:12:59.651+0000] {dagbag.py:545} INFO - Filling up the DagBag from /home/airflow/.local/lib/python3.12/site-packages/airflow/example_dags/example_bash_operator.py
[2025-04-02T19:12:59.658+0000] {processor.py:840} INFO - DAG(s) 'example_bash_operator' retrieved from /home/airflow/.local/lib/python3.12/site-packages/airflow/example_dags/example_bash_operator.py
[2025-04-02T19:12:59.685+0000] {logging_mixin.py:188} INFO - [2025-04-02T19:12:59.685+0000] {dag.py:3089} INFO - Sync 1 DAGs
[2025-04-02T19:12:59.695+0000] {logging_mixin.py:188} INFO - [2025-04-02T19:12:59.695+0000] {dag.py:3947} INFO - Setting next_dagrun for example_bash_operator to 2025-04-01 00:00:00+00:00, run_after=2025-04-02 00:00:00+00:00
[2025-04-02T19:12:59.709+0000] {processor.py:183} INFO - Processing /home/airflow/.local/lib/python3.12/site-packages/airflow/example_dags/example_bash_operator.py took 0.063 seconds
[2025-04-02T19:13:32.959+0000] {processor.py:161} INFO - Started process (PID=1037) to work on /home/airflow/.local/lib/python3.12/site-packages/airflow/example_dags/example_bash_operator.py
[2025-04-02T19:13:32.960+0000] {processor.py:830} INFO - Processing file /home/airflow/.local/lib/python3.12/site-packages/airflow/example_dags/example_bash_operator.py for tasks to queue
[2025-04-02T19:13:32.963+0000] {logging_mixin.py:188} INFO - [2025-04-02T19:13:32.963+0000] {dagbag.py:545} INFO - Filling up the DagBag from /home/airflow/.local/lib/python3.12/site-packages/airflow/example_dags/example_bash_operator.py
[2025-04-02T19:13:32.971+0000] {processor.py:840} INFO - DAG(s) 'example_bash_operator' retrieved from /home/airflow/.local/lib/python3.12/site-packages/airflow/example_dags/example_bash_operator.py
[2025-04-02T19:13:32.997+0000] {logging_mixin.py:188} INFO - [2025-04-02T19:13:32.997+0000] {dag.py:3089} INFO - Sync 1 DAGs
[2025-04-02T19:13:33.009+0000] {logging_mixin.py:188} INFO - [2025-04-02T19:13:33.009+0000] {dag.py:3947} INFO - Setting next_dagrun for example_bash_operator to 2025-04-01 00:00:00+00:00, run_after=2025-04-02 00:00:00+00:00
[2025-04-02T19:13:33.021+0000] {processor.py:183} INFO - Processing /home/airflow/.local/lib/python3.12/site-packages/airflow/example_dags/example_bash_operator.py took 0.065 seconds
[2025-04-02T19:14:05.218+0000] {processor.py:161} INFO - Started process (PID=1109) to work on /home/airflow/.local/lib/python3.12/site-packages/airflow/example_dags/example_bash_operator.py
[2025-04-02T19:14:05.219+0000] {processor.py:830} INFO - Processing file /home/airflow/.local/lib/python3.12/site-packages/airflow/example_dags/example_bash_operator.py for tasks to queue
[2025-04-02T19:14:05.220+0000] {logging_mixin.py:188} INFO - [2025-04-02T19:14:05.220+0000] {dagbag.py:545} INFO - Filling up the DagBag from /home/airflow/.local/lib/python3.12/site-packages/airflow/example_dags/example_bash_operator.py
[2025-04-02T19:14:05.226+0000] {processor.py:840} INFO - DAG(s) 'example_bash_operator' retrieved from /home/airflow/.local/lib/python3.12/site-packages/airflow/example_dags/example_bash_operator.py
[2025-04-02T19:14:05.241+0000] {logging_mixin.py:188} INFO - [2025-04-02T19:14:05.240+0000] {dag.py:3089} INFO - Sync 1 DAGs
[2025-04-02T19:14:05.252+0000] {logging_mixin.py:188} INFO - [2025-04-02T19:14:05.252+0000] {dag.py:3947} INFO - Setting next_dagrun for example_bash_operator to 2025-04-01 00:00:00+00:00, run_after=2025-04-02 00:00:00+00:00
[2025-04-02T19:14:05.264+0000] {processor.py:183} INFO - Processing /home/airflow/.local/lib/python3.12/site-packages/airflow/example_dags/example_bash_operator.py took 0.048 seconds
[2025-04-02T19:14:38.006+0000] {processor.py:161} INFO - Started process (PID=1181) to work on /home/airflow/.local/lib/python3.12/site-packages/airflow/example_dags/example_bash_operator.py
[2025-04-02T19:14:38.007+0000] {processor.py:830} INFO - Processing file /home/airflow/.local/lib/python3.12/site-packages/airflow/example_dags/example_bash_operator.py for tasks to queue
[2025-04-02T19:14:38.008+0000] {logging_mixin.py:188} INFO - [2025-04-02T19:14:38.008+0000] {dagbag.py:545} INFO - Filling up the DagBag from /home/airflow/.local/lib/python3.12/site-packages/airflow/example_dags/example_bash_operator.py
[2025-04-02T19:14:38.016+0000] {processor.py:840} INFO - DAG(s) 'example_bash_operator' retrieved from /home/airflow/.local/lib/python3.12/site-packages/airflow/example_dags/example_bash_operator.py
[2025-04-02T19:14:38.029+0000] {logging_mixin.py:188} INFO - [2025-04-02T19:14:38.029+0000] {dag.py:3089} INFO - Sync 1 DAGs
[2025-04-02T19:14:38.047+0000] {logging_mixin.py:188} INFO - [2025-04-02T19:14:38.046+0000] {dag.py:3947} INFO - Setting next_dagrun for example_bash_operator to 2025-04-01 00:00:00+00:00, run_after=2025-04-02 00:00:00+00:00
[2025-04-02T19:14:38.056+0000] {processor.py:183} INFO - Processing /home/airflow/.local/lib/python3.12/site-packages/airflow/example_dags/example_bash_operator.py took 0.053 seconds
[2025-04-02T19:15:10.830+0000] {processor.py:161} INFO - Started process (PID=1252) to work on /home/airflow/.local/lib/python3.12/site-packages/airflow/example_dags/example_bash_operator.py
[2025-04-02T19:15:10.831+0000] {processor.py:830} INFO - Processing file /home/airflow/.local/lib/python3.12/site-packages/airflow/example_dags/example_bash_operator.py for tasks to queue
[2025-04-02T19:15:10.832+0000] {logging_mixin.py:188} INFO - [2025-04-02T19:15:10.832+0000] {dagbag.py:545} INFO - Filling up the DagBag from /home/airflow/.local/lib/python3.12/site-packages/airflow/example_dags/example_bash_operator.py
[2025-04-02T19:15:10.838+0000] {processor.py:840} INFO - DAG(s) 'example_bash_operator' retrieved from /home/airflow/.local/lib/python3.12/site-packages/airflow/example_dags/example_bash_operator.py
[2025-04-02T19:15:10.851+0000] {logging_mixin.py:188} INFO - [2025-04-02T19:15:10.851+0000] {dag.py:3089} INFO - Sync 1 DAGs
[2025-04-02T19:15:10.864+0000] {logging_mixin.py:188} INFO - [2025-04-02T19:15:10.864+0000] {dag.py:3947} INFO - Setting next_dagrun for example_bash_operator to 2025-04-01 00:00:00+00:00, run_after=2025-04-02 00:00:00+00:00
[2025-04-02T19:15:10.879+0000] {processor.py:183} INFO - Processing /home/airflow/.local/lib/python3.12/site-packages/airflow/example_dags/example_bash_operator.py took 0.052 seconds
[2025-04-02T19:15:43.520+0000] {processor.py:161} INFO - Started process (PID=1324) to work on /home/airflow/.local/lib/python3.12/site-packages/airflow/example_dags/example_bash_operator.py
[2025-04-02T19:15:43.522+0000] {processor.py:830} INFO - Processing file /home/airflow/.local/lib/python3.12/site-packages/airflow/example_dags/example_bash_operator.py for tasks to queue
[2025-04-02T19:15:43.523+0000] {logging_mixin.py:188} INFO - [2025-04-02T19:15:43.522+0000] {dagbag.py:545} INFO - Filling up the DagBag from /home/airflow/.local/lib/python3.12/site-packages/airflow/example_dags/example_bash_operator.py
[2025-04-02T19:15:43.527+0000] {processor.py:840} INFO - DAG(s) 'example_bash_operator' retrieved from /home/airflow/.local/lib/python3.12/site-packages/airflow/example_dags/example_bash_operator.py
[2025-04-02T19:15:43.544+0000] {logging_mixin.py:188} INFO - [2025-04-02T19:15:43.544+0000] {dag.py:3089} INFO - Sync 1 DAGs
[2025-04-02T19:15:43.554+0000] {logging_mixin.py:188} INFO - [2025-04-02T19:15:43.554+0000] {dag.py:3947} INFO - Setting next_dagrun for example_bash_operator to 2025-04-01 00:00:00+00:00, run_after=2025-04-02 00:00:00+00:00
[2025-04-02T19:15:43.561+0000] {processor.py:183} INFO - Processing /home/airflow/.local/lib/python3.12/site-packages/airflow/example_dags/example_bash_operator.py took 0.044 seconds
[2025-04-02T19:16:16.171+0000] {processor.py:161} INFO - Started process (PID=1395) to work on /home/airflow/.local/lib/python3.12/site-packages/airflow/example_dags/example_bash_operator.py
[2025-04-02T19:16:16.171+0000] {processor.py:830} INFO - Processing file /home/airflow/.local/lib/python3.12/site-packages/airflow/example_dags/example_bash_operator.py for tasks to queue
[2025-04-02T19:16:16.174+0000] {logging_mixin.py:188} INFO - [2025-04-02T19:16:16.173+0000] {dagbag.py:545} INFO - Filling up the DagBag from /home/airflow/.local/lib/python3.12/site-packages/airflow/example_dags/example_bash_operator.py
[2025-04-02T19:16:16.178+0000] {processor.py:840} INFO - DAG(s) 'example_bash_operator' retrieved from /home/airflow/.local/lib/python3.12/site-packages/airflow/example_dags/example_bash_operator.py
[2025-04-02T19:16:16.195+0000] {logging_mixin.py:188} INFO - [2025-04-02T19:16:16.195+0000] {dag.py:3089} INFO - Sync 1 DAGs
[2025-04-02T19:16:16.206+0000] {logging_mixin.py:188} INFO - [2025-04-02T19:16:16.205+0000] {dag.py:3947} INFO - Setting next_dagrun for example_bash_operator to 2025-04-01 00:00:00+00:00, run_after=2025-04-02 00:00:00+00:00
[2025-04-02T19:16:16.216+0000] {processor.py:183} INFO - Processing /home/airflow/.local/lib/python3.12/site-packages/airflow/example_dags/example_bash_operator.py took 0.047 seconds
[2025-04-02T19:16:49.258+0000] {processor.py:161} INFO - Started process (PID=1467) to work on /home/airflow/.local/lib/python3.12/site-packages/airflow/example_dags/example_bash_operator.py
[2025-04-02T19:16:49.258+0000] {processor.py:830} INFO - Processing file /home/airflow/.local/lib/python3.12/site-packages/airflow/example_dags/example_bash_operator.py for tasks to queue
[2025-04-02T19:16:49.259+0000] {logging_mixin.py:188} INFO - [2025-04-02T19:16:49.259+0000] {dagbag.py:545} INFO - Filling up the DagBag from /home/airflow/.local/lib/python3.12/site-packages/airflow/example_dags/example_bash_operator.py
[2025-04-02T19:16:49.266+0000] {processor.py:840} INFO - DAG(s) 'example_bash_operator' retrieved from /home/airflow/.local/lib/python3.12/site-packages/airflow/example_dags/example_bash_operator.py
[2025-04-02T19:16:49.282+0000] {logging_mixin.py:188} INFO - [2025-04-02T19:16:49.282+0000] {dag.py:3089} INFO - Sync 1 DAGs
[2025-04-02T19:16:49.293+0000] {logging_mixin.py:188} INFO - [2025-04-02T19:16:49.293+0000] {dag.py:3947} INFO - Setting next_dagrun for example_bash_operator to 2025-04-01 00:00:00+00:00, run_after=2025-04-02 00:00:00+00:00
[2025-04-02T19:16:49.304+0000] {processor.py:183} INFO - Processing /home/airflow/.local/lib/python3.12/site-packages/airflow/example_dags/example_bash_operator.py took 0.050 seconds
[2025-04-02T19:17:22.788+0000] {processor.py:161} INFO - Started process (PID=1538) to work on /home/airflow/.local/lib/python3.12/site-packages/airflow/example_dags/example_bash_operator.py
[2025-04-02T19:17:22.789+0000] {processor.py:830} INFO - Processing file /home/airflow/.local/lib/python3.12/site-packages/airflow/example_dags/example_bash_operator.py for tasks to queue
[2025-04-02T19:17:22.791+0000] {logging_mixin.py:188} INFO - [2025-04-02T19:17:22.791+0000] {dagbag.py:545} INFO - Filling up the DagBag from /home/airflow/.local/lib/python3.12/site-packages/airflow/example_dags/example_bash_operator.py
[2025-04-02T19:17:22.803+0000] {processor.py:840} INFO - DAG(s) 'example_bash_operator' retrieved from /home/airflow/.local/lib/python3.12/site-packages/airflow/example_dags/example_bash_operator.py
[2025-04-02T19:17:22.832+0000] {logging_mixin.py:188} INFO - [2025-04-02T19:17:22.832+0000] {dag.py:3089} INFO - Sync 1 DAGs
[2025-04-02T19:17:22.847+0000] {logging_mixin.py:188} INFO - [2025-04-02T19:17:22.847+0000] {dag.py:3947} INFO - Setting next_dagrun for example_bash_operator to 2025-04-01 00:00:00+00:00, run_after=2025-04-02 00:00:00+00:00
[2025-04-02T19:17:22.864+0000] {processor.py:183} INFO - Processing /home/airflow/.local/lib/python3.12/site-packages/airflow/example_dags/example_bash_operator.py took 0.080 seconds
[2025-04-02T19:17:55.692+0000] {processor.py:161} INFO - Started process (PID=1616) to work on /home/airflow/.local/lib/python3.12/site-packages/airflow/example_dags/example_bash_operator.py
[2025-04-02T19:17:55.693+0000] {processor.py:830} INFO - Processing file /home/airflow/.local/lib/python3.12/site-packages/airflow/example_dags/example_bash_operator.py for tasks to queue
[2025-04-02T19:17:55.697+0000] {logging_mixin.py:188} INFO - [2025-04-02T19:17:55.696+0000] {dagbag.py:545} INFO - Filling up the DagBag from /home/airflow/.local/lib/python3.12/site-packages/airflow/example_dags/example_bash_operator.py
[2025-04-02T19:17:55.703+0000] {processor.py:840} INFO - DAG(s) 'example_bash_operator' retrieved from /home/airflow/.local/lib/python3.12/site-packages/airflow/example_dags/example_bash_operator.py
[2025-04-02T19:17:55.721+0000] {logging_mixin.py:188} INFO - [2025-04-02T19:17:55.721+0000] {dag.py:3089} INFO - Sync 1 DAGs
[2025-04-02T19:17:55.733+0000] {logging_mixin.py:188} INFO - [2025-04-02T19:17:55.732+0000] {dag.py:3947} INFO - Setting next_dagrun for example_bash_operator to 2025-04-01 00:00:00+00:00, run_after=2025-04-02 00:00:00+00:00
[2025-04-02T19:17:55.745+0000] {processor.py:183} INFO - Processing /home/airflow/.local/lib/python3.12/site-packages/airflow/example_dags/example_bash_operator.py took 0.057 seconds
[2025-04-02T19:18:28.079+0000] {processor.py:161} INFO - Started process (PID=1688) to work on /home/airflow/.local/lib/python3.12/site-packages/airflow/example_dags/example_bash_operator.py
[2025-04-02T19:18:28.080+0000] {processor.py:830} INFO - Processing file /home/airflow/.local/lib/python3.12/site-packages/airflow/example_dags/example_bash_operator.py for tasks to queue
[2025-04-02T19:18:28.080+0000] {logging_mixin.py:188} INFO - [2025-04-02T19:18:28.080+0000] {dagbag.py:545} INFO - Filling up the DagBag from /home/airflow/.local/lib/python3.12/site-packages/airflow/example_dags/example_bash_operator.py
[2025-04-02T19:18:28.085+0000] {processor.py:840} INFO - DAG(s) 'example_bash_operator' retrieved from /home/airflow/.local/lib/python3.12/site-packages/airflow/example_dags/example_bash_operator.py
[2025-04-02T19:18:28.095+0000] {logging_mixin.py:188} INFO - [2025-04-02T19:18:28.095+0000] {dag.py:3089} INFO - Sync 1 DAGs
[2025-04-02T19:18:28.103+0000] {logging_mixin.py:188} INFO - [2025-04-02T19:18:28.103+0000] {dag.py:3947} INFO - Setting next_dagrun for example_bash_operator to 2025-04-01 00:00:00+00:00, run_after=2025-04-02 00:00:00+00:00
[2025-04-02T19:18:28.110+0000] {processor.py:183} INFO - Processing /home/airflow/.local/lib/python3.12/site-packages/airflow/example_dags/example_bash_operator.py took 0.033 seconds
[2025-04-02T19:19:00.561+0000] {processor.py:161} INFO - Started process (PID=1760) to work on /home/airflow/.local/lib/python3.12/site-packages/airflow/example_dags/example_bash_operator.py
[2025-04-02T19:19:00.563+0000] {processor.py:830} INFO - Processing file /home/airflow/.local/lib/python3.12/site-packages/airflow/example_dags/example_bash_operator.py for tasks to queue
[2025-04-02T19:19:00.564+0000] {logging_mixin.py:188} INFO - [2025-04-02T19:19:00.564+0000] {dagbag.py:545} INFO - Filling up the DagBag from /home/airflow/.local/lib/python3.12/site-packages/airflow/example_dags/example_bash_operator.py
[2025-04-02T19:19:00.569+0000] {processor.py:840} INFO - DAG(s) 'example_bash_operator' retrieved from /home/airflow/.local/lib/python3.12/site-packages/airflow/example_dags/example_bash_operator.py
[2025-04-02T19:19:00.583+0000] {logging_mixin.py:188} INFO - [2025-04-02T19:19:00.583+0000] {dag.py:3089} INFO - Sync 1 DAGs
[2025-04-02T19:19:00.592+0000] {logging_mixin.py:188} INFO - [2025-04-02T19:19:00.592+0000] {dag.py:3947} INFO - Setting next_dagrun for example_bash_operator to 2025-04-01 00:00:00+00:00, run_after=2025-04-02 00:00:00+00:00
[2025-04-02T19:19:00.601+0000] {processor.py:183} INFO - Processing /home/airflow/.local/lib/python3.12/site-packages/airflow/example_dags/example_bash_operator.py took 0.042 seconds
[2025-04-02T19:19:33.091+0000] {processor.py:161} INFO - Started process (PID=1832) to work on /home/airflow/.local/lib/python3.12/site-packages/airflow/example_dags/example_bash_operator.py
[2025-04-02T19:19:33.091+0000] {processor.py:830} INFO - Processing file /home/airflow/.local/lib/python3.12/site-packages/airflow/example_dags/example_bash_operator.py for tasks to queue
[2025-04-02T19:19:33.092+0000] {logging_mixin.py:188} INFO - [2025-04-02T19:19:33.092+0000] {dagbag.py:545} INFO - Filling up the DagBag from /home/airflow/.local/lib/python3.12/site-packages/airflow/example_dags/example_bash_operator.py
[2025-04-02T19:19:33.098+0000] {processor.py:840} INFO - DAG(s) 'example_bash_operator' retrieved from /home/airflow/.local/lib/python3.12/site-packages/airflow/example_dags/example_bash_operator.py
[2025-04-02T19:19:33.113+0000] {logging_mixin.py:188} INFO - [2025-04-02T19:19:33.112+0000] {dag.py:3089} INFO - Sync 1 DAGs
[2025-04-02T19:19:33.122+0000] {logging_mixin.py:188} INFO - [2025-04-02T19:19:33.122+0000] {dag.py:3947} INFO - Setting next_dagrun for example_bash_operator to 2025-04-01 00:00:00+00:00, run_after=2025-04-02 00:00:00+00:00
[2025-04-02T19:19:33.130+0000] {processor.py:183} INFO - Processing /home/airflow/.local/lib/python3.12/site-packages/airflow/example_dags/example_bash_operator.py took 0.041 seconds
[2025-04-02T19:20:05.564+0000] {processor.py:161} INFO - Started process (PID=1904) to work on /home/airflow/.local/lib/python3.12/site-packages/airflow/example_dags/example_bash_operator.py
[2025-04-02T19:20:05.565+0000] {processor.py:830} INFO - Processing file /home/airflow/.local/lib/python3.12/site-packages/airflow/example_dags/example_bash_operator.py for tasks to queue
[2025-04-02T19:20:05.566+0000] {logging_mixin.py:188} INFO - [2025-04-02T19:20:05.565+0000] {dagbag.py:545} INFO - Filling up the DagBag from /home/airflow/.local/lib/python3.12/site-packages/airflow/example_dags/example_bash_operator.py
[2025-04-02T19:20:05.570+0000] {processor.py:840} INFO - DAG(s) 'example_bash_operator' retrieved from /home/airflow/.local/lib/python3.12/site-packages/airflow/example_dags/example_bash_operator.py
[2025-04-02T19:20:05.580+0000] {logging_mixin.py:188} INFO - [2025-04-02T19:20:05.579+0000] {dag.py:3089} INFO - Sync 1 DAGs
[2025-04-02T19:20:05.588+0000] {logging_mixin.py:188} INFO - [2025-04-02T19:20:05.588+0000] {dag.py:3947} INFO - Setting next_dagrun for example_bash_operator to 2025-04-01 00:00:00+00:00, run_after=2025-04-02 00:00:00+00:00
[2025-04-02T19:20:05.594+0000] {processor.py:183} INFO - Processing /home/airflow/.local/lib/python3.12/site-packages/airflow/example_dags/example_bash_operator.py took 0.032 seconds
[2025-04-02T19:20:38.039+0000] {processor.py:161} INFO - Started process (PID=1976) to work on /home/airflow/.local/lib/python3.12/site-packages/airflow/example_dags/example_bash_operator.py
[2025-04-02T19:20:38.039+0000] {processor.py:830} INFO - Processing file /home/airflow/.local/lib/python3.12/site-packages/airflow/example_dags/example_bash_operator.py for tasks to queue
[2025-04-02T19:20:38.040+0000] {logging_mixin.py:188} INFO - [2025-04-02T19:20:38.039+0000] {dagbag.py:545} INFO - Filling up the DagBag from /home/airflow/.local/lib/python3.12/site-packages/airflow/example_dags/example_bash_operator.py
[2025-04-02T19:20:38.044+0000] {processor.py:840} INFO - DAG(s) 'example_bash_operator' retrieved from /home/airflow/.local/lib/python3.12/site-packages/airflow/example_dags/example_bash_operator.py
[2025-04-02T19:20:38.054+0000] {logging_mixin.py:188} INFO - [2025-04-02T19:20:38.054+0000] {dag.py:3089} INFO - Sync 1 DAGs
[2025-04-02T19:20:38.062+0000] {logging_mixin.py:188} INFO - [2025-04-02T19:20:38.062+0000] {dag.py:3947} INFO - Setting next_dagrun for example_bash_operator to 2025-04-01 00:00:00+00:00, run_after=2025-04-02 00:00:00+00:00
[2025-04-02T19:20:38.068+0000] {processor.py:183} INFO - Processing /home/airflow/.local/lib/python3.12/site-packages/airflow/example_dags/example_bash_operator.py took 0.032 seconds
[2025-04-02T19:21:10.536+0000] {processor.py:161} INFO - Started process (PID=2048) to work on /home/airflow/.local/lib/python3.12/site-packages/airflow/example_dags/example_bash_operator.py
[2025-04-02T19:21:10.536+0000] {processor.py:830} INFO - Processing file /home/airflow/.local/lib/python3.12/site-packages/airflow/example_dags/example_bash_operator.py for tasks to queue
[2025-04-02T19:21:10.537+0000] {logging_mixin.py:188} INFO - [2025-04-02T19:21:10.536+0000] {dagbag.py:545} INFO - Filling up the DagBag from /home/airflow/.local/lib/python3.12/site-packages/airflow/example_dags/example_bash_operator.py
[2025-04-02T19:21:10.541+0000] {processor.py:840} INFO - DAG(s) 'example_bash_operator' retrieved from /home/airflow/.local/lib/python3.12/site-packages/airflow/example_dags/example_bash_operator.py
[2025-04-02T19:21:10.551+0000] {logging_mixin.py:188} INFO - [2025-04-02T19:21:10.551+0000] {dag.py:3089} INFO - Sync 1 DAGs
[2025-04-02T19:21:10.559+0000] {logging_mixin.py:188} INFO - [2025-04-02T19:21:10.559+0000] {dag.py:3947} INFO - Setting next_dagrun for example_bash_operator to 2025-04-01 00:00:00+00:00, run_after=2025-04-02 00:00:00+00:00
[2025-04-02T19:21:10.566+0000] {processor.py:183} INFO - Processing /home/airflow/.local/lib/python3.12/site-packages/airflow/example_dags/example_bash_operator.py took 0.033 seconds
[2025-04-02T19:21:43.035+0000] {processor.py:161} INFO - Started process (PID=2119) to work on /home/airflow/.local/lib/python3.12/site-packages/airflow/example_dags/example_bash_operator.py
[2025-04-02T19:21:43.038+0000] {processor.py:830} INFO - Processing file /home/airflow/.local/lib/python3.12/site-packages/airflow/example_dags/example_bash_operator.py for tasks to queue
[2025-04-02T19:21:43.039+0000] {logging_mixin.py:188} INFO - [2025-04-02T19:21:43.039+0000] {dagbag.py:545} INFO - Filling up the DagBag from /home/airflow/.local/lib/python3.12/site-packages/airflow/example_dags/example_bash_operator.py
[2025-04-02T19:21:43.044+0000] {processor.py:840} INFO - DAG(s) 'example_bash_operator' retrieved from /home/airflow/.local/lib/python3.12/site-packages/airflow/example_dags/example_bash_operator.py
[2025-04-02T19:21:43.055+0000] {logging_mixin.py:188} INFO - [2025-04-02T19:21:43.055+0000] {dag.py:3089} INFO - Sync 1 DAGs
[2025-04-02T19:21:43.067+0000] {logging_mixin.py:188} INFO - [2025-04-02T19:21:43.067+0000] {dag.py:3947} INFO - Setting next_dagrun for example_bash_operator to 2025-04-01 00:00:00+00:00, run_after=2025-04-02 00:00:00+00:00
[2025-04-02T19:21:43.074+0000] {processor.py:183} INFO - Processing /home/airflow/.local/lib/python3.12/site-packages/airflow/example_dags/example_bash_operator.py took 0.042 seconds
[2025-04-02T19:22:15.487+0000] {processor.py:161} INFO - Started process (PID=2191) to work on /home/airflow/.local/lib/python3.12/site-packages/airflow/example_dags/example_bash_operator.py
[2025-04-02T19:22:15.489+0000] {processor.py:830} INFO - Processing file /home/airflow/.local/lib/python3.12/site-packages/airflow/example_dags/example_bash_operator.py for tasks to queue
[2025-04-02T19:22:15.489+0000] {logging_mixin.py:188} INFO - [2025-04-02T19:22:15.489+0000] {dagbag.py:545} INFO - Filling up the DagBag from /home/airflow/.local/lib/python3.12/site-packages/airflow/example_dags/example_bash_operator.py
[2025-04-02T19:22:15.495+0000] {processor.py:840} INFO - DAG(s) 'example_bash_operator' retrieved from /home/airflow/.local/lib/python3.12/site-packages/airflow/example_dags/example_bash_operator.py
[2025-04-02T19:22:15.508+0000] {logging_mixin.py:188} INFO - [2025-04-02T19:22:15.508+0000] {dag.py:3089} INFO - Sync 1 DAGs
[2025-04-02T19:22:15.517+0000] {logging_mixin.py:188} INFO - [2025-04-02T19:22:15.517+0000] {dag.py:3947} INFO - Setting next_dagrun for example_bash_operator to 2025-04-01 00:00:00+00:00, run_after=2025-04-02 00:00:00+00:00
[2025-04-02T19:22:15.526+0000] {processor.py:183} INFO - Processing /home/airflow/.local/lib/python3.12/site-packages/airflow/example_dags/example_bash_operator.py took 0.041 seconds
[2025-04-02T19:22:48.150+0000] {processor.py:161} INFO - Started process (PID=2263) to work on /home/airflow/.local/lib/python3.12/site-packages/airflow/example_dags/example_bash_operator.py
[2025-04-02T19:22:48.150+0000] {processor.py:830} INFO - Processing file /home/airflow/.local/lib/python3.12/site-packages/airflow/example_dags/example_bash_operator.py for tasks to queue
[2025-04-02T19:22:48.152+0000] {logging_mixin.py:188} INFO - [2025-04-02T19:22:48.151+0000] {dagbag.py:545} INFO - Filling up the DagBag from /home/airflow/.local/lib/python3.12/site-packages/airflow/example_dags/example_bash_operator.py
[2025-04-02T19:22:48.157+0000] {processor.py:840} INFO - DAG(s) 'example_bash_operator' retrieved from /home/airflow/.local/lib/python3.12/site-packages/airflow/example_dags/example_bash_operator.py
[2025-04-02T19:22:48.171+0000] {logging_mixin.py:188} INFO - [2025-04-02T19:22:48.171+0000] {dag.py:3089} INFO - Sync 1 DAGs
[2025-04-02T19:22:48.183+0000] {logging_mixin.py:188} INFO - [2025-04-02T19:22:48.183+0000] {dag.py:3947} INFO - Setting next_dagrun for example_bash_operator to 2025-04-01 00:00:00+00:00, run_after=2025-04-02 00:00:00+00:00
[2025-04-02T19:22:48.199+0000] {processor.py:183} INFO - Processing /home/airflow/.local/lib/python3.12/site-packages/airflow/example_dags/example_bash_operator.py took 0.055 seconds
[2025-04-02T19:23:20.957+0000] {processor.py:161} INFO - Started process (PID=2335) to work on /home/airflow/.local/lib/python3.12/site-packages/airflow/example_dags/example_bash_operator.py
[2025-04-02T19:23:20.958+0000] {processor.py:830} INFO - Processing file /home/airflow/.local/lib/python3.12/site-packages/airflow/example_dags/example_bash_operator.py for tasks to queue
[2025-04-02T19:23:20.958+0000] {logging_mixin.py:188} INFO - [2025-04-02T19:23:20.958+0000] {dagbag.py:545} INFO - Filling up the DagBag from /home/airflow/.local/lib/python3.12/site-packages/airflow/example_dags/example_bash_operator.py
[2025-04-02T19:23:20.963+0000] {processor.py:840} INFO - DAG(s) 'example_bash_operator' retrieved from /home/airflow/.local/lib/python3.12/site-packages/airflow/example_dags/example_bash_operator.py
[2025-04-02T19:23:20.972+0000] {logging_mixin.py:188} INFO - [2025-04-02T19:23:20.972+0000] {dag.py:3089} INFO - Sync 1 DAGs
[2025-04-02T19:23:20.980+0000] {logging_mixin.py:188} INFO - [2025-04-02T19:23:20.980+0000] {dag.py:3947} INFO - Setting next_dagrun for example_bash_operator to 2025-04-01 00:00:00+00:00, run_after=2025-04-02 00:00:00+00:00
[2025-04-02T19:23:20.987+0000] {processor.py:183} INFO - Processing /home/airflow/.local/lib/python3.12/site-packages/airflow/example_dags/example_bash_operator.py took 0.032 seconds
[2025-04-02T19:23:53.438+0000] {processor.py:161} INFO - Started process (PID=2407) to work on /home/airflow/.local/lib/python3.12/site-packages/airflow/example_dags/example_bash_operator.py
[2025-04-02T19:23:53.440+0000] {processor.py:830} INFO - Processing file /home/airflow/.local/lib/python3.12/site-packages/airflow/example_dags/example_bash_operator.py for tasks to queue
[2025-04-02T19:23:53.441+0000] {logging_mixin.py:188} INFO - [2025-04-02T19:23:53.441+0000] {dagbag.py:545} INFO - Filling up the DagBag from /home/airflow/.local/lib/python3.12/site-packages/airflow/example_dags/example_bash_operator.py
[2025-04-02T19:23:53.445+0000] {processor.py:840} INFO - DAG(s) 'example_bash_operator' retrieved from /home/airflow/.local/lib/python3.12/site-packages/airflow/example_dags/example_bash_operator.py
[2025-04-02T19:23:53.459+0000] {logging_mixin.py:188} INFO - [2025-04-02T19:23:53.459+0000] {dag.py:3089} INFO - Sync 1 DAGs
[2025-04-02T19:23:53.472+0000] {logging_mixin.py:188} INFO - [2025-04-02T19:23:53.472+0000] {dag.py:3947} INFO - Setting next_dagrun for example_bash_operator to 2025-04-01 00:00:00+00:00, run_after=2025-04-02 00:00:00+00:00
[2025-04-02T19:23:53.480+0000] {processor.py:183} INFO - Processing /home/airflow/.local/lib/python3.12/site-packages/airflow/example_dags/example_bash_operator.py took 0.045 seconds
[2025-04-02T19:24:25.979+0000] {processor.py:161} INFO - Started process (PID=2485) to work on /home/airflow/.local/lib/python3.12/site-packages/airflow/example_dags/example_bash_operator.py
[2025-04-02T19:24:25.979+0000] {processor.py:830} INFO - Processing file /home/airflow/.local/lib/python3.12/site-packages/airflow/example_dags/example_bash_operator.py for tasks to queue
[2025-04-02T19:24:25.980+0000] {logging_mixin.py:188} INFO - [2025-04-02T19:24:25.980+0000] {dagbag.py:545} INFO - Filling up the DagBag from /home/airflow/.local/lib/python3.12/site-packages/airflow/example_dags/example_bash_operator.py
[2025-04-02T19:24:25.986+0000] {processor.py:840} INFO - DAG(s) 'example_bash_operator' retrieved from /home/airflow/.local/lib/python3.12/site-packages/airflow/example_dags/example_bash_operator.py
[2025-04-02T19:24:26.000+0000] {logging_mixin.py:188} INFO - [2025-04-02T19:24:26.000+0000] {dag.py:3089} INFO - Sync 1 DAGs
[2025-04-02T19:24:26.009+0000] {logging_mixin.py:188} INFO - [2025-04-02T19:24:26.009+0000] {dag.py:3947} INFO - Setting next_dagrun for example_bash_operator to 2025-04-01 00:00:00+00:00, run_after=2025-04-02 00:00:00+00:00
[2025-04-02T19:24:26.017+0000] {processor.py:183} INFO - Processing /home/airflow/.local/lib/python3.12/site-packages/airflow/example_dags/example_bash_operator.py took 0.041 seconds
[2025-04-02T19:24:59.240+0000] {processor.py:161} INFO - Started process (PID=2557) to work on /home/airflow/.local/lib/python3.12/site-packages/airflow/example_dags/example_bash_operator.py
[2025-04-02T19:24:59.240+0000] {processor.py:830} INFO - Processing file /home/airflow/.local/lib/python3.12/site-packages/airflow/example_dags/example_bash_operator.py for tasks to queue
[2025-04-02T19:24:59.241+0000] {logging_mixin.py:188} INFO - [2025-04-02T19:24:59.241+0000] {dagbag.py:545} INFO - Filling up the DagBag from /home/airflow/.local/lib/python3.12/site-packages/airflow/example_dags/example_bash_operator.py
[2025-04-02T19:24:59.249+0000] {processor.py:840} INFO - DAG(s) 'example_bash_operator' retrieved from /home/airflow/.local/lib/python3.12/site-packages/airflow/example_dags/example_bash_operator.py
[2025-04-02T19:24:59.267+0000] {logging_mixin.py:188} INFO - [2025-04-02T19:24:59.267+0000] {dag.py:3089} INFO - Sync 1 DAGs
[2025-04-02T19:24:59.282+0000] {logging_mixin.py:188} INFO - [2025-04-02T19:24:59.282+0000] {dag.py:3947} INFO - Setting next_dagrun for example_bash_operator to 2025-04-01 00:00:00+00:00, run_after=2025-04-02 00:00:00+00:00
[2025-04-02T19:24:59.293+0000] {processor.py:183} INFO - Processing /home/airflow/.local/lib/python3.12/site-packages/airflow/example_dags/example_bash_operator.py took 0.056 seconds
[2025-04-02T19:25:32.430+0000] {processor.py:161} INFO - Started process (PID=2629) to work on /home/airflow/.local/lib/python3.12/site-packages/airflow/example_dags/example_bash_operator.py
[2025-04-02T19:25:32.431+0000] {processor.py:830} INFO - Processing file /home/airflow/.local/lib/python3.12/site-packages/airflow/example_dags/example_bash_operator.py for tasks to queue
[2025-04-02T19:25:32.431+0000] {logging_mixin.py:188} INFO - [2025-04-02T19:25:32.431+0000] {dagbag.py:545} INFO - Filling up the DagBag from /home/airflow/.local/lib/python3.12/site-packages/airflow/example_dags/example_bash_operator.py
[2025-04-02T19:25:32.436+0000] {processor.py:840} INFO - DAG(s) 'example_bash_operator' retrieved from /home/airflow/.local/lib/python3.12/site-packages/airflow/example_dags/example_bash_operator.py
[2025-04-02T19:25:32.451+0000] {logging_mixin.py:188} INFO - [2025-04-02T19:25:32.451+0000] {dag.py:3089} INFO - Sync 1 DAGs
[2025-04-02T19:25:32.462+0000] {logging_mixin.py:188} INFO - [2025-04-02T19:25:32.462+0000] {dag.py:3947} INFO - Setting next_dagrun for example_bash_operator to 2025-04-01 00:00:00+00:00, run_after=2025-04-02 00:00:00+00:00
[2025-04-02T19:25:32.473+0000] {processor.py:183} INFO - Processing /home/airflow/.local/lib/python3.12/site-packages/airflow/example_dags/example_bash_operator.py took 0.046 seconds
[2025-04-02T19:26:04.976+0000] {processor.py:161} INFO - Started process (PID=2701) to work on /home/airflow/.local/lib/python3.12/site-packages/airflow/example_dags/example_bash_operator.py
[2025-04-02T19:26:04.976+0000] {processor.py:830} INFO - Processing file /home/airflow/.local/lib/python3.12/site-packages/airflow/example_dags/example_bash_operator.py for tasks to queue
[2025-04-02T19:26:04.977+0000] {logging_mixin.py:188} INFO - [2025-04-02T19:26:04.977+0000] {dagbag.py:545} INFO - Filling up the DagBag from /home/airflow/.local/lib/python3.12/site-packages/airflow/example_dags/example_bash_operator.py
[2025-04-02T19:26:04.982+0000] {processor.py:840} INFO - DAG(s) 'example_bash_operator' retrieved from /home/airflow/.local/lib/python3.12/site-packages/airflow/example_dags/example_bash_operator.py
[2025-04-02T19:26:04.995+0000] {logging_mixin.py:188} INFO - [2025-04-02T19:26:04.995+0000] {dag.py:3089} INFO - Sync 1 DAGs
[2025-04-02T19:26:05.005+0000] {logging_mixin.py:188} INFO - [2025-04-02T19:26:05.004+0000] {dag.py:3947} INFO - Setting next_dagrun for example_bash_operator to 2025-04-01 00:00:00+00:00, run_after=2025-04-02 00:00:00+00:00
[2025-04-02T19:26:05.013+0000] {processor.py:183} INFO - Processing /home/airflow/.local/lib/python3.12/site-packages/airflow/example_dags/example_bash_operator.py took 0.039 seconds
[2025-04-02T19:26:37.511+0000] {processor.py:161} INFO - Started process (PID=2773) to work on /home/airflow/.local/lib/python3.12/site-packages/airflow/example_dags/example_bash_operator.py
[2025-04-02T19:26:37.512+0000] {processor.py:830} INFO - Processing file /home/airflow/.local/lib/python3.12/site-packages/airflow/example_dags/example_bash_operator.py for tasks to queue
[2025-04-02T19:26:37.512+0000] {logging_mixin.py:188} INFO - [2025-04-02T19:26:37.512+0000] {dagbag.py:545} INFO - Filling up the DagBag from /home/airflow/.local/lib/python3.12/site-packages/airflow/example_dags/example_bash_operator.py
[2025-04-02T19:26:37.517+0000] {processor.py:840} INFO - DAG(s) 'example_bash_operator' retrieved from /home/airflow/.local/lib/python3.12/site-packages/airflow/example_dags/example_bash_operator.py
[2025-04-02T19:26:37.527+0000] {logging_mixin.py:188} INFO - [2025-04-02T19:26:37.526+0000] {dag.py:3089} INFO - Sync 1 DAGs
[2025-04-02T19:26:37.534+0000] {logging_mixin.py:188} INFO - [2025-04-02T19:26:37.534+0000] {dag.py:3947} INFO - Setting next_dagrun for example_bash_operator to 2025-04-01 00:00:00+00:00, run_after=2025-04-02 00:00:00+00:00
[2025-04-02T19:26:37.541+0000] {processor.py:183} INFO - Processing /home/airflow/.local/lib/python3.12/site-packages/airflow/example_dags/example_bash_operator.py took 0.032 seconds
[2025-04-02T19:27:10.008+0000] {processor.py:161} INFO - Started process (PID=2844) to work on /home/airflow/.local/lib/python3.12/site-packages/airflow/example_dags/example_bash_operator.py
[2025-04-02T19:27:10.009+0000] {processor.py:830} INFO - Processing file /home/airflow/.local/lib/python3.12/site-packages/airflow/example_dags/example_bash_operator.py for tasks to queue
[2025-04-02T19:27:10.010+0000] {logging_mixin.py:188} INFO - [2025-04-02T19:27:10.010+0000] {dagbag.py:545} INFO - Filling up the DagBag from /home/airflow/.local/lib/python3.12/site-packages/airflow/example_dags/example_bash_operator.py
[2025-04-02T19:27:10.015+0000] {processor.py:840} INFO - DAG(s) 'example_bash_operator' retrieved from /home/airflow/.local/lib/python3.12/site-packages/airflow/example_dags/example_bash_operator.py
[2025-04-02T19:27:10.026+0000] {logging_mixin.py:188} INFO - [2025-04-02T19:27:10.026+0000] {dag.py:3089} INFO - Sync 1 DAGs
[2025-04-02T19:27:10.036+0000] {logging_mixin.py:188} INFO - [2025-04-02T19:27:10.036+0000] {dag.py:3947} INFO - Setting next_dagrun for example_bash_operator to 2025-04-01 00:00:00+00:00, run_after=2025-04-02 00:00:00+00:00
[2025-04-02T19:27:10.048+0000] {processor.py:183} INFO - Processing /home/airflow/.local/lib/python3.12/site-packages/airflow/example_dags/example_bash_operator.py took 0.042 seconds
[2025-04-02T19:27:42.436+0000] {processor.py:161} INFO - Started process (PID=2916) to work on /home/airflow/.local/lib/python3.12/site-packages/airflow/example_dags/example_bash_operator.py
[2025-04-02T19:27:42.437+0000] {processor.py:830} INFO - Processing file /home/airflow/.local/lib/python3.12/site-packages/airflow/example_dags/example_bash_operator.py for tasks to queue
[2025-04-02T19:27:42.439+0000] {logging_mixin.py:188} INFO - [2025-04-02T19:27:42.439+0000] {dagbag.py:545} INFO - Filling up the DagBag from /home/airflow/.local/lib/python3.12/site-packages/airflow/example_dags/example_bash_operator.py
[2025-04-02T19:27:42.444+0000] {processor.py:840} INFO - DAG(s) 'example_bash_operator' retrieved from /home/airflow/.local/lib/python3.12/site-packages/airflow/example_dags/example_bash_operator.py
[2025-04-02T19:27:42.459+0000] {logging_mixin.py:188} INFO - [2025-04-02T19:27:42.459+0000] {dag.py:3089} INFO - Sync 1 DAGs
[2025-04-02T19:27:42.471+0000] {logging_mixin.py:188} INFO - [2025-04-02T19:27:42.470+0000] {dag.py:3947} INFO - Setting next_dagrun for example_bash_operator to 2025-04-01 00:00:00+00:00, run_after=2025-04-02 00:00:00+00:00
[2025-04-02T19:27:42.483+0000] {processor.py:183} INFO - Processing /home/airflow/.local/lib/python3.12/site-packages/airflow/example_dags/example_bash_operator.py took 0.050 seconds
[2025-04-02T19:28:15.014+0000] {processor.py:161} INFO - Started process (PID=2988) to work on /home/airflow/.local/lib/python3.12/site-packages/airflow/example_dags/example_bash_operator.py
[2025-04-02T19:28:15.015+0000] {processor.py:830} INFO - Processing file /home/airflow/.local/lib/python3.12/site-packages/airflow/example_dags/example_bash_operator.py for tasks to queue
[2025-04-02T19:28:15.015+0000] {logging_mixin.py:188} INFO - [2025-04-02T19:28:15.015+0000] {dagbag.py:545} INFO - Filling up the DagBag from /home/airflow/.local/lib/python3.12/site-packages/airflow/example_dags/example_bash_operator.py
[2025-04-02T19:28:15.020+0000] {processor.py:840} INFO - DAG(s) 'example_bash_operator' retrieved from /home/airflow/.local/lib/python3.12/site-packages/airflow/example_dags/example_bash_operator.py
[2025-04-02T19:28:15.032+0000] {logging_mixin.py:188} INFO - [2025-04-02T19:28:15.032+0000] {dag.py:3089} INFO - Sync 1 DAGs
[2025-04-02T19:28:15.042+0000] {logging_mixin.py:188} INFO - [2025-04-02T19:28:15.041+0000] {dag.py:3947} INFO - Setting next_dagrun for example_bash_operator to 2025-04-01 00:00:00+00:00, run_after=2025-04-02 00:00:00+00:00
[2025-04-02T19:28:15.050+0000] {processor.py:183} INFO - Processing /home/airflow/.local/lib/python3.12/site-packages/airflow/example_dags/example_bash_operator.py took 0.039 seconds
[2025-04-02T19:28:47.419+0000] {processor.py:161} INFO - Started process (PID=3060) to work on /home/airflow/.local/lib/python3.12/site-packages/airflow/example_dags/example_bash_operator.py
[2025-04-02T19:28:47.419+0000] {processor.py:830} INFO - Processing file /home/airflow/.local/lib/python3.12/site-packages/airflow/example_dags/example_bash_operator.py for tasks to queue
[2025-04-02T19:28:47.420+0000] {logging_mixin.py:188} INFO - [2025-04-02T19:28:47.420+0000] {dagbag.py:545} INFO - Filling up the DagBag from /home/airflow/.local/lib/python3.12/site-packages/airflow/example_dags/example_bash_operator.py
[2025-04-02T19:28:47.426+0000] {processor.py:840} INFO - DAG(s) 'example_bash_operator' retrieved from /home/airflow/.local/lib/python3.12/site-packages/airflow/example_dags/example_bash_operator.py
[2025-04-02T19:28:47.439+0000] {logging_mixin.py:188} INFO - [2025-04-02T19:28:47.439+0000] {dag.py:3089} INFO - Sync 1 DAGs
[2025-04-02T19:28:47.451+0000] {logging_mixin.py:188} INFO - [2025-04-02T19:28:47.451+0000] {dag.py:3947} INFO - Setting next_dagrun for example_bash_operator to 2025-04-01 00:00:00+00:00, run_after=2025-04-02 00:00:00+00:00
[2025-04-02T19:28:47.459+0000] {processor.py:183} INFO - Processing /home/airflow/.local/lib/python3.12/site-packages/airflow/example_dags/example_bash_operator.py took 0.042 seconds
[2025-04-02T19:29:20.047+0000] {processor.py:161} INFO - Started process (PID=3132) to work on /home/airflow/.local/lib/python3.12/site-packages/airflow/example_dags/example_bash_operator.py
[2025-04-02T19:29:20.047+0000] {processor.py:830} INFO - Processing file /home/airflow/.local/lib/python3.12/site-packages/airflow/example_dags/example_bash_operator.py for tasks to queue
[2025-04-02T19:29:20.048+0000] {logging_mixin.py:188} INFO - [2025-04-02T19:29:20.048+0000] {dagbag.py:545} INFO - Filling up the DagBag from /home/airflow/.local/lib/python3.12/site-packages/airflow/example_dags/example_bash_operator.py
[2025-04-02T19:29:20.053+0000] {processor.py:840} INFO - DAG(s) 'example_bash_operator' retrieved from /home/airflow/.local/lib/python3.12/site-packages/airflow/example_dags/example_bash_operator.py
[2025-04-02T19:29:20.066+0000] {logging_mixin.py:188} INFO - [2025-04-02T19:29:20.066+0000] {dag.py:3089} INFO - Sync 1 DAGs
[2025-04-02T19:29:20.076+0000] {logging_mixin.py:188} INFO - [2025-04-02T19:29:20.076+0000] {dag.py:3947} INFO - Setting next_dagrun for example_bash_operator to 2025-04-01 00:00:00+00:00, run_after=2025-04-02 00:00:00+00:00
[2025-04-02T19:29:20.087+0000] {processor.py:183} INFO - Processing /home/airflow/.local/lib/python3.12/site-packages/airflow/example_dags/example_bash_operator.py took 0.043 seconds
[2025-04-02T19:29:52.804+0000] {processor.py:161} INFO - Started process (PID=3204) to work on /home/airflow/.local/lib/python3.12/site-packages/airflow/example_dags/example_bash_operator.py
[2025-04-02T19:29:52.805+0000] {processor.py:830} INFO - Processing file /home/airflow/.local/lib/python3.12/site-packages/airflow/example_dags/example_bash_operator.py for tasks to queue
[2025-04-02T19:29:52.807+0000] {logging_mixin.py:188} INFO - [2025-04-02T19:29:52.807+0000] {dagbag.py:545} INFO - Filling up the DagBag from /home/airflow/.local/lib/python3.12/site-packages/airflow/example_dags/example_bash_operator.py
[2025-04-02T19:29:52.814+0000] {processor.py:840} INFO - DAG(s) 'example_bash_operator' retrieved from /home/airflow/.local/lib/python3.12/site-packages/airflow/example_dags/example_bash_operator.py
[2025-04-02T19:29:52.832+0000] {logging_mixin.py:188} INFO - [2025-04-02T19:29:52.831+0000] {dag.py:3089} INFO - Sync 1 DAGs
[2025-04-02T19:29:52.843+0000] {logging_mixin.py:188} INFO - [2025-04-02T19:29:52.842+0000] {dag.py:3947} INFO - Setting next_dagrun for example_bash_operator to 2025-04-01 00:00:00+00:00, run_after=2025-04-02 00:00:00+00:00
[2025-04-02T19:29:52.865+0000] {processor.py:183} INFO - Processing /home/airflow/.local/lib/python3.12/site-packages/airflow/example_dags/example_bash_operator.py took 0.064 seconds
