[2025-04-02T19:06:26.937+0000] {processor.py:161} INFO - Started process (PID=112) to work on /home/airflow/.local/lib/python3.12/site-packages/airflow/example_dags/example_latest_only.py
[2025-04-02T19:06:26.940+0000] {processor.py:830} INFO - Processing file /home/airflow/.local/lib/python3.12/site-packages/airflow/example_dags/example_latest_only.py for tasks to queue
[2025-04-02T19:06:26.941+0000] {logging_mixin.py:188} INFO - [2025-04-02T19:06:26.941+0000] {dagbag.py:545} INFO - Filling up the DagBag from /home/airflow/.local/lib/python3.12/site-packages/airflow/example_dags/example_latest_only.py
[2025-04-02T19:06:26.944+0000] {processor.py:840} INFO - DAG(s) 'latest_only' retrieved from /home/airflow/.local/lib/python3.12/site-packages/airflow/example_dags/example_latest_only.py
[2025-04-02T19:06:26.957+0000] {logging_mixin.py:188} INFO - [2025-04-02T19:06:26.957+0000] {dag.py:3089} INFO - Sync 1 DAGs
[2025-04-02T19:06:26.972+0000] {logging_mixin.py:188} INFO - [2025-04-02T19:06:26.972+0000] {dag.py:3947} INFO - Setting next_dagrun for latest_only to 2025-04-02 12:00:00+00:00, run_after=2025-04-02 16:00:00+00:00
[2025-04-02T19:06:26.983+0000] {processor.py:183} INFO - Processing /home/airflow/.local/lib/python3.12/site-packages/airflow/example_dags/example_latest_only.py took 0.050 seconds
[2025-04-02T19:06:59.549+0000] {processor.py:161} INFO - Started process (PID=184) to work on /home/airflow/.local/lib/python3.12/site-packages/airflow/example_dags/example_latest_only.py
[2025-04-02T19:06:59.550+0000] {processor.py:830} INFO - Processing file /home/airflow/.local/lib/python3.12/site-packages/airflow/example_dags/example_latest_only.py for tasks to queue
[2025-04-02T19:06:59.551+0000] {logging_mixin.py:188} INFO - [2025-04-02T19:06:59.551+0000] {dagbag.py:545} INFO - Filling up the DagBag from /home/airflow/.local/lib/python3.12/site-packages/airflow/example_dags/example_latest_only.py
[2025-04-02T19:06:59.554+0000] {processor.py:840} INFO - DAG(s) 'latest_only' retrieved from /home/airflow/.local/lib/python3.12/site-packages/airflow/example_dags/example_latest_only.py
[2025-04-02T19:06:59.564+0000] {logging_mixin.py:188} INFO - [2025-04-02T19:06:59.564+0000] {dag.py:3089} INFO - Sync 1 DAGs
[2025-04-02T19:06:59.577+0000] {logging_mixin.py:188} INFO - [2025-04-02T19:06:59.577+0000] {dag.py:3947} INFO - Setting next_dagrun for latest_only to 2025-04-02 12:00:00+00:00, run_after=2025-04-02 16:00:00+00:00
[2025-04-02T19:06:59.588+0000] {processor.py:183} INFO - Processing /home/airflow/.local/lib/python3.12/site-packages/airflow/example_dags/example_latest_only.py took 0.042 seconds
[2025-04-02T19:07:32.568+0000] {processor.py:161} INFO - Started process (PID=256) to work on /home/airflow/.local/lib/python3.12/site-packages/airflow/example_dags/example_latest_only.py
[2025-04-02T19:07:32.568+0000] {processor.py:830} INFO - Processing file /home/airflow/.local/lib/python3.12/site-packages/airflow/example_dags/example_latest_only.py for tasks to queue
[2025-04-02T19:07:32.569+0000] {logging_mixin.py:188} INFO - [2025-04-02T19:07:32.569+0000] {dagbag.py:545} INFO - Filling up the DagBag from /home/airflow/.local/lib/python3.12/site-packages/airflow/example_dags/example_latest_only.py
[2025-04-02T19:07:32.572+0000] {processor.py:840} INFO - DAG(s) 'latest_only' retrieved from /home/airflow/.local/lib/python3.12/site-packages/airflow/example_dags/example_latest_only.py
[2025-04-02T19:07:32.583+0000] {logging_mixin.py:188} INFO - [2025-04-02T19:07:32.583+0000] {dag.py:3089} INFO - Sync 1 DAGs
[2025-04-02T19:07:32.595+0000] {logging_mixin.py:188} INFO - [2025-04-02T19:07:32.595+0000] {dag.py:3947} INFO - Setting next_dagrun for latest_only to 2025-04-02 12:00:00+00:00, run_after=2025-04-02 16:00:00+00:00
[2025-04-02T19:07:32.605+0000] {processor.py:183} INFO - Processing /home/airflow/.local/lib/python3.12/site-packages/airflow/example_dags/example_latest_only.py took 0.040 seconds
[2025-04-02T19:08:04.935+0000] {processor.py:161} INFO - Started process (PID=328) to work on /home/airflow/.local/lib/python3.12/site-packages/airflow/example_dags/example_latest_only.py
[2025-04-02T19:08:04.936+0000] {processor.py:830} INFO - Processing file /home/airflow/.local/lib/python3.12/site-packages/airflow/example_dags/example_latest_only.py for tasks to queue
[2025-04-02T19:08:04.936+0000] {logging_mixin.py:188} INFO - [2025-04-02T19:08:04.936+0000] {dagbag.py:545} INFO - Filling up the DagBag from /home/airflow/.local/lib/python3.12/site-packages/airflow/example_dags/example_latest_only.py
[2025-04-02T19:08:04.938+0000] {processor.py:840} INFO - DAG(s) 'latest_only' retrieved from /home/airflow/.local/lib/python3.12/site-packages/airflow/example_dags/example_latest_only.py
[2025-04-02T19:08:04.947+0000] {logging_mixin.py:188} INFO - [2025-04-02T19:08:04.947+0000] {dag.py:3089} INFO - Sync 1 DAGs
[2025-04-02T19:08:04.956+0000] {logging_mixin.py:188} INFO - [2025-04-02T19:08:04.956+0000] {dag.py:3947} INFO - Setting next_dagrun for latest_only to 2025-04-02 12:00:00+00:00, run_after=2025-04-02 16:00:00+00:00
[2025-04-02T19:08:04.966+0000] {processor.py:183} INFO - Processing /home/airflow/.local/lib/python3.12/site-packages/airflow/example_dags/example_latest_only.py took 0.033 seconds
[2025-04-02T19:08:39.439+0000] {processor.py:161} INFO - Started process (PID=400) to work on /home/airflow/.local/lib/python3.12/site-packages/airflow/example_dags/example_latest_only.py
[2025-04-02T19:08:39.439+0000] {processor.py:830} INFO - Processing file /home/airflow/.local/lib/python3.12/site-packages/airflow/example_dags/example_latest_only.py for tasks to queue
[2025-04-02T19:08:39.440+0000] {logging_mixin.py:188} INFO - [2025-04-02T19:08:39.440+0000] {dagbag.py:545} INFO - Filling up the DagBag from /home/airflow/.local/lib/python3.12/site-packages/airflow/example_dags/example_latest_only.py
[2025-04-02T19:08:39.442+0000] {processor.py:840} INFO - DAG(s) 'latest_only' retrieved from /home/airflow/.local/lib/python3.12/site-packages/airflow/example_dags/example_latest_only.py
[2025-04-02T19:08:39.453+0000] {logging_mixin.py:188} INFO - [2025-04-02T19:08:39.453+0000] {dag.py:3089} INFO - Sync 1 DAGs
[2025-04-02T19:08:39.462+0000] {logging_mixin.py:188} INFO - [2025-04-02T19:08:39.462+0000] {dag.py:3947} INFO - Setting next_dagrun for latest_only to 2025-04-02 12:00:00+00:00, run_after=2025-04-02 16:00:00+00:00
[2025-04-02T19:08:39.475+0000] {processor.py:183} INFO - Processing /home/airflow/.local/lib/python3.12/site-packages/airflow/example_dags/example_latest_only.py took 0.038 seconds
[2025-04-02T19:09:10.852+0000] {processor.py:161} INFO - Started process (PID=472) to work on /home/airflow/.local/lib/python3.12/site-packages/airflow/example_dags/example_latest_only.py
[2025-04-02T19:09:10.852+0000] {processor.py:830} INFO - Processing file /home/airflow/.local/lib/python3.12/site-packages/airflow/example_dags/example_latest_only.py for tasks to queue
[2025-04-02T19:09:10.853+0000] {logging_mixin.py:188} INFO - [2025-04-02T19:09:10.853+0000] {dagbag.py:545} INFO - Filling up the DagBag from /home/airflow/.local/lib/python3.12/site-packages/airflow/example_dags/example_latest_only.py
[2025-04-02T19:09:10.855+0000] {processor.py:840} INFO - DAG(s) 'latest_only' retrieved from /home/airflow/.local/lib/python3.12/site-packages/airflow/example_dags/example_latest_only.py
[2025-04-02T19:09:10.863+0000] {logging_mixin.py:188} INFO - [2025-04-02T19:09:10.863+0000] {dag.py:3089} INFO - Sync 1 DAGs
[2025-04-02T19:09:10.870+0000] {logging_mixin.py:188} INFO - [2025-04-02T19:09:10.870+0000] {dag.py:3947} INFO - Setting next_dagrun for latest_only to 2025-04-02 12:00:00+00:00, run_after=2025-04-02 16:00:00+00:00
[2025-04-02T19:09:10.876+0000] {processor.py:183} INFO - Processing /home/airflow/.local/lib/python3.12/site-packages/airflow/example_dags/example_latest_only.py took 0.027 seconds
[2025-04-02T19:09:43.317+0000] {processor.py:161} INFO - Started process (PID=544) to work on /home/airflow/.local/lib/python3.12/site-packages/airflow/example_dags/example_latest_only.py
[2025-04-02T19:09:43.317+0000] {processor.py:830} INFO - Processing file /home/airflow/.local/lib/python3.12/site-packages/airflow/example_dags/example_latest_only.py for tasks to queue
[2025-04-02T19:09:43.318+0000] {logging_mixin.py:188} INFO - [2025-04-02T19:09:43.318+0000] {dagbag.py:545} INFO - Filling up the DagBag from /home/airflow/.local/lib/python3.12/site-packages/airflow/example_dags/example_latest_only.py
[2025-04-02T19:09:43.320+0000] {processor.py:840} INFO - DAG(s) 'latest_only' retrieved from /home/airflow/.local/lib/python3.12/site-packages/airflow/example_dags/example_latest_only.py
[2025-04-02T19:09:43.328+0000] {logging_mixin.py:188} INFO - [2025-04-02T19:09:43.328+0000] {dag.py:3089} INFO - Sync 1 DAGs
[2025-04-02T19:09:43.421+0000] {logging_mixin.py:188} INFO - [2025-04-02T19:09:43.420+0000] {dag.py:3947} INFO - Setting next_dagrun for latest_only to 2025-04-02 12:00:00+00:00, run_after=2025-04-02 16:00:00+00:00
[2025-04-02T19:09:43.430+0000] {processor.py:183} INFO - Processing /home/airflow/.local/lib/python3.12/site-packages/airflow/example_dags/example_latest_only.py took 0.115 seconds
[2025-04-02T19:10:15.970+0000] {processor.py:161} INFO - Started process (PID=616) to work on /home/airflow/.local/lib/python3.12/site-packages/airflow/example_dags/example_latest_only.py
[2025-04-02T19:10:15.971+0000] {processor.py:830} INFO - Processing file /home/airflow/.local/lib/python3.12/site-packages/airflow/example_dags/example_latest_only.py for tasks to queue
[2025-04-02T19:10:15.972+0000] {logging_mixin.py:188} INFO - [2025-04-02T19:10:15.972+0000] {dagbag.py:545} INFO - Filling up the DagBag from /home/airflow/.local/lib/python3.12/site-packages/airflow/example_dags/example_latest_only.py
[2025-04-02T19:10:15.975+0000] {processor.py:840} INFO - DAG(s) 'latest_only' retrieved from /home/airflow/.local/lib/python3.12/site-packages/airflow/example_dags/example_latest_only.py
[2025-04-02T19:10:15.983+0000] {logging_mixin.py:188} INFO - [2025-04-02T19:10:15.983+0000] {dag.py:3089} INFO - Sync 1 DAGs
[2025-04-02T19:10:16.065+0000] {logging_mixin.py:188} INFO - [2025-04-02T19:10:16.065+0000] {dag.py:3947} INFO - Setting next_dagrun for latest_only to 2025-04-02 12:00:00+00:00, run_after=2025-04-02 16:00:00+00:00
[2025-04-02T19:10:16.072+0000] {processor.py:183} INFO - Processing /home/airflow/.local/lib/python3.12/site-packages/airflow/example_dags/example_latest_only.py took 0.105 seconds
[2025-04-02T19:10:48.714+0000] {processor.py:161} INFO - Started process (PID=688) to work on /home/airflow/.local/lib/python3.12/site-packages/airflow/example_dags/example_latest_only.py
[2025-04-02T19:10:48.715+0000] {processor.py:830} INFO - Processing file /home/airflow/.local/lib/python3.12/site-packages/airflow/example_dags/example_latest_only.py for tasks to queue
[2025-04-02T19:10:48.716+0000] {logging_mixin.py:188} INFO - [2025-04-02T19:10:48.716+0000] {dagbag.py:545} INFO - Filling up the DagBag from /home/airflow/.local/lib/python3.12/site-packages/airflow/example_dags/example_latest_only.py
[2025-04-02T19:10:48.719+0000] {processor.py:840} INFO - DAG(s) 'latest_only' retrieved from /home/airflow/.local/lib/python3.12/site-packages/airflow/example_dags/example_latest_only.py
[2025-04-02T19:10:48.728+0000] {logging_mixin.py:188} INFO - [2025-04-02T19:10:48.728+0000] {dag.py:3089} INFO - Sync 1 DAGs
[2025-04-02T19:10:48.737+0000] {logging_mixin.py:188} INFO - [2025-04-02T19:10:48.737+0000] {dag.py:3947} INFO - Setting next_dagrun for latest_only to 2025-04-02 12:00:00+00:00, run_after=2025-04-02 16:00:00+00:00
[2025-04-02T19:10:48.813+0000] {processor.py:183} INFO - Processing /home/airflow/.local/lib/python3.12/site-packages/airflow/example_dags/example_latest_only.py took 0.101 seconds
[2025-04-02T19:11:21.319+0000] {processor.py:161} INFO - Started process (PID=760) to work on /home/airflow/.local/lib/python3.12/site-packages/airflow/example_dags/example_latest_only.py
[2025-04-02T19:11:21.320+0000] {processor.py:830} INFO - Processing file /home/airflow/.local/lib/python3.12/site-packages/airflow/example_dags/example_latest_only.py for tasks to queue
[2025-04-02T19:11:21.320+0000] {logging_mixin.py:188} INFO - [2025-04-02T19:11:21.320+0000] {dagbag.py:545} INFO - Filling up the DagBag from /home/airflow/.local/lib/python3.12/site-packages/airflow/example_dags/example_latest_only.py
[2025-04-02T19:11:21.323+0000] {processor.py:840} INFO - DAG(s) 'latest_only' retrieved from /home/airflow/.local/lib/python3.12/site-packages/airflow/example_dags/example_latest_only.py
[2025-04-02T19:11:21.333+0000] {logging_mixin.py:188} INFO - [2025-04-02T19:11:21.333+0000] {dag.py:3089} INFO - Sync 1 DAGs
[2025-04-02T19:11:21.342+0000] {logging_mixin.py:188} INFO - [2025-04-02T19:11:21.342+0000] {dag.py:3947} INFO - Setting next_dagrun for latest_only to 2025-04-02 12:00:00+00:00, run_after=2025-04-02 16:00:00+00:00
[2025-04-02T19:11:21.351+0000] {processor.py:183} INFO - Processing /home/airflow/.local/lib/python3.12/site-packages/airflow/example_dags/example_latest_only.py took 0.034 seconds
[2025-04-02T19:11:53.996+0000] {processor.py:161} INFO - Started process (PID=837) to work on /home/airflow/.local/lib/python3.12/site-packages/airflow/example_dags/example_latest_only.py
[2025-04-02T19:11:53.997+0000] {processor.py:830} INFO - Processing file /home/airflow/.local/lib/python3.12/site-packages/airflow/example_dags/example_latest_only.py for tasks to queue
[2025-04-02T19:11:53.998+0000] {logging_mixin.py:188} INFO - [2025-04-02T19:11:53.998+0000] {dagbag.py:545} INFO - Filling up the DagBag from /home/airflow/.local/lib/python3.12/site-packages/airflow/example_dags/example_latest_only.py
[2025-04-02T19:11:54.001+0000] {processor.py:840} INFO - DAG(s) 'latest_only' retrieved from /home/airflow/.local/lib/python3.12/site-packages/airflow/example_dags/example_latest_only.py
[2025-04-02T19:11:54.009+0000] {logging_mixin.py:188} INFO - [2025-04-02T19:11:54.009+0000] {dag.py:3089} INFO - Sync 1 DAGs
[2025-04-02T19:11:54.017+0000] {logging_mixin.py:188} INFO - [2025-04-02T19:11:54.017+0000] {dag.py:3947} INFO - Setting next_dagrun for latest_only to 2025-04-02 12:00:00+00:00, run_after=2025-04-02 16:00:00+00:00
[2025-04-02T19:11:54.024+0000] {processor.py:183} INFO - Processing /home/airflow/.local/lib/python3.12/site-packages/airflow/example_dags/example_latest_only.py took 0.031 seconds
[2025-04-02T19:12:27.142+0000] {processor.py:161} INFO - Started process (PID=909) to work on /home/airflow/.local/lib/python3.12/site-packages/airflow/example_dags/example_latest_only.py
[2025-04-02T19:12:27.143+0000] {processor.py:830} INFO - Processing file /home/airflow/.local/lib/python3.12/site-packages/airflow/example_dags/example_latest_only.py for tasks to queue
[2025-04-02T19:12:27.144+0000] {logging_mixin.py:188} INFO - [2025-04-02T19:12:27.144+0000] {dagbag.py:545} INFO - Filling up the DagBag from /home/airflow/.local/lib/python3.12/site-packages/airflow/example_dags/example_latest_only.py
[2025-04-02T19:12:27.147+0000] {processor.py:840} INFO - DAG(s) 'latest_only' retrieved from /home/airflow/.local/lib/python3.12/site-packages/airflow/example_dags/example_latest_only.py
[2025-04-02T19:12:27.158+0000] {logging_mixin.py:188} INFO - [2025-04-02T19:12:27.158+0000] {dag.py:3089} INFO - Sync 1 DAGs
[2025-04-02T19:12:27.170+0000] {logging_mixin.py:188} INFO - [2025-04-02T19:12:27.170+0000] {dag.py:3947} INFO - Setting next_dagrun for latest_only to 2025-04-02 12:00:00+00:00, run_after=2025-04-02 16:00:00+00:00
[2025-04-02T19:12:27.180+0000] {processor.py:183} INFO - Processing /home/airflow/.local/lib/python3.12/site-packages/airflow/example_dags/example_latest_only.py took 0.041 seconds
[2025-04-02T19:13:00.134+0000] {processor.py:161} INFO - Started process (PID=981) to work on /home/airflow/.local/lib/python3.12/site-packages/airflow/example_dags/example_latest_only.py
[2025-04-02T19:13:00.135+0000] {processor.py:830} INFO - Processing file /home/airflow/.local/lib/python3.12/site-packages/airflow/example_dags/example_latest_only.py for tasks to queue
[2025-04-02T19:13:00.135+0000] {logging_mixin.py:188} INFO - [2025-04-02T19:13:00.135+0000] {dagbag.py:545} INFO - Filling up the DagBag from /home/airflow/.local/lib/python3.12/site-packages/airflow/example_dags/example_latest_only.py
[2025-04-02T19:13:00.137+0000] {processor.py:840} INFO - DAG(s) 'latest_only' retrieved from /home/airflow/.local/lib/python3.12/site-packages/airflow/example_dags/example_latest_only.py
[2025-04-02T19:13:00.145+0000] {logging_mixin.py:188} INFO - [2025-04-02T19:13:00.145+0000] {dag.py:3089} INFO - Sync 1 DAGs
[2025-04-02T19:13:00.153+0000] {logging_mixin.py:188} INFO - [2025-04-02T19:13:00.153+0000] {dag.py:3947} INFO - Setting next_dagrun for latest_only to 2025-04-02 12:00:00+00:00, run_after=2025-04-02 16:00:00+00:00
[2025-04-02T19:13:00.160+0000] {processor.py:183} INFO - Processing /home/airflow/.local/lib/python3.12/site-packages/airflow/example_dags/example_latest_only.py took 0.028 seconds
[2025-04-02T19:13:33.590+0000] {processor.py:161} INFO - Started process (PID=1053) to work on /home/airflow/.local/lib/python3.12/site-packages/airflow/example_dags/example_latest_only.py
[2025-04-02T19:13:33.591+0000] {processor.py:830} INFO - Processing file /home/airflow/.local/lib/python3.12/site-packages/airflow/example_dags/example_latest_only.py for tasks to queue
[2025-04-02T19:13:33.593+0000] {logging_mixin.py:188} INFO - [2025-04-02T19:13:33.593+0000] {dagbag.py:545} INFO - Filling up the DagBag from /home/airflow/.local/lib/python3.12/site-packages/airflow/example_dags/example_latest_only.py
[2025-04-02T19:13:33.596+0000] {processor.py:840} INFO - DAG(s) 'latest_only' retrieved from /home/airflow/.local/lib/python3.12/site-packages/airflow/example_dags/example_latest_only.py
[2025-04-02T19:13:33.610+0000] {logging_mixin.py:188} INFO - [2025-04-02T19:13:33.610+0000] {dag.py:3089} INFO - Sync 1 DAGs
[2025-04-02T19:13:33.622+0000] {logging_mixin.py:188} INFO - [2025-04-02T19:13:33.622+0000] {dag.py:3947} INFO - Setting next_dagrun for latest_only to 2025-04-02 12:00:00+00:00, run_after=2025-04-02 16:00:00+00:00
[2025-04-02T19:13:33.639+0000] {processor.py:183} INFO - Processing /home/airflow/.local/lib/python3.12/site-packages/airflow/example_dags/example_latest_only.py took 0.056 seconds
[2025-04-02T19:14:05.722+0000] {processor.py:161} INFO - Started process (PID=1125) to work on /home/airflow/.local/lib/python3.12/site-packages/airflow/example_dags/example_latest_only.py
[2025-04-02T19:14:05.723+0000] {processor.py:830} INFO - Processing file /home/airflow/.local/lib/python3.12/site-packages/airflow/example_dags/example_latest_only.py for tasks to queue
[2025-04-02T19:14:05.724+0000] {logging_mixin.py:188} INFO - [2025-04-02T19:14:05.724+0000] {dagbag.py:545} INFO - Filling up the DagBag from /home/airflow/.local/lib/python3.12/site-packages/airflow/example_dags/example_latest_only.py
[2025-04-02T19:14:05.728+0000] {processor.py:840} INFO - DAG(s) 'latest_only' retrieved from /home/airflow/.local/lib/python3.12/site-packages/airflow/example_dags/example_latest_only.py
[2025-04-02T19:14:05.742+0000] {logging_mixin.py:188} INFO - [2025-04-02T19:14:05.742+0000] {dag.py:3089} INFO - Sync 1 DAGs
[2025-04-02T19:14:05.753+0000] {logging_mixin.py:188} INFO - [2025-04-02T19:14:05.753+0000] {dag.py:3947} INFO - Setting next_dagrun for latest_only to 2025-04-02 12:00:00+00:00, run_after=2025-04-02 16:00:00+00:00
[2025-04-02T19:14:05.763+0000] {processor.py:183} INFO - Processing /home/airflow/.local/lib/python3.12/site-packages/airflow/example_dags/example_latest_only.py took 0.043 seconds
[2025-04-02T19:14:38.483+0000] {processor.py:161} INFO - Started process (PID=1197) to work on /home/airflow/.local/lib/python3.12/site-packages/airflow/example_dags/example_latest_only.py
[2025-04-02T19:14:38.484+0000] {processor.py:830} INFO - Processing file /home/airflow/.local/lib/python3.12/site-packages/airflow/example_dags/example_latest_only.py for tasks to queue
[2025-04-02T19:14:38.484+0000] {logging_mixin.py:188} INFO - [2025-04-02T19:14:38.484+0000] {dagbag.py:545} INFO - Filling up the DagBag from /home/airflow/.local/lib/python3.12/site-packages/airflow/example_dags/example_latest_only.py
[2025-04-02T19:14:38.487+0000] {processor.py:840} INFO - DAG(s) 'latest_only' retrieved from /home/airflow/.local/lib/python3.12/site-packages/airflow/example_dags/example_latest_only.py
[2025-04-02T19:14:38.498+0000] {logging_mixin.py:188} INFO - [2025-04-02T19:14:38.498+0000] {dag.py:3089} INFO - Sync 1 DAGs
[2025-04-02T19:14:38.511+0000] {logging_mixin.py:188} INFO - [2025-04-02T19:14:38.511+0000] {dag.py:3947} INFO - Setting next_dagrun for latest_only to 2025-04-02 12:00:00+00:00, run_after=2025-04-02 16:00:00+00:00
[2025-04-02T19:14:38.522+0000] {processor.py:183} INFO - Processing /home/airflow/.local/lib/python3.12/site-packages/airflow/example_dags/example_latest_only.py took 0.041 seconds
[2025-04-02T19:15:11.324+0000] {processor.py:161} INFO - Started process (PID=1268) to work on /home/airflow/.local/lib/python3.12/site-packages/airflow/example_dags/example_latest_only.py
[2025-04-02T19:15:11.325+0000] {processor.py:830} INFO - Processing file /home/airflow/.local/lib/python3.12/site-packages/airflow/example_dags/example_latest_only.py for tasks to queue
[2025-04-02T19:15:11.325+0000] {logging_mixin.py:188} INFO - [2025-04-02T19:15:11.325+0000] {dagbag.py:545} INFO - Filling up the DagBag from /home/airflow/.local/lib/python3.12/site-packages/airflow/example_dags/example_latest_only.py
[2025-04-02T19:15:11.328+0000] {processor.py:840} INFO - DAG(s) 'latest_only' retrieved from /home/airflow/.local/lib/python3.12/site-packages/airflow/example_dags/example_latest_only.py
[2025-04-02T19:15:11.335+0000] {logging_mixin.py:188} INFO - [2025-04-02T19:15:11.335+0000] {dag.py:3089} INFO - Sync 1 DAGs
[2025-04-02T19:15:11.343+0000] {logging_mixin.py:188} INFO - [2025-04-02T19:15:11.343+0000] {dag.py:3947} INFO - Setting next_dagrun for latest_only to 2025-04-02 12:00:00+00:00, run_after=2025-04-02 16:00:00+00:00
[2025-04-02T19:15:11.350+0000] {processor.py:183} INFO - Processing /home/airflow/.local/lib/python3.12/site-packages/airflow/example_dags/example_latest_only.py took 0.027 seconds
[2025-04-02T19:15:43.929+0000] {processor.py:161} INFO - Started process (PID=1340) to work on /home/airflow/.local/lib/python3.12/site-packages/airflow/example_dags/example_latest_only.py
[2025-04-02T19:15:43.929+0000] {processor.py:830} INFO - Processing file /home/airflow/.local/lib/python3.12/site-packages/airflow/example_dags/example_latest_only.py for tasks to queue
[2025-04-02T19:15:43.932+0000] {logging_mixin.py:188} INFO - [2025-04-02T19:15:43.932+0000] {dagbag.py:545} INFO - Filling up the DagBag from /home/airflow/.local/lib/python3.12/site-packages/airflow/example_dags/example_latest_only.py
[2025-04-02T19:15:43.934+0000] {processor.py:840} INFO - DAG(s) 'latest_only' retrieved from /home/airflow/.local/lib/python3.12/site-packages/airflow/example_dags/example_latest_only.py
[2025-04-02T19:15:43.945+0000] {logging_mixin.py:188} INFO - [2025-04-02T19:15:43.945+0000] {dag.py:3089} INFO - Sync 1 DAGs
[2025-04-02T19:15:43.955+0000] {logging_mixin.py:188} INFO - [2025-04-02T19:15:43.955+0000] {dag.py:3947} INFO - Setting next_dagrun for latest_only to 2025-04-02 12:00:00+00:00, run_after=2025-04-02 16:00:00+00:00
[2025-04-02T19:15:43.962+0000] {processor.py:183} INFO - Processing /home/airflow/.local/lib/python3.12/site-packages/airflow/example_dags/example_latest_only.py took 0.035 seconds
[2025-04-02T19:16:16.637+0000] {processor.py:161} INFO - Started process (PID=1411) to work on /home/airflow/.local/lib/python3.12/site-packages/airflow/example_dags/example_latest_only.py
[2025-04-02T19:16:16.637+0000] {processor.py:830} INFO - Processing file /home/airflow/.local/lib/python3.12/site-packages/airflow/example_dags/example_latest_only.py for tasks to queue
[2025-04-02T19:16:16.638+0000] {logging_mixin.py:188} INFO - [2025-04-02T19:16:16.638+0000] {dagbag.py:545} INFO - Filling up the DagBag from /home/airflow/.local/lib/python3.12/site-packages/airflow/example_dags/example_latest_only.py
[2025-04-02T19:16:16.640+0000] {processor.py:840} INFO - DAG(s) 'latest_only' retrieved from /home/airflow/.local/lib/python3.12/site-packages/airflow/example_dags/example_latest_only.py
[2025-04-02T19:16:16.648+0000] {logging_mixin.py:188} INFO - [2025-04-02T19:16:16.648+0000] {dag.py:3089} INFO - Sync 1 DAGs
[2025-04-02T19:16:16.657+0000] {logging_mixin.py:188} INFO - [2025-04-02T19:16:16.656+0000] {dag.py:3947} INFO - Setting next_dagrun for latest_only to 2025-04-02 12:00:00+00:00, run_after=2025-04-02 16:00:00+00:00
[2025-04-02T19:16:16.663+0000] {processor.py:183} INFO - Processing /home/airflow/.local/lib/python3.12/site-packages/airflow/example_dags/example_latest_only.py took 0.028 seconds
[2025-04-02T19:16:49.815+0000] {processor.py:161} INFO - Started process (PID=1483) to work on /home/airflow/.local/lib/python3.12/site-packages/airflow/example_dags/example_latest_only.py
[2025-04-02T19:16:49.816+0000] {processor.py:830} INFO - Processing file /home/airflow/.local/lib/python3.12/site-packages/airflow/example_dags/example_latest_only.py for tasks to queue
[2025-04-02T19:16:49.817+0000] {logging_mixin.py:188} INFO - [2025-04-02T19:16:49.817+0000] {dagbag.py:545} INFO - Filling up the DagBag from /home/airflow/.local/lib/python3.12/site-packages/airflow/example_dags/example_latest_only.py
[2025-04-02T19:16:49.819+0000] {processor.py:840} INFO - DAG(s) 'latest_only' retrieved from /home/airflow/.local/lib/python3.12/site-packages/airflow/example_dags/example_latest_only.py
[2025-04-02T19:16:49.828+0000] {logging_mixin.py:188} INFO - [2025-04-02T19:16:49.828+0000] {dag.py:3089} INFO - Sync 1 DAGs
[2025-04-02T19:16:49.837+0000] {logging_mixin.py:188} INFO - [2025-04-02T19:16:49.837+0000] {dag.py:3947} INFO - Setting next_dagrun for latest_only to 2025-04-02 12:00:00+00:00, run_after=2025-04-02 16:00:00+00:00
[2025-04-02T19:16:49.844+0000] {processor.py:183} INFO - Processing /home/airflow/.local/lib/python3.12/site-packages/airflow/example_dags/example_latest_only.py took 0.031 seconds
[2025-04-02T19:17:23.409+0000] {processor.py:161} INFO - Started process (PID=1554) to work on /home/airflow/.local/lib/python3.12/site-packages/airflow/example_dags/example_latest_only.py
[2025-04-02T19:17:23.410+0000] {processor.py:830} INFO - Processing file /home/airflow/.local/lib/python3.12/site-packages/airflow/example_dags/example_latest_only.py for tasks to queue
[2025-04-02T19:17:23.412+0000] {logging_mixin.py:188} INFO - [2025-04-02T19:17:23.412+0000] {dagbag.py:545} INFO - Filling up the DagBag from /home/airflow/.local/lib/python3.12/site-packages/airflow/example_dags/example_latest_only.py
[2025-04-02T19:17:23.416+0000] {processor.py:840} INFO - DAG(s) 'latest_only' retrieved from /home/airflow/.local/lib/python3.12/site-packages/airflow/example_dags/example_latest_only.py
[2025-04-02T19:17:23.429+0000] {logging_mixin.py:188} INFO - [2025-04-02T19:17:23.428+0000] {dag.py:3089} INFO - Sync 1 DAGs
[2025-04-02T19:17:23.442+0000] {logging_mixin.py:188} INFO - [2025-04-02T19:17:23.442+0000] {dag.py:3947} INFO - Setting next_dagrun for latest_only to 2025-04-02 12:00:00+00:00, run_after=2025-04-02 16:00:00+00:00
[2025-04-02T19:17:23.452+0000] {processor.py:183} INFO - Processing /home/airflow/.local/lib/python3.12/site-packages/airflow/example_dags/example_latest_only.py took 0.045 seconds
[2025-04-02T19:17:56.374+0000] {processor.py:161} INFO - Started process (PID=1632) to work on /home/airflow/.local/lib/python3.12/site-packages/airflow/example_dags/example_latest_only.py
[2025-04-02T19:17:56.376+0000] {processor.py:830} INFO - Processing file /home/airflow/.local/lib/python3.12/site-packages/airflow/example_dags/example_latest_only.py for tasks to queue
[2025-04-02T19:17:56.377+0000] {logging_mixin.py:188} INFO - [2025-04-02T19:17:56.377+0000] {dagbag.py:545} INFO - Filling up the DagBag from /home/airflow/.local/lib/python3.12/site-packages/airflow/example_dags/example_latest_only.py
[2025-04-02T19:17:56.382+0000] {processor.py:840} INFO - DAG(s) 'latest_only' retrieved from /home/airflow/.local/lib/python3.12/site-packages/airflow/example_dags/example_latest_only.py
[2025-04-02T19:17:56.393+0000] {logging_mixin.py:188} INFO - [2025-04-02T19:17:56.393+0000] {dag.py:3089} INFO - Sync 1 DAGs
[2025-04-02T19:17:56.407+0000] {logging_mixin.py:188} INFO - [2025-04-02T19:17:56.407+0000] {dag.py:3947} INFO - Setting next_dagrun for latest_only to 2025-04-02 12:00:00+00:00, run_after=2025-04-02 16:00:00+00:00
[2025-04-02T19:17:56.420+0000] {processor.py:183} INFO - Processing /home/airflow/.local/lib/python3.12/site-packages/airflow/example_dags/example_latest_only.py took 0.049 seconds
[2025-04-02T19:18:28.542+0000] {processor.py:161} INFO - Started process (PID=1704) to work on /home/airflow/.local/lib/python3.12/site-packages/airflow/example_dags/example_latest_only.py
[2025-04-02T19:18:28.544+0000] {processor.py:830} INFO - Processing file /home/airflow/.local/lib/python3.12/site-packages/airflow/example_dags/example_latest_only.py for tasks to queue
[2025-04-02T19:18:28.544+0000] {logging_mixin.py:188} INFO - [2025-04-02T19:18:28.544+0000] {dagbag.py:545} INFO - Filling up the DagBag from /home/airflow/.local/lib/python3.12/site-packages/airflow/example_dags/example_latest_only.py
[2025-04-02T19:18:28.547+0000] {processor.py:840} INFO - DAG(s) 'latest_only' retrieved from /home/airflow/.local/lib/python3.12/site-packages/airflow/example_dags/example_latest_only.py
[2025-04-02T19:18:28.558+0000] {logging_mixin.py:188} INFO - [2025-04-02T19:18:28.558+0000] {dag.py:3089} INFO - Sync 1 DAGs
[2025-04-02T19:18:28.569+0000] {logging_mixin.py:188} INFO - [2025-04-02T19:18:28.569+0000] {dag.py:3947} INFO - Setting next_dagrun for latest_only to 2025-04-02 12:00:00+00:00, run_after=2025-04-02 16:00:00+00:00
[2025-04-02T19:18:28.583+0000] {processor.py:183} INFO - Processing /home/airflow/.local/lib/python3.12/site-packages/airflow/example_dags/example_latest_only.py took 0.044 seconds
[2025-04-02T19:19:01.002+0000] {processor.py:161} INFO - Started process (PID=1776) to work on /home/airflow/.local/lib/python3.12/site-packages/airflow/example_dags/example_latest_only.py
[2025-04-02T19:19:01.002+0000] {processor.py:830} INFO - Processing file /home/airflow/.local/lib/python3.12/site-packages/airflow/example_dags/example_latest_only.py for tasks to queue
[2025-04-02T19:19:01.003+0000] {logging_mixin.py:188} INFO - [2025-04-02T19:19:01.003+0000] {dagbag.py:545} INFO - Filling up the DagBag from /home/airflow/.local/lib/python3.12/site-packages/airflow/example_dags/example_latest_only.py
[2025-04-02T19:19:01.007+0000] {processor.py:840} INFO - DAG(s) 'latest_only' retrieved from /home/airflow/.local/lib/python3.12/site-packages/airflow/example_dags/example_latest_only.py
[2025-04-02T19:19:01.020+0000] {logging_mixin.py:188} INFO - [2025-04-02T19:19:01.020+0000] {dag.py:3089} INFO - Sync 1 DAGs
[2025-04-02T19:19:01.030+0000] {logging_mixin.py:188} INFO - [2025-04-02T19:19:01.030+0000] {dag.py:3947} INFO - Setting next_dagrun for latest_only to 2025-04-02 12:00:00+00:00, run_after=2025-04-02 16:00:00+00:00
[2025-04-02T19:19:01.039+0000] {processor.py:183} INFO - Processing /home/airflow/.local/lib/python3.12/site-packages/airflow/example_dags/example_latest_only.py took 0.040 seconds
[2025-04-02T19:19:33.537+0000] {processor.py:161} INFO - Started process (PID=1848) to work on /home/airflow/.local/lib/python3.12/site-packages/airflow/example_dags/example_latest_only.py
[2025-04-02T19:19:33.538+0000] {processor.py:830} INFO - Processing file /home/airflow/.local/lib/python3.12/site-packages/airflow/example_dags/example_latest_only.py for tasks to queue
[2025-04-02T19:19:33.538+0000] {logging_mixin.py:188} INFO - [2025-04-02T19:19:33.538+0000] {dagbag.py:545} INFO - Filling up the DagBag from /home/airflow/.local/lib/python3.12/site-packages/airflow/example_dags/example_latest_only.py
[2025-04-02T19:19:33.540+0000] {processor.py:840} INFO - DAG(s) 'latest_only' retrieved from /home/airflow/.local/lib/python3.12/site-packages/airflow/example_dags/example_latest_only.py
[2025-04-02T19:19:33.548+0000] {logging_mixin.py:188} INFO - [2025-04-02T19:19:33.548+0000] {dag.py:3089} INFO - Sync 1 DAGs
[2025-04-02T19:19:33.556+0000] {logging_mixin.py:188} INFO - [2025-04-02T19:19:33.556+0000] {dag.py:3947} INFO - Setting next_dagrun for latest_only to 2025-04-02 12:00:00+00:00, run_after=2025-04-02 16:00:00+00:00
[2025-04-02T19:19:33.563+0000] {processor.py:183} INFO - Processing /home/airflow/.local/lib/python3.12/site-packages/airflow/example_dags/example_latest_only.py took 0.028 seconds
[2025-04-02T19:20:06.023+0000] {processor.py:161} INFO - Started process (PID=1920) to work on /home/airflow/.local/lib/python3.12/site-packages/airflow/example_dags/example_latest_only.py
[2025-04-02T19:20:06.024+0000] {processor.py:830} INFO - Processing file /home/airflow/.local/lib/python3.12/site-packages/airflow/example_dags/example_latest_only.py for tasks to queue
[2025-04-02T19:20:06.024+0000] {logging_mixin.py:188} INFO - [2025-04-02T19:20:06.024+0000] {dagbag.py:545} INFO - Filling up the DagBag from /home/airflow/.local/lib/python3.12/site-packages/airflow/example_dags/example_latest_only.py
[2025-04-02T19:20:06.026+0000] {processor.py:840} INFO - DAG(s) 'latest_only' retrieved from /home/airflow/.local/lib/python3.12/site-packages/airflow/example_dags/example_latest_only.py
[2025-04-02T19:20:06.034+0000] {logging_mixin.py:188} INFO - [2025-04-02T19:20:06.034+0000] {dag.py:3089} INFO - Sync 1 DAGs
[2025-04-02T19:20:06.042+0000] {logging_mixin.py:188} INFO - [2025-04-02T19:20:06.042+0000] {dag.py:3947} INFO - Setting next_dagrun for latest_only to 2025-04-02 12:00:00+00:00, run_after=2025-04-02 16:00:00+00:00
[2025-04-02T19:20:06.048+0000] {processor.py:183} INFO - Processing /home/airflow/.local/lib/python3.12/site-packages/airflow/example_dags/example_latest_only.py took 0.027 seconds
[2025-04-02T19:20:38.449+0000] {processor.py:161} INFO - Started process (PID=1992) to work on /home/airflow/.local/lib/python3.12/site-packages/airflow/example_dags/example_latest_only.py
[2025-04-02T19:20:38.449+0000] {processor.py:830} INFO - Processing file /home/airflow/.local/lib/python3.12/site-packages/airflow/example_dags/example_latest_only.py for tasks to queue
[2025-04-02T19:20:38.450+0000] {logging_mixin.py:188} INFO - [2025-04-02T19:20:38.450+0000] {dagbag.py:545} INFO - Filling up the DagBag from /home/airflow/.local/lib/python3.12/site-packages/airflow/example_dags/example_latest_only.py
[2025-04-02T19:20:38.452+0000] {processor.py:840} INFO - DAG(s) 'latest_only' retrieved from /home/airflow/.local/lib/python3.12/site-packages/airflow/example_dags/example_latest_only.py
[2025-04-02T19:20:38.460+0000] {logging_mixin.py:188} INFO - [2025-04-02T19:20:38.460+0000] {dag.py:3089} INFO - Sync 1 DAGs
[2025-04-02T19:20:38.468+0000] {logging_mixin.py:188} INFO - [2025-04-02T19:20:38.468+0000] {dag.py:3947} INFO - Setting next_dagrun for latest_only to 2025-04-02 12:00:00+00:00, run_after=2025-04-02 16:00:00+00:00
[2025-04-02T19:20:38.474+0000] {processor.py:183} INFO - Processing /home/airflow/.local/lib/python3.12/site-packages/airflow/example_dags/example_latest_only.py took 0.027 seconds
[2025-04-02T19:21:10.933+0000] {processor.py:161} INFO - Started process (PID=2064) to work on /home/airflow/.local/lib/python3.12/site-packages/airflow/example_dags/example_latest_only.py
[2025-04-02T19:21:10.934+0000] {processor.py:830} INFO - Processing file /home/airflow/.local/lib/python3.12/site-packages/airflow/example_dags/example_latest_only.py for tasks to queue
[2025-04-02T19:21:10.935+0000] {logging_mixin.py:188} INFO - [2025-04-02T19:21:10.935+0000] {dagbag.py:545} INFO - Filling up the DagBag from /home/airflow/.local/lib/python3.12/site-packages/airflow/example_dags/example_latest_only.py
[2025-04-02T19:21:10.938+0000] {processor.py:840} INFO - DAG(s) 'latest_only' retrieved from /home/airflow/.local/lib/python3.12/site-packages/airflow/example_dags/example_latest_only.py
[2025-04-02T19:21:10.946+0000] {logging_mixin.py:188} INFO - [2025-04-02T19:21:10.946+0000] {dag.py:3089} INFO - Sync 1 DAGs
[2025-04-02T19:21:10.956+0000] {logging_mixin.py:188} INFO - [2025-04-02T19:21:10.956+0000] {dag.py:3947} INFO - Setting next_dagrun for latest_only to 2025-04-02 12:00:00+00:00, run_after=2025-04-02 16:00:00+00:00
[2025-04-02T19:21:10.967+0000] {processor.py:183} INFO - Processing /home/airflow/.local/lib/python3.12/site-packages/airflow/example_dags/example_latest_only.py took 0.036 seconds
[2025-04-02T19:21:43.483+0000] {processor.py:161} INFO - Started process (PID=2135) to work on /home/airflow/.local/lib/python3.12/site-packages/airflow/example_dags/example_latest_only.py
[2025-04-02T19:21:43.484+0000] {processor.py:830} INFO - Processing file /home/airflow/.local/lib/python3.12/site-packages/airflow/example_dags/example_latest_only.py for tasks to queue
[2025-04-02T19:21:43.485+0000] {logging_mixin.py:188} INFO - [2025-04-02T19:21:43.485+0000] {dagbag.py:545} INFO - Filling up the DagBag from /home/airflow/.local/lib/python3.12/site-packages/airflow/example_dags/example_latest_only.py
[2025-04-02T19:21:43.487+0000] {processor.py:840} INFO - DAG(s) 'latest_only' retrieved from /home/airflow/.local/lib/python3.12/site-packages/airflow/example_dags/example_latest_only.py
[2025-04-02T19:21:43.497+0000] {logging_mixin.py:188} INFO - [2025-04-02T19:21:43.497+0000] {dag.py:3089} INFO - Sync 1 DAGs
[2025-04-02T19:21:43.511+0000] {logging_mixin.py:188} INFO - [2025-04-02T19:21:43.511+0000] {dag.py:3947} INFO - Setting next_dagrun for latest_only to 2025-04-02 12:00:00+00:00, run_after=2025-04-02 16:00:00+00:00
[2025-04-02T19:21:43.520+0000] {processor.py:183} INFO - Processing /home/airflow/.local/lib/python3.12/site-packages/airflow/example_dags/example_latest_only.py took 0.039 seconds
[2025-04-02T19:22:15.905+0000] {processor.py:161} INFO - Started process (PID=2207) to work on /home/airflow/.local/lib/python3.12/site-packages/airflow/example_dags/example_latest_only.py
[2025-04-02T19:22:15.905+0000] {processor.py:830} INFO - Processing file /home/airflow/.local/lib/python3.12/site-packages/airflow/example_dags/example_latest_only.py for tasks to queue
[2025-04-02T19:22:15.906+0000] {logging_mixin.py:188} INFO - [2025-04-02T19:22:15.906+0000] {dagbag.py:545} INFO - Filling up the DagBag from /home/airflow/.local/lib/python3.12/site-packages/airflow/example_dags/example_latest_only.py
[2025-04-02T19:22:15.909+0000] {processor.py:840} INFO - DAG(s) 'latest_only' retrieved from /home/airflow/.local/lib/python3.12/site-packages/airflow/example_dags/example_latest_only.py
[2025-04-02T19:22:15.920+0000] {logging_mixin.py:188} INFO - [2025-04-02T19:22:15.920+0000] {dag.py:3089} INFO - Sync 1 DAGs
[2025-04-02T19:22:15.928+0000] {logging_mixin.py:188} INFO - [2025-04-02T19:22:15.928+0000] {dag.py:3947} INFO - Setting next_dagrun for latest_only to 2025-04-02 12:00:00+00:00, run_after=2025-04-02 16:00:00+00:00
[2025-04-02T19:22:15.940+0000] {processor.py:183} INFO - Processing /home/airflow/.local/lib/python3.12/site-packages/airflow/example_dags/example_latest_only.py took 0.038 seconds
[2025-04-02T19:22:48.580+0000] {processor.py:161} INFO - Started process (PID=2279) to work on /home/airflow/.local/lib/python3.12/site-packages/airflow/example_dags/example_latest_only.py
[2025-04-02T19:22:48.582+0000] {processor.py:830} INFO - Processing file /home/airflow/.local/lib/python3.12/site-packages/airflow/example_dags/example_latest_only.py for tasks to queue
[2025-04-02T19:22:48.583+0000] {logging_mixin.py:188} INFO - [2025-04-02T19:22:48.583+0000] {dagbag.py:545} INFO - Filling up the DagBag from /home/airflow/.local/lib/python3.12/site-packages/airflow/example_dags/example_latest_only.py
[2025-04-02T19:22:48.585+0000] {processor.py:840} INFO - DAG(s) 'latest_only' retrieved from /home/airflow/.local/lib/python3.12/site-packages/airflow/example_dags/example_latest_only.py
[2025-04-02T19:22:48.594+0000] {logging_mixin.py:188} INFO - [2025-04-02T19:22:48.593+0000] {dag.py:3089} INFO - Sync 1 DAGs
[2025-04-02T19:22:48.603+0000] {logging_mixin.py:188} INFO - [2025-04-02T19:22:48.603+0000] {dag.py:3947} INFO - Setting next_dagrun for latest_only to 2025-04-02 12:00:00+00:00, run_after=2025-04-02 16:00:00+00:00
[2025-04-02T19:22:48.610+0000] {processor.py:183} INFO - Processing /home/airflow/.local/lib/python3.12/site-packages/airflow/example_dags/example_latest_only.py took 0.032 seconds
[2025-04-02T19:23:21.410+0000] {processor.py:161} INFO - Started process (PID=2351) to work on /home/airflow/.local/lib/python3.12/site-packages/airflow/example_dags/example_latest_only.py
[2025-04-02T19:23:21.413+0000] {processor.py:830} INFO - Processing file /home/airflow/.local/lib/python3.12/site-packages/airflow/example_dags/example_latest_only.py for tasks to queue
[2025-04-02T19:23:21.413+0000] {logging_mixin.py:188} INFO - [2025-04-02T19:23:21.413+0000] {dagbag.py:545} INFO - Filling up the DagBag from /home/airflow/.local/lib/python3.12/site-packages/airflow/example_dags/example_latest_only.py
[2025-04-02T19:23:21.415+0000] {processor.py:840} INFO - DAG(s) 'latest_only' retrieved from /home/airflow/.local/lib/python3.12/site-packages/airflow/example_dags/example_latest_only.py
[2025-04-02T19:23:21.426+0000] {logging_mixin.py:188} INFO - [2025-04-02T19:23:21.426+0000] {dag.py:3089} INFO - Sync 1 DAGs
[2025-04-02T19:23:21.435+0000] {logging_mixin.py:188} INFO - [2025-04-02T19:23:21.435+0000] {dag.py:3947} INFO - Setting next_dagrun for latest_only to 2025-04-02 12:00:00+00:00, run_after=2025-04-02 16:00:00+00:00
[2025-04-02T19:23:21.445+0000] {processor.py:183} INFO - Processing /home/airflow/.local/lib/python3.12/site-packages/airflow/example_dags/example_latest_only.py took 0.038 seconds
[2025-04-02T19:23:53.901+0000] {processor.py:161} INFO - Started process (PID=2423) to work on /home/airflow/.local/lib/python3.12/site-packages/airflow/example_dags/example_latest_only.py
[2025-04-02T19:23:53.902+0000] {processor.py:830} INFO - Processing file /home/airflow/.local/lib/python3.12/site-packages/airflow/example_dags/example_latest_only.py for tasks to queue
[2025-04-02T19:23:53.904+0000] {logging_mixin.py:188} INFO - [2025-04-02T19:23:53.904+0000] {dagbag.py:545} INFO - Filling up the DagBag from /home/airflow/.local/lib/python3.12/site-packages/airflow/example_dags/example_latest_only.py
[2025-04-02T19:23:53.908+0000] {processor.py:840} INFO - DAG(s) 'latest_only' retrieved from /home/airflow/.local/lib/python3.12/site-packages/airflow/example_dags/example_latest_only.py
[2025-04-02T19:23:53.919+0000] {logging_mixin.py:188} INFO - [2025-04-02T19:23:53.919+0000] {dag.py:3089} INFO - Sync 1 DAGs
[2025-04-02T19:23:53.931+0000] {logging_mixin.py:188} INFO - [2025-04-02T19:23:53.931+0000] {dag.py:3947} INFO - Setting next_dagrun for latest_only to 2025-04-02 12:00:00+00:00, run_after=2025-04-02 16:00:00+00:00
[2025-04-02T19:23:53.940+0000] {processor.py:183} INFO - Processing /home/airflow/.local/lib/python3.12/site-packages/airflow/example_dags/example_latest_only.py took 0.043 seconds
[2025-04-02T19:24:26.405+0000] {processor.py:161} INFO - Started process (PID=2501) to work on /home/airflow/.local/lib/python3.12/site-packages/airflow/example_dags/example_latest_only.py
[2025-04-02T19:24:26.405+0000] {processor.py:830} INFO - Processing file /home/airflow/.local/lib/python3.12/site-packages/airflow/example_dags/example_latest_only.py for tasks to queue
[2025-04-02T19:24:26.406+0000] {logging_mixin.py:188} INFO - [2025-04-02T19:24:26.406+0000] {dagbag.py:545} INFO - Filling up the DagBag from /home/airflow/.local/lib/python3.12/site-packages/airflow/example_dags/example_latest_only.py
[2025-04-02T19:24:26.408+0000] {processor.py:840} INFO - DAG(s) 'latest_only' retrieved from /home/airflow/.local/lib/python3.12/site-packages/airflow/example_dags/example_latest_only.py
[2025-04-02T19:24:26.415+0000] {logging_mixin.py:188} INFO - [2025-04-02T19:24:26.415+0000] {dag.py:3089} INFO - Sync 1 DAGs
[2025-04-02T19:24:26.424+0000] {logging_mixin.py:188} INFO - [2025-04-02T19:24:26.423+0000] {dag.py:3947} INFO - Setting next_dagrun for latest_only to 2025-04-02 12:00:00+00:00, run_after=2025-04-02 16:00:00+00:00
[2025-04-02T19:24:26.430+0000] {processor.py:183} INFO - Processing /home/airflow/.local/lib/python3.12/site-packages/airflow/example_dags/example_latest_only.py took 0.027 seconds
[2025-04-02T19:24:59.729+0000] {processor.py:161} INFO - Started process (PID=2573) to work on /home/airflow/.local/lib/python3.12/site-packages/airflow/example_dags/example_latest_only.py
[2025-04-02T19:24:59.730+0000] {processor.py:830} INFO - Processing file /home/airflow/.local/lib/python3.12/site-packages/airflow/example_dags/example_latest_only.py for tasks to queue
[2025-04-02T19:24:59.733+0000] {logging_mixin.py:188} INFO - [2025-04-02T19:24:59.732+0000] {dagbag.py:545} INFO - Filling up the DagBag from /home/airflow/.local/lib/python3.12/site-packages/airflow/example_dags/example_latest_only.py
[2025-04-02T19:24:59.737+0000] {processor.py:840} INFO - DAG(s) 'latest_only' retrieved from /home/airflow/.local/lib/python3.12/site-packages/airflow/example_dags/example_latest_only.py
[2025-04-02T19:24:59.750+0000] {logging_mixin.py:188} INFO - [2025-04-02T19:24:59.750+0000] {dag.py:3089} INFO - Sync 1 DAGs
[2025-04-02T19:24:59.761+0000] {logging_mixin.py:188} INFO - [2025-04-02T19:24:59.761+0000] {dag.py:3947} INFO - Setting next_dagrun for latest_only to 2025-04-02 12:00:00+00:00, run_after=2025-04-02 16:00:00+00:00
[2025-04-02T19:24:59.768+0000] {processor.py:183} INFO - Processing /home/airflow/.local/lib/python3.12/site-packages/airflow/example_dags/example_latest_only.py took 0.042 seconds
[2025-04-02T19:25:32.881+0000] {processor.py:161} INFO - Started process (PID=2645) to work on /home/airflow/.local/lib/python3.12/site-packages/airflow/example_dags/example_latest_only.py
[2025-04-02T19:25:32.882+0000] {processor.py:830} INFO - Processing file /home/airflow/.local/lib/python3.12/site-packages/airflow/example_dags/example_latest_only.py for tasks to queue
[2025-04-02T19:25:32.883+0000] {logging_mixin.py:188} INFO - [2025-04-02T19:25:32.883+0000] {dagbag.py:545} INFO - Filling up the DagBag from /home/airflow/.local/lib/python3.12/site-packages/airflow/example_dags/example_latest_only.py
[2025-04-02T19:25:32.886+0000] {processor.py:840} INFO - DAG(s) 'latest_only' retrieved from /home/airflow/.local/lib/python3.12/site-packages/airflow/example_dags/example_latest_only.py
[2025-04-02T19:25:32.894+0000] {logging_mixin.py:188} INFO - [2025-04-02T19:25:32.894+0000] {dag.py:3089} INFO - Sync 1 DAGs
[2025-04-02T19:25:32.903+0000] {logging_mixin.py:188} INFO - [2025-04-02T19:25:32.903+0000] {dag.py:3947} INFO - Setting next_dagrun for latest_only to 2025-04-02 12:00:00+00:00, run_after=2025-04-02 16:00:00+00:00
[2025-04-02T19:25:32.914+0000] {processor.py:183} INFO - Processing /home/airflow/.local/lib/python3.12/site-packages/airflow/example_dags/example_latest_only.py took 0.036 seconds
[2025-04-02T19:26:05.402+0000] {processor.py:161} INFO - Started process (PID=2717) to work on /home/airflow/.local/lib/python3.12/site-packages/airflow/example_dags/example_latest_only.py
[2025-04-02T19:26:05.402+0000] {processor.py:830} INFO - Processing file /home/airflow/.local/lib/python3.12/site-packages/airflow/example_dags/example_latest_only.py for tasks to queue
[2025-04-02T19:26:05.404+0000] {logging_mixin.py:188} INFO - [2025-04-02T19:26:05.403+0000] {dagbag.py:545} INFO - Filling up the DagBag from /home/airflow/.local/lib/python3.12/site-packages/airflow/example_dags/example_latest_only.py
[2025-04-02T19:26:05.406+0000] {processor.py:840} INFO - DAG(s) 'latest_only' retrieved from /home/airflow/.local/lib/python3.12/site-packages/airflow/example_dags/example_latest_only.py
[2025-04-02T19:26:05.417+0000] {logging_mixin.py:188} INFO - [2025-04-02T19:26:05.417+0000] {dag.py:3089} INFO - Sync 1 DAGs
[2025-04-02T19:26:05.429+0000] {logging_mixin.py:188} INFO - [2025-04-02T19:26:05.428+0000] {dag.py:3947} INFO - Setting next_dagrun for latest_only to 2025-04-02 12:00:00+00:00, run_after=2025-04-02 16:00:00+00:00
[2025-04-02T19:26:05.438+0000] {processor.py:183} INFO - Processing /home/airflow/.local/lib/python3.12/site-packages/airflow/example_dags/example_latest_only.py took 0.039 seconds
[2025-04-02T19:26:37.958+0000] {processor.py:161} INFO - Started process (PID=2789) to work on /home/airflow/.local/lib/python3.12/site-packages/airflow/example_dags/example_latest_only.py
[2025-04-02T19:26:37.958+0000] {processor.py:830} INFO - Processing file /home/airflow/.local/lib/python3.12/site-packages/airflow/example_dags/example_latest_only.py for tasks to queue
[2025-04-02T19:26:37.959+0000] {logging_mixin.py:188} INFO - [2025-04-02T19:26:37.959+0000] {dagbag.py:545} INFO - Filling up the DagBag from /home/airflow/.local/lib/python3.12/site-packages/airflow/example_dags/example_latest_only.py
[2025-04-02T19:26:37.962+0000] {processor.py:840} INFO - DAG(s) 'latest_only' retrieved from /home/airflow/.local/lib/python3.12/site-packages/airflow/example_dags/example_latest_only.py
[2025-04-02T19:26:37.971+0000] {logging_mixin.py:188} INFO - [2025-04-02T19:26:37.971+0000] {dag.py:3089} INFO - Sync 1 DAGs
[2025-04-02T19:26:37.982+0000] {logging_mixin.py:188} INFO - [2025-04-02T19:26:37.982+0000] {dag.py:3947} INFO - Setting next_dagrun for latest_only to 2025-04-02 12:00:00+00:00, run_after=2025-04-02 16:00:00+00:00
[2025-04-02T19:26:37.995+0000] {processor.py:183} INFO - Processing /home/airflow/.local/lib/python3.12/site-packages/airflow/example_dags/example_latest_only.py took 0.041 seconds
[2025-04-02T19:27:10.412+0000] {processor.py:161} INFO - Started process (PID=2860) to work on /home/airflow/.local/lib/python3.12/site-packages/airflow/example_dags/example_latest_only.py
[2025-04-02T19:27:10.413+0000] {processor.py:830} INFO - Processing file /home/airflow/.local/lib/python3.12/site-packages/airflow/example_dags/example_latest_only.py for tasks to queue
[2025-04-02T19:27:10.415+0000] {logging_mixin.py:188} INFO - [2025-04-02T19:27:10.415+0000] {dagbag.py:545} INFO - Filling up the DagBag from /home/airflow/.local/lib/python3.12/site-packages/airflow/example_dags/example_latest_only.py
[2025-04-02T19:27:10.419+0000] {processor.py:840} INFO - DAG(s) 'latest_only' retrieved from /home/airflow/.local/lib/python3.12/site-packages/airflow/example_dags/example_latest_only.py
[2025-04-02T19:27:10.428+0000] {logging_mixin.py:188} INFO - [2025-04-02T19:27:10.428+0000] {dag.py:3089} INFO - Sync 1 DAGs
[2025-04-02T19:27:10.437+0000] {logging_mixin.py:188} INFO - [2025-04-02T19:27:10.437+0000] {dag.py:3947} INFO - Setting next_dagrun for latest_only to 2025-04-02 12:00:00+00:00, run_after=2025-04-02 16:00:00+00:00
[2025-04-02T19:27:10.448+0000] {processor.py:183} INFO - Processing /home/airflow/.local/lib/python3.12/site-packages/airflow/example_dags/example_latest_only.py took 0.039 seconds
[2025-04-02T19:27:42.870+0000] {processor.py:161} INFO - Started process (PID=2932) to work on /home/airflow/.local/lib/python3.12/site-packages/airflow/example_dags/example_latest_only.py
[2025-04-02T19:27:42.871+0000] {processor.py:830} INFO - Processing file /home/airflow/.local/lib/python3.12/site-packages/airflow/example_dags/example_latest_only.py for tasks to queue
[2025-04-02T19:27:42.872+0000] {logging_mixin.py:188} INFO - [2025-04-02T19:27:42.872+0000] {dagbag.py:545} INFO - Filling up the DagBag from /home/airflow/.local/lib/python3.12/site-packages/airflow/example_dags/example_latest_only.py
[2025-04-02T19:27:42.875+0000] {processor.py:840} INFO - DAG(s) 'latest_only' retrieved from /home/airflow/.local/lib/python3.12/site-packages/airflow/example_dags/example_latest_only.py
[2025-04-02T19:27:42.886+0000] {logging_mixin.py:188} INFO - [2025-04-02T19:27:42.885+0000] {dag.py:3089} INFO - Sync 1 DAGs
[2025-04-02T19:27:42.895+0000] {logging_mixin.py:188} INFO - [2025-04-02T19:27:42.895+0000] {dag.py:3947} INFO - Setting next_dagrun for latest_only to 2025-04-02 12:00:00+00:00, run_after=2025-04-02 16:00:00+00:00
[2025-04-02T19:27:42.902+0000] {processor.py:183} INFO - Processing /home/airflow/.local/lib/python3.12/site-packages/airflow/example_dags/example_latest_only.py took 0.034 seconds
[2025-04-02T19:28:15.455+0000] {processor.py:161} INFO - Started process (PID=3004) to work on /home/airflow/.local/lib/python3.12/site-packages/airflow/example_dags/example_latest_only.py
[2025-04-02T19:28:15.456+0000] {processor.py:830} INFO - Processing file /home/airflow/.local/lib/python3.12/site-packages/airflow/example_dags/example_latest_only.py for tasks to queue
[2025-04-02T19:28:15.457+0000] {logging_mixin.py:188} INFO - [2025-04-02T19:28:15.457+0000] {dagbag.py:545} INFO - Filling up the DagBag from /home/airflow/.local/lib/python3.12/site-packages/airflow/example_dags/example_latest_only.py
[2025-04-02T19:28:15.459+0000] {processor.py:840} INFO - DAG(s) 'latest_only' retrieved from /home/airflow/.local/lib/python3.12/site-packages/airflow/example_dags/example_latest_only.py
[2025-04-02T19:28:15.470+0000] {logging_mixin.py:188} INFO - [2025-04-02T19:28:15.470+0000] {dag.py:3089} INFO - Sync 1 DAGs
[2025-04-02T19:28:15.481+0000] {logging_mixin.py:188} INFO - [2025-04-02T19:28:15.481+0000] {dag.py:3947} INFO - Setting next_dagrun for latest_only to 2025-04-02 12:00:00+00:00, run_after=2025-04-02 16:00:00+00:00
[2025-04-02T19:28:15.491+0000] {processor.py:183} INFO - Processing /home/airflow/.local/lib/python3.12/site-packages/airflow/example_dags/example_latest_only.py took 0.039 seconds
[2025-04-02T19:28:47.855+0000] {processor.py:161} INFO - Started process (PID=3076) to work on /home/airflow/.local/lib/python3.12/site-packages/airflow/example_dags/example_latest_only.py
[2025-04-02T19:28:47.856+0000] {processor.py:830} INFO - Processing file /home/airflow/.local/lib/python3.12/site-packages/airflow/example_dags/example_latest_only.py for tasks to queue
[2025-04-02T19:28:47.856+0000] {logging_mixin.py:188} INFO - [2025-04-02T19:28:47.856+0000] {dagbag.py:545} INFO - Filling up the DagBag from /home/airflow/.local/lib/python3.12/site-packages/airflow/example_dags/example_latest_only.py
[2025-04-02T19:28:47.858+0000] {processor.py:840} INFO - DAG(s) 'latest_only' retrieved from /home/airflow/.local/lib/python3.12/site-packages/airflow/example_dags/example_latest_only.py
[2025-04-02T19:28:47.872+0000] {logging_mixin.py:188} INFO - [2025-04-02T19:28:47.871+0000] {dag.py:3089} INFO - Sync 1 DAGs
[2025-04-02T19:28:47.882+0000] {logging_mixin.py:188} INFO - [2025-04-02T19:28:47.882+0000] {dag.py:3947} INFO - Setting next_dagrun for latest_only to 2025-04-02 12:00:00+00:00, run_after=2025-04-02 16:00:00+00:00
[2025-04-02T19:28:47.891+0000] {processor.py:183} INFO - Processing /home/airflow/.local/lib/python3.12/site-packages/airflow/example_dags/example_latest_only.py took 0.038 seconds
[2025-04-02T19:29:20.531+0000] {processor.py:161} INFO - Started process (PID=3148) to work on /home/airflow/.local/lib/python3.12/site-packages/airflow/example_dags/example_latest_only.py
[2025-04-02T19:29:20.532+0000] {processor.py:830} INFO - Processing file /home/airflow/.local/lib/python3.12/site-packages/airflow/example_dags/example_latest_only.py for tasks to queue
[2025-04-02T19:29:20.532+0000] {logging_mixin.py:188} INFO - [2025-04-02T19:29:20.532+0000] {dagbag.py:545} INFO - Filling up the DagBag from /home/airflow/.local/lib/python3.12/site-packages/airflow/example_dags/example_latest_only.py
[2025-04-02T19:29:20.534+0000] {processor.py:840} INFO - DAG(s) 'latest_only' retrieved from /home/airflow/.local/lib/python3.12/site-packages/airflow/example_dags/example_latest_only.py
[2025-04-02T19:29:20.542+0000] {logging_mixin.py:188} INFO - [2025-04-02T19:29:20.542+0000] {dag.py:3089} INFO - Sync 1 DAGs
[2025-04-02T19:29:20.550+0000] {logging_mixin.py:188} INFO - [2025-04-02T19:29:20.550+0000] {dag.py:3947} INFO - Setting next_dagrun for latest_only to 2025-04-02 12:00:00+00:00, run_after=2025-04-02 16:00:00+00:00
[2025-04-02T19:29:20.556+0000] {processor.py:183} INFO - Processing /home/airflow/.local/lib/python3.12/site-packages/airflow/example_dags/example_latest_only.py took 0.027 seconds
[2025-04-02T19:29:53.297+0000] {processor.py:161} INFO - Started process (PID=3220) to work on /home/airflow/.local/lib/python3.12/site-packages/airflow/example_dags/example_latest_only.py
[2025-04-02T19:29:53.298+0000] {processor.py:830} INFO - Processing file /home/airflow/.local/lib/python3.12/site-packages/airflow/example_dags/example_latest_only.py for tasks to queue
[2025-04-02T19:29:53.299+0000] {logging_mixin.py:188} INFO - [2025-04-02T19:29:53.299+0000] {dagbag.py:545} INFO - Filling up the DagBag from /home/airflow/.local/lib/python3.12/site-packages/airflow/example_dags/example_latest_only.py
[2025-04-02T19:29:53.301+0000] {processor.py:840} INFO - DAG(s) 'latest_only' retrieved from /home/airflow/.local/lib/python3.12/site-packages/airflow/example_dags/example_latest_only.py
[2025-04-02T19:29:53.310+0000] {logging_mixin.py:188} INFO - [2025-04-02T19:29:53.310+0000] {dag.py:3089} INFO - Sync 1 DAGs
[2025-04-02T19:29:53.320+0000] {logging_mixin.py:188} INFO - [2025-04-02T19:29:53.320+0000] {dag.py:3947} INFO - Setting next_dagrun for latest_only to 2025-04-02 12:00:00+00:00, run_after=2025-04-02 16:00:00+00:00
[2025-04-02T19:29:53.326+0000] {processor.py:183} INFO - Processing /home/airflow/.local/lib/python3.12/site-packages/airflow/example_dags/example_latest_only.py took 0.032 seconds
