[2025-03-20T10:49:49.435+0000] {processor.py:161} INFO - Started process (PID=100) to work on /home/airflow/.local/lib/python3.12/site-packages/airflow/example_dags/example_latest_only_with_trigger.py
[2025-03-20T10:49:49.436+0000] {processor.py:830} INFO - Processing file /home/airflow/.local/lib/python3.12/site-packages/airflow/example_dags/example_latest_only_with_trigger.py for tasks to queue
[2025-03-20T10:49:49.437+0000] {logging_mixin.py:188} INFO - [2025-03-20T10:49:49.437+0000] {dagbag.py:545} INFO - Filling up the DagBag from /home/airflow/.local/lib/python3.12/site-packages/airflow/example_dags/example_latest_only_with_trigger.py
[2025-03-20T10:49:49.444+0000] {processor.py:840} INFO - DAG(s) 'latest_only_with_trigger' retrieved from /home/airflow/.local/lib/python3.12/site-packages/airflow/example_dags/example_latest_only_with_trigger.py
[2025-03-20T10:49:49.455+0000] {logging_mixin.py:188} INFO - [2025-03-20T10:49:49.455+0000] {dag.py:3089} INFO - Sync 1 DAGs
[2025-03-20T10:49:49.465+0000] {logging_mixin.py:188} INFO - [2025-03-20T10:49:49.465+0000] {dag.py:3947} INFO - Setting next_dagrun for latest_only_with_trigger to 2025-03-20 04:00:00+00:00, run_after=2025-03-20 08:00:00+00:00
[2025-03-20T10:49:49.473+0000] {processor.py:183} INFO - Processing /home/airflow/.local/lib/python3.12/site-packages/airflow/example_dags/example_latest_only_with_trigger.py took 0.041 seconds
[2025-03-20T10:50:21.466+0000] {processor.py:161} INFO - Started process (PID=172) to work on /home/airflow/.local/lib/python3.12/site-packages/airflow/example_dags/example_latest_only_with_trigger.py
[2025-03-20T10:50:21.468+0000] {processor.py:830} INFO - Processing file /home/airflow/.local/lib/python3.12/site-packages/airflow/example_dags/example_latest_only_with_trigger.py for tasks to queue
[2025-03-20T10:50:21.469+0000] {logging_mixin.py:188} INFO - [2025-03-20T10:50:21.469+0000] {dagbag.py:545} INFO - Filling up the DagBag from /home/airflow/.local/lib/python3.12/site-packages/airflow/example_dags/example_latest_only_with_trigger.py
[2025-03-20T10:50:21.473+0000] {processor.py:840} INFO - DAG(s) 'latest_only_with_trigger' retrieved from /home/airflow/.local/lib/python3.12/site-packages/airflow/example_dags/example_latest_only_with_trigger.py
[2025-03-20T10:50:21.486+0000] {logging_mixin.py:188} INFO - [2025-03-20T10:50:21.486+0000] {dag.py:3089} INFO - Sync 1 DAGs
[2025-03-20T10:50:21.498+0000] {logging_mixin.py:188} INFO - [2025-03-20T10:50:21.498+0000] {dag.py:3947} INFO - Setting next_dagrun for latest_only_with_trigger to 2025-03-20 04:00:00+00:00, run_after=2025-03-20 08:00:00+00:00
[2025-03-20T10:50:21.509+0000] {processor.py:183} INFO - Processing /home/airflow/.local/lib/python3.12/site-packages/airflow/example_dags/example_latest_only_with_trigger.py took 0.045 seconds
[2025-03-20T10:50:54.091+0000] {processor.py:161} INFO - Started process (PID=244) to work on /home/airflow/.local/lib/python3.12/site-packages/airflow/example_dags/example_latest_only_with_trigger.py
[2025-03-20T10:50:54.093+0000] {processor.py:830} INFO - Processing file /home/airflow/.local/lib/python3.12/site-packages/airflow/example_dags/example_latest_only_with_trigger.py for tasks to queue
[2025-03-20T10:50:54.093+0000] {logging_mixin.py:188} INFO - [2025-03-20T10:50:54.093+0000] {dagbag.py:545} INFO - Filling up the DagBag from /home/airflow/.local/lib/python3.12/site-packages/airflow/example_dags/example_latest_only_with_trigger.py
[2025-03-20T10:50:54.096+0000] {processor.py:840} INFO - DAG(s) 'latest_only_with_trigger' retrieved from /home/airflow/.local/lib/python3.12/site-packages/airflow/example_dags/example_latest_only_with_trigger.py
[2025-03-20T10:50:54.110+0000] {logging_mixin.py:188} INFO - [2025-03-20T10:50:54.110+0000] {dag.py:3089} INFO - Sync 1 DAGs
[2025-03-20T10:50:54.120+0000] {logging_mixin.py:188} INFO - [2025-03-20T10:50:54.120+0000] {dag.py:3947} INFO - Setting next_dagrun for latest_only_with_trigger to 2025-03-20 04:00:00+00:00, run_after=2025-03-20 08:00:00+00:00
[2025-03-20T10:50:54.127+0000] {processor.py:183} INFO - Processing /home/airflow/.local/lib/python3.12/site-packages/airflow/example_dags/example_latest_only_with_trigger.py took 0.038 seconds
[2025-03-20T10:51:26.484+0000] {processor.py:161} INFO - Started process (PID=316) to work on /home/airflow/.local/lib/python3.12/site-packages/airflow/example_dags/example_latest_only_with_trigger.py
[2025-03-20T10:51:26.484+0000] {processor.py:830} INFO - Processing file /home/airflow/.local/lib/python3.12/site-packages/airflow/example_dags/example_latest_only_with_trigger.py for tasks to queue
[2025-03-20T10:51:26.485+0000] {logging_mixin.py:188} INFO - [2025-03-20T10:51:26.485+0000] {dagbag.py:545} INFO - Filling up the DagBag from /home/airflow/.local/lib/python3.12/site-packages/airflow/example_dags/example_latest_only_with_trigger.py
[2025-03-20T10:51:26.488+0000] {processor.py:840} INFO - DAG(s) 'latest_only_with_trigger' retrieved from /home/airflow/.local/lib/python3.12/site-packages/airflow/example_dags/example_latest_only_with_trigger.py
[2025-03-20T10:51:26.498+0000] {logging_mixin.py:188} INFO - [2025-03-20T10:51:26.498+0000] {dag.py:3089} INFO - Sync 1 DAGs
[2025-03-20T10:51:26.506+0000] {logging_mixin.py:188} INFO - [2025-03-20T10:51:26.506+0000] {dag.py:3947} INFO - Setting next_dagrun for latest_only_with_trigger to 2025-03-20 04:00:00+00:00, run_after=2025-03-20 08:00:00+00:00
[2025-03-20T10:51:26.516+0000] {processor.py:183} INFO - Processing /home/airflow/.local/lib/python3.12/site-packages/airflow/example_dags/example_latest_only_with_trigger.py took 0.035 seconds
[2025-03-20T10:51:59.175+0000] {processor.py:161} INFO - Started process (PID=387) to work on /home/airflow/.local/lib/python3.12/site-packages/airflow/example_dags/example_latest_only_with_trigger.py
[2025-03-20T10:51:59.175+0000] {processor.py:830} INFO - Processing file /home/airflow/.local/lib/python3.12/site-packages/airflow/example_dags/example_latest_only_with_trigger.py for tasks to queue
[2025-03-20T10:51:59.178+0000] {logging_mixin.py:188} INFO - [2025-03-20T10:51:59.178+0000] {dagbag.py:545} INFO - Filling up the DagBag from /home/airflow/.local/lib/python3.12/site-packages/airflow/example_dags/example_latest_only_with_trigger.py
[2025-03-20T10:51:59.180+0000] {processor.py:840} INFO - DAG(s) 'latest_only_with_trigger' retrieved from /home/airflow/.local/lib/python3.12/site-packages/airflow/example_dags/example_latest_only_with_trigger.py
[2025-03-20T10:51:59.193+0000] {logging_mixin.py:188} INFO - [2025-03-20T10:51:59.192+0000] {dag.py:3089} INFO - Sync 1 DAGs
[2025-03-20T10:51:59.204+0000] {logging_mixin.py:188} INFO - [2025-03-20T10:51:59.204+0000] {dag.py:3947} INFO - Setting next_dagrun for latest_only_with_trigger to 2025-03-20 04:00:00+00:00, run_after=2025-03-20 08:00:00+00:00
[2025-03-20T10:51:59.211+0000] {processor.py:183} INFO - Processing /home/airflow/.local/lib/python3.12/site-packages/airflow/example_dags/example_latest_only_with_trigger.py took 0.038 seconds
[2025-03-20T10:52:32.113+0000] {processor.py:161} INFO - Started process (PID=458) to work on /home/airflow/.local/lib/python3.12/site-packages/airflow/example_dags/example_latest_only_with_trigger.py
[2025-03-20T10:52:32.115+0000] {processor.py:830} INFO - Processing file /home/airflow/.local/lib/python3.12/site-packages/airflow/example_dags/example_latest_only_with_trigger.py for tasks to queue
[2025-03-20T10:52:32.115+0000] {logging_mixin.py:188} INFO - [2025-03-20T10:52:32.115+0000] {dagbag.py:545} INFO - Filling up the DagBag from /home/airflow/.local/lib/python3.12/site-packages/airflow/example_dags/example_latest_only_with_trigger.py
[2025-03-20T10:52:32.118+0000] {processor.py:840} INFO - DAG(s) 'latest_only_with_trigger' retrieved from /home/airflow/.local/lib/python3.12/site-packages/airflow/example_dags/example_latest_only_with_trigger.py
[2025-03-20T10:52:32.130+0000] {logging_mixin.py:188} INFO - [2025-03-20T10:52:32.130+0000] {dag.py:3089} INFO - Sync 1 DAGs
[2025-03-20T10:52:32.140+0000] {logging_mixin.py:188} INFO - [2025-03-20T10:52:32.140+0000] {dag.py:3947} INFO - Setting next_dagrun for latest_only_with_trigger to 2025-03-20 04:00:00+00:00, run_after=2025-03-20 08:00:00+00:00
[2025-03-20T10:52:32.227+0000] {processor.py:183} INFO - Processing /home/airflow/.local/lib/python3.12/site-packages/airflow/example_dags/example_latest_only_with_trigger.py took 0.117 seconds
[2025-03-20T10:53:03.803+0000] {processor.py:161} INFO - Started process (PID=530) to work on /home/airflow/.local/lib/python3.12/site-packages/airflow/example_dags/example_latest_only_with_trigger.py
[2025-03-20T10:53:03.804+0000] {processor.py:830} INFO - Processing file /home/airflow/.local/lib/python3.12/site-packages/airflow/example_dags/example_latest_only_with_trigger.py for tasks to queue
[2025-03-20T10:53:03.805+0000] {logging_mixin.py:188} INFO - [2025-03-20T10:53:03.804+0000] {dagbag.py:545} INFO - Filling up the DagBag from /home/airflow/.local/lib/python3.12/site-packages/airflow/example_dags/example_latest_only_with_trigger.py
[2025-03-20T10:53:03.807+0000] {processor.py:840} INFO - DAG(s) 'latest_only_with_trigger' retrieved from /home/airflow/.local/lib/python3.12/site-packages/airflow/example_dags/example_latest_only_with_trigger.py
[2025-03-20T10:53:03.817+0000] {logging_mixin.py:188} INFO - [2025-03-20T10:53:03.817+0000] {dag.py:3089} INFO - Sync 1 DAGs
[2025-03-20T10:53:03.829+0000] {logging_mixin.py:188} INFO - [2025-03-20T10:53:03.829+0000] {dag.py:3947} INFO - Setting next_dagrun for latest_only_with_trigger to 2025-03-20 04:00:00+00:00, run_after=2025-03-20 08:00:00+00:00
[2025-03-20T10:53:03.921+0000] {processor.py:183} INFO - Processing /home/airflow/.local/lib/python3.12/site-packages/airflow/example_dags/example_latest_only_with_trigger.py took 0.120 seconds
[2025-03-20T10:53:35.882+0000] {processor.py:161} INFO - Started process (PID=602) to work on /home/airflow/.local/lib/python3.12/site-packages/airflow/example_dags/example_latest_only_with_trigger.py
[2025-03-20T10:53:35.884+0000] {processor.py:830} INFO - Processing file /home/airflow/.local/lib/python3.12/site-packages/airflow/example_dags/example_latest_only_with_trigger.py for tasks to queue
[2025-03-20T10:53:35.885+0000] {logging_mixin.py:188} INFO - [2025-03-20T10:53:35.885+0000] {dagbag.py:545} INFO - Filling up the DagBag from /home/airflow/.local/lib/python3.12/site-packages/airflow/example_dags/example_latest_only_with_trigger.py
[2025-03-20T10:53:35.889+0000] {processor.py:840} INFO - DAG(s) 'latest_only_with_trigger' retrieved from /home/airflow/.local/lib/python3.12/site-packages/airflow/example_dags/example_latest_only_with_trigger.py
[2025-03-20T10:53:35.902+0000] {logging_mixin.py:188} INFO - [2025-03-20T10:53:35.902+0000] {dag.py:3089} INFO - Sync 1 DAGs
[2025-03-20T10:53:35.912+0000] {logging_mixin.py:188} INFO - [2025-03-20T10:53:35.912+0000] {dag.py:3947} INFO - Setting next_dagrun for latest_only_with_trigger to 2025-03-20 04:00:00+00:00, run_after=2025-03-20 08:00:00+00:00
[2025-03-20T10:53:35.919+0000] {processor.py:183} INFO - Processing /home/airflow/.local/lib/python3.12/site-packages/airflow/example_dags/example_latest_only_with_trigger.py took 0.040 seconds
[2025-03-20T10:54:08.319+0000] {processor.py:161} INFO - Started process (PID=674) to work on /home/airflow/.local/lib/python3.12/site-packages/airflow/example_dags/example_latest_only_with_trigger.py
[2025-03-20T10:54:08.319+0000] {processor.py:830} INFO - Processing file /home/airflow/.local/lib/python3.12/site-packages/airflow/example_dags/example_latest_only_with_trigger.py for tasks to queue
[2025-03-20T10:54:08.320+0000] {logging_mixin.py:188} INFO - [2025-03-20T10:54:08.320+0000] {dagbag.py:545} INFO - Filling up the DagBag from /home/airflow/.local/lib/python3.12/site-packages/airflow/example_dags/example_latest_only_with_trigger.py
[2025-03-20T10:54:08.322+0000] {processor.py:840} INFO - DAG(s) 'latest_only_with_trigger' retrieved from /home/airflow/.local/lib/python3.12/site-packages/airflow/example_dags/example_latest_only_with_trigger.py
[2025-03-20T10:54:08.332+0000] {logging_mixin.py:188} INFO - [2025-03-20T10:54:08.332+0000] {dag.py:3089} INFO - Sync 1 DAGs
[2025-03-20T10:54:08.341+0000] {logging_mixin.py:188} INFO - [2025-03-20T10:54:08.341+0000] {dag.py:3947} INFO - Setting next_dagrun for latest_only_with_trigger to 2025-03-20 04:00:00+00:00, run_after=2025-03-20 08:00:00+00:00
[2025-03-20T10:54:08.352+0000] {processor.py:183} INFO - Processing /home/airflow/.local/lib/python3.12/site-packages/airflow/example_dags/example_latest_only_with_trigger.py took 0.036 seconds
[2025-03-20T10:54:40.986+0000] {processor.py:161} INFO - Started process (PID=746) to work on /home/airflow/.local/lib/python3.12/site-packages/airflow/example_dags/example_latest_only_with_trigger.py
[2025-03-20T10:54:40.987+0000] {processor.py:830} INFO - Processing file /home/airflow/.local/lib/python3.12/site-packages/airflow/example_dags/example_latest_only_with_trigger.py for tasks to queue
[2025-03-20T10:54:40.987+0000] {logging_mixin.py:188} INFO - [2025-03-20T10:54:40.987+0000] {dagbag.py:545} INFO - Filling up the DagBag from /home/airflow/.local/lib/python3.12/site-packages/airflow/example_dags/example_latest_only_with_trigger.py
[2025-03-20T10:54:40.990+0000] {processor.py:840} INFO - DAG(s) 'latest_only_with_trigger' retrieved from /home/airflow/.local/lib/python3.12/site-packages/airflow/example_dags/example_latest_only_with_trigger.py
[2025-03-20T10:54:41.002+0000] {logging_mixin.py:188} INFO - [2025-03-20T10:54:41.001+0000] {dag.py:3089} INFO - Sync 1 DAGs
[2025-03-20T10:54:41.014+0000] {logging_mixin.py:188} INFO - [2025-03-20T10:54:41.013+0000] {dag.py:3947} INFO - Setting next_dagrun for latest_only_with_trigger to 2025-03-20 04:00:00+00:00, run_after=2025-03-20 08:00:00+00:00
[2025-03-20T10:54:41.024+0000] {processor.py:183} INFO - Processing /home/airflow/.local/lib/python3.12/site-packages/airflow/example_dags/example_latest_only_with_trigger.py took 0.040 seconds
[2025-03-20T10:55:13.581+0000] {processor.py:161} INFO - Started process (PID=818) to work on /home/airflow/.local/lib/python3.12/site-packages/airflow/example_dags/example_latest_only_with_trigger.py
[2025-03-20T10:55:13.582+0000] {processor.py:830} INFO - Processing file /home/airflow/.local/lib/python3.12/site-packages/airflow/example_dags/example_latest_only_with_trigger.py for tasks to queue
[2025-03-20T10:55:13.582+0000] {logging_mixin.py:188} INFO - [2025-03-20T10:55:13.582+0000] {dagbag.py:545} INFO - Filling up the DagBag from /home/airflow/.local/lib/python3.12/site-packages/airflow/example_dags/example_latest_only_with_trigger.py
[2025-03-20T10:55:13.585+0000] {processor.py:840} INFO - DAG(s) 'latest_only_with_trigger' retrieved from /home/airflow/.local/lib/python3.12/site-packages/airflow/example_dags/example_latest_only_with_trigger.py
[2025-03-20T10:55:13.592+0000] {logging_mixin.py:188} INFO - [2025-03-20T10:55:13.592+0000] {dag.py:3089} INFO - Sync 1 DAGs
[2025-03-20T10:55:13.600+0000] {logging_mixin.py:188} INFO - [2025-03-20T10:55:13.600+0000] {dag.py:3947} INFO - Setting next_dagrun for latest_only_with_trigger to 2025-03-20 04:00:00+00:00, run_after=2025-03-20 08:00:00+00:00
[2025-03-20T10:55:13.607+0000] {processor.py:183} INFO - Processing /home/airflow/.local/lib/python3.12/site-packages/airflow/example_dags/example_latest_only_with_trigger.py took 0.028 seconds
[2025-03-20T10:55:45.968+0000] {processor.py:161} INFO - Started process (PID=890) to work on /home/airflow/.local/lib/python3.12/site-packages/airflow/example_dags/example_latest_only_with_trigger.py
[2025-03-20T10:55:45.969+0000] {processor.py:830} INFO - Processing file /home/airflow/.local/lib/python3.12/site-packages/airflow/example_dags/example_latest_only_with_trigger.py for tasks to queue
[2025-03-20T10:55:45.970+0000] {logging_mixin.py:188} INFO - [2025-03-20T10:55:45.970+0000] {dagbag.py:545} INFO - Filling up the DagBag from /home/airflow/.local/lib/python3.12/site-packages/airflow/example_dags/example_latest_only_with_trigger.py
[2025-03-20T10:55:45.973+0000] {processor.py:840} INFO - DAG(s) 'latest_only_with_trigger' retrieved from /home/airflow/.local/lib/python3.12/site-packages/airflow/example_dags/example_latest_only_with_trigger.py
[2025-03-20T10:55:45.983+0000] {logging_mixin.py:188} INFO - [2025-03-20T10:55:45.983+0000] {dag.py:3089} INFO - Sync 1 DAGs
[2025-03-20T10:55:45.991+0000] {logging_mixin.py:188} INFO - [2025-03-20T10:55:45.991+0000] {dag.py:3947} INFO - Setting next_dagrun for latest_only_with_trigger to 2025-03-20 04:00:00+00:00, run_after=2025-03-20 08:00:00+00:00
[2025-03-20T10:55:45.998+0000] {processor.py:183} INFO - Processing /home/airflow/.local/lib/python3.12/site-packages/airflow/example_dags/example_latest_only_with_trigger.py took 0.033 seconds
[2025-03-20T10:56:18.425+0000] {processor.py:161} INFO - Started process (PID=969) to work on /home/airflow/.local/lib/python3.12/site-packages/airflow/example_dags/example_latest_only_with_trigger.py
[2025-03-20T10:56:18.425+0000] {processor.py:830} INFO - Processing file /home/airflow/.local/lib/python3.12/site-packages/airflow/example_dags/example_latest_only_with_trigger.py for tasks to queue
[2025-03-20T10:56:18.426+0000] {logging_mixin.py:188} INFO - [2025-03-20T10:56:18.426+0000] {dagbag.py:545} INFO - Filling up the DagBag from /home/airflow/.local/lib/python3.12/site-packages/airflow/example_dags/example_latest_only_with_trigger.py
[2025-03-20T10:56:18.429+0000] {processor.py:840} INFO - DAG(s) 'latest_only_with_trigger' retrieved from /home/airflow/.local/lib/python3.12/site-packages/airflow/example_dags/example_latest_only_with_trigger.py
[2025-03-20T10:56:18.437+0000] {logging_mixin.py:188} INFO - [2025-03-20T10:56:18.437+0000] {dag.py:3089} INFO - Sync 1 DAGs
[2025-03-20T10:56:18.447+0000] {logging_mixin.py:188} INFO - [2025-03-20T10:56:18.447+0000] {dag.py:3947} INFO - Setting next_dagrun for latest_only_with_trigger to 2025-03-20 04:00:00+00:00, run_after=2025-03-20 08:00:00+00:00
[2025-03-20T10:56:18.454+0000] {processor.py:183} INFO - Processing /home/airflow/.local/lib/python3.12/site-packages/airflow/example_dags/example_latest_only_with_trigger.py took 0.032 seconds
[2025-03-20T10:56:50.853+0000] {processor.py:161} INFO - Started process (PID=1041) to work on /home/airflow/.local/lib/python3.12/site-packages/airflow/example_dags/example_latest_only_with_trigger.py
[2025-03-20T10:56:50.854+0000] {processor.py:830} INFO - Processing file /home/airflow/.local/lib/python3.12/site-packages/airflow/example_dags/example_latest_only_with_trigger.py for tasks to queue
[2025-03-20T10:56:50.855+0000] {logging_mixin.py:188} INFO - [2025-03-20T10:56:50.855+0000] {dagbag.py:545} INFO - Filling up the DagBag from /home/airflow/.local/lib/python3.12/site-packages/airflow/example_dags/example_latest_only_with_trigger.py
[2025-03-20T10:56:50.859+0000] {processor.py:840} INFO - DAG(s) 'latest_only_with_trigger' retrieved from /home/airflow/.local/lib/python3.12/site-packages/airflow/example_dags/example_latest_only_with_trigger.py
[2025-03-20T10:56:50.868+0000] {logging_mixin.py:188} INFO - [2025-03-20T10:56:50.868+0000] {dag.py:3089} INFO - Sync 1 DAGs
[2025-03-20T10:56:50.877+0000] {logging_mixin.py:188} INFO - [2025-03-20T10:56:50.877+0000] {dag.py:3947} INFO - Setting next_dagrun for latest_only_with_trigger to 2025-03-20 04:00:00+00:00, run_after=2025-03-20 08:00:00+00:00
[2025-03-20T10:56:50.885+0000] {processor.py:183} INFO - Processing /home/airflow/.local/lib/python3.12/site-packages/airflow/example_dags/example_latest_only_with_trigger.py took 0.034 seconds
[2025-03-20T10:57:23.283+0000] {processor.py:161} INFO - Started process (PID=1114) to work on /home/airflow/.local/lib/python3.12/site-packages/airflow/example_dags/example_latest_only_with_trigger.py
[2025-03-20T10:57:23.285+0000] {processor.py:830} INFO - Processing file /home/airflow/.local/lib/python3.12/site-packages/airflow/example_dags/example_latest_only_with_trigger.py for tasks to queue
[2025-03-20T10:57:23.287+0000] {logging_mixin.py:188} INFO - [2025-03-20T10:57:23.286+0000] {dagbag.py:545} INFO - Filling up the DagBag from /home/airflow/.local/lib/python3.12/site-packages/airflow/example_dags/example_latest_only_with_trigger.py
[2025-03-20T10:57:23.289+0000] {processor.py:840} INFO - DAG(s) 'latest_only_with_trigger' retrieved from /home/airflow/.local/lib/python3.12/site-packages/airflow/example_dags/example_latest_only_with_trigger.py
[2025-03-20T10:57:23.298+0000] {logging_mixin.py:188} INFO - [2025-03-20T10:57:23.297+0000] {dag.py:3089} INFO - Sync 1 DAGs
[2025-03-20T10:57:23.308+0000] {logging_mixin.py:188} INFO - [2025-03-20T10:57:23.308+0000] {dag.py:3947} INFO - Setting next_dagrun for latest_only_with_trigger to 2025-03-20 04:00:00+00:00, run_after=2025-03-20 08:00:00+00:00
[2025-03-20T10:57:23.317+0000] {processor.py:183} INFO - Processing /home/airflow/.local/lib/python3.12/site-packages/airflow/example_dags/example_latest_only_with_trigger.py took 0.036 seconds
[2025-03-20T10:57:55.868+0000] {processor.py:161} INFO - Started process (PID=1186) to work on /home/airflow/.local/lib/python3.12/site-packages/airflow/example_dags/example_latest_only_with_trigger.py
[2025-03-20T10:57:55.868+0000] {processor.py:830} INFO - Processing file /home/airflow/.local/lib/python3.12/site-packages/airflow/example_dags/example_latest_only_with_trigger.py for tasks to queue
[2025-03-20T10:57:55.869+0000] {logging_mixin.py:188} INFO - [2025-03-20T10:57:55.869+0000] {dagbag.py:545} INFO - Filling up the DagBag from /home/airflow/.local/lib/python3.12/site-packages/airflow/example_dags/example_latest_only_with_trigger.py
[2025-03-20T10:57:55.872+0000] {processor.py:840} INFO - DAG(s) 'latest_only_with_trigger' retrieved from /home/airflow/.local/lib/python3.12/site-packages/airflow/example_dags/example_latest_only_with_trigger.py
[2025-03-20T10:57:55.885+0000] {logging_mixin.py:188} INFO - [2025-03-20T10:57:55.885+0000] {dag.py:3089} INFO - Sync 1 DAGs
[2025-03-20T10:57:55.895+0000] {logging_mixin.py:188} INFO - [2025-03-20T10:57:55.894+0000] {dag.py:3947} INFO - Setting next_dagrun for latest_only_with_trigger to 2025-03-20 04:00:00+00:00, run_after=2025-03-20 08:00:00+00:00
[2025-03-20T10:57:55.907+0000] {processor.py:183} INFO - Processing /home/airflow/.local/lib/python3.12/site-packages/airflow/example_dags/example_latest_only_with_trigger.py took 0.042 seconds
[2025-03-20T10:58:28.634+0000] {processor.py:161} INFO - Started process (PID=1257) to work on /home/airflow/.local/lib/python3.12/site-packages/airflow/example_dags/example_latest_only_with_trigger.py
[2025-03-20T10:58:28.635+0000] {processor.py:830} INFO - Processing file /home/airflow/.local/lib/python3.12/site-packages/airflow/example_dags/example_latest_only_with_trigger.py for tasks to queue
[2025-03-20T10:58:28.636+0000] {logging_mixin.py:188} INFO - [2025-03-20T10:58:28.636+0000] {dagbag.py:545} INFO - Filling up the DagBag from /home/airflow/.local/lib/python3.12/site-packages/airflow/example_dags/example_latest_only_with_trigger.py
[2025-03-20T10:58:28.639+0000] {processor.py:840} INFO - DAG(s) 'latest_only_with_trigger' retrieved from /home/airflow/.local/lib/python3.12/site-packages/airflow/example_dags/example_latest_only_with_trigger.py
[2025-03-20T10:58:28.650+0000] {logging_mixin.py:188} INFO - [2025-03-20T10:58:28.650+0000] {dag.py:3089} INFO - Sync 1 DAGs
[2025-03-20T10:58:28.659+0000] {logging_mixin.py:188} INFO - [2025-03-20T10:58:28.658+0000] {dag.py:3947} INFO - Setting next_dagrun for latest_only_with_trigger to 2025-03-20 04:00:00+00:00, run_after=2025-03-20 08:00:00+00:00
[2025-03-20T10:58:28.672+0000] {processor.py:183} INFO - Processing /home/airflow/.local/lib/python3.12/site-packages/airflow/example_dags/example_latest_only_with_trigger.py took 0.040 seconds
[2025-03-20T10:59:01.424+0000] {processor.py:161} INFO - Started process (PID=1329) to work on /home/airflow/.local/lib/python3.12/site-packages/airflow/example_dags/example_latest_only_with_trigger.py
[2025-03-20T10:59:01.425+0000] {processor.py:830} INFO - Processing file /home/airflow/.local/lib/python3.12/site-packages/airflow/example_dags/example_latest_only_with_trigger.py for tasks to queue
[2025-03-20T10:59:01.426+0000] {logging_mixin.py:188} INFO - [2025-03-20T10:59:01.426+0000] {dagbag.py:545} INFO - Filling up the DagBag from /home/airflow/.local/lib/python3.12/site-packages/airflow/example_dags/example_latest_only_with_trigger.py
[2025-03-20T10:59:01.430+0000] {processor.py:840} INFO - DAG(s) 'latest_only_with_trigger' retrieved from /home/airflow/.local/lib/python3.12/site-packages/airflow/example_dags/example_latest_only_with_trigger.py
[2025-03-20T10:59:01.441+0000] {logging_mixin.py:188} INFO - [2025-03-20T10:59:01.441+0000] {dag.py:3089} INFO - Sync 1 DAGs
[2025-03-20T10:59:01.454+0000] {logging_mixin.py:188} INFO - [2025-03-20T10:59:01.454+0000] {dag.py:3947} INFO - Setting next_dagrun for latest_only_with_trigger to 2025-03-20 04:00:00+00:00, run_after=2025-03-20 08:00:00+00:00
[2025-03-20T10:59:01.463+0000] {processor.py:183} INFO - Processing /home/airflow/.local/lib/python3.12/site-packages/airflow/example_dags/example_latest_only_with_trigger.py took 0.042 seconds
[2025-03-20T10:59:34.014+0000] {processor.py:161} INFO - Started process (PID=1401) to work on /home/airflow/.local/lib/python3.12/site-packages/airflow/example_dags/example_latest_only_with_trigger.py
[2025-03-20T10:59:34.014+0000] {processor.py:830} INFO - Processing file /home/airflow/.local/lib/python3.12/site-packages/airflow/example_dags/example_latest_only_with_trigger.py for tasks to queue
[2025-03-20T10:59:34.015+0000] {logging_mixin.py:188} INFO - [2025-03-20T10:59:34.015+0000] {dagbag.py:545} INFO - Filling up the DagBag from /home/airflow/.local/lib/python3.12/site-packages/airflow/example_dags/example_latest_only_with_trigger.py
[2025-03-20T10:59:34.018+0000] {processor.py:840} INFO - DAG(s) 'latest_only_with_trigger' retrieved from /home/airflow/.local/lib/python3.12/site-packages/airflow/example_dags/example_latest_only_with_trigger.py
[2025-03-20T10:59:34.028+0000] {logging_mixin.py:188} INFO - [2025-03-20T10:59:34.028+0000] {dag.py:3089} INFO - Sync 1 DAGs
[2025-03-20T10:59:34.037+0000] {logging_mixin.py:188} INFO - [2025-03-20T10:59:34.036+0000] {dag.py:3947} INFO - Setting next_dagrun for latest_only_with_trigger to 2025-03-20 04:00:00+00:00, run_after=2025-03-20 08:00:00+00:00
[2025-03-20T10:59:34.046+0000] {processor.py:183} INFO - Processing /home/airflow/.local/lib/python3.12/site-packages/airflow/example_dags/example_latest_only_with_trigger.py took 0.035 seconds
[2025-03-20T11:00:06.797+0000] {processor.py:161} INFO - Started process (PID=1473) to work on /home/airflow/.local/lib/python3.12/site-packages/airflow/example_dags/example_latest_only_with_trigger.py
[2025-03-20T11:00:06.797+0000] {processor.py:830} INFO - Processing file /home/airflow/.local/lib/python3.12/site-packages/airflow/example_dags/example_latest_only_with_trigger.py for tasks to queue
[2025-03-20T11:00:06.798+0000] {logging_mixin.py:188} INFO - [2025-03-20T11:00:06.798+0000] {dagbag.py:545} INFO - Filling up the DagBag from /home/airflow/.local/lib/python3.12/site-packages/airflow/example_dags/example_latest_only_with_trigger.py
[2025-03-20T11:00:06.800+0000] {processor.py:840} INFO - DAG(s) 'latest_only_with_trigger' retrieved from /home/airflow/.local/lib/python3.12/site-packages/airflow/example_dags/example_latest_only_with_trigger.py
[2025-03-20T11:00:06.808+0000] {logging_mixin.py:188} INFO - [2025-03-20T11:00:06.808+0000] {dag.py:3089} INFO - Sync 1 DAGs
[2025-03-20T11:00:06.816+0000] {logging_mixin.py:188} INFO - [2025-03-20T11:00:06.815+0000] {dag.py:3947} INFO - Setting next_dagrun for latest_only_with_trigger to 2025-03-20 04:00:00+00:00, run_after=2025-03-20 08:00:00+00:00
[2025-03-20T11:00:06.822+0000] {processor.py:183} INFO - Processing /home/airflow/.local/lib/python3.12/site-packages/airflow/example_dags/example_latest_only_with_trigger.py took 0.028 seconds
[2025-03-20T11:00:39.235+0000] {processor.py:161} INFO - Started process (PID=1545) to work on /home/airflow/.local/lib/python3.12/site-packages/airflow/example_dags/example_latest_only_with_trigger.py
[2025-03-20T11:00:39.236+0000] {processor.py:830} INFO - Processing file /home/airflow/.local/lib/python3.12/site-packages/airflow/example_dags/example_latest_only_with_trigger.py for tasks to queue
[2025-03-20T11:00:39.238+0000] {logging_mixin.py:188} INFO - [2025-03-20T11:00:39.238+0000] {dagbag.py:545} INFO - Filling up the DagBag from /home/airflow/.local/lib/python3.12/site-packages/airflow/example_dags/example_latest_only_with_trigger.py
[2025-03-20T11:00:39.242+0000] {processor.py:840} INFO - DAG(s) 'latest_only_with_trigger' retrieved from /home/airflow/.local/lib/python3.12/site-packages/airflow/example_dags/example_latest_only_with_trigger.py
[2025-03-20T11:00:39.253+0000] {logging_mixin.py:188} INFO - [2025-03-20T11:00:39.253+0000] {dag.py:3089} INFO - Sync 1 DAGs
[2025-03-20T11:00:39.263+0000] {logging_mixin.py:188} INFO - [2025-03-20T11:00:39.263+0000] {dag.py:3947} INFO - Setting next_dagrun for latest_only_with_trigger to 2025-03-20 04:00:00+00:00, run_after=2025-03-20 08:00:00+00:00
[2025-03-20T11:00:39.269+0000] {processor.py:183} INFO - Processing /home/airflow/.local/lib/python3.12/site-packages/airflow/example_dags/example_latest_only_with_trigger.py took 0.037 seconds
[2025-03-20T11:01:11.930+0000] {processor.py:161} INFO - Started process (PID=1617) to work on /home/airflow/.local/lib/python3.12/site-packages/airflow/example_dags/example_latest_only_with_trigger.py
[2025-03-20T11:01:11.931+0000] {processor.py:830} INFO - Processing file /home/airflow/.local/lib/python3.12/site-packages/airflow/example_dags/example_latest_only_with_trigger.py for tasks to queue
[2025-03-20T11:01:11.932+0000] {logging_mixin.py:188} INFO - [2025-03-20T11:01:11.932+0000] {dagbag.py:545} INFO - Filling up the DagBag from /home/airflow/.local/lib/python3.12/site-packages/airflow/example_dags/example_latest_only_with_trigger.py
[2025-03-20T11:01:11.935+0000] {processor.py:840} INFO - DAG(s) 'latest_only_with_trigger' retrieved from /home/airflow/.local/lib/python3.12/site-packages/airflow/example_dags/example_latest_only_with_trigger.py
[2025-03-20T11:01:11.947+0000] {logging_mixin.py:188} INFO - [2025-03-20T11:01:11.947+0000] {dag.py:3089} INFO - Sync 1 DAGs
[2025-03-20T11:01:11.957+0000] {logging_mixin.py:188} INFO - [2025-03-20T11:01:11.957+0000] {dag.py:3947} INFO - Setting next_dagrun for latest_only_with_trigger to 2025-03-20 04:00:00+00:00, run_after=2025-03-20 08:00:00+00:00
[2025-03-20T11:01:11.970+0000] {processor.py:183} INFO - Processing /home/airflow/.local/lib/python3.12/site-packages/airflow/example_dags/example_latest_only_with_trigger.py took 0.043 seconds
[2025-03-20T11:01:44.478+0000] {processor.py:161} INFO - Started process (PID=1689) to work on /home/airflow/.local/lib/python3.12/site-packages/airflow/example_dags/example_latest_only_with_trigger.py
[2025-03-20T11:01:44.479+0000] {processor.py:830} INFO - Processing file /home/airflow/.local/lib/python3.12/site-packages/airflow/example_dags/example_latest_only_with_trigger.py for tasks to queue
[2025-03-20T11:01:44.480+0000] {logging_mixin.py:188} INFO - [2025-03-20T11:01:44.480+0000] {dagbag.py:545} INFO - Filling up the DagBag from /home/airflow/.local/lib/python3.12/site-packages/airflow/example_dags/example_latest_only_with_trigger.py
[2025-03-20T11:01:44.483+0000] {processor.py:840} INFO - DAG(s) 'latest_only_with_trigger' retrieved from /home/airflow/.local/lib/python3.12/site-packages/airflow/example_dags/example_latest_only_with_trigger.py
[2025-03-20T11:01:44.495+0000] {logging_mixin.py:188} INFO - [2025-03-20T11:01:44.495+0000] {dag.py:3089} INFO - Sync 1 DAGs
[2025-03-20T11:01:44.504+0000] {logging_mixin.py:188} INFO - [2025-03-20T11:01:44.504+0000] {dag.py:3947} INFO - Setting next_dagrun for latest_only_with_trigger to 2025-03-20 04:00:00+00:00, run_after=2025-03-20 08:00:00+00:00
[2025-03-20T11:01:44.513+0000] {processor.py:183} INFO - Processing /home/airflow/.local/lib/python3.12/site-packages/airflow/example_dags/example_latest_only_with_trigger.py took 0.038 seconds
[2025-03-20T11:02:17.115+0000] {processor.py:161} INFO - Started process (PID=1761) to work on /home/airflow/.local/lib/python3.12/site-packages/airflow/example_dags/example_latest_only_with_trigger.py
[2025-03-20T11:02:17.116+0000] {processor.py:830} INFO - Processing file /home/airflow/.local/lib/python3.12/site-packages/airflow/example_dags/example_latest_only_with_trigger.py for tasks to queue
[2025-03-20T11:02:17.118+0000] {logging_mixin.py:188} INFO - [2025-03-20T11:02:17.118+0000] {dagbag.py:545} INFO - Filling up the DagBag from /home/airflow/.local/lib/python3.12/site-packages/airflow/example_dags/example_latest_only_with_trigger.py
[2025-03-20T11:02:17.122+0000] {processor.py:840} INFO - DAG(s) 'latest_only_with_trigger' retrieved from /home/airflow/.local/lib/python3.12/site-packages/airflow/example_dags/example_latest_only_with_trigger.py
[2025-03-20T11:02:17.133+0000] {logging_mixin.py:188} INFO - [2025-03-20T11:02:17.133+0000] {dag.py:3089} INFO - Sync 1 DAGs
[2025-03-20T11:02:17.141+0000] {logging_mixin.py:188} INFO - [2025-03-20T11:02:17.141+0000] {dag.py:3947} INFO - Setting next_dagrun for latest_only_with_trigger to 2025-03-20 04:00:00+00:00, run_after=2025-03-20 08:00:00+00:00
[2025-03-20T11:02:17.149+0000] {processor.py:183} INFO - Processing /home/airflow/.local/lib/python3.12/site-packages/airflow/example_dags/example_latest_only_with_trigger.py took 0.038 seconds
[2025-03-20T11:02:49.658+0000] {processor.py:161} INFO - Started process (PID=1838) to work on /home/airflow/.local/lib/python3.12/site-packages/airflow/example_dags/example_latest_only_with_trigger.py
[2025-03-20T11:02:49.659+0000] {processor.py:830} INFO - Processing file /home/airflow/.local/lib/python3.12/site-packages/airflow/example_dags/example_latest_only_with_trigger.py for tasks to queue
[2025-03-20T11:02:49.660+0000] {logging_mixin.py:188} INFO - [2025-03-20T11:02:49.660+0000] {dagbag.py:545} INFO - Filling up the DagBag from /home/airflow/.local/lib/python3.12/site-packages/airflow/example_dags/example_latest_only_with_trigger.py
[2025-03-20T11:02:49.664+0000] {processor.py:840} INFO - DAG(s) 'latest_only_with_trigger' retrieved from /home/airflow/.local/lib/python3.12/site-packages/airflow/example_dags/example_latest_only_with_trigger.py
[2025-03-20T11:02:49.677+0000] {logging_mixin.py:188} INFO - [2025-03-20T11:02:49.676+0000] {dag.py:3089} INFO - Sync 1 DAGs
[2025-03-20T11:02:49.685+0000] {logging_mixin.py:188} INFO - [2025-03-20T11:02:49.685+0000] {dag.py:3947} INFO - Setting next_dagrun for latest_only_with_trigger to 2025-03-20 04:00:00+00:00, run_after=2025-03-20 08:00:00+00:00
[2025-03-20T11:02:49.696+0000] {processor.py:183} INFO - Processing /home/airflow/.local/lib/python3.12/site-packages/airflow/example_dags/example_latest_only_with_trigger.py took 0.040 seconds
[2025-03-20T11:03:22.503+0000] {processor.py:161} INFO - Started process (PID=1910) to work on /home/airflow/.local/lib/python3.12/site-packages/airflow/example_dags/example_latest_only_with_trigger.py
[2025-03-20T11:03:22.504+0000] {processor.py:830} INFO - Processing file /home/airflow/.local/lib/python3.12/site-packages/airflow/example_dags/example_latest_only_with_trigger.py for tasks to queue
[2025-03-20T11:03:22.505+0000] {logging_mixin.py:188} INFO - [2025-03-20T11:03:22.505+0000] {dagbag.py:545} INFO - Filling up the DagBag from /home/airflow/.local/lib/python3.12/site-packages/airflow/example_dags/example_latest_only_with_trigger.py
[2025-03-20T11:03:22.508+0000] {processor.py:840} INFO - DAG(s) 'latest_only_with_trigger' retrieved from /home/airflow/.local/lib/python3.12/site-packages/airflow/example_dags/example_latest_only_with_trigger.py
[2025-03-20T11:03:22.519+0000] {logging_mixin.py:188} INFO - [2025-03-20T11:03:22.518+0000] {dag.py:3089} INFO - Sync 1 DAGs
[2025-03-20T11:03:22.530+0000] {logging_mixin.py:188} INFO - [2025-03-20T11:03:22.529+0000] {dag.py:3947} INFO - Setting next_dagrun for latest_only_with_trigger to 2025-03-20 04:00:00+00:00, run_after=2025-03-20 08:00:00+00:00
[2025-03-20T11:03:22.543+0000] {processor.py:183} INFO - Processing /home/airflow/.local/lib/python3.12/site-packages/airflow/example_dags/example_latest_only_with_trigger.py took 0.044 seconds
[2025-03-20T11:03:55.291+0000] {processor.py:161} INFO - Started process (PID=1982) to work on /home/airflow/.local/lib/python3.12/site-packages/airflow/example_dags/example_latest_only_with_trigger.py
[2025-03-20T11:03:55.292+0000] {processor.py:830} INFO - Processing file /home/airflow/.local/lib/python3.12/site-packages/airflow/example_dags/example_latest_only_with_trigger.py for tasks to queue
[2025-03-20T11:03:55.294+0000] {logging_mixin.py:188} INFO - [2025-03-20T11:03:55.294+0000] {dagbag.py:545} INFO - Filling up the DagBag from /home/airflow/.local/lib/python3.12/site-packages/airflow/example_dags/example_latest_only_with_trigger.py
[2025-03-20T11:03:55.296+0000] {processor.py:840} INFO - DAG(s) 'latest_only_with_trigger' retrieved from /home/airflow/.local/lib/python3.12/site-packages/airflow/example_dags/example_latest_only_with_trigger.py
[2025-03-20T11:03:55.308+0000] {logging_mixin.py:188} INFO - [2025-03-20T11:03:55.308+0000] {dag.py:3089} INFO - Sync 1 DAGs
[2025-03-20T11:03:55.317+0000] {logging_mixin.py:188} INFO - [2025-03-20T11:03:55.317+0000] {dag.py:3947} INFO - Setting next_dagrun for latest_only_with_trigger to 2025-03-20 04:00:00+00:00, run_after=2025-03-20 08:00:00+00:00
[2025-03-20T11:03:55.330+0000] {processor.py:183} INFO - Processing /home/airflow/.local/lib/python3.12/site-packages/airflow/example_dags/example_latest_only_with_trigger.py took 0.042 seconds
[2025-03-20T11:04:27.802+0000] {processor.py:161} INFO - Started process (PID=2054) to work on /home/airflow/.local/lib/python3.12/site-packages/airflow/example_dags/example_latest_only_with_trigger.py
[2025-03-20T11:04:27.802+0000] {processor.py:830} INFO - Processing file /home/airflow/.local/lib/python3.12/site-packages/airflow/example_dags/example_latest_only_with_trigger.py for tasks to queue
[2025-03-20T11:04:27.803+0000] {logging_mixin.py:188} INFO - [2025-03-20T11:04:27.803+0000] {dagbag.py:545} INFO - Filling up the DagBag from /home/airflow/.local/lib/python3.12/site-packages/airflow/example_dags/example_latest_only_with_trigger.py
[2025-03-20T11:04:27.806+0000] {processor.py:840} INFO - DAG(s) 'latest_only_with_trigger' retrieved from /home/airflow/.local/lib/python3.12/site-packages/airflow/example_dags/example_latest_only_with_trigger.py
[2025-03-20T11:04:27.816+0000] {logging_mixin.py:188} INFO - [2025-03-20T11:04:27.815+0000] {dag.py:3089} INFO - Sync 1 DAGs
[2025-03-20T11:04:27.824+0000] {logging_mixin.py:188} INFO - [2025-03-20T11:04:27.824+0000] {dag.py:3947} INFO - Setting next_dagrun for latest_only_with_trigger to 2025-03-20 04:00:00+00:00, run_after=2025-03-20 08:00:00+00:00
[2025-03-20T11:04:27.839+0000] {processor.py:183} INFO - Processing /home/airflow/.local/lib/python3.12/site-packages/airflow/example_dags/example_latest_only_with_trigger.py took 0.040 seconds
[2025-03-20T11:05:00.313+0000] {processor.py:161} INFO - Started process (PID=2126) to work on /home/airflow/.local/lib/python3.12/site-packages/airflow/example_dags/example_latest_only_with_trigger.py
[2025-03-20T11:05:00.313+0000] {processor.py:830} INFO - Processing file /home/airflow/.local/lib/python3.12/site-packages/airflow/example_dags/example_latest_only_with_trigger.py for tasks to queue
[2025-03-20T11:05:00.315+0000] {logging_mixin.py:188} INFO - [2025-03-20T11:05:00.314+0000] {dagbag.py:545} INFO - Filling up the DagBag from /home/airflow/.local/lib/python3.12/site-packages/airflow/example_dags/example_latest_only_with_trigger.py
[2025-03-20T11:05:00.317+0000] {processor.py:840} INFO - DAG(s) 'latest_only_with_trigger' retrieved from /home/airflow/.local/lib/python3.12/site-packages/airflow/example_dags/example_latest_only_with_trigger.py
[2025-03-20T11:05:00.330+0000] {logging_mixin.py:188} INFO - [2025-03-20T11:05:00.330+0000] {dag.py:3089} INFO - Sync 1 DAGs
[2025-03-20T11:05:00.341+0000] {logging_mixin.py:188} INFO - [2025-03-20T11:05:00.341+0000] {dag.py:3947} INFO - Setting next_dagrun for latest_only_with_trigger to 2025-03-20 04:00:00+00:00, run_after=2025-03-20 08:00:00+00:00
[2025-03-20T11:05:00.352+0000] {processor.py:183} INFO - Processing /home/airflow/.local/lib/python3.12/site-packages/airflow/example_dags/example_latest_only_with_trigger.py took 0.042 seconds
[2025-03-20T11:05:32.833+0000] {processor.py:161} INFO - Started process (PID=2198) to work on /home/airflow/.local/lib/python3.12/site-packages/airflow/example_dags/example_latest_only_with_trigger.py
[2025-03-20T11:05:32.835+0000] {processor.py:830} INFO - Processing file /home/airflow/.local/lib/python3.12/site-packages/airflow/example_dags/example_latest_only_with_trigger.py for tasks to queue
[2025-03-20T11:05:32.836+0000] {logging_mixin.py:188} INFO - [2025-03-20T11:05:32.836+0000] {dagbag.py:545} INFO - Filling up the DagBag from /home/airflow/.local/lib/python3.12/site-packages/airflow/example_dags/example_latest_only_with_trigger.py
[2025-03-20T11:05:32.839+0000] {processor.py:840} INFO - DAG(s) 'latest_only_with_trigger' retrieved from /home/airflow/.local/lib/python3.12/site-packages/airflow/example_dags/example_latest_only_with_trigger.py
[2025-03-20T11:05:32.854+0000] {logging_mixin.py:188} INFO - [2025-03-20T11:05:32.854+0000] {dag.py:3089} INFO - Sync 1 DAGs
[2025-03-20T11:05:32.864+0000] {logging_mixin.py:188} INFO - [2025-03-20T11:05:32.863+0000] {dag.py:3947} INFO - Setting next_dagrun for latest_only_with_trigger to 2025-03-20 04:00:00+00:00, run_after=2025-03-20 08:00:00+00:00
[2025-03-20T11:05:32.873+0000] {processor.py:183} INFO - Processing /home/airflow/.local/lib/python3.12/site-packages/airflow/example_dags/example_latest_only_with_trigger.py took 0.042 seconds
[2025-03-20T11:06:05.542+0000] {processor.py:161} INFO - Started process (PID=2270) to work on /home/airflow/.local/lib/python3.12/site-packages/airflow/example_dags/example_latest_only_with_trigger.py
[2025-03-20T11:06:05.542+0000] {processor.py:830} INFO - Processing file /home/airflow/.local/lib/python3.12/site-packages/airflow/example_dags/example_latest_only_with_trigger.py for tasks to queue
[2025-03-20T11:06:05.543+0000] {logging_mixin.py:188} INFO - [2025-03-20T11:06:05.543+0000] {dagbag.py:545} INFO - Filling up the DagBag from /home/airflow/.local/lib/python3.12/site-packages/airflow/example_dags/example_latest_only_with_trigger.py
[2025-03-20T11:06:05.545+0000] {processor.py:840} INFO - DAG(s) 'latest_only_with_trigger' retrieved from /home/airflow/.local/lib/python3.12/site-packages/airflow/example_dags/example_latest_only_with_trigger.py
[2025-03-20T11:06:05.556+0000] {logging_mixin.py:188} INFO - [2025-03-20T11:06:05.556+0000] {dag.py:3089} INFO - Sync 1 DAGs
[2025-03-20T11:06:05.565+0000] {logging_mixin.py:188} INFO - [2025-03-20T11:06:05.565+0000] {dag.py:3947} INFO - Setting next_dagrun for latest_only_with_trigger to 2025-03-20 04:00:00+00:00, run_after=2025-03-20 08:00:00+00:00
[2025-03-20T11:06:05.577+0000] {processor.py:183} INFO - Processing /home/airflow/.local/lib/python3.12/site-packages/airflow/example_dags/example_latest_only_with_trigger.py took 0.038 seconds
[2025-03-20T11:06:38.116+0000] {processor.py:161} INFO - Started process (PID=2343) to work on /home/airflow/.local/lib/python3.12/site-packages/airflow/example_dags/example_latest_only_with_trigger.py
[2025-03-20T11:06:38.117+0000] {processor.py:830} INFO - Processing file /home/airflow/.local/lib/python3.12/site-packages/airflow/example_dags/example_latest_only_with_trigger.py for tasks to queue
[2025-03-20T11:06:38.119+0000] {logging_mixin.py:188} INFO - [2025-03-20T11:06:38.118+0000] {dagbag.py:545} INFO - Filling up the DagBag from /home/airflow/.local/lib/python3.12/site-packages/airflow/example_dags/example_latest_only_with_trigger.py
[2025-03-20T11:06:38.122+0000] {processor.py:840} INFO - DAG(s) 'latest_only_with_trigger' retrieved from /home/airflow/.local/lib/python3.12/site-packages/airflow/example_dags/example_latest_only_with_trigger.py
[2025-03-20T11:06:38.133+0000] {logging_mixin.py:188} INFO - [2025-03-20T11:06:38.133+0000] {dag.py:3089} INFO - Sync 1 DAGs
[2025-03-20T11:06:38.143+0000] {logging_mixin.py:188} INFO - [2025-03-20T11:06:38.143+0000] {dag.py:3947} INFO - Setting next_dagrun for latest_only_with_trigger to 2025-03-20 04:00:00+00:00, run_after=2025-03-20 08:00:00+00:00
[2025-03-20T11:06:38.152+0000] {processor.py:183} INFO - Processing /home/airflow/.local/lib/python3.12/site-packages/airflow/example_dags/example_latest_only_with_trigger.py took 0.039 seconds
[2025-03-20T11:07:10.675+0000] {processor.py:161} INFO - Started process (PID=2415) to work on /home/airflow/.local/lib/python3.12/site-packages/airflow/example_dags/example_latest_only_with_trigger.py
[2025-03-20T11:07:10.675+0000] {processor.py:830} INFO - Processing file /home/airflow/.local/lib/python3.12/site-packages/airflow/example_dags/example_latest_only_with_trigger.py for tasks to queue
[2025-03-20T11:07:10.676+0000] {logging_mixin.py:188} INFO - [2025-03-20T11:07:10.676+0000] {dagbag.py:545} INFO - Filling up the DagBag from /home/airflow/.local/lib/python3.12/site-packages/airflow/example_dags/example_latest_only_with_trigger.py
[2025-03-20T11:07:10.679+0000] {processor.py:840} INFO - DAG(s) 'latest_only_with_trigger' retrieved from /home/airflow/.local/lib/python3.12/site-packages/airflow/example_dags/example_latest_only_with_trigger.py
[2025-03-20T11:07:10.688+0000] {logging_mixin.py:188} INFO - [2025-03-20T11:07:10.688+0000] {dag.py:3089} INFO - Sync 1 DAGs
[2025-03-20T11:07:10.697+0000] {logging_mixin.py:188} INFO - [2025-03-20T11:07:10.697+0000] {dag.py:3947} INFO - Setting next_dagrun for latest_only_with_trigger to 2025-03-20 04:00:00+00:00, run_after=2025-03-20 08:00:00+00:00
[2025-03-20T11:07:10.706+0000] {processor.py:183} INFO - Processing /home/airflow/.local/lib/python3.12/site-packages/airflow/example_dags/example_latest_only_with_trigger.py took 0.034 seconds
[2025-03-20T11:07:43.127+0000] {processor.py:161} INFO - Started process (PID=2487) to work on /home/airflow/.local/lib/python3.12/site-packages/airflow/example_dags/example_latest_only_with_trigger.py
[2025-03-20T11:07:43.128+0000] {processor.py:830} INFO - Processing file /home/airflow/.local/lib/python3.12/site-packages/airflow/example_dags/example_latest_only_with_trigger.py for tasks to queue
[2025-03-20T11:07:43.128+0000] {logging_mixin.py:188} INFO - [2025-03-20T11:07:43.128+0000] {dagbag.py:545} INFO - Filling up the DagBag from /home/airflow/.local/lib/python3.12/site-packages/airflow/example_dags/example_latest_only_with_trigger.py
[2025-03-20T11:07:43.131+0000] {processor.py:840} INFO - DAG(s) 'latest_only_with_trigger' retrieved from /home/airflow/.local/lib/python3.12/site-packages/airflow/example_dags/example_latest_only_with_trigger.py
[2025-03-20T11:07:43.140+0000] {logging_mixin.py:188} INFO - [2025-03-20T11:07:43.140+0000] {dag.py:3089} INFO - Sync 1 DAGs
[2025-03-20T11:07:43.149+0000] {logging_mixin.py:188} INFO - [2025-03-20T11:07:43.149+0000] {dag.py:3947} INFO - Setting next_dagrun for latest_only_with_trigger to 2025-03-20 04:00:00+00:00, run_after=2025-03-20 08:00:00+00:00
[2025-03-20T11:07:43.156+0000] {processor.py:183} INFO - Processing /home/airflow/.local/lib/python3.12/site-packages/airflow/example_dags/example_latest_only_with_trigger.py took 0.031 seconds
[2025-03-20T11:08:15.477+0000] {processor.py:161} INFO - Started process (PID=2559) to work on /home/airflow/.local/lib/python3.12/site-packages/airflow/example_dags/example_latest_only_with_trigger.py
[2025-03-20T11:08:15.478+0000] {processor.py:830} INFO - Processing file /home/airflow/.local/lib/python3.12/site-packages/airflow/example_dags/example_latest_only_with_trigger.py for tasks to queue
[2025-03-20T11:08:15.478+0000] {logging_mixin.py:188} INFO - [2025-03-20T11:08:15.478+0000] {dagbag.py:545} INFO - Filling up the DagBag from /home/airflow/.local/lib/python3.12/site-packages/airflow/example_dags/example_latest_only_with_trigger.py
[2025-03-20T11:08:15.481+0000] {processor.py:840} INFO - DAG(s) 'latest_only_with_trigger' retrieved from /home/airflow/.local/lib/python3.12/site-packages/airflow/example_dags/example_latest_only_with_trigger.py
[2025-03-20T11:08:15.493+0000] {logging_mixin.py:188} INFO - [2025-03-20T11:08:15.493+0000] {dag.py:3089} INFO - Sync 1 DAGs
[2025-03-20T11:08:15.501+0000] {logging_mixin.py:188} INFO - [2025-03-20T11:08:15.501+0000] {dag.py:3947} INFO - Setting next_dagrun for latest_only_with_trigger to 2025-03-20 04:00:00+00:00, run_after=2025-03-20 08:00:00+00:00
[2025-03-20T11:08:15.508+0000] {processor.py:183} INFO - Processing /home/airflow/.local/lib/python3.12/site-packages/airflow/example_dags/example_latest_only_with_trigger.py took 0.034 seconds
[2025-03-20T11:08:48.048+0000] {processor.py:161} INFO - Started process (PID=2631) to work on /home/airflow/.local/lib/python3.12/site-packages/airflow/example_dags/example_latest_only_with_trigger.py
[2025-03-20T11:08:48.048+0000] {processor.py:830} INFO - Processing file /home/airflow/.local/lib/python3.12/site-packages/airflow/example_dags/example_latest_only_with_trigger.py for tasks to queue
[2025-03-20T11:08:48.049+0000] {logging_mixin.py:188} INFO - [2025-03-20T11:08:48.049+0000] {dagbag.py:545} INFO - Filling up the DagBag from /home/airflow/.local/lib/python3.12/site-packages/airflow/example_dags/example_latest_only_with_trigger.py
[2025-03-20T11:08:48.051+0000] {processor.py:840} INFO - DAG(s) 'latest_only_with_trigger' retrieved from /home/airflow/.local/lib/python3.12/site-packages/airflow/example_dags/example_latest_only_with_trigger.py
[2025-03-20T11:08:48.059+0000] {logging_mixin.py:188} INFO - [2025-03-20T11:08:48.059+0000] {dag.py:3089} INFO - Sync 1 DAGs
[2025-03-20T11:08:48.067+0000] {logging_mixin.py:188} INFO - [2025-03-20T11:08:48.067+0000] {dag.py:3947} INFO - Setting next_dagrun for latest_only_with_trigger to 2025-03-20 04:00:00+00:00, run_after=2025-03-20 08:00:00+00:00
[2025-03-20T11:08:48.073+0000] {processor.py:183} INFO - Processing /home/airflow/.local/lib/python3.12/site-packages/airflow/example_dags/example_latest_only_with_trigger.py took 0.027 seconds
[2025-03-20T11:09:20.434+0000] {processor.py:161} INFO - Started process (PID=2708) to work on /home/airflow/.local/lib/python3.12/site-packages/airflow/example_dags/example_latest_only_with_trigger.py
[2025-03-20T11:09:20.435+0000] {processor.py:830} INFO - Processing file /home/airflow/.local/lib/python3.12/site-packages/airflow/example_dags/example_latest_only_with_trigger.py for tasks to queue
[2025-03-20T11:09:20.436+0000] {logging_mixin.py:188} INFO - [2025-03-20T11:09:20.435+0000] {dagbag.py:545} INFO - Filling up the DagBag from /home/airflow/.local/lib/python3.12/site-packages/airflow/example_dags/example_latest_only_with_trigger.py
[2025-03-20T11:09:20.438+0000] {processor.py:840} INFO - DAG(s) 'latest_only_with_trigger' retrieved from /home/airflow/.local/lib/python3.12/site-packages/airflow/example_dags/example_latest_only_with_trigger.py
[2025-03-20T11:09:20.451+0000] {logging_mixin.py:188} INFO - [2025-03-20T11:09:20.451+0000] {dag.py:3089} INFO - Sync 1 DAGs
[2025-03-20T11:09:20.460+0000] {logging_mixin.py:188} INFO - [2025-03-20T11:09:20.460+0000] {dag.py:3947} INFO - Setting next_dagrun for latest_only_with_trigger to 2025-03-20 04:00:00+00:00, run_after=2025-03-20 08:00:00+00:00
[2025-03-20T11:09:20.469+0000] {processor.py:183} INFO - Processing /home/airflow/.local/lib/python3.12/site-packages/airflow/example_dags/example_latest_only_with_trigger.py took 0.037 seconds
[2025-03-20T11:09:53.046+0000] {processor.py:161} INFO - Started process (PID=2780) to work on /home/airflow/.local/lib/python3.12/site-packages/airflow/example_dags/example_latest_only_with_trigger.py
[2025-03-20T11:09:53.047+0000] {processor.py:830} INFO - Processing file /home/airflow/.local/lib/python3.12/site-packages/airflow/example_dags/example_latest_only_with_trigger.py for tasks to queue
[2025-03-20T11:09:53.048+0000] {logging_mixin.py:188} INFO - [2025-03-20T11:09:53.048+0000] {dagbag.py:545} INFO - Filling up the DagBag from /home/airflow/.local/lib/python3.12/site-packages/airflow/example_dags/example_latest_only_with_trigger.py
[2025-03-20T11:09:53.051+0000] {processor.py:840} INFO - DAG(s) 'latest_only_with_trigger' retrieved from /home/airflow/.local/lib/python3.12/site-packages/airflow/example_dags/example_latest_only_with_trigger.py
[2025-03-20T11:09:53.064+0000] {logging_mixin.py:188} INFO - [2025-03-20T11:09:53.063+0000] {dag.py:3089} INFO - Sync 1 DAGs
[2025-03-20T11:09:53.081+0000] {logging_mixin.py:188} INFO - [2025-03-20T11:09:53.081+0000] {dag.py:3947} INFO - Setting next_dagrun for latest_only_with_trigger to 2025-03-20 04:00:00+00:00, run_after=2025-03-20 08:00:00+00:00
[2025-03-20T11:09:53.103+0000] {processor.py:183} INFO - Processing /home/airflow/.local/lib/python3.12/site-packages/airflow/example_dags/example_latest_only_with_trigger.py took 0.060 seconds
[2025-03-20T11:10:25.614+0000] {processor.py:161} INFO - Started process (PID=2852) to work on /home/airflow/.local/lib/python3.12/site-packages/airflow/example_dags/example_latest_only_with_trigger.py
[2025-03-20T11:10:25.615+0000] {processor.py:830} INFO - Processing file /home/airflow/.local/lib/python3.12/site-packages/airflow/example_dags/example_latest_only_with_trigger.py for tasks to queue
[2025-03-20T11:10:25.616+0000] {logging_mixin.py:188} INFO - [2025-03-20T11:10:25.616+0000] {dagbag.py:545} INFO - Filling up the DagBag from /home/airflow/.local/lib/python3.12/site-packages/airflow/example_dags/example_latest_only_with_trigger.py
[2025-03-20T11:10:25.619+0000] {processor.py:840} INFO - DAG(s) 'latest_only_with_trigger' retrieved from /home/airflow/.local/lib/python3.12/site-packages/airflow/example_dags/example_latest_only_with_trigger.py
[2025-03-20T11:10:25.630+0000] {logging_mixin.py:188} INFO - [2025-03-20T11:10:25.630+0000] {dag.py:3089} INFO - Sync 1 DAGs
[2025-03-20T11:10:25.642+0000] {logging_mixin.py:188} INFO - [2025-03-20T11:10:25.641+0000] {dag.py:3947} INFO - Setting next_dagrun for latest_only_with_trigger to 2025-03-20 04:00:00+00:00, run_after=2025-03-20 08:00:00+00:00
[2025-03-20T11:10:25.650+0000] {processor.py:183} INFO - Processing /home/airflow/.local/lib/python3.12/site-packages/airflow/example_dags/example_latest_only_with_trigger.py took 0.039 seconds
[2025-03-20T11:10:58.124+0000] {processor.py:161} INFO - Started process (PID=2924) to work on /home/airflow/.local/lib/python3.12/site-packages/airflow/example_dags/example_latest_only_with_trigger.py
[2025-03-20T11:10:58.124+0000] {processor.py:830} INFO - Processing file /home/airflow/.local/lib/python3.12/site-packages/airflow/example_dags/example_latest_only_with_trigger.py for tasks to queue
[2025-03-20T11:10:58.125+0000] {logging_mixin.py:188} INFO - [2025-03-20T11:10:58.125+0000] {dagbag.py:545} INFO - Filling up the DagBag from /home/airflow/.local/lib/python3.12/site-packages/airflow/example_dags/example_latest_only_with_trigger.py
[2025-03-20T11:10:58.128+0000] {processor.py:840} INFO - DAG(s) 'latest_only_with_trigger' retrieved from /home/airflow/.local/lib/python3.12/site-packages/airflow/example_dags/example_latest_only_with_trigger.py
[2025-03-20T11:10:58.137+0000] {logging_mixin.py:188} INFO - [2025-03-20T11:10:58.136+0000] {dag.py:3089} INFO - Sync 1 DAGs
[2025-03-20T11:10:58.146+0000] {logging_mixin.py:188} INFO - [2025-03-20T11:10:58.146+0000] {dag.py:3947} INFO - Setting next_dagrun for latest_only_with_trigger to 2025-03-20 04:00:00+00:00, run_after=2025-03-20 08:00:00+00:00
[2025-03-20T11:10:58.155+0000] {processor.py:183} INFO - Processing /home/airflow/.local/lib/python3.12/site-packages/airflow/example_dags/example_latest_only_with_trigger.py took 0.034 seconds
[2025-03-20T11:11:30.690+0000] {processor.py:161} INFO - Started process (PID=2996) to work on /home/airflow/.local/lib/python3.12/site-packages/airflow/example_dags/example_latest_only_with_trigger.py
[2025-03-20T11:11:30.691+0000] {processor.py:830} INFO - Processing file /home/airflow/.local/lib/python3.12/site-packages/airflow/example_dags/example_latest_only_with_trigger.py for tasks to queue
[2025-03-20T11:11:30.692+0000] {logging_mixin.py:188} INFO - [2025-03-20T11:11:30.692+0000] {dagbag.py:545} INFO - Filling up the DagBag from /home/airflow/.local/lib/python3.12/site-packages/airflow/example_dags/example_latest_only_with_trigger.py
[2025-03-20T11:11:30.694+0000] {processor.py:840} INFO - DAG(s) 'latest_only_with_trigger' retrieved from /home/airflow/.local/lib/python3.12/site-packages/airflow/example_dags/example_latest_only_with_trigger.py
[2025-03-20T11:11:30.706+0000] {logging_mixin.py:188} INFO - [2025-03-20T11:11:30.706+0000] {dag.py:3089} INFO - Sync 1 DAGs
[2025-03-20T11:11:30.717+0000] {logging_mixin.py:188} INFO - [2025-03-20T11:11:30.716+0000] {dag.py:3947} INFO - Setting next_dagrun for latest_only_with_trigger to 2025-03-20 04:00:00+00:00, run_after=2025-03-20 08:00:00+00:00
[2025-03-20T11:11:30.727+0000] {processor.py:183} INFO - Processing /home/airflow/.local/lib/python3.12/site-packages/airflow/example_dags/example_latest_only_with_trigger.py took 0.041 seconds
[2025-03-20T11:12:03.431+0000] {processor.py:161} INFO - Started process (PID=3068) to work on /home/airflow/.local/lib/python3.12/site-packages/airflow/example_dags/example_latest_only_with_trigger.py
[2025-03-20T11:12:03.431+0000] {processor.py:830} INFO - Processing file /home/airflow/.local/lib/python3.12/site-packages/airflow/example_dags/example_latest_only_with_trigger.py for tasks to queue
[2025-03-20T11:12:03.432+0000] {logging_mixin.py:188} INFO - [2025-03-20T11:12:03.432+0000] {dagbag.py:545} INFO - Filling up the DagBag from /home/airflow/.local/lib/python3.12/site-packages/airflow/example_dags/example_latest_only_with_trigger.py
[2025-03-20T11:12:03.435+0000] {processor.py:840} INFO - DAG(s) 'latest_only_with_trigger' retrieved from /home/airflow/.local/lib/python3.12/site-packages/airflow/example_dags/example_latest_only_with_trigger.py
[2025-03-20T11:12:03.446+0000] {logging_mixin.py:188} INFO - [2025-03-20T11:12:03.446+0000] {dag.py:3089} INFO - Sync 1 DAGs
[2025-03-20T11:12:03.459+0000] {logging_mixin.py:188} INFO - [2025-03-20T11:12:03.459+0000] {dag.py:3947} INFO - Setting next_dagrun for latest_only_with_trigger to 2025-03-20 04:00:00+00:00, run_after=2025-03-20 08:00:00+00:00
[2025-03-20T11:12:03.471+0000] {processor.py:183} INFO - Processing /home/airflow/.local/lib/python3.12/site-packages/airflow/example_dags/example_latest_only_with_trigger.py took 0.044 seconds
[2025-03-20T11:12:35.811+0000] {processor.py:161} INFO - Started process (PID=3140) to work on /home/airflow/.local/lib/python3.12/site-packages/airflow/example_dags/example_latest_only_with_trigger.py
[2025-03-20T11:12:35.812+0000] {processor.py:830} INFO - Processing file /home/airflow/.local/lib/python3.12/site-packages/airflow/example_dags/example_latest_only_with_trigger.py for tasks to queue
[2025-03-20T11:12:35.815+0000] {logging_mixin.py:188} INFO - [2025-03-20T11:12:35.814+0000] {dagbag.py:545} INFO - Filling up the DagBag from /home/airflow/.local/lib/python3.12/site-packages/airflow/example_dags/example_latest_only_with_trigger.py
[2025-03-20T11:12:35.821+0000] {processor.py:840} INFO - DAG(s) 'latest_only_with_trigger' retrieved from /home/airflow/.local/lib/python3.12/site-packages/airflow/example_dags/example_latest_only_with_trigger.py
[2025-03-20T11:12:35.835+0000] {logging_mixin.py:188} INFO - [2025-03-20T11:12:35.835+0000] {dag.py:3089} INFO - Sync 1 DAGs
[2025-03-20T11:12:35.848+0000] {logging_mixin.py:188} INFO - [2025-03-20T11:12:35.848+0000] {dag.py:3947} INFO - Setting next_dagrun for latest_only_with_trigger to 2025-03-20 04:00:00+00:00, run_after=2025-03-20 08:00:00+00:00
[2025-03-20T11:12:35.855+0000] {processor.py:183} INFO - Processing /home/airflow/.local/lib/python3.12/site-packages/airflow/example_dags/example_latest_only_with_trigger.py took 0.048 seconds
[2025-03-20T11:13:08.447+0000] {processor.py:161} INFO - Started process (PID=3211) to work on /home/airflow/.local/lib/python3.12/site-packages/airflow/example_dags/example_latest_only_with_trigger.py
[2025-03-20T11:13:08.447+0000] {processor.py:830} INFO - Processing file /home/airflow/.local/lib/python3.12/site-packages/airflow/example_dags/example_latest_only_with_trigger.py for tasks to queue
[2025-03-20T11:13:08.448+0000] {logging_mixin.py:188} INFO - [2025-03-20T11:13:08.448+0000] {dagbag.py:545} INFO - Filling up the DagBag from /home/airflow/.local/lib/python3.12/site-packages/airflow/example_dags/example_latest_only_with_trigger.py
[2025-03-20T11:13:08.450+0000] {processor.py:840} INFO - DAG(s) 'latest_only_with_trigger' retrieved from /home/airflow/.local/lib/python3.12/site-packages/airflow/example_dags/example_latest_only_with_trigger.py
[2025-03-20T11:13:08.461+0000] {logging_mixin.py:188} INFO - [2025-03-20T11:13:08.461+0000] {dag.py:3089} INFO - Sync 1 DAGs
[2025-03-20T11:13:08.469+0000] {logging_mixin.py:188} INFO - [2025-03-20T11:13:08.469+0000] {dag.py:3947} INFO - Setting next_dagrun for latest_only_with_trigger to 2025-03-20 04:00:00+00:00, run_after=2025-03-20 08:00:00+00:00
[2025-03-20T11:13:08.480+0000] {processor.py:183} INFO - Processing /home/airflow/.local/lib/python3.12/site-packages/airflow/example_dags/example_latest_only_with_trigger.py took 0.036 seconds
[2025-03-20T11:13:40.827+0000] {processor.py:161} INFO - Started process (PID=3283) to work on /home/airflow/.local/lib/python3.12/site-packages/airflow/example_dags/example_latest_only_with_trigger.py
[2025-03-20T11:13:40.828+0000] {processor.py:830} INFO - Processing file /home/airflow/.local/lib/python3.12/site-packages/airflow/example_dags/example_latest_only_with_trigger.py for tasks to queue
[2025-03-20T11:13:40.829+0000] {logging_mixin.py:188} INFO - [2025-03-20T11:13:40.829+0000] {dagbag.py:545} INFO - Filling up the DagBag from /home/airflow/.local/lib/python3.12/site-packages/airflow/example_dags/example_latest_only_with_trigger.py
[2025-03-20T11:13:40.831+0000] {processor.py:840} INFO - DAG(s) 'latest_only_with_trigger' retrieved from /home/airflow/.local/lib/python3.12/site-packages/airflow/example_dags/example_latest_only_with_trigger.py
[2025-03-20T11:13:40.840+0000] {logging_mixin.py:188} INFO - [2025-03-20T11:13:40.840+0000] {dag.py:3089} INFO - Sync 1 DAGs
[2025-03-20T11:13:40.848+0000] {logging_mixin.py:188} INFO - [2025-03-20T11:13:40.848+0000] {dag.py:3947} INFO - Setting next_dagrun for latest_only_with_trigger to 2025-03-20 04:00:00+00:00, run_after=2025-03-20 08:00:00+00:00
[2025-03-20T11:13:40.855+0000] {processor.py:183} INFO - Processing /home/airflow/.local/lib/python3.12/site-packages/airflow/example_dags/example_latest_only_with_trigger.py took 0.030 seconds
[2025-03-20T20:18:33.910+0000] {processor.py:161} INFO - Started process (PID=99) to work on /home/airflow/.local/lib/python3.12/site-packages/airflow/example_dags/example_latest_only_with_trigger.py
[2025-03-20T20:18:33.914+0000] {processor.py:830} INFO - Processing file /home/airflow/.local/lib/python3.12/site-packages/airflow/example_dags/example_latest_only_with_trigger.py for tasks to queue
[2025-03-20T20:18:33.915+0000] {logging_mixin.py:188} INFO - [2025-03-20T20:18:33.915+0000] {dagbag.py:545} INFO - Filling up the DagBag from /home/airflow/.local/lib/python3.12/site-packages/airflow/example_dags/example_latest_only_with_trigger.py
[2025-03-20T20:18:33.924+0000] {processor.py:840} INFO - DAG(s) 'latest_only_with_trigger' retrieved from /home/airflow/.local/lib/python3.12/site-packages/airflow/example_dags/example_latest_only_with_trigger.py
[2025-03-20T20:18:33.951+0000] {logging_mixin.py:188} INFO - [2025-03-20T20:18:33.950+0000] {dag.py:3089} INFO - Sync 1 DAGs
[2025-03-20T20:18:33.967+0000] {logging_mixin.py:188} INFO - [2025-03-20T20:18:33.967+0000] {dag.py:3947} INFO - Setting next_dagrun for latest_only_with_trigger to 2025-03-20 16:00:00+00:00, run_after=2025-03-20 20:00:00+00:00
[2025-03-20T20:18:33.987+0000] {processor.py:183} INFO - Processing /home/airflow/.local/lib/python3.12/site-packages/airflow/example_dags/example_latest_only_with_trigger.py took 0.081 seconds
