[2025-03-20T10:49:49.136+0000] {processor.py:161} INFO - Started process (PID=90) to work on /home/airflow/.local/lib/python3.12/site-packages/airflow/example_dags/example_branch_operator.py
[2025-03-20T10:49:49.136+0000] {processor.py:830} INFO - Processing file /home/airflow/.local/lib/python3.12/site-packages/airflow/example_dags/example_branch_operator.py for tasks to queue
[2025-03-20T10:49:49.137+0000] {logging_mixin.py:188} INFO - [2025-03-20T10:49:49.137+0000] {dagbag.py:545} INFO - Filling up the DagBag from /home/airflow/.local/lib/python3.12/site-packages/airflow/example_dags/example_branch_operator.py
[2025-03-20T10:49:49.148+0000] {processor.py:840} INFO - DAG(s) 'example_branch_operator' retrieved from /home/airflow/.local/lib/python3.12/site-packages/airflow/example_dags/example_branch_operator.py
[2025-03-20T10:49:49.201+0000] {logging_mixin.py:188} INFO - [2025-03-20T10:49:49.200+0000] {dag.py:3089} INFO - Sync 1 DAGs
[2025-03-20T10:49:49.212+0000] {logging_mixin.py:188} INFO - [2025-03-20T10:49:49.212+0000] {dag.py:3947} INFO - Setting next_dagrun for example_branch_operator to 2025-03-19 00:00:00+00:00, run_after=2025-03-20 00:00:00+00:00
[2025-03-20T10:49:49.221+0000] {processor.py:183} INFO - Processing /home/airflow/.local/lib/python3.12/site-packages/airflow/example_dags/example_branch_operator.py took 0.088 seconds
[2025-03-20T10:50:21.174+0000] {processor.py:161} INFO - Started process (PID=162) to work on /home/airflow/.local/lib/python3.12/site-packages/airflow/example_dags/example_branch_operator.py
[2025-03-20T10:50:21.174+0000] {processor.py:830} INFO - Processing file /home/airflow/.local/lib/python3.12/site-packages/airflow/example_dags/example_branch_operator.py for tasks to queue
[2025-03-20T10:50:21.175+0000] {logging_mixin.py:188} INFO - [2025-03-20T10:50:21.175+0000] {dagbag.py:545} INFO - Filling up the DagBag from /home/airflow/.local/lib/python3.12/site-packages/airflow/example_dags/example_branch_operator.py
[2025-03-20T10:50:21.183+0000] {processor.py:840} INFO - DAG(s) 'example_branch_operator' retrieved from /home/airflow/.local/lib/python3.12/site-packages/airflow/example_dags/example_branch_operator.py
[2025-03-20T10:50:21.194+0000] {logging_mixin.py:188} INFO - [2025-03-20T10:50:21.194+0000] {dag.py:3089} INFO - Sync 1 DAGs
[2025-03-20T10:50:21.202+0000] {logging_mixin.py:188} INFO - [2025-03-20T10:50:21.202+0000] {dag.py:3947} INFO - Setting next_dagrun for example_branch_operator to 2025-03-19 00:00:00+00:00, run_after=2025-03-20 00:00:00+00:00
[2025-03-20T10:50:21.209+0000] {processor.py:183} INFO - Processing /home/airflow/.local/lib/python3.12/site-packages/airflow/example_dags/example_branch_operator.py took 0.038 seconds
[2025-03-20T10:50:53.854+0000] {processor.py:161} INFO - Started process (PID=234) to work on /home/airflow/.local/lib/python3.12/site-packages/airflow/example_dags/example_branch_operator.py
[2025-03-20T10:50:53.855+0000] {processor.py:830} INFO - Processing file /home/airflow/.local/lib/python3.12/site-packages/airflow/example_dags/example_branch_operator.py for tasks to queue
[2025-03-20T10:50:53.856+0000] {logging_mixin.py:188} INFO - [2025-03-20T10:50:53.856+0000] {dagbag.py:545} INFO - Filling up the DagBag from /home/airflow/.local/lib/python3.12/site-packages/airflow/example_dags/example_branch_operator.py
[2025-03-20T10:50:53.863+0000] {processor.py:840} INFO - DAG(s) 'example_branch_operator' retrieved from /home/airflow/.local/lib/python3.12/site-packages/airflow/example_dags/example_branch_operator.py
[2025-03-20T10:50:53.878+0000] {logging_mixin.py:188} INFO - [2025-03-20T10:50:53.877+0000] {dag.py:3089} INFO - Sync 1 DAGs
[2025-03-20T10:50:53.886+0000] {logging_mixin.py:188} INFO - [2025-03-20T10:50:53.886+0000] {dag.py:3947} INFO - Setting next_dagrun for example_branch_operator to 2025-03-19 00:00:00+00:00, run_after=2025-03-20 00:00:00+00:00
[2025-03-20T10:50:53.894+0000] {processor.py:183} INFO - Processing /home/airflow/.local/lib/python3.12/site-packages/airflow/example_dags/example_branch_operator.py took 0.043 seconds
[2025-03-20T10:51:26.251+0000] {processor.py:161} INFO - Started process (PID=306) to work on /home/airflow/.local/lib/python3.12/site-packages/airflow/example_dags/example_branch_operator.py
[2025-03-20T10:51:26.251+0000] {processor.py:830} INFO - Processing file /home/airflow/.local/lib/python3.12/site-packages/airflow/example_dags/example_branch_operator.py for tasks to queue
[2025-03-20T10:51:26.252+0000] {logging_mixin.py:188} INFO - [2025-03-20T10:51:26.252+0000] {dagbag.py:545} INFO - Filling up the DagBag from /home/airflow/.local/lib/python3.12/site-packages/airflow/example_dags/example_branch_operator.py
[2025-03-20T10:51:26.261+0000] {processor.py:840} INFO - DAG(s) 'example_branch_operator' retrieved from /home/airflow/.local/lib/python3.12/site-packages/airflow/example_dags/example_branch_operator.py
[2025-03-20T10:51:26.276+0000] {logging_mixin.py:188} INFO - [2025-03-20T10:51:26.276+0000] {dag.py:3089} INFO - Sync 1 DAGs
[2025-03-20T10:51:26.286+0000] {logging_mixin.py:188} INFO - [2025-03-20T10:51:26.286+0000] {dag.py:3947} INFO - Setting next_dagrun for example_branch_operator to 2025-03-19 00:00:00+00:00, run_after=2025-03-20 00:00:00+00:00
[2025-03-20T10:51:26.292+0000] {processor.py:183} INFO - Processing /home/airflow/.local/lib/python3.12/site-packages/airflow/example_dags/example_branch_operator.py took 0.044 seconds
[2025-03-20T10:51:58.909+0000] {processor.py:161} INFO - Started process (PID=377) to work on /home/airflow/.local/lib/python3.12/site-packages/airflow/example_dags/example_branch_operator.py
[2025-03-20T10:51:58.911+0000] {processor.py:830} INFO - Processing file /home/airflow/.local/lib/python3.12/site-packages/airflow/example_dags/example_branch_operator.py for tasks to queue
[2025-03-20T10:51:58.912+0000] {logging_mixin.py:188} INFO - [2025-03-20T10:51:58.912+0000] {dagbag.py:545} INFO - Filling up the DagBag from /home/airflow/.local/lib/python3.12/site-packages/airflow/example_dags/example_branch_operator.py
[2025-03-20T10:51:58.922+0000] {processor.py:840} INFO - DAG(s) 'example_branch_operator' retrieved from /home/airflow/.local/lib/python3.12/site-packages/airflow/example_dags/example_branch_operator.py
[2025-03-20T10:51:58.934+0000] {logging_mixin.py:188} INFO - [2025-03-20T10:51:58.934+0000] {dag.py:3089} INFO - Sync 1 DAGs
[2025-03-20T10:51:58.943+0000] {logging_mixin.py:188} INFO - [2025-03-20T10:51:58.943+0000] {dag.py:3947} INFO - Setting next_dagrun for example_branch_operator to 2025-03-19 00:00:00+00:00, run_after=2025-03-20 00:00:00+00:00
[2025-03-20T10:51:58.950+0000] {processor.py:183} INFO - Processing /home/airflow/.local/lib/python3.12/site-packages/airflow/example_dags/example_branch_operator.py took 0.044 seconds
[2025-03-20T10:52:31.538+0000] {processor.py:161} INFO - Started process (PID=448) to work on /home/airflow/.local/lib/python3.12/site-packages/airflow/example_dags/example_branch_operator.py
[2025-03-20T10:52:31.538+0000] {processor.py:830} INFO - Processing file /home/airflow/.local/lib/python3.12/site-packages/airflow/example_dags/example_branch_operator.py for tasks to queue
[2025-03-20T10:52:31.539+0000] {logging_mixin.py:188} INFO - [2025-03-20T10:52:31.539+0000] {dagbag.py:545} INFO - Filling up the DagBag from /home/airflow/.local/lib/python3.12/site-packages/airflow/example_dags/example_branch_operator.py
[2025-03-20T10:52:31.545+0000] {processor.py:840} INFO - DAG(s) 'example_branch_operator' retrieved from /home/airflow/.local/lib/python3.12/site-packages/airflow/example_dags/example_branch_operator.py
[2025-03-20T10:52:31.556+0000] {logging_mixin.py:188} INFO - [2025-03-20T10:52:31.555+0000] {dag.py:3089} INFO - Sync 1 DAGs
[2025-03-20T10:52:31.635+0000] {logging_mixin.py:188} INFO - [2025-03-20T10:52:31.635+0000] {dag.py:3947} INFO - Setting next_dagrun for example_branch_operator to 2025-03-19 00:00:00+00:00, run_after=2025-03-20 00:00:00+00:00
[2025-03-20T10:52:31.642+0000] {processor.py:183} INFO - Processing /home/airflow/.local/lib/python3.12/site-packages/airflow/example_dags/example_branch_operator.py took 0.106 seconds
[2025-03-20T10:53:03.531+0000] {processor.py:161} INFO - Started process (PID=520) to work on /home/airflow/.local/lib/python3.12/site-packages/airflow/example_dags/example_branch_operator.py
[2025-03-20T10:53:03.531+0000] {processor.py:830} INFO - Processing file /home/airflow/.local/lib/python3.12/site-packages/airflow/example_dags/example_branch_operator.py for tasks to queue
[2025-03-20T10:53:03.532+0000] {logging_mixin.py:188} INFO - [2025-03-20T10:53:03.532+0000] {dagbag.py:545} INFO - Filling up the DagBag from /home/airflow/.local/lib/python3.12/site-packages/airflow/example_dags/example_branch_operator.py
[2025-03-20T10:53:03.539+0000] {processor.py:840} INFO - DAG(s) 'example_branch_operator' retrieved from /home/airflow/.local/lib/python3.12/site-packages/airflow/example_dags/example_branch_operator.py
[2025-03-20T10:53:03.553+0000] {logging_mixin.py:188} INFO - [2025-03-20T10:53:03.553+0000] {dag.py:3089} INFO - Sync 1 DAGs
[2025-03-20T10:53:03.561+0000] {logging_mixin.py:188} INFO - [2025-03-20T10:53:03.561+0000] {dag.py:3947} INFO - Setting next_dagrun for example_branch_operator to 2025-03-19 00:00:00+00:00, run_after=2025-03-20 00:00:00+00:00
[2025-03-20T10:53:03.651+0000] {processor.py:183} INFO - Processing /home/airflow/.local/lib/python3.12/site-packages/airflow/example_dags/example_branch_operator.py took 0.123 seconds
[2025-03-20T10:53:35.620+0000] {processor.py:161} INFO - Started process (PID=592) to work on /home/airflow/.local/lib/python3.12/site-packages/airflow/example_dags/example_branch_operator.py
[2025-03-20T10:53:35.621+0000] {processor.py:830} INFO - Processing file /home/airflow/.local/lib/python3.12/site-packages/airflow/example_dags/example_branch_operator.py for tasks to queue
[2025-03-20T10:53:35.621+0000] {logging_mixin.py:188} INFO - [2025-03-20T10:53:35.621+0000] {dagbag.py:545} INFO - Filling up the DagBag from /home/airflow/.local/lib/python3.12/site-packages/airflow/example_dags/example_branch_operator.py
[2025-03-20T10:53:35.628+0000] {processor.py:840} INFO - DAG(s) 'example_branch_operator' retrieved from /home/airflow/.local/lib/python3.12/site-packages/airflow/example_dags/example_branch_operator.py
[2025-03-20T10:53:35.638+0000] {logging_mixin.py:188} INFO - [2025-03-20T10:53:35.638+0000] {dag.py:3089} INFO - Sync 1 DAGs
[2025-03-20T10:53:35.646+0000] {logging_mixin.py:188} INFO - [2025-03-20T10:53:35.646+0000] {dag.py:3947} INFO - Setting next_dagrun for example_branch_operator to 2025-03-19 00:00:00+00:00, run_after=2025-03-20 00:00:00+00:00
[2025-03-20T10:53:35.656+0000] {processor.py:183} INFO - Processing /home/airflow/.local/lib/python3.12/site-packages/airflow/example_dags/example_branch_operator.py took 0.038 seconds
[2025-03-20T10:54:08.028+0000] {processor.py:161} INFO - Started process (PID=664) to work on /home/airflow/.local/lib/python3.12/site-packages/airflow/example_dags/example_branch_operator.py
[2025-03-20T10:54:08.029+0000] {processor.py:830} INFO - Processing file /home/airflow/.local/lib/python3.12/site-packages/airflow/example_dags/example_branch_operator.py for tasks to queue
[2025-03-20T10:54:08.031+0000] {logging_mixin.py:188} INFO - [2025-03-20T10:54:08.029+0000] {dagbag.py:545} INFO - Filling up the DagBag from /home/airflow/.local/lib/python3.12/site-packages/airflow/example_dags/example_branch_operator.py
[2025-03-20T10:54:08.039+0000] {processor.py:840} INFO - DAG(s) 'example_branch_operator' retrieved from /home/airflow/.local/lib/python3.12/site-packages/airflow/example_dags/example_branch_operator.py
[2025-03-20T10:54:08.052+0000] {logging_mixin.py:188} INFO - [2025-03-20T10:54:08.051+0000] {dag.py:3089} INFO - Sync 1 DAGs
[2025-03-20T10:54:08.060+0000] {logging_mixin.py:188} INFO - [2025-03-20T10:54:08.060+0000] {dag.py:3947} INFO - Setting next_dagrun for example_branch_operator to 2025-03-19 00:00:00+00:00, run_after=2025-03-20 00:00:00+00:00
[2025-03-20T10:54:08.072+0000] {processor.py:183} INFO - Processing /home/airflow/.local/lib/python3.12/site-packages/airflow/example_dags/example_branch_operator.py took 0.047 seconds
[2025-03-20T10:54:40.735+0000] {processor.py:161} INFO - Started process (PID=736) to work on /home/airflow/.local/lib/python3.12/site-packages/airflow/example_dags/example_branch_operator.py
[2025-03-20T10:54:40.735+0000] {processor.py:830} INFO - Processing file /home/airflow/.local/lib/python3.12/site-packages/airflow/example_dags/example_branch_operator.py for tasks to queue
[2025-03-20T10:54:40.737+0000] {logging_mixin.py:188} INFO - [2025-03-20T10:54:40.737+0000] {dagbag.py:545} INFO - Filling up the DagBag from /home/airflow/.local/lib/python3.12/site-packages/airflow/example_dags/example_branch_operator.py
[2025-03-20T10:54:40.746+0000] {processor.py:840} INFO - DAG(s) 'example_branch_operator' retrieved from /home/airflow/.local/lib/python3.12/site-packages/airflow/example_dags/example_branch_operator.py
[2025-03-20T10:54:40.760+0000] {logging_mixin.py:188} INFO - [2025-03-20T10:54:40.760+0000] {dag.py:3089} INFO - Sync 1 DAGs
[2025-03-20T10:54:40.770+0000] {logging_mixin.py:188} INFO - [2025-03-20T10:54:40.770+0000] {dag.py:3947} INFO - Setting next_dagrun for example_branch_operator to 2025-03-19 00:00:00+00:00, run_after=2025-03-20 00:00:00+00:00
[2025-03-20T10:54:40.776+0000] {processor.py:183} INFO - Processing /home/airflow/.local/lib/python3.12/site-packages/airflow/example_dags/example_branch_operator.py took 0.044 seconds
[2025-03-20T10:55:13.330+0000] {processor.py:161} INFO - Started process (PID=808) to work on /home/airflow/.local/lib/python3.12/site-packages/airflow/example_dags/example_branch_operator.py
[2025-03-20T10:55:13.330+0000] {processor.py:830} INFO - Processing file /home/airflow/.local/lib/python3.12/site-packages/airflow/example_dags/example_branch_operator.py for tasks to queue
[2025-03-20T10:55:13.331+0000] {logging_mixin.py:188} INFO - [2025-03-20T10:55:13.331+0000] {dagbag.py:545} INFO - Filling up the DagBag from /home/airflow/.local/lib/python3.12/site-packages/airflow/example_dags/example_branch_operator.py
[2025-03-20T10:55:13.338+0000] {processor.py:840} INFO - DAG(s) 'example_branch_operator' retrieved from /home/airflow/.local/lib/python3.12/site-packages/airflow/example_dags/example_branch_operator.py
[2025-03-20T10:55:13.351+0000] {logging_mixin.py:188} INFO - [2025-03-20T10:55:13.351+0000] {dag.py:3089} INFO - Sync 1 DAGs
[2025-03-20T10:55:13.360+0000] {logging_mixin.py:188} INFO - [2025-03-20T10:55:13.360+0000] {dag.py:3947} INFO - Setting next_dagrun for example_branch_operator to 2025-03-19 00:00:00+00:00, run_after=2025-03-20 00:00:00+00:00
[2025-03-20T10:55:13.366+0000] {processor.py:183} INFO - Processing /home/airflow/.local/lib/python3.12/site-packages/airflow/example_dags/example_branch_operator.py took 0.039 seconds
[2025-03-20T10:55:45.746+0000] {processor.py:161} INFO - Started process (PID=880) to work on /home/airflow/.local/lib/python3.12/site-packages/airflow/example_dags/example_branch_operator.py
[2025-03-20T10:55:45.747+0000] {processor.py:830} INFO - Processing file /home/airflow/.local/lib/python3.12/site-packages/airflow/example_dags/example_branch_operator.py for tasks to queue
[2025-03-20T10:55:45.749+0000] {logging_mixin.py:188} INFO - [2025-03-20T10:55:45.749+0000] {dagbag.py:545} INFO - Filling up the DagBag from /home/airflow/.local/lib/python3.12/site-packages/airflow/example_dags/example_branch_operator.py
[2025-03-20T10:55:45.756+0000] {processor.py:840} INFO - DAG(s) 'example_branch_operator' retrieved from /home/airflow/.local/lib/python3.12/site-packages/airflow/example_dags/example_branch_operator.py
[2025-03-20T10:55:45.767+0000] {logging_mixin.py:188} INFO - [2025-03-20T10:55:45.767+0000] {dag.py:3089} INFO - Sync 1 DAGs
[2025-03-20T10:55:45.775+0000] {logging_mixin.py:188} INFO - [2025-03-20T10:55:45.775+0000] {dag.py:3947} INFO - Setting next_dagrun for example_branch_operator to 2025-03-19 00:00:00+00:00, run_after=2025-03-20 00:00:00+00:00
[2025-03-20T10:55:45.786+0000] {processor.py:183} INFO - Processing /home/airflow/.local/lib/python3.12/site-packages/airflow/example_dags/example_branch_operator.py took 0.042 seconds
[2025-03-20T10:56:18.182+0000] {processor.py:161} INFO - Started process (PID=959) to work on /home/airflow/.local/lib/python3.12/site-packages/airflow/example_dags/example_branch_operator.py
[2025-03-20T10:56:18.183+0000] {processor.py:830} INFO - Processing file /home/airflow/.local/lib/python3.12/site-packages/airflow/example_dags/example_branch_operator.py for tasks to queue
[2025-03-20T10:56:18.184+0000] {logging_mixin.py:188} INFO - [2025-03-20T10:56:18.184+0000] {dagbag.py:545} INFO - Filling up the DagBag from /home/airflow/.local/lib/python3.12/site-packages/airflow/example_dags/example_branch_operator.py
[2025-03-20T10:56:18.191+0000] {processor.py:840} INFO - DAG(s) 'example_branch_operator' retrieved from /home/airflow/.local/lib/python3.12/site-packages/airflow/example_dags/example_branch_operator.py
[2025-03-20T10:56:18.203+0000] {logging_mixin.py:188} INFO - [2025-03-20T10:56:18.203+0000] {dag.py:3089} INFO - Sync 1 DAGs
[2025-03-20T10:56:18.213+0000] {logging_mixin.py:188} INFO - [2025-03-20T10:56:18.213+0000] {dag.py:3947} INFO - Setting next_dagrun for example_branch_operator to 2025-03-19 00:00:00+00:00, run_after=2025-03-20 00:00:00+00:00
[2025-03-20T10:56:18.222+0000] {processor.py:183} INFO - Processing /home/airflow/.local/lib/python3.12/site-packages/airflow/example_dags/example_branch_operator.py took 0.043 seconds
[2025-03-20T10:56:50.610+0000] {processor.py:161} INFO - Started process (PID=1031) to work on /home/airflow/.local/lib/python3.12/site-packages/airflow/example_dags/example_branch_operator.py
[2025-03-20T10:56:50.611+0000] {processor.py:830} INFO - Processing file /home/airflow/.local/lib/python3.12/site-packages/airflow/example_dags/example_branch_operator.py for tasks to queue
[2025-03-20T10:56:50.612+0000] {logging_mixin.py:188} INFO - [2025-03-20T10:56:50.612+0000] {dagbag.py:545} INFO - Filling up the DagBag from /home/airflow/.local/lib/python3.12/site-packages/airflow/example_dags/example_branch_operator.py
[2025-03-20T10:56:50.620+0000] {processor.py:840} INFO - DAG(s) 'example_branch_operator' retrieved from /home/airflow/.local/lib/python3.12/site-packages/airflow/example_dags/example_branch_operator.py
[2025-03-20T10:56:50.634+0000] {logging_mixin.py:188} INFO - [2025-03-20T10:56:50.634+0000] {dag.py:3089} INFO - Sync 1 DAGs
[2025-03-20T10:56:50.645+0000] {logging_mixin.py:188} INFO - [2025-03-20T10:56:50.645+0000] {dag.py:3947} INFO - Setting next_dagrun for example_branch_operator to 2025-03-19 00:00:00+00:00, run_after=2025-03-20 00:00:00+00:00
[2025-03-20T10:56:50.651+0000] {processor.py:183} INFO - Processing /home/airflow/.local/lib/python3.12/site-packages/airflow/example_dags/example_branch_operator.py took 0.044 seconds
[2025-03-20T10:57:23.022+0000] {processor.py:161} INFO - Started process (PID=1104) to work on /home/airflow/.local/lib/python3.12/site-packages/airflow/example_dags/example_branch_operator.py
[2025-03-20T10:57:23.022+0000] {processor.py:830} INFO - Processing file /home/airflow/.local/lib/python3.12/site-packages/airflow/example_dags/example_branch_operator.py for tasks to queue
[2025-03-20T10:57:23.023+0000] {logging_mixin.py:188} INFO - [2025-03-20T10:57:23.023+0000] {dagbag.py:545} INFO - Filling up the DagBag from /home/airflow/.local/lib/python3.12/site-packages/airflow/example_dags/example_branch_operator.py
[2025-03-20T10:57:23.029+0000] {processor.py:840} INFO - DAG(s) 'example_branch_operator' retrieved from /home/airflow/.local/lib/python3.12/site-packages/airflow/example_dags/example_branch_operator.py
[2025-03-20T10:57:23.040+0000] {logging_mixin.py:188} INFO - [2025-03-20T10:57:23.039+0000] {dag.py:3089} INFO - Sync 1 DAGs
[2025-03-20T10:57:23.047+0000] {logging_mixin.py:188} INFO - [2025-03-20T10:57:23.047+0000] {dag.py:3947} INFO - Setting next_dagrun for example_branch_operator to 2025-03-19 00:00:00+00:00, run_after=2025-03-20 00:00:00+00:00
[2025-03-20T10:57:23.053+0000] {processor.py:183} INFO - Processing /home/airflow/.local/lib/python3.12/site-packages/airflow/example_dags/example_branch_operator.py took 0.034 seconds
[2025-03-20T10:57:55.584+0000] {processor.py:161} INFO - Started process (PID=1176) to work on /home/airflow/.local/lib/python3.12/site-packages/airflow/example_dags/example_branch_operator.py
[2025-03-20T10:57:55.585+0000] {processor.py:830} INFO - Processing file /home/airflow/.local/lib/python3.12/site-packages/airflow/example_dags/example_branch_operator.py for tasks to queue
[2025-03-20T10:57:55.586+0000] {logging_mixin.py:188} INFO - [2025-03-20T10:57:55.586+0000] {dagbag.py:545} INFO - Filling up the DagBag from /home/airflow/.local/lib/python3.12/site-packages/airflow/example_dags/example_branch_operator.py
[2025-03-20T10:57:55.594+0000] {processor.py:840} INFO - DAG(s) 'example_branch_operator' retrieved from /home/airflow/.local/lib/python3.12/site-packages/airflow/example_dags/example_branch_operator.py
[2025-03-20T10:57:55.614+0000] {logging_mixin.py:188} INFO - [2025-03-20T10:57:55.614+0000] {dag.py:3089} INFO - Sync 1 DAGs
[2025-03-20T10:57:55.623+0000] {logging_mixin.py:188} INFO - [2025-03-20T10:57:55.623+0000] {dag.py:3947} INFO - Setting next_dagrun for example_branch_operator to 2025-03-19 00:00:00+00:00, run_after=2025-03-20 00:00:00+00:00
[2025-03-20T10:57:55.630+0000] {processor.py:183} INFO - Processing /home/airflow/.local/lib/python3.12/site-packages/airflow/example_dags/example_branch_operator.py took 0.049 seconds
[2025-03-20T10:58:28.338+0000] {processor.py:161} INFO - Started process (PID=1247) to work on /home/airflow/.local/lib/python3.12/site-packages/airflow/example_dags/example_branch_operator.py
[2025-03-20T10:58:28.339+0000] {processor.py:830} INFO - Processing file /home/airflow/.local/lib/python3.12/site-packages/airflow/example_dags/example_branch_operator.py for tasks to queue
[2025-03-20T10:58:28.340+0000] {logging_mixin.py:188} INFO - [2025-03-20T10:58:28.340+0000] {dagbag.py:545} INFO - Filling up the DagBag from /home/airflow/.local/lib/python3.12/site-packages/airflow/example_dags/example_branch_operator.py
[2025-03-20T10:58:28.347+0000] {processor.py:840} INFO - DAG(s) 'example_branch_operator' retrieved from /home/airflow/.local/lib/python3.12/site-packages/airflow/example_dags/example_branch_operator.py
[2025-03-20T10:58:28.363+0000] {logging_mixin.py:188} INFO - [2025-03-20T10:58:28.363+0000] {dag.py:3089} INFO - Sync 1 DAGs
[2025-03-20T10:58:28.383+0000] {logging_mixin.py:188} INFO - [2025-03-20T10:58:28.383+0000] {dag.py:3947} INFO - Setting next_dagrun for example_branch_operator to 2025-03-19 00:00:00+00:00, run_after=2025-03-20 00:00:00+00:00
[2025-03-20T10:58:28.396+0000] {processor.py:183} INFO - Processing /home/airflow/.local/lib/python3.12/site-packages/airflow/example_dags/example_branch_operator.py took 0.061 seconds
[2025-03-20T10:59:00.994+0000] {processor.py:161} INFO - Started process (PID=1319) to work on /home/airflow/.local/lib/python3.12/site-packages/airflow/example_dags/example_branch_operator.py
[2025-03-20T10:59:00.996+0000] {processor.py:830} INFO - Processing file /home/airflow/.local/lib/python3.12/site-packages/airflow/example_dags/example_branch_operator.py for tasks to queue
[2025-03-20T10:59:00.997+0000] {logging_mixin.py:188} INFO - [2025-03-20T10:59:00.997+0000] {dagbag.py:545} INFO - Filling up the DagBag from /home/airflow/.local/lib/python3.12/site-packages/airflow/example_dags/example_branch_operator.py
[2025-03-20T10:59:01.006+0000] {processor.py:840} INFO - DAG(s) 'example_branch_operator' retrieved from /home/airflow/.local/lib/python3.12/site-packages/airflow/example_dags/example_branch_operator.py
[2025-03-20T10:59:01.025+0000] {logging_mixin.py:188} INFO - [2025-03-20T10:59:01.025+0000] {dag.py:3089} INFO - Sync 1 DAGs
[2025-03-20T10:59:01.040+0000] {logging_mixin.py:188} INFO - [2025-03-20T10:59:01.040+0000] {dag.py:3947} INFO - Setting next_dagrun for example_branch_operator to 2025-03-19 00:00:00+00:00, run_after=2025-03-20 00:00:00+00:00
[2025-03-20T10:59:01.048+0000] {processor.py:183} INFO - Processing /home/airflow/.local/lib/python3.12/site-packages/airflow/example_dags/example_branch_operator.py took 0.059 seconds
[2025-03-20T10:59:33.735+0000] {processor.py:161} INFO - Started process (PID=1391) to work on /home/airflow/.local/lib/python3.12/site-packages/airflow/example_dags/example_branch_operator.py
[2025-03-20T10:59:33.737+0000] {processor.py:830} INFO - Processing file /home/airflow/.local/lib/python3.12/site-packages/airflow/example_dags/example_branch_operator.py for tasks to queue
[2025-03-20T10:59:33.738+0000] {logging_mixin.py:188} INFO - [2025-03-20T10:59:33.737+0000] {dagbag.py:545} INFO - Filling up the DagBag from /home/airflow/.local/lib/python3.12/site-packages/airflow/example_dags/example_branch_operator.py
[2025-03-20T10:59:33.747+0000] {processor.py:840} INFO - DAG(s) 'example_branch_operator' retrieved from /home/airflow/.local/lib/python3.12/site-packages/airflow/example_dags/example_branch_operator.py
[2025-03-20T10:59:33.765+0000] {logging_mixin.py:188} INFO - [2025-03-20T10:59:33.765+0000] {dag.py:3089} INFO - Sync 1 DAGs
[2025-03-20T10:59:33.775+0000] {logging_mixin.py:188} INFO - [2025-03-20T10:59:33.775+0000] {dag.py:3947} INFO - Setting next_dagrun for example_branch_operator to 2025-03-19 00:00:00+00:00, run_after=2025-03-20 00:00:00+00:00
[2025-03-20T10:59:33.783+0000] {processor.py:183} INFO - Processing /home/airflow/.local/lib/python3.12/site-packages/airflow/example_dags/example_branch_operator.py took 0.050 seconds
[2025-03-20T11:00:06.537+0000] {processor.py:161} INFO - Started process (PID=1463) to work on /home/airflow/.local/lib/python3.12/site-packages/airflow/example_dags/example_branch_operator.py
[2025-03-20T11:00:06.538+0000] {processor.py:830} INFO - Processing file /home/airflow/.local/lib/python3.12/site-packages/airflow/example_dags/example_branch_operator.py for tasks to queue
[2025-03-20T11:00:06.539+0000] {logging_mixin.py:188} INFO - [2025-03-20T11:00:06.539+0000] {dagbag.py:545} INFO - Filling up the DagBag from /home/airflow/.local/lib/python3.12/site-packages/airflow/example_dags/example_branch_operator.py
[2025-03-20T11:00:06.548+0000] {processor.py:840} INFO - DAG(s) 'example_branch_operator' retrieved from /home/airflow/.local/lib/python3.12/site-packages/airflow/example_dags/example_branch_operator.py
[2025-03-20T11:00:06.564+0000] {logging_mixin.py:188} INFO - [2025-03-20T11:00:06.564+0000] {dag.py:3089} INFO - Sync 1 DAGs
[2025-03-20T11:00:06.574+0000] {logging_mixin.py:188} INFO - [2025-03-20T11:00:06.574+0000] {dag.py:3947} INFO - Setting next_dagrun for example_branch_operator to 2025-03-19 00:00:00+00:00, run_after=2025-03-20 00:00:00+00:00
[2025-03-20T11:00:06.581+0000] {processor.py:183} INFO - Processing /home/airflow/.local/lib/python3.12/site-packages/airflow/example_dags/example_branch_operator.py took 0.047 seconds
[2025-03-20T11:00:38.993+0000] {processor.py:161} INFO - Started process (PID=1535) to work on /home/airflow/.local/lib/python3.12/site-packages/airflow/example_dags/example_branch_operator.py
[2025-03-20T11:00:38.994+0000] {processor.py:830} INFO - Processing file /home/airflow/.local/lib/python3.12/site-packages/airflow/example_dags/example_branch_operator.py for tasks to queue
[2025-03-20T11:00:38.995+0000] {logging_mixin.py:188} INFO - [2025-03-20T11:00:38.994+0000] {dagbag.py:545} INFO - Filling up the DagBag from /home/airflow/.local/lib/python3.12/site-packages/airflow/example_dags/example_branch_operator.py
[2025-03-20T11:00:39.003+0000] {processor.py:840} INFO - DAG(s) 'example_branch_operator' retrieved from /home/airflow/.local/lib/python3.12/site-packages/airflow/example_dags/example_branch_operator.py
[2025-03-20T11:00:39.016+0000] {logging_mixin.py:188} INFO - [2025-03-20T11:00:39.016+0000] {dag.py:3089} INFO - Sync 1 DAGs
[2025-03-20T11:00:39.027+0000] {logging_mixin.py:188} INFO - [2025-03-20T11:00:39.027+0000] {dag.py:3947} INFO - Setting next_dagrun for example_branch_operator to 2025-03-19 00:00:00+00:00, run_after=2025-03-20 00:00:00+00:00
[2025-03-20T11:00:39.036+0000] {processor.py:183} INFO - Processing /home/airflow/.local/lib/python3.12/site-packages/airflow/example_dags/example_branch_operator.py took 0.046 seconds
[2025-03-20T11:01:11.695+0000] {processor.py:161} INFO - Started process (PID=1607) to work on /home/airflow/.local/lib/python3.12/site-packages/airflow/example_dags/example_branch_operator.py
[2025-03-20T11:01:11.696+0000] {processor.py:830} INFO - Processing file /home/airflow/.local/lib/python3.12/site-packages/airflow/example_dags/example_branch_operator.py for tasks to queue
[2025-03-20T11:01:11.696+0000] {logging_mixin.py:188} INFO - [2025-03-20T11:01:11.696+0000] {dagbag.py:545} INFO - Filling up the DagBag from /home/airflow/.local/lib/python3.12/site-packages/airflow/example_dags/example_branch_operator.py
[2025-03-20T11:01:11.703+0000] {processor.py:840} INFO - DAG(s) 'example_branch_operator' retrieved from /home/airflow/.local/lib/python3.12/site-packages/airflow/example_dags/example_branch_operator.py
[2025-03-20T11:01:11.717+0000] {logging_mixin.py:188} INFO - [2025-03-20T11:01:11.717+0000] {dag.py:3089} INFO - Sync 1 DAGs
[2025-03-20T11:01:11.727+0000] {logging_mixin.py:188} INFO - [2025-03-20T11:01:11.726+0000] {dag.py:3947} INFO - Setting next_dagrun for example_branch_operator to 2025-03-19 00:00:00+00:00, run_after=2025-03-20 00:00:00+00:00
[2025-03-20T11:01:11.735+0000] {processor.py:183} INFO - Processing /home/airflow/.local/lib/python3.12/site-packages/airflow/example_dags/example_branch_operator.py took 0.042 seconds
[2025-03-20T11:01:44.244+0000] {processor.py:161} INFO - Started process (PID=1679) to work on /home/airflow/.local/lib/python3.12/site-packages/airflow/example_dags/example_branch_operator.py
[2025-03-20T11:01:44.245+0000] {processor.py:830} INFO - Processing file /home/airflow/.local/lib/python3.12/site-packages/airflow/example_dags/example_branch_operator.py for tasks to queue
[2025-03-20T11:01:44.246+0000] {logging_mixin.py:188} INFO - [2025-03-20T11:01:44.246+0000] {dagbag.py:545} INFO - Filling up the DagBag from /home/airflow/.local/lib/python3.12/site-packages/airflow/example_dags/example_branch_operator.py
[2025-03-20T11:01:44.253+0000] {processor.py:840} INFO - DAG(s) 'example_branch_operator' retrieved from /home/airflow/.local/lib/python3.12/site-packages/airflow/example_dags/example_branch_operator.py
[2025-03-20T11:01:44.265+0000] {logging_mixin.py:188} INFO - [2025-03-20T11:01:44.265+0000] {dag.py:3089} INFO - Sync 1 DAGs
[2025-03-20T11:01:44.274+0000] {logging_mixin.py:188} INFO - [2025-03-20T11:01:44.274+0000] {dag.py:3947} INFO - Setting next_dagrun for example_branch_operator to 2025-03-19 00:00:00+00:00, run_after=2025-03-20 00:00:00+00:00
[2025-03-20T11:01:44.283+0000] {processor.py:183} INFO - Processing /home/airflow/.local/lib/python3.12/site-packages/airflow/example_dags/example_branch_operator.py took 0.041 seconds
[2025-03-20T11:02:16.848+0000] {processor.py:161} INFO - Started process (PID=1751) to work on /home/airflow/.local/lib/python3.12/site-packages/airflow/example_dags/example_branch_operator.py
[2025-03-20T11:02:16.849+0000] {processor.py:830} INFO - Processing file /home/airflow/.local/lib/python3.12/site-packages/airflow/example_dags/example_branch_operator.py for tasks to queue
[2025-03-20T11:02:16.850+0000] {logging_mixin.py:188} INFO - [2025-03-20T11:02:16.849+0000] {dagbag.py:545} INFO - Filling up the DagBag from /home/airflow/.local/lib/python3.12/site-packages/airflow/example_dags/example_branch_operator.py
[2025-03-20T11:02:16.857+0000] {processor.py:840} INFO - DAG(s) 'example_branch_operator' retrieved from /home/airflow/.local/lib/python3.12/site-packages/airflow/example_dags/example_branch_operator.py
[2025-03-20T11:02:16.869+0000] {logging_mixin.py:188} INFO - [2025-03-20T11:02:16.869+0000] {dag.py:3089} INFO - Sync 1 DAGs
[2025-03-20T11:02:16.878+0000] {logging_mixin.py:188} INFO - [2025-03-20T11:02:16.878+0000] {dag.py:3947} INFO - Setting next_dagrun for example_branch_operator to 2025-03-19 00:00:00+00:00, run_after=2025-03-20 00:00:00+00:00
[2025-03-20T11:02:16.886+0000] {processor.py:183} INFO - Processing /home/airflow/.local/lib/python3.12/site-packages/airflow/example_dags/example_branch_operator.py took 0.041 seconds
[2025-03-20T11:02:49.350+0000] {processor.py:161} INFO - Started process (PID=1828) to work on /home/airflow/.local/lib/python3.12/site-packages/airflow/example_dags/example_branch_operator.py
[2025-03-20T11:02:49.350+0000] {processor.py:830} INFO - Processing file /home/airflow/.local/lib/python3.12/site-packages/airflow/example_dags/example_branch_operator.py for tasks to queue
[2025-03-20T11:02:49.351+0000] {logging_mixin.py:188} INFO - [2025-03-20T11:02:49.351+0000] {dagbag.py:545} INFO - Filling up the DagBag from /home/airflow/.local/lib/python3.12/site-packages/airflow/example_dags/example_branch_operator.py
[2025-03-20T11:02:49.358+0000] {processor.py:840} INFO - DAG(s) 'example_branch_operator' retrieved from /home/airflow/.local/lib/python3.12/site-packages/airflow/example_dags/example_branch_operator.py
[2025-03-20T11:02:49.369+0000] {logging_mixin.py:188} INFO - [2025-03-20T11:02:49.369+0000] {dag.py:3089} INFO - Sync 1 DAGs
[2025-03-20T11:02:49.379+0000] {logging_mixin.py:188} INFO - [2025-03-20T11:02:49.378+0000] {dag.py:3947} INFO - Setting next_dagrun for example_branch_operator to 2025-03-19 00:00:00+00:00, run_after=2025-03-20 00:00:00+00:00
[2025-03-20T11:02:49.386+0000] {processor.py:183} INFO - Processing /home/airflow/.local/lib/python3.12/site-packages/airflow/example_dags/example_branch_operator.py took 0.038 seconds
[2025-03-20T11:03:22.186+0000] {processor.py:161} INFO - Started process (PID=1900) to work on /home/airflow/.local/lib/python3.12/site-packages/airflow/example_dags/example_branch_operator.py
[2025-03-20T11:03:22.187+0000] {processor.py:830} INFO - Processing file /home/airflow/.local/lib/python3.12/site-packages/airflow/example_dags/example_branch_operator.py for tasks to queue
[2025-03-20T11:03:22.189+0000] {logging_mixin.py:188} INFO - [2025-03-20T11:03:22.189+0000] {dagbag.py:545} INFO - Filling up the DagBag from /home/airflow/.local/lib/python3.12/site-packages/airflow/example_dags/example_branch_operator.py
[2025-03-20T11:03:22.197+0000] {processor.py:840} INFO - DAG(s) 'example_branch_operator' retrieved from /home/airflow/.local/lib/python3.12/site-packages/airflow/example_dags/example_branch_operator.py
[2025-03-20T11:03:22.219+0000] {logging_mixin.py:188} INFO - [2025-03-20T11:03:22.219+0000] {dag.py:3089} INFO - Sync 1 DAGs
[2025-03-20T11:03:22.237+0000] {logging_mixin.py:188} INFO - [2025-03-20T11:03:22.236+0000] {dag.py:3947} INFO - Setting next_dagrun for example_branch_operator to 2025-03-19 00:00:00+00:00, run_after=2025-03-20 00:00:00+00:00
[2025-03-20T11:03:22.244+0000] {processor.py:183} INFO - Processing /home/airflow/.local/lib/python3.12/site-packages/airflow/example_dags/example_branch_operator.py took 0.061 seconds
[2025-03-20T11:03:55.049+0000] {processor.py:161} INFO - Started process (PID=1972) to work on /home/airflow/.local/lib/python3.12/site-packages/airflow/example_dags/example_branch_operator.py
[2025-03-20T11:03:55.050+0000] {processor.py:830} INFO - Processing file /home/airflow/.local/lib/python3.12/site-packages/airflow/example_dags/example_branch_operator.py for tasks to queue
[2025-03-20T11:03:55.051+0000] {logging_mixin.py:188} INFO - [2025-03-20T11:03:55.051+0000] {dagbag.py:545} INFO - Filling up the DagBag from /home/airflow/.local/lib/python3.12/site-packages/airflow/example_dags/example_branch_operator.py
[2025-03-20T11:03:55.061+0000] {processor.py:840} INFO - DAG(s) 'example_branch_operator' retrieved from /home/airflow/.local/lib/python3.12/site-packages/airflow/example_dags/example_branch_operator.py
[2025-03-20T11:03:55.073+0000] {logging_mixin.py:188} INFO - [2025-03-20T11:03:55.072+0000] {dag.py:3089} INFO - Sync 1 DAGs
[2025-03-20T11:03:55.082+0000] {logging_mixin.py:188} INFO - [2025-03-20T11:03:55.082+0000] {dag.py:3947} INFO - Setting next_dagrun for example_branch_operator to 2025-03-19 00:00:00+00:00, run_after=2025-03-20 00:00:00+00:00
[2025-03-20T11:03:55.091+0000] {processor.py:183} INFO - Processing /home/airflow/.local/lib/python3.12/site-packages/airflow/example_dags/example_branch_operator.py took 0.045 seconds
[2025-03-20T11:04:27.532+0000] {processor.py:161} INFO - Started process (PID=2044) to work on /home/airflow/.local/lib/python3.12/site-packages/airflow/example_dags/example_branch_operator.py
[2025-03-20T11:04:27.533+0000] {processor.py:830} INFO - Processing file /home/airflow/.local/lib/python3.12/site-packages/airflow/example_dags/example_branch_operator.py for tasks to queue
[2025-03-20T11:04:27.533+0000] {logging_mixin.py:188} INFO - [2025-03-20T11:04:27.533+0000] {dagbag.py:545} INFO - Filling up the DagBag from /home/airflow/.local/lib/python3.12/site-packages/airflow/example_dags/example_branch_operator.py
[2025-03-20T11:04:27.542+0000] {processor.py:840} INFO - DAG(s) 'example_branch_operator' retrieved from /home/airflow/.local/lib/python3.12/site-packages/airflow/example_dags/example_branch_operator.py
[2025-03-20T11:04:27.559+0000] {logging_mixin.py:188} INFO - [2025-03-20T11:04:27.559+0000] {dag.py:3089} INFO - Sync 1 DAGs
[2025-03-20T11:04:27.571+0000] {logging_mixin.py:188} INFO - [2025-03-20T11:04:27.571+0000] {dag.py:3947} INFO - Setting next_dagrun for example_branch_operator to 2025-03-19 00:00:00+00:00, run_after=2025-03-20 00:00:00+00:00
[2025-03-20T11:04:27.578+0000] {processor.py:183} INFO - Processing /home/airflow/.local/lib/python3.12/site-packages/airflow/example_dags/example_branch_operator.py took 0.048 seconds
[2025-03-20T11:05:00.027+0000] {processor.py:161} INFO - Started process (PID=2116) to work on /home/airflow/.local/lib/python3.12/site-packages/airflow/example_dags/example_branch_operator.py
[2025-03-20T11:05:00.027+0000] {processor.py:830} INFO - Processing file /home/airflow/.local/lib/python3.12/site-packages/airflow/example_dags/example_branch_operator.py for tasks to queue
[2025-03-20T11:05:00.029+0000] {logging_mixin.py:188} INFO - [2025-03-20T11:05:00.029+0000] {dagbag.py:545} INFO - Filling up the DagBag from /home/airflow/.local/lib/python3.12/site-packages/airflow/example_dags/example_branch_operator.py
[2025-03-20T11:05:00.038+0000] {processor.py:840} INFO - DAG(s) 'example_branch_operator' retrieved from /home/airflow/.local/lib/python3.12/site-packages/airflow/example_dags/example_branch_operator.py
[2025-03-20T11:05:00.056+0000] {logging_mixin.py:188} INFO - [2025-03-20T11:05:00.055+0000] {dag.py:3089} INFO - Sync 1 DAGs
[2025-03-20T11:05:00.067+0000] {logging_mixin.py:188} INFO - [2025-03-20T11:05:00.067+0000] {dag.py:3947} INFO - Setting next_dagrun for example_branch_operator to 2025-03-19 00:00:00+00:00, run_after=2025-03-20 00:00:00+00:00
[2025-03-20T11:05:00.076+0000] {processor.py:183} INFO - Processing /home/airflow/.local/lib/python3.12/site-packages/airflow/example_dags/example_branch_operator.py took 0.052 seconds
[2025-03-20T11:05:32.571+0000] {processor.py:161} INFO - Started process (PID=2188) to work on /home/airflow/.local/lib/python3.12/site-packages/airflow/example_dags/example_branch_operator.py
[2025-03-20T11:05:32.571+0000] {processor.py:830} INFO - Processing file /home/airflow/.local/lib/python3.12/site-packages/airflow/example_dags/example_branch_operator.py for tasks to queue
[2025-03-20T11:05:32.572+0000] {logging_mixin.py:188} INFO - [2025-03-20T11:05:32.572+0000] {dagbag.py:545} INFO - Filling up the DagBag from /home/airflow/.local/lib/python3.12/site-packages/airflow/example_dags/example_branch_operator.py
[2025-03-20T11:05:32.585+0000] {processor.py:840} INFO - DAG(s) 'example_branch_operator' retrieved from /home/airflow/.local/lib/python3.12/site-packages/airflow/example_dags/example_branch_operator.py
[2025-03-20T11:05:32.606+0000] {logging_mixin.py:188} INFO - [2025-03-20T11:05:32.606+0000] {dag.py:3089} INFO - Sync 1 DAGs
[2025-03-20T11:05:32.618+0000] {logging_mixin.py:188} INFO - [2025-03-20T11:05:32.618+0000] {dag.py:3947} INFO - Setting next_dagrun for example_branch_operator to 2025-03-19 00:00:00+00:00, run_after=2025-03-20 00:00:00+00:00
[2025-03-20T11:05:32.630+0000] {processor.py:183} INFO - Processing /home/airflow/.local/lib/python3.12/site-packages/airflow/example_dags/example_branch_operator.py took 0.062 seconds
[2025-03-20T11:06:05.262+0000] {processor.py:161} INFO - Started process (PID=2260) to work on /home/airflow/.local/lib/python3.12/site-packages/airflow/example_dags/example_branch_operator.py
[2025-03-20T11:06:05.262+0000] {processor.py:830} INFO - Processing file /home/airflow/.local/lib/python3.12/site-packages/airflow/example_dags/example_branch_operator.py for tasks to queue
[2025-03-20T11:06:05.263+0000] {logging_mixin.py:188} INFO - [2025-03-20T11:06:05.263+0000] {dagbag.py:545} INFO - Filling up the DagBag from /home/airflow/.local/lib/python3.12/site-packages/airflow/example_dags/example_branch_operator.py
[2025-03-20T11:06:05.273+0000] {processor.py:840} INFO - DAG(s) 'example_branch_operator' retrieved from /home/airflow/.local/lib/python3.12/site-packages/airflow/example_dags/example_branch_operator.py
[2025-03-20T11:06:05.290+0000] {logging_mixin.py:188} INFO - [2025-03-20T11:06:05.290+0000] {dag.py:3089} INFO - Sync 1 DAGs
[2025-03-20T11:06:05.301+0000] {logging_mixin.py:188} INFO - [2025-03-20T11:06:05.301+0000] {dag.py:3947} INFO - Setting next_dagrun for example_branch_operator to 2025-03-19 00:00:00+00:00, run_after=2025-03-20 00:00:00+00:00
[2025-03-20T11:06:05.312+0000] {processor.py:183} INFO - Processing /home/airflow/.local/lib/python3.12/site-packages/airflow/example_dags/example_branch_operator.py took 0.053 seconds
[2025-03-20T11:06:37.872+0000] {processor.py:161} INFO - Started process (PID=2333) to work on /home/airflow/.local/lib/python3.12/site-packages/airflow/example_dags/example_branch_operator.py
[2025-03-20T11:06:37.872+0000] {processor.py:830} INFO - Processing file /home/airflow/.local/lib/python3.12/site-packages/airflow/example_dags/example_branch_operator.py for tasks to queue
[2025-03-20T11:06:37.874+0000] {logging_mixin.py:188} INFO - [2025-03-20T11:06:37.873+0000] {dagbag.py:545} INFO - Filling up the DagBag from /home/airflow/.local/lib/python3.12/site-packages/airflow/example_dags/example_branch_operator.py
[2025-03-20T11:06:37.883+0000] {processor.py:840} INFO - DAG(s) 'example_branch_operator' retrieved from /home/airflow/.local/lib/python3.12/site-packages/airflow/example_dags/example_branch_operator.py
[2025-03-20T11:06:37.897+0000] {logging_mixin.py:188} INFO - [2025-03-20T11:06:37.897+0000] {dag.py:3089} INFO - Sync 1 DAGs
[2025-03-20T11:06:37.908+0000] {logging_mixin.py:188} INFO - [2025-03-20T11:06:37.908+0000] {dag.py:3947} INFO - Setting next_dagrun for example_branch_operator to 2025-03-19 00:00:00+00:00, run_after=2025-03-20 00:00:00+00:00
[2025-03-20T11:06:37.915+0000] {processor.py:183} INFO - Processing /home/airflow/.local/lib/python3.12/site-packages/airflow/example_dags/example_branch_operator.py took 0.046 seconds
[2025-03-20T11:07:10.430+0000] {processor.py:161} INFO - Started process (PID=2405) to work on /home/airflow/.local/lib/python3.12/site-packages/airflow/example_dags/example_branch_operator.py
[2025-03-20T11:07:10.431+0000] {processor.py:830} INFO - Processing file /home/airflow/.local/lib/python3.12/site-packages/airflow/example_dags/example_branch_operator.py for tasks to queue
[2025-03-20T11:07:10.432+0000] {logging_mixin.py:188} INFO - [2025-03-20T11:07:10.432+0000] {dagbag.py:545} INFO - Filling up the DagBag from /home/airflow/.local/lib/python3.12/site-packages/airflow/example_dags/example_branch_operator.py
[2025-03-20T11:07:10.440+0000] {processor.py:840} INFO - DAG(s) 'example_branch_operator' retrieved from /home/airflow/.local/lib/python3.12/site-packages/airflow/example_dags/example_branch_operator.py
[2025-03-20T11:07:10.451+0000] {logging_mixin.py:188} INFO - [2025-03-20T11:07:10.451+0000] {dag.py:3089} INFO - Sync 1 DAGs
[2025-03-20T11:07:10.463+0000] {logging_mixin.py:188} INFO - [2025-03-20T11:07:10.463+0000] {dag.py:3947} INFO - Setting next_dagrun for example_branch_operator to 2025-03-19 00:00:00+00:00, run_after=2025-03-20 00:00:00+00:00
[2025-03-20T11:07:10.470+0000] {processor.py:183} INFO - Processing /home/airflow/.local/lib/python3.12/site-packages/airflow/example_dags/example_branch_operator.py took 0.042 seconds
[2025-03-20T11:07:42.884+0000] {processor.py:161} INFO - Started process (PID=2477) to work on /home/airflow/.local/lib/python3.12/site-packages/airflow/example_dags/example_branch_operator.py
[2025-03-20T11:07:42.885+0000] {processor.py:830} INFO - Processing file /home/airflow/.local/lib/python3.12/site-packages/airflow/example_dags/example_branch_operator.py for tasks to queue
[2025-03-20T11:07:42.886+0000] {logging_mixin.py:188} INFO - [2025-03-20T11:07:42.886+0000] {dagbag.py:545} INFO - Filling up the DagBag from /home/airflow/.local/lib/python3.12/site-packages/airflow/example_dags/example_branch_operator.py
[2025-03-20T11:07:42.893+0000] {processor.py:840} INFO - DAG(s) 'example_branch_operator' retrieved from /home/airflow/.local/lib/python3.12/site-packages/airflow/example_dags/example_branch_operator.py
[2025-03-20T11:07:42.907+0000] {logging_mixin.py:188} INFO - [2025-03-20T11:07:42.907+0000] {dag.py:3089} INFO - Sync 1 DAGs
[2025-03-20T11:07:42.916+0000] {logging_mixin.py:188} INFO - [2025-03-20T11:07:42.916+0000] {dag.py:3947} INFO - Setting next_dagrun for example_branch_operator to 2025-03-19 00:00:00+00:00, run_after=2025-03-20 00:00:00+00:00
[2025-03-20T11:07:42.923+0000] {processor.py:183} INFO - Processing /home/airflow/.local/lib/python3.12/site-packages/airflow/example_dags/example_branch_operator.py took 0.042 seconds
[2025-03-20T11:08:15.260+0000] {processor.py:161} INFO - Started process (PID=2549) to work on /home/airflow/.local/lib/python3.12/site-packages/airflow/example_dags/example_branch_operator.py
[2025-03-20T11:08:15.260+0000] {processor.py:830} INFO - Processing file /home/airflow/.local/lib/python3.12/site-packages/airflow/example_dags/example_branch_operator.py for tasks to queue
[2025-03-20T11:08:15.261+0000] {logging_mixin.py:188} INFO - [2025-03-20T11:08:15.261+0000] {dagbag.py:545} INFO - Filling up the DagBag from /home/airflow/.local/lib/python3.12/site-packages/airflow/example_dags/example_branch_operator.py
[2025-03-20T11:08:15.269+0000] {processor.py:840} INFO - DAG(s) 'example_branch_operator' retrieved from /home/airflow/.local/lib/python3.12/site-packages/airflow/example_dags/example_branch_operator.py
[2025-03-20T11:08:15.284+0000] {logging_mixin.py:188} INFO - [2025-03-20T11:08:15.284+0000] {dag.py:3089} INFO - Sync 1 DAGs
[2025-03-20T11:08:15.295+0000] {logging_mixin.py:188} INFO - [2025-03-20T11:08:15.295+0000] {dag.py:3947} INFO - Setting next_dagrun for example_branch_operator to 2025-03-19 00:00:00+00:00, run_after=2025-03-20 00:00:00+00:00
[2025-03-20T11:08:15.303+0000] {processor.py:183} INFO - Processing /home/airflow/.local/lib/python3.12/site-packages/airflow/example_dags/example_branch_operator.py took 0.045 seconds
[2025-03-20T11:08:47.788+0000] {processor.py:161} INFO - Started process (PID=2621) to work on /home/airflow/.local/lib/python3.12/site-packages/airflow/example_dags/example_branch_operator.py
[2025-03-20T11:08:47.790+0000] {processor.py:830} INFO - Processing file /home/airflow/.local/lib/python3.12/site-packages/airflow/example_dags/example_branch_operator.py for tasks to queue
[2025-03-20T11:08:47.792+0000] {logging_mixin.py:188} INFO - [2025-03-20T11:08:47.790+0000] {dagbag.py:545} INFO - Filling up the DagBag from /home/airflow/.local/lib/python3.12/site-packages/airflow/example_dags/example_branch_operator.py
[2025-03-20T11:08:47.799+0000] {processor.py:840} INFO - DAG(s) 'example_branch_operator' retrieved from /home/airflow/.local/lib/python3.12/site-packages/airflow/example_dags/example_branch_operator.py
[2025-03-20T11:08:47.816+0000] {logging_mixin.py:188} INFO - [2025-03-20T11:08:47.815+0000] {dag.py:3089} INFO - Sync 1 DAGs
[2025-03-20T11:08:47.825+0000] {logging_mixin.py:188} INFO - [2025-03-20T11:08:47.825+0000] {dag.py:3947} INFO - Setting next_dagrun for example_branch_operator to 2025-03-19 00:00:00+00:00, run_after=2025-03-20 00:00:00+00:00
[2025-03-20T11:08:47.832+0000] {processor.py:183} INFO - Processing /home/airflow/.local/lib/python3.12/site-packages/airflow/example_dags/example_branch_operator.py took 0.046 seconds
[2025-03-20T11:09:20.208+0000] {processor.py:161} INFO - Started process (PID=2698) to work on /home/airflow/.local/lib/python3.12/site-packages/airflow/example_dags/example_branch_operator.py
[2025-03-20T11:09:20.208+0000] {processor.py:830} INFO - Processing file /home/airflow/.local/lib/python3.12/site-packages/airflow/example_dags/example_branch_operator.py for tasks to queue
[2025-03-20T11:09:20.209+0000] {logging_mixin.py:188} INFO - [2025-03-20T11:09:20.209+0000] {dagbag.py:545} INFO - Filling up the DagBag from /home/airflow/.local/lib/python3.12/site-packages/airflow/example_dags/example_branch_operator.py
[2025-03-20T11:09:20.216+0000] {processor.py:840} INFO - DAG(s) 'example_branch_operator' retrieved from /home/airflow/.local/lib/python3.12/site-packages/airflow/example_dags/example_branch_operator.py
[2025-03-20T11:09:20.228+0000] {logging_mixin.py:188} INFO - [2025-03-20T11:09:20.228+0000] {dag.py:3089} INFO - Sync 1 DAGs
[2025-03-20T11:09:20.237+0000] {logging_mixin.py:188} INFO - [2025-03-20T11:09:20.237+0000] {dag.py:3947} INFO - Setting next_dagrun for example_branch_operator to 2025-03-19 00:00:00+00:00, run_after=2025-03-20 00:00:00+00:00
[2025-03-20T11:09:20.245+0000] {processor.py:183} INFO - Processing /home/airflow/.local/lib/python3.12/site-packages/airflow/example_dags/example_branch_operator.py took 0.040 seconds
[2025-03-20T11:09:52.800+0000] {processor.py:161} INFO - Started process (PID=2770) to work on /home/airflow/.local/lib/python3.12/site-packages/airflow/example_dags/example_branch_operator.py
[2025-03-20T11:09:52.800+0000] {processor.py:830} INFO - Processing file /home/airflow/.local/lib/python3.12/site-packages/airflow/example_dags/example_branch_operator.py for tasks to queue
[2025-03-20T11:09:52.802+0000] {logging_mixin.py:188} INFO - [2025-03-20T11:09:52.802+0000] {dagbag.py:545} INFO - Filling up the DagBag from /home/airflow/.local/lib/python3.12/site-packages/airflow/example_dags/example_branch_operator.py
[2025-03-20T11:09:52.809+0000] {processor.py:840} INFO - DAG(s) 'example_branch_operator' retrieved from /home/airflow/.local/lib/python3.12/site-packages/airflow/example_dags/example_branch_operator.py
[2025-03-20T11:09:52.825+0000] {logging_mixin.py:188} INFO - [2025-03-20T11:09:52.824+0000] {dag.py:3089} INFO - Sync 1 DAGs
[2025-03-20T11:09:52.834+0000] {logging_mixin.py:188} INFO - [2025-03-20T11:09:52.834+0000] {dag.py:3947} INFO - Setting next_dagrun for example_branch_operator to 2025-03-19 00:00:00+00:00, run_after=2025-03-20 00:00:00+00:00
[2025-03-20T11:09:52.841+0000] {processor.py:183} INFO - Processing /home/airflow/.local/lib/python3.12/site-packages/airflow/example_dags/example_branch_operator.py took 0.044 seconds
[2025-03-20T11:10:25.378+0000] {processor.py:161} INFO - Started process (PID=2842) to work on /home/airflow/.local/lib/python3.12/site-packages/airflow/example_dags/example_branch_operator.py
[2025-03-20T11:10:25.378+0000] {processor.py:830} INFO - Processing file /home/airflow/.local/lib/python3.12/site-packages/airflow/example_dags/example_branch_operator.py for tasks to queue
[2025-03-20T11:10:25.379+0000] {logging_mixin.py:188} INFO - [2025-03-20T11:10:25.379+0000] {dagbag.py:545} INFO - Filling up the DagBag from /home/airflow/.local/lib/python3.12/site-packages/airflow/example_dags/example_branch_operator.py
[2025-03-20T11:10:25.386+0000] {processor.py:840} INFO - DAG(s) 'example_branch_operator' retrieved from /home/airflow/.local/lib/python3.12/site-packages/airflow/example_dags/example_branch_operator.py
[2025-03-20T11:10:25.402+0000] {logging_mixin.py:188} INFO - [2025-03-20T11:10:25.401+0000] {dag.py:3089} INFO - Sync 1 DAGs
[2025-03-20T11:10:25.412+0000] {logging_mixin.py:188} INFO - [2025-03-20T11:10:25.412+0000] {dag.py:3947} INFO - Setting next_dagrun for example_branch_operator to 2025-03-19 00:00:00+00:00, run_after=2025-03-20 00:00:00+00:00
[2025-03-20T11:10:25.422+0000] {processor.py:183} INFO - Processing /home/airflow/.local/lib/python3.12/site-packages/airflow/example_dags/example_branch_operator.py took 0.047 seconds
[2025-03-20T11:10:57.863+0000] {processor.py:161} INFO - Started process (PID=2914) to work on /home/airflow/.local/lib/python3.12/site-packages/airflow/example_dags/example_branch_operator.py
[2025-03-20T11:10:57.865+0000] {processor.py:830} INFO - Processing file /home/airflow/.local/lib/python3.12/site-packages/airflow/example_dags/example_branch_operator.py for tasks to queue
[2025-03-20T11:10:57.867+0000] {logging_mixin.py:188} INFO - [2025-03-20T11:10:57.867+0000] {dagbag.py:545} INFO - Filling up the DagBag from /home/airflow/.local/lib/python3.12/site-packages/airflow/example_dags/example_branch_operator.py
[2025-03-20T11:10:57.875+0000] {processor.py:840} INFO - DAG(s) 'example_branch_operator' retrieved from /home/airflow/.local/lib/python3.12/site-packages/airflow/example_dags/example_branch_operator.py
[2025-03-20T11:10:57.888+0000] {logging_mixin.py:188} INFO - [2025-03-20T11:10:57.888+0000] {dag.py:3089} INFO - Sync 1 DAGs
[2025-03-20T11:10:57.899+0000] {logging_mixin.py:188} INFO - [2025-03-20T11:10:57.899+0000] {dag.py:3947} INFO - Setting next_dagrun for example_branch_operator to 2025-03-19 00:00:00+00:00, run_after=2025-03-20 00:00:00+00:00
[2025-03-20T11:10:57.908+0000] {processor.py:183} INFO - Processing /home/airflow/.local/lib/python3.12/site-packages/airflow/example_dags/example_branch_operator.py took 0.047 seconds
[2025-03-20T11:11:30.428+0000] {processor.py:161} INFO - Started process (PID=2986) to work on /home/airflow/.local/lib/python3.12/site-packages/airflow/example_dags/example_branch_operator.py
[2025-03-20T11:11:30.428+0000] {processor.py:830} INFO - Processing file /home/airflow/.local/lib/python3.12/site-packages/airflow/example_dags/example_branch_operator.py for tasks to queue
[2025-03-20T11:11:30.429+0000] {logging_mixin.py:188} INFO - [2025-03-20T11:11:30.429+0000] {dagbag.py:545} INFO - Filling up the DagBag from /home/airflow/.local/lib/python3.12/site-packages/airflow/example_dags/example_branch_operator.py
[2025-03-20T11:11:30.436+0000] {processor.py:840} INFO - DAG(s) 'example_branch_operator' retrieved from /home/airflow/.local/lib/python3.12/site-packages/airflow/example_dags/example_branch_operator.py
[2025-03-20T11:11:30.446+0000] {logging_mixin.py:188} INFO - [2025-03-20T11:11:30.445+0000] {dag.py:3089} INFO - Sync 1 DAGs
[2025-03-20T11:11:30.454+0000] {logging_mixin.py:188} INFO - [2025-03-20T11:11:30.454+0000] {dag.py:3947} INFO - Setting next_dagrun for example_branch_operator to 2025-03-19 00:00:00+00:00, run_after=2025-03-20 00:00:00+00:00
[2025-03-20T11:11:30.460+0000] {processor.py:183} INFO - Processing /home/airflow/.local/lib/python3.12/site-packages/airflow/example_dags/example_branch_operator.py took 0.034 seconds
[2025-03-20T11:12:03.176+0000] {processor.py:161} INFO - Started process (PID=3058) to work on /home/airflow/.local/lib/python3.12/site-packages/airflow/example_dags/example_branch_operator.py
[2025-03-20T11:12:03.179+0000] {processor.py:830} INFO - Processing file /home/airflow/.local/lib/python3.12/site-packages/airflow/example_dags/example_branch_operator.py for tasks to queue
[2025-03-20T11:12:03.180+0000] {logging_mixin.py:188} INFO - [2025-03-20T11:12:03.180+0000] {dagbag.py:545} INFO - Filling up the DagBag from /home/airflow/.local/lib/python3.12/site-packages/airflow/example_dags/example_branch_operator.py
[2025-03-20T11:12:03.187+0000] {processor.py:840} INFO - DAG(s) 'example_branch_operator' retrieved from /home/airflow/.local/lib/python3.12/site-packages/airflow/example_dags/example_branch_operator.py
[2025-03-20T11:12:03.202+0000] {logging_mixin.py:188} INFO - [2025-03-20T11:12:03.202+0000] {dag.py:3089} INFO - Sync 1 DAGs
[2025-03-20T11:12:03.212+0000] {logging_mixin.py:188} INFO - [2025-03-20T11:12:03.212+0000] {dag.py:3947} INFO - Setting next_dagrun for example_branch_operator to 2025-03-19 00:00:00+00:00, run_after=2025-03-20 00:00:00+00:00
[2025-03-20T11:12:03.225+0000] {processor.py:183} INFO - Processing /home/airflow/.local/lib/python3.12/site-packages/airflow/example_dags/example_branch_operator.py took 0.051 seconds
[2025-03-20T11:12:35.544+0000] {processor.py:161} INFO - Started process (PID=3130) to work on /home/airflow/.local/lib/python3.12/site-packages/airflow/example_dags/example_branch_operator.py
[2025-03-20T11:12:35.544+0000] {processor.py:830} INFO - Processing file /home/airflow/.local/lib/python3.12/site-packages/airflow/example_dags/example_branch_operator.py for tasks to queue
[2025-03-20T11:12:35.545+0000] {logging_mixin.py:188} INFO - [2025-03-20T11:12:35.545+0000] {dagbag.py:545} INFO - Filling up the DagBag from /home/airflow/.local/lib/python3.12/site-packages/airflow/example_dags/example_branch_operator.py
[2025-03-20T11:12:35.552+0000] {processor.py:840} INFO - DAG(s) 'example_branch_operator' retrieved from /home/airflow/.local/lib/python3.12/site-packages/airflow/example_dags/example_branch_operator.py
[2025-03-20T11:12:35.569+0000] {logging_mixin.py:188} INFO - [2025-03-20T11:12:35.569+0000] {dag.py:3089} INFO - Sync 1 DAGs
[2025-03-20T11:12:35.582+0000] {logging_mixin.py:188} INFO - [2025-03-20T11:12:35.582+0000] {dag.py:3947} INFO - Setting next_dagrun for example_branch_operator to 2025-03-19 00:00:00+00:00, run_after=2025-03-20 00:00:00+00:00
[2025-03-20T11:12:35.591+0000] {processor.py:183} INFO - Processing /home/airflow/.local/lib/python3.12/site-packages/airflow/example_dags/example_branch_operator.py took 0.050 seconds
[2025-03-20T11:13:08.202+0000] {processor.py:161} INFO - Started process (PID=3201) to work on /home/airflow/.local/lib/python3.12/site-packages/airflow/example_dags/example_branch_operator.py
[2025-03-20T11:13:08.202+0000] {processor.py:830} INFO - Processing file /home/airflow/.local/lib/python3.12/site-packages/airflow/example_dags/example_branch_operator.py for tasks to queue
[2025-03-20T11:13:08.203+0000] {logging_mixin.py:188} INFO - [2025-03-20T11:13:08.203+0000] {dagbag.py:545} INFO - Filling up the DagBag from /home/airflow/.local/lib/python3.12/site-packages/airflow/example_dags/example_branch_operator.py
[2025-03-20T11:13:08.210+0000] {processor.py:840} INFO - DAG(s) 'example_branch_operator' retrieved from /home/airflow/.local/lib/python3.12/site-packages/airflow/example_dags/example_branch_operator.py
[2025-03-20T11:13:08.225+0000] {logging_mixin.py:188} INFO - [2025-03-20T11:13:08.225+0000] {dag.py:3089} INFO - Sync 1 DAGs
[2025-03-20T11:13:08.234+0000] {logging_mixin.py:188} INFO - [2025-03-20T11:13:08.234+0000] {dag.py:3947} INFO - Setting next_dagrun for example_branch_operator to 2025-03-19 00:00:00+00:00, run_after=2025-03-20 00:00:00+00:00
[2025-03-20T11:13:08.243+0000] {processor.py:183} INFO - Processing /home/airflow/.local/lib/python3.12/site-packages/airflow/example_dags/example_branch_operator.py took 0.044 seconds
[2025-03-20T11:13:40.606+0000] {processor.py:161} INFO - Started process (PID=3273) to work on /home/airflow/.local/lib/python3.12/site-packages/airflow/example_dags/example_branch_operator.py
[2025-03-20T11:13:40.606+0000] {processor.py:830} INFO - Processing file /home/airflow/.local/lib/python3.12/site-packages/airflow/example_dags/example_branch_operator.py for tasks to queue
[2025-03-20T11:13:40.607+0000] {logging_mixin.py:188} INFO - [2025-03-20T11:13:40.607+0000] {dagbag.py:545} INFO - Filling up the DagBag from /home/airflow/.local/lib/python3.12/site-packages/airflow/example_dags/example_branch_operator.py
[2025-03-20T11:13:40.615+0000] {processor.py:840} INFO - DAG(s) 'example_branch_operator' retrieved from /home/airflow/.local/lib/python3.12/site-packages/airflow/example_dags/example_branch_operator.py
[2025-03-20T11:13:40.627+0000] {logging_mixin.py:188} INFO - [2025-03-20T11:13:40.626+0000] {dag.py:3089} INFO - Sync 1 DAGs
[2025-03-20T11:13:40.635+0000] {logging_mixin.py:188} INFO - [2025-03-20T11:13:40.635+0000] {dag.py:3947} INFO - Setting next_dagrun for example_branch_operator to 2025-03-19 00:00:00+00:00, run_after=2025-03-20 00:00:00+00:00
[2025-03-20T11:13:40.644+0000] {processor.py:183} INFO - Processing /home/airflow/.local/lib/python3.12/site-packages/airflow/example_dags/example_branch_operator.py took 0.041 seconds
[2025-03-20T20:18:33.462+0000] {processor.py:161} INFO - Started process (PID=89) to work on /home/airflow/.local/lib/python3.12/site-packages/airflow/example_dags/example_branch_operator.py
[2025-03-20T20:18:33.463+0000] {processor.py:830} INFO - Processing file /home/airflow/.local/lib/python3.12/site-packages/airflow/example_dags/example_branch_operator.py for tasks to queue
[2025-03-20T20:18:33.465+0000] {logging_mixin.py:188} INFO - [2025-03-20T20:18:33.465+0000] {dagbag.py:545} INFO - Filling up the DagBag from /home/airflow/.local/lib/python3.12/site-packages/airflow/example_dags/example_branch_operator.py
[2025-03-20T20:18:33.490+0000] {processor.py:840} INFO - DAG(s) 'example_branch_operator' retrieved from /home/airflow/.local/lib/python3.12/site-packages/airflow/example_dags/example_branch_operator.py
[2025-03-20T20:18:33.582+0000] {logging_mixin.py:188} INFO - [2025-03-20T20:18:33.581+0000] {dag.py:3089} INFO - Sync 1 DAGs
[2025-03-20T20:18:33.593+0000] {logging_mixin.py:188} INFO - [2025-03-20T20:18:33.593+0000] {dag.py:3947} INFO - Setting next_dagrun for example_branch_operator to 2025-03-19 00:00:00+00:00, run_after=2025-03-20 00:00:00+00:00
[2025-03-20T20:18:33.604+0000] {processor.py:183} INFO - Processing /home/airflow/.local/lib/python3.12/site-packages/airflow/example_dags/example_branch_operator.py took 0.149 seconds
