[2025-03-20T10:49:50.325+0000] {processor.py:161} INFO - Started process (PID=127) to work on /home/airflow/.local/lib/python3.12/site-packages/airflow/example_dags/example_task_group_decorator.py
[2025-03-20T10:49:50.327+0000] {processor.py:830} INFO - Processing file /home/airflow/.local/lib/python3.12/site-packages/airflow/example_dags/example_task_group_decorator.py for tasks to queue
[2025-03-20T10:49:50.327+0000] {logging_mixin.py:188} INFO - [2025-03-20T10:49:50.327+0000] {dagbag.py:545} INFO - Filling up the DagBag from /home/airflow/.local/lib/python3.12/site-packages/airflow/example_dags/example_task_group_decorator.py
[2025-03-20T10:49:50.334+0000] {processor.py:840} INFO - DAG(s) 'example_task_group_decorator' retrieved from /home/airflow/.local/lib/python3.12/site-packages/airflow/example_dags/example_task_group_decorator.py
[2025-03-20T10:49:50.343+0000] {logging_mixin.py:188} INFO - [2025-03-20T10:49:50.343+0000] {dag.py:3089} INFO - Sync 1 DAGs
[2025-03-20T10:49:50.351+0000] {logging_mixin.py:188} INFO - [2025-03-20T10:49:50.351+0000] {dag.py:3947} INFO - Setting next_dagrun for example_task_group_decorator to 2025-03-19 00:00:00+00:00, run_after=2025-03-20 00:00:00+00:00
[2025-03-20T10:49:50.358+0000] {processor.py:183} INFO - Processing /home/airflow/.local/lib/python3.12/site-packages/airflow/example_dags/example_task_group_decorator.py took 0.035 seconds
[2025-03-20T10:50:22.260+0000] {processor.py:161} INFO - Started process (PID=199) to work on /home/airflow/.local/lib/python3.12/site-packages/airflow/example_dags/example_task_group_decorator.py
[2025-03-20T10:50:22.261+0000] {processor.py:830} INFO - Processing file /home/airflow/.local/lib/python3.12/site-packages/airflow/example_dags/example_task_group_decorator.py for tasks to queue
[2025-03-20T10:50:22.262+0000] {logging_mixin.py:188} INFO - [2025-03-20T10:50:22.262+0000] {dagbag.py:545} INFO - Filling up the DagBag from /home/airflow/.local/lib/python3.12/site-packages/airflow/example_dags/example_task_group_decorator.py
[2025-03-20T10:50:22.268+0000] {processor.py:840} INFO - DAG(s) 'example_task_group_decorator' retrieved from /home/airflow/.local/lib/python3.12/site-packages/airflow/example_dags/example_task_group_decorator.py
[2025-03-20T10:50:22.278+0000] {logging_mixin.py:188} INFO - [2025-03-20T10:50:22.278+0000] {dag.py:3089} INFO - Sync 1 DAGs
[2025-03-20T10:50:22.289+0000] {logging_mixin.py:188} INFO - [2025-03-20T10:50:22.289+0000] {dag.py:3947} INFO - Setting next_dagrun for example_task_group_decorator to 2025-03-19 00:00:00+00:00, run_after=2025-03-20 00:00:00+00:00
[2025-03-20T10:50:22.298+0000] {processor.py:183} INFO - Processing /home/airflow/.local/lib/python3.12/site-packages/airflow/example_dags/example_task_group_decorator.py took 0.040 seconds
[2025-03-20T10:50:54.924+0000] {processor.py:161} INFO - Started process (PID=271) to work on /home/airflow/.local/lib/python3.12/site-packages/airflow/example_dags/example_task_group_decorator.py
[2025-03-20T10:50:54.925+0000] {processor.py:830} INFO - Processing file /home/airflow/.local/lib/python3.12/site-packages/airflow/example_dags/example_task_group_decorator.py for tasks to queue
[2025-03-20T10:50:54.926+0000] {logging_mixin.py:188} INFO - [2025-03-20T10:50:54.926+0000] {dagbag.py:545} INFO - Filling up the DagBag from /home/airflow/.local/lib/python3.12/site-packages/airflow/example_dags/example_task_group_decorator.py
[2025-03-20T10:50:54.931+0000] {processor.py:840} INFO - DAG(s) 'example_task_group_decorator' retrieved from /home/airflow/.local/lib/python3.12/site-packages/airflow/example_dags/example_task_group_decorator.py
[2025-03-20T10:50:54.941+0000] {logging_mixin.py:188} INFO - [2025-03-20T10:50:54.941+0000] {dag.py:3089} INFO - Sync 1 DAGs
[2025-03-20T10:50:54.950+0000] {logging_mixin.py:188} INFO - [2025-03-20T10:50:54.950+0000] {dag.py:3947} INFO - Setting next_dagrun for example_task_group_decorator to 2025-03-19 00:00:00+00:00, run_after=2025-03-20 00:00:00+00:00
[2025-03-20T10:50:54.959+0000] {processor.py:183} INFO - Processing /home/airflow/.local/lib/python3.12/site-packages/airflow/example_dags/example_task_group_decorator.py took 0.038 seconds
[2025-03-20T10:51:27.311+0000] {processor.py:161} INFO - Started process (PID=343) to work on /home/airflow/.local/lib/python3.12/site-packages/airflow/example_dags/example_task_group_decorator.py
[2025-03-20T10:51:27.312+0000] {processor.py:830} INFO - Processing file /home/airflow/.local/lib/python3.12/site-packages/airflow/example_dags/example_task_group_decorator.py for tasks to queue
[2025-03-20T10:51:27.312+0000] {logging_mixin.py:188} INFO - [2025-03-20T10:51:27.312+0000] {dagbag.py:545} INFO - Filling up the DagBag from /home/airflow/.local/lib/python3.12/site-packages/airflow/example_dags/example_task_group_decorator.py
[2025-03-20T10:51:27.318+0000] {processor.py:840} INFO - DAG(s) 'example_task_group_decorator' retrieved from /home/airflow/.local/lib/python3.12/site-packages/airflow/example_dags/example_task_group_decorator.py
[2025-03-20T10:51:27.332+0000] {logging_mixin.py:188} INFO - [2025-03-20T10:51:27.332+0000] {dag.py:3089} INFO - Sync 1 DAGs
[2025-03-20T10:51:27.342+0000] {logging_mixin.py:188} INFO - [2025-03-20T10:51:27.342+0000] {dag.py:3947} INFO - Setting next_dagrun for example_task_group_decorator to 2025-03-19 00:00:00+00:00, run_after=2025-03-20 00:00:00+00:00
[2025-03-20T10:51:27.349+0000] {processor.py:183} INFO - Processing /home/airflow/.local/lib/python3.12/site-packages/airflow/example_dags/example_task_group_decorator.py took 0.041 seconds
[2025-03-20T10:51:59.955+0000] {processor.py:161} INFO - Started process (PID=414) to work on /home/airflow/.local/lib/python3.12/site-packages/airflow/example_dags/example_task_group_decorator.py
[2025-03-20T10:51:59.956+0000] {processor.py:830} INFO - Processing file /home/airflow/.local/lib/python3.12/site-packages/airflow/example_dags/example_task_group_decorator.py for tasks to queue
[2025-03-20T10:51:59.957+0000] {logging_mixin.py:188} INFO - [2025-03-20T10:51:59.956+0000] {dagbag.py:545} INFO - Filling up the DagBag from /home/airflow/.local/lib/python3.12/site-packages/airflow/example_dags/example_task_group_decorator.py
[2025-03-20T10:51:59.962+0000] {processor.py:840} INFO - DAG(s) 'example_task_group_decorator' retrieved from /home/airflow/.local/lib/python3.12/site-packages/airflow/example_dags/example_task_group_decorator.py
[2025-03-20T10:51:59.974+0000] {logging_mixin.py:188} INFO - [2025-03-20T10:51:59.974+0000] {dag.py:3089} INFO - Sync 1 DAGs
[2025-03-20T10:51:59.983+0000] {logging_mixin.py:188} INFO - [2025-03-20T10:51:59.983+0000] {dag.py:3947} INFO - Setting next_dagrun for example_task_group_decorator to 2025-03-19 00:00:00+00:00, run_after=2025-03-20 00:00:00+00:00
[2025-03-20T10:51:59.995+0000] {processor.py:183} INFO - Processing /home/airflow/.local/lib/python3.12/site-packages/airflow/example_dags/example_task_group_decorator.py took 0.042 seconds
[2025-03-20T10:52:32.929+0000] {processor.py:161} INFO - Started process (PID=485) to work on /home/airflow/.local/lib/python3.12/site-packages/airflow/example_dags/example_task_group_decorator.py
[2025-03-20T10:52:32.929+0000] {processor.py:830} INFO - Processing file /home/airflow/.local/lib/python3.12/site-packages/airflow/example_dags/example_task_group_decorator.py for tasks to queue
[2025-03-20T10:52:32.930+0000] {logging_mixin.py:188} INFO - [2025-03-20T10:52:32.930+0000] {dagbag.py:545} INFO - Filling up the DagBag from /home/airflow/.local/lib/python3.12/site-packages/airflow/example_dags/example_task_group_decorator.py
[2025-03-20T10:52:32.936+0000] {processor.py:840} INFO - DAG(s) 'example_task_group_decorator' retrieved from /home/airflow/.local/lib/python3.12/site-packages/airflow/example_dags/example_task_group_decorator.py
[2025-03-20T10:52:32.947+0000] {logging_mixin.py:188} INFO - [2025-03-20T10:52:32.947+0000] {dag.py:3089} INFO - Sync 1 DAGs
[2025-03-20T10:52:32.956+0000] {logging_mixin.py:188} INFO - [2025-03-20T10:52:32.956+0000] {dag.py:3947} INFO - Setting next_dagrun for example_task_group_decorator to 2025-03-19 00:00:00+00:00, run_after=2025-03-20 00:00:00+00:00
[2025-03-20T10:52:32.965+0000] {processor.py:183} INFO - Processing /home/airflow/.local/lib/python3.12/site-packages/airflow/example_dags/example_task_group_decorator.py took 0.039 seconds
[2025-03-20T10:53:05.161+0000] {processor.py:161} INFO - Started process (PID=557) to work on /home/airflow/.local/lib/python3.12/site-packages/airflow/example_dags/example_task_group_decorator.py
[2025-03-20T10:53:05.162+0000] {processor.py:830} INFO - Processing file /home/airflow/.local/lib/python3.12/site-packages/airflow/example_dags/example_task_group_decorator.py for tasks to queue
[2025-03-20T10:53:05.163+0000] {logging_mixin.py:188} INFO - [2025-03-20T10:53:05.163+0000] {dagbag.py:545} INFO - Filling up the DagBag from /home/airflow/.local/lib/python3.12/site-packages/airflow/example_dags/example_task_group_decorator.py
[2025-03-20T10:53:05.169+0000] {processor.py:840} INFO - DAG(s) 'example_task_group_decorator' retrieved from /home/airflow/.local/lib/python3.12/site-packages/airflow/example_dags/example_task_group_decorator.py
[2025-03-20T10:53:05.178+0000] {logging_mixin.py:188} INFO - [2025-03-20T10:53:05.178+0000] {dag.py:3089} INFO - Sync 1 DAGs
[2025-03-20T10:53:05.190+0000] {logging_mixin.py:188} INFO - [2025-03-20T10:53:05.190+0000] {dag.py:3947} INFO - Setting next_dagrun for example_task_group_decorator to 2025-03-19 00:00:00+00:00, run_after=2025-03-20 00:00:00+00:00
[2025-03-20T10:53:05.199+0000] {processor.py:183} INFO - Processing /home/airflow/.local/lib/python3.12/site-packages/airflow/example_dags/example_task_group_decorator.py took 0.041 seconds
[2025-03-20T10:53:37.512+0000] {processor.py:161} INFO - Started process (PID=629) to work on /home/airflow/.local/lib/python3.12/site-packages/airflow/example_dags/example_task_group_decorator.py
[2025-03-20T10:53:37.513+0000] {processor.py:830} INFO - Processing file /home/airflow/.local/lib/python3.12/site-packages/airflow/example_dags/example_task_group_decorator.py for tasks to queue
[2025-03-20T10:53:37.515+0000] {logging_mixin.py:188} INFO - [2025-03-20T10:53:37.515+0000] {dagbag.py:545} INFO - Filling up the DagBag from /home/airflow/.local/lib/python3.12/site-packages/airflow/example_dags/example_task_group_decorator.py
[2025-03-20T10:53:37.523+0000] {processor.py:840} INFO - DAG(s) 'example_task_group_decorator' retrieved from /home/airflow/.local/lib/python3.12/site-packages/airflow/example_dags/example_task_group_decorator.py
[2025-03-20T10:53:37.536+0000] {logging_mixin.py:188} INFO - [2025-03-20T10:53:37.536+0000] {dag.py:3089} INFO - Sync 1 DAGs
[2025-03-20T10:53:37.548+0000] {logging_mixin.py:188} INFO - [2025-03-20T10:53:37.548+0000] {dag.py:3947} INFO - Setting next_dagrun for example_task_group_decorator to 2025-03-19 00:00:00+00:00, run_after=2025-03-20 00:00:00+00:00
[2025-03-20T10:53:37.561+0000] {processor.py:183} INFO - Processing /home/airflow/.local/lib/python3.12/site-packages/airflow/example_dags/example_task_group_decorator.py took 0.052 seconds
[2025-03-20T10:54:09.810+0000] {processor.py:161} INFO - Started process (PID=701) to work on /home/airflow/.local/lib/python3.12/site-packages/airflow/example_dags/example_task_group_decorator.py
[2025-03-20T10:54:09.811+0000] {processor.py:830} INFO - Processing file /home/airflow/.local/lib/python3.12/site-packages/airflow/example_dags/example_task_group_decorator.py for tasks to queue
[2025-03-20T10:54:09.812+0000] {logging_mixin.py:188} INFO - [2025-03-20T10:54:09.811+0000] {dagbag.py:545} INFO - Filling up the DagBag from /home/airflow/.local/lib/python3.12/site-packages/airflow/example_dags/example_task_group_decorator.py
[2025-03-20T10:54:09.817+0000] {processor.py:840} INFO - DAG(s) 'example_task_group_decorator' retrieved from /home/airflow/.local/lib/python3.12/site-packages/airflow/example_dags/example_task_group_decorator.py
[2025-03-20T10:54:09.829+0000] {logging_mixin.py:188} INFO - [2025-03-20T10:54:09.828+0000] {dag.py:3089} INFO - Sync 1 DAGs
[2025-03-20T10:54:09.931+0000] {logging_mixin.py:188} INFO - [2025-03-20T10:54:09.931+0000] {dag.py:3947} INFO - Setting next_dagrun for example_task_group_decorator to 2025-03-19 00:00:00+00:00, run_after=2025-03-20 00:00:00+00:00
[2025-03-20T10:54:09.940+0000] {processor.py:183} INFO - Processing /home/airflow/.local/lib/python3.12/site-packages/airflow/example_dags/example_task_group_decorator.py took 0.132 seconds
[2025-03-20T10:54:41.753+0000] {processor.py:161} INFO - Started process (PID=773) to work on /home/airflow/.local/lib/python3.12/site-packages/airflow/example_dags/example_task_group_decorator.py
[2025-03-20T10:54:41.754+0000] {processor.py:830} INFO - Processing file /home/airflow/.local/lib/python3.12/site-packages/airflow/example_dags/example_task_group_decorator.py for tasks to queue
[2025-03-20T10:54:41.755+0000] {logging_mixin.py:188} INFO - [2025-03-20T10:54:41.755+0000] {dagbag.py:545} INFO - Filling up the DagBag from /home/airflow/.local/lib/python3.12/site-packages/airflow/example_dags/example_task_group_decorator.py
[2025-03-20T10:54:41.762+0000] {processor.py:840} INFO - DAG(s) 'example_task_group_decorator' retrieved from /home/airflow/.local/lib/python3.12/site-packages/airflow/example_dags/example_task_group_decorator.py
[2025-03-20T10:54:41.775+0000] {logging_mixin.py:188} INFO - [2025-03-20T10:54:41.775+0000] {dag.py:3089} INFO - Sync 1 DAGs
[2025-03-20T10:54:41.784+0000] {logging_mixin.py:188} INFO - [2025-03-20T10:54:41.783+0000] {dag.py:3947} INFO - Setting next_dagrun for example_task_group_decorator to 2025-03-19 00:00:00+00:00, run_after=2025-03-20 00:00:00+00:00
[2025-03-20T10:54:41.793+0000] {processor.py:183} INFO - Processing /home/airflow/.local/lib/python3.12/site-packages/airflow/example_dags/example_task_group_decorator.py took 0.042 seconds
[2025-03-20T10:55:14.268+0000] {processor.py:161} INFO - Started process (PID=845) to work on /home/airflow/.local/lib/python3.12/site-packages/airflow/example_dags/example_task_group_decorator.py
[2025-03-20T10:55:14.268+0000] {processor.py:830} INFO - Processing file /home/airflow/.local/lib/python3.12/site-packages/airflow/example_dags/example_task_group_decorator.py for tasks to queue
[2025-03-20T10:55:14.269+0000] {logging_mixin.py:188} INFO - [2025-03-20T10:55:14.269+0000] {dagbag.py:545} INFO - Filling up the DagBag from /home/airflow/.local/lib/python3.12/site-packages/airflow/example_dags/example_task_group_decorator.py
[2025-03-20T10:55:14.275+0000] {processor.py:840} INFO - DAG(s) 'example_task_group_decorator' retrieved from /home/airflow/.local/lib/python3.12/site-packages/airflow/example_dags/example_task_group_decorator.py
[2025-03-20T10:55:14.284+0000] {logging_mixin.py:188} INFO - [2025-03-20T10:55:14.284+0000] {dag.py:3089} INFO - Sync 1 DAGs
[2025-03-20T10:55:14.292+0000] {logging_mixin.py:188} INFO - [2025-03-20T10:55:14.292+0000] {dag.py:3947} INFO - Setting next_dagrun for example_task_group_decorator to 2025-03-19 00:00:00+00:00, run_after=2025-03-20 00:00:00+00:00
[2025-03-20T10:55:14.298+0000] {processor.py:183} INFO - Processing /home/airflow/.local/lib/python3.12/site-packages/airflow/example_dags/example_task_group_decorator.py took 0.033 seconds
[2025-03-20T10:55:46.661+0000] {processor.py:161} INFO - Started process (PID=917) to work on /home/airflow/.local/lib/python3.12/site-packages/airflow/example_dags/example_task_group_decorator.py
[2025-03-20T10:55:46.662+0000] {processor.py:830} INFO - Processing file /home/airflow/.local/lib/python3.12/site-packages/airflow/example_dags/example_task_group_decorator.py for tasks to queue
[2025-03-20T10:55:46.663+0000] {logging_mixin.py:188} INFO - [2025-03-20T10:55:46.663+0000] {dagbag.py:545} INFO - Filling up the DagBag from /home/airflow/.local/lib/python3.12/site-packages/airflow/example_dags/example_task_group_decorator.py
[2025-03-20T10:55:46.670+0000] {processor.py:840} INFO - DAG(s) 'example_task_group_decorator' retrieved from /home/airflow/.local/lib/python3.12/site-packages/airflow/example_dags/example_task_group_decorator.py
[2025-03-20T10:55:46.680+0000] {logging_mixin.py:188} INFO - [2025-03-20T10:55:46.680+0000] {dag.py:3089} INFO - Sync 1 DAGs
[2025-03-20T10:55:46.690+0000] {logging_mixin.py:188} INFO - [2025-03-20T10:55:46.690+0000] {dag.py:3947} INFO - Setting next_dagrun for example_task_group_decorator to 2025-03-19 00:00:00+00:00, run_after=2025-03-20 00:00:00+00:00
[2025-03-20T10:55:46.701+0000] {processor.py:183} INFO - Processing /home/airflow/.local/lib/python3.12/site-packages/airflow/example_dags/example_task_group_decorator.py took 0.042 seconds
[2025-03-20T10:56:19.173+0000] {processor.py:161} INFO - Started process (PID=996) to work on /home/airflow/.local/lib/python3.12/site-packages/airflow/example_dags/example_task_group_decorator.py
[2025-03-20T10:56:19.173+0000] {processor.py:830} INFO - Processing file /home/airflow/.local/lib/python3.12/site-packages/airflow/example_dags/example_task_group_decorator.py for tasks to queue
[2025-03-20T10:56:19.174+0000] {logging_mixin.py:188} INFO - [2025-03-20T10:56:19.174+0000] {dagbag.py:545} INFO - Filling up the DagBag from /home/airflow/.local/lib/python3.12/site-packages/airflow/example_dags/example_task_group_decorator.py
[2025-03-20T10:56:19.179+0000] {processor.py:840} INFO - DAG(s) 'example_task_group_decorator' retrieved from /home/airflow/.local/lib/python3.12/site-packages/airflow/example_dags/example_task_group_decorator.py
[2025-03-20T10:56:19.189+0000] {logging_mixin.py:188} INFO - [2025-03-20T10:56:19.189+0000] {dag.py:3089} INFO - Sync 1 DAGs
[2025-03-20T10:56:19.199+0000] {logging_mixin.py:188} INFO - [2025-03-20T10:56:19.199+0000] {dag.py:3947} INFO - Setting next_dagrun for example_task_group_decorator to 2025-03-19 00:00:00+00:00, run_after=2025-03-20 00:00:00+00:00
[2025-03-20T10:56:19.206+0000] {processor.py:183} INFO - Processing /home/airflow/.local/lib/python3.12/site-packages/airflow/example_dags/example_task_group_decorator.py took 0.036 seconds
[2025-03-20T10:56:51.525+0000] {processor.py:161} INFO - Started process (PID=1068) to work on /home/airflow/.local/lib/python3.12/site-packages/airflow/example_dags/example_task_group_decorator.py
[2025-03-20T10:56:51.526+0000] {processor.py:830} INFO - Processing file /home/airflow/.local/lib/python3.12/site-packages/airflow/example_dags/example_task_group_decorator.py for tasks to queue
[2025-03-20T10:56:51.527+0000] {logging_mixin.py:188} INFO - [2025-03-20T10:56:51.527+0000] {dagbag.py:545} INFO - Filling up the DagBag from /home/airflow/.local/lib/python3.12/site-packages/airflow/example_dags/example_task_group_decorator.py
[2025-03-20T10:56:51.532+0000] {processor.py:840} INFO - DAG(s) 'example_task_group_decorator' retrieved from /home/airflow/.local/lib/python3.12/site-packages/airflow/example_dags/example_task_group_decorator.py
[2025-03-20T10:56:51.546+0000] {logging_mixin.py:188} INFO - [2025-03-20T10:56:51.546+0000] {dag.py:3089} INFO - Sync 1 DAGs
[2025-03-20T10:56:51.556+0000] {logging_mixin.py:188} INFO - [2025-03-20T10:56:51.556+0000] {dag.py:3947} INFO - Setting next_dagrun for example_task_group_decorator to 2025-03-19 00:00:00+00:00, run_after=2025-03-20 00:00:00+00:00
[2025-03-20T10:56:51.565+0000] {processor.py:183} INFO - Processing /home/airflow/.local/lib/python3.12/site-packages/airflow/example_dags/example_task_group_decorator.py took 0.042 seconds
[2025-03-20T10:57:24.060+0000] {processor.py:161} INFO - Started process (PID=1141) to work on /home/airflow/.local/lib/python3.12/site-packages/airflow/example_dags/example_task_group_decorator.py
[2025-03-20T10:57:24.061+0000] {processor.py:830} INFO - Processing file /home/airflow/.local/lib/python3.12/site-packages/airflow/example_dags/example_task_group_decorator.py for tasks to queue
[2025-03-20T10:57:24.061+0000] {logging_mixin.py:188} INFO - [2025-03-20T10:57:24.061+0000] {dagbag.py:545} INFO - Filling up the DagBag from /home/airflow/.local/lib/python3.12/site-packages/airflow/example_dags/example_task_group_decorator.py
[2025-03-20T10:57:24.069+0000] {processor.py:840} INFO - DAG(s) 'example_task_group_decorator' retrieved from /home/airflow/.local/lib/python3.12/site-packages/airflow/example_dags/example_task_group_decorator.py
[2025-03-20T10:57:24.082+0000] {logging_mixin.py:188} INFO - [2025-03-20T10:57:24.081+0000] {dag.py:3089} INFO - Sync 1 DAGs
[2025-03-20T10:57:24.092+0000] {logging_mixin.py:188} INFO - [2025-03-20T10:57:24.092+0000] {dag.py:3947} INFO - Setting next_dagrun for example_task_group_decorator to 2025-03-19 00:00:00+00:00, run_after=2025-03-20 00:00:00+00:00
[2025-03-20T10:57:24.101+0000] {processor.py:183} INFO - Processing /home/airflow/.local/lib/python3.12/site-packages/airflow/example_dags/example_task_group_decorator.py took 0.044 seconds
[2025-03-20T10:57:56.589+0000] {processor.py:161} INFO - Started process (PID=1213) to work on /home/airflow/.local/lib/python3.12/site-packages/airflow/example_dags/example_task_group_decorator.py
[2025-03-20T10:57:56.590+0000] {processor.py:830} INFO - Processing file /home/airflow/.local/lib/python3.12/site-packages/airflow/example_dags/example_task_group_decorator.py for tasks to queue
[2025-03-20T10:57:56.591+0000] {logging_mixin.py:188} INFO - [2025-03-20T10:57:56.590+0000] {dagbag.py:545} INFO - Filling up the DagBag from /home/airflow/.local/lib/python3.12/site-packages/airflow/example_dags/example_task_group_decorator.py
[2025-03-20T10:57:56.596+0000] {processor.py:840} INFO - DAG(s) 'example_task_group_decorator' retrieved from /home/airflow/.local/lib/python3.12/site-packages/airflow/example_dags/example_task_group_decorator.py
[2025-03-20T10:57:56.607+0000] {logging_mixin.py:188} INFO - [2025-03-20T10:57:56.607+0000] {dag.py:3089} INFO - Sync 1 DAGs
[2025-03-20T10:57:56.616+0000] {logging_mixin.py:188} INFO - [2025-03-20T10:57:56.615+0000] {dag.py:3947} INFO - Setting next_dagrun for example_task_group_decorator to 2025-03-19 00:00:00+00:00, run_after=2025-03-20 00:00:00+00:00
[2025-03-20T10:57:56.622+0000] {processor.py:183} INFO - Processing /home/airflow/.local/lib/python3.12/site-packages/airflow/example_dags/example_task_group_decorator.py took 0.035 seconds
[2025-03-20T10:58:29.336+0000] {processor.py:161} INFO - Started process (PID=1284) to work on /home/airflow/.local/lib/python3.12/site-packages/airflow/example_dags/example_task_group_decorator.py
[2025-03-20T10:58:29.337+0000] {processor.py:830} INFO - Processing file /home/airflow/.local/lib/python3.12/site-packages/airflow/example_dags/example_task_group_decorator.py for tasks to queue
[2025-03-20T10:58:29.337+0000] {logging_mixin.py:188} INFO - [2025-03-20T10:58:29.337+0000] {dagbag.py:545} INFO - Filling up the DagBag from /home/airflow/.local/lib/python3.12/site-packages/airflow/example_dags/example_task_group_decorator.py
[2025-03-20T10:58:29.344+0000] {processor.py:840} INFO - DAG(s) 'example_task_group_decorator' retrieved from /home/airflow/.local/lib/python3.12/site-packages/airflow/example_dags/example_task_group_decorator.py
[2025-03-20T10:58:29.359+0000] {logging_mixin.py:188} INFO - [2025-03-20T10:58:29.359+0000] {dag.py:3089} INFO - Sync 1 DAGs
[2025-03-20T10:58:29.369+0000] {logging_mixin.py:188} INFO - [2025-03-20T10:58:29.369+0000] {dag.py:3947} INFO - Setting next_dagrun for example_task_group_decorator to 2025-03-19 00:00:00+00:00, run_after=2025-03-20 00:00:00+00:00
[2025-03-20T10:58:29.378+0000] {processor.py:183} INFO - Processing /home/airflow/.local/lib/python3.12/site-packages/airflow/example_dags/example_task_group_decorator.py took 0.044 seconds
[2025-03-20T10:59:02.240+0000] {processor.py:161} INFO - Started process (PID=1356) to work on /home/airflow/.local/lib/python3.12/site-packages/airflow/example_dags/example_task_group_decorator.py
[2025-03-20T10:59:02.241+0000] {processor.py:830} INFO - Processing file /home/airflow/.local/lib/python3.12/site-packages/airflow/example_dags/example_task_group_decorator.py for tasks to queue
[2025-03-20T10:59:02.242+0000] {logging_mixin.py:188} INFO - [2025-03-20T10:59:02.242+0000] {dagbag.py:545} INFO - Filling up the DagBag from /home/airflow/.local/lib/python3.12/site-packages/airflow/example_dags/example_task_group_decorator.py
[2025-03-20T10:59:02.250+0000] {processor.py:840} INFO - DAG(s) 'example_task_group_decorator' retrieved from /home/airflow/.local/lib/python3.12/site-packages/airflow/example_dags/example_task_group_decorator.py
[2025-03-20T10:59:02.263+0000] {logging_mixin.py:188} INFO - [2025-03-20T10:59:02.262+0000] {dag.py:3089} INFO - Sync 1 DAGs
[2025-03-20T10:59:02.289+0000] {logging_mixin.py:188} INFO - [2025-03-20T10:59:02.289+0000] {dag.py:3947} INFO - Setting next_dagrun for example_task_group_decorator to 2025-03-19 00:00:00+00:00, run_after=2025-03-20 00:00:00+00:00
[2025-03-20T10:59:02.299+0000] {processor.py:183} INFO - Processing /home/airflow/.local/lib/python3.12/site-packages/airflow/example_dags/example_task_group_decorator.py took 0.062 seconds
[2025-03-20T10:59:34.851+0000] {processor.py:161} INFO - Started process (PID=1428) to work on /home/airflow/.local/lib/python3.12/site-packages/airflow/example_dags/example_task_group_decorator.py
[2025-03-20T10:59:34.852+0000] {processor.py:830} INFO - Processing file /home/airflow/.local/lib/python3.12/site-packages/airflow/example_dags/example_task_group_decorator.py for tasks to queue
[2025-03-20T10:59:34.853+0000] {logging_mixin.py:188} INFO - [2025-03-20T10:59:34.852+0000] {dagbag.py:545} INFO - Filling up the DagBag from /home/airflow/.local/lib/python3.12/site-packages/airflow/example_dags/example_task_group_decorator.py
[2025-03-20T10:59:34.859+0000] {processor.py:840} INFO - DAG(s) 'example_task_group_decorator' retrieved from /home/airflow/.local/lib/python3.12/site-packages/airflow/example_dags/example_task_group_decorator.py
[2025-03-20T10:59:34.871+0000] {logging_mixin.py:188} INFO - [2025-03-20T10:59:34.871+0000] {dag.py:3089} INFO - Sync 1 DAGs
[2025-03-20T10:59:34.880+0000] {logging_mixin.py:188} INFO - [2025-03-20T10:59:34.880+0000] {dag.py:3947} INFO - Setting next_dagrun for example_task_group_decorator to 2025-03-19 00:00:00+00:00, run_after=2025-03-20 00:00:00+00:00
[2025-03-20T10:59:34.891+0000] {processor.py:183} INFO - Processing /home/airflow/.local/lib/python3.12/site-packages/airflow/example_dags/example_task_group_decorator.py took 0.042 seconds
[2025-03-20T11:00:07.498+0000] {processor.py:161} INFO - Started process (PID=1500) to work on /home/airflow/.local/lib/python3.12/site-packages/airflow/example_dags/example_task_group_decorator.py
[2025-03-20T11:00:07.499+0000] {processor.py:830} INFO - Processing file /home/airflow/.local/lib/python3.12/site-packages/airflow/example_dags/example_task_group_decorator.py for tasks to queue
[2025-03-20T11:00:07.501+0000] {logging_mixin.py:188} INFO - [2025-03-20T11:00:07.500+0000] {dagbag.py:545} INFO - Filling up the DagBag from /home/airflow/.local/lib/python3.12/site-packages/airflow/example_dags/example_task_group_decorator.py
[2025-03-20T11:00:07.507+0000] {processor.py:840} INFO - DAG(s) 'example_task_group_decorator' retrieved from /home/airflow/.local/lib/python3.12/site-packages/airflow/example_dags/example_task_group_decorator.py
[2025-03-20T11:00:07.519+0000] {logging_mixin.py:188} INFO - [2025-03-20T11:00:07.519+0000] {dag.py:3089} INFO - Sync 1 DAGs
[2025-03-20T11:00:07.529+0000] {logging_mixin.py:188} INFO - [2025-03-20T11:00:07.529+0000] {dag.py:3947} INFO - Setting next_dagrun for example_task_group_decorator to 2025-03-19 00:00:00+00:00, run_after=2025-03-20 00:00:00+00:00
[2025-03-20T11:00:07.539+0000] {processor.py:183} INFO - Processing /home/airflow/.local/lib/python3.12/site-packages/airflow/example_dags/example_task_group_decorator.py took 0.045 seconds
[2025-03-20T11:00:39.968+0000] {processor.py:161} INFO - Started process (PID=1572) to work on /home/airflow/.local/lib/python3.12/site-packages/airflow/example_dags/example_task_group_decorator.py
[2025-03-20T11:00:39.968+0000] {processor.py:830} INFO - Processing file /home/airflow/.local/lib/python3.12/site-packages/airflow/example_dags/example_task_group_decorator.py for tasks to queue
[2025-03-20T11:00:39.969+0000] {logging_mixin.py:188} INFO - [2025-03-20T11:00:39.969+0000] {dagbag.py:545} INFO - Filling up the DagBag from /home/airflow/.local/lib/python3.12/site-packages/airflow/example_dags/example_task_group_decorator.py
[2025-03-20T11:00:39.975+0000] {processor.py:840} INFO - DAG(s) 'example_task_group_decorator' retrieved from /home/airflow/.local/lib/python3.12/site-packages/airflow/example_dags/example_task_group_decorator.py
[2025-03-20T11:00:39.987+0000] {logging_mixin.py:188} INFO - [2025-03-20T11:00:39.987+0000] {dag.py:3089} INFO - Sync 1 DAGs
[2025-03-20T11:00:39.996+0000] {logging_mixin.py:188} INFO - [2025-03-20T11:00:39.996+0000] {dag.py:3947} INFO - Setting next_dagrun for example_task_group_decorator to 2025-03-19 00:00:00+00:00, run_after=2025-03-20 00:00:00+00:00
[2025-03-20T11:00:40.008+0000] {processor.py:183} INFO - Processing /home/airflow/.local/lib/python3.12/site-packages/airflow/example_dags/example_task_group_decorator.py took 0.043 seconds
[2025-03-20T11:01:12.696+0000] {processor.py:161} INFO - Started process (PID=1644) to work on /home/airflow/.local/lib/python3.12/site-packages/airflow/example_dags/example_task_group_decorator.py
[2025-03-20T11:01:12.697+0000] {processor.py:830} INFO - Processing file /home/airflow/.local/lib/python3.12/site-packages/airflow/example_dags/example_task_group_decorator.py for tasks to queue
[2025-03-20T11:01:12.698+0000] {logging_mixin.py:188} INFO - [2025-03-20T11:01:12.698+0000] {dagbag.py:545} INFO - Filling up the DagBag from /home/airflow/.local/lib/python3.12/site-packages/airflow/example_dags/example_task_group_decorator.py
[2025-03-20T11:01:12.704+0000] {processor.py:840} INFO - DAG(s) 'example_task_group_decorator' retrieved from /home/airflow/.local/lib/python3.12/site-packages/airflow/example_dags/example_task_group_decorator.py
[2025-03-20T11:01:12.718+0000] {logging_mixin.py:188} INFO - [2025-03-20T11:01:12.718+0000] {dag.py:3089} INFO - Sync 1 DAGs
[2025-03-20T11:01:12.729+0000] {logging_mixin.py:188} INFO - [2025-03-20T11:01:12.729+0000] {dag.py:3947} INFO - Setting next_dagrun for example_task_group_decorator to 2025-03-19 00:00:00+00:00, run_after=2025-03-20 00:00:00+00:00
[2025-03-20T11:01:12.737+0000] {processor.py:183} INFO - Processing /home/airflow/.local/lib/python3.12/site-packages/airflow/example_dags/example_task_group_decorator.py took 0.044 seconds
[2025-03-20T11:01:45.242+0000] {processor.py:161} INFO - Started process (PID=1716) to work on /home/airflow/.local/lib/python3.12/site-packages/airflow/example_dags/example_task_group_decorator.py
[2025-03-20T11:01:45.242+0000] {processor.py:830} INFO - Processing file /home/airflow/.local/lib/python3.12/site-packages/airflow/example_dags/example_task_group_decorator.py for tasks to queue
[2025-03-20T11:01:45.243+0000] {logging_mixin.py:188} INFO - [2025-03-20T11:01:45.243+0000] {dagbag.py:545} INFO - Filling up the DagBag from /home/airflow/.local/lib/python3.12/site-packages/airflow/example_dags/example_task_group_decorator.py
[2025-03-20T11:01:45.249+0000] {processor.py:840} INFO - DAG(s) 'example_task_group_decorator' retrieved from /home/airflow/.local/lib/python3.12/site-packages/airflow/example_dags/example_task_group_decorator.py
[2025-03-20T11:01:45.259+0000] {logging_mixin.py:188} INFO - [2025-03-20T11:01:45.259+0000] {dag.py:3089} INFO - Sync 1 DAGs
[2025-03-20T11:01:45.268+0000] {logging_mixin.py:188} INFO - [2025-03-20T11:01:45.268+0000] {dag.py:3947} INFO - Setting next_dagrun for example_task_group_decorator to 2025-03-19 00:00:00+00:00, run_after=2025-03-20 00:00:00+00:00
[2025-03-20T11:01:45.277+0000] {processor.py:183} INFO - Processing /home/airflow/.local/lib/python3.12/site-packages/airflow/example_dags/example_task_group_decorator.py took 0.038 seconds
[2025-03-20T11:02:17.844+0000] {processor.py:161} INFO - Started process (PID=1788) to work on /home/airflow/.local/lib/python3.12/site-packages/airflow/example_dags/example_task_group_decorator.py
[2025-03-20T11:02:17.845+0000] {processor.py:830} INFO - Processing file /home/airflow/.local/lib/python3.12/site-packages/airflow/example_dags/example_task_group_decorator.py for tasks to queue
[2025-03-20T11:02:17.846+0000] {logging_mixin.py:188} INFO - [2025-03-20T11:02:17.846+0000] {dagbag.py:545} INFO - Filling up the DagBag from /home/airflow/.local/lib/python3.12/site-packages/airflow/example_dags/example_task_group_decorator.py
[2025-03-20T11:02:17.852+0000] {processor.py:840} INFO - DAG(s) 'example_task_group_decorator' retrieved from /home/airflow/.local/lib/python3.12/site-packages/airflow/example_dags/example_task_group_decorator.py
[2025-03-20T11:02:17.866+0000] {logging_mixin.py:188} INFO - [2025-03-20T11:02:17.865+0000] {dag.py:3089} INFO - Sync 1 DAGs
[2025-03-20T11:02:17.882+0000] {logging_mixin.py:188} INFO - [2025-03-20T11:02:17.882+0000] {dag.py:3947} INFO - Setting next_dagrun for example_task_group_decorator to 2025-03-19 00:00:00+00:00, run_after=2025-03-20 00:00:00+00:00
[2025-03-20T11:02:17.895+0000] {processor.py:183} INFO - Processing /home/airflow/.local/lib/python3.12/site-packages/airflow/example_dags/example_task_group_decorator.py took 0.053 seconds
[2025-03-20T11:02:50.445+0000] {processor.py:161} INFO - Started process (PID=1865) to work on /home/airflow/.local/lib/python3.12/site-packages/airflow/example_dags/example_task_group_decorator.py
[2025-03-20T11:02:50.446+0000] {processor.py:830} INFO - Processing file /home/airflow/.local/lib/python3.12/site-packages/airflow/example_dags/example_task_group_decorator.py for tasks to queue
[2025-03-20T11:02:50.447+0000] {logging_mixin.py:188} INFO - [2025-03-20T11:02:50.447+0000] {dagbag.py:545} INFO - Filling up the DagBag from /home/airflow/.local/lib/python3.12/site-packages/airflow/example_dags/example_task_group_decorator.py
[2025-03-20T11:02:50.454+0000] {processor.py:840} INFO - DAG(s) 'example_task_group_decorator' retrieved from /home/airflow/.local/lib/python3.12/site-packages/airflow/example_dags/example_task_group_decorator.py
[2025-03-20T11:02:50.464+0000] {logging_mixin.py:188} INFO - [2025-03-20T11:02:50.464+0000] {dag.py:3089} INFO - Sync 1 DAGs
[2025-03-20T11:02:50.474+0000] {logging_mixin.py:188} INFO - [2025-03-20T11:02:50.474+0000] {dag.py:3947} INFO - Setting next_dagrun for example_task_group_decorator to 2025-03-19 00:00:00+00:00, run_after=2025-03-20 00:00:00+00:00
[2025-03-20T11:02:50.485+0000] {processor.py:183} INFO - Processing /home/airflow/.local/lib/python3.12/site-packages/airflow/example_dags/example_task_group_decorator.py took 0.043 seconds
[2025-03-20T11:03:23.262+0000] {processor.py:161} INFO - Started process (PID=1937) to work on /home/airflow/.local/lib/python3.12/site-packages/airflow/example_dags/example_task_group_decorator.py
[2025-03-20T11:03:23.263+0000] {processor.py:830} INFO - Processing file /home/airflow/.local/lib/python3.12/site-packages/airflow/example_dags/example_task_group_decorator.py for tasks to queue
[2025-03-20T11:03:23.264+0000] {logging_mixin.py:188} INFO - [2025-03-20T11:03:23.264+0000] {dagbag.py:545} INFO - Filling up the DagBag from /home/airflow/.local/lib/python3.12/site-packages/airflow/example_dags/example_task_group_decorator.py
[2025-03-20T11:03:23.271+0000] {processor.py:840} INFO - DAG(s) 'example_task_group_decorator' retrieved from /home/airflow/.local/lib/python3.12/site-packages/airflow/example_dags/example_task_group_decorator.py
[2025-03-20T11:03:23.285+0000] {logging_mixin.py:188} INFO - [2025-03-20T11:03:23.285+0000] {dag.py:3089} INFO - Sync 1 DAGs
[2025-03-20T11:03:23.296+0000] {logging_mixin.py:188} INFO - [2025-03-20T11:03:23.296+0000] {dag.py:3947} INFO - Setting next_dagrun for example_task_group_decorator to 2025-03-19 00:00:00+00:00, run_after=2025-03-20 00:00:00+00:00
[2025-03-20T11:03:23.306+0000] {processor.py:183} INFO - Processing /home/airflow/.local/lib/python3.12/site-packages/airflow/example_dags/example_task_group_decorator.py took 0.050 seconds
[2025-03-20T11:03:56.000+0000] {processor.py:161} INFO - Started process (PID=2009) to work on /home/airflow/.local/lib/python3.12/site-packages/airflow/example_dags/example_task_group_decorator.py
[2025-03-20T11:03:56.001+0000] {processor.py:830} INFO - Processing file /home/airflow/.local/lib/python3.12/site-packages/airflow/example_dags/example_task_group_decorator.py for tasks to queue
[2025-03-20T11:03:56.003+0000] {logging_mixin.py:188} INFO - [2025-03-20T11:03:56.002+0000] {dagbag.py:545} INFO - Filling up the DagBag from /home/airflow/.local/lib/python3.12/site-packages/airflow/example_dags/example_task_group_decorator.py
[2025-03-20T11:03:56.008+0000] {processor.py:840} INFO - DAG(s) 'example_task_group_decorator' retrieved from /home/airflow/.local/lib/python3.12/site-packages/airflow/example_dags/example_task_group_decorator.py
[2025-03-20T11:03:56.019+0000] {logging_mixin.py:188} INFO - [2025-03-20T11:03:56.019+0000] {dag.py:3089} INFO - Sync 1 DAGs
[2025-03-20T11:03:56.028+0000] {logging_mixin.py:188} INFO - [2025-03-20T11:03:56.028+0000] {dag.py:3947} INFO - Setting next_dagrun for example_task_group_decorator to 2025-03-19 00:00:00+00:00, run_after=2025-03-20 00:00:00+00:00
[2025-03-20T11:03:56.038+0000] {processor.py:183} INFO - Processing /home/airflow/.local/lib/python3.12/site-packages/airflow/example_dags/example_task_group_decorator.py took 0.040 seconds
[2025-03-20T11:04:28.508+0000] {processor.py:161} INFO - Started process (PID=2081) to work on /home/airflow/.local/lib/python3.12/site-packages/airflow/example_dags/example_task_group_decorator.py
[2025-03-20T11:04:28.509+0000] {processor.py:830} INFO - Processing file /home/airflow/.local/lib/python3.12/site-packages/airflow/example_dags/example_task_group_decorator.py for tasks to queue
[2025-03-20T11:04:28.510+0000] {logging_mixin.py:188} INFO - [2025-03-20T11:04:28.510+0000] {dagbag.py:545} INFO - Filling up the DagBag from /home/airflow/.local/lib/python3.12/site-packages/airflow/example_dags/example_task_group_decorator.py
[2025-03-20T11:04:28.516+0000] {processor.py:840} INFO - DAG(s) 'example_task_group_decorator' retrieved from /home/airflow/.local/lib/python3.12/site-packages/airflow/example_dags/example_task_group_decorator.py
[2025-03-20T11:04:28.531+0000] {logging_mixin.py:188} INFO - [2025-03-20T11:04:28.531+0000] {dag.py:3089} INFO - Sync 1 DAGs
[2025-03-20T11:04:28.539+0000] {logging_mixin.py:188} INFO - [2025-03-20T11:04:28.539+0000] {dag.py:3947} INFO - Setting next_dagrun for example_task_group_decorator to 2025-03-19 00:00:00+00:00, run_after=2025-03-20 00:00:00+00:00
[2025-03-20T11:04:28.547+0000] {processor.py:183} INFO - Processing /home/airflow/.local/lib/python3.12/site-packages/airflow/example_dags/example_task_group_decorator.py took 0.042 seconds
[2025-03-20T11:05:01.039+0000] {processor.py:161} INFO - Started process (PID=2153) to work on /home/airflow/.local/lib/python3.12/site-packages/airflow/example_dags/example_task_group_decorator.py
[2025-03-20T11:05:01.040+0000] {processor.py:830} INFO - Processing file /home/airflow/.local/lib/python3.12/site-packages/airflow/example_dags/example_task_group_decorator.py for tasks to queue
[2025-03-20T11:05:01.042+0000] {logging_mixin.py:188} INFO - [2025-03-20T11:05:01.041+0000] {dagbag.py:545} INFO - Filling up the DagBag from /home/airflow/.local/lib/python3.12/site-packages/airflow/example_dags/example_task_group_decorator.py
[2025-03-20T11:05:01.052+0000] {processor.py:840} INFO - DAG(s) 'example_task_group_decorator' retrieved from /home/airflow/.local/lib/python3.12/site-packages/airflow/example_dags/example_task_group_decorator.py
[2025-03-20T11:05:01.064+0000] {logging_mixin.py:188} INFO - [2025-03-20T11:05:01.063+0000] {dag.py:3089} INFO - Sync 1 DAGs
[2025-03-20T11:05:01.076+0000] {logging_mixin.py:188} INFO - [2025-03-20T11:05:01.076+0000] {dag.py:3947} INFO - Setting next_dagrun for example_task_group_decorator to 2025-03-19 00:00:00+00:00, run_after=2025-03-20 00:00:00+00:00
[2025-03-20T11:05:01.083+0000] {processor.py:183} INFO - Processing /home/airflow/.local/lib/python3.12/site-packages/airflow/example_dags/example_task_group_decorator.py took 0.047 seconds
[2025-03-20T11:05:33.645+0000] {processor.py:161} INFO - Started process (PID=2225) to work on /home/airflow/.local/lib/python3.12/site-packages/airflow/example_dags/example_task_group_decorator.py
[2025-03-20T11:05:33.645+0000] {processor.py:830} INFO - Processing file /home/airflow/.local/lib/python3.12/site-packages/airflow/example_dags/example_task_group_decorator.py for tasks to queue
[2025-03-20T11:05:33.646+0000] {logging_mixin.py:188} INFO - [2025-03-20T11:05:33.646+0000] {dagbag.py:545} INFO - Filling up the DagBag from /home/airflow/.local/lib/python3.12/site-packages/airflow/example_dags/example_task_group_decorator.py
[2025-03-20T11:05:33.652+0000] {processor.py:840} INFO - DAG(s) 'example_task_group_decorator' retrieved from /home/airflow/.local/lib/python3.12/site-packages/airflow/example_dags/example_task_group_decorator.py
[2025-03-20T11:05:33.664+0000] {logging_mixin.py:188} INFO - [2025-03-20T11:05:33.663+0000] {dag.py:3089} INFO - Sync 1 DAGs
[2025-03-20T11:05:33.672+0000] {logging_mixin.py:188} INFO - [2025-03-20T11:05:33.672+0000] {dag.py:3947} INFO - Setting next_dagrun for example_task_group_decorator to 2025-03-19 00:00:00+00:00, run_after=2025-03-20 00:00:00+00:00
[2025-03-20T11:05:33.680+0000] {processor.py:183} INFO - Processing /home/airflow/.local/lib/python3.12/site-packages/airflow/example_dags/example_task_group_decorator.py took 0.038 seconds
[2025-03-20T11:06:06.258+0000] {processor.py:161} INFO - Started process (PID=2297) to work on /home/airflow/.local/lib/python3.12/site-packages/airflow/example_dags/example_task_group_decorator.py
[2025-03-20T11:06:06.259+0000] {processor.py:830} INFO - Processing file /home/airflow/.local/lib/python3.12/site-packages/airflow/example_dags/example_task_group_decorator.py for tasks to queue
[2025-03-20T11:06:06.260+0000] {logging_mixin.py:188} INFO - [2025-03-20T11:06:06.259+0000] {dagbag.py:545} INFO - Filling up the DagBag from /home/airflow/.local/lib/python3.12/site-packages/airflow/example_dags/example_task_group_decorator.py
[2025-03-20T11:06:06.267+0000] {processor.py:840} INFO - DAG(s) 'example_task_group_decorator' retrieved from /home/airflow/.local/lib/python3.12/site-packages/airflow/example_dags/example_task_group_decorator.py
[2025-03-20T11:06:06.280+0000] {logging_mixin.py:188} INFO - [2025-03-20T11:06:06.280+0000] {dag.py:3089} INFO - Sync 1 DAGs
[2025-03-20T11:06:06.288+0000] {logging_mixin.py:188} INFO - [2025-03-20T11:06:06.288+0000] {dag.py:3947} INFO - Setting next_dagrun for example_task_group_decorator to 2025-03-19 00:00:00+00:00, run_after=2025-03-20 00:00:00+00:00
[2025-03-20T11:06:06.297+0000] {processor.py:183} INFO - Processing /home/airflow/.local/lib/python3.12/site-packages/airflow/example_dags/example_task_group_decorator.py took 0.041 seconds
[2025-03-20T11:06:38.852+0000] {processor.py:161} INFO - Started process (PID=2370) to work on /home/airflow/.local/lib/python3.12/site-packages/airflow/example_dags/example_task_group_decorator.py
[2025-03-20T11:06:38.852+0000] {processor.py:830} INFO - Processing file /home/airflow/.local/lib/python3.12/site-packages/airflow/example_dags/example_task_group_decorator.py for tasks to queue
[2025-03-20T11:06:38.853+0000] {logging_mixin.py:188} INFO - [2025-03-20T11:06:38.853+0000] {dagbag.py:545} INFO - Filling up the DagBag from /home/airflow/.local/lib/python3.12/site-packages/airflow/example_dags/example_task_group_decorator.py
[2025-03-20T11:06:38.859+0000] {processor.py:840} INFO - DAG(s) 'example_task_group_decorator' retrieved from /home/airflow/.local/lib/python3.12/site-packages/airflow/example_dags/example_task_group_decorator.py
[2025-03-20T11:06:38.870+0000] {logging_mixin.py:188} INFO - [2025-03-20T11:06:38.870+0000] {dag.py:3089} INFO - Sync 1 DAGs
[2025-03-20T11:06:38.880+0000] {logging_mixin.py:188} INFO - [2025-03-20T11:06:38.880+0000] {dag.py:3947} INFO - Setting next_dagrun for example_task_group_decorator to 2025-03-19 00:00:00+00:00, run_after=2025-03-20 00:00:00+00:00
[2025-03-20T11:06:38.891+0000] {processor.py:183} INFO - Processing /home/airflow/.local/lib/python3.12/site-packages/airflow/example_dags/example_task_group_decorator.py took 0.042 seconds
[2025-03-20T11:07:11.415+0000] {processor.py:161} INFO - Started process (PID=2442) to work on /home/airflow/.local/lib/python3.12/site-packages/airflow/example_dags/example_task_group_decorator.py
[2025-03-20T11:07:11.415+0000] {processor.py:830} INFO - Processing file /home/airflow/.local/lib/python3.12/site-packages/airflow/example_dags/example_task_group_decorator.py for tasks to queue
[2025-03-20T11:07:11.416+0000] {logging_mixin.py:188} INFO - [2025-03-20T11:07:11.416+0000] {dagbag.py:545} INFO - Filling up the DagBag from /home/airflow/.local/lib/python3.12/site-packages/airflow/example_dags/example_task_group_decorator.py
[2025-03-20T11:07:11.423+0000] {processor.py:840} INFO - DAG(s) 'example_task_group_decorator' retrieved from /home/airflow/.local/lib/python3.12/site-packages/airflow/example_dags/example_task_group_decorator.py
[2025-03-20T11:07:11.433+0000] {logging_mixin.py:188} INFO - [2025-03-20T11:07:11.433+0000] {dag.py:3089} INFO - Sync 1 DAGs
[2025-03-20T11:07:11.445+0000] {logging_mixin.py:188} INFO - [2025-03-20T11:07:11.445+0000] {dag.py:3947} INFO - Setting next_dagrun for example_task_group_decorator to 2025-03-19 00:00:00+00:00, run_after=2025-03-20 00:00:00+00:00
[2025-03-20T11:07:11.454+0000] {processor.py:183} INFO - Processing /home/airflow/.local/lib/python3.12/site-packages/airflow/example_dags/example_task_group_decorator.py took 0.042 seconds
[2025-03-20T11:07:43.820+0000] {processor.py:161} INFO - Started process (PID=2514) to work on /home/airflow/.local/lib/python3.12/site-packages/airflow/example_dags/example_task_group_decorator.py
[2025-03-20T11:07:43.821+0000] {processor.py:830} INFO - Processing file /home/airflow/.local/lib/python3.12/site-packages/airflow/example_dags/example_task_group_decorator.py for tasks to queue
[2025-03-20T11:07:43.822+0000] {logging_mixin.py:188} INFO - [2025-03-20T11:07:43.821+0000] {dagbag.py:545} INFO - Filling up the DagBag from /home/airflow/.local/lib/python3.12/site-packages/airflow/example_dags/example_task_group_decorator.py
[2025-03-20T11:07:43.828+0000] {processor.py:840} INFO - DAG(s) 'example_task_group_decorator' retrieved from /home/airflow/.local/lib/python3.12/site-packages/airflow/example_dags/example_task_group_decorator.py
[2025-03-20T11:07:43.839+0000] {logging_mixin.py:188} INFO - [2025-03-20T11:07:43.839+0000] {dag.py:3089} INFO - Sync 1 DAGs
[2025-03-20T11:07:43.847+0000] {logging_mixin.py:188} INFO - [2025-03-20T11:07:43.847+0000] {dag.py:3947} INFO - Setting next_dagrun for example_task_group_decorator to 2025-03-19 00:00:00+00:00, run_after=2025-03-20 00:00:00+00:00
[2025-03-20T11:07:43.854+0000] {processor.py:183} INFO - Processing /home/airflow/.local/lib/python3.12/site-packages/airflow/example_dags/example_task_group_decorator.py took 0.037 seconds
[2025-03-20T11:08:16.199+0000] {processor.py:161} INFO - Started process (PID=2586) to work on /home/airflow/.local/lib/python3.12/site-packages/airflow/example_dags/example_task_group_decorator.py
[2025-03-20T11:08:16.201+0000] {processor.py:830} INFO - Processing file /home/airflow/.local/lib/python3.12/site-packages/airflow/example_dags/example_task_group_decorator.py for tasks to queue
[2025-03-20T11:08:16.201+0000] {logging_mixin.py:188} INFO - [2025-03-20T11:08:16.201+0000] {dagbag.py:545} INFO - Filling up the DagBag from /home/airflow/.local/lib/python3.12/site-packages/airflow/example_dags/example_task_group_decorator.py
[2025-03-20T11:08:16.207+0000] {processor.py:840} INFO - DAG(s) 'example_task_group_decorator' retrieved from /home/airflow/.local/lib/python3.12/site-packages/airflow/example_dags/example_task_group_decorator.py
[2025-03-20T11:08:16.217+0000] {logging_mixin.py:188} INFO - [2025-03-20T11:08:16.217+0000] {dag.py:3089} INFO - Sync 1 DAGs
[2025-03-20T11:08:16.227+0000] {logging_mixin.py:188} INFO - [2025-03-20T11:08:16.227+0000] {dag.py:3947} INFO - Setting next_dagrun for example_task_group_decorator to 2025-03-19 00:00:00+00:00, run_after=2025-03-20 00:00:00+00:00
[2025-03-20T11:08:16.236+0000] {processor.py:183} INFO - Processing /home/airflow/.local/lib/python3.12/site-packages/airflow/example_dags/example_task_group_decorator.py took 0.040 seconds
[2025-03-20T11:08:48.744+0000] {processor.py:161} INFO - Started process (PID=2663) to work on /home/airflow/.local/lib/python3.12/site-packages/airflow/example_dags/example_task_group_decorator.py
[2025-03-20T11:08:48.744+0000] {processor.py:830} INFO - Processing file /home/airflow/.local/lib/python3.12/site-packages/airflow/example_dags/example_task_group_decorator.py for tasks to queue
[2025-03-20T11:08:48.745+0000] {logging_mixin.py:188} INFO - [2025-03-20T11:08:48.745+0000] {dagbag.py:545} INFO - Filling up the DagBag from /home/airflow/.local/lib/python3.12/site-packages/airflow/example_dags/example_task_group_decorator.py
[2025-03-20T11:08:48.751+0000] {processor.py:840} INFO - DAG(s) 'example_task_group_decorator' retrieved from /home/airflow/.local/lib/python3.12/site-packages/airflow/example_dags/example_task_group_decorator.py
[2025-03-20T11:08:48.763+0000] {logging_mixin.py:188} INFO - [2025-03-20T11:08:48.763+0000] {dag.py:3089} INFO - Sync 1 DAGs
[2025-03-20T11:08:48.771+0000] {logging_mixin.py:188} INFO - [2025-03-20T11:08:48.771+0000] {dag.py:3947} INFO - Setting next_dagrun for example_task_group_decorator to 2025-03-19 00:00:00+00:00, run_after=2025-03-20 00:00:00+00:00
[2025-03-20T11:08:48.782+0000] {processor.py:183} INFO - Processing /home/airflow/.local/lib/python3.12/site-packages/airflow/example_dags/example_task_group_decorator.py took 0.041 seconds
[2025-03-20T11:09:21.116+0000] {processor.py:161} INFO - Started process (PID=2735) to work on /home/airflow/.local/lib/python3.12/site-packages/airflow/example_dags/example_task_group_decorator.py
[2025-03-20T11:09:21.117+0000] {processor.py:830} INFO - Processing file /home/airflow/.local/lib/python3.12/site-packages/airflow/example_dags/example_task_group_decorator.py for tasks to queue
[2025-03-20T11:09:21.117+0000] {logging_mixin.py:188} INFO - [2025-03-20T11:09:21.117+0000] {dagbag.py:545} INFO - Filling up the DagBag from /home/airflow/.local/lib/python3.12/site-packages/airflow/example_dags/example_task_group_decorator.py
[2025-03-20T11:09:21.123+0000] {processor.py:840} INFO - DAG(s) 'example_task_group_decorator' retrieved from /home/airflow/.local/lib/python3.12/site-packages/airflow/example_dags/example_task_group_decorator.py
[2025-03-20T11:09:21.138+0000] {logging_mixin.py:188} INFO - [2025-03-20T11:09:21.138+0000] {dag.py:3089} INFO - Sync 1 DAGs
[2025-03-20T11:09:21.149+0000] {logging_mixin.py:188} INFO - [2025-03-20T11:09:21.149+0000] {dag.py:3947} INFO - Setting next_dagrun for example_task_group_decorator to 2025-03-19 00:00:00+00:00, run_after=2025-03-20 00:00:00+00:00
[2025-03-20T11:09:21.157+0000] {processor.py:183} INFO - Processing /home/airflow/.local/lib/python3.12/site-packages/airflow/example_dags/example_task_group_decorator.py took 0.043 seconds
[2025-03-20T11:09:53.823+0000] {processor.py:161} INFO - Started process (PID=2807) to work on /home/airflow/.local/lib/python3.12/site-packages/airflow/example_dags/example_task_group_decorator.py
[2025-03-20T11:09:53.825+0000] {processor.py:830} INFO - Processing file /home/airflow/.local/lib/python3.12/site-packages/airflow/example_dags/example_task_group_decorator.py for tasks to queue
[2025-03-20T11:09:53.826+0000] {logging_mixin.py:188} INFO - [2025-03-20T11:09:53.826+0000] {dagbag.py:545} INFO - Filling up the DagBag from /home/airflow/.local/lib/python3.12/site-packages/airflow/example_dags/example_task_group_decorator.py
[2025-03-20T11:09:53.832+0000] {processor.py:840} INFO - DAG(s) 'example_task_group_decorator' retrieved from /home/airflow/.local/lib/python3.12/site-packages/airflow/example_dags/example_task_group_decorator.py
[2025-03-20T11:09:53.844+0000] {logging_mixin.py:188} INFO - [2025-03-20T11:09:53.844+0000] {dag.py:3089} INFO - Sync 1 DAGs
[2025-03-20T11:09:53.853+0000] {logging_mixin.py:188} INFO - [2025-03-20T11:09:53.853+0000] {dag.py:3947} INFO - Setting next_dagrun for example_task_group_decorator to 2025-03-19 00:00:00+00:00, run_after=2025-03-20 00:00:00+00:00
[2025-03-20T11:09:53.862+0000] {processor.py:183} INFO - Processing /home/airflow/.local/lib/python3.12/site-packages/airflow/example_dags/example_task_group_decorator.py took 0.042 seconds
[2025-03-20T11:10:26.356+0000] {processor.py:161} INFO - Started process (PID=2879) to work on /home/airflow/.local/lib/python3.12/site-packages/airflow/example_dags/example_task_group_decorator.py
[2025-03-20T11:10:26.358+0000] {processor.py:830} INFO - Processing file /home/airflow/.local/lib/python3.12/site-packages/airflow/example_dags/example_task_group_decorator.py for tasks to queue
[2025-03-20T11:10:26.359+0000] {logging_mixin.py:188} INFO - [2025-03-20T11:10:26.359+0000] {dagbag.py:545} INFO - Filling up the DagBag from /home/airflow/.local/lib/python3.12/site-packages/airflow/example_dags/example_task_group_decorator.py
[2025-03-20T11:10:26.365+0000] {processor.py:840} INFO - DAG(s) 'example_task_group_decorator' retrieved from /home/airflow/.local/lib/python3.12/site-packages/airflow/example_dags/example_task_group_decorator.py
[2025-03-20T11:10:26.376+0000] {logging_mixin.py:188} INFO - [2025-03-20T11:10:26.376+0000] {dag.py:3089} INFO - Sync 1 DAGs
[2025-03-20T11:10:26.388+0000] {logging_mixin.py:188} INFO - [2025-03-20T11:10:26.387+0000] {dag.py:3947} INFO - Setting next_dagrun for example_task_group_decorator to 2025-03-19 00:00:00+00:00, run_after=2025-03-20 00:00:00+00:00
[2025-03-20T11:10:26.395+0000] {processor.py:183} INFO - Processing /home/airflow/.local/lib/python3.12/site-packages/airflow/example_dags/example_task_group_decorator.py took 0.041 seconds
[2025-03-20T11:10:58.852+0000] {processor.py:161} INFO - Started process (PID=2951) to work on /home/airflow/.local/lib/python3.12/site-packages/airflow/example_dags/example_task_group_decorator.py
[2025-03-20T11:10:58.852+0000] {processor.py:830} INFO - Processing file /home/airflow/.local/lib/python3.12/site-packages/airflow/example_dags/example_task_group_decorator.py for tasks to queue
[2025-03-20T11:10:58.853+0000] {logging_mixin.py:188} INFO - [2025-03-20T11:10:58.853+0000] {dagbag.py:545} INFO - Filling up the DagBag from /home/airflow/.local/lib/python3.12/site-packages/airflow/example_dags/example_task_group_decorator.py
[2025-03-20T11:10:58.860+0000] {processor.py:840} INFO - DAG(s) 'example_task_group_decorator' retrieved from /home/airflow/.local/lib/python3.12/site-packages/airflow/example_dags/example_task_group_decorator.py
[2025-03-20T11:10:58.874+0000] {logging_mixin.py:188} INFO - [2025-03-20T11:10:58.874+0000] {dag.py:3089} INFO - Sync 1 DAGs
[2025-03-20T11:10:58.891+0000] {logging_mixin.py:188} INFO - [2025-03-20T11:10:58.891+0000] {dag.py:3947} INFO - Setting next_dagrun for example_task_group_decorator to 2025-03-19 00:00:00+00:00, run_after=2025-03-20 00:00:00+00:00
[2025-03-20T11:10:58.901+0000] {processor.py:183} INFO - Processing /home/airflow/.local/lib/python3.12/site-packages/airflow/example_dags/example_task_group_decorator.py took 0.053 seconds
[2025-03-20T11:11:31.536+0000] {processor.py:161} INFO - Started process (PID=3023) to work on /home/airflow/.local/lib/python3.12/site-packages/airflow/example_dags/example_task_group_decorator.py
[2025-03-20T11:11:31.536+0000] {processor.py:830} INFO - Processing file /home/airflow/.local/lib/python3.12/site-packages/airflow/example_dags/example_task_group_decorator.py for tasks to queue
[2025-03-20T11:11:31.537+0000] {logging_mixin.py:188} INFO - [2025-03-20T11:11:31.537+0000] {dagbag.py:545} INFO - Filling up the DagBag from /home/airflow/.local/lib/python3.12/site-packages/airflow/example_dags/example_task_group_decorator.py
[2025-03-20T11:11:31.543+0000] {processor.py:840} INFO - DAG(s) 'example_task_group_decorator' retrieved from /home/airflow/.local/lib/python3.12/site-packages/airflow/example_dags/example_task_group_decorator.py
[2025-03-20T11:11:31.558+0000] {logging_mixin.py:188} INFO - [2025-03-20T11:11:31.558+0000] {dag.py:3089} INFO - Sync 1 DAGs
[2025-03-20T11:11:31.570+0000] {logging_mixin.py:188} INFO - [2025-03-20T11:11:31.570+0000] {dag.py:3947} INFO - Setting next_dagrun for example_task_group_decorator to 2025-03-19 00:00:00+00:00, run_after=2025-03-20 00:00:00+00:00
[2025-03-20T11:11:31.581+0000] {processor.py:183} INFO - Processing /home/airflow/.local/lib/python3.12/site-packages/airflow/example_dags/example_task_group_decorator.py took 0.047 seconds
[2025-03-20T11:12:04.102+0000] {processor.py:161} INFO - Started process (PID=3095) to work on /home/airflow/.local/lib/python3.12/site-packages/airflow/example_dags/example_task_group_decorator.py
[2025-03-20T11:12:04.102+0000] {processor.py:830} INFO - Processing file /home/airflow/.local/lib/python3.12/site-packages/airflow/example_dags/example_task_group_decorator.py for tasks to queue
[2025-03-20T11:12:04.103+0000] {logging_mixin.py:188} INFO - [2025-03-20T11:12:04.103+0000] {dagbag.py:545} INFO - Filling up the DagBag from /home/airflow/.local/lib/python3.12/site-packages/airflow/example_dags/example_task_group_decorator.py
[2025-03-20T11:12:04.109+0000] {processor.py:840} INFO - DAG(s) 'example_task_group_decorator' retrieved from /home/airflow/.local/lib/python3.12/site-packages/airflow/example_dags/example_task_group_decorator.py
[2025-03-20T11:12:04.119+0000] {logging_mixin.py:188} INFO - [2025-03-20T11:12:04.119+0000] {dag.py:3089} INFO - Sync 1 DAGs
[2025-03-20T11:12:04.129+0000] {logging_mixin.py:188} INFO - [2025-03-20T11:12:04.129+0000] {dag.py:3947} INFO - Setting next_dagrun for example_task_group_decorator to 2025-03-19 00:00:00+00:00, run_after=2025-03-20 00:00:00+00:00
[2025-03-20T11:12:04.138+0000] {processor.py:183} INFO - Processing /home/airflow/.local/lib/python3.12/site-packages/airflow/example_dags/example_task_group_decorator.py took 0.040 seconds
[2025-03-20T11:12:36.767+0000] {processor.py:161} INFO - Started process (PID=3167) to work on /home/airflow/.local/lib/python3.12/site-packages/airflow/example_dags/example_task_group_decorator.py
[2025-03-20T11:12:36.767+0000] {processor.py:830} INFO - Processing file /home/airflow/.local/lib/python3.12/site-packages/airflow/example_dags/example_task_group_decorator.py for tasks to queue
[2025-03-20T11:12:36.769+0000] {logging_mixin.py:188} INFO - [2025-03-20T11:12:36.769+0000] {dagbag.py:545} INFO - Filling up the DagBag from /home/airflow/.local/lib/python3.12/site-packages/airflow/example_dags/example_task_group_decorator.py
[2025-03-20T11:12:36.776+0000] {processor.py:840} INFO - DAG(s) 'example_task_group_decorator' retrieved from /home/airflow/.local/lib/python3.12/site-packages/airflow/example_dags/example_task_group_decorator.py
[2025-03-20T11:12:36.787+0000] {logging_mixin.py:188} INFO - [2025-03-20T11:12:36.787+0000] {dag.py:3089} INFO - Sync 1 DAGs
[2025-03-20T11:12:36.798+0000] {logging_mixin.py:188} INFO - [2025-03-20T11:12:36.798+0000] {dag.py:3947} INFO - Setting next_dagrun for example_task_group_decorator to 2025-03-19 00:00:00+00:00, run_after=2025-03-20 00:00:00+00:00
[2025-03-20T11:12:36.808+0000] {processor.py:183} INFO - Processing /home/airflow/.local/lib/python3.12/site-packages/airflow/example_dags/example_task_group_decorator.py took 0.045 seconds
[2025-03-20T11:13:09.141+0000] {processor.py:161} INFO - Started process (PID=3238) to work on /home/airflow/.local/lib/python3.12/site-packages/airflow/example_dags/example_task_group_decorator.py
[2025-03-20T11:13:09.142+0000] {processor.py:830} INFO - Processing file /home/airflow/.local/lib/python3.12/site-packages/airflow/example_dags/example_task_group_decorator.py for tasks to queue
[2025-03-20T11:13:09.143+0000] {logging_mixin.py:188} INFO - [2025-03-20T11:13:09.143+0000] {dagbag.py:545} INFO - Filling up the DagBag from /home/airflow/.local/lib/python3.12/site-packages/airflow/example_dags/example_task_group_decorator.py
[2025-03-20T11:13:09.148+0000] {processor.py:840} INFO - DAG(s) 'example_task_group_decorator' retrieved from /home/airflow/.local/lib/python3.12/site-packages/airflow/example_dags/example_task_group_decorator.py
[2025-03-20T11:13:09.159+0000] {logging_mixin.py:188} INFO - [2025-03-20T11:13:09.159+0000] {dag.py:3089} INFO - Sync 1 DAGs
[2025-03-20T11:13:09.168+0000] {logging_mixin.py:188} INFO - [2025-03-20T11:13:09.168+0000] {dag.py:3947} INFO - Setting next_dagrun for example_task_group_decorator to 2025-03-19 00:00:00+00:00, run_after=2025-03-20 00:00:00+00:00
[2025-03-20T11:13:09.179+0000] {processor.py:183} INFO - Processing /home/airflow/.local/lib/python3.12/site-packages/airflow/example_dags/example_task_group_decorator.py took 0.041 seconds
[2025-03-20T11:13:41.515+0000] {processor.py:161} INFO - Started process (PID=3310) to work on /home/airflow/.local/lib/python3.12/site-packages/airflow/example_dags/example_task_group_decorator.py
[2025-03-20T11:13:41.516+0000] {processor.py:830} INFO - Processing file /home/airflow/.local/lib/python3.12/site-packages/airflow/example_dags/example_task_group_decorator.py for tasks to queue
[2025-03-20T11:13:41.517+0000] {logging_mixin.py:188} INFO - [2025-03-20T11:13:41.517+0000] {dagbag.py:545} INFO - Filling up the DagBag from /home/airflow/.local/lib/python3.12/site-packages/airflow/example_dags/example_task_group_decorator.py
[2025-03-20T11:13:41.524+0000] {processor.py:840} INFO - DAG(s) 'example_task_group_decorator' retrieved from /home/airflow/.local/lib/python3.12/site-packages/airflow/example_dags/example_task_group_decorator.py
[2025-03-20T11:13:41.534+0000] {logging_mixin.py:188} INFO - [2025-03-20T11:13:41.534+0000] {dag.py:3089} INFO - Sync 1 DAGs
[2025-03-20T11:13:41.543+0000] {logging_mixin.py:188} INFO - [2025-03-20T11:13:41.543+0000] {dag.py:3947} INFO - Setting next_dagrun for example_task_group_decorator to 2025-03-19 00:00:00+00:00, run_after=2025-03-20 00:00:00+00:00
[2025-03-20T11:13:41.550+0000] {processor.py:183} INFO - Processing /home/airflow/.local/lib/python3.12/site-packages/airflow/example_dags/example_task_group_decorator.py took 0.038 seconds
[2025-03-20T20:18:34.965+0000] {processor.py:161} INFO - Started process (PID=126) to work on /home/airflow/.local/lib/python3.12/site-packages/airflow/example_dags/example_task_group_decorator.py
[2025-03-20T20:18:34.967+0000] {processor.py:830} INFO - Processing file /home/airflow/.local/lib/python3.12/site-packages/airflow/example_dags/example_task_group_decorator.py for tasks to queue
[2025-03-20T20:18:34.968+0000] {logging_mixin.py:188} INFO - [2025-03-20T20:18:34.968+0000] {dagbag.py:545} INFO - Filling up the DagBag from /home/airflow/.local/lib/python3.12/site-packages/airflow/example_dags/example_task_group_decorator.py
[2025-03-20T20:18:34.975+0000] {processor.py:840} INFO - DAG(s) 'example_task_group_decorator' retrieved from /home/airflow/.local/lib/python3.12/site-packages/airflow/example_dags/example_task_group_decorator.py
[2025-03-20T20:18:34.988+0000] {logging_mixin.py:188} INFO - [2025-03-20T20:18:34.988+0000] {dag.py:3089} INFO - Sync 1 DAGs
[2025-03-20T20:18:34.997+0000] {logging_mixin.py:188} INFO - [2025-03-20T20:18:34.997+0000] {dag.py:3947} INFO - Setting next_dagrun for example_task_group_decorator to 2025-03-19 00:00:00+00:00, run_after=2025-03-20 00:00:00+00:00
[2025-03-20T20:18:35.005+0000] {processor.py:183} INFO - Processing /home/airflow/.local/lib/python3.12/site-packages/airflow/example_dags/example_task_group_decorator.py took 0.044 seconds
