[2025-03-20T10:49:49.986+0000] {processor.py:161} INFO - Started process (PID=117) to work on /home/airflow/.local/lib/python3.12/site-packages/airflow/example_dags/example_dag_decorator.py
[2025-03-20T10:49:49.986+0000] {processor.py:830} INFO - Processing file /home/airflow/.local/lib/python3.12/site-packages/airflow/example_dags/example_dag_decorator.py for tasks to queue
[2025-03-20T10:49:49.991+0000] {logging_mixin.py:188} INFO - [2025-03-20T10:49:49.991+0000] {dagbag.py:545} INFO - Filling up the DagBag from /home/airflow/.local/lib/python3.12/site-packages/airflow/example_dags/example_dag_decorator.py
[2025-03-20T10:49:50.080+0000] {processor.py:840} INFO - DAG(s) 'example_dag_decorator' retrieved from /home/airflow/.local/lib/python3.12/site-packages/airflow/example_dags/example_dag_decorator.py
[2025-03-20T10:49:50.133+0000] {logging_mixin.py:188} INFO - [2025-03-20T10:49:50.133+0000] {dag.py:3089} INFO - Sync 1 DAGs
[2025-03-20T10:49:50.139+0000] {logging_mixin.py:188} INFO - [2025-03-20T10:49:50.138+0000] {dag.py:3947} INFO - Setting next_dagrun for example_dag_decorator to None, run_after=None
[2025-03-20T10:49:50.149+0000] {processor.py:183} INFO - Processing /home/airflow/.local/lib/python3.12/site-packages/airflow/example_dags/example_dag_decorator.py took 0.169 seconds
[2025-03-20T10:50:21.950+0000] {processor.py:161} INFO - Started process (PID=189) to work on /home/airflow/.local/lib/python3.12/site-packages/airflow/example_dags/example_dag_decorator.py
[2025-03-20T10:50:21.950+0000] {processor.py:830} INFO - Processing file /home/airflow/.local/lib/python3.12/site-packages/airflow/example_dags/example_dag_decorator.py for tasks to queue
[2025-03-20T10:50:21.951+0000] {logging_mixin.py:188} INFO - [2025-03-20T10:50:21.951+0000] {dagbag.py:545} INFO - Filling up the DagBag from /home/airflow/.local/lib/python3.12/site-packages/airflow/example_dags/example_dag_decorator.py
[2025-03-20T10:50:21.999+0000] {processor.py:840} INFO - DAG(s) 'example_dag_decorator' retrieved from /home/airflow/.local/lib/python3.12/site-packages/airflow/example_dags/example_dag_decorator.py
[2025-03-20T10:50:22.138+0000] {logging_mixin.py:188} INFO - [2025-03-20T10:50:22.138+0000] {dag.py:3089} INFO - Sync 1 DAGs
[2025-03-20T10:50:22.145+0000] {logging_mixin.py:188} INFO - [2025-03-20T10:50:22.145+0000] {dag.py:3947} INFO - Setting next_dagrun for example_dag_decorator to None, run_after=None
[2025-03-20T10:50:22.157+0000] {processor.py:183} INFO - Processing /home/airflow/.local/lib/python3.12/site-packages/airflow/example_dags/example_dag_decorator.py took 0.210 seconds
[2025-03-20T10:50:54.546+0000] {processor.py:161} INFO - Started process (PID=261) to work on /home/airflow/.local/lib/python3.12/site-packages/airflow/example_dags/example_dag_decorator.py
[2025-03-20T10:50:54.546+0000] {processor.py:830} INFO - Processing file /home/airflow/.local/lib/python3.12/site-packages/airflow/example_dags/example_dag_decorator.py for tasks to queue
[2025-03-20T10:50:54.547+0000] {logging_mixin.py:188} INFO - [2025-03-20T10:50:54.547+0000] {dagbag.py:545} INFO - Filling up the DagBag from /home/airflow/.local/lib/python3.12/site-packages/airflow/example_dags/example_dag_decorator.py
[2025-03-20T10:50:54.594+0000] {processor.py:840} INFO - DAG(s) 'example_dag_decorator' retrieved from /home/airflow/.local/lib/python3.12/site-packages/airflow/example_dags/example_dag_decorator.py
[2025-03-20T10:50:54.696+0000] {logging_mixin.py:188} INFO - [2025-03-20T10:50:54.696+0000] {dag.py:3089} INFO - Sync 1 DAGs
[2025-03-20T10:50:54.699+0000] {logging_mixin.py:188} INFO - [2025-03-20T10:50:54.699+0000] {dag.py:3947} INFO - Setting next_dagrun for example_dag_decorator to None, run_after=None
[2025-03-20T10:50:54.706+0000] {processor.py:183} INFO - Processing /home/airflow/.local/lib/python3.12/site-packages/airflow/example_dags/example_dag_decorator.py took 0.162 seconds
[2025-03-20T10:51:26.923+0000] {processor.py:161} INFO - Started process (PID=333) to work on /home/airflow/.local/lib/python3.12/site-packages/airflow/example_dags/example_dag_decorator.py
[2025-03-20T10:51:26.923+0000] {processor.py:830} INFO - Processing file /home/airflow/.local/lib/python3.12/site-packages/airflow/example_dags/example_dag_decorator.py for tasks to queue
[2025-03-20T10:51:26.924+0000] {logging_mixin.py:188} INFO - [2025-03-20T10:51:26.924+0000] {dagbag.py:545} INFO - Filling up the DagBag from /home/airflow/.local/lib/python3.12/site-packages/airflow/example_dags/example_dag_decorator.py
[2025-03-20T10:51:27.028+0000] {processor.py:840} INFO - DAG(s) 'example_dag_decorator' retrieved from /home/airflow/.local/lib/python3.12/site-packages/airflow/example_dags/example_dag_decorator.py
[2025-03-20T10:51:27.062+0000] {logging_mixin.py:188} INFO - [2025-03-20T10:51:27.062+0000] {dag.py:3089} INFO - Sync 1 DAGs
[2025-03-20T10:51:27.066+0000] {logging_mixin.py:188} INFO - [2025-03-20T10:51:27.066+0000] {dag.py:3947} INFO - Setting next_dagrun for example_dag_decorator to None, run_after=None
[2025-03-20T10:51:27.073+0000] {processor.py:183} INFO - Processing /home/airflow/.local/lib/python3.12/site-packages/airflow/example_dags/example_dag_decorator.py took 0.153 seconds
[2025-03-20T10:51:59.603+0000] {processor.py:161} INFO - Started process (PID=404) to work on /home/airflow/.local/lib/python3.12/site-packages/airflow/example_dags/example_dag_decorator.py
[2025-03-20T10:51:59.603+0000] {processor.py:830} INFO - Processing file /home/airflow/.local/lib/python3.12/site-packages/airflow/example_dags/example_dag_decorator.py for tasks to queue
[2025-03-20T10:51:59.604+0000] {logging_mixin.py:188} INFO - [2025-03-20T10:51:59.604+0000] {dagbag.py:545} INFO - Filling up the DagBag from /home/airflow/.local/lib/python3.12/site-packages/airflow/example_dags/example_dag_decorator.py
[2025-03-20T10:51:59.706+0000] {processor.py:840} INFO - DAG(s) 'example_dag_decorator' retrieved from /home/airflow/.local/lib/python3.12/site-packages/airflow/example_dags/example_dag_decorator.py
[2025-03-20T10:51:59.740+0000] {logging_mixin.py:188} INFO - [2025-03-20T10:51:59.740+0000] {dag.py:3089} INFO - Sync 1 DAGs
[2025-03-20T10:51:59.744+0000] {logging_mixin.py:188} INFO - [2025-03-20T10:51:59.744+0000] {dag.py:3947} INFO - Setting next_dagrun for example_dag_decorator to None, run_after=None
[2025-03-20T10:51:59.750+0000] {processor.py:183} INFO - Processing /home/airflow/.local/lib/python3.12/site-packages/airflow/example_dags/example_dag_decorator.py took 0.149 seconds
[2025-03-20T10:52:32.628+0000] {processor.py:161} INFO - Started process (PID=475) to work on /home/airflow/.local/lib/python3.12/site-packages/airflow/example_dags/example_dag_decorator.py
[2025-03-20T10:52:32.630+0000] {processor.py:830} INFO - Processing file /home/airflow/.local/lib/python3.12/site-packages/airflow/example_dags/example_dag_decorator.py for tasks to queue
[2025-03-20T10:52:32.631+0000] {logging_mixin.py:188} INFO - [2025-03-20T10:52:32.631+0000] {dagbag.py:545} INFO - Filling up the DagBag from /home/airflow/.local/lib/python3.12/site-packages/airflow/example_dags/example_dag_decorator.py
[2025-03-20T10:52:32.755+0000] {processor.py:840} INFO - DAG(s) 'example_dag_decorator' retrieved from /home/airflow/.local/lib/python3.12/site-packages/airflow/example_dags/example_dag_decorator.py
[2025-03-20T10:52:32.799+0000] {logging_mixin.py:188} INFO - [2025-03-20T10:52:32.799+0000] {dag.py:3089} INFO - Sync 1 DAGs
[2025-03-20T10:52:32.803+0000] {logging_mixin.py:188} INFO - [2025-03-20T10:52:32.803+0000] {dag.py:3947} INFO - Setting next_dagrun for example_dag_decorator to None, run_after=None
[2025-03-20T10:52:32.810+0000] {processor.py:183} INFO - Processing /home/airflow/.local/lib/python3.12/site-packages/airflow/example_dags/example_dag_decorator.py took 0.184 seconds
[2025-03-20T10:53:04.831+0000] {processor.py:161} INFO - Started process (PID=547) to work on /home/airflow/.local/lib/python3.12/site-packages/airflow/example_dags/example_dag_decorator.py
[2025-03-20T10:53:04.832+0000] {processor.py:830} INFO - Processing file /home/airflow/.local/lib/python3.12/site-packages/airflow/example_dags/example_dag_decorator.py for tasks to queue
[2025-03-20T10:53:04.833+0000] {logging_mixin.py:188} INFO - [2025-03-20T10:53:04.833+0000] {dagbag.py:545} INFO - Filling up the DagBag from /home/airflow/.local/lib/python3.12/site-packages/airflow/example_dags/example_dag_decorator.py
[2025-03-20T10:53:04.961+0000] {processor.py:840} INFO - DAG(s) 'example_dag_decorator' retrieved from /home/airflow/.local/lib/python3.12/site-packages/airflow/example_dags/example_dag_decorator.py
[2025-03-20T10:53:05.005+0000] {logging_mixin.py:188} INFO - [2025-03-20T10:53:05.005+0000] {dag.py:3089} INFO - Sync 1 DAGs
[2025-03-20T10:53:05.009+0000] {logging_mixin.py:188} INFO - [2025-03-20T10:53:05.009+0000] {dag.py:3947} INFO - Setting next_dagrun for example_dag_decorator to None, run_after=None
[2025-03-20T10:53:05.017+0000] {processor.py:183} INFO - Processing /home/airflow/.local/lib/python3.12/site-packages/airflow/example_dags/example_dag_decorator.py took 0.189 seconds
[2025-03-20T10:53:36.864+0000] {processor.py:161} INFO - Started process (PID=619) to work on /home/airflow/.local/lib/python3.12/site-packages/airflow/example_dags/example_dag_decorator.py
[2025-03-20T10:53:36.864+0000] {processor.py:830} INFO - Processing file /home/airflow/.local/lib/python3.12/site-packages/airflow/example_dags/example_dag_decorator.py for tasks to queue
[2025-03-20T10:53:36.866+0000] {logging_mixin.py:188} INFO - [2025-03-20T10:53:36.866+0000] {dagbag.py:545} INFO - Filling up the DagBag from /home/airflow/.local/lib/python3.12/site-packages/airflow/example_dags/example_dag_decorator.py
[2025-03-20T10:53:36.987+0000] {processor.py:840} INFO - DAG(s) 'example_dag_decorator' retrieved from /home/airflow/.local/lib/python3.12/site-packages/airflow/example_dags/example_dag_decorator.py
[2025-03-20T10:53:37.026+0000] {logging_mixin.py:188} INFO - [2025-03-20T10:53:37.026+0000] {dag.py:3089} INFO - Sync 1 DAGs
[2025-03-20T10:53:37.029+0000] {logging_mixin.py:188} INFO - [2025-03-20T10:53:37.029+0000] {dag.py:3947} INFO - Setting next_dagrun for example_dag_decorator to None, run_after=None
[2025-03-20T10:53:37.036+0000] {processor.py:183} INFO - Processing /home/airflow/.local/lib/python3.12/site-packages/airflow/example_dags/example_dag_decorator.py took 0.175 seconds
[2025-03-20T10:54:09.137+0000] {processor.py:161} INFO - Started process (PID=691) to work on /home/airflow/.local/lib/python3.12/site-packages/airflow/example_dags/example_dag_decorator.py
[2025-03-20T10:54:09.138+0000] {processor.py:830} INFO - Processing file /home/airflow/.local/lib/python3.12/site-packages/airflow/example_dags/example_dag_decorator.py for tasks to queue
[2025-03-20T10:54:09.138+0000] {logging_mixin.py:188} INFO - [2025-03-20T10:54:09.138+0000] {dagbag.py:545} INFO - Filling up the DagBag from /home/airflow/.local/lib/python3.12/site-packages/airflow/example_dags/example_dag_decorator.py
[2025-03-20T10:54:09.266+0000] {processor.py:840} INFO - DAG(s) 'example_dag_decorator' retrieved from /home/airflow/.local/lib/python3.12/site-packages/airflow/example_dags/example_dag_decorator.py
[2025-03-20T10:54:09.304+0000] {logging_mixin.py:188} INFO - [2025-03-20T10:54:09.304+0000] {dag.py:3089} INFO - Sync 1 DAGs
[2025-03-20T10:54:09.308+0000] {logging_mixin.py:188} INFO - [2025-03-20T10:54:09.308+0000] {dag.py:3947} INFO - Setting next_dagrun for example_dag_decorator to None, run_after=None
[2025-03-20T10:54:09.314+0000] {processor.py:183} INFO - Processing /home/airflow/.local/lib/python3.12/site-packages/airflow/example_dags/example_dag_decorator.py took 0.180 seconds
[2025-03-20T10:54:41.439+0000] {processor.py:161} INFO - Started process (PID=763) to work on /home/airflow/.local/lib/python3.12/site-packages/airflow/example_dags/example_dag_decorator.py
[2025-03-20T10:54:41.440+0000] {processor.py:830} INFO - Processing file /home/airflow/.local/lib/python3.12/site-packages/airflow/example_dags/example_dag_decorator.py for tasks to queue
[2025-03-20T10:54:41.441+0000] {logging_mixin.py:188} INFO - [2025-03-20T10:54:41.441+0000] {dagbag.py:545} INFO - Filling up the DagBag from /home/airflow/.local/lib/python3.12/site-packages/airflow/example_dags/example_dag_decorator.py
[2025-03-20T10:54:41.478+0000] {processor.py:840} INFO - DAG(s) 'example_dag_decorator' retrieved from /home/airflow/.local/lib/python3.12/site-packages/airflow/example_dags/example_dag_decorator.py
[2025-03-20T10:54:41.514+0000] {logging_mixin.py:188} INFO - [2025-03-20T10:54:41.514+0000] {dag.py:3089} INFO - Sync 1 DAGs
[2025-03-20T10:54:41.518+0000] {logging_mixin.py:188} INFO - [2025-03-20T10:54:41.518+0000] {dag.py:3947} INFO - Setting next_dagrun for example_dag_decorator to None, run_after=None
[2025-03-20T10:54:41.523+0000] {processor.py:183} INFO - Processing /home/airflow/.local/lib/python3.12/site-packages/airflow/example_dags/example_dag_decorator.py took 0.087 seconds
[2025-03-20T10:55:13.983+0000] {processor.py:161} INFO - Started process (PID=835) to work on /home/airflow/.local/lib/python3.12/site-packages/airflow/example_dags/example_dag_decorator.py
[2025-03-20T10:55:13.983+0000] {processor.py:830} INFO - Processing file /home/airflow/.local/lib/python3.12/site-packages/airflow/example_dags/example_dag_decorator.py for tasks to queue
[2025-03-20T10:55:13.984+0000] {logging_mixin.py:188} INFO - [2025-03-20T10:55:13.984+0000] {dagbag.py:545} INFO - Filling up the DagBag from /home/airflow/.local/lib/python3.12/site-packages/airflow/example_dags/example_dag_decorator.py
[2025-03-20T10:55:14.028+0000] {processor.py:840} INFO - DAG(s) 'example_dag_decorator' retrieved from /home/airflow/.local/lib/python3.12/site-packages/airflow/example_dags/example_dag_decorator.py
[2025-03-20T10:55:14.068+0000] {logging_mixin.py:188} INFO - [2025-03-20T10:55:14.068+0000] {dag.py:3089} INFO - Sync 1 DAGs
[2025-03-20T10:55:14.072+0000] {logging_mixin.py:188} INFO - [2025-03-20T10:55:14.072+0000] {dag.py:3947} INFO - Setting next_dagrun for example_dag_decorator to None, run_after=None
[2025-03-20T10:55:14.083+0000] {processor.py:183} INFO - Processing /home/airflow/.local/lib/python3.12/site-packages/airflow/example_dags/example_dag_decorator.py took 0.103 seconds
[2025-03-20T10:55:46.401+0000] {processor.py:161} INFO - Started process (PID=907) to work on /home/airflow/.local/lib/python3.12/site-packages/airflow/example_dags/example_dag_decorator.py
[2025-03-20T10:55:46.402+0000] {processor.py:830} INFO - Processing file /home/airflow/.local/lib/python3.12/site-packages/airflow/example_dags/example_dag_decorator.py for tasks to queue
[2025-03-20T10:55:46.403+0000] {logging_mixin.py:188} INFO - [2025-03-20T10:55:46.403+0000] {dagbag.py:545} INFO - Filling up the DagBag from /home/airflow/.local/lib/python3.12/site-packages/airflow/example_dags/example_dag_decorator.py
[2025-03-20T10:55:46.448+0000] {processor.py:840} INFO - DAG(s) 'example_dag_decorator' retrieved from /home/airflow/.local/lib/python3.12/site-packages/airflow/example_dags/example_dag_decorator.py
[2025-03-20T10:55:46.491+0000] {logging_mixin.py:188} INFO - [2025-03-20T10:55:46.491+0000] {dag.py:3089} INFO - Sync 1 DAGs
[2025-03-20T10:55:46.495+0000] {logging_mixin.py:188} INFO - [2025-03-20T10:55:46.495+0000] {dag.py:3947} INFO - Setting next_dagrun for example_dag_decorator to None, run_after=None
[2025-03-20T10:55:46.505+0000] {processor.py:183} INFO - Processing /home/airflow/.local/lib/python3.12/site-packages/airflow/example_dags/example_dag_decorator.py took 0.106 seconds
[2025-03-20T10:56:18.900+0000] {processor.py:161} INFO - Started process (PID=986) to work on /home/airflow/.local/lib/python3.12/site-packages/airflow/example_dags/example_dag_decorator.py
[2025-03-20T10:56:18.900+0000] {processor.py:830} INFO - Processing file /home/airflow/.local/lib/python3.12/site-packages/airflow/example_dags/example_dag_decorator.py for tasks to queue
[2025-03-20T10:56:18.901+0000] {logging_mixin.py:188} INFO - [2025-03-20T10:56:18.900+0000] {dagbag.py:545} INFO - Filling up the DagBag from /home/airflow/.local/lib/python3.12/site-packages/airflow/example_dags/example_dag_decorator.py
[2025-03-20T10:56:18.938+0000] {processor.py:840} INFO - DAG(s) 'example_dag_decorator' retrieved from /home/airflow/.local/lib/python3.12/site-packages/airflow/example_dags/example_dag_decorator.py
[2025-03-20T10:56:18.974+0000] {logging_mixin.py:188} INFO - [2025-03-20T10:56:18.974+0000] {dag.py:3089} INFO - Sync 1 DAGs
[2025-03-20T10:56:18.977+0000] {logging_mixin.py:188} INFO - [2025-03-20T10:56:18.977+0000] {dag.py:3947} INFO - Setting next_dagrun for example_dag_decorator to None, run_after=None
[2025-03-20T10:56:18.984+0000] {processor.py:183} INFO - Processing /home/airflow/.local/lib/python3.12/site-packages/airflow/example_dags/example_dag_decorator.py took 0.087 seconds
[2025-03-20T10:56:51.250+0000] {processor.py:161} INFO - Started process (PID=1058) to work on /home/airflow/.local/lib/python3.12/site-packages/airflow/example_dags/example_dag_decorator.py
[2025-03-20T10:56:51.251+0000] {processor.py:830} INFO - Processing file /home/airflow/.local/lib/python3.12/site-packages/airflow/example_dags/example_dag_decorator.py for tasks to queue
[2025-03-20T10:56:51.252+0000] {logging_mixin.py:188} INFO - [2025-03-20T10:56:51.252+0000] {dagbag.py:545} INFO - Filling up the DagBag from /home/airflow/.local/lib/python3.12/site-packages/airflow/example_dags/example_dag_decorator.py
[2025-03-20T10:56:51.299+0000] {processor.py:840} INFO - DAG(s) 'example_dag_decorator' retrieved from /home/airflow/.local/lib/python3.12/site-packages/airflow/example_dags/example_dag_decorator.py
[2025-03-20T10:56:51.312+0000] {logging_mixin.py:188} INFO - [2025-03-20T10:56:51.312+0000] {dag.py:3089} INFO - Sync 1 DAGs
[2025-03-20T10:56:51.317+0000] {logging_mixin.py:188} INFO - [2025-03-20T10:56:51.317+0000] {dag.py:3947} INFO - Setting next_dagrun for example_dag_decorator to None, run_after=None
[2025-03-20T10:56:51.325+0000] {processor.py:183} INFO - Processing /home/airflow/.local/lib/python3.12/site-packages/airflow/example_dags/example_dag_decorator.py took 0.078 seconds
[2025-03-20T10:57:23.779+0000] {processor.py:161} INFO - Started process (PID=1131) to work on /home/airflow/.local/lib/python3.12/site-packages/airflow/example_dags/example_dag_decorator.py
[2025-03-20T10:57:23.780+0000] {processor.py:830} INFO - Processing file /home/airflow/.local/lib/python3.12/site-packages/airflow/example_dags/example_dag_decorator.py for tasks to queue
[2025-03-20T10:57:23.782+0000] {logging_mixin.py:188} INFO - [2025-03-20T10:57:23.782+0000] {dagbag.py:545} INFO - Filling up the DagBag from /home/airflow/.local/lib/python3.12/site-packages/airflow/example_dags/example_dag_decorator.py
[2025-03-20T10:57:23.829+0000] {processor.py:840} INFO - DAG(s) 'example_dag_decorator' retrieved from /home/airflow/.local/lib/python3.12/site-packages/airflow/example_dags/example_dag_decorator.py
[2025-03-20T10:57:23.868+0000] {logging_mixin.py:188} INFO - [2025-03-20T10:57:23.868+0000] {dag.py:3089} INFO - Sync 1 DAGs
[2025-03-20T10:57:23.874+0000] {logging_mixin.py:188} INFO - [2025-03-20T10:57:23.874+0000] {dag.py:3947} INFO - Setting next_dagrun for example_dag_decorator to None, run_after=None
[2025-03-20T10:57:23.884+0000] {processor.py:183} INFO - Processing /home/airflow/.local/lib/python3.12/site-packages/airflow/example_dags/example_dag_decorator.py took 0.107 seconds
[2025-03-20T10:57:56.317+0000] {processor.py:161} INFO - Started process (PID=1203) to work on /home/airflow/.local/lib/python3.12/site-packages/airflow/example_dags/example_dag_decorator.py
[2025-03-20T10:57:56.318+0000] {processor.py:830} INFO - Processing file /home/airflow/.local/lib/python3.12/site-packages/airflow/example_dags/example_dag_decorator.py for tasks to queue
[2025-03-20T10:57:56.319+0000] {logging_mixin.py:188} INFO - [2025-03-20T10:57:56.319+0000] {dagbag.py:545} INFO - Filling up the DagBag from /home/airflow/.local/lib/python3.12/site-packages/airflow/example_dags/example_dag_decorator.py
[2025-03-20T10:57:56.364+0000] {processor.py:840} INFO - DAG(s) 'example_dag_decorator' retrieved from /home/airflow/.local/lib/python3.12/site-packages/airflow/example_dags/example_dag_decorator.py
[2025-03-20T10:57:56.407+0000] {logging_mixin.py:188} INFO - [2025-03-20T10:57:56.407+0000] {dag.py:3089} INFO - Sync 1 DAGs
[2025-03-20T10:57:56.423+0000] {logging_mixin.py:188} INFO - [2025-03-20T10:57:56.423+0000] {dag.py:3947} INFO - Setting next_dagrun for example_dag_decorator to None, run_after=None
[2025-03-20T10:57:56.435+0000] {processor.py:183} INFO - Processing /home/airflow/.local/lib/python3.12/site-packages/airflow/example_dags/example_dag_decorator.py took 0.121 seconds
[2025-03-20T10:58:29.057+0000] {processor.py:161} INFO - Started process (PID=1274) to work on /home/airflow/.local/lib/python3.12/site-packages/airflow/example_dags/example_dag_decorator.py
[2025-03-20T10:58:29.058+0000] {processor.py:830} INFO - Processing file /home/airflow/.local/lib/python3.12/site-packages/airflow/example_dags/example_dag_decorator.py for tasks to queue
[2025-03-20T10:58:29.059+0000] {logging_mixin.py:188} INFO - [2025-03-20T10:58:29.059+0000] {dagbag.py:545} INFO - Filling up the DagBag from /home/airflow/.local/lib/python3.12/site-packages/airflow/example_dags/example_dag_decorator.py
[2025-03-20T10:58:29.108+0000] {processor.py:840} INFO - DAG(s) 'example_dag_decorator' retrieved from /home/airflow/.local/lib/python3.12/site-packages/airflow/example_dags/example_dag_decorator.py
[2025-03-20T10:58:29.167+0000] {logging_mixin.py:188} INFO - [2025-03-20T10:58:29.167+0000] {dag.py:3089} INFO - Sync 1 DAGs
[2025-03-20T10:58:29.175+0000] {logging_mixin.py:188} INFO - [2025-03-20T10:58:29.175+0000] {dag.py:3947} INFO - Setting next_dagrun for example_dag_decorator to None, run_after=None
[2025-03-20T10:58:29.181+0000] {processor.py:183} INFO - Processing /home/airflow/.local/lib/python3.12/site-packages/airflow/example_dags/example_dag_decorator.py took 0.127 seconds
[2025-03-20T10:59:01.898+0000] {processor.py:161} INFO - Started process (PID=1346) to work on /home/airflow/.local/lib/python3.12/site-packages/airflow/example_dags/example_dag_decorator.py
[2025-03-20T10:59:01.898+0000] {processor.py:830} INFO - Processing file /home/airflow/.local/lib/python3.12/site-packages/airflow/example_dags/example_dag_decorator.py for tasks to queue
[2025-03-20T10:59:01.899+0000] {logging_mixin.py:188} INFO - [2025-03-20T10:59:01.899+0000] {dagbag.py:545} INFO - Filling up the DagBag from /home/airflow/.local/lib/python3.12/site-packages/airflow/example_dags/example_dag_decorator.py
[2025-03-20T10:59:01.945+0000] {processor.py:840} INFO - DAG(s) 'example_dag_decorator' retrieved from /home/airflow/.local/lib/python3.12/site-packages/airflow/example_dags/example_dag_decorator.py
[2025-03-20T10:59:01.990+0000] {logging_mixin.py:188} INFO - [2025-03-20T10:59:01.990+0000] {dag.py:3089} INFO - Sync 1 DAGs
[2025-03-20T10:59:01.997+0000] {logging_mixin.py:188} INFO - [2025-03-20T10:59:01.997+0000] {dag.py:3947} INFO - Setting next_dagrun for example_dag_decorator to None, run_after=None
[2025-03-20T10:59:02.006+0000] {processor.py:183} INFO - Processing /home/airflow/.local/lib/python3.12/site-packages/airflow/example_dags/example_dag_decorator.py took 0.112 seconds
[2025-03-20T10:59:34.521+0000] {processor.py:161} INFO - Started process (PID=1418) to work on /home/airflow/.local/lib/python3.12/site-packages/airflow/example_dags/example_dag_decorator.py
[2025-03-20T10:59:34.522+0000] {processor.py:830} INFO - Processing file /home/airflow/.local/lib/python3.12/site-packages/airflow/example_dags/example_dag_decorator.py for tasks to queue
[2025-03-20T10:59:34.522+0000] {logging_mixin.py:188} INFO - [2025-03-20T10:59:34.522+0000] {dagbag.py:545} INFO - Filling up the DagBag from /home/airflow/.local/lib/python3.12/site-packages/airflow/example_dags/example_dag_decorator.py
[2025-03-20T10:59:34.562+0000] {processor.py:840} INFO - DAG(s) 'example_dag_decorator' retrieved from /home/airflow/.local/lib/python3.12/site-packages/airflow/example_dags/example_dag_decorator.py
[2025-03-20T10:59:34.599+0000] {logging_mixin.py:188} INFO - [2025-03-20T10:59:34.599+0000] {dag.py:3089} INFO - Sync 1 DAGs
[2025-03-20T10:59:34.602+0000] {logging_mixin.py:188} INFO - [2025-03-20T10:59:34.602+0000] {dag.py:3947} INFO - Setting next_dagrun for example_dag_decorator to None, run_after=None
[2025-03-20T10:59:34.609+0000] {processor.py:183} INFO - Processing /home/airflow/.local/lib/python3.12/site-packages/airflow/example_dags/example_dag_decorator.py took 0.090 seconds
[2025-03-20T11:00:07.236+0000] {processor.py:161} INFO - Started process (PID=1490) to work on /home/airflow/.local/lib/python3.12/site-packages/airflow/example_dags/example_dag_decorator.py
[2025-03-20T11:00:07.236+0000] {processor.py:830} INFO - Processing file /home/airflow/.local/lib/python3.12/site-packages/airflow/example_dags/example_dag_decorator.py for tasks to queue
[2025-03-20T11:00:07.237+0000] {logging_mixin.py:188} INFO - [2025-03-20T11:00:07.237+0000] {dagbag.py:545} INFO - Filling up the DagBag from /home/airflow/.local/lib/python3.12/site-packages/airflow/example_dags/example_dag_decorator.py
[2025-03-20T11:00:07.281+0000] {processor.py:840} INFO - DAG(s) 'example_dag_decorator' retrieved from /home/airflow/.local/lib/python3.12/site-packages/airflow/example_dags/example_dag_decorator.py
[2025-03-20T11:00:07.327+0000] {logging_mixin.py:188} INFO - [2025-03-20T11:00:07.327+0000] {dag.py:3089} INFO - Sync 1 DAGs
[2025-03-20T11:00:07.331+0000] {logging_mixin.py:188} INFO - [2025-03-20T11:00:07.331+0000] {dag.py:3947} INFO - Setting next_dagrun for example_dag_decorator to None, run_after=None
[2025-03-20T11:00:07.341+0000] {processor.py:183} INFO - Processing /home/airflow/.local/lib/python3.12/site-packages/airflow/example_dags/example_dag_decorator.py took 0.108 seconds
[2025-03-20T11:00:39.664+0000] {processor.py:161} INFO - Started process (PID=1562) to work on /home/airflow/.local/lib/python3.12/site-packages/airflow/example_dags/example_dag_decorator.py
[2025-03-20T11:00:39.664+0000] {processor.py:830} INFO - Processing file /home/airflow/.local/lib/python3.12/site-packages/airflow/example_dags/example_dag_decorator.py for tasks to queue
[2025-03-20T11:00:39.665+0000] {logging_mixin.py:188} INFO - [2025-03-20T11:00:39.665+0000] {dagbag.py:545} INFO - Filling up the DagBag from /home/airflow/.local/lib/python3.12/site-packages/airflow/example_dags/example_dag_decorator.py
[2025-03-20T11:00:39.714+0000] {processor.py:840} INFO - DAG(s) 'example_dag_decorator' retrieved from /home/airflow/.local/lib/python3.12/site-packages/airflow/example_dags/example_dag_decorator.py
[2025-03-20T11:00:39.759+0000] {logging_mixin.py:188} INFO - [2025-03-20T11:00:39.759+0000] {dag.py:3089} INFO - Sync 1 DAGs
[2025-03-20T11:00:39.763+0000] {logging_mixin.py:188} INFO - [2025-03-20T11:00:39.763+0000] {dag.py:3947} INFO - Setting next_dagrun for example_dag_decorator to None, run_after=None
[2025-03-20T11:00:39.775+0000] {processor.py:183} INFO - Processing /home/airflow/.local/lib/python3.12/site-packages/airflow/example_dags/example_dag_decorator.py took 0.116 seconds
[2025-03-20T11:01:12.425+0000] {processor.py:161} INFO - Started process (PID=1634) to work on /home/airflow/.local/lib/python3.12/site-packages/airflow/example_dags/example_dag_decorator.py
[2025-03-20T11:01:12.426+0000] {processor.py:830} INFO - Processing file /home/airflow/.local/lib/python3.12/site-packages/airflow/example_dags/example_dag_decorator.py for tasks to queue
[2025-03-20T11:01:12.427+0000] {logging_mixin.py:188} INFO - [2025-03-20T11:01:12.427+0000] {dagbag.py:545} INFO - Filling up the DagBag from /home/airflow/.local/lib/python3.12/site-packages/airflow/example_dags/example_dag_decorator.py
[2025-03-20T11:01:12.471+0000] {processor.py:840} INFO - DAG(s) 'example_dag_decorator' retrieved from /home/airflow/.local/lib/python3.12/site-packages/airflow/example_dags/example_dag_decorator.py
[2025-03-20T11:01:12.521+0000] {logging_mixin.py:188} INFO - [2025-03-20T11:01:12.521+0000] {dag.py:3089} INFO - Sync 1 DAGs
[2025-03-20T11:01:12.526+0000] {logging_mixin.py:188} INFO - [2025-03-20T11:01:12.526+0000] {dag.py:3947} INFO - Setting next_dagrun for example_dag_decorator to None, run_after=None
[2025-03-20T11:01:12.539+0000] {processor.py:183} INFO - Processing /home/airflow/.local/lib/python3.12/site-packages/airflow/example_dags/example_dag_decorator.py took 0.117 seconds
[2025-03-20T11:01:44.980+0000] {processor.py:161} INFO - Started process (PID=1706) to work on /home/airflow/.local/lib/python3.12/site-packages/airflow/example_dags/example_dag_decorator.py
[2025-03-20T11:01:44.981+0000] {processor.py:830} INFO - Processing file /home/airflow/.local/lib/python3.12/site-packages/airflow/example_dags/example_dag_decorator.py for tasks to queue
[2025-03-20T11:01:44.981+0000] {logging_mixin.py:188} INFO - [2025-03-20T11:01:44.981+0000] {dagbag.py:545} INFO - Filling up the DagBag from /home/airflow/.local/lib/python3.12/site-packages/airflow/example_dags/example_dag_decorator.py
[2025-03-20T11:01:45.027+0000] {processor.py:840} INFO - DAG(s) 'example_dag_decorator' retrieved from /home/airflow/.local/lib/python3.12/site-packages/airflow/example_dags/example_dag_decorator.py
[2025-03-20T11:01:45.070+0000] {logging_mixin.py:188} INFO - [2025-03-20T11:01:45.070+0000] {dag.py:3089} INFO - Sync 1 DAGs
[2025-03-20T11:01:45.074+0000] {logging_mixin.py:188} INFO - [2025-03-20T11:01:45.074+0000] {dag.py:3947} INFO - Setting next_dagrun for example_dag_decorator to None, run_after=None
[2025-03-20T11:01:45.084+0000] {processor.py:183} INFO - Processing /home/airflow/.local/lib/python3.12/site-packages/airflow/example_dags/example_dag_decorator.py took 0.107 seconds
[2025-03-20T11:02:17.570+0000] {processor.py:161} INFO - Started process (PID=1778) to work on /home/airflow/.local/lib/python3.12/site-packages/airflow/example_dags/example_dag_decorator.py
[2025-03-20T11:02:17.571+0000] {processor.py:830} INFO - Processing file /home/airflow/.local/lib/python3.12/site-packages/airflow/example_dags/example_dag_decorator.py for tasks to queue
[2025-03-20T11:02:17.573+0000] {logging_mixin.py:188} INFO - [2025-03-20T11:02:17.572+0000] {dagbag.py:545} INFO - Filling up the DagBag from /home/airflow/.local/lib/python3.12/site-packages/airflow/example_dags/example_dag_decorator.py
[2025-03-20T11:02:17.618+0000] {processor.py:840} INFO - DAG(s) 'example_dag_decorator' retrieved from /home/airflow/.local/lib/python3.12/site-packages/airflow/example_dags/example_dag_decorator.py
[2025-03-20T11:02:17.670+0000] {logging_mixin.py:188} INFO - [2025-03-20T11:02:17.670+0000] {dag.py:3089} INFO - Sync 1 DAGs
[2025-03-20T11:02:17.674+0000] {logging_mixin.py:188} INFO - [2025-03-20T11:02:17.674+0000] {dag.py:3947} INFO - Setting next_dagrun for example_dag_decorator to None, run_after=None
[2025-03-20T11:02:17.687+0000] {processor.py:183} INFO - Processing /home/airflow/.local/lib/python3.12/site-packages/airflow/example_dags/example_dag_decorator.py took 0.120 seconds
[2025-03-20T11:02:50.154+0000] {processor.py:161} INFO - Started process (PID=1855) to work on /home/airflow/.local/lib/python3.12/site-packages/airflow/example_dags/example_dag_decorator.py
[2025-03-20T11:02:50.156+0000] {processor.py:830} INFO - Processing file /home/airflow/.local/lib/python3.12/site-packages/airflow/example_dags/example_dag_decorator.py for tasks to queue
[2025-03-20T11:02:50.157+0000] {logging_mixin.py:188} INFO - [2025-03-20T11:02:50.157+0000] {dagbag.py:545} INFO - Filling up the DagBag from /home/airflow/.local/lib/python3.12/site-packages/airflow/example_dags/example_dag_decorator.py
[2025-03-20T11:02:50.204+0000] {processor.py:840} INFO - DAG(s) 'example_dag_decorator' retrieved from /home/airflow/.local/lib/python3.12/site-packages/airflow/example_dags/example_dag_decorator.py
[2025-03-20T11:02:50.247+0000] {logging_mixin.py:188} INFO - [2025-03-20T11:02:50.247+0000] {dag.py:3089} INFO - Sync 1 DAGs
[2025-03-20T11:02:50.253+0000] {logging_mixin.py:188} INFO - [2025-03-20T11:02:50.253+0000] {dag.py:3947} INFO - Setting next_dagrun for example_dag_decorator to None, run_after=None
[2025-03-20T11:02:50.262+0000] {processor.py:183} INFO - Processing /home/airflow/.local/lib/python3.12/site-packages/airflow/example_dags/example_dag_decorator.py took 0.111 seconds
[2025-03-20T11:03:22.937+0000] {processor.py:161} INFO - Started process (PID=1927) to work on /home/airflow/.local/lib/python3.12/site-packages/airflow/example_dags/example_dag_decorator.py
[2025-03-20T11:03:22.937+0000] {processor.py:830} INFO - Processing file /home/airflow/.local/lib/python3.12/site-packages/airflow/example_dags/example_dag_decorator.py for tasks to queue
[2025-03-20T11:03:22.938+0000] {logging_mixin.py:188} INFO - [2025-03-20T11:03:22.938+0000] {dagbag.py:545} INFO - Filling up the DagBag from /home/airflow/.local/lib/python3.12/site-packages/airflow/example_dags/example_dag_decorator.py
[2025-03-20T11:03:22.982+0000] {processor.py:840} INFO - DAG(s) 'example_dag_decorator' retrieved from /home/airflow/.local/lib/python3.12/site-packages/airflow/example_dags/example_dag_decorator.py
[2025-03-20T11:03:23.053+0000] {logging_mixin.py:188} INFO - [2025-03-20T11:03:23.053+0000] {dag.py:3089} INFO - Sync 1 DAGs
[2025-03-20T11:03:23.057+0000] {logging_mixin.py:188} INFO - [2025-03-20T11:03:23.057+0000] {dag.py:3947} INFO - Setting next_dagrun for example_dag_decorator to None, run_after=None
[2025-03-20T11:03:23.069+0000] {processor.py:183} INFO - Processing /home/airflow/.local/lib/python3.12/site-packages/airflow/example_dags/example_dag_decorator.py took 0.135 seconds
[2025-03-20T11:03:55.735+0000] {processor.py:161} INFO - Started process (PID=1999) to work on /home/airflow/.local/lib/python3.12/site-packages/airflow/example_dags/example_dag_decorator.py
[2025-03-20T11:03:55.735+0000] {processor.py:830} INFO - Processing file /home/airflow/.local/lib/python3.12/site-packages/airflow/example_dags/example_dag_decorator.py for tasks to queue
[2025-03-20T11:03:55.736+0000] {logging_mixin.py:188} INFO - [2025-03-20T11:03:55.736+0000] {dagbag.py:545} INFO - Filling up the DagBag from /home/airflow/.local/lib/python3.12/site-packages/airflow/example_dags/example_dag_decorator.py
[2025-03-20T11:03:55.781+0000] {processor.py:840} INFO - DAG(s) 'example_dag_decorator' retrieved from /home/airflow/.local/lib/python3.12/site-packages/airflow/example_dags/example_dag_decorator.py
[2025-03-20T11:03:55.792+0000] {logging_mixin.py:188} INFO - [2025-03-20T11:03:55.791+0000] {dag.py:3089} INFO - Sync 1 DAGs
[2025-03-20T11:03:55.801+0000] {logging_mixin.py:188} INFO - [2025-03-20T11:03:55.800+0000] {dag.py:3947} INFO - Setting next_dagrun for example_dag_decorator to None, run_after=None
[2025-03-20T11:03:55.810+0000] {processor.py:183} INFO - Processing /home/airflow/.local/lib/python3.12/site-packages/airflow/example_dags/example_dag_decorator.py took 0.078 seconds
[2025-03-20T11:04:28.245+0000] {processor.py:161} INFO - Started process (PID=2071) to work on /home/airflow/.local/lib/python3.12/site-packages/airflow/example_dags/example_dag_decorator.py
[2025-03-20T11:04:28.246+0000] {processor.py:830} INFO - Processing file /home/airflow/.local/lib/python3.12/site-packages/airflow/example_dags/example_dag_decorator.py for tasks to queue
[2025-03-20T11:04:28.246+0000] {logging_mixin.py:188} INFO - [2025-03-20T11:04:28.246+0000] {dagbag.py:545} INFO - Filling up the DagBag from /home/airflow/.local/lib/python3.12/site-packages/airflow/example_dags/example_dag_decorator.py
[2025-03-20T11:04:28.290+0000] {processor.py:840} INFO - DAG(s) 'example_dag_decorator' retrieved from /home/airflow/.local/lib/python3.12/site-packages/airflow/example_dags/example_dag_decorator.py
[2025-03-20T11:04:28.335+0000] {logging_mixin.py:188} INFO - [2025-03-20T11:04:28.335+0000] {dag.py:3089} INFO - Sync 1 DAGs
[2025-03-20T11:04:28.340+0000] {logging_mixin.py:188} INFO - [2025-03-20T11:04:28.340+0000] {dag.py:3947} INFO - Setting next_dagrun for example_dag_decorator to None, run_after=None
[2025-03-20T11:04:28.350+0000] {processor.py:183} INFO - Processing /home/airflow/.local/lib/python3.12/site-packages/airflow/example_dags/example_dag_decorator.py took 0.107 seconds
[2025-03-20T11:05:00.764+0000] {processor.py:161} INFO - Started process (PID=2143) to work on /home/airflow/.local/lib/python3.12/site-packages/airflow/example_dags/example_dag_decorator.py
[2025-03-20T11:05:00.764+0000] {processor.py:830} INFO - Processing file /home/airflow/.local/lib/python3.12/site-packages/airflow/example_dags/example_dag_decorator.py for tasks to queue
[2025-03-20T11:05:00.765+0000] {logging_mixin.py:188} INFO - [2025-03-20T11:05:00.765+0000] {dagbag.py:545} INFO - Filling up the DagBag from /home/airflow/.local/lib/python3.12/site-packages/airflow/example_dags/example_dag_decorator.py
[2025-03-20T11:05:00.810+0000] {processor.py:840} INFO - DAG(s) 'example_dag_decorator' retrieved from /home/airflow/.local/lib/python3.12/site-packages/airflow/example_dags/example_dag_decorator.py
[2025-03-20T11:05:00.863+0000] {logging_mixin.py:188} INFO - [2025-03-20T11:05:00.862+0000] {dag.py:3089} INFO - Sync 1 DAGs
[2025-03-20T11:05:00.870+0000] {logging_mixin.py:188} INFO - [2025-03-20T11:05:00.870+0000] {dag.py:3947} INFO - Setting next_dagrun for example_dag_decorator to None, run_after=None
[2025-03-20T11:05:00.882+0000] {processor.py:183} INFO - Processing /home/airflow/.local/lib/python3.12/site-packages/airflow/example_dags/example_dag_decorator.py took 0.121 seconds
[2025-03-20T11:05:33.345+0000] {processor.py:161} INFO - Started process (PID=2215) to work on /home/airflow/.local/lib/python3.12/site-packages/airflow/example_dags/example_dag_decorator.py
[2025-03-20T11:05:33.345+0000] {processor.py:830} INFO - Processing file /home/airflow/.local/lib/python3.12/site-packages/airflow/example_dags/example_dag_decorator.py for tasks to queue
[2025-03-20T11:05:33.346+0000] {logging_mixin.py:188} INFO - [2025-03-20T11:05:33.346+0000] {dagbag.py:545} INFO - Filling up the DagBag from /home/airflow/.local/lib/python3.12/site-packages/airflow/example_dags/example_dag_decorator.py
[2025-03-20T11:05:33.392+0000] {processor.py:840} INFO - DAG(s) 'example_dag_decorator' retrieved from /home/airflow/.local/lib/python3.12/site-packages/airflow/example_dags/example_dag_decorator.py
[2025-03-20T11:05:33.433+0000] {logging_mixin.py:188} INFO - [2025-03-20T11:05:33.433+0000] {dag.py:3089} INFO - Sync 1 DAGs
[2025-03-20T11:05:33.437+0000] {logging_mixin.py:188} INFO - [2025-03-20T11:05:33.437+0000] {dag.py:3947} INFO - Setting next_dagrun for example_dag_decorator to None, run_after=None
[2025-03-20T11:05:33.448+0000] {processor.py:183} INFO - Processing /home/airflow/.local/lib/python3.12/site-packages/airflow/example_dags/example_dag_decorator.py took 0.106 seconds
[2025-03-20T11:06:05.955+0000] {processor.py:161} INFO - Started process (PID=2287) to work on /home/airflow/.local/lib/python3.12/site-packages/airflow/example_dags/example_dag_decorator.py
[2025-03-20T11:06:05.955+0000] {processor.py:830} INFO - Processing file /home/airflow/.local/lib/python3.12/site-packages/airflow/example_dags/example_dag_decorator.py for tasks to queue
[2025-03-20T11:06:05.957+0000] {logging_mixin.py:188} INFO - [2025-03-20T11:06:05.957+0000] {dagbag.py:545} INFO - Filling up the DagBag from /home/airflow/.local/lib/python3.12/site-packages/airflow/example_dags/example_dag_decorator.py
[2025-03-20T11:06:06.001+0000] {processor.py:840} INFO - DAG(s) 'example_dag_decorator' retrieved from /home/airflow/.local/lib/python3.12/site-packages/airflow/example_dags/example_dag_decorator.py
[2025-03-20T11:06:06.040+0000] {logging_mixin.py:188} INFO - [2025-03-20T11:06:06.040+0000] {dag.py:3089} INFO - Sync 1 DAGs
[2025-03-20T11:06:06.046+0000] {logging_mixin.py:188} INFO - [2025-03-20T11:06:06.046+0000] {dag.py:3947} INFO - Setting next_dagrun for example_dag_decorator to None, run_after=None
[2025-03-20T11:06:06.059+0000] {processor.py:183} INFO - Processing /home/airflow/.local/lib/python3.12/site-packages/airflow/example_dags/example_dag_decorator.py took 0.107 seconds
[2025-03-20T11:06:38.559+0000] {processor.py:161} INFO - Started process (PID=2360) to work on /home/airflow/.local/lib/python3.12/site-packages/airflow/example_dags/example_dag_decorator.py
[2025-03-20T11:06:38.559+0000] {processor.py:830} INFO - Processing file /home/airflow/.local/lib/python3.12/site-packages/airflow/example_dags/example_dag_decorator.py for tasks to queue
[2025-03-20T11:06:38.560+0000] {logging_mixin.py:188} INFO - [2025-03-20T11:06:38.559+0000] {dagbag.py:545} INFO - Filling up the DagBag from /home/airflow/.local/lib/python3.12/site-packages/airflow/example_dags/example_dag_decorator.py
[2025-03-20T11:06:38.598+0000] {processor.py:840} INFO - DAG(s) 'example_dag_decorator' retrieved from /home/airflow/.local/lib/python3.12/site-packages/airflow/example_dags/example_dag_decorator.py
[2025-03-20T11:06:38.633+0000] {logging_mixin.py:188} INFO - [2025-03-20T11:06:38.633+0000] {dag.py:3089} INFO - Sync 1 DAGs
[2025-03-20T11:06:38.637+0000] {logging_mixin.py:188} INFO - [2025-03-20T11:06:38.637+0000] {dag.py:3947} INFO - Setting next_dagrun for example_dag_decorator to None, run_after=None
[2025-03-20T11:06:38.643+0000] {processor.py:183} INFO - Processing /home/airflow/.local/lib/python3.12/site-packages/airflow/example_dags/example_dag_decorator.py took 0.087 seconds
[2025-03-20T11:07:11.084+0000] {processor.py:161} INFO - Started process (PID=2432) to work on /home/airflow/.local/lib/python3.12/site-packages/airflow/example_dags/example_dag_decorator.py
[2025-03-20T11:07:11.084+0000] {processor.py:830} INFO - Processing file /home/airflow/.local/lib/python3.12/site-packages/airflow/example_dags/example_dag_decorator.py for tasks to queue
[2025-03-20T11:07:11.086+0000] {logging_mixin.py:188} INFO - [2025-03-20T11:07:11.086+0000] {dagbag.py:545} INFO - Filling up the DagBag from /home/airflow/.local/lib/python3.12/site-packages/airflow/example_dags/example_dag_decorator.py
[2025-03-20T11:07:11.129+0000] {processor.py:840} INFO - DAG(s) 'example_dag_decorator' retrieved from /home/airflow/.local/lib/python3.12/site-packages/airflow/example_dags/example_dag_decorator.py
[2025-03-20T11:07:11.173+0000] {logging_mixin.py:188} INFO - [2025-03-20T11:07:11.173+0000] {dag.py:3089} INFO - Sync 1 DAGs
[2025-03-20T11:07:11.177+0000] {logging_mixin.py:188} INFO - [2025-03-20T11:07:11.177+0000] {dag.py:3947} INFO - Setting next_dagrun for example_dag_decorator to None, run_after=None
[2025-03-20T11:07:11.186+0000] {processor.py:183} INFO - Processing /home/airflow/.local/lib/python3.12/site-packages/airflow/example_dags/example_dag_decorator.py took 0.104 seconds
[2025-03-20T11:07:43.513+0000] {processor.py:161} INFO - Started process (PID=2504) to work on /home/airflow/.local/lib/python3.12/site-packages/airflow/example_dags/example_dag_decorator.py
[2025-03-20T11:07:43.514+0000] {processor.py:830} INFO - Processing file /home/airflow/.local/lib/python3.12/site-packages/airflow/example_dags/example_dag_decorator.py for tasks to queue
[2025-03-20T11:07:43.516+0000] {logging_mixin.py:188} INFO - [2025-03-20T11:07:43.516+0000] {dagbag.py:545} INFO - Filling up the DagBag from /home/airflow/.local/lib/python3.12/site-packages/airflow/example_dags/example_dag_decorator.py
[2025-03-20T11:07:43.559+0000] {processor.py:840} INFO - DAG(s) 'example_dag_decorator' retrieved from /home/airflow/.local/lib/python3.12/site-packages/airflow/example_dags/example_dag_decorator.py
[2025-03-20T11:07:43.601+0000] {logging_mixin.py:188} INFO - [2025-03-20T11:07:43.601+0000] {dag.py:3089} INFO - Sync 1 DAGs
[2025-03-20T11:07:43.606+0000] {logging_mixin.py:188} INFO - [2025-03-20T11:07:43.606+0000] {dag.py:3947} INFO - Setting next_dagrun for example_dag_decorator to None, run_after=None
[2025-03-20T11:07:43.616+0000] {processor.py:183} INFO - Processing /home/airflow/.local/lib/python3.12/site-packages/airflow/example_dags/example_dag_decorator.py took 0.105 seconds
[2025-03-20T11:08:15.949+0000] {processor.py:161} INFO - Started process (PID=2576) to work on /home/airflow/.local/lib/python3.12/site-packages/airflow/example_dags/example_dag_decorator.py
[2025-03-20T11:08:15.950+0000] {processor.py:830} INFO - Processing file /home/airflow/.local/lib/python3.12/site-packages/airflow/example_dags/example_dag_decorator.py for tasks to queue
[2025-03-20T11:08:15.950+0000] {logging_mixin.py:188} INFO - [2025-03-20T11:08:15.950+0000] {dagbag.py:545} INFO - Filling up the DagBag from /home/airflow/.local/lib/python3.12/site-packages/airflow/example_dags/example_dag_decorator.py
[2025-03-20T11:08:15.994+0000] {processor.py:840} INFO - DAG(s) 'example_dag_decorator' retrieved from /home/airflow/.local/lib/python3.12/site-packages/airflow/example_dags/example_dag_decorator.py
[2025-03-20T11:08:16.035+0000] {logging_mixin.py:188} INFO - [2025-03-20T11:08:16.035+0000] {dag.py:3089} INFO - Sync 1 DAGs
[2025-03-20T11:08:16.040+0000] {logging_mixin.py:188} INFO - [2025-03-20T11:08:16.040+0000] {dag.py:3947} INFO - Setting next_dagrun for example_dag_decorator to None, run_after=None
[2025-03-20T11:08:16.051+0000] {processor.py:183} INFO - Processing /home/airflow/.local/lib/python3.12/site-packages/airflow/example_dags/example_dag_decorator.py took 0.104 seconds
[2025-03-20T11:08:48.462+0000] {processor.py:161} INFO - Started process (PID=2653) to work on /home/airflow/.local/lib/python3.12/site-packages/airflow/example_dags/example_dag_decorator.py
[2025-03-20T11:08:48.463+0000] {processor.py:830} INFO - Processing file /home/airflow/.local/lib/python3.12/site-packages/airflow/example_dags/example_dag_decorator.py for tasks to queue
[2025-03-20T11:08:48.464+0000] {logging_mixin.py:188} INFO - [2025-03-20T11:08:48.463+0000] {dagbag.py:545} INFO - Filling up the DagBag from /home/airflow/.local/lib/python3.12/site-packages/airflow/example_dags/example_dag_decorator.py
[2025-03-20T11:08:48.512+0000] {processor.py:840} INFO - DAG(s) 'example_dag_decorator' retrieved from /home/airflow/.local/lib/python3.12/site-packages/airflow/example_dags/example_dag_decorator.py
[2025-03-20T11:08:48.558+0000] {logging_mixin.py:188} INFO - [2025-03-20T11:08:48.558+0000] {dag.py:3089} INFO - Sync 1 DAGs
[2025-03-20T11:08:48.562+0000] {logging_mixin.py:188} INFO - [2025-03-20T11:08:48.562+0000] {dag.py:3947} INFO - Setting next_dagrun for example_dag_decorator to None, run_after=None
[2025-03-20T11:08:48.570+0000] {processor.py:183} INFO - Processing /home/airflow/.local/lib/python3.12/site-packages/airflow/example_dags/example_dag_decorator.py took 0.114 seconds
[2025-03-20T11:09:20.857+0000] {processor.py:161} INFO - Started process (PID=2725) to work on /home/airflow/.local/lib/python3.12/site-packages/airflow/example_dags/example_dag_decorator.py
[2025-03-20T11:09:20.858+0000] {processor.py:830} INFO - Processing file /home/airflow/.local/lib/python3.12/site-packages/airflow/example_dags/example_dag_decorator.py for tasks to queue
[2025-03-20T11:09:20.858+0000] {logging_mixin.py:188} INFO - [2025-03-20T11:09:20.858+0000] {dagbag.py:545} INFO - Filling up the DagBag from /home/airflow/.local/lib/python3.12/site-packages/airflow/example_dags/example_dag_decorator.py
[2025-03-20T11:09:20.903+0000] {processor.py:840} INFO - DAG(s) 'example_dag_decorator' retrieved from /home/airflow/.local/lib/python3.12/site-packages/airflow/example_dags/example_dag_decorator.py
[2025-03-20T11:09:20.946+0000] {logging_mixin.py:188} INFO - [2025-03-20T11:09:20.946+0000] {dag.py:3089} INFO - Sync 1 DAGs
[2025-03-20T11:09:20.951+0000] {logging_mixin.py:188} INFO - [2025-03-20T11:09:20.951+0000] {dag.py:3947} INFO - Setting next_dagrun for example_dag_decorator to None, run_after=None
[2025-03-20T11:09:20.962+0000] {processor.py:183} INFO - Processing /home/airflow/.local/lib/python3.12/site-packages/airflow/example_dags/example_dag_decorator.py took 0.107 seconds
[2025-03-20T11:09:53.502+0000] {processor.py:161} INFO - Started process (PID=2797) to work on /home/airflow/.local/lib/python3.12/site-packages/airflow/example_dags/example_dag_decorator.py
[2025-03-20T11:09:53.503+0000] {processor.py:830} INFO - Processing file /home/airflow/.local/lib/python3.12/site-packages/airflow/example_dags/example_dag_decorator.py for tasks to queue
[2025-03-20T11:09:53.503+0000] {logging_mixin.py:188} INFO - [2025-03-20T11:09:53.503+0000] {dagbag.py:545} INFO - Filling up the DagBag from /home/airflow/.local/lib/python3.12/site-packages/airflow/example_dags/example_dag_decorator.py
[2025-03-20T11:09:53.547+0000] {processor.py:840} INFO - DAG(s) 'example_dag_decorator' retrieved from /home/airflow/.local/lib/python3.12/site-packages/airflow/example_dags/example_dag_decorator.py
[2025-03-20T11:09:53.592+0000] {logging_mixin.py:188} INFO - [2025-03-20T11:09:53.592+0000] {dag.py:3089} INFO - Sync 1 DAGs
[2025-03-20T11:09:53.597+0000] {logging_mixin.py:188} INFO - [2025-03-20T11:09:53.597+0000] {dag.py:3947} INFO - Setting next_dagrun for example_dag_decorator to None, run_after=None
[2025-03-20T11:09:53.609+0000] {processor.py:183} INFO - Processing /home/airflow/.local/lib/python3.12/site-packages/airflow/example_dags/example_dag_decorator.py took 0.109 seconds
[2025-03-20T11:10:26.070+0000] {processor.py:161} INFO - Started process (PID=2869) to work on /home/airflow/.local/lib/python3.12/site-packages/airflow/example_dags/example_dag_decorator.py
[2025-03-20T11:10:26.070+0000] {processor.py:830} INFO - Processing file /home/airflow/.local/lib/python3.12/site-packages/airflow/example_dags/example_dag_decorator.py for tasks to queue
[2025-03-20T11:10:26.071+0000] {logging_mixin.py:188} INFO - [2025-03-20T11:10:26.071+0000] {dagbag.py:545} INFO - Filling up the DagBag from /home/airflow/.local/lib/python3.12/site-packages/airflow/example_dags/example_dag_decorator.py
[2025-03-20T11:10:26.110+0000] {processor.py:840} INFO - DAG(s) 'example_dag_decorator' retrieved from /home/airflow/.local/lib/python3.12/site-packages/airflow/example_dags/example_dag_decorator.py
[2025-03-20T11:10:26.147+0000] {logging_mixin.py:188} INFO - [2025-03-20T11:10:26.147+0000] {dag.py:3089} INFO - Sync 1 DAGs
[2025-03-20T11:10:26.150+0000] {logging_mixin.py:188} INFO - [2025-03-20T11:10:26.150+0000] {dag.py:3947} INFO - Setting next_dagrun for example_dag_decorator to None, run_after=None
[2025-03-20T11:10:26.157+0000] {processor.py:183} INFO - Processing /home/airflow/.local/lib/python3.12/site-packages/airflow/example_dags/example_dag_decorator.py took 0.090 seconds
[2025-03-20T11:10:58.575+0000] {processor.py:161} INFO - Started process (PID=2941) to work on /home/airflow/.local/lib/python3.12/site-packages/airflow/example_dags/example_dag_decorator.py
[2025-03-20T11:10:58.575+0000] {processor.py:830} INFO - Processing file /home/airflow/.local/lib/python3.12/site-packages/airflow/example_dags/example_dag_decorator.py for tasks to queue
[2025-03-20T11:10:58.576+0000] {logging_mixin.py:188} INFO - [2025-03-20T11:10:58.576+0000] {dagbag.py:545} INFO - Filling up the DagBag from /home/airflow/.local/lib/python3.12/site-packages/airflow/example_dags/example_dag_decorator.py
[2025-03-20T11:10:58.621+0000] {processor.py:840} INFO - DAG(s) 'example_dag_decorator' retrieved from /home/airflow/.local/lib/python3.12/site-packages/airflow/example_dags/example_dag_decorator.py
[2025-03-20T11:10:58.669+0000] {logging_mixin.py:188} INFO - [2025-03-20T11:10:58.669+0000] {dag.py:3089} INFO - Sync 1 DAGs
[2025-03-20T11:10:58.674+0000] {logging_mixin.py:188} INFO - [2025-03-20T11:10:58.674+0000] {dag.py:3947} INFO - Setting next_dagrun for example_dag_decorator to None, run_after=None
[2025-03-20T11:10:58.681+0000] {processor.py:183} INFO - Processing /home/airflow/.local/lib/python3.12/site-packages/airflow/example_dags/example_dag_decorator.py took 0.109 seconds
[2025-03-20T11:11:31.208+0000] {processor.py:161} INFO - Started process (PID=3013) to work on /home/airflow/.local/lib/python3.12/site-packages/airflow/example_dags/example_dag_decorator.py
[2025-03-20T11:11:31.208+0000] {processor.py:830} INFO - Processing file /home/airflow/.local/lib/python3.12/site-packages/airflow/example_dags/example_dag_decorator.py for tasks to queue
[2025-03-20T11:11:31.209+0000] {logging_mixin.py:188} INFO - [2025-03-20T11:11:31.209+0000] {dagbag.py:545} INFO - Filling up the DagBag from /home/airflow/.local/lib/python3.12/site-packages/airflow/example_dags/example_dag_decorator.py
[2025-03-20T11:11:31.251+0000] {processor.py:840} INFO - DAG(s) 'example_dag_decorator' retrieved from /home/airflow/.local/lib/python3.12/site-packages/airflow/example_dags/example_dag_decorator.py
[2025-03-20T11:11:31.289+0000] {logging_mixin.py:188} INFO - [2025-03-20T11:11:31.289+0000] {dag.py:3089} INFO - Sync 1 DAGs
[2025-03-20T11:11:31.294+0000] {logging_mixin.py:188} INFO - [2025-03-20T11:11:31.294+0000] {dag.py:3947} INFO - Setting next_dagrun for example_dag_decorator to None, run_after=None
[2025-03-20T11:11:31.300+0000] {processor.py:183} INFO - Processing /home/airflow/.local/lib/python3.12/site-packages/airflow/example_dags/example_dag_decorator.py took 0.095 seconds
[2025-03-20T11:12:03.861+0000] {processor.py:161} INFO - Started process (PID=3085) to work on /home/airflow/.local/lib/python3.12/site-packages/airflow/example_dags/example_dag_decorator.py
[2025-03-20T11:12:03.861+0000] {processor.py:830} INFO - Processing file /home/airflow/.local/lib/python3.12/site-packages/airflow/example_dags/example_dag_decorator.py for tasks to queue
[2025-03-20T11:12:03.862+0000] {logging_mixin.py:188} INFO - [2025-03-20T11:12:03.862+0000] {dagbag.py:545} INFO - Filling up the DagBag from /home/airflow/.local/lib/python3.12/site-packages/airflow/example_dags/example_dag_decorator.py
[2025-03-20T11:12:03.905+0000] {processor.py:840} INFO - DAG(s) 'example_dag_decorator' retrieved from /home/airflow/.local/lib/python3.12/site-packages/airflow/example_dags/example_dag_decorator.py
[2025-03-20T11:12:03.919+0000] {logging_mixin.py:188} INFO - [2025-03-20T11:12:03.919+0000] {dag.py:3089} INFO - Sync 1 DAGs
[2025-03-20T11:12:03.924+0000] {logging_mixin.py:188} INFO - [2025-03-20T11:12:03.924+0000] {dag.py:3947} INFO - Setting next_dagrun for example_dag_decorator to None, run_after=None
[2025-03-20T11:12:03.933+0000] {processor.py:183} INFO - Processing /home/airflow/.local/lib/python3.12/site-packages/airflow/example_dags/example_dag_decorator.py took 0.075 seconds
[2025-03-20T11:12:36.454+0000] {processor.py:161} INFO - Started process (PID=3157) to work on /home/airflow/.local/lib/python3.12/site-packages/airflow/example_dags/example_dag_decorator.py
[2025-03-20T11:12:36.454+0000] {processor.py:830} INFO - Processing file /home/airflow/.local/lib/python3.12/site-packages/airflow/example_dags/example_dag_decorator.py for tasks to queue
[2025-03-20T11:12:36.455+0000] {logging_mixin.py:188} INFO - [2025-03-20T11:12:36.455+0000] {dagbag.py:545} INFO - Filling up the DagBag from /home/airflow/.local/lib/python3.12/site-packages/airflow/example_dags/example_dag_decorator.py
[2025-03-20T11:12:36.495+0000] {processor.py:840} INFO - DAG(s) 'example_dag_decorator' retrieved from /home/airflow/.local/lib/python3.12/site-packages/airflow/example_dags/example_dag_decorator.py
[2025-03-20T11:12:36.533+0000] {logging_mixin.py:188} INFO - [2025-03-20T11:12:36.533+0000] {dag.py:3089} INFO - Sync 1 DAGs
[2025-03-20T11:12:36.537+0000] {logging_mixin.py:188} INFO - [2025-03-20T11:12:36.536+0000] {dag.py:3947} INFO - Setting next_dagrun for example_dag_decorator to None, run_after=None
[2025-03-20T11:12:36.545+0000] {processor.py:183} INFO - Processing /home/airflow/.local/lib/python3.12/site-packages/airflow/example_dags/example_dag_decorator.py took 0.094 seconds
[2025-03-20T11:13:08.827+0000] {processor.py:161} INFO - Started process (PID=3228) to work on /home/airflow/.local/lib/python3.12/site-packages/airflow/example_dags/example_dag_decorator.py
[2025-03-20T11:13:08.827+0000] {processor.py:830} INFO - Processing file /home/airflow/.local/lib/python3.12/site-packages/airflow/example_dags/example_dag_decorator.py for tasks to queue
[2025-03-20T11:13:08.828+0000] {logging_mixin.py:188} INFO - [2025-03-20T11:13:08.828+0000] {dagbag.py:545} INFO - Filling up the DagBag from /home/airflow/.local/lib/python3.12/site-packages/airflow/example_dags/example_dag_decorator.py
[2025-03-20T11:13:08.873+0000] {processor.py:840} INFO - DAG(s) 'example_dag_decorator' retrieved from /home/airflow/.local/lib/python3.12/site-packages/airflow/example_dags/example_dag_decorator.py
[2025-03-20T11:13:08.912+0000] {logging_mixin.py:188} INFO - [2025-03-20T11:13:08.912+0000] {dag.py:3089} INFO - Sync 1 DAGs
[2025-03-20T11:13:08.916+0000] {logging_mixin.py:188} INFO - [2025-03-20T11:13:08.916+0000] {dag.py:3947} INFO - Setting next_dagrun for example_dag_decorator to None, run_after=None
[2025-03-20T11:13:08.926+0000] {processor.py:183} INFO - Processing /home/airflow/.local/lib/python3.12/site-packages/airflow/example_dags/example_dag_decorator.py took 0.102 seconds
[2025-03-20T11:13:41.266+0000] {processor.py:161} INFO - Started process (PID=3300) to work on /home/airflow/.local/lib/python3.12/site-packages/airflow/example_dags/example_dag_decorator.py
[2025-03-20T11:13:41.266+0000] {processor.py:830} INFO - Processing file /home/airflow/.local/lib/python3.12/site-packages/airflow/example_dags/example_dag_decorator.py for tasks to queue
[2025-03-20T11:13:41.267+0000] {logging_mixin.py:188} INFO - [2025-03-20T11:13:41.267+0000] {dagbag.py:545} INFO - Filling up the DagBag from /home/airflow/.local/lib/python3.12/site-packages/airflow/example_dags/example_dag_decorator.py
[2025-03-20T11:13:41.313+0000] {processor.py:840} INFO - DAG(s) 'example_dag_decorator' retrieved from /home/airflow/.local/lib/python3.12/site-packages/airflow/example_dags/example_dag_decorator.py
[2025-03-20T11:13:41.355+0000] {logging_mixin.py:188} INFO - [2025-03-20T11:13:41.355+0000] {dag.py:3089} INFO - Sync 1 DAGs
[2025-03-20T11:13:41.359+0000] {logging_mixin.py:188} INFO - [2025-03-20T11:13:41.359+0000] {dag.py:3947} INFO - Setting next_dagrun for example_dag_decorator to None, run_after=None
[2025-03-20T11:13:41.369+0000] {processor.py:183} INFO - Processing /home/airflow/.local/lib/python3.12/site-packages/airflow/example_dags/example_dag_decorator.py took 0.105 seconds
[2025-03-20T20:18:34.625+0000] {processor.py:161} INFO - Started process (PID=116) to work on /home/airflow/.local/lib/python3.12/site-packages/airflow/example_dags/example_dag_decorator.py
[2025-03-20T20:18:34.627+0000] {processor.py:830} INFO - Processing file /home/airflow/.local/lib/python3.12/site-packages/airflow/example_dags/example_dag_decorator.py for tasks to queue
[2025-03-20T20:18:34.628+0000] {logging_mixin.py:188} INFO - [2025-03-20T20:18:34.627+0000] {dagbag.py:545} INFO - Filling up the DagBag from /home/airflow/.local/lib/python3.12/site-packages/airflow/example_dags/example_dag_decorator.py
[2025-03-20T20:18:34.711+0000] {processor.py:840} INFO - DAG(s) 'example_dag_decorator' retrieved from /home/airflow/.local/lib/python3.12/site-packages/airflow/example_dags/example_dag_decorator.py
[2025-03-20T20:18:34.762+0000] {logging_mixin.py:188} INFO - [2025-03-20T20:18:34.761+0000] {dag.py:3089} INFO - Sync 1 DAGs
[2025-03-20T20:18:34.768+0000] {logging_mixin.py:188} INFO - [2025-03-20T20:18:34.768+0000] {dag.py:3947} INFO - Setting next_dagrun for example_dag_decorator to None, run_after=None
[2025-03-20T20:18:34.776+0000] {processor.py:183} INFO - Processing /home/airflow/.local/lib/python3.12/site-packages/airflow/example_dags/example_dag_decorator.py took 0.153 seconds
