[2024-08-05T07:38:04.037+0000] {local_task_job_runner.py:120} INFO - ::group::Pre task execution logs
[2024-08-05T07:38:04.047+0000] {taskinstance.py:2076} INFO - Dependencies all met for dep_context=non-requeueable deps ti=<TaskInstance: dag_with_postgres_hooks.pred_time_series scheduled__2024-08-02T13:30:00+00:00 [queued]>
[2024-08-05T07:38:04.051+0000] {taskinstance.py:2076} INFO - Dependencies all met for dep_context=requeueable deps ti=<TaskInstance: dag_with_postgres_hooks.pred_time_series scheduled__2024-08-02T13:30:00+00:00 [queued]>
[2024-08-05T07:38:04.053+0000] {taskinstance.py:2306} INFO - Starting attempt 1 of 1
[2024-08-05T07:38:04.059+0000] {taskinstance.py:2330} INFO - Executing <Task(PythonOperator): pred_time_series> on 2024-08-02 13:30:00+00:00
[2024-08-05T07:38:04.066+0000] {warnings.py:112} WARNING - /home/***/.local/lib/python3.12/site-packages/***/task/task_runner/standard_task_runner.py:62: DeprecationWarning: This process (pid=452) is multi-threaded, use of fork() may lead to deadlocks in the child.
  pid = os.fork()

[2024-08-05T07:38:04.069+0000] {standard_task_runner.py:64} INFO - Started process 497 to run task
[2024-08-05T07:38:04.069+0000] {standard_task_runner.py:90} INFO - Running: ['***', 'tasks', 'run', 'dag_with_postgres_hooks', 'pred_time_series', 'scheduled__2024-08-02T13:30:00+00:00', '--job-id', '699', '--raw', '--subdir', 'DAGS_FOLDER/Stock_pred.py', '--cfg-path', '/tmp/tmp9f86xe1k']
[2024-08-05T07:38:04.073+0000] {standard_task_runner.py:91} INFO - Job 699: Subtask pred_time_series
[2024-08-05T07:38:04.095+0000] {task_command.py:426} INFO - Running <TaskInstance: dag_with_postgres_hooks.pred_time_series scheduled__2024-08-02T13:30:00+00:00 [running]> on host b6b4a3e7bf9d
[2024-08-05T07:38:04.131+0000] {taskinstance.py:2648} INFO - Exporting env vars: AIRFLOW_CTX_DAG_EMAIL='***@example.com' AIRFLOW_CTX_DAG_OWNER='***' AIRFLOW_CTX_DAG_ID='dag_with_postgres_hooks' AIRFLOW_CTX_TASK_ID='pred_time_series' AIRFLOW_CTX_EXECUTION_DATE='2024-08-02T13:30:00+00:00' AIRFLOW_CTX_TRY_NUMBER='1' AIRFLOW_CTX_DAG_RUN_ID='scheduled__2024-08-02T13:30:00+00:00'
[2024-08-05T07:38:04.132+0000] {taskinstance.py:430} INFO - ::endgroup::
[2024-08-05T07:38:04.236+0000] {warnings.py:112} WARNING - /opt/***/dags/Stock_pred.py:262: SettingWithCopyWarning: 
A value is trying to be set on a copy of a slice from a DataFrame

See the caveats in the documentation: https://pandas.pydata.org/pandas-docs/stable/user_guide/indexing.html#returning-a-view-versus-a-copy
  df_new_ts.rename(index={0:date},inplace=True)

[2024-08-05T07:38:04.244+0000] {base.py:84} INFO - Using connection ID 'postgres_server_2' for task execution.
[2024-08-05T07:38:04.358+0000] {warnings.py:112} WARNING - /home/***/.local/lib/python3.12/site-packages/keras/src/saving/saving_lib.py:576: UserWarning: Skipping variable loading for optimizer 'rmsprop', because it has 7 variables whereas the saved optimizer has 12 variables. 
  saveable.load_own_variables(weights_store.get(inner_path))

[2024-08-05T07:38:04.360+0000] {taskinstance.py:441} INFO - ::group::Post task execution logs
[2024-08-05T07:38:04.360+0000] {taskinstance.py:2905} ERROR - Task failed with exception
Traceback (most recent call last):
  File "/home/airflow/.local/lib/python3.12/site-packages/airflow/models/taskinstance.py", line 465, in _execute_task
    result = _execute_callable(context=context, **execute_callable_kwargs)
             ^^^^^^^^^^^^^^^^^^^^^^^^^^^^^^^^^^^^^^^^^^^^^^^^^^^^^^^^^^^^^
  File "/home/airflow/.local/lib/python3.12/site-packages/airflow/models/taskinstance.py", line 432, in _execute_callable
    return execute_callable(context=context, **execute_callable_kwargs)
           ^^^^^^^^^^^^^^^^^^^^^^^^^^^^^^^^^^^^^^^^^^^^^^^^^^^^^^^^^^^^
  File "/home/airflow/.local/lib/python3.12/site-packages/airflow/models/baseoperator.py", line 401, in wrapper
    return func(self, *args, **kwargs)
           ^^^^^^^^^^^^^^^^^^^^^^^^^^^
  File "/home/airflow/.local/lib/python3.12/site-packages/airflow/operators/python.py", line 235, in execute
    return_value = self.execute_callable()
                   ^^^^^^^^^^^^^^^^^^^^^^^
  File "/home/airflow/.local/lib/python3.12/site-packages/airflow/operators/python.py", line 252, in execute_callable
    return self.python_callable(*self.op_args, **self.op_kwargs)
           ^^^^^^^^^^^^^^^^^^^^^^^^^^^^^^^^^^^^^^^^^^^^^^^^^^^^^
  File "/opt/airflow/dags/Stock_pred.py", line 286, in pred_time_series
    lstm_model = tf.keras.models.load_model(temp_model_location)
                 ^^^^^^^^^^^^^^^^^^^^^^^^^^^^^^^^^^^^^^^^^^^^^^^
  File "/home/airflow/.local/lib/python3.12/site-packages/keras/src/saving/saving_api.py", line 182, in load_model
    return saving_lib.load_model(
           ^^^^^^^^^^^^^^^^^^^^^^
  File "/home/airflow/.local/lib/python3.12/site-packages/keras/src/saving/saving_lib.py", line 237, in load_model
    return _load_model_from_fileobj(
           ^^^^^^^^^^^^^^^^^^^^^^^^^
  File "/home/airflow/.local/lib/python3.12/site-packages/keras/src/saving/saving_lib.py", line 367, in _load_model_from_fileobj
    weights_file_path.unlink()
  File "/usr/local/lib/python3.12/pathlib.py", line 1342, in unlink
    os.unlink(self)
FileNotFoundError: [Errno 2] No such file or directory: 'model.weights.h5'
[2024-08-05T07:38:04.365+0000] {taskinstance.py:1206} INFO - Marking task as FAILED. dag_id=dag_with_postgres_hooks, task_id=pred_time_series, run_id=scheduled__2024-08-02T13:30:00+00:00, execution_date=20240802T133000, start_date=20240805T073804, end_date=20240805T073804
[2024-08-05T07:38:04.373+0000] {standard_task_runner.py:110} ERROR - Failed to execute job 699 for task pred_time_series ([Errno 2] No such file or directory: 'model.weights.h5'; 497)
[2024-08-05T07:38:04.414+0000] {local_task_job_runner.py:243} INFO - Task exited with return code 1
[2024-08-05T07:38:04.424+0000] {taskinstance.py:3503} INFO - 0 downstream tasks scheduled from follow-on schedule check
[2024-08-05T07:38:04.426+0000] {local_task_job_runner.py:222} INFO - ::endgroup::
