[2024-07-20T08:56:37.490+0000] {local_task_job_runner.py:120} INFO - ::group::Pre task execution logs
[2024-07-20T08:56:37.498+0000] {taskinstance.py:2076} INFO - Dependencies all met for dep_context=non-requeueable deps ti=<TaskInstance: dag_with_postgres_hooks.pred_Categorical manual__2024-07-20T08:56:26.471439+00:00 [queued]>
[2024-07-20T08:56:37.500+0000] {taskinstance.py:2076} INFO - Dependencies all met for dep_context=requeueable deps ti=<TaskInstance: dag_with_postgres_hooks.pred_Categorical manual__2024-07-20T08:56:26.471439+00:00 [queued]>
[2024-07-20T08:56:37.501+0000] {taskinstance.py:2306} INFO - Starting attempt 1 of 1
[2024-07-20T08:56:37.505+0000] {taskinstance.py:2330} INFO - Executing <Task(PythonOperator): pred_Categorical> on 2024-07-20 08:56:26.471439+00:00
[2024-07-20T08:56:37.509+0000] {warnings.py:112} WARNING - /home/***/.local/lib/python3.12/site-packages/***/task/task_runner/standard_task_runner.py:62: DeprecationWarning: This process (pid=3324) is multi-threaded, use of fork() may lead to deadlocks in the child.
  pid = os.fork()

[2024-07-20T08:56:37.510+0000] {standard_task_runner.py:64} INFO - Started process 3333 to run task
[2024-07-20T08:56:37.510+0000] {standard_task_runner.py:90} INFO - Running: ['***', 'tasks', 'run', 'dag_with_postgres_hooks', 'pred_Categorical', 'manual__2024-07-20T08:56:26.471439+00:00', '--job-id', '263', '--raw', '--subdir', 'DAGS_FOLDER/Stock_pred.py', '--cfg-path', '/tmp/tmpv8tu0408']
[2024-07-20T08:56:37.511+0000] {standard_task_runner.py:91} INFO - Job 263: Subtask pred_Categorical
[2024-07-20T08:56:37.526+0000] {task_command.py:426} INFO - Running <TaskInstance: dag_with_postgres_hooks.pred_Categorical manual__2024-07-20T08:56:26.471439+00:00 [running]> on host 488b1a24c461
[2024-07-20T08:56:37.554+0000] {taskinstance.py:2648} INFO - Exporting env vars: AIRFLOW_CTX_DAG_EMAIL='***@example.com' AIRFLOW_CTX_DAG_OWNER='***' AIRFLOW_CTX_DAG_ID='dag_with_postgres_hooks' AIRFLOW_CTX_TASK_ID='pred_Categorical' AIRFLOW_CTX_EXECUTION_DATE='2024-07-20T08:56:26.471439+00:00' AIRFLOW_CTX_TRY_NUMBER='1' AIRFLOW_CTX_DAG_RUN_ID='manual__2024-07-20T08:56:26.471439+00:00'
[2024-07-20T08:56:37.555+0000] {taskinstance.py:430} INFO - ::endgroup::
[2024-07-20T08:56:37.777+0000] {warnings.py:112} WARNING - /home/***/.local/lib/python3.12/site-packages/sklearn/base.py:376: InconsistentVersionWarning: Trying to unpickle estimator DecisionTreeClassifier from version 1.4.1.post1 when using version 1.5.1. This might lead to breaking code or invalid results. Use at your own risk. For more info please refer to:
https://scikit-learn.org/stable/model_persistence.html#security-maintainability-limitations
  warnings.warn(

[2024-07-20T08:56:37.801+0000] {python.py:237} INFO - Done. Returned value was: None
[2024-07-20T08:56:37.801+0000] {taskinstance.py:441} INFO - ::group::Post task execution logs
[2024-07-20T08:56:37.805+0000] {taskinstance.py:1206} INFO - Marking task as SUCCESS. dag_id=dag_with_postgres_hooks, task_id=pred_Categorical, run_id=manual__2024-07-20T08:56:26.471439+00:00, execution_date=20240720T085626, start_date=20240720T085637, end_date=20240720T085637
[2024-07-20T08:56:37.824+0000] {local_task_job_runner.py:243} INFO - Task exited with return code 0
[2024-07-20T08:56:37.832+0000] {taskinstance.py:3503} INFO - 1 downstream tasks scheduled from follow-on schedule check
[2024-07-20T08:56:37.833+0000] {local_task_job_runner.py:222} INFO - ::endgroup::
