[2025-03-26T20:22:14.472+0000] {local_task_job_runner.py:120} INFO - ::group::Pre task execution logs
[2025-03-26T20:22:14.481+0000] {taskinstance.py:2076} INFO - Dependencies all met for dep_context=non-requeueable deps ti=<TaskInstance: dag_with_postgres_hooks.monitoring scheduled__2025-03-23T13:30:00+00:00 [queued]>
[2025-03-26T20:22:14.485+0000] {taskinstance.py:2076} INFO - Dependencies all met for dep_context=requeueable deps ti=<TaskInstance: dag_with_postgres_hooks.monitoring scheduled__2025-03-23T13:30:00+00:00 [queued]>
[2025-03-26T20:22:14.485+0000] {taskinstance.py:2306} INFO - Starting attempt 1 of 1
[2025-03-26T20:22:14.489+0000] {taskinstance.py:2330} INFO - Executing <Task(PythonOperator): monitoring> on 2025-03-23 13:30:00+00:00
[2025-03-26T20:22:14.496+0000] {warnings.py:112} WARNING - /home/***/.local/lib/python3.12/site-packages/***/task/task_runner/standard_task_runner.py:62: DeprecationWarning: This process (pid=607) is multi-threaded, use of fork() may lead to deadlocks in the child.
  pid = os.fork()

[2025-03-26T20:22:14.496+0000] {standard_task_runner.py:64} INFO - Started process 621 to run task
[2025-03-26T20:22:14.497+0000] {standard_task_runner.py:90} INFO - Running: ['***', 'tasks', 'run', 'dag_with_postgres_hooks', 'monitoring', 'scheduled__2025-03-23T13:30:00+00:00', '--job-id', '1783', '--raw', '--subdir', 'DAGS_FOLDER/Stock_pred.py', '--cfg-path', '/tmp/tmpw18ji6z9']
[2025-03-26T20:22:14.497+0000] {standard_task_runner.py:91} INFO - Job 1783: Subtask monitoring
[2025-03-26T20:22:14.520+0000] {task_command.py:426} INFO - Running <TaskInstance: dag_with_postgres_hooks.monitoring scheduled__2025-03-23T13:30:00+00:00 [running]> on host b7aba691e1ff
[2025-03-26T20:22:14.557+0000] {taskinstance.py:2648} INFO - Exporting env vars: AIRFLOW_CTX_DAG_EMAIL='***@example.com' AIRFLOW_CTX_DAG_OWNER='***' AIRFLOW_CTX_DAG_ID='dag_with_postgres_hooks' AIRFLOW_CTX_TASK_ID='monitoring' AIRFLOW_CTX_EXECUTION_DATE='2025-03-23T13:30:00+00:00' AIRFLOW_CTX_TRY_NUMBER='1' AIRFLOW_CTX_DAG_RUN_ID='scheduled__2025-03-23T13:30:00+00:00'
[2025-03-26T20:22:14.557+0000] {taskinstance.py:430} INFO - ::endgroup::
[2025-03-26T20:22:14.561+0000] {base.py:84} INFO - Using connection ID 'postgres_server_2' for task execution.
[2025-03-26T20:22:14.605+0000] {warnings.py:112} WARNING - /opt/***/dags/Stock_pred.py:431: SettingWithCopyWarning: 
A value is trying to be set on a copy of a slice from a DataFrame

See the caveats in the documentation: https://pandas.pydata.org/pandas-docs/stable/user_guide/indexing.html#returning-a-view-versus-a-copy
  df_old_clf['Target'].iloc[-1] = input_clf['Target']

[2025-03-26T20:22:14.637+0000] {logging_mixin.py:188} INFO -    predicted_index
0       -58.670822
[2025-03-26T20:22:14.639+0000] {logging_mixin.py:188} INFO -          Date  CLOSE_diff_t+1  New_Prediction_ts
0  03-26-2025             NaN         -58.670822
[2025-03-26T20:22:14.642+0000] {logging_mixin.py:188} INFO -                     Date  CLOSE_diff_t+1  New_Prediction_ts
0    2022-02-24 00:00:00      -56.133410         -39.024616
1    2022-02-25 00:00:00     -252.600345        -132.841003
2    2022-02-28 00:00:00      -28.066705         -37.190056
3    2022-03-01 00:00:00     -533.267395        -206.798630
4    2022-03-02 00:00:00      308.733755         110.723549
..                   ...             ...                ...
630           03-18-2025             NaN         -71.272507
631           03-19-2025             NaN         -48.835705
632           03-21-2025             NaN         -72.748482
633           03-21-2025             NaN         -66.428261
0             03-26-2025             NaN         -58.670822

[635 rows x 3 columns]
[2025-03-26T20:22:14.655+0000] {python.py:237} INFO - Done. Returned value was: None
[2025-03-26T20:22:14.656+0000] {taskinstance.py:441} INFO - ::group::Post task execution logs
[2025-03-26T20:22:14.660+0000] {taskinstance.py:1206} INFO - Marking task as SUCCESS. dag_id=dag_with_postgres_hooks, task_id=monitoring, run_id=scheduled__2025-03-23T13:30:00+00:00, execution_date=20250323T133000, start_date=20250326T202214, end_date=20250326T202214
[2025-03-26T20:22:14.675+0000] {local_task_job_runner.py:243} INFO - Task exited with return code 0
[2025-03-26T20:22:14.688+0000] {taskinstance.py:3503} INFO - 0 downstream tasks scheduled from follow-on schedule check
[2025-03-26T20:22:14.688+0000] {local_task_job_runner.py:222} INFO - ::endgroup::
