[2024-08-30T09:11:17.180+0000] {local_task_job_runner.py:120} INFO - ::group::Pre task execution logs
[2024-08-30T09:11:17.193+0000] {taskinstance.py:2076} INFO - Dependencies all met for dep_context=non-requeueable deps ti=<TaskInstance: dag_with_postgres_hooks.monitoring manual__2024-08-30T09:11:14.537262+00:00 [queued]>
[2024-08-30T09:11:17.196+0000] {taskinstance.py:2076} INFO - Dependencies all met for dep_context=requeueable deps ti=<TaskInstance: dag_with_postgres_hooks.monitoring manual__2024-08-30T09:11:14.537262+00:00 [queued]>
[2024-08-30T09:11:17.196+0000] {taskinstance.py:2306} INFO - Starting attempt 1 of 1
[2024-08-30T09:11:17.202+0000] {taskinstance.py:2330} INFO - Executing <Task(PythonOperator): monitoring> on 2024-08-30 09:11:14.537262+00:00
[2024-08-30T09:11:17.210+0000] {warnings.py:112} WARNING - /home/***/.local/lib/python3.12/site-packages/***/task/task_runner/standard_task_runner.py:62: DeprecationWarning: This process (pid=1627) is multi-threaded, use of fork() may lead to deadlocks in the child.
  pid = os.fork()

[2024-08-30T09:11:17.211+0000] {standard_task_runner.py:64} INFO - Started process 1648 to run task
[2024-08-30T09:11:17.212+0000] {standard_task_runner.py:90} INFO - Running: ['***', 'tasks', 'run', 'dag_with_postgres_hooks', 'monitoring', 'manual__2024-08-30T09:11:14.537262+00:00', '--job-id', '992', '--raw', '--subdir', 'DAGS_FOLDER/Stock_pred.py', '--cfg-path', '/tmp/tmpheg1amyf']
[2024-08-30T09:11:17.213+0000] {standard_task_runner.py:91} INFO - Job 992: Subtask monitoring
[2024-08-30T09:11:17.236+0000] {task_command.py:426} INFO - Running <TaskInstance: dag_with_postgres_hooks.monitoring manual__2024-08-30T09:11:14.537262+00:00 [running]> on host b7aba691e1ff
[2024-08-30T09:11:17.275+0000] {taskinstance.py:2648} INFO - Exporting env vars: AIRFLOW_CTX_DAG_EMAIL='***@example.com' AIRFLOW_CTX_DAG_OWNER='***' AIRFLOW_CTX_DAG_ID='dag_with_postgres_hooks' AIRFLOW_CTX_TASK_ID='monitoring' AIRFLOW_CTX_EXECUTION_DATE='2024-08-30T09:11:14.537262+00:00' AIRFLOW_CTX_TRY_NUMBER='1' AIRFLOW_CTX_DAG_RUN_ID='manual__2024-08-30T09:11:14.537262+00:00'
[2024-08-30T09:11:17.276+0000] {taskinstance.py:430} INFO - ::endgroup::
[2024-08-30T09:11:17.279+0000] {base.py:84} INFO - Using connection ID 'postgres_server_2' for task execution.
[2024-08-30T09:11:17.300+0000] {taskinstance.py:441} INFO - ::group::Post task execution logs
[2024-08-30T09:11:17.301+0000] {taskinstance.py:2905} ERROR - Task failed with exception
Traceback (most recent call last):
  File "/home/airflow/.local/lib/python3.12/site-packages/airflow/models/taskinstance.py", line 465, in _execute_task
    result = _execute_callable(context=context, **execute_callable_kwargs)
             ^^^^^^^^^^^^^^^^^^^^^^^^^^^^^^^^^^^^^^^^^^^^^^^^^^^^^^^^^^^^^
  File "/home/airflow/.local/lib/python3.12/site-packages/airflow/models/taskinstance.py", line 432, in _execute_callable
    return execute_callable(context=context, **execute_callable_kwargs)
           ^^^^^^^^^^^^^^^^^^^^^^^^^^^^^^^^^^^^^^^^^^^^^^^^^^^^^^^^^^^^
  File "/home/airflow/.local/lib/python3.12/site-packages/airflow/models/baseoperator.py", line 401, in wrapper
    return func(self, *args, **kwargs)
           ^^^^^^^^^^^^^^^^^^^^^^^^^^^
  File "/home/airflow/.local/lib/python3.12/site-packages/airflow/operators/python.py", line 235, in execute
    return_value = self.execute_callable()
                   ^^^^^^^^^^^^^^^^^^^^^^^
  File "/home/airflow/.local/lib/python3.12/site-packages/airflow/operators/python.py", line 252, in execute_callable
    return self.python_callable(*self.op_args, **self.op_kwargs)
           ^^^^^^^^^^^^^^^^^^^^^^^^^^^^^^^^^^^^^^^^^^^^^^^^^^^^^
  File "/opt/airflow/dags/Stock_pred.py", line 427, in monitoring
    df_old_clf['Target'].iloc[-1] = input_clf['Target']
                                    ~~~~~~~~~^^^^^^^^^^
TypeError: 'NoneType' object is not subscriptable
[2024-08-30T09:11:17.305+0000] {taskinstance.py:1206} INFO - Marking task as FAILED. dag_id=dag_with_postgres_hooks, task_id=monitoring, run_id=manual__2024-08-30T09:11:14.537262+00:00, execution_date=20240830T091114, start_date=20240830T091117, end_date=20240830T091117
[2024-08-30T09:11:17.317+0000] {standard_task_runner.py:110} ERROR - Failed to execute job 992 for task monitoring ('NoneType' object is not subscriptable; 1648)
[2024-08-30T09:11:17.352+0000] {local_task_job_runner.py:243} INFO - Task exited with return code 1
[2024-08-30T09:11:17.367+0000] {taskinstance.py:3503} INFO - 0 downstream tasks scheduled from follow-on schedule check
[2024-08-30T09:11:17.375+0000] {local_task_job_runner.py:222} INFO - ::endgroup::
