[2025-03-16T20:29:35.922+0000] {processor.py:161} INFO - Started process (PID=101) to work on /home/airflow/.local/lib/python3.12/site-packages/airflow/example_dags/example_latest_only_with_trigger.py
[2025-03-16T20:29:35.923+0000] {processor.py:830} INFO - Processing file /home/airflow/.local/lib/python3.12/site-packages/airflow/example_dags/example_latest_only_with_trigger.py for tasks to queue
[2025-03-16T20:29:35.925+0000] {logging_mixin.py:188} INFO - [2025-03-16T20:29:35.924+0000] {dagbag.py:545} INFO - Filling up the DagBag from /home/airflow/.local/lib/python3.12/site-packages/airflow/example_dags/example_latest_only_with_trigger.py
[2025-03-16T20:29:35.940+0000] {processor.py:840} INFO - DAG(s) 'latest_only_with_trigger' retrieved from /home/airflow/.local/lib/python3.12/site-packages/airflow/example_dags/example_latest_only_with_trigger.py
[2025-03-16T20:29:35.956+0000] {logging_mixin.py:188} INFO - [2025-03-16T20:29:35.956+0000] {dag.py:3089} INFO - Sync 1 DAGs
[2025-03-16T20:29:35.973+0000] {logging_mixin.py:188} INFO - [2025-03-16T20:29:35.973+0000] {dag.py:3947} INFO - Setting next_dagrun for latest_only_with_trigger to 2025-03-16 16:00:00+00:00, run_after=2025-03-16 20:00:00+00:00
[2025-03-16T20:29:35.985+0000] {processor.py:183} INFO - Processing /home/airflow/.local/lib/python3.12/site-packages/airflow/example_dags/example_latest_only_with_trigger.py took 0.070 seconds
[2025-03-16T20:30:08.700+0000] {processor.py:161} INFO - Started process (PID=201) to work on /home/airflow/.local/lib/python3.12/site-packages/airflow/example_dags/example_latest_only_with_trigger.py
[2025-03-16T20:30:08.700+0000] {processor.py:830} INFO - Processing file /home/airflow/.local/lib/python3.12/site-packages/airflow/example_dags/example_latest_only_with_trigger.py for tasks to queue
[2025-03-16T20:30:08.701+0000] {logging_mixin.py:188} INFO - [2025-03-16T20:30:08.701+0000] {dagbag.py:545} INFO - Filling up the DagBag from /home/airflow/.local/lib/python3.12/site-packages/airflow/example_dags/example_latest_only_with_trigger.py
[2025-03-16T20:30:08.704+0000] {processor.py:840} INFO - DAG(s) 'latest_only_with_trigger' retrieved from /home/airflow/.local/lib/python3.12/site-packages/airflow/example_dags/example_latest_only_with_trigger.py
[2025-03-16T20:30:08.713+0000] {logging_mixin.py:188} INFO - [2025-03-16T20:30:08.712+0000] {dag.py:3089} INFO - Sync 1 DAGs
[2025-03-16T20:30:08.721+0000] {logging_mixin.py:188} INFO - [2025-03-16T20:30:08.721+0000] {dag.py:3947} INFO - Setting next_dagrun for latest_only_with_trigger to 2025-03-16 16:00:00+00:00, run_after=2025-03-16 20:00:00+00:00
[2025-03-16T20:30:08.727+0000] {processor.py:183} INFO - Processing /home/airflow/.local/lib/python3.12/site-packages/airflow/example_dags/example_latest_only_with_trigger.py took 0.029 seconds
[2025-03-16T20:30:40.862+0000] {processor.py:161} INFO - Started process (PID=273) to work on /home/airflow/.local/lib/python3.12/site-packages/airflow/example_dags/example_latest_only_with_trigger.py
[2025-03-16T20:30:40.862+0000] {processor.py:830} INFO - Processing file /home/airflow/.local/lib/python3.12/site-packages/airflow/example_dags/example_latest_only_with_trigger.py for tasks to queue
[2025-03-16T20:30:40.863+0000] {logging_mixin.py:188} INFO - [2025-03-16T20:30:40.863+0000] {dagbag.py:545} INFO - Filling up the DagBag from /home/airflow/.local/lib/python3.12/site-packages/airflow/example_dags/example_latest_only_with_trigger.py
[2025-03-16T20:30:40.866+0000] {processor.py:840} INFO - DAG(s) 'latest_only_with_trigger' retrieved from /home/airflow/.local/lib/python3.12/site-packages/airflow/example_dags/example_latest_only_with_trigger.py
[2025-03-16T20:30:40.879+0000] {logging_mixin.py:188} INFO - [2025-03-16T20:30:40.878+0000] {dag.py:3089} INFO - Sync 1 DAGs
[2025-03-16T20:30:40.889+0000] {logging_mixin.py:188} INFO - [2025-03-16T20:30:40.889+0000] {dag.py:3947} INFO - Setting next_dagrun for latest_only_with_trigger to 2025-03-16 16:00:00+00:00, run_after=2025-03-16 20:00:00+00:00
[2025-03-16T20:30:40.898+0000] {processor.py:183} INFO - Processing /home/airflow/.local/lib/python3.12/site-packages/airflow/example_dags/example_latest_only_with_trigger.py took 0.040 seconds
[2025-03-16T20:31:13.272+0000] {processor.py:161} INFO - Started process (PID=345) to work on /home/airflow/.local/lib/python3.12/site-packages/airflow/example_dags/example_latest_only_with_trigger.py
[2025-03-16T20:31:13.272+0000] {processor.py:830} INFO - Processing file /home/airflow/.local/lib/python3.12/site-packages/airflow/example_dags/example_latest_only_with_trigger.py for tasks to queue
[2025-03-16T20:31:13.273+0000] {logging_mixin.py:188} INFO - [2025-03-16T20:31:13.273+0000] {dagbag.py:545} INFO - Filling up the DagBag from /home/airflow/.local/lib/python3.12/site-packages/airflow/example_dags/example_latest_only_with_trigger.py
[2025-03-16T20:31:13.275+0000] {processor.py:840} INFO - DAG(s) 'latest_only_with_trigger' retrieved from /home/airflow/.local/lib/python3.12/site-packages/airflow/example_dags/example_latest_only_with_trigger.py
[2025-03-16T20:31:13.283+0000] {logging_mixin.py:188} INFO - [2025-03-16T20:31:13.283+0000] {dag.py:3089} INFO - Sync 1 DAGs
[2025-03-16T20:31:13.291+0000] {logging_mixin.py:188} INFO - [2025-03-16T20:31:13.291+0000] {dag.py:3947} INFO - Setting next_dagrun for latest_only_with_trigger to 2025-03-16 16:00:00+00:00, run_after=2025-03-16 20:00:00+00:00
[2025-03-16T20:31:13.299+0000] {processor.py:183} INFO - Processing /home/airflow/.local/lib/python3.12/site-packages/airflow/example_dags/example_latest_only_with_trigger.py took 0.029 seconds
[2025-03-16T20:31:45.850+0000] {processor.py:161} INFO - Started process (PID=417) to work on /home/airflow/.local/lib/python3.12/site-packages/airflow/example_dags/example_latest_only_with_trigger.py
[2025-03-16T20:31:45.851+0000] {processor.py:830} INFO - Processing file /home/airflow/.local/lib/python3.12/site-packages/airflow/example_dags/example_latest_only_with_trigger.py for tasks to queue
[2025-03-16T20:31:45.852+0000] {logging_mixin.py:188} INFO - [2025-03-16T20:31:45.852+0000] {dagbag.py:545} INFO - Filling up the DagBag from /home/airflow/.local/lib/python3.12/site-packages/airflow/example_dags/example_latest_only_with_trigger.py
[2025-03-16T20:31:45.854+0000] {processor.py:840} INFO - DAG(s) 'latest_only_with_trigger' retrieved from /home/airflow/.local/lib/python3.12/site-packages/airflow/example_dags/example_latest_only_with_trigger.py
[2025-03-16T20:31:45.865+0000] {logging_mixin.py:188} INFO - [2025-03-16T20:31:45.865+0000] {dag.py:3089} INFO - Sync 1 DAGs
[2025-03-16T20:31:45.873+0000] {logging_mixin.py:188} INFO - [2025-03-16T20:31:45.873+0000] {dag.py:3947} INFO - Setting next_dagrun for latest_only_with_trigger to 2025-03-16 16:00:00+00:00, run_after=2025-03-16 20:00:00+00:00
[2025-03-16T20:31:45.882+0000] {processor.py:183} INFO - Processing /home/airflow/.local/lib/python3.12/site-packages/airflow/example_dags/example_latest_only_with_trigger.py took 0.034 seconds
[2025-03-16T20:32:18.772+0000] {processor.py:161} INFO - Started process (PID=488) to work on /home/airflow/.local/lib/python3.12/site-packages/airflow/example_dags/example_latest_only_with_trigger.py
[2025-03-16T20:32:18.773+0000] {processor.py:830} INFO - Processing file /home/airflow/.local/lib/python3.12/site-packages/airflow/example_dags/example_latest_only_with_trigger.py for tasks to queue
[2025-03-16T20:32:18.774+0000] {logging_mixin.py:188} INFO - [2025-03-16T20:32:18.774+0000] {dagbag.py:545} INFO - Filling up the DagBag from /home/airflow/.local/lib/python3.12/site-packages/airflow/example_dags/example_latest_only_with_trigger.py
[2025-03-16T20:32:18.777+0000] {processor.py:840} INFO - DAG(s) 'latest_only_with_trigger' retrieved from /home/airflow/.local/lib/python3.12/site-packages/airflow/example_dags/example_latest_only_with_trigger.py
[2025-03-16T20:32:18.786+0000] {logging_mixin.py:188} INFO - [2025-03-16T20:32:18.786+0000] {dag.py:3089} INFO - Sync 1 DAGs
[2025-03-16T20:32:18.796+0000] {logging_mixin.py:188} INFO - [2025-03-16T20:32:18.796+0000] {dag.py:3947} INFO - Setting next_dagrun for latest_only_with_trigger to 2025-03-16 16:00:00+00:00, run_after=2025-03-16 20:00:00+00:00
[2025-03-16T20:32:18.898+0000] {processor.py:183} INFO - Processing /home/airflow/.local/lib/python3.12/site-packages/airflow/example_dags/example_latest_only_with_trigger.py took 0.128 seconds
[2025-03-16T20:32:50.651+0000] {processor.py:161} INFO - Started process (PID=560) to work on /home/airflow/.local/lib/python3.12/site-packages/airflow/example_dags/example_latest_only_with_trigger.py
[2025-03-16T20:32:50.653+0000] {processor.py:830} INFO - Processing file /home/airflow/.local/lib/python3.12/site-packages/airflow/example_dags/example_latest_only_with_trigger.py for tasks to queue
[2025-03-16T20:32:50.655+0000] {logging_mixin.py:188} INFO - [2025-03-16T20:32:50.655+0000] {dagbag.py:545} INFO - Filling up the DagBag from /home/airflow/.local/lib/python3.12/site-packages/airflow/example_dags/example_latest_only_with_trigger.py
[2025-03-16T20:32:50.658+0000] {processor.py:840} INFO - DAG(s) 'latest_only_with_trigger' retrieved from /home/airflow/.local/lib/python3.12/site-packages/airflow/example_dags/example_latest_only_with_trigger.py
[2025-03-16T20:32:50.673+0000] {logging_mixin.py:188} INFO - [2025-03-16T20:32:50.673+0000] {dag.py:3089} INFO - Sync 1 DAGs
[2025-03-16T20:32:50.686+0000] {logging_mixin.py:188} INFO - [2025-03-16T20:32:50.686+0000] {dag.py:3947} INFO - Setting next_dagrun for latest_only_with_trigger to 2025-03-16 16:00:00+00:00, run_after=2025-03-16 20:00:00+00:00
[2025-03-16T20:32:50.780+0000] {processor.py:183} INFO - Processing /home/airflow/.local/lib/python3.12/site-packages/airflow/example_dags/example_latest_only_with_trigger.py took 0.131 seconds
[2025-03-16T20:33:22.907+0000] {processor.py:161} INFO - Started process (PID=632) to work on /home/airflow/.local/lib/python3.12/site-packages/airflow/example_dags/example_latest_only_with_trigger.py
[2025-03-16T20:33:22.909+0000] {processor.py:830} INFO - Processing file /home/airflow/.local/lib/python3.12/site-packages/airflow/example_dags/example_latest_only_with_trigger.py for tasks to queue
[2025-03-16T20:33:22.910+0000] {logging_mixin.py:188} INFO - [2025-03-16T20:33:22.910+0000] {dagbag.py:545} INFO - Filling up the DagBag from /home/airflow/.local/lib/python3.12/site-packages/airflow/example_dags/example_latest_only_with_trigger.py
[2025-03-16T20:33:22.913+0000] {processor.py:840} INFO - DAG(s) 'latest_only_with_trigger' retrieved from /home/airflow/.local/lib/python3.12/site-packages/airflow/example_dags/example_latest_only_with_trigger.py
[2025-03-16T20:33:22.925+0000] {logging_mixin.py:188} INFO - [2025-03-16T20:33:22.925+0000] {dag.py:3089} INFO - Sync 1 DAGs
[2025-03-16T20:33:22.933+0000] {logging_mixin.py:188} INFO - [2025-03-16T20:33:22.933+0000] {dag.py:3947} INFO - Setting next_dagrun for latest_only_with_trigger to 2025-03-16 16:00:00+00:00, run_after=2025-03-16 20:00:00+00:00
[2025-03-16T20:33:22.946+0000] {processor.py:183} INFO - Processing /home/airflow/.local/lib/python3.12/site-packages/airflow/example_dags/example_latest_only_with_trigger.py took 0.041 seconds
[2025-03-16T20:33:55.556+0000] {processor.py:161} INFO - Started process (PID=703) to work on /home/airflow/.local/lib/python3.12/site-packages/airflow/example_dags/example_latest_only_with_trigger.py
[2025-03-16T20:33:55.556+0000] {processor.py:830} INFO - Processing file /home/airflow/.local/lib/python3.12/site-packages/airflow/example_dags/example_latest_only_with_trigger.py for tasks to queue
[2025-03-16T20:33:55.558+0000] {logging_mixin.py:188} INFO - [2025-03-16T20:33:55.558+0000] {dagbag.py:545} INFO - Filling up the DagBag from /home/airflow/.local/lib/python3.12/site-packages/airflow/example_dags/example_latest_only_with_trigger.py
[2025-03-16T20:33:55.562+0000] {processor.py:840} INFO - DAG(s) 'latest_only_with_trigger' retrieved from /home/airflow/.local/lib/python3.12/site-packages/airflow/example_dags/example_latest_only_with_trigger.py
[2025-03-16T20:33:55.573+0000] {logging_mixin.py:188} INFO - [2025-03-16T20:33:55.573+0000] {dag.py:3089} INFO - Sync 1 DAGs
[2025-03-16T20:33:55.582+0000] {logging_mixin.py:188} INFO - [2025-03-16T20:33:55.582+0000] {dag.py:3947} INFO - Setting next_dagrun for latest_only_with_trigger to 2025-03-16 16:00:00+00:00, run_after=2025-03-16 20:00:00+00:00
[2025-03-16T20:33:55.590+0000] {processor.py:183} INFO - Processing /home/airflow/.local/lib/python3.12/site-packages/airflow/example_dags/example_latest_only_with_trigger.py took 0.037 seconds
[2025-03-16T20:34:28.491+0000] {processor.py:161} INFO - Started process (PID=774) to work on /home/airflow/.local/lib/python3.12/site-packages/airflow/example_dags/example_latest_only_with_trigger.py
[2025-03-16T20:34:28.494+0000] {processor.py:830} INFO - Processing file /home/airflow/.local/lib/python3.12/site-packages/airflow/example_dags/example_latest_only_with_trigger.py for tasks to queue
[2025-03-16T20:34:28.495+0000] {logging_mixin.py:188} INFO - [2025-03-16T20:34:28.494+0000] {dagbag.py:545} INFO - Filling up the DagBag from /home/airflow/.local/lib/python3.12/site-packages/airflow/example_dags/example_latest_only_with_trigger.py
[2025-03-16T20:34:28.497+0000] {processor.py:840} INFO - DAG(s) 'latest_only_with_trigger' retrieved from /home/airflow/.local/lib/python3.12/site-packages/airflow/example_dags/example_latest_only_with_trigger.py
[2025-03-16T20:34:28.512+0000] {logging_mixin.py:188} INFO - [2025-03-16T20:34:28.512+0000] {dag.py:3089} INFO - Sync 1 DAGs
[2025-03-16T20:34:28.524+0000] {logging_mixin.py:188} INFO - [2025-03-16T20:34:28.523+0000] {dag.py:3947} INFO - Setting next_dagrun for latest_only_with_trigger to 2025-03-16 16:00:00+00:00, run_after=2025-03-16 20:00:00+00:00
[2025-03-16T20:34:28.532+0000] {processor.py:183} INFO - Processing /home/airflow/.local/lib/python3.12/site-packages/airflow/example_dags/example_latest_only_with_trigger.py took 0.043 seconds
[2025-03-16T20:35:01.233+0000] {processor.py:161} INFO - Started process (PID=846) to work on /home/airflow/.local/lib/python3.12/site-packages/airflow/example_dags/example_latest_only_with_trigger.py
[2025-03-16T20:35:01.234+0000] {processor.py:830} INFO - Processing file /home/airflow/.local/lib/python3.12/site-packages/airflow/example_dags/example_latest_only_with_trigger.py for tasks to queue
[2025-03-16T20:35:01.235+0000] {logging_mixin.py:188} INFO - [2025-03-16T20:35:01.235+0000] {dagbag.py:545} INFO - Filling up the DagBag from /home/airflow/.local/lib/python3.12/site-packages/airflow/example_dags/example_latest_only_with_trigger.py
[2025-03-16T20:35:01.241+0000] {processor.py:840} INFO - DAG(s) 'latest_only_with_trigger' retrieved from /home/airflow/.local/lib/python3.12/site-packages/airflow/example_dags/example_latest_only_with_trigger.py
[2025-03-16T20:35:01.250+0000] {logging_mixin.py:188} INFO - [2025-03-16T20:35:01.250+0000] {dag.py:3089} INFO - Sync 1 DAGs
[2025-03-16T20:35:01.261+0000] {logging_mixin.py:188} INFO - [2025-03-16T20:35:01.261+0000] {dag.py:3947} INFO - Setting next_dagrun for latest_only_with_trigger to 2025-03-16 16:00:00+00:00, run_after=2025-03-16 20:00:00+00:00
[2025-03-16T20:35:01.273+0000] {processor.py:183} INFO - Processing /home/airflow/.local/lib/python3.12/site-packages/airflow/example_dags/example_latest_only_with_trigger.py took 0.043 seconds
[2025-03-16T20:35:33.802+0000] {processor.py:161} INFO - Started process (PID=923) to work on /home/airflow/.local/lib/python3.12/site-packages/airflow/example_dags/example_latest_only_with_trigger.py
[2025-03-16T20:35:33.802+0000] {processor.py:830} INFO - Processing file /home/airflow/.local/lib/python3.12/site-packages/airflow/example_dags/example_latest_only_with_trigger.py for tasks to queue
[2025-03-16T20:35:33.803+0000] {logging_mixin.py:188} INFO - [2025-03-16T20:35:33.803+0000] {dagbag.py:545} INFO - Filling up the DagBag from /home/airflow/.local/lib/python3.12/site-packages/airflow/example_dags/example_latest_only_with_trigger.py
[2025-03-16T20:35:33.808+0000] {processor.py:840} INFO - DAG(s) 'latest_only_with_trigger' retrieved from /home/airflow/.local/lib/python3.12/site-packages/airflow/example_dags/example_latest_only_with_trigger.py
[2025-03-16T20:35:33.821+0000] {logging_mixin.py:188} INFO - [2025-03-16T20:35:33.821+0000] {dag.py:3089} INFO - Sync 1 DAGs
[2025-03-16T20:35:33.830+0000] {logging_mixin.py:188} INFO - [2025-03-16T20:35:33.830+0000] {dag.py:3947} INFO - Setting next_dagrun for latest_only_with_trigger to 2025-03-16 16:00:00+00:00, run_after=2025-03-16 20:00:00+00:00
[2025-03-16T20:35:33.840+0000] {processor.py:183} INFO - Processing /home/airflow/.local/lib/python3.12/site-packages/airflow/example_dags/example_latest_only_with_trigger.py took 0.041 seconds
[2025-03-16T20:36:06.426+0000] {processor.py:161} INFO - Started process (PID=994) to work on /home/airflow/.local/lib/python3.12/site-packages/airflow/example_dags/example_latest_only_with_trigger.py
[2025-03-16T20:36:06.427+0000] {processor.py:830} INFO - Processing file /home/airflow/.local/lib/python3.12/site-packages/airflow/example_dags/example_latest_only_with_trigger.py for tasks to queue
[2025-03-16T20:36:06.428+0000] {logging_mixin.py:188} INFO - [2025-03-16T20:36:06.428+0000] {dagbag.py:545} INFO - Filling up the DagBag from /home/airflow/.local/lib/python3.12/site-packages/airflow/example_dags/example_latest_only_with_trigger.py
[2025-03-16T20:36:06.431+0000] {processor.py:840} INFO - DAG(s) 'latest_only_with_trigger' retrieved from /home/airflow/.local/lib/python3.12/site-packages/airflow/example_dags/example_latest_only_with_trigger.py
[2025-03-16T20:36:06.440+0000] {logging_mixin.py:188} INFO - [2025-03-16T20:36:06.440+0000] {dag.py:3089} INFO - Sync 1 DAGs
[2025-03-16T20:36:06.449+0000] {logging_mixin.py:188} INFO - [2025-03-16T20:36:06.449+0000] {dag.py:3947} INFO - Setting next_dagrun for latest_only_with_trigger to 2025-03-16 16:00:00+00:00, run_after=2025-03-16 20:00:00+00:00
[2025-03-16T20:36:06.462+0000] {processor.py:183} INFO - Processing /home/airflow/.local/lib/python3.12/site-packages/airflow/example_dags/example_latest_only_with_trigger.py took 0.038 seconds
[2025-03-16T20:36:38.907+0000] {processor.py:161} INFO - Started process (PID=1066) to work on /home/airflow/.local/lib/python3.12/site-packages/airflow/example_dags/example_latest_only_with_trigger.py
[2025-03-16T20:36:38.909+0000] {processor.py:830} INFO - Processing file /home/airflow/.local/lib/python3.12/site-packages/airflow/example_dags/example_latest_only_with_trigger.py for tasks to queue
[2025-03-16T20:36:38.909+0000] {logging_mixin.py:188} INFO - [2025-03-16T20:36:38.909+0000] {dagbag.py:545} INFO - Filling up the DagBag from /home/airflow/.local/lib/python3.12/site-packages/airflow/example_dags/example_latest_only_with_trigger.py
[2025-03-16T20:36:38.913+0000] {processor.py:840} INFO - DAG(s) 'latest_only_with_trigger' retrieved from /home/airflow/.local/lib/python3.12/site-packages/airflow/example_dags/example_latest_only_with_trigger.py
[2025-03-16T20:36:38.925+0000] {logging_mixin.py:188} INFO - [2025-03-16T20:36:38.925+0000] {dag.py:3089} INFO - Sync 1 DAGs
[2025-03-16T20:36:38.934+0000] {logging_mixin.py:188} INFO - [2025-03-16T20:36:38.934+0000] {dag.py:3947} INFO - Setting next_dagrun for latest_only_with_trigger to 2025-03-16 16:00:00+00:00, run_after=2025-03-16 20:00:00+00:00
[2025-03-16T20:36:38.942+0000] {processor.py:183} INFO - Processing /home/airflow/.local/lib/python3.12/site-packages/airflow/example_dags/example_latest_only_with_trigger.py took 0.037 seconds
[2025-03-16T20:37:11.375+0000] {processor.py:161} INFO - Started process (PID=1137) to work on /home/airflow/.local/lib/python3.12/site-packages/airflow/example_dags/example_latest_only_with_trigger.py
[2025-03-16T20:37:11.376+0000] {processor.py:830} INFO - Processing file /home/airflow/.local/lib/python3.12/site-packages/airflow/example_dags/example_latest_only_with_trigger.py for tasks to queue
[2025-03-16T20:37:11.377+0000] {logging_mixin.py:188} INFO - [2025-03-16T20:37:11.377+0000] {dagbag.py:545} INFO - Filling up the DagBag from /home/airflow/.local/lib/python3.12/site-packages/airflow/example_dags/example_latest_only_with_trigger.py
[2025-03-16T20:37:11.381+0000] {processor.py:840} INFO - DAG(s) 'latest_only_with_trigger' retrieved from /home/airflow/.local/lib/python3.12/site-packages/airflow/example_dags/example_latest_only_with_trigger.py
[2025-03-16T20:37:11.392+0000] {logging_mixin.py:188} INFO - [2025-03-16T20:37:11.391+0000] {dag.py:3089} INFO - Sync 1 DAGs
[2025-03-16T20:37:11.400+0000] {logging_mixin.py:188} INFO - [2025-03-16T20:37:11.400+0000] {dag.py:3947} INFO - Setting next_dagrun for latest_only_with_trigger to 2025-03-16 16:00:00+00:00, run_after=2025-03-16 20:00:00+00:00
[2025-03-16T20:37:11.408+0000] {processor.py:183} INFO - Processing /home/airflow/.local/lib/python3.12/site-packages/airflow/example_dags/example_latest_only_with_trigger.py took 0.036 seconds
[2025-03-16T20:37:43.844+0000] {processor.py:161} INFO - Started process (PID=1209) to work on /home/airflow/.local/lib/python3.12/site-packages/airflow/example_dags/example_latest_only_with_trigger.py
[2025-03-16T20:37:43.846+0000] {processor.py:830} INFO - Processing file /home/airflow/.local/lib/python3.12/site-packages/airflow/example_dags/example_latest_only_with_trigger.py for tasks to queue
[2025-03-16T20:37:43.847+0000] {logging_mixin.py:188} INFO - [2025-03-16T20:37:43.847+0000] {dagbag.py:545} INFO - Filling up the DagBag from /home/airflow/.local/lib/python3.12/site-packages/airflow/example_dags/example_latest_only_with_trigger.py
[2025-03-16T20:37:43.850+0000] {processor.py:840} INFO - DAG(s) 'latest_only_with_trigger' retrieved from /home/airflow/.local/lib/python3.12/site-packages/airflow/example_dags/example_latest_only_with_trigger.py
[2025-03-16T20:37:43.860+0000] {logging_mixin.py:188} INFO - [2025-03-16T20:37:43.860+0000] {dag.py:3089} INFO - Sync 1 DAGs
[2025-03-16T20:37:43.869+0000] {logging_mixin.py:188} INFO - [2025-03-16T20:37:43.869+0000] {dag.py:3947} INFO - Setting next_dagrun for latest_only_with_trigger to 2025-03-16 16:00:00+00:00, run_after=2025-03-16 20:00:00+00:00
[2025-03-16T20:37:43.877+0000] {processor.py:183} INFO - Processing /home/airflow/.local/lib/python3.12/site-packages/airflow/example_dags/example_latest_only_with_trigger.py took 0.035 seconds
[2025-03-16T20:38:16.343+0000] {processor.py:161} INFO - Started process (PID=1281) to work on /home/airflow/.local/lib/python3.12/site-packages/airflow/example_dags/example_latest_only_with_trigger.py
[2025-03-16T20:38:16.345+0000] {processor.py:830} INFO - Processing file /home/airflow/.local/lib/python3.12/site-packages/airflow/example_dags/example_latest_only_with_trigger.py for tasks to queue
[2025-03-16T20:38:16.345+0000] {logging_mixin.py:188} INFO - [2025-03-16T20:38:16.345+0000] {dagbag.py:545} INFO - Filling up the DagBag from /home/airflow/.local/lib/python3.12/site-packages/airflow/example_dags/example_latest_only_with_trigger.py
[2025-03-16T20:38:16.349+0000] {processor.py:840} INFO - DAG(s) 'latest_only_with_trigger' retrieved from /home/airflow/.local/lib/python3.12/site-packages/airflow/example_dags/example_latest_only_with_trigger.py
[2025-03-16T20:38:16.359+0000] {logging_mixin.py:188} INFO - [2025-03-16T20:38:16.359+0000] {dag.py:3089} INFO - Sync 1 DAGs
[2025-03-16T20:38:16.368+0000] {logging_mixin.py:188} INFO - [2025-03-16T20:38:16.368+0000] {dag.py:3947} INFO - Setting next_dagrun for latest_only_with_trigger to 2025-03-16 16:00:00+00:00, run_after=2025-03-16 20:00:00+00:00
[2025-03-16T20:38:16.375+0000] {processor.py:183} INFO - Processing /home/airflow/.local/lib/python3.12/site-packages/airflow/example_dags/example_latest_only_with_trigger.py took 0.035 seconds
[2025-03-16T20:38:48.831+0000] {processor.py:161} INFO - Started process (PID=1353) to work on /home/airflow/.local/lib/python3.12/site-packages/airflow/example_dags/example_latest_only_with_trigger.py
[2025-03-16T20:38:48.832+0000] {processor.py:830} INFO - Processing file /home/airflow/.local/lib/python3.12/site-packages/airflow/example_dags/example_latest_only_with_trigger.py for tasks to queue
[2025-03-16T20:38:48.833+0000] {logging_mixin.py:188} INFO - [2025-03-16T20:38:48.833+0000] {dagbag.py:545} INFO - Filling up the DagBag from /home/airflow/.local/lib/python3.12/site-packages/airflow/example_dags/example_latest_only_with_trigger.py
[2025-03-16T20:38:48.835+0000] {processor.py:840} INFO - DAG(s) 'latest_only_with_trigger' retrieved from /home/airflow/.local/lib/python3.12/site-packages/airflow/example_dags/example_latest_only_with_trigger.py
[2025-03-16T20:38:48.844+0000] {logging_mixin.py:188} INFO - [2025-03-16T20:38:48.844+0000] {dag.py:3089} INFO - Sync 1 DAGs
[2025-03-16T20:38:48.856+0000] {logging_mixin.py:188} INFO - [2025-03-16T20:38:48.856+0000] {dag.py:3947} INFO - Setting next_dagrun for latest_only_with_trigger to 2025-03-16 16:00:00+00:00, run_after=2025-03-16 20:00:00+00:00
[2025-03-16T20:38:48.864+0000] {processor.py:183} INFO - Processing /home/airflow/.local/lib/python3.12/site-packages/airflow/example_dags/example_latest_only_with_trigger.py took 0.036 seconds
[2025-03-16T20:39:21.330+0000] {processor.py:161} INFO - Started process (PID=1425) to work on /home/airflow/.local/lib/python3.12/site-packages/airflow/example_dags/example_latest_only_with_trigger.py
[2025-03-16T20:39:21.331+0000] {processor.py:830} INFO - Processing file /home/airflow/.local/lib/python3.12/site-packages/airflow/example_dags/example_latest_only_with_trigger.py for tasks to queue
[2025-03-16T20:39:21.333+0000] {logging_mixin.py:188} INFO - [2025-03-16T20:39:21.333+0000] {dagbag.py:545} INFO - Filling up the DagBag from /home/airflow/.local/lib/python3.12/site-packages/airflow/example_dags/example_latest_only_with_trigger.py
[2025-03-16T20:39:21.335+0000] {processor.py:840} INFO - DAG(s) 'latest_only_with_trigger' retrieved from /home/airflow/.local/lib/python3.12/site-packages/airflow/example_dags/example_latest_only_with_trigger.py
[2025-03-16T20:39:21.349+0000] {logging_mixin.py:188} INFO - [2025-03-16T20:39:21.349+0000] {dag.py:3089} INFO - Sync 1 DAGs
[2025-03-16T20:39:21.360+0000] {logging_mixin.py:188} INFO - [2025-03-16T20:39:21.360+0000] {dag.py:3947} INFO - Setting next_dagrun for latest_only_with_trigger to 2025-03-16 16:00:00+00:00, run_after=2025-03-16 20:00:00+00:00
[2025-03-16T20:39:21.370+0000] {processor.py:183} INFO - Processing /home/airflow/.local/lib/python3.12/site-packages/airflow/example_dags/example_latest_only_with_trigger.py took 0.043 seconds
[2025-03-16T20:39:53.839+0000] {processor.py:161} INFO - Started process (PID=1497) to work on /home/airflow/.local/lib/python3.12/site-packages/airflow/example_dags/example_latest_only_with_trigger.py
[2025-03-16T20:39:53.840+0000] {processor.py:830} INFO - Processing file /home/airflow/.local/lib/python3.12/site-packages/airflow/example_dags/example_latest_only_with_trigger.py for tasks to queue
[2025-03-16T20:39:53.841+0000] {logging_mixin.py:188} INFO - [2025-03-16T20:39:53.840+0000] {dagbag.py:545} INFO - Filling up the DagBag from /home/airflow/.local/lib/python3.12/site-packages/airflow/example_dags/example_latest_only_with_trigger.py
[2025-03-16T20:39:53.844+0000] {processor.py:840} INFO - DAG(s) 'latest_only_with_trigger' retrieved from /home/airflow/.local/lib/python3.12/site-packages/airflow/example_dags/example_latest_only_with_trigger.py
[2025-03-16T20:39:53.852+0000] {logging_mixin.py:188} INFO - [2025-03-16T20:39:53.852+0000] {dag.py:3089} INFO - Sync 1 DAGs
[2025-03-16T20:39:53.860+0000] {logging_mixin.py:188} INFO - [2025-03-16T20:39:53.860+0000] {dag.py:3947} INFO - Setting next_dagrun for latest_only_with_trigger to 2025-03-16 16:00:00+00:00, run_after=2025-03-16 20:00:00+00:00
[2025-03-16T20:39:53.868+0000] {processor.py:183} INFO - Processing /home/airflow/.local/lib/python3.12/site-packages/airflow/example_dags/example_latest_only_with_trigger.py took 0.032 seconds
[2025-03-16T20:40:26.214+0000] {processor.py:161} INFO - Started process (PID=1569) to work on /home/airflow/.local/lib/python3.12/site-packages/airflow/example_dags/example_latest_only_with_trigger.py
[2025-03-16T20:40:26.215+0000] {processor.py:830} INFO - Processing file /home/airflow/.local/lib/python3.12/site-packages/airflow/example_dags/example_latest_only_with_trigger.py for tasks to queue
[2025-03-16T20:40:26.217+0000] {logging_mixin.py:188} INFO - [2025-03-16T20:40:26.217+0000] {dagbag.py:545} INFO - Filling up the DagBag from /home/airflow/.local/lib/python3.12/site-packages/airflow/example_dags/example_latest_only_with_trigger.py
[2025-03-16T20:40:26.220+0000] {processor.py:840} INFO - DAG(s) 'latest_only_with_trigger' retrieved from /home/airflow/.local/lib/python3.12/site-packages/airflow/example_dags/example_latest_only_with_trigger.py
[2025-03-16T20:40:26.237+0000] {logging_mixin.py:188} INFO - [2025-03-16T20:40:26.236+0000] {dag.py:3089} INFO - Sync 1 DAGs
[2025-03-16T20:40:26.245+0000] {logging_mixin.py:188} INFO - [2025-03-16T20:40:26.245+0000] {dag.py:3947} INFO - Setting next_dagrun for latest_only_with_trigger to 2025-03-16 16:00:00+00:00, run_after=2025-03-16 20:00:00+00:00
[2025-03-16T20:40:26.253+0000] {processor.py:183} INFO - Processing /home/airflow/.local/lib/python3.12/site-packages/airflow/example_dags/example_latest_only_with_trigger.py took 0.041 seconds
[2025-03-16T20:40:58.742+0000] {processor.py:161} INFO - Started process (PID=1641) to work on /home/airflow/.local/lib/python3.12/site-packages/airflow/example_dags/example_latest_only_with_trigger.py
[2025-03-16T20:40:58.743+0000] {processor.py:830} INFO - Processing file /home/airflow/.local/lib/python3.12/site-packages/airflow/example_dags/example_latest_only_with_trigger.py for tasks to queue
[2025-03-16T20:40:58.744+0000] {logging_mixin.py:188} INFO - [2025-03-16T20:40:58.744+0000] {dagbag.py:545} INFO - Filling up the DagBag from /home/airflow/.local/lib/python3.12/site-packages/airflow/example_dags/example_latest_only_with_trigger.py
[2025-03-16T20:40:58.747+0000] {processor.py:840} INFO - DAG(s) 'latest_only_with_trigger' retrieved from /home/airflow/.local/lib/python3.12/site-packages/airflow/example_dags/example_latest_only_with_trigger.py
[2025-03-16T20:40:58.758+0000] {logging_mixin.py:188} INFO - [2025-03-16T20:40:58.758+0000] {dag.py:3089} INFO - Sync 1 DAGs
[2025-03-16T20:40:58.768+0000] {logging_mixin.py:188} INFO - [2025-03-16T20:40:58.768+0000] {dag.py:3947} INFO - Setting next_dagrun for latest_only_with_trigger to 2025-03-16 16:00:00+00:00, run_after=2025-03-16 20:00:00+00:00
[2025-03-16T20:40:58.775+0000] {processor.py:183} INFO - Processing /home/airflow/.local/lib/python3.12/site-packages/airflow/example_dags/example_latest_only_with_trigger.py took 0.036 seconds
[2025-03-16T20:41:31.230+0000] {processor.py:161} INFO - Started process (PID=1713) to work on /home/airflow/.local/lib/python3.12/site-packages/airflow/example_dags/example_latest_only_with_trigger.py
[2025-03-16T20:41:31.231+0000] {processor.py:830} INFO - Processing file /home/airflow/.local/lib/python3.12/site-packages/airflow/example_dags/example_latest_only_with_trigger.py for tasks to queue
[2025-03-16T20:41:31.232+0000] {logging_mixin.py:188} INFO - [2025-03-16T20:41:31.232+0000] {dagbag.py:545} INFO - Filling up the DagBag from /home/airflow/.local/lib/python3.12/site-packages/airflow/example_dags/example_latest_only_with_trigger.py
[2025-03-16T20:41:31.234+0000] {processor.py:840} INFO - DAG(s) 'latest_only_with_trigger' retrieved from /home/airflow/.local/lib/python3.12/site-packages/airflow/example_dags/example_latest_only_with_trigger.py
[2025-03-16T20:41:31.245+0000] {logging_mixin.py:188} INFO - [2025-03-16T20:41:31.245+0000] {dag.py:3089} INFO - Sync 1 DAGs
[2025-03-16T20:41:31.257+0000] {logging_mixin.py:188} INFO - [2025-03-16T20:41:31.257+0000] {dag.py:3947} INFO - Setting next_dagrun for latest_only_with_trigger to 2025-03-16 16:00:00+00:00, run_after=2025-03-16 20:00:00+00:00
[2025-03-16T20:41:31.266+0000] {processor.py:183} INFO - Processing /home/airflow/.local/lib/python3.12/site-packages/airflow/example_dags/example_latest_only_with_trigger.py took 0.039 seconds
[2025-03-16T20:42:03.812+0000] {processor.py:161} INFO - Started process (PID=1785) to work on /home/airflow/.local/lib/python3.12/site-packages/airflow/example_dags/example_latest_only_with_trigger.py
[2025-03-16T20:42:03.812+0000] {processor.py:830} INFO - Processing file /home/airflow/.local/lib/python3.12/site-packages/airflow/example_dags/example_latest_only_with_trigger.py for tasks to queue
[2025-03-16T20:42:03.814+0000] {logging_mixin.py:188} INFO - [2025-03-16T20:42:03.814+0000] {dagbag.py:545} INFO - Filling up the DagBag from /home/airflow/.local/lib/python3.12/site-packages/airflow/example_dags/example_latest_only_with_trigger.py
[2025-03-16T20:42:03.818+0000] {processor.py:840} INFO - DAG(s) 'latest_only_with_trigger' retrieved from /home/airflow/.local/lib/python3.12/site-packages/airflow/example_dags/example_latest_only_with_trigger.py
[2025-03-16T20:42:03.832+0000] {logging_mixin.py:188} INFO - [2025-03-16T20:42:03.832+0000] {dag.py:3089} INFO - Sync 1 DAGs
[2025-03-16T20:42:03.844+0000] {logging_mixin.py:188} INFO - [2025-03-16T20:42:03.844+0000] {dag.py:3947} INFO - Setting next_dagrun for latest_only_with_trigger to 2025-03-16 16:00:00+00:00, run_after=2025-03-16 20:00:00+00:00
[2025-03-16T20:42:03.863+0000] {processor.py:183} INFO - Processing /home/airflow/.local/lib/python3.12/site-packages/airflow/example_dags/example_latest_only_with_trigger.py took 0.054 seconds
[2025-03-16T20:42:36.655+0000] {processor.py:161} INFO - Started process (PID=1861) to work on /home/airflow/.local/lib/python3.12/site-packages/airflow/example_dags/example_latest_only_with_trigger.py
[2025-03-16T20:42:36.656+0000] {processor.py:830} INFO - Processing file /home/airflow/.local/lib/python3.12/site-packages/airflow/example_dags/example_latest_only_with_trigger.py for tasks to queue
[2025-03-16T20:42:36.657+0000] {logging_mixin.py:188} INFO - [2025-03-16T20:42:36.657+0000] {dagbag.py:545} INFO - Filling up the DagBag from /home/airflow/.local/lib/python3.12/site-packages/airflow/example_dags/example_latest_only_with_trigger.py
[2025-03-16T20:42:36.661+0000] {processor.py:840} INFO - DAG(s) 'latest_only_with_trigger' retrieved from /home/airflow/.local/lib/python3.12/site-packages/airflow/example_dags/example_latest_only_with_trigger.py
[2025-03-16T20:42:36.671+0000] {logging_mixin.py:188} INFO - [2025-03-16T20:42:36.671+0000] {dag.py:3089} INFO - Sync 1 DAGs
[2025-03-16T20:42:36.683+0000] {logging_mixin.py:188} INFO - [2025-03-16T20:42:36.683+0000] {dag.py:3947} INFO - Setting next_dagrun for latest_only_with_trigger to 2025-03-16 16:00:00+00:00, run_after=2025-03-16 20:00:00+00:00
[2025-03-16T20:42:36.690+0000] {processor.py:183} INFO - Processing /home/airflow/.local/lib/python3.12/site-packages/airflow/example_dags/example_latest_only_with_trigger.py took 0.038 seconds
[2025-03-16T20:43:09.200+0000] {processor.py:161} INFO - Started process (PID=1933) to work on /home/airflow/.local/lib/python3.12/site-packages/airflow/example_dags/example_latest_only_with_trigger.py
[2025-03-16T20:43:09.201+0000] {processor.py:830} INFO - Processing file /home/airflow/.local/lib/python3.12/site-packages/airflow/example_dags/example_latest_only_with_trigger.py for tasks to queue
[2025-03-16T20:43:09.202+0000] {logging_mixin.py:188} INFO - [2025-03-16T20:43:09.201+0000] {dagbag.py:545} INFO - Filling up the DagBag from /home/airflow/.local/lib/python3.12/site-packages/airflow/example_dags/example_latest_only_with_trigger.py
[2025-03-16T20:43:09.204+0000] {processor.py:840} INFO - DAG(s) 'latest_only_with_trigger' retrieved from /home/airflow/.local/lib/python3.12/site-packages/airflow/example_dags/example_latest_only_with_trigger.py
[2025-03-16T20:43:09.214+0000] {logging_mixin.py:188} INFO - [2025-03-16T20:43:09.214+0000] {dag.py:3089} INFO - Sync 1 DAGs
[2025-03-16T20:43:09.222+0000] {logging_mixin.py:188} INFO - [2025-03-16T20:43:09.222+0000] {dag.py:3947} INFO - Setting next_dagrun for latest_only_with_trigger to 2025-03-16 16:00:00+00:00, run_after=2025-03-16 20:00:00+00:00
[2025-03-16T20:43:09.230+0000] {processor.py:183} INFO - Processing /home/airflow/.local/lib/python3.12/site-packages/airflow/example_dags/example_latest_only_with_trigger.py took 0.032 seconds
[2025-03-16T20:43:41.605+0000] {processor.py:161} INFO - Started process (PID=2005) to work on /home/airflow/.local/lib/python3.12/site-packages/airflow/example_dags/example_latest_only_with_trigger.py
[2025-03-16T20:43:41.607+0000] {processor.py:830} INFO - Processing file /home/airflow/.local/lib/python3.12/site-packages/airflow/example_dags/example_latest_only_with_trigger.py for tasks to queue
[2025-03-16T20:43:41.608+0000] {logging_mixin.py:188} INFO - [2025-03-16T20:43:41.608+0000] {dagbag.py:545} INFO - Filling up the DagBag from /home/airflow/.local/lib/python3.12/site-packages/airflow/example_dags/example_latest_only_with_trigger.py
[2025-03-16T20:43:41.610+0000] {processor.py:840} INFO - DAG(s) 'latest_only_with_trigger' retrieved from /home/airflow/.local/lib/python3.12/site-packages/airflow/example_dags/example_latest_only_with_trigger.py
[2025-03-16T20:43:41.619+0000] {logging_mixin.py:188} INFO - [2025-03-16T20:43:41.619+0000] {dag.py:3089} INFO - Sync 1 DAGs
[2025-03-16T20:43:41.628+0000] {logging_mixin.py:188} INFO - [2025-03-16T20:43:41.628+0000] {dag.py:3947} INFO - Setting next_dagrun for latest_only_with_trigger to 2025-03-16 16:00:00+00:00, run_after=2025-03-16 20:00:00+00:00
[2025-03-16T20:43:41.637+0000] {processor.py:183} INFO - Processing /home/airflow/.local/lib/python3.12/site-packages/airflow/example_dags/example_latest_only_with_trigger.py took 0.034 seconds
[2025-03-16T20:44:13.966+0000] {processor.py:161} INFO - Started process (PID=2077) to work on /home/airflow/.local/lib/python3.12/site-packages/airflow/example_dags/example_latest_only_with_trigger.py
[2025-03-16T20:44:13.966+0000] {processor.py:830} INFO - Processing file /home/airflow/.local/lib/python3.12/site-packages/airflow/example_dags/example_latest_only_with_trigger.py for tasks to queue
[2025-03-16T20:44:13.969+0000] {logging_mixin.py:188} INFO - [2025-03-16T20:44:13.968+0000] {dagbag.py:545} INFO - Filling up the DagBag from /home/airflow/.local/lib/python3.12/site-packages/airflow/example_dags/example_latest_only_with_trigger.py
[2025-03-16T20:44:13.971+0000] {processor.py:840} INFO - DAG(s) 'latest_only_with_trigger' retrieved from /home/airflow/.local/lib/python3.12/site-packages/airflow/example_dags/example_latest_only_with_trigger.py
[2025-03-16T20:44:13.982+0000] {logging_mixin.py:188} INFO - [2025-03-16T20:44:13.982+0000] {dag.py:3089} INFO - Sync 1 DAGs
[2025-03-16T20:44:13.991+0000] {logging_mixin.py:188} INFO - [2025-03-16T20:44:13.991+0000] {dag.py:3947} INFO - Setting next_dagrun for latest_only_with_trigger to 2025-03-16 16:00:00+00:00, run_after=2025-03-16 20:00:00+00:00
[2025-03-16T20:44:13.997+0000] {processor.py:183} INFO - Processing /home/airflow/.local/lib/python3.12/site-packages/airflow/example_dags/example_latest_only_with_trigger.py took 0.034 seconds
[2025-03-16T20:44:46.396+0000] {processor.py:161} INFO - Started process (PID=2149) to work on /home/airflow/.local/lib/python3.12/site-packages/airflow/example_dags/example_latest_only_with_trigger.py
[2025-03-16T20:44:46.397+0000] {processor.py:830} INFO - Processing file /home/airflow/.local/lib/python3.12/site-packages/airflow/example_dags/example_latest_only_with_trigger.py for tasks to queue
[2025-03-16T20:44:46.398+0000] {logging_mixin.py:188} INFO - [2025-03-16T20:44:46.398+0000] {dagbag.py:545} INFO - Filling up the DagBag from /home/airflow/.local/lib/python3.12/site-packages/airflow/example_dags/example_latest_only_with_trigger.py
[2025-03-16T20:44:46.401+0000] {processor.py:840} INFO - DAG(s) 'latest_only_with_trigger' retrieved from /home/airflow/.local/lib/python3.12/site-packages/airflow/example_dags/example_latest_only_with_trigger.py
[2025-03-16T20:44:46.412+0000] {logging_mixin.py:188} INFO - [2025-03-16T20:44:46.412+0000] {dag.py:3089} INFO - Sync 1 DAGs
[2025-03-16T20:44:46.425+0000] {logging_mixin.py:188} INFO - [2025-03-16T20:44:46.424+0000] {dag.py:3947} INFO - Setting next_dagrun for latest_only_with_trigger to 2025-03-16 16:00:00+00:00, run_after=2025-03-16 20:00:00+00:00
[2025-03-16T20:44:46.434+0000] {processor.py:183} INFO - Processing /home/airflow/.local/lib/python3.12/site-packages/airflow/example_dags/example_latest_only_with_trigger.py took 0.041 seconds
[2025-03-16T20:45:18.772+0000] {processor.py:161} INFO - Started process (PID=2220) to work on /home/airflow/.local/lib/python3.12/site-packages/airflow/example_dags/example_latest_only_with_trigger.py
[2025-03-16T20:45:18.773+0000] {processor.py:830} INFO - Processing file /home/airflow/.local/lib/python3.12/site-packages/airflow/example_dags/example_latest_only_with_trigger.py for tasks to queue
[2025-03-16T20:45:18.774+0000] {logging_mixin.py:188} INFO - [2025-03-16T20:45:18.774+0000] {dagbag.py:545} INFO - Filling up the DagBag from /home/airflow/.local/lib/python3.12/site-packages/airflow/example_dags/example_latest_only_with_trigger.py
[2025-03-16T20:45:18.777+0000] {processor.py:840} INFO - DAG(s) 'latest_only_with_trigger' retrieved from /home/airflow/.local/lib/python3.12/site-packages/airflow/example_dags/example_latest_only_with_trigger.py
[2025-03-16T20:45:18.787+0000] {logging_mixin.py:188} INFO - [2025-03-16T20:45:18.787+0000] {dag.py:3089} INFO - Sync 1 DAGs
[2025-03-16T20:45:18.796+0000] {logging_mixin.py:188} INFO - [2025-03-16T20:45:18.796+0000] {dag.py:3947} INFO - Setting next_dagrun for latest_only_with_trigger to 2025-03-16 16:00:00+00:00, run_after=2025-03-16 20:00:00+00:00
[2025-03-16T20:45:18.808+0000] {processor.py:183} INFO - Processing /home/airflow/.local/lib/python3.12/site-packages/airflow/example_dags/example_latest_only_with_trigger.py took 0.039 seconds
[2025-03-16T20:45:51.092+0000] {processor.py:161} INFO - Started process (PID=2292) to work on /home/airflow/.local/lib/python3.12/site-packages/airflow/example_dags/example_latest_only_with_trigger.py
[2025-03-16T20:45:51.092+0000] {processor.py:830} INFO - Processing file /home/airflow/.local/lib/python3.12/site-packages/airflow/example_dags/example_latest_only_with_trigger.py for tasks to queue
[2025-03-16T20:45:51.094+0000] {logging_mixin.py:188} INFO - [2025-03-16T20:45:51.094+0000] {dagbag.py:545} INFO - Filling up the DagBag from /home/airflow/.local/lib/python3.12/site-packages/airflow/example_dags/example_latest_only_with_trigger.py
[2025-03-16T20:45:51.097+0000] {processor.py:840} INFO - DAG(s) 'latest_only_with_trigger' retrieved from /home/airflow/.local/lib/python3.12/site-packages/airflow/example_dags/example_latest_only_with_trigger.py
[2025-03-16T20:45:51.105+0000] {logging_mixin.py:188} INFO - [2025-03-16T20:45:51.105+0000] {dag.py:3089} INFO - Sync 1 DAGs
[2025-03-16T20:45:51.116+0000] {logging_mixin.py:188} INFO - [2025-03-16T20:45:51.116+0000] {dag.py:3947} INFO - Setting next_dagrun for latest_only_with_trigger to 2025-03-16 16:00:00+00:00, run_after=2025-03-16 20:00:00+00:00
[2025-03-16T20:45:51.126+0000] {processor.py:183} INFO - Processing /home/airflow/.local/lib/python3.12/site-packages/airflow/example_dags/example_latest_only_with_trigger.py took 0.037 seconds
[2025-03-16T20:46:23.372+0000] {processor.py:161} INFO - Started process (PID=2364) to work on /home/airflow/.local/lib/python3.12/site-packages/airflow/example_dags/example_latest_only_with_trigger.py
[2025-03-16T20:46:23.373+0000] {processor.py:830} INFO - Processing file /home/airflow/.local/lib/python3.12/site-packages/airflow/example_dags/example_latest_only_with_trigger.py for tasks to queue
[2025-03-16T20:46:23.373+0000] {logging_mixin.py:188} INFO - [2025-03-16T20:46:23.373+0000] {dagbag.py:545} INFO - Filling up the DagBag from /home/airflow/.local/lib/python3.12/site-packages/airflow/example_dags/example_latest_only_with_trigger.py
[2025-03-16T20:46:23.376+0000] {processor.py:840} INFO - DAG(s) 'latest_only_with_trigger' retrieved from /home/airflow/.local/lib/python3.12/site-packages/airflow/example_dags/example_latest_only_with_trigger.py
[2025-03-16T20:46:23.383+0000] {logging_mixin.py:188} INFO - [2025-03-16T20:46:23.383+0000] {dag.py:3089} INFO - Sync 1 DAGs
[2025-03-16T20:46:23.391+0000] {logging_mixin.py:188} INFO - [2025-03-16T20:46:23.391+0000] {dag.py:3947} INFO - Setting next_dagrun for latest_only_with_trigger to 2025-03-16 16:00:00+00:00, run_after=2025-03-16 20:00:00+00:00
[2025-03-16T20:46:23.397+0000] {processor.py:183} INFO - Processing /home/airflow/.local/lib/python3.12/site-packages/airflow/example_dags/example_latest_only_with_trigger.py took 0.027 seconds
[2025-03-16T20:46:55.840+0000] {processor.py:161} INFO - Started process (PID=2436) to work on /home/airflow/.local/lib/python3.12/site-packages/airflow/example_dags/example_latest_only_with_trigger.py
[2025-03-16T20:46:55.840+0000] {processor.py:830} INFO - Processing file /home/airflow/.local/lib/python3.12/site-packages/airflow/example_dags/example_latest_only_with_trigger.py for tasks to queue
[2025-03-16T20:46:55.841+0000] {logging_mixin.py:188} INFO - [2025-03-16T20:46:55.841+0000] {dagbag.py:545} INFO - Filling up the DagBag from /home/airflow/.local/lib/python3.12/site-packages/airflow/example_dags/example_latest_only_with_trigger.py
[2025-03-16T20:46:55.843+0000] {processor.py:840} INFO - DAG(s) 'latest_only_with_trigger' retrieved from /home/airflow/.local/lib/python3.12/site-packages/airflow/example_dags/example_latest_only_with_trigger.py
[2025-03-16T20:46:55.851+0000] {logging_mixin.py:188} INFO - [2025-03-16T20:46:55.851+0000] {dag.py:3089} INFO - Sync 1 DAGs
[2025-03-16T20:46:55.859+0000] {logging_mixin.py:188} INFO - [2025-03-16T20:46:55.859+0000] {dag.py:3947} INFO - Setting next_dagrun for latest_only_with_trigger to 2025-03-16 16:00:00+00:00, run_after=2025-03-16 20:00:00+00:00
[2025-03-16T20:46:55.865+0000] {processor.py:183} INFO - Processing /home/airflow/.local/lib/python3.12/site-packages/airflow/example_dags/example_latest_only_with_trigger.py took 0.028 seconds
[2025-03-16T20:47:28.302+0000] {processor.py:161} INFO - Started process (PID=2508) to work on /home/airflow/.local/lib/python3.12/site-packages/airflow/example_dags/example_latest_only_with_trigger.py
[2025-03-16T20:47:28.302+0000] {processor.py:830} INFO - Processing file /home/airflow/.local/lib/python3.12/site-packages/airflow/example_dags/example_latest_only_with_trigger.py for tasks to queue
[2025-03-16T20:47:28.304+0000] {logging_mixin.py:188} INFO - [2025-03-16T20:47:28.304+0000] {dagbag.py:545} INFO - Filling up the DagBag from /home/airflow/.local/lib/python3.12/site-packages/airflow/example_dags/example_latest_only_with_trigger.py
[2025-03-16T20:47:28.307+0000] {processor.py:840} INFO - DAG(s) 'latest_only_with_trigger' retrieved from /home/airflow/.local/lib/python3.12/site-packages/airflow/example_dags/example_latest_only_with_trigger.py
[2025-03-16T20:47:28.318+0000] {logging_mixin.py:188} INFO - [2025-03-16T20:47:28.318+0000] {dag.py:3089} INFO - Sync 1 DAGs
[2025-03-16T20:47:28.327+0000] {logging_mixin.py:188} INFO - [2025-03-16T20:47:28.327+0000] {dag.py:3947} INFO - Setting next_dagrun for latest_only_with_trigger to 2025-03-16 16:00:00+00:00, run_after=2025-03-16 20:00:00+00:00
[2025-03-16T20:47:28.334+0000] {processor.py:183} INFO - Processing /home/airflow/.local/lib/python3.12/site-packages/airflow/example_dags/example_latest_only_with_trigger.py took 0.034 seconds
[2025-03-16T20:48:00.704+0000] {processor.py:161} INFO - Started process (PID=2580) to work on /home/airflow/.local/lib/python3.12/site-packages/airflow/example_dags/example_latest_only_with_trigger.py
[2025-03-16T20:48:00.704+0000] {processor.py:830} INFO - Processing file /home/airflow/.local/lib/python3.12/site-packages/airflow/example_dags/example_latest_only_with_trigger.py for tasks to queue
[2025-03-16T20:48:00.706+0000] {logging_mixin.py:188} INFO - [2025-03-16T20:48:00.706+0000] {dagbag.py:545} INFO - Filling up the DagBag from /home/airflow/.local/lib/python3.12/site-packages/airflow/example_dags/example_latest_only_with_trigger.py
[2025-03-16T20:48:00.709+0000] {processor.py:840} INFO - DAG(s) 'latest_only_with_trigger' retrieved from /home/airflow/.local/lib/python3.12/site-packages/airflow/example_dags/example_latest_only_with_trigger.py
[2025-03-16T20:48:00.717+0000] {logging_mixin.py:188} INFO - [2025-03-16T20:48:00.717+0000] {dag.py:3089} INFO - Sync 1 DAGs
[2025-03-16T20:48:00.727+0000] {logging_mixin.py:188} INFO - [2025-03-16T20:48:00.727+0000] {dag.py:3947} INFO - Setting next_dagrun for latest_only_with_trigger to 2025-03-16 16:00:00+00:00, run_after=2025-03-16 20:00:00+00:00
[2025-03-16T20:48:00.737+0000] {processor.py:183} INFO - Processing /home/airflow/.local/lib/python3.12/site-packages/airflow/example_dags/example_latest_only_with_trigger.py took 0.036 seconds
[2025-03-16T20:48:33.172+0000] {processor.py:161} INFO - Started process (PID=2652) to work on /home/airflow/.local/lib/python3.12/site-packages/airflow/example_dags/example_latest_only_with_trigger.py
[2025-03-16T20:48:33.175+0000] {processor.py:830} INFO - Processing file /home/airflow/.local/lib/python3.12/site-packages/airflow/example_dags/example_latest_only_with_trigger.py for tasks to queue
[2025-03-16T20:48:33.175+0000] {logging_mixin.py:188} INFO - [2025-03-16T20:48:33.175+0000] {dagbag.py:545} INFO - Filling up the DagBag from /home/airflow/.local/lib/python3.12/site-packages/airflow/example_dags/example_latest_only_with_trigger.py
[2025-03-16T20:48:33.178+0000] {processor.py:840} INFO - DAG(s) 'latest_only_with_trigger' retrieved from /home/airflow/.local/lib/python3.12/site-packages/airflow/example_dags/example_latest_only_with_trigger.py
[2025-03-16T20:48:33.187+0000] {logging_mixin.py:188} INFO - [2025-03-16T20:48:33.186+0000] {dag.py:3089} INFO - Sync 1 DAGs
[2025-03-16T20:48:33.195+0000] {logging_mixin.py:188} INFO - [2025-03-16T20:48:33.195+0000] {dag.py:3947} INFO - Setting next_dagrun for latest_only_with_trigger to 2025-03-16 16:00:00+00:00, run_after=2025-03-16 20:00:00+00:00
[2025-03-16T20:48:33.206+0000] {processor.py:183} INFO - Processing /home/airflow/.local/lib/python3.12/site-packages/airflow/example_dags/example_latest_only_with_trigger.py took 0.037 seconds
[2025-03-16T20:49:05.703+0000] {processor.py:161} INFO - Started process (PID=2729) to work on /home/airflow/.local/lib/python3.12/site-packages/airflow/example_dags/example_latest_only_with_trigger.py
[2025-03-16T20:49:05.705+0000] {processor.py:830} INFO - Processing file /home/airflow/.local/lib/python3.12/site-packages/airflow/example_dags/example_latest_only_with_trigger.py for tasks to queue
[2025-03-16T20:49:05.705+0000] {logging_mixin.py:188} INFO - [2025-03-16T20:49:05.705+0000] {dagbag.py:545} INFO - Filling up the DagBag from /home/airflow/.local/lib/python3.12/site-packages/airflow/example_dags/example_latest_only_with_trigger.py
[2025-03-16T20:49:05.708+0000] {processor.py:840} INFO - DAG(s) 'latest_only_with_trigger' retrieved from /home/airflow/.local/lib/python3.12/site-packages/airflow/example_dags/example_latest_only_with_trigger.py
[2025-03-16T20:49:05.723+0000] {logging_mixin.py:188} INFO - [2025-03-16T20:49:05.723+0000] {dag.py:3089} INFO - Sync 1 DAGs
[2025-03-16T20:49:05.732+0000] {logging_mixin.py:188} INFO - [2025-03-16T20:49:05.732+0000] {dag.py:3947} INFO - Setting next_dagrun for latest_only_with_trigger to 2025-03-16 16:00:00+00:00, run_after=2025-03-16 20:00:00+00:00
[2025-03-16T20:49:05.743+0000] {processor.py:183} INFO - Processing /home/airflow/.local/lib/python3.12/site-packages/airflow/example_dags/example_latest_only_with_trigger.py took 0.043 seconds
[2025-03-16T20:49:38.351+0000] {processor.py:161} INFO - Started process (PID=2801) to work on /home/airflow/.local/lib/python3.12/site-packages/airflow/example_dags/example_latest_only_with_trigger.py
[2025-03-16T20:49:38.351+0000] {processor.py:830} INFO - Processing file /home/airflow/.local/lib/python3.12/site-packages/airflow/example_dags/example_latest_only_with_trigger.py for tasks to queue
[2025-03-16T20:49:38.352+0000] {logging_mixin.py:188} INFO - [2025-03-16T20:49:38.352+0000] {dagbag.py:545} INFO - Filling up the DagBag from /home/airflow/.local/lib/python3.12/site-packages/airflow/example_dags/example_latest_only_with_trigger.py
[2025-03-16T20:49:38.355+0000] {processor.py:840} INFO - DAG(s) 'latest_only_with_trigger' retrieved from /home/airflow/.local/lib/python3.12/site-packages/airflow/example_dags/example_latest_only_with_trigger.py
[2025-03-16T20:49:38.364+0000] {logging_mixin.py:188} INFO - [2025-03-16T20:49:38.364+0000] {dag.py:3089} INFO - Sync 1 DAGs
[2025-03-16T20:49:38.372+0000] {logging_mixin.py:188} INFO - [2025-03-16T20:49:38.372+0000] {dag.py:3947} INFO - Setting next_dagrun for latest_only_with_trigger to 2025-03-16 16:00:00+00:00, run_after=2025-03-16 20:00:00+00:00
[2025-03-16T20:49:38.384+0000] {processor.py:183} INFO - Processing /home/airflow/.local/lib/python3.12/site-packages/airflow/example_dags/example_latest_only_with_trigger.py took 0.036 seconds
[2025-03-16T20:50:10.718+0000] {processor.py:161} INFO - Started process (PID=2873) to work on /home/airflow/.local/lib/python3.12/site-packages/airflow/example_dags/example_latest_only_with_trigger.py
[2025-03-16T20:50:10.719+0000] {processor.py:830} INFO - Processing file /home/airflow/.local/lib/python3.12/site-packages/airflow/example_dags/example_latest_only_with_trigger.py for tasks to queue
[2025-03-16T20:50:10.721+0000] {logging_mixin.py:188} INFO - [2025-03-16T20:50:10.720+0000] {dagbag.py:545} INFO - Filling up the DagBag from /home/airflow/.local/lib/python3.12/site-packages/airflow/example_dags/example_latest_only_with_trigger.py
[2025-03-16T20:50:10.724+0000] {processor.py:840} INFO - DAG(s) 'latest_only_with_trigger' retrieved from /home/airflow/.local/lib/python3.12/site-packages/airflow/example_dags/example_latest_only_with_trigger.py
[2025-03-16T20:50:10.735+0000] {logging_mixin.py:188} INFO - [2025-03-16T20:50:10.735+0000] {dag.py:3089} INFO - Sync 1 DAGs
[2025-03-16T20:50:10.744+0000] {logging_mixin.py:188} INFO - [2025-03-16T20:50:10.744+0000] {dag.py:3947} INFO - Setting next_dagrun for latest_only_with_trigger to 2025-03-16 16:00:00+00:00, run_after=2025-03-16 20:00:00+00:00
[2025-03-16T20:50:10.752+0000] {processor.py:183} INFO - Processing /home/airflow/.local/lib/python3.12/site-packages/airflow/example_dags/example_latest_only_with_trigger.py took 0.036 seconds
[2025-03-16T20:50:43.101+0000] {processor.py:161} INFO - Started process (PID=2945) to work on /home/airflow/.local/lib/python3.12/site-packages/airflow/example_dags/example_latest_only_with_trigger.py
[2025-03-16T20:50:43.102+0000] {processor.py:830} INFO - Processing file /home/airflow/.local/lib/python3.12/site-packages/airflow/example_dags/example_latest_only_with_trigger.py for tasks to queue
[2025-03-16T20:50:43.103+0000] {logging_mixin.py:188} INFO - [2025-03-16T20:50:43.103+0000] {dagbag.py:545} INFO - Filling up the DagBag from /home/airflow/.local/lib/python3.12/site-packages/airflow/example_dags/example_latest_only_with_trigger.py
[2025-03-16T20:50:43.106+0000] {processor.py:840} INFO - DAG(s) 'latest_only_with_trigger' retrieved from /home/airflow/.local/lib/python3.12/site-packages/airflow/example_dags/example_latest_only_with_trigger.py
[2025-03-16T20:50:43.115+0000] {logging_mixin.py:188} INFO - [2025-03-16T20:50:43.115+0000] {dag.py:3089} INFO - Sync 1 DAGs
[2025-03-16T20:50:43.124+0000] {logging_mixin.py:188} INFO - [2025-03-16T20:50:43.124+0000] {dag.py:3947} INFO - Setting next_dagrun for latest_only_with_trigger to 2025-03-16 16:00:00+00:00, run_after=2025-03-16 20:00:00+00:00
[2025-03-16T20:50:43.130+0000] {processor.py:183} INFO - Processing /home/airflow/.local/lib/python3.12/site-packages/airflow/example_dags/example_latest_only_with_trigger.py took 0.033 seconds
[2025-03-16T20:51:15.520+0000] {processor.py:161} INFO - Started process (PID=3017) to work on /home/airflow/.local/lib/python3.12/site-packages/airflow/example_dags/example_latest_only_with_trigger.py
[2025-03-16T20:51:15.520+0000] {processor.py:830} INFO - Processing file /home/airflow/.local/lib/python3.12/site-packages/airflow/example_dags/example_latest_only_with_trigger.py for tasks to queue
[2025-03-16T20:51:15.521+0000] {logging_mixin.py:188} INFO - [2025-03-16T20:51:15.521+0000] {dagbag.py:545} INFO - Filling up the DagBag from /home/airflow/.local/lib/python3.12/site-packages/airflow/example_dags/example_latest_only_with_trigger.py
[2025-03-16T20:51:15.524+0000] {processor.py:840} INFO - DAG(s) 'latest_only_with_trigger' retrieved from /home/airflow/.local/lib/python3.12/site-packages/airflow/example_dags/example_latest_only_with_trigger.py
[2025-03-16T20:51:15.535+0000] {logging_mixin.py:188} INFO - [2025-03-16T20:51:15.535+0000] {dag.py:3089} INFO - Sync 1 DAGs
[2025-03-16T20:51:15.544+0000] {logging_mixin.py:188} INFO - [2025-03-16T20:51:15.544+0000] {dag.py:3947} INFO - Setting next_dagrun for latest_only_with_trigger to 2025-03-16 16:00:00+00:00, run_after=2025-03-16 20:00:00+00:00
[2025-03-16T20:51:15.555+0000] {processor.py:183} INFO - Processing /home/airflow/.local/lib/python3.12/site-packages/airflow/example_dags/example_latest_only_with_trigger.py took 0.038 seconds
[2025-03-16T20:51:48.121+0000] {processor.py:161} INFO - Started process (PID=3089) to work on /home/airflow/.local/lib/python3.12/site-packages/airflow/example_dags/example_latest_only_with_trigger.py
[2025-03-16T20:51:48.123+0000] {processor.py:830} INFO - Processing file /home/airflow/.local/lib/python3.12/site-packages/airflow/example_dags/example_latest_only_with_trigger.py for tasks to queue
[2025-03-16T20:51:48.124+0000] {logging_mixin.py:188} INFO - [2025-03-16T20:51:48.124+0000] {dagbag.py:545} INFO - Filling up the DagBag from /home/airflow/.local/lib/python3.12/site-packages/airflow/example_dags/example_latest_only_with_trigger.py
[2025-03-16T20:51:48.127+0000] {processor.py:840} INFO - DAG(s) 'latest_only_with_trigger' retrieved from /home/airflow/.local/lib/python3.12/site-packages/airflow/example_dags/example_latest_only_with_trigger.py
[2025-03-16T20:51:48.138+0000] {logging_mixin.py:188} INFO - [2025-03-16T20:51:48.138+0000] {dag.py:3089} INFO - Sync 1 DAGs
[2025-03-16T20:51:48.148+0000] {logging_mixin.py:188} INFO - [2025-03-16T20:51:48.148+0000] {dag.py:3947} INFO - Setting next_dagrun for latest_only_with_trigger to 2025-03-16 16:00:00+00:00, run_after=2025-03-16 20:00:00+00:00
[2025-03-16T20:51:48.160+0000] {processor.py:183} INFO - Processing /home/airflow/.local/lib/python3.12/site-packages/airflow/example_dags/example_latest_only_with_trigger.py took 0.041 seconds
[2025-03-16T20:52:20.581+0000] {processor.py:161} INFO - Started process (PID=3160) to work on /home/airflow/.local/lib/python3.12/site-packages/airflow/example_dags/example_latest_only_with_trigger.py
[2025-03-16T20:52:20.583+0000] {processor.py:830} INFO - Processing file /home/airflow/.local/lib/python3.12/site-packages/airflow/example_dags/example_latest_only_with_trigger.py for tasks to queue
[2025-03-16T20:52:20.585+0000] {logging_mixin.py:188} INFO - [2025-03-16T20:52:20.584+0000] {dagbag.py:545} INFO - Filling up the DagBag from /home/airflow/.local/lib/python3.12/site-packages/airflow/example_dags/example_latest_only_with_trigger.py
[2025-03-16T20:52:20.587+0000] {processor.py:840} INFO - DAG(s) 'latest_only_with_trigger' retrieved from /home/airflow/.local/lib/python3.12/site-packages/airflow/example_dags/example_latest_only_with_trigger.py
[2025-03-16T20:52:20.597+0000] {logging_mixin.py:188} INFO - [2025-03-16T20:52:20.597+0000] {dag.py:3089} INFO - Sync 1 DAGs
[2025-03-16T20:52:20.607+0000] {logging_mixin.py:188} INFO - [2025-03-16T20:52:20.607+0000] {dag.py:3947} INFO - Setting next_dagrun for latest_only_with_trigger to 2025-03-16 16:00:00+00:00, run_after=2025-03-16 20:00:00+00:00
[2025-03-16T20:52:20.617+0000] {processor.py:183} INFO - Processing /home/airflow/.local/lib/python3.12/site-packages/airflow/example_dags/example_latest_only_with_trigger.py took 0.038 seconds
[2025-03-16T20:52:53.115+0000] {processor.py:161} INFO - Started process (PID=3232) to work on /home/airflow/.local/lib/python3.12/site-packages/airflow/example_dags/example_latest_only_with_trigger.py
[2025-03-16T20:52:53.116+0000] {processor.py:830} INFO - Processing file /home/airflow/.local/lib/python3.12/site-packages/airflow/example_dags/example_latest_only_with_trigger.py for tasks to queue
[2025-03-16T20:52:53.117+0000] {logging_mixin.py:188} INFO - [2025-03-16T20:52:53.117+0000] {dagbag.py:545} INFO - Filling up the DagBag from /home/airflow/.local/lib/python3.12/site-packages/airflow/example_dags/example_latest_only_with_trigger.py
[2025-03-16T20:52:53.122+0000] {processor.py:840} INFO - DAG(s) 'latest_only_with_trigger' retrieved from /home/airflow/.local/lib/python3.12/site-packages/airflow/example_dags/example_latest_only_with_trigger.py
[2025-03-16T20:52:53.134+0000] {logging_mixin.py:188} INFO - [2025-03-16T20:52:53.134+0000] {dag.py:3089} INFO - Sync 1 DAGs
[2025-03-16T20:52:53.143+0000] {logging_mixin.py:188} INFO - [2025-03-16T20:52:53.142+0000] {dag.py:3947} INFO - Setting next_dagrun for latest_only_with_trigger to 2025-03-16 16:00:00+00:00, run_after=2025-03-16 20:00:00+00:00
[2025-03-16T20:52:53.149+0000] {processor.py:183} INFO - Processing /home/airflow/.local/lib/python3.12/site-packages/airflow/example_dags/example_latest_only_with_trigger.py took 0.037 seconds
[2025-03-16T20:53:25.760+0000] {processor.py:161} INFO - Started process (PID=3304) to work on /home/airflow/.local/lib/python3.12/site-packages/airflow/example_dags/example_latest_only_with_trigger.py
[2025-03-16T20:53:25.760+0000] {processor.py:830} INFO - Processing file /home/airflow/.local/lib/python3.12/site-packages/airflow/example_dags/example_latest_only_with_trigger.py for tasks to queue
[2025-03-16T20:53:25.761+0000] {logging_mixin.py:188} INFO - [2025-03-16T20:53:25.761+0000] {dagbag.py:545} INFO - Filling up the DagBag from /home/airflow/.local/lib/python3.12/site-packages/airflow/example_dags/example_latest_only_with_trigger.py
[2025-03-16T20:53:25.764+0000] {processor.py:840} INFO - DAG(s) 'latest_only_with_trigger' retrieved from /home/airflow/.local/lib/python3.12/site-packages/airflow/example_dags/example_latest_only_with_trigger.py
[2025-03-16T20:53:25.773+0000] {logging_mixin.py:188} INFO - [2025-03-16T20:53:25.773+0000] {dag.py:3089} INFO - Sync 1 DAGs
[2025-03-16T20:53:25.783+0000] {logging_mixin.py:188} INFO - [2025-03-16T20:53:25.783+0000] {dag.py:3947} INFO - Setting next_dagrun for latest_only_with_trigger to 2025-03-16 16:00:00+00:00, run_after=2025-03-16 20:00:00+00:00
[2025-03-16T20:53:25.796+0000] {processor.py:183} INFO - Processing /home/airflow/.local/lib/python3.12/site-packages/airflow/example_dags/example_latest_only_with_trigger.py took 0.039 seconds
[2025-03-16T20:53:58.304+0000] {processor.py:161} INFO - Started process (PID=3376) to work on /home/airflow/.local/lib/python3.12/site-packages/airflow/example_dags/example_latest_only_with_trigger.py
[2025-03-16T20:53:58.306+0000] {processor.py:830} INFO - Processing file /home/airflow/.local/lib/python3.12/site-packages/airflow/example_dags/example_latest_only_with_trigger.py for tasks to queue
[2025-03-16T20:53:58.307+0000] {logging_mixin.py:188} INFO - [2025-03-16T20:53:58.307+0000] {dagbag.py:545} INFO - Filling up the DagBag from /home/airflow/.local/lib/python3.12/site-packages/airflow/example_dags/example_latest_only_with_trigger.py
[2025-03-16T20:53:58.309+0000] {processor.py:840} INFO - DAG(s) 'latest_only_with_trigger' retrieved from /home/airflow/.local/lib/python3.12/site-packages/airflow/example_dags/example_latest_only_with_trigger.py
[2025-03-16T20:53:58.318+0000] {logging_mixin.py:188} INFO - [2025-03-16T20:53:58.318+0000] {dag.py:3089} INFO - Sync 1 DAGs
[2025-03-16T20:53:58.326+0000] {logging_mixin.py:188} INFO - [2025-03-16T20:53:58.326+0000] {dag.py:3947} INFO - Setting next_dagrun for latest_only_with_trigger to 2025-03-16 16:00:00+00:00, run_after=2025-03-16 20:00:00+00:00
[2025-03-16T20:53:58.334+0000] {processor.py:183} INFO - Processing /home/airflow/.local/lib/python3.12/site-packages/airflow/example_dags/example_latest_only_with_trigger.py took 0.033 seconds
[2025-03-16T20:54:30.881+0000] {processor.py:161} INFO - Started process (PID=3448) to work on /home/airflow/.local/lib/python3.12/site-packages/airflow/example_dags/example_latest_only_with_trigger.py
[2025-03-16T20:54:30.881+0000] {processor.py:830} INFO - Processing file /home/airflow/.local/lib/python3.12/site-packages/airflow/example_dags/example_latest_only_with_trigger.py for tasks to queue
[2025-03-16T20:54:30.882+0000] {logging_mixin.py:188} INFO - [2025-03-16T20:54:30.882+0000] {dagbag.py:545} INFO - Filling up the DagBag from /home/airflow/.local/lib/python3.12/site-packages/airflow/example_dags/example_latest_only_with_trigger.py
[2025-03-16T20:54:30.885+0000] {processor.py:840} INFO - DAG(s) 'latest_only_with_trigger' retrieved from /home/airflow/.local/lib/python3.12/site-packages/airflow/example_dags/example_latest_only_with_trigger.py
[2025-03-16T20:54:30.893+0000] {logging_mixin.py:188} INFO - [2025-03-16T20:54:30.893+0000] {dag.py:3089} INFO - Sync 1 DAGs
[2025-03-16T20:54:30.902+0000] {logging_mixin.py:188} INFO - [2025-03-16T20:54:30.902+0000] {dag.py:3947} INFO - Setting next_dagrun for latest_only_with_trigger to 2025-03-16 16:00:00+00:00, run_after=2025-03-16 20:00:00+00:00
[2025-03-16T20:54:30.911+0000] {processor.py:183} INFO - Processing /home/airflow/.local/lib/python3.12/site-packages/airflow/example_dags/example_latest_only_with_trigger.py took 0.033 seconds
[2025-03-16T20:55:03.579+0000] {processor.py:161} INFO - Started process (PID=3521) to work on /home/airflow/.local/lib/python3.12/site-packages/airflow/example_dags/example_latest_only_with_trigger.py
[2025-03-16T20:55:03.579+0000] {processor.py:830} INFO - Processing file /home/airflow/.local/lib/python3.12/site-packages/airflow/example_dags/example_latest_only_with_trigger.py for tasks to queue
[2025-03-16T20:55:03.580+0000] {logging_mixin.py:188} INFO - [2025-03-16T20:55:03.580+0000] {dagbag.py:545} INFO - Filling up the DagBag from /home/airflow/.local/lib/python3.12/site-packages/airflow/example_dags/example_latest_only_with_trigger.py
[2025-03-16T20:55:03.583+0000] {processor.py:840} INFO - DAG(s) 'latest_only_with_trigger' retrieved from /home/airflow/.local/lib/python3.12/site-packages/airflow/example_dags/example_latest_only_with_trigger.py
[2025-03-16T20:55:03.592+0000] {logging_mixin.py:188} INFO - [2025-03-16T20:55:03.592+0000] {dag.py:3089} INFO - Sync 1 DAGs
[2025-03-16T20:55:03.602+0000] {logging_mixin.py:188} INFO - [2025-03-16T20:55:03.602+0000] {dag.py:3947} INFO - Setting next_dagrun for latest_only_with_trigger to 2025-03-16 16:00:00+00:00, run_after=2025-03-16 20:00:00+00:00
[2025-03-16T20:55:03.614+0000] {processor.py:183} INFO - Processing /home/airflow/.local/lib/python3.12/site-packages/airflow/example_dags/example_latest_only_with_trigger.py took 0.038 seconds
[2025-03-16T20:55:36.172+0000] {processor.py:161} INFO - Started process (PID=3599) to work on /home/airflow/.local/lib/python3.12/site-packages/airflow/example_dags/example_latest_only_with_trigger.py
[2025-03-16T20:55:36.174+0000] {processor.py:830} INFO - Processing file /home/airflow/.local/lib/python3.12/site-packages/airflow/example_dags/example_latest_only_with_trigger.py for tasks to queue
[2025-03-16T20:55:36.175+0000] {logging_mixin.py:188} INFO - [2025-03-16T20:55:36.174+0000] {dagbag.py:545} INFO - Filling up the DagBag from /home/airflow/.local/lib/python3.12/site-packages/airflow/example_dags/example_latest_only_with_trigger.py
[2025-03-16T20:55:36.177+0000] {processor.py:840} INFO - DAG(s) 'latest_only_with_trigger' retrieved from /home/airflow/.local/lib/python3.12/site-packages/airflow/example_dags/example_latest_only_with_trigger.py
[2025-03-16T20:55:36.188+0000] {logging_mixin.py:188} INFO - [2025-03-16T20:55:36.188+0000] {dag.py:3089} INFO - Sync 1 DAGs
[2025-03-16T20:55:36.197+0000] {logging_mixin.py:188} INFO - [2025-03-16T20:55:36.197+0000] {dag.py:3947} INFO - Setting next_dagrun for latest_only_with_trigger to 2025-03-16 16:00:00+00:00, run_after=2025-03-16 20:00:00+00:00
[2025-03-16T20:55:36.207+0000] {processor.py:183} INFO - Processing /home/airflow/.local/lib/python3.12/site-packages/airflow/example_dags/example_latest_only_with_trigger.py took 0.038 seconds
[2025-03-16T20:56:09.156+0000] {processor.py:161} INFO - Started process (PID=3671) to work on /home/airflow/.local/lib/python3.12/site-packages/airflow/example_dags/example_latest_only_with_trigger.py
[2025-03-16T20:56:09.157+0000] {processor.py:830} INFO - Processing file /home/airflow/.local/lib/python3.12/site-packages/airflow/example_dags/example_latest_only_with_trigger.py for tasks to queue
[2025-03-16T20:56:09.158+0000] {logging_mixin.py:188} INFO - [2025-03-16T20:56:09.158+0000] {dagbag.py:545} INFO - Filling up the DagBag from /home/airflow/.local/lib/python3.12/site-packages/airflow/example_dags/example_latest_only_with_trigger.py
[2025-03-16T20:56:09.163+0000] {processor.py:840} INFO - DAG(s) 'latest_only_with_trigger' retrieved from /home/airflow/.local/lib/python3.12/site-packages/airflow/example_dags/example_latest_only_with_trigger.py
[2025-03-16T20:56:09.173+0000] {logging_mixin.py:188} INFO - [2025-03-16T20:56:09.173+0000] {dag.py:3089} INFO - Sync 1 DAGs
[2025-03-16T20:56:09.185+0000] {logging_mixin.py:188} INFO - [2025-03-16T20:56:09.185+0000] {dag.py:3947} INFO - Setting next_dagrun for latest_only_with_trigger to 2025-03-16 16:00:00+00:00, run_after=2025-03-16 20:00:00+00:00
[2025-03-16T20:56:09.193+0000] {processor.py:183} INFO - Processing /home/airflow/.local/lib/python3.12/site-packages/airflow/example_dags/example_latest_only_with_trigger.py took 0.039 seconds
[2025-03-16T20:56:41.243+0000] {processor.py:161} INFO - Started process (PID=3742) to work on /home/airflow/.local/lib/python3.12/site-packages/airflow/example_dags/example_latest_only_with_trigger.py
[2025-03-16T20:56:41.245+0000] {processor.py:830} INFO - Processing file /home/airflow/.local/lib/python3.12/site-packages/airflow/example_dags/example_latest_only_with_trigger.py for tasks to queue
[2025-03-16T20:56:41.247+0000] {logging_mixin.py:188} INFO - [2025-03-16T20:56:41.247+0000] {dagbag.py:545} INFO - Filling up the DagBag from /home/airflow/.local/lib/python3.12/site-packages/airflow/example_dags/example_latest_only_with_trigger.py
[2025-03-16T20:56:41.249+0000] {processor.py:840} INFO - DAG(s) 'latest_only_with_trigger' retrieved from /home/airflow/.local/lib/python3.12/site-packages/airflow/example_dags/example_latest_only_with_trigger.py
[2025-03-16T20:56:41.278+0000] {logging_mixin.py:188} INFO - [2025-03-16T20:56:41.278+0000] {dag.py:3089} INFO - Sync 1 DAGs
[2025-03-16T20:56:41.302+0000] {logging_mixin.py:188} INFO - [2025-03-16T20:56:41.302+0000] {dag.py:3947} INFO - Setting next_dagrun for latest_only_with_trigger to 2025-03-16 16:00:00+00:00, run_after=2025-03-16 20:00:00+00:00
[2025-03-16T20:56:41.321+0000] {processor.py:183} INFO - Processing /home/airflow/.local/lib/python3.12/site-packages/airflow/example_dags/example_latest_only_with_trigger.py took 0.085 seconds
[2025-03-16T20:57:13.262+0000] {processor.py:161} INFO - Started process (PID=3814) to work on /home/airflow/.local/lib/python3.12/site-packages/airflow/example_dags/example_latest_only_with_trigger.py
[2025-03-16T20:57:13.263+0000] {processor.py:830} INFO - Processing file /home/airflow/.local/lib/python3.12/site-packages/airflow/example_dags/example_latest_only_with_trigger.py for tasks to queue
[2025-03-16T20:57:13.264+0000] {logging_mixin.py:188} INFO - [2025-03-16T20:57:13.264+0000] {dagbag.py:545} INFO - Filling up the DagBag from /home/airflow/.local/lib/python3.12/site-packages/airflow/example_dags/example_latest_only_with_trigger.py
[2025-03-16T20:57:13.267+0000] {processor.py:840} INFO - DAG(s) 'latest_only_with_trigger' retrieved from /home/airflow/.local/lib/python3.12/site-packages/airflow/example_dags/example_latest_only_with_trigger.py
[2025-03-16T20:57:13.279+0000] {logging_mixin.py:188} INFO - [2025-03-16T20:57:13.279+0000] {dag.py:3089} INFO - Sync 1 DAGs
[2025-03-16T20:57:13.290+0000] {logging_mixin.py:188} INFO - [2025-03-16T20:57:13.290+0000] {dag.py:3947} INFO - Setting next_dagrun for latest_only_with_trigger to 2025-03-16 16:00:00+00:00, run_after=2025-03-16 20:00:00+00:00
[2025-03-16T20:57:13.301+0000] {processor.py:183} INFO - Processing /home/airflow/.local/lib/python3.12/site-packages/airflow/example_dags/example_latest_only_with_trigger.py took 0.041 seconds
[2025-03-16T20:57:46.144+0000] {processor.py:161} INFO - Started process (PID=3886) to work on /home/airflow/.local/lib/python3.12/site-packages/airflow/example_dags/example_latest_only_with_trigger.py
[2025-03-16T20:57:46.144+0000] {processor.py:830} INFO - Processing file /home/airflow/.local/lib/python3.12/site-packages/airflow/example_dags/example_latest_only_with_trigger.py for tasks to queue
[2025-03-16T20:57:46.145+0000] {logging_mixin.py:188} INFO - [2025-03-16T20:57:46.145+0000] {dagbag.py:545} INFO - Filling up the DagBag from /home/airflow/.local/lib/python3.12/site-packages/airflow/example_dags/example_latest_only_with_trigger.py
[2025-03-16T20:57:46.148+0000] {processor.py:840} INFO - DAG(s) 'latest_only_with_trigger' retrieved from /home/airflow/.local/lib/python3.12/site-packages/airflow/example_dags/example_latest_only_with_trigger.py
[2025-03-16T20:57:46.162+0000] {logging_mixin.py:188} INFO - [2025-03-16T20:57:46.162+0000] {dag.py:3089} INFO - Sync 1 DAGs
[2025-03-16T20:57:46.173+0000] {logging_mixin.py:188} INFO - [2025-03-16T20:57:46.173+0000] {dag.py:3947} INFO - Setting next_dagrun for latest_only_with_trigger to 2025-03-16 16:00:00+00:00, run_after=2025-03-16 20:00:00+00:00
[2025-03-16T20:57:46.179+0000] {processor.py:183} INFO - Processing /home/airflow/.local/lib/python3.12/site-packages/airflow/example_dags/example_latest_only_with_trigger.py took 0.038 seconds
[2025-03-16T20:58:18.899+0000] {processor.py:161} INFO - Started process (PID=3958) to work on /home/airflow/.local/lib/python3.12/site-packages/airflow/example_dags/example_latest_only_with_trigger.py
[2025-03-16T20:58:18.899+0000] {processor.py:830} INFO - Processing file /home/airflow/.local/lib/python3.12/site-packages/airflow/example_dags/example_latest_only_with_trigger.py for tasks to queue
[2025-03-16T20:58:18.900+0000] {logging_mixin.py:188} INFO - [2025-03-16T20:58:18.900+0000] {dagbag.py:545} INFO - Filling up the DagBag from /home/airflow/.local/lib/python3.12/site-packages/airflow/example_dags/example_latest_only_with_trigger.py
[2025-03-16T20:58:18.902+0000] {processor.py:840} INFO - DAG(s) 'latest_only_with_trigger' retrieved from /home/airflow/.local/lib/python3.12/site-packages/airflow/example_dags/example_latest_only_with_trigger.py
[2025-03-16T20:58:18.911+0000] {logging_mixin.py:188} INFO - [2025-03-16T20:58:18.911+0000] {dag.py:3089} INFO - Sync 1 DAGs
[2025-03-16T20:58:18.920+0000] {logging_mixin.py:188} INFO - [2025-03-16T20:58:18.920+0000] {dag.py:3947} INFO - Setting next_dagrun for latest_only_with_trigger to 2025-03-16 16:00:00+00:00, run_after=2025-03-16 20:00:00+00:00
[2025-03-16T20:58:18.929+0000] {processor.py:183} INFO - Processing /home/airflow/.local/lib/python3.12/site-packages/airflow/example_dags/example_latest_only_with_trigger.py took 0.033 seconds
[2025-03-16T20:58:51.626+0000] {processor.py:161} INFO - Started process (PID=4030) to work on /home/airflow/.local/lib/python3.12/site-packages/airflow/example_dags/example_latest_only_with_trigger.py
[2025-03-16T20:58:51.627+0000] {processor.py:830} INFO - Processing file /home/airflow/.local/lib/python3.12/site-packages/airflow/example_dags/example_latest_only_with_trigger.py for tasks to queue
[2025-03-16T20:58:51.629+0000] {logging_mixin.py:188} INFO - [2025-03-16T20:58:51.629+0000] {dagbag.py:545} INFO - Filling up the DagBag from /home/airflow/.local/lib/python3.12/site-packages/airflow/example_dags/example_latest_only_with_trigger.py
[2025-03-16T20:58:51.633+0000] {processor.py:840} INFO - DAG(s) 'latest_only_with_trigger' retrieved from /home/airflow/.local/lib/python3.12/site-packages/airflow/example_dags/example_latest_only_with_trigger.py
[2025-03-16T20:58:51.643+0000] {logging_mixin.py:188} INFO - [2025-03-16T20:58:51.643+0000] {dag.py:3089} INFO - Sync 1 DAGs
[2025-03-16T20:58:51.652+0000] {logging_mixin.py:188} INFO - [2025-03-16T20:58:51.652+0000] {dag.py:3947} INFO - Setting next_dagrun for latest_only_with_trigger to 2025-03-16 16:00:00+00:00, run_after=2025-03-16 20:00:00+00:00
[2025-03-16T20:58:51.659+0000] {processor.py:183} INFO - Processing /home/airflow/.local/lib/python3.12/site-packages/airflow/example_dags/example_latest_only_with_trigger.py took 0.035 seconds
[2025-03-16T20:59:24.201+0000] {processor.py:161} INFO - Started process (PID=4102) to work on /home/airflow/.local/lib/python3.12/site-packages/airflow/example_dags/example_latest_only_with_trigger.py
[2025-03-16T20:59:24.201+0000] {processor.py:830} INFO - Processing file /home/airflow/.local/lib/python3.12/site-packages/airflow/example_dags/example_latest_only_with_trigger.py for tasks to queue
[2025-03-16T20:59:24.204+0000] {logging_mixin.py:188} INFO - [2025-03-16T20:59:24.204+0000] {dagbag.py:545} INFO - Filling up the DagBag from /home/airflow/.local/lib/python3.12/site-packages/airflow/example_dags/example_latest_only_with_trigger.py
[2025-03-16T20:59:24.208+0000] {processor.py:840} INFO - DAG(s) 'latest_only_with_trigger' retrieved from /home/airflow/.local/lib/python3.12/site-packages/airflow/example_dags/example_latest_only_with_trigger.py
[2025-03-16T20:59:24.218+0000] {logging_mixin.py:188} INFO - [2025-03-16T20:59:24.218+0000] {dag.py:3089} INFO - Sync 1 DAGs
[2025-03-16T20:59:24.229+0000] {logging_mixin.py:188} INFO - [2025-03-16T20:59:24.229+0000] {dag.py:3947} INFO - Setting next_dagrun for latest_only_with_trigger to 2025-03-16 16:00:00+00:00, run_after=2025-03-16 20:00:00+00:00
[2025-03-16T20:59:24.238+0000] {processor.py:183} INFO - Processing /home/airflow/.local/lib/python3.12/site-packages/airflow/example_dags/example_latest_only_with_trigger.py took 0.041 seconds
[2025-03-16T20:59:56.822+0000] {processor.py:161} INFO - Started process (PID=4174) to work on /home/airflow/.local/lib/python3.12/site-packages/airflow/example_dags/example_latest_only_with_trigger.py
[2025-03-16T20:59:56.822+0000] {processor.py:830} INFO - Processing file /home/airflow/.local/lib/python3.12/site-packages/airflow/example_dags/example_latest_only_with_trigger.py for tasks to queue
[2025-03-16T20:59:56.824+0000] {logging_mixin.py:188} INFO - [2025-03-16T20:59:56.824+0000] {dagbag.py:545} INFO - Filling up the DagBag from /home/airflow/.local/lib/python3.12/site-packages/airflow/example_dags/example_latest_only_with_trigger.py
[2025-03-16T20:59:56.827+0000] {processor.py:840} INFO - DAG(s) 'latest_only_with_trigger' retrieved from /home/airflow/.local/lib/python3.12/site-packages/airflow/example_dags/example_latest_only_with_trigger.py
[2025-03-16T20:59:56.837+0000] {logging_mixin.py:188} INFO - [2025-03-16T20:59:56.837+0000] {dag.py:3089} INFO - Sync 1 DAGs
[2025-03-16T20:59:56.845+0000] {logging_mixin.py:188} INFO - [2025-03-16T20:59:56.845+0000] {dag.py:3947} INFO - Setting next_dagrun for latest_only_with_trigger to 2025-03-16 16:00:00+00:00, run_after=2025-03-16 20:00:00+00:00
[2025-03-16T20:59:56.852+0000] {processor.py:183} INFO - Processing /home/airflow/.local/lib/python3.12/site-packages/airflow/example_dags/example_latest_only_with_trigger.py took 0.033 seconds
[2025-03-16T21:00:29.227+0000] {processor.py:161} INFO - Started process (PID=4246) to work on /home/airflow/.local/lib/python3.12/site-packages/airflow/example_dags/example_latest_only_with_trigger.py
[2025-03-16T21:00:29.228+0000] {processor.py:830} INFO - Processing file /home/airflow/.local/lib/python3.12/site-packages/airflow/example_dags/example_latest_only_with_trigger.py for tasks to queue
[2025-03-16T21:00:29.229+0000] {logging_mixin.py:188} INFO - [2025-03-16T21:00:29.229+0000] {dagbag.py:545} INFO - Filling up the DagBag from /home/airflow/.local/lib/python3.12/site-packages/airflow/example_dags/example_latest_only_with_trigger.py
[2025-03-16T21:00:29.232+0000] {processor.py:840} INFO - DAG(s) 'latest_only_with_trigger' retrieved from /home/airflow/.local/lib/python3.12/site-packages/airflow/example_dags/example_latest_only_with_trigger.py
[2025-03-16T21:00:29.244+0000] {logging_mixin.py:188} INFO - [2025-03-16T21:00:29.244+0000] {dag.py:3089} INFO - Sync 1 DAGs
[2025-03-16T21:00:29.253+0000] {logging_mixin.py:188} INFO - [2025-03-16T21:00:29.252+0000] {dag.py:3947} INFO - Setting next_dagrun for latest_only_with_trigger to 2025-03-16 16:00:00+00:00, run_after=2025-03-16 20:00:00+00:00
[2025-03-16T21:00:29.260+0000] {processor.py:183} INFO - Processing /home/airflow/.local/lib/python3.12/site-packages/airflow/example_dags/example_latest_only_with_trigger.py took 0.035 seconds
[2025-03-16T21:01:01.638+0000] {processor.py:161} INFO - Started process (PID=4318) to work on /home/airflow/.local/lib/python3.12/site-packages/airflow/example_dags/example_latest_only_with_trigger.py
[2025-03-16T21:01:01.638+0000] {processor.py:830} INFO - Processing file /home/airflow/.local/lib/python3.12/site-packages/airflow/example_dags/example_latest_only_with_trigger.py for tasks to queue
[2025-03-16T21:01:01.639+0000] {logging_mixin.py:188} INFO - [2025-03-16T21:01:01.639+0000] {dagbag.py:545} INFO - Filling up the DagBag from /home/airflow/.local/lib/python3.12/site-packages/airflow/example_dags/example_latest_only_with_trigger.py
[2025-03-16T21:01:01.642+0000] {processor.py:840} INFO - DAG(s) 'latest_only_with_trigger' retrieved from /home/airflow/.local/lib/python3.12/site-packages/airflow/example_dags/example_latest_only_with_trigger.py
[2025-03-16T21:01:01.651+0000] {logging_mixin.py:188} INFO - [2025-03-16T21:01:01.651+0000] {dag.py:3089} INFO - Sync 1 DAGs
[2025-03-16T21:01:01.660+0000] {logging_mixin.py:188} INFO - [2025-03-16T21:01:01.660+0000] {dag.py:3947} INFO - Setting next_dagrun for latest_only_with_trigger to 2025-03-16 16:00:00+00:00, run_after=2025-03-16 20:00:00+00:00
[2025-03-16T21:01:01.671+0000] {processor.py:183} INFO - Processing /home/airflow/.local/lib/python3.12/site-packages/airflow/example_dags/example_latest_only_with_trigger.py took 0.036 seconds
