[2024-08-05T09:33:59.749+0000] {local_task_job_runner.py:120} INFO - ::group::Pre task execution logs
[2024-08-05T09:33:59.758+0000] {taskinstance.py:2076} INFO - Dependencies all met for dep_context=non-requeueable deps ti=<TaskInstance: dag_with_postgres_hooks.pred_Categorical manual__2024-08-05T09:33:42.497814+00:00 [queued]>
[2024-08-05T09:33:59.760+0000] {taskinstance.py:2076} INFO - Dependencies all met for dep_context=requeueable deps ti=<TaskInstance: dag_with_postgres_hooks.pred_Categorical manual__2024-08-05T09:33:42.497814+00:00 [queued]>
[2024-08-05T09:33:59.761+0000] {taskinstance.py:2306} INFO - Starting attempt 1 of 1
[2024-08-05T09:33:59.765+0000] {taskinstance.py:2330} INFO - Executing <Task(PythonOperator): pred_Categorical> on 2024-08-05 09:33:42.497814+00:00
[2024-08-05T09:33:59.770+0000] {warnings.py:112} WARNING - /home/***/.local/lib/python3.12/site-packages/***/task/task_runner/standard_task_runner.py:62: DeprecationWarning: This process (pid=215) is multi-threaded, use of fork() may lead to deadlocks in the child.
  pid = os.fork()

[2024-08-05T09:33:59.770+0000] {standard_task_runner.py:64} INFO - Started process 226 to run task
[2024-08-05T09:33:59.771+0000] {standard_task_runner.py:90} INFO - Running: ['***', 'tasks', 'run', 'dag_with_postgres_hooks', 'pred_Categorical', 'manual__2024-08-05T09:33:42.497814+00:00', '--job-id', '728', '--raw', '--subdir', 'DAGS_FOLDER/Stock_pred.py', '--cfg-path', '/tmp/tmpzbjwlzmg']
[2024-08-05T09:33:59.772+0000] {standard_task_runner.py:91} INFO - Job 728: Subtask pred_Categorical
[2024-08-05T09:33:59.787+0000] {task_command.py:426} INFO - Running <TaskInstance: dag_with_postgres_hooks.pred_Categorical manual__2024-08-05T09:33:42.497814+00:00 [running]> on host de0da25eb647
[2024-08-05T09:33:59.816+0000] {taskinstance.py:2648} INFO - Exporting env vars: AIRFLOW_CTX_DAG_EMAIL='***@example.com' AIRFLOW_CTX_DAG_OWNER='***' AIRFLOW_CTX_DAG_ID='dag_with_postgres_hooks' AIRFLOW_CTX_TASK_ID='pred_Categorical' AIRFLOW_CTX_EXECUTION_DATE='2024-08-05T09:33:42.497814+00:00' AIRFLOW_CTX_TRY_NUMBER='1' AIRFLOW_CTX_DAG_RUN_ID='manual__2024-08-05T09:33:42.497814+00:00'
[2024-08-05T09:33:59.817+0000] {taskinstance.py:430} INFO - ::endgroup::
[2024-08-05T09:33:59.966+0000] {taskinstance.py:441} INFO - ::group::Post task execution logs
[2024-08-05T09:33:59.966+0000] {taskinstance.py:2905} ERROR - Task failed with exception
Traceback (most recent call last):
  File "/home/airflow/.local/lib/python3.12/site-packages/airflow/models/taskinstance.py", line 465, in _execute_task
    result = _execute_callable(context=context, **execute_callable_kwargs)
             ^^^^^^^^^^^^^^^^^^^^^^^^^^^^^^^^^^^^^^^^^^^^^^^^^^^^^^^^^^^^^
  File "/home/airflow/.local/lib/python3.12/site-packages/airflow/models/taskinstance.py", line 432, in _execute_callable
    return execute_callable(context=context, **execute_callable_kwargs)
           ^^^^^^^^^^^^^^^^^^^^^^^^^^^^^^^^^^^^^^^^^^^^^^^^^^^^^^^^^^^^
  File "/home/airflow/.local/lib/python3.12/site-packages/airflow/models/baseoperator.py", line 401, in wrapper
    return func(self, *args, **kwargs)
           ^^^^^^^^^^^^^^^^^^^^^^^^^^^
  File "/home/airflow/.local/lib/python3.12/site-packages/airflow/operators/python.py", line 235, in execute
    return_value = self.execute_callable()
                   ^^^^^^^^^^^^^^^^^^^^^^^
  File "/home/airflow/.local/lib/python3.12/site-packages/airflow/operators/python.py", line 252, in execute_callable
    return self.python_callable(*self.op_args, **self.op_kwargs)
           ^^^^^^^^^^^^^^^^^^^^^^^^^^^^^^^^^^^^^^^^^^^^^^^^^^^^^
  File "/opt/airflow/dags/Stock_pred.py", line 247, in pred_Categorical
    model.load_model(temp_model_file)
  File "/home/airflow/.local/lib/python3.12/site-packages/xgboost/sklearn.py", line 915, in load_model
    self.get_booster().load_model(fname)
  File "/home/airflow/.local/lib/python3.12/site-packages/xgboost/core.py", line 2700, in load_model
    raise TypeError("Unknown file type: ", fname)
TypeError: ('Unknown file type: ', <_io.BufferedWriter name='./temp_model.xgb'>)
[2024-08-05T09:33:59.972+0000] {taskinstance.py:1206} INFO - Marking task as FAILED. dag_id=dag_with_postgres_hooks, task_id=pred_Categorical, run_id=manual__2024-08-05T09:33:42.497814+00:00, execution_date=20240805T093342, start_date=20240805T093359, end_date=20240805T093359
[2024-08-05T09:33:59.976+0000] {standard_task_runner.py:110} ERROR - Failed to execute job 728 for task pred_Categorical (('Unknown file type: ', <_io.BufferedWriter name='./temp_model.xgb'>); 226)
[2024-08-05T09:34:00.001+0000] {local_task_job_runner.py:243} INFO - Task exited with return code 1
[2024-08-05T09:34:00.011+0000] {taskinstance.py:3503} INFO - 0 downstream tasks scheduled from follow-on schedule check
[2024-08-05T09:34:00.013+0000] {local_task_job_runner.py:222} INFO - ::endgroup::
