[2024-07-20T08:14:00.340+0000] {local_task_job_runner.py:120} INFO - ::group::Pre task execution logs
[2024-07-20T08:14:00.349+0000] {taskinstance.py:2076} INFO - Dependencies all met for dep_context=non-requeueable deps ti=<TaskInstance: dag_with_postgres_hooks.concat_data manual__2024-07-20T08:13:54.797725+00:00 [queued]>
[2024-07-20T08:14:00.352+0000] {taskinstance.py:2076} INFO - Dependencies all met for dep_context=requeueable deps ti=<TaskInstance: dag_with_postgres_hooks.concat_data manual__2024-07-20T08:13:54.797725+00:00 [queued]>
[2024-07-20T08:14:00.352+0000] {taskinstance.py:2306} INFO - Starting attempt 1 of 1
[2024-07-20T08:14:00.357+0000] {taskinstance.py:2330} INFO - Executing <Task(PythonOperator): concat_data> on 2024-07-20 08:13:54.797725+00:00
[2024-07-20T08:14:00.361+0000] {warnings.py:112} WARNING - /home/***/.local/lib/python3.12/site-packages/***/task/task_runner/standard_task_runner.py:62: DeprecationWarning: This process (pid=809) is multi-threaded, use of fork() may lead to deadlocks in the child.
  pid = os.fork()

[2024-07-20T08:14:00.361+0000] {standard_task_runner.py:64} INFO - Started process 818 to run task
[2024-07-20T08:14:00.362+0000] {standard_task_runner.py:90} INFO - Running: ['***', 'tasks', 'run', 'dag_with_postgres_hooks', 'concat_data', 'manual__2024-07-20T08:13:54.797725+00:00', '--job-id', '177', '--raw', '--subdir', 'DAGS_FOLDER/Stock_pred.py', '--cfg-path', '/tmp/tmpsmp0qkzy']
[2024-07-20T08:14:00.363+0000] {standard_task_runner.py:91} INFO - Job 177: Subtask concat_data
[2024-07-20T08:14:00.378+0000] {task_command.py:426} INFO - Running <TaskInstance: dag_with_postgres_hooks.concat_data manual__2024-07-20T08:13:54.797725+00:00 [running]> on host 488b1a24c461
[2024-07-20T08:14:00.407+0000] {taskinstance.py:2648} INFO - Exporting env vars: AIRFLOW_CTX_DAG_EMAIL='***@example.com' AIRFLOW_CTX_DAG_OWNER='***' AIRFLOW_CTX_DAG_ID='dag_with_postgres_hooks' AIRFLOW_CTX_TASK_ID='concat_data' AIRFLOW_CTX_EXECUTION_DATE='2024-07-20T08:13:54.797725+00:00' AIRFLOW_CTX_TRY_NUMBER='1' AIRFLOW_CTX_DAG_RUN_ID='manual__2024-07-20T08:13:54.797725+00:00'
[2024-07-20T08:14:00.408+0000] {taskinstance.py:430} INFO - ::endgroup::
[2024-07-20T08:14:00.411+0000] {base.py:84} INFO - Using connection ID 'postgres_server_2' for task execution.
[2024-07-20T08:14:00.466+0000] {python.py:237} INFO - Done. Returned value was: None
[2024-07-20T08:14:00.466+0000] {taskinstance.py:441} INFO - ::group::Post task execution logs
[2024-07-20T08:14:00.469+0000] {taskinstance.py:1206} INFO - Marking task as SUCCESS. dag_id=dag_with_postgres_hooks, task_id=concat_data, run_id=manual__2024-07-20T08:13:54.797725+00:00, execution_date=20240720T081354, start_date=20240720T081400, end_date=20240720T081400
[2024-07-20T08:14:00.503+0000] {local_task_job_runner.py:243} INFO - Task exited with return code 0
[2024-07-20T08:14:00.514+0000] {taskinstance.py:3503} INFO - 1 downstream tasks scheduled from follow-on schedule check
[2024-07-20T08:14:00.515+0000] {local_task_job_runner.py:222} INFO - ::endgroup::
