[2024-10-10T11:58:27.160+0000] {local_task_job_runner.py:120} INFO - ::group::Pre task execution logs
[2024-10-10T11:58:27.170+0000] {taskinstance.py:2076} INFO - Dependencies all met for dep_context=non-requeueable deps ti=<TaskInstance: dag_with_postgres_hooks.concat_data manual__2024-10-10T11:58:17.438958+00:00 [queued]>
[2024-10-10T11:58:27.173+0000] {taskinstance.py:2076} INFO - Dependencies all met for dep_context=requeueable deps ti=<TaskInstance: dag_with_postgres_hooks.concat_data manual__2024-10-10T11:58:17.438958+00:00 [queued]>
[2024-10-10T11:58:27.173+0000] {taskinstance.py:2306} INFO - Starting attempt 1 of 1
[2024-10-10T11:58:27.178+0000] {taskinstance.py:2330} INFO - Executing <Task(PythonOperator): concat_data> on 2024-10-10 11:58:17.438958+00:00
[2024-10-10T11:58:27.184+0000] {warnings.py:112} WARNING - /home/***/.local/lib/python3.12/site-packages/***/task/task_runner/standard_task_runner.py:62: DeprecationWarning: This process (pid=7993) is multi-threaded, use of fork() may lead to deadlocks in the child.
  pid = os.fork()

[2024-10-10T11:58:27.184+0000] {standard_task_runner.py:64} INFO - Started process 8010 to run task
[2024-10-10T11:58:27.185+0000] {standard_task_runner.py:90} INFO - Running: ['***', 'tasks', 'run', 'dag_with_postgres_hooks', 'concat_data', 'manual__2024-10-10T11:58:17.438958+00:00', '--job-id', '1126', '--raw', '--subdir', 'DAGS_FOLDER/Stock_pred.py', '--cfg-path', '/tmp/tmpi5w3eeh4']
[2024-10-10T11:58:27.186+0000] {standard_task_runner.py:91} INFO - Job 1126: Subtask concat_data
[2024-10-10T11:58:27.203+0000] {task_command.py:426} INFO - Running <TaskInstance: dag_with_postgres_hooks.concat_data manual__2024-10-10T11:58:17.438958+00:00 [running]> on host b7aba691e1ff
[2024-10-10T11:58:27.238+0000] {taskinstance.py:2648} INFO - Exporting env vars: AIRFLOW_CTX_DAG_EMAIL='***@example.com' AIRFLOW_CTX_DAG_OWNER='***' AIRFLOW_CTX_DAG_ID='dag_with_postgres_hooks' AIRFLOW_CTX_TASK_ID='concat_data' AIRFLOW_CTX_EXECUTION_DATE='2024-10-10T11:58:17.438958+00:00' AIRFLOW_CTX_TRY_NUMBER='1' AIRFLOW_CTX_DAG_RUN_ID='manual__2024-10-10T11:58:17.438958+00:00'
[2024-10-10T11:58:27.239+0000] {taskinstance.py:430} INFO - ::endgroup::
[2024-10-10T11:58:27.242+0000] {base.py:84} INFO - Using connection ID 'postgres_server_2' for task execution.
[2024-10-10T11:58:27.258+0000] {logging_mixin.py:188} INFO -                OPEN     HIGH      LOW    CLOSE      VOLUME
DATE                                                      
2020-10-02  10059.0  10553.0  10059.0  10328.0  23509500.0
2020-10-05  10328.0  10597.0  10283.0  10597.0  13026585.0
2020-10-06  10597.0  10867.0  10597.0  10777.0  10970227.0
2020-10-07  10777.0  10822.0  10463.0  10508.0  17712190.0
2020-10-08  10418.0  10642.0  10328.0  10418.0  14090748.0
...             ...      ...      ...      ...         ...
2024-10-07  25500.0  25700.0  25350.0  25450.0   6769700.0
2024-10-08  25500.0  25650.0  25350.0  25500.0   6522700.0
2024-10-09  25600.0  26250.0  25550.0  26250.0  20003200.0
2024-10-10  26400.0  26500.0  26050.0  26200.0   9079400.0
10/10/2024  26400.0  26500.0  26050.0  26200.0   9889401.0

[1001 rows x 5 columns]
[2024-10-10T11:58:27.332+0000] {python.py:237} INFO - Done. Returned value was: None
[2024-10-10T11:58:27.333+0000] {taskinstance.py:441} INFO - ::group::Post task execution logs
[2024-10-10T11:58:27.339+0000] {taskinstance.py:1206} INFO - Marking task as SUCCESS. dag_id=dag_with_postgres_hooks, task_id=concat_data, run_id=manual__2024-10-10T11:58:17.438958+00:00, execution_date=20241010T115817, start_date=20241010T115827, end_date=20241010T115827
[2024-10-10T11:58:27.367+0000] {local_task_job_runner.py:243} INFO - Task exited with return code 0
[2024-10-10T11:58:27.379+0000] {taskinstance.py:3503} INFO - 1 downstream tasks scheduled from follow-on schedule check
[2024-10-10T11:58:27.379+0000] {local_task_job_runner.py:222} INFO - ::endgroup::
