[2024-07-17T10:09:15.194+0000] {local_task_job_runner.py:120} INFO - ::group::Pre task execution logs
[2024-07-17T10:09:15.204+0000] {taskinstance.py:2076} INFO - Dependencies all met for dep_context=non-requeueable deps ti=<TaskInstance: dag_with_postgres_hooks.concat_data manual__2024-07-17T10:09:11.485136+00:00 [queued]>
[2024-07-17T10:09:15.208+0000] {taskinstance.py:2076} INFO - Dependencies all met for dep_context=requeueable deps ti=<TaskInstance: dag_with_postgres_hooks.concat_data manual__2024-07-17T10:09:11.485136+00:00 [queued]>
[2024-07-17T10:09:15.208+0000] {taskinstance.py:2306} INFO - Starting attempt 1 of 1
[2024-07-17T10:09:15.214+0000] {taskinstance.py:2330} INFO - Executing <Task(PythonOperator): concat_data> on 2024-07-17 10:09:11.485136+00:00
[2024-07-17T10:09:15.219+0000] {warnings.py:112} WARNING - /home/***/.local/lib/python3.12/site-packages/***/task/task_runner/standard_task_runner.py:61: DeprecationWarning: This process (pid=2013) is multi-threaded, use of fork() may lead to deadlocks in the child.
  pid = os.fork()

[2024-07-17T10:09:15.220+0000] {standard_task_runner.py:63} INFO - Started process 2022 to run task
[2024-07-17T10:09:15.221+0000] {standard_task_runner.py:90} INFO - Running: ['***', 'tasks', 'run', 'dag_with_postgres_hooks', 'concat_data', 'manual__2024-07-17T10:09:11.485136+00:00', '--job-id', '113', '--raw', '--subdir', 'DAGS_FOLDER/sql_2.py', '--cfg-path', '/tmp/tmplhv1rpcj']
[2024-07-17T10:09:15.221+0000] {standard_task_runner.py:91} INFO - Job 113: Subtask concat_data
[2024-07-17T10:09:15.239+0000] {task_command.py:426} INFO - Running <TaskInstance: dag_with_postgres_hooks.concat_data manual__2024-07-17T10:09:11.485136+00:00 [running]> on host 0c2114842aea
[2024-07-17T10:09:15.274+0000] {taskinstance.py:2648} INFO - Exporting env vars: AIRFLOW_CTX_DAG_EMAIL='***@example.com' AIRFLOW_CTX_DAG_OWNER='***' AIRFLOW_CTX_DAG_ID='dag_with_postgres_hooks' AIRFLOW_CTX_TASK_ID='concat_data' AIRFLOW_CTX_EXECUTION_DATE='2024-07-17T10:09:11.485136+00:00' AIRFLOW_CTX_TRY_NUMBER='1' AIRFLOW_CTX_DAG_RUN_ID='manual__2024-07-17T10:09:11.485136+00:00'
[2024-07-17T10:09:15.275+0000] {taskinstance.py:430} INFO - ::endgroup::
[2024-07-17T10:09:15.278+0000] {base.py:84} INFO - Using connection ID 'postgres_server_2' for task execution.
[2024-07-17T10:09:15.341+0000] {python.py:237} INFO - Done. Returned value was: None
[2024-07-17T10:09:15.341+0000] {taskinstance.py:441} INFO - ::group::Post task execution logs
[2024-07-17T10:09:15.345+0000] {taskinstance.py:1206} INFO - Marking task as SUCCESS. dag_id=dag_with_postgres_hooks, task_id=concat_data, run_id=manual__2024-07-17T10:09:11.485136+00:00, execution_date=20240717T100911, start_date=20240717T100915, end_date=20240717T100915
[2024-07-17T10:09:15.363+0000] {local_task_job_runner.py:240} INFO - Task exited with return code 0
[2024-07-17T10:09:15.373+0000] {taskinstance.py:3503} INFO - 1 downstream tasks scheduled from follow-on schedule check
[2024-07-17T10:09:15.373+0000] {local_task_job_runner.py:222} INFO - ::endgroup::
