[2024-12-17T10:32:10.977+0000] {processor.py:161} INFO - Started process (PID=98) to work on /home/airflow/.local/lib/python3.12/site-packages/airflow/example_dags/example_skip_dag.py
[2024-12-17T10:32:10.978+0000] {processor.py:830} INFO - Processing file /home/airflow/.local/lib/python3.12/site-packages/airflow/example_dags/example_skip_dag.py for tasks to queue
[2024-12-17T10:32:10.978+0000] {logging_mixin.py:188} INFO - [2024-12-17T10:32:10.978+0000] {dagbag.py:545} INFO - Filling up the DagBag from /home/airflow/.local/lib/python3.12/site-packages/airflow/example_dags/example_skip_dag.py
[2024-12-17T10:32:10.983+0000] {processor.py:840} INFO - DAG(s) 'example_skip_dag' retrieved from /home/airflow/.local/lib/python3.12/site-packages/airflow/example_dags/example_skip_dag.py
[2024-12-17T10:32:10.996+0000] {logging_mixin.py:188} INFO - [2024-12-17T10:32:10.996+0000] {dag.py:3089} INFO - Sync 1 DAGs
[2024-12-17T10:32:11.005+0000] {logging_mixin.py:188} INFO - [2024-12-17T10:32:11.005+0000] {dag.py:3947} INFO - Setting next_dagrun for example_skip_dag to 2024-12-16 00:00:00+00:00, run_after=2024-12-17 00:00:00+00:00
[2024-12-17T10:32:11.012+0000] {processor.py:183} INFO - Processing /home/airflow/.local/lib/python3.12/site-packages/airflow/example_dags/example_skip_dag.py took 0.037 seconds
[2024-12-17T10:52:02.238+0000] {processor.py:161} INFO - Started process (PID=74) to work on /home/airflow/.local/lib/python3.12/site-packages/airflow/example_dags/example_skip_dag.py
[2024-12-17T10:52:02.239+0000] {processor.py:830} INFO - Processing file /home/airflow/.local/lib/python3.12/site-packages/airflow/example_dags/example_skip_dag.py for tasks to queue
[2024-12-17T10:52:02.240+0000] {logging_mixin.py:188} INFO - [2024-12-17T10:52:02.239+0000] {dagbag.py:545} INFO - Filling up the DagBag from /home/airflow/.local/lib/python3.12/site-packages/airflow/example_dags/example_skip_dag.py
[2024-12-17T10:52:02.245+0000] {processor.py:840} INFO - DAG(s) 'example_skip_dag' retrieved from /home/airflow/.local/lib/python3.12/site-packages/airflow/example_dags/example_skip_dag.py
[2024-12-17T10:52:02.260+0000] {logging_mixin.py:188} INFO - [2024-12-17T10:52:02.260+0000] {dag.py:3089} INFO - Sync 1 DAGs
[2024-12-17T10:52:02.268+0000] {logging_mixin.py:188} INFO - [2024-12-17T10:52:02.268+0000] {dag.py:3947} INFO - Setting next_dagrun for example_skip_dag to 2024-12-16 00:00:00+00:00, run_after=2024-12-17 00:00:00+00:00
[2024-12-17T10:52:02.274+0000] {processor.py:183} INFO - Processing /home/airflow/.local/lib/python3.12/site-packages/airflow/example_dags/example_skip_dag.py took 0.039 seconds
[2024-12-17T10:52:36.163+0000] {processor.py:161} INFO - Started process (PID=146) to work on /home/airflow/.local/lib/python3.12/site-packages/airflow/example_dags/example_skip_dag.py
[2024-12-17T10:52:36.164+0000] {processor.py:830} INFO - Processing file /home/airflow/.local/lib/python3.12/site-packages/airflow/example_dags/example_skip_dag.py for tasks to queue
[2024-12-17T10:52:36.165+0000] {logging_mixin.py:188} INFO - [2024-12-17T10:52:36.165+0000] {dagbag.py:545} INFO - Filling up the DagBag from /home/airflow/.local/lib/python3.12/site-packages/airflow/example_dags/example_skip_dag.py
[2024-12-17T10:52:36.168+0000] {processor.py:840} INFO - DAG(s) 'example_skip_dag' retrieved from /home/airflow/.local/lib/python3.12/site-packages/airflow/example_dags/example_skip_dag.py
[2024-12-17T10:52:36.178+0000] {logging_mixin.py:188} INFO - [2024-12-17T10:52:36.178+0000] {dag.py:3089} INFO - Sync 1 DAGs
[2024-12-17T10:52:36.188+0000] {logging_mixin.py:188} INFO - [2024-12-17T10:52:36.187+0000] {dag.py:3947} INFO - Setting next_dagrun for example_skip_dag to 2024-12-16 00:00:00+00:00, run_after=2024-12-17 00:00:00+00:00
[2024-12-17T10:52:36.195+0000] {processor.py:183} INFO - Processing /home/airflow/.local/lib/python3.12/site-packages/airflow/example_dags/example_skip_dag.py took 0.035 seconds
