[2024-12-17T10:32:11.064+0000] {processor.py:161} INFO - Started process (PID=100) to work on /home/airflow/.local/lib/python3.12/site-packages/airflow/example_dags/example_sensors.py
[2024-12-17T10:32:11.065+0000] {processor.py:830} INFO - Processing file /home/airflow/.local/lib/python3.12/site-packages/airflow/example_dags/example_sensors.py for tasks to queue
[2024-12-17T10:32:11.066+0000] {logging_mixin.py:188} INFO - [2024-12-17T10:32:11.066+0000] {dagbag.py:545} INFO - Filling up the DagBag from /home/airflow/.local/lib/python3.12/site-packages/airflow/example_dags/example_sensors.py
[2024-12-17T10:32:11.071+0000] {processor.py:840} INFO - DAG(s) 'example_sensors' retrieved from /home/airflow/.local/lib/python3.12/site-packages/airflow/example_dags/example_sensors.py
[2024-12-17T10:32:11.086+0000] {logging_mixin.py:188} INFO - [2024-12-17T10:32:11.086+0000] {dag.py:3089} INFO - Sync 1 DAGs
[2024-12-17T10:32:11.092+0000] {logging_mixin.py:188} INFO - [2024-12-17T10:32:11.092+0000] {dag.py:3947} INFO - Setting next_dagrun for example_sensors to None, run_after=None
[2024-12-17T10:32:11.099+0000] {processor.py:183} INFO - Processing /home/airflow/.local/lib/python3.12/site-packages/airflow/example_dags/example_sensors.py took 0.037 seconds
[2024-12-17T10:52:02.286+0000] {processor.py:161} INFO - Started process (PID=76) to work on /home/airflow/.local/lib/python3.12/site-packages/airflow/example_dags/example_sensors.py
[2024-12-17T10:52:02.287+0000] {processor.py:830} INFO - Processing file /home/airflow/.local/lib/python3.12/site-packages/airflow/example_dags/example_sensors.py for tasks to queue
[2024-12-17T10:52:02.287+0000] {logging_mixin.py:188} INFO - [2024-12-17T10:52:02.287+0000] {dagbag.py:545} INFO - Filling up the DagBag from /home/airflow/.local/lib/python3.12/site-packages/airflow/example_dags/example_sensors.py
[2024-12-17T10:52:02.292+0000] {processor.py:840} INFO - DAG(s) 'example_sensors' retrieved from /home/airflow/.local/lib/python3.12/site-packages/airflow/example_dags/example_sensors.py
[2024-12-17T10:52:02.306+0000] {logging_mixin.py:188} INFO - [2024-12-17T10:52:02.306+0000] {dag.py:3089} INFO - Sync 1 DAGs
[2024-12-17T10:52:02.311+0000] {logging_mixin.py:188} INFO - [2024-12-17T10:52:02.310+0000] {dag.py:3947} INFO - Setting next_dagrun for example_sensors to None, run_after=None
[2024-12-17T10:52:02.317+0000] {processor.py:183} INFO - Processing /home/airflow/.local/lib/python3.12/site-packages/airflow/example_dags/example_sensors.py took 0.034 seconds
[2024-12-17T10:52:36.210+0000] {processor.py:161} INFO - Started process (PID=148) to work on /home/airflow/.local/lib/python3.12/site-packages/airflow/example_dags/example_sensors.py
[2024-12-17T10:52:36.211+0000] {processor.py:830} INFO - Processing file /home/airflow/.local/lib/python3.12/site-packages/airflow/example_dags/example_sensors.py for tasks to queue
[2024-12-17T10:52:36.212+0000] {logging_mixin.py:188} INFO - [2024-12-17T10:52:36.212+0000] {dagbag.py:545} INFO - Filling up the DagBag from /home/airflow/.local/lib/python3.12/site-packages/airflow/example_dags/example_sensors.py
[2024-12-17T10:52:36.216+0000] {processor.py:840} INFO - DAG(s) 'example_sensors' retrieved from /home/airflow/.local/lib/python3.12/site-packages/airflow/example_dags/example_sensors.py
[2024-12-17T10:52:36.231+0000] {logging_mixin.py:188} INFO - [2024-12-17T10:52:36.231+0000] {dag.py:3089} INFO - Sync 1 DAGs
[2024-12-17T10:52:36.236+0000] {logging_mixin.py:188} INFO - [2024-12-17T10:52:36.236+0000] {dag.py:3947} INFO - Setting next_dagrun for example_sensors to None, run_after=None
[2024-12-17T10:52:36.246+0000] {processor.py:183} INFO - Processing /home/airflow/.local/lib/python3.12/site-packages/airflow/example_dags/example_sensors.py took 0.039 seconds
