[2024-12-17T10:32:11.158+0000] {processor.py:161} INFO - Started process (PID=103) to work on /home/airflow/.local/lib/python3.12/site-packages/airflow/example_dags/tutorial.py
[2024-12-17T10:32:11.159+0000] {processor.py:830} INFO - Processing file /home/airflow/.local/lib/python3.12/site-packages/airflow/example_dags/tutorial.py for tasks to queue
[2024-12-17T10:32:11.160+0000] {logging_mixin.py:188} INFO - [2024-12-17T10:32:11.160+0000] {dagbag.py:545} INFO - Filling up the DagBag from /home/airflow/.local/lib/python3.12/site-packages/airflow/example_dags/tutorial.py
[2024-12-17T10:32:11.163+0000] {processor.py:840} INFO - DAG(s) 'tutorial' retrieved from /home/airflow/.local/lib/python3.12/site-packages/airflow/example_dags/tutorial.py
[2024-12-17T10:32:11.179+0000] {logging_mixin.py:188} INFO - [2024-12-17T10:32:11.179+0000] {dag.py:3089} INFO - Sync 1 DAGs
[2024-12-17T10:32:11.196+0000] {logging_mixin.py:188} INFO - [2024-12-17T10:32:11.196+0000] {dag.py:3947} INFO - Setting next_dagrun for tutorial to 2024-12-16 00:00:00+00:00, run_after=2024-12-17 00:00:00+00:00
[2024-12-17T10:32:11.206+0000] {processor.py:183} INFO - Processing /home/airflow/.local/lib/python3.12/site-packages/airflow/example_dags/tutorial.py took 0.051 seconds
[2024-12-17T10:52:02.376+0000] {processor.py:161} INFO - Started process (PID=79) to work on /home/airflow/.local/lib/python3.12/site-packages/airflow/example_dags/tutorial.py
[2024-12-17T10:52:02.377+0000] {processor.py:830} INFO - Processing file /home/airflow/.local/lib/python3.12/site-packages/airflow/example_dags/tutorial.py for tasks to queue
[2024-12-17T10:52:02.379+0000] {logging_mixin.py:188} INFO - [2024-12-17T10:52:02.379+0000] {dagbag.py:545} INFO - Filling up the DagBag from /home/airflow/.local/lib/python3.12/site-packages/airflow/example_dags/tutorial.py
[2024-12-17T10:52:02.384+0000] {processor.py:840} INFO - DAG(s) 'tutorial' retrieved from /home/airflow/.local/lib/python3.12/site-packages/airflow/example_dags/tutorial.py
[2024-12-17T10:52:02.400+0000] {logging_mixin.py:188} INFO - [2024-12-17T10:52:02.400+0000] {dag.py:3089} INFO - Sync 1 DAGs
[2024-12-17T10:52:02.411+0000] {logging_mixin.py:188} INFO - [2024-12-17T10:52:02.411+0000] {dag.py:3947} INFO - Setting next_dagrun for tutorial to 2024-12-16 00:00:00+00:00, run_after=2024-12-17 00:00:00+00:00
[2024-12-17T10:52:02.420+0000] {processor.py:183} INFO - Processing /home/airflow/.local/lib/python3.12/site-packages/airflow/example_dags/tutorial.py took 0.046 seconds
[2024-12-17T10:52:36.309+0000] {processor.py:161} INFO - Started process (PID=151) to work on /home/airflow/.local/lib/python3.12/site-packages/airflow/example_dags/tutorial.py
[2024-12-17T10:52:36.310+0000] {processor.py:830} INFO - Processing file /home/airflow/.local/lib/python3.12/site-packages/airflow/example_dags/tutorial.py for tasks to queue
[2024-12-17T10:52:36.311+0000] {logging_mixin.py:188} INFO - [2024-12-17T10:52:36.311+0000] {dagbag.py:545} INFO - Filling up the DagBag from /home/airflow/.local/lib/python3.12/site-packages/airflow/example_dags/tutorial.py
[2024-12-17T10:52:36.315+0000] {processor.py:840} INFO - DAG(s) 'tutorial' retrieved from /home/airflow/.local/lib/python3.12/site-packages/airflow/example_dags/tutorial.py
[2024-12-17T10:52:36.329+0000] {logging_mixin.py:188} INFO - [2024-12-17T10:52:36.329+0000] {dag.py:3089} INFO - Sync 1 DAGs
[2024-12-17T10:52:36.340+0000] {logging_mixin.py:188} INFO - [2024-12-17T10:52:36.340+0000] {dag.py:3947} INFO - Setting next_dagrun for tutorial to 2024-12-16 00:00:00+00:00, run_after=2024-12-17 00:00:00+00:00
[2024-12-17T10:52:36.348+0000] {processor.py:183} INFO - Processing /home/airflow/.local/lib/python3.12/site-packages/airflow/example_dags/tutorial.py took 0.042 seconds
