{"timestamp":"2025-06-11T19:32:31.553281","level":"info","event":"DAG bundles loaded: dags-folder, example_dags","logger":"airflow.dag_processing.bundles.manager.DagBundlesManager"}
{"timestamp":"2025-06-11T19:32:31.553566","level":"info","event":"Filling up the DagBag from /opt/airflow/dags/Update.py","logger":"airflow.models.dagbag.DagBag"}
{"timestamp":"2025-06-11T19:32:32.811189","level":"warning","event":"empty cryptography key - values will not be stored encrypted.","logger":"airflow.models.crypto"}
{"timestamp":"2025-06-11T19:32:32.974012Z","level":"info","event":"Task instance is in running state","chan":"stdout","logger":"task"}
{"timestamp":"2025-06-11T19:32:32.974754Z","level":"info","event":" Previous state of the Task instance: queued","chan":"stdout","logger":"task"}
{"timestamp":"2025-06-11T19:32:32.974837Z","level":"info","event":"Current task name:prediction","chan":"stdout","logger":"task"}
{"timestamp":"2025-06-11T19:32:32.974913Z","level":"info","event":"Dag name:Stock_prediction_update","chan":"stdout","logger":"task"}
{"timestamp":"2025-06-11T19:32:32.815835","level":"info","event":"Secrets backends loaded for worker","count":1,"backend_classes":["EnvironmentVariablesBackend"],"logger":"supervisor"}
{"timestamp":"2025-06-11T19:32:32.974547","level":"info","event":"Connection Retrieved 'postgres'","logger":"airflow.hooks.base"}
{"timestamp":"2025-06-11T19:32:32.980478","level":"warning","event":"/home/airflow/.local/lib/python3.12/site-packages/airflow/providers/common/sql/hooks/sql.py:462: UserWarning: pandas only supports SQLAlchemy connectable (engine/connection) or database string URI or sqlite3 DBAPI2 connection. Other DBAPI2 objects are not tested. Please consider using SQLAlchemy.\n  return psql.read_sql(sql, con=conn, params=parameters, **kwargs)\n","logger":"py.warnings"}
{"timestamp":"2025-06-11T19:32:35.564097","level":"warning","event":"/opt/airflow/dags/Update.py:168: SettingWithCopyWarning: \nA value is trying to be set on a copy of a slice from a DataFrame\n\nSee the caveats in the documentation: https://pandas.pydata.org/pandas-docs/stable/user_guide/indexing.html#returning-a-view-versus-a-copy\n  df['close_t+1'].iloc[:-1] = df['close'].iloc[1:]\n","logger":"py.warnings"}
{"timestamp":"2025-06-11T19:32:36.172974","level":"warning","event":"/opt/airflow/dags/Update.py:246: SettingWithCopyWarning: \nA value is trying to be set on a copy of a slice from a DataFrame.\nTry using .loc[row_indexer,col_indexer] = value instead\n\nSee the caveats in the documentation: https://pandas.pydata.org/pandas-docs/stable/user_guide/indexing.html#returning-a-view-versus-a-copy\n  df_close['date'] = pd.to_datetime(df_close['date'],format= '%Y-%m-%d')\n","logger":"py.warnings"}
{"timestamp":"2025-06-11T19:32:36.176488Z","level":"info","event":"           date    close","chan":"stdout","logger":"task"}
{"timestamp":"2025-06-11T19:32:36.176571Z","level":"info","event":"0    2006-12-04   6921.0","chan":"stdout","logger":"task"}
{"timestamp":"2025-06-11T19:32:36.176613Z","level":"info","event":"1    2006-12-05   6757.0","chan":"stdout","logger":"task"}
{"timestamp":"2025-06-11T19:32:36.176650Z","level":"info","event":"2    2006-12-06   6921.0","chan":"stdout","logger":"task"}
{"timestamp":"2025-06-11T19:32:36.176686Z","level":"info","event":"3    2006-12-07   7388.0","chan":"stdout","logger":"task"}
{"timestamp":"2025-06-11T19:32:36.176720Z","level":"info","event":"4    2006-12-08   7745.0","chan":"stdout","logger":"task"}
{"timestamp":"2025-06-11T19:32:36.176754Z","level":"info","event":"...         ...      ...","chan":"stdout","logger":"task"}
{"timestamp":"2025-06-11T19:32:36.176791Z","level":"info","event":"4607 2025-06-04  21300.0","chan":"stdout","logger":"task"}
{"timestamp":"2025-06-11T19:32:36.176829Z","level":"info","event":"4608 2025-06-05  21150.0","chan":"stdout","logger":"task"}
{"timestamp":"2025-06-11T19:32:36.176865Z","level":"info","event":"4609 2025-06-06  21050.0","chan":"stdout","logger":"task"}
{"timestamp":"2025-06-11T19:32:36.176898Z","level":"info","event":"4610 2025-06-10  20950.0","chan":"stdout","logger":"task"}
{"timestamp":"2025-06-11T19:32:36.176974Z","level":"info","event":"4611 2025-06-11  20950.0","chan":"stdout","logger":"task"}
{"timestamp":"2025-06-11T19:32:36.177012Z","level":"info","event":"","chan":"stdout","logger":"task"}
{"timestamp":"2025-06-11T19:32:36.177068Z","level":"info","event":"[4612 rows x 2 columns]","chan":"stdout","logger":"task"}
{"timestamp":"2025-06-11T19:32:36.178845Z","level":"info","event":"        date    close","chan":"stdout","logger":"task"}
{"timestamp":"2025-06-11T19:32:36.178923Z","level":"info","event":"0 2025-06-12  21142.0","chan":"stdout","logger":"task"}
{"timestamp":"2025-06-11T19:32:36.504885","level":"error","event":"Task failed with exception","logger":"task","error_detail":[{"exc_type":"BadCredentialsException","exc_value":"401 {\"message\": \"Bad credentials\", \"documentation_url\": \"https://docs.github.com/rest\", \"status\": \"401\"}","exc_notes":[],"syntax_error":null,"is_cause":false,"frames":[{"filename":"/home/airflow/.local/lib/python3.12/site-packages/airflow/sdk/execution_time/task_runner.py","lineno":825,"name":"run"},{"filename":"/home/airflow/.local/lib/python3.12/site-packages/airflow/sdk/execution_time/task_runner.py","lineno":1088,"name":"_execute_task"},{"filename":"/home/airflow/.local/lib/python3.12/site-packages/airflow/sdk/bases/operator.py","lineno":408,"name":"wrapper"},{"filename":"/home/airflow/.local/lib/python3.12/site-packages/airflow/providers/standard/operators/python.py","lineno":212,"name":"execute"},{"filename":"/home/airflow/.local/lib/python3.12/site-packages/airflow/providers/standard/operators/python.py","lineno":235,"name":"execute_callable"},{"filename":"/home/airflow/.local/lib/python3.12/site-packages/airflow/sdk/execution_time/callback_runner.py","lineno":81,"name":"run"},{"filename":"/opt/airflow/dags/Update.py","lineno":290,"name":"prediction"},{"filename":"/home/airflow/.local/lib/python3.12/site-packages/github/AuthenticatedUser.py","lineno":854,"name":"get_repo"},{"filename":"/home/airflow/.local/lib/python3.12/site-packages/github/AuthenticatedUser.py","lineno":282,"name":"login"},{"filename":"/home/airflow/.local/lib/python3.12/site-packages/github/GithubObject.py","lineno":543,"name":"_completeIfNotSet"},{"filename":"/home/airflow/.local/lib/python3.12/site-packages/github/GithubObject.py","lineno":547,"name":"_completeIfNeeded"},{"filename":"/home/airflow/.local/lib/python3.12/site-packages/github/GithubObject.py","lineno":552,"name":"__complete"},{"filename":"/home/airflow/.local/lib/python3.12/site-packages/github/Requester.py","lineno":624,"name":"requestJsonAndCheck"},{"filename":"/home/airflow/.local/lib/python3.12/site-packages/github/Requester.py","lineno":792,"name":"__check"}]}]}
{"timestamp":"2025-06-11T19:32:36.505930Z","level":"info","event":"Task instance in failure state","chan":"stdout","logger":"task"}
{"timestamp":"2025-06-11T19:32:36.506334Z","level":"info","event":"Task start","chan":"stdout","logger":"task"}
{"timestamp":"2025-06-11T19:32:36.506464Z","level":"info","event":"Task:<Task(PythonOperator): prediction>","chan":"stdout","logger":"task"}
{"timestamp":"2025-06-11T19:32:36.506570Z","level":"info","event":"Failure caused by 401 {\"message\": \"Bad credentials\", \"documentation_url\": \"https://docs.github.com/rest\", \"status\": \"401\"}","chan":"stdout","logger":"task"}
