[2025-03-28T14:57:31.925+0000] {processor.py:161} INFO - Started process (PID=84) to work on /home/airflow/.local/lib/python3.12/site-packages/airflow/example_dags/example_bash_decorator.py
[2025-03-28T14:57:31.925+0000] {processor.py:830} INFO - Processing file /home/airflow/.local/lib/python3.12/site-packages/airflow/example_dags/example_bash_decorator.py for tasks to queue
[2025-03-28T14:57:31.926+0000] {logging_mixin.py:188} INFO - [2025-03-28T14:57:31.926+0000] {dagbag.py:545} INFO - Filling up the DagBag from /home/airflow/.local/lib/python3.12/site-packages/airflow/example_dags/example_bash_decorator.py
[2025-03-28T14:57:31.935+0000] {processor.py:840} INFO - DAG(s) 'example_bash_decorator' retrieved from /home/airflow/.local/lib/python3.12/site-packages/airflow/example_dags/example_bash_decorator.py
[2025-03-28T14:57:32.007+0000] {logging_mixin.py:188} INFO - [2025-03-28T14:57:32.007+0000] {dag.py:3089} INFO - Sync 1 DAGs
[2025-03-28T14:57:32.013+0000] {logging_mixin.py:188} INFO - [2025-03-28T14:57:32.013+0000] {dag.py:3947} INFO - Setting next_dagrun for example_bash_decorator to None, run_after=None
[2025-03-28T14:57:32.022+0000] {processor.py:183} INFO - Processing /home/airflow/.local/lib/python3.12/site-packages/airflow/example_dags/example_bash_decorator.py took 0.102 seconds
[2025-03-28T14:58:04.966+0000] {processor.py:161} INFO - Started process (PID=155) to work on /home/airflow/.local/lib/python3.12/site-packages/airflow/example_dags/example_bash_decorator.py
[2025-03-28T14:58:04.966+0000] {processor.py:830} INFO - Processing file /home/airflow/.local/lib/python3.12/site-packages/airflow/example_dags/example_bash_decorator.py for tasks to queue
[2025-03-28T14:58:04.968+0000] {logging_mixin.py:188} INFO - [2025-03-28T14:58:04.968+0000] {dagbag.py:545} INFO - Filling up the DagBag from /home/airflow/.local/lib/python3.12/site-packages/airflow/example_dags/example_bash_decorator.py
[2025-03-28T14:58:04.977+0000] {processor.py:840} INFO - DAG(s) 'example_bash_decorator' retrieved from /home/airflow/.local/lib/python3.12/site-packages/airflow/example_dags/example_bash_decorator.py
[2025-03-28T14:58:04.990+0000] {logging_mixin.py:188} INFO - [2025-03-28T14:58:04.990+0000] {dag.py:3089} INFO - Sync 1 DAGs
[2025-03-28T14:58:05.000+0000] {logging_mixin.py:188} INFO - [2025-03-28T14:58:05.000+0000] {dag.py:3947} INFO - Setting next_dagrun for example_bash_decorator to None, run_after=None
[2025-03-28T14:58:05.008+0000] {processor.py:183} INFO - Processing /home/airflow/.local/lib/python3.12/site-packages/airflow/example_dags/example_bash_decorator.py took 0.045 seconds
[2025-03-28T14:58:37.765+0000] {processor.py:161} INFO - Started process (PID=227) to work on /home/airflow/.local/lib/python3.12/site-packages/airflow/example_dags/example_bash_decorator.py
[2025-03-28T14:58:37.765+0000] {processor.py:830} INFO - Processing file /home/airflow/.local/lib/python3.12/site-packages/airflow/example_dags/example_bash_decorator.py for tasks to queue
[2025-03-28T14:58:37.766+0000] {logging_mixin.py:188} INFO - [2025-03-28T14:58:37.766+0000] {dagbag.py:545} INFO - Filling up the DagBag from /home/airflow/.local/lib/python3.12/site-packages/airflow/example_dags/example_bash_decorator.py
[2025-03-28T14:58:37.772+0000] {processor.py:840} INFO - DAG(s) 'example_bash_decorator' retrieved from /home/airflow/.local/lib/python3.12/site-packages/airflow/example_dags/example_bash_decorator.py
[2025-03-28T14:58:37.782+0000] {logging_mixin.py:188} INFO - [2025-03-28T14:58:37.782+0000] {dag.py:3089} INFO - Sync 1 DAGs
[2025-03-28T14:58:37.789+0000] {logging_mixin.py:188} INFO - [2025-03-28T14:58:37.789+0000] {dag.py:3947} INFO - Setting next_dagrun for example_bash_decorator to None, run_after=None
[2025-03-28T14:58:37.798+0000] {processor.py:183} INFO - Processing /home/airflow/.local/lib/python3.12/site-packages/airflow/example_dags/example_bash_decorator.py took 0.036 seconds
[2025-03-28T14:59:10.278+0000] {processor.py:161} INFO - Started process (PID=299) to work on /home/airflow/.local/lib/python3.12/site-packages/airflow/example_dags/example_bash_decorator.py
[2025-03-28T14:59:10.278+0000] {processor.py:830} INFO - Processing file /home/airflow/.local/lib/python3.12/site-packages/airflow/example_dags/example_bash_decorator.py for tasks to queue
[2025-03-28T14:59:10.279+0000] {logging_mixin.py:188} INFO - [2025-03-28T14:59:10.279+0000] {dagbag.py:545} INFO - Filling up the DagBag from /home/airflow/.local/lib/python3.12/site-packages/airflow/example_dags/example_bash_decorator.py
[2025-03-28T14:59:10.284+0000] {processor.py:840} INFO - DAG(s) 'example_bash_decorator' retrieved from /home/airflow/.local/lib/python3.12/site-packages/airflow/example_dags/example_bash_decorator.py
[2025-03-28T14:59:10.293+0000] {logging_mixin.py:188} INFO - [2025-03-28T14:59:10.293+0000] {dag.py:3089} INFO - Sync 1 DAGs
[2025-03-28T14:59:10.298+0000] {logging_mixin.py:188} INFO - [2025-03-28T14:59:10.298+0000] {dag.py:3947} INFO - Setting next_dagrun for example_bash_decorator to None, run_after=None
[2025-03-28T14:59:10.304+0000] {processor.py:183} INFO - Processing /home/airflow/.local/lib/python3.12/site-packages/airflow/example_dags/example_bash_decorator.py took 0.029 seconds
[2025-03-28T14:59:42.926+0000] {processor.py:161} INFO - Started process (PID=371) to work on /home/airflow/.local/lib/python3.12/site-packages/airflow/example_dags/example_bash_decorator.py
[2025-03-28T14:59:42.927+0000] {processor.py:830} INFO - Processing file /home/airflow/.local/lib/python3.12/site-packages/airflow/example_dags/example_bash_decorator.py for tasks to queue
[2025-03-28T14:59:42.928+0000] {logging_mixin.py:188} INFO - [2025-03-28T14:59:42.928+0000] {dagbag.py:545} INFO - Filling up the DagBag from /home/airflow/.local/lib/python3.12/site-packages/airflow/example_dags/example_bash_decorator.py
[2025-03-28T14:59:42.933+0000] {processor.py:840} INFO - DAG(s) 'example_bash_decorator' retrieved from /home/airflow/.local/lib/python3.12/site-packages/airflow/example_dags/example_bash_decorator.py
[2025-03-28T14:59:42.948+0000] {logging_mixin.py:188} INFO - [2025-03-28T14:59:42.948+0000] {dag.py:3089} INFO - Sync 1 DAGs
[2025-03-28T14:59:42.955+0000] {logging_mixin.py:188} INFO - [2025-03-28T14:59:42.955+0000] {dag.py:3947} INFO - Setting next_dagrun for example_bash_decorator to None, run_after=None
[2025-03-28T14:59:42.967+0000] {processor.py:183} INFO - Processing /home/airflow/.local/lib/python3.12/site-packages/airflow/example_dags/example_bash_decorator.py took 0.044 seconds
[2025-03-28T15:00:15.550+0000] {processor.py:161} INFO - Started process (PID=443) to work on /home/airflow/.local/lib/python3.12/site-packages/airflow/example_dags/example_bash_decorator.py
[2025-03-28T15:00:15.550+0000] {processor.py:830} INFO - Processing file /home/airflow/.local/lib/python3.12/site-packages/airflow/example_dags/example_bash_decorator.py for tasks to queue
[2025-03-28T15:00:15.551+0000] {logging_mixin.py:188} INFO - [2025-03-28T15:00:15.551+0000] {dagbag.py:545} INFO - Filling up the DagBag from /home/airflow/.local/lib/python3.12/site-packages/airflow/example_dags/example_bash_decorator.py
[2025-03-28T15:00:15.556+0000] {processor.py:840} INFO - DAG(s) 'example_bash_decorator' retrieved from /home/airflow/.local/lib/python3.12/site-packages/airflow/example_dags/example_bash_decorator.py
[2025-03-28T15:00:15.565+0000] {logging_mixin.py:188} INFO - [2025-03-28T15:00:15.565+0000] {dag.py:3089} INFO - Sync 1 DAGs
[2025-03-28T15:00:15.570+0000] {logging_mixin.py:188} INFO - [2025-03-28T15:00:15.570+0000] {dag.py:3947} INFO - Setting next_dagrun for example_bash_decorator to None, run_after=None
[2025-03-28T15:00:15.577+0000] {processor.py:183} INFO - Processing /home/airflow/.local/lib/python3.12/site-packages/airflow/example_dags/example_bash_decorator.py took 0.029 seconds
[2025-03-28T15:00:48.244+0000] {processor.py:161} INFO - Started process (PID=516) to work on /home/airflow/.local/lib/python3.12/site-packages/airflow/example_dags/example_bash_decorator.py
[2025-03-28T15:00:48.245+0000] {processor.py:830} INFO - Processing file /home/airflow/.local/lib/python3.12/site-packages/airflow/example_dags/example_bash_decorator.py for tasks to queue
[2025-03-28T15:00:48.246+0000] {logging_mixin.py:188} INFO - [2025-03-28T15:00:48.246+0000] {dagbag.py:545} INFO - Filling up the DagBag from /home/airflow/.local/lib/python3.12/site-packages/airflow/example_dags/example_bash_decorator.py
[2025-03-28T15:00:48.257+0000] {processor.py:840} INFO - DAG(s) 'example_bash_decorator' retrieved from /home/airflow/.local/lib/python3.12/site-packages/airflow/example_dags/example_bash_decorator.py
[2025-03-28T15:00:48.269+0000] {logging_mixin.py:188} INFO - [2025-03-28T15:00:48.269+0000] {dag.py:3089} INFO - Sync 1 DAGs
[2025-03-28T15:00:48.277+0000] {logging_mixin.py:188} INFO - [2025-03-28T15:00:48.277+0000] {dag.py:3947} INFO - Setting next_dagrun for example_bash_decorator to None, run_after=None
[2025-03-28T15:00:48.289+0000] {processor.py:183} INFO - Processing /home/airflow/.local/lib/python3.12/site-packages/airflow/example_dags/example_bash_decorator.py took 0.047 seconds
[2025-03-28T15:01:20.973+0000] {processor.py:161} INFO - Started process (PID=588) to work on /home/airflow/.local/lib/python3.12/site-packages/airflow/example_dags/example_bash_decorator.py
[2025-03-28T15:01:20.974+0000] {processor.py:830} INFO - Processing file /home/airflow/.local/lib/python3.12/site-packages/airflow/example_dags/example_bash_decorator.py for tasks to queue
[2025-03-28T15:01:20.974+0000] {logging_mixin.py:188} INFO - [2025-03-28T15:01:20.974+0000] {dagbag.py:545} INFO - Filling up the DagBag from /home/airflow/.local/lib/python3.12/site-packages/airflow/example_dags/example_bash_decorator.py
[2025-03-28T15:01:20.980+0000] {processor.py:840} INFO - DAG(s) 'example_bash_decorator' retrieved from /home/airflow/.local/lib/python3.12/site-packages/airflow/example_dags/example_bash_decorator.py
[2025-03-28T15:01:20.989+0000] {logging_mixin.py:188} INFO - [2025-03-28T15:01:20.989+0000] {dag.py:3089} INFO - Sync 1 DAGs
[2025-03-28T15:01:20.994+0000] {logging_mixin.py:188} INFO - [2025-03-28T15:01:20.994+0000] {dag.py:3947} INFO - Setting next_dagrun for example_bash_decorator to None, run_after=None
[2025-03-28T15:01:21.000+0000] {processor.py:183} INFO - Processing /home/airflow/.local/lib/python3.12/site-packages/airflow/example_dags/example_bash_decorator.py took 0.029 seconds
[2025-03-28T15:01:53.211+0000] {processor.py:161} INFO - Started process (PID=659) to work on /home/airflow/.local/lib/python3.12/site-packages/airflow/example_dags/example_bash_decorator.py
[2025-03-28T15:01:53.211+0000] {processor.py:830} INFO - Processing file /home/airflow/.local/lib/python3.12/site-packages/airflow/example_dags/example_bash_decorator.py for tasks to queue
[2025-03-28T15:01:53.212+0000] {logging_mixin.py:188} INFO - [2025-03-28T15:01:53.212+0000] {dagbag.py:545} INFO - Filling up the DagBag from /home/airflow/.local/lib/python3.12/site-packages/airflow/example_dags/example_bash_decorator.py
[2025-03-28T15:01:53.301+0000] {processor.py:840} INFO - DAG(s) 'example_bash_decorator' retrieved from /home/airflow/.local/lib/python3.12/site-packages/airflow/example_dags/example_bash_decorator.py
[2025-03-28T15:01:53.313+0000] {logging_mixin.py:188} INFO - [2025-03-28T15:01:53.313+0000] {dag.py:3089} INFO - Sync 1 DAGs
[2025-03-28T15:01:53.317+0000] {logging_mixin.py:188} INFO - [2025-03-28T15:01:53.317+0000] {dag.py:3947} INFO - Setting next_dagrun for example_bash_decorator to None, run_after=None
[2025-03-28T15:01:53.326+0000] {processor.py:183} INFO - Processing /home/airflow/.local/lib/python3.12/site-packages/airflow/example_dags/example_bash_decorator.py took 0.119 seconds
[2025-03-28T15:02:26.133+0000] {processor.py:161} INFO - Started process (PID=731) to work on /home/airflow/.local/lib/python3.12/site-packages/airflow/example_dags/example_bash_decorator.py
[2025-03-28T15:02:26.134+0000] {processor.py:830} INFO - Processing file /home/airflow/.local/lib/python3.12/site-packages/airflow/example_dags/example_bash_decorator.py for tasks to queue
[2025-03-28T15:02:26.135+0000] {logging_mixin.py:188} INFO - [2025-03-28T15:02:26.135+0000] {dagbag.py:545} INFO - Filling up the DagBag from /home/airflow/.local/lib/python3.12/site-packages/airflow/example_dags/example_bash_decorator.py
[2025-03-28T15:02:26.158+0000] {processor.py:840} INFO - DAG(s) 'example_bash_decorator' retrieved from /home/airflow/.local/lib/python3.12/site-packages/airflow/example_dags/example_bash_decorator.py
[2025-03-28T15:02:26.188+0000] {logging_mixin.py:188} INFO - [2025-03-28T15:02:26.188+0000] {dag.py:3089} INFO - Sync 1 DAGs
[2025-03-28T15:02:26.201+0000] {logging_mixin.py:188} INFO - [2025-03-28T15:02:26.201+0000] {dag.py:3947} INFO - Setting next_dagrun for example_bash_decorator to None, run_after=None
[2025-03-28T15:02:26.215+0000] {processor.py:183} INFO - Processing /home/airflow/.local/lib/python3.12/site-packages/airflow/example_dags/example_bash_decorator.py took 0.090 seconds
[2025-03-28T15:02:58.971+0000] {processor.py:161} INFO - Started process (PID=803) to work on /home/airflow/.local/lib/python3.12/site-packages/airflow/example_dags/example_bash_decorator.py
[2025-03-28T15:02:58.972+0000] {processor.py:830} INFO - Processing file /home/airflow/.local/lib/python3.12/site-packages/airflow/example_dags/example_bash_decorator.py for tasks to queue
[2025-03-28T15:02:58.973+0000] {logging_mixin.py:188} INFO - [2025-03-28T15:02:58.972+0000] {dagbag.py:545} INFO - Filling up the DagBag from /home/airflow/.local/lib/python3.12/site-packages/airflow/example_dags/example_bash_decorator.py
[2025-03-28T15:02:58.979+0000] {processor.py:840} INFO - DAG(s) 'example_bash_decorator' retrieved from /home/airflow/.local/lib/python3.12/site-packages/airflow/example_dags/example_bash_decorator.py
[2025-03-28T15:02:58.989+0000] {logging_mixin.py:188} INFO - [2025-03-28T15:02:58.989+0000] {dag.py:3089} INFO - Sync 1 DAGs
[2025-03-28T15:02:58.994+0000] {logging_mixin.py:188} INFO - [2025-03-28T15:02:58.994+0000] {dag.py:3947} INFO - Setting next_dagrun for example_bash_decorator to None, run_after=None
[2025-03-28T15:02:59.000+0000] {processor.py:183} INFO - Processing /home/airflow/.local/lib/python3.12/site-packages/airflow/example_dags/example_bash_decorator.py took 0.032 seconds
[2025-03-28T15:03:31.507+0000] {processor.py:161} INFO - Started process (PID=881) to work on /home/airflow/.local/lib/python3.12/site-packages/airflow/example_dags/example_bash_decorator.py
[2025-03-28T15:03:31.508+0000] {processor.py:830} INFO - Processing file /home/airflow/.local/lib/python3.12/site-packages/airflow/example_dags/example_bash_decorator.py for tasks to queue
[2025-03-28T15:03:31.509+0000] {logging_mixin.py:188} INFO - [2025-03-28T15:03:31.509+0000] {dagbag.py:545} INFO - Filling up the DagBag from /home/airflow/.local/lib/python3.12/site-packages/airflow/example_dags/example_bash_decorator.py
[2025-03-28T15:03:31.516+0000] {processor.py:840} INFO - DAG(s) 'example_bash_decorator' retrieved from /home/airflow/.local/lib/python3.12/site-packages/airflow/example_dags/example_bash_decorator.py
[2025-03-28T15:03:31.528+0000] {logging_mixin.py:188} INFO - [2025-03-28T15:03:31.528+0000] {dag.py:3089} INFO - Sync 1 DAGs
[2025-03-28T15:03:31.536+0000] {logging_mixin.py:188} INFO - [2025-03-28T15:03:31.536+0000] {dag.py:3947} INFO - Setting next_dagrun for example_bash_decorator to None, run_after=None
[2025-03-28T15:03:31.551+0000] {processor.py:183} INFO - Processing /home/airflow/.local/lib/python3.12/site-packages/airflow/example_dags/example_bash_decorator.py took 0.047 seconds
[2025-03-28T15:04:03.961+0000] {processor.py:161} INFO - Started process (PID=952) to work on /home/airflow/.local/lib/python3.12/site-packages/airflow/example_dags/example_bash_decorator.py
[2025-03-28T15:04:03.962+0000] {processor.py:830} INFO - Processing file /home/airflow/.local/lib/python3.12/site-packages/airflow/example_dags/example_bash_decorator.py for tasks to queue
[2025-03-28T15:04:03.963+0000] {logging_mixin.py:188} INFO - [2025-03-28T15:04:03.962+0000] {dagbag.py:545} INFO - Filling up the DagBag from /home/airflow/.local/lib/python3.12/site-packages/airflow/example_dags/example_bash_decorator.py
[2025-03-28T15:04:03.968+0000] {processor.py:840} INFO - DAG(s) 'example_bash_decorator' retrieved from /home/airflow/.local/lib/python3.12/site-packages/airflow/example_dags/example_bash_decorator.py
[2025-03-28T15:04:03.978+0000] {logging_mixin.py:188} INFO - [2025-03-28T15:04:03.978+0000] {dag.py:3089} INFO - Sync 1 DAGs
[2025-03-28T15:04:03.982+0000] {logging_mixin.py:188} INFO - [2025-03-28T15:04:03.982+0000] {dag.py:3947} INFO - Setting next_dagrun for example_bash_decorator to None, run_after=None
[2025-03-28T15:04:03.988+0000] {processor.py:183} INFO - Processing /home/airflow/.local/lib/python3.12/site-packages/airflow/example_dags/example_bash_decorator.py took 0.029 seconds
[2025-03-28T15:04:36.534+0000] {processor.py:161} INFO - Started process (PID=1024) to work on /home/airflow/.local/lib/python3.12/site-packages/airflow/example_dags/example_bash_decorator.py
[2025-03-28T15:04:36.535+0000] {processor.py:830} INFO - Processing file /home/airflow/.local/lib/python3.12/site-packages/airflow/example_dags/example_bash_decorator.py for tasks to queue
[2025-03-28T15:04:36.536+0000] {logging_mixin.py:188} INFO - [2025-03-28T15:04:36.535+0000] {dagbag.py:545} INFO - Filling up the DagBag from /home/airflow/.local/lib/python3.12/site-packages/airflow/example_dags/example_bash_decorator.py
[2025-03-28T15:04:36.541+0000] {processor.py:840} INFO - DAG(s) 'example_bash_decorator' retrieved from /home/airflow/.local/lib/python3.12/site-packages/airflow/example_dags/example_bash_decorator.py
[2025-03-28T15:04:36.551+0000] {logging_mixin.py:188} INFO - [2025-03-28T15:04:36.551+0000] {dag.py:3089} INFO - Sync 1 DAGs
[2025-03-28T15:04:36.557+0000] {logging_mixin.py:188} INFO - [2025-03-28T15:04:36.557+0000] {dag.py:3947} INFO - Setting next_dagrun for example_bash_decorator to None, run_after=None
[2025-03-28T15:04:36.563+0000] {processor.py:183} INFO - Processing /home/airflow/.local/lib/python3.12/site-packages/airflow/example_dags/example_bash_decorator.py took 0.032 seconds
[2025-03-28T15:05:08.929+0000] {processor.py:161} INFO - Started process (PID=1096) to work on /home/airflow/.local/lib/python3.12/site-packages/airflow/example_dags/example_bash_decorator.py
[2025-03-28T15:05:08.930+0000] {processor.py:830} INFO - Processing file /home/airflow/.local/lib/python3.12/site-packages/airflow/example_dags/example_bash_decorator.py for tasks to queue
[2025-03-28T15:05:08.930+0000] {logging_mixin.py:188} INFO - [2025-03-28T15:05:08.930+0000] {dagbag.py:545} INFO - Filling up the DagBag from /home/airflow/.local/lib/python3.12/site-packages/airflow/example_dags/example_bash_decorator.py
[2025-03-28T15:05:08.936+0000] {processor.py:840} INFO - DAG(s) 'example_bash_decorator' retrieved from /home/airflow/.local/lib/python3.12/site-packages/airflow/example_dags/example_bash_decorator.py
[2025-03-28T15:05:08.951+0000] {logging_mixin.py:188} INFO - [2025-03-28T15:05:08.951+0000] {dag.py:3089} INFO - Sync 1 DAGs
[2025-03-28T15:05:08.957+0000] {logging_mixin.py:188} INFO - [2025-03-28T15:05:08.956+0000] {dag.py:3947} INFO - Setting next_dagrun for example_bash_decorator to None, run_after=None
[2025-03-28T15:05:08.968+0000] {processor.py:183} INFO - Processing /home/airflow/.local/lib/python3.12/site-packages/airflow/example_dags/example_bash_decorator.py took 0.042 seconds
[2025-03-28T15:05:41.449+0000] {processor.py:161} INFO - Started process (PID=1168) to work on /home/airflow/.local/lib/python3.12/site-packages/airflow/example_dags/example_bash_decorator.py
[2025-03-28T15:05:41.449+0000] {processor.py:830} INFO - Processing file /home/airflow/.local/lib/python3.12/site-packages/airflow/example_dags/example_bash_decorator.py for tasks to queue
[2025-03-28T15:05:41.450+0000] {logging_mixin.py:188} INFO - [2025-03-28T15:05:41.450+0000] {dagbag.py:545} INFO - Filling up the DagBag from /home/airflow/.local/lib/python3.12/site-packages/airflow/example_dags/example_bash_decorator.py
[2025-03-28T15:05:41.457+0000] {processor.py:840} INFO - DAG(s) 'example_bash_decorator' retrieved from /home/airflow/.local/lib/python3.12/site-packages/airflow/example_dags/example_bash_decorator.py
[2025-03-28T15:05:41.469+0000] {logging_mixin.py:188} INFO - [2025-03-28T15:05:41.469+0000] {dag.py:3089} INFO - Sync 1 DAGs
[2025-03-28T15:05:41.475+0000] {logging_mixin.py:188} INFO - [2025-03-28T15:05:41.475+0000] {dag.py:3947} INFO - Setting next_dagrun for example_bash_decorator to None, run_after=None
[2025-03-28T15:05:41.485+0000] {processor.py:183} INFO - Processing /home/airflow/.local/lib/python3.12/site-packages/airflow/example_dags/example_bash_decorator.py took 0.039 seconds
[2025-03-28T15:06:14.014+0000] {processor.py:161} INFO - Started process (PID=1240) to work on /home/airflow/.local/lib/python3.12/site-packages/airflow/example_dags/example_bash_decorator.py
[2025-03-28T15:06:14.014+0000] {processor.py:830} INFO - Processing file /home/airflow/.local/lib/python3.12/site-packages/airflow/example_dags/example_bash_decorator.py for tasks to queue
[2025-03-28T15:06:14.015+0000] {logging_mixin.py:188} INFO - [2025-03-28T15:06:14.015+0000] {dagbag.py:545} INFO - Filling up the DagBag from /home/airflow/.local/lib/python3.12/site-packages/airflow/example_dags/example_bash_decorator.py
[2025-03-28T15:06:14.023+0000] {processor.py:840} INFO - DAG(s) 'example_bash_decorator' retrieved from /home/airflow/.local/lib/python3.12/site-packages/airflow/example_dags/example_bash_decorator.py
[2025-03-28T15:06:14.035+0000] {logging_mixin.py:188} INFO - [2025-03-28T15:06:14.035+0000] {dag.py:3089} INFO - Sync 1 DAGs
[2025-03-28T15:06:14.040+0000] {logging_mixin.py:188} INFO - [2025-03-28T15:06:14.040+0000] {dag.py:3947} INFO - Setting next_dagrun for example_bash_decorator to None, run_after=None
[2025-03-28T15:06:14.050+0000] {processor.py:183} INFO - Processing /home/airflow/.local/lib/python3.12/site-packages/airflow/example_dags/example_bash_decorator.py took 0.039 seconds
[2025-03-28T15:06:46.477+0000] {processor.py:161} INFO - Started process (PID=1312) to work on /home/airflow/.local/lib/python3.12/site-packages/airflow/example_dags/example_bash_decorator.py
[2025-03-28T15:06:46.478+0000] {processor.py:830} INFO - Processing file /home/airflow/.local/lib/python3.12/site-packages/airflow/example_dags/example_bash_decorator.py for tasks to queue
[2025-03-28T15:06:46.478+0000] {logging_mixin.py:188} INFO - [2025-03-28T15:06:46.478+0000] {dagbag.py:545} INFO - Filling up the DagBag from /home/airflow/.local/lib/python3.12/site-packages/airflow/example_dags/example_bash_decorator.py
[2025-03-28T15:06:46.485+0000] {processor.py:840} INFO - DAG(s) 'example_bash_decorator' retrieved from /home/airflow/.local/lib/python3.12/site-packages/airflow/example_dags/example_bash_decorator.py
[2025-03-28T15:06:46.496+0000] {logging_mixin.py:188} INFO - [2025-03-28T15:06:46.496+0000] {dag.py:3089} INFO - Sync 1 DAGs
[2025-03-28T15:06:46.503+0000] {logging_mixin.py:188} INFO - [2025-03-28T15:06:46.503+0000] {dag.py:3947} INFO - Setting next_dagrun for example_bash_decorator to None, run_after=None
[2025-03-28T15:06:46.510+0000] {processor.py:183} INFO - Processing /home/airflow/.local/lib/python3.12/site-packages/airflow/example_dags/example_bash_decorator.py took 0.036 seconds
[2025-03-28T15:07:19.065+0000] {processor.py:161} INFO - Started process (PID=1384) to work on /home/airflow/.local/lib/python3.12/site-packages/airflow/example_dags/example_bash_decorator.py
[2025-03-28T15:07:19.065+0000] {processor.py:830} INFO - Processing file /home/airflow/.local/lib/python3.12/site-packages/airflow/example_dags/example_bash_decorator.py for tasks to queue
[2025-03-28T15:07:19.066+0000] {logging_mixin.py:188} INFO - [2025-03-28T15:07:19.066+0000] {dagbag.py:545} INFO - Filling up the DagBag from /home/airflow/.local/lib/python3.12/site-packages/airflow/example_dags/example_bash_decorator.py
[2025-03-28T15:07:19.071+0000] {processor.py:840} INFO - DAG(s) 'example_bash_decorator' retrieved from /home/airflow/.local/lib/python3.12/site-packages/airflow/example_dags/example_bash_decorator.py
[2025-03-28T15:07:19.080+0000] {logging_mixin.py:188} INFO - [2025-03-28T15:07:19.080+0000] {dag.py:3089} INFO - Sync 1 DAGs
[2025-03-28T15:07:19.085+0000] {logging_mixin.py:188} INFO - [2025-03-28T15:07:19.085+0000] {dag.py:3947} INFO - Setting next_dagrun for example_bash_decorator to None, run_after=None
[2025-03-28T15:07:19.091+0000] {processor.py:183} INFO - Processing /home/airflow/.local/lib/python3.12/site-packages/airflow/example_dags/example_bash_decorator.py took 0.029 seconds
[2025-03-28T15:07:51.490+0000] {processor.py:161} INFO - Started process (PID=1456) to work on /home/airflow/.local/lib/python3.12/site-packages/airflow/example_dags/example_bash_decorator.py
[2025-03-28T15:07:51.491+0000] {processor.py:830} INFO - Processing file /home/airflow/.local/lib/python3.12/site-packages/airflow/example_dags/example_bash_decorator.py for tasks to queue
[2025-03-28T15:07:51.491+0000] {logging_mixin.py:188} INFO - [2025-03-28T15:07:51.491+0000] {dagbag.py:545} INFO - Filling up the DagBag from /home/airflow/.local/lib/python3.12/site-packages/airflow/example_dags/example_bash_decorator.py
[2025-03-28T15:07:51.497+0000] {processor.py:840} INFO - DAG(s) 'example_bash_decorator' retrieved from /home/airflow/.local/lib/python3.12/site-packages/airflow/example_dags/example_bash_decorator.py
[2025-03-28T15:07:51.506+0000] {logging_mixin.py:188} INFO - [2025-03-28T15:07:51.506+0000] {dag.py:3089} INFO - Sync 1 DAGs
[2025-03-28T15:07:51.511+0000] {logging_mixin.py:188} INFO - [2025-03-28T15:07:51.511+0000] {dag.py:3947} INFO - Setting next_dagrun for example_bash_decorator to None, run_after=None
[2025-03-28T15:07:51.517+0000] {processor.py:183} INFO - Processing /home/airflow/.local/lib/python3.12/site-packages/airflow/example_dags/example_bash_decorator.py took 0.029 seconds
[2025-03-28T15:08:23.803+0000] {processor.py:161} INFO - Started process (PID=1528) to work on /home/airflow/.local/lib/python3.12/site-packages/airflow/example_dags/example_bash_decorator.py
[2025-03-28T15:08:23.803+0000] {processor.py:830} INFO - Processing file /home/airflow/.local/lib/python3.12/site-packages/airflow/example_dags/example_bash_decorator.py for tasks to queue
[2025-03-28T15:08:23.804+0000] {logging_mixin.py:188} INFO - [2025-03-28T15:08:23.804+0000] {dagbag.py:545} INFO - Filling up the DagBag from /home/airflow/.local/lib/python3.12/site-packages/airflow/example_dags/example_bash_decorator.py
[2025-03-28T15:08:23.809+0000] {processor.py:840} INFO - DAG(s) 'example_bash_decorator' retrieved from /home/airflow/.local/lib/python3.12/site-packages/airflow/example_dags/example_bash_decorator.py
[2025-03-28T15:08:23.818+0000] {logging_mixin.py:188} INFO - [2025-03-28T15:08:23.818+0000] {dag.py:3089} INFO - Sync 1 DAGs
[2025-03-28T15:08:23.823+0000] {logging_mixin.py:188} INFO - [2025-03-28T15:08:23.823+0000] {dag.py:3947} INFO - Setting next_dagrun for example_bash_decorator to None, run_after=None
[2025-03-28T15:08:23.829+0000] {processor.py:183} INFO - Processing /home/airflow/.local/lib/python3.12/site-packages/airflow/example_dags/example_bash_decorator.py took 0.028 seconds
[2025-03-28T15:08:56.195+0000] {processor.py:161} INFO - Started process (PID=1600) to work on /home/airflow/.local/lib/python3.12/site-packages/airflow/example_dags/example_bash_decorator.py
[2025-03-28T15:08:56.195+0000] {processor.py:830} INFO - Processing file /home/airflow/.local/lib/python3.12/site-packages/airflow/example_dags/example_bash_decorator.py for tasks to queue
[2025-03-28T15:08:56.196+0000] {logging_mixin.py:188} INFO - [2025-03-28T15:08:56.196+0000] {dagbag.py:545} INFO - Filling up the DagBag from /home/airflow/.local/lib/python3.12/site-packages/airflow/example_dags/example_bash_decorator.py
[2025-03-28T15:08:56.202+0000] {processor.py:840} INFO - DAG(s) 'example_bash_decorator' retrieved from /home/airflow/.local/lib/python3.12/site-packages/airflow/example_dags/example_bash_decorator.py
[2025-03-28T15:08:56.211+0000] {logging_mixin.py:188} INFO - [2025-03-28T15:08:56.211+0000] {dag.py:3089} INFO - Sync 1 DAGs
[2025-03-28T15:08:56.216+0000] {logging_mixin.py:188} INFO - [2025-03-28T15:08:56.216+0000] {dag.py:3947} INFO - Setting next_dagrun for example_bash_decorator to None, run_after=None
[2025-03-28T15:08:56.222+0000] {processor.py:183} INFO - Processing /home/airflow/.local/lib/python3.12/site-packages/airflow/example_dags/example_bash_decorator.py took 0.030 seconds
[2025-03-28T15:09:28.855+0000] {processor.py:161} INFO - Started process (PID=1672) to work on /home/airflow/.local/lib/python3.12/site-packages/airflow/example_dags/example_bash_decorator.py
[2025-03-28T15:09:28.856+0000] {processor.py:830} INFO - Processing file /home/airflow/.local/lib/python3.12/site-packages/airflow/example_dags/example_bash_decorator.py for tasks to queue
[2025-03-28T15:09:28.856+0000] {logging_mixin.py:188} INFO - [2025-03-28T15:09:28.856+0000] {dagbag.py:545} INFO - Filling up the DagBag from /home/airflow/.local/lib/python3.12/site-packages/airflow/example_dags/example_bash_decorator.py
[2025-03-28T15:09:28.862+0000] {processor.py:840} INFO - DAG(s) 'example_bash_decorator' retrieved from /home/airflow/.local/lib/python3.12/site-packages/airflow/example_dags/example_bash_decorator.py
[2025-03-28T15:09:28.872+0000] {logging_mixin.py:188} INFO - [2025-03-28T15:09:28.872+0000] {dag.py:3089} INFO - Sync 1 DAGs
[2025-03-28T15:09:28.876+0000] {logging_mixin.py:188} INFO - [2025-03-28T15:09:28.876+0000] {dag.py:3947} INFO - Setting next_dagrun for example_bash_decorator to None, run_after=None
[2025-03-28T15:09:28.882+0000] {processor.py:183} INFO - Processing /home/airflow/.local/lib/python3.12/site-packages/airflow/example_dags/example_bash_decorator.py took 0.030 seconds
[2025-03-28T15:10:01.958+0000] {processor.py:161} INFO - Started process (PID=1750) to work on /home/airflow/.local/lib/python3.12/site-packages/airflow/example_dags/example_bash_decorator.py
[2025-03-28T15:10:01.958+0000] {processor.py:830} INFO - Processing file /home/airflow/.local/lib/python3.12/site-packages/airflow/example_dags/example_bash_decorator.py for tasks to queue
[2025-03-28T15:10:01.960+0000] {logging_mixin.py:188} INFO - [2025-03-28T15:10:01.959+0000] {dagbag.py:545} INFO - Filling up the DagBag from /home/airflow/.local/lib/python3.12/site-packages/airflow/example_dags/example_bash_decorator.py
[2025-03-28T15:10:01.968+0000] {processor.py:840} INFO - DAG(s) 'example_bash_decorator' retrieved from /home/airflow/.local/lib/python3.12/site-packages/airflow/example_dags/example_bash_decorator.py
[2025-03-28T15:10:01.983+0000] {logging_mixin.py:188} INFO - [2025-03-28T15:10:01.983+0000] {dag.py:3089} INFO - Sync 1 DAGs
[2025-03-28T15:10:01.988+0000] {logging_mixin.py:188} INFO - [2025-03-28T15:10:01.988+0000] {dag.py:3947} INFO - Setting next_dagrun for example_bash_decorator to None, run_after=None
[2025-03-28T15:10:01.997+0000] {processor.py:183} INFO - Processing /home/airflow/.local/lib/python3.12/site-packages/airflow/example_dags/example_bash_decorator.py took 0.043 seconds
[2025-03-28T15:10:35.008+0000] {processor.py:161} INFO - Started process (PID=1822) to work on /home/airflow/.local/lib/python3.12/site-packages/airflow/example_dags/example_bash_decorator.py
[2025-03-28T15:10:35.009+0000] {processor.py:830} INFO - Processing file /home/airflow/.local/lib/python3.12/site-packages/airflow/example_dags/example_bash_decorator.py for tasks to queue
[2025-03-28T15:10:35.013+0000] {logging_mixin.py:188} INFO - [2025-03-28T15:10:35.013+0000] {dagbag.py:545} INFO - Filling up the DagBag from /home/airflow/.local/lib/python3.12/site-packages/airflow/example_dags/example_bash_decorator.py
[2025-03-28T15:10:35.019+0000] {processor.py:840} INFO - DAG(s) 'example_bash_decorator' retrieved from /home/airflow/.local/lib/python3.12/site-packages/airflow/example_dags/example_bash_decorator.py
[2025-03-28T15:10:35.048+0000] {logging_mixin.py:188} INFO - [2025-03-28T15:10:35.048+0000] {dag.py:3089} INFO - Sync 1 DAGs
[2025-03-28T15:10:35.057+0000] {logging_mixin.py:188} INFO - [2025-03-28T15:10:35.057+0000] {dag.py:3947} INFO - Setting next_dagrun for example_bash_decorator to None, run_after=None
[2025-03-28T15:10:35.065+0000] {processor.py:183} INFO - Processing /home/airflow/.local/lib/python3.12/site-packages/airflow/example_dags/example_bash_decorator.py took 0.063 seconds
[2025-03-28T15:11:07.765+0000] {processor.py:161} INFO - Started process (PID=1894) to work on /home/airflow/.local/lib/python3.12/site-packages/airflow/example_dags/example_bash_decorator.py
[2025-03-28T15:11:07.765+0000] {processor.py:830} INFO - Processing file /home/airflow/.local/lib/python3.12/site-packages/airflow/example_dags/example_bash_decorator.py for tasks to queue
[2025-03-28T15:11:07.766+0000] {logging_mixin.py:188} INFO - [2025-03-28T15:11:07.766+0000] {dagbag.py:545} INFO - Filling up the DagBag from /home/airflow/.local/lib/python3.12/site-packages/airflow/example_dags/example_bash_decorator.py
[2025-03-28T15:11:07.772+0000] {processor.py:840} INFO - DAG(s) 'example_bash_decorator' retrieved from /home/airflow/.local/lib/python3.12/site-packages/airflow/example_dags/example_bash_decorator.py
[2025-03-28T15:11:07.780+0000] {logging_mixin.py:188} INFO - [2025-03-28T15:11:07.780+0000] {dag.py:3089} INFO - Sync 1 DAGs
[2025-03-28T15:11:07.785+0000] {logging_mixin.py:188} INFO - [2025-03-28T15:11:07.785+0000] {dag.py:3947} INFO - Setting next_dagrun for example_bash_decorator to None, run_after=None
[2025-03-28T15:11:07.791+0000] {processor.py:183} INFO - Processing /home/airflow/.local/lib/python3.12/site-packages/airflow/example_dags/example_bash_decorator.py took 0.029 seconds
[2025-03-28T15:11:40.337+0000] {processor.py:161} INFO - Started process (PID=1966) to work on /home/airflow/.local/lib/python3.12/site-packages/airflow/example_dags/example_bash_decorator.py
[2025-03-28T15:11:40.338+0000] {processor.py:830} INFO - Processing file /home/airflow/.local/lib/python3.12/site-packages/airflow/example_dags/example_bash_decorator.py for tasks to queue
[2025-03-28T15:11:40.339+0000] {logging_mixin.py:188} INFO - [2025-03-28T15:11:40.339+0000] {dagbag.py:545} INFO - Filling up the DagBag from /home/airflow/.local/lib/python3.12/site-packages/airflow/example_dags/example_bash_decorator.py
[2025-03-28T15:11:40.345+0000] {processor.py:840} INFO - DAG(s) 'example_bash_decorator' retrieved from /home/airflow/.local/lib/python3.12/site-packages/airflow/example_dags/example_bash_decorator.py
[2025-03-28T15:11:40.361+0000] {logging_mixin.py:188} INFO - [2025-03-28T15:11:40.361+0000] {dag.py:3089} INFO - Sync 1 DAGs
[2025-03-28T15:11:40.368+0000] {logging_mixin.py:188} INFO - [2025-03-28T15:11:40.367+0000] {dag.py:3947} INFO - Setting next_dagrun for example_bash_decorator to None, run_after=None
[2025-03-28T15:11:40.380+0000] {processor.py:183} INFO - Processing /home/airflow/.local/lib/python3.12/site-packages/airflow/example_dags/example_bash_decorator.py took 0.046 seconds
[2025-03-28T15:12:12.998+0000] {processor.py:161} INFO - Started process (PID=2038) to work on /home/airflow/.local/lib/python3.12/site-packages/airflow/example_dags/example_bash_decorator.py
[2025-03-28T15:12:12.999+0000] {processor.py:830} INFO - Processing file /home/airflow/.local/lib/python3.12/site-packages/airflow/example_dags/example_bash_decorator.py for tasks to queue
[2025-03-28T15:12:12.999+0000] {logging_mixin.py:188} INFO - [2025-03-28T15:12:12.999+0000] {dagbag.py:545} INFO - Filling up the DagBag from /home/airflow/.local/lib/python3.12/site-packages/airflow/example_dags/example_bash_decorator.py
[2025-03-28T15:12:13.005+0000] {processor.py:840} INFO - DAG(s) 'example_bash_decorator' retrieved from /home/airflow/.local/lib/python3.12/site-packages/airflow/example_dags/example_bash_decorator.py
[2025-03-28T15:12:13.013+0000] {logging_mixin.py:188} INFO - [2025-03-28T15:12:13.013+0000] {dag.py:3089} INFO - Sync 1 DAGs
[2025-03-28T15:12:13.018+0000] {logging_mixin.py:188} INFO - [2025-03-28T15:12:13.018+0000] {dag.py:3947} INFO - Setting next_dagrun for example_bash_decorator to None, run_after=None
[2025-03-28T15:12:13.024+0000] {processor.py:183} INFO - Processing /home/airflow/.local/lib/python3.12/site-packages/airflow/example_dags/example_bash_decorator.py took 0.028 seconds
[2025-03-28T15:12:45.455+0000] {processor.py:161} INFO - Started process (PID=2110) to work on /home/airflow/.local/lib/python3.12/site-packages/airflow/example_dags/example_bash_decorator.py
[2025-03-28T15:12:45.455+0000] {processor.py:830} INFO - Processing file /home/airflow/.local/lib/python3.12/site-packages/airflow/example_dags/example_bash_decorator.py for tasks to queue
[2025-03-28T15:12:45.456+0000] {logging_mixin.py:188} INFO - [2025-03-28T15:12:45.456+0000] {dagbag.py:545} INFO - Filling up the DagBag from /home/airflow/.local/lib/python3.12/site-packages/airflow/example_dags/example_bash_decorator.py
[2025-03-28T15:12:45.462+0000] {processor.py:840} INFO - DAG(s) 'example_bash_decorator' retrieved from /home/airflow/.local/lib/python3.12/site-packages/airflow/example_dags/example_bash_decorator.py
[2025-03-28T15:12:45.471+0000] {logging_mixin.py:188} INFO - [2025-03-28T15:12:45.471+0000] {dag.py:3089} INFO - Sync 1 DAGs
[2025-03-28T15:12:45.476+0000] {logging_mixin.py:188} INFO - [2025-03-28T15:12:45.476+0000] {dag.py:3947} INFO - Setting next_dagrun for example_bash_decorator to None, run_after=None
[2025-03-28T15:12:45.482+0000] {processor.py:183} INFO - Processing /home/airflow/.local/lib/python3.12/site-packages/airflow/example_dags/example_bash_decorator.py took 0.030 seconds
[2025-03-28T15:13:17.853+0000] {processor.py:161} INFO - Started process (PID=2181) to work on /home/airflow/.local/lib/python3.12/site-packages/airflow/example_dags/example_bash_decorator.py
[2025-03-28T15:13:17.854+0000] {processor.py:830} INFO - Processing file /home/airflow/.local/lib/python3.12/site-packages/airflow/example_dags/example_bash_decorator.py for tasks to queue
[2025-03-28T15:13:17.855+0000] {logging_mixin.py:188} INFO - [2025-03-28T15:13:17.855+0000] {dagbag.py:545} INFO - Filling up the DagBag from /home/airflow/.local/lib/python3.12/site-packages/airflow/example_dags/example_bash_decorator.py
[2025-03-28T15:13:17.860+0000] {processor.py:840} INFO - DAG(s) 'example_bash_decorator' retrieved from /home/airflow/.local/lib/python3.12/site-packages/airflow/example_dags/example_bash_decorator.py
[2025-03-28T15:13:17.869+0000] {logging_mixin.py:188} INFO - [2025-03-28T15:13:17.869+0000] {dag.py:3089} INFO - Sync 1 DAGs
[2025-03-28T15:13:17.873+0000] {logging_mixin.py:188} INFO - [2025-03-28T15:13:17.873+0000] {dag.py:3947} INFO - Setting next_dagrun for example_bash_decorator to None, run_after=None
[2025-03-28T15:13:17.879+0000] {processor.py:183} INFO - Processing /home/airflow/.local/lib/python3.12/site-packages/airflow/example_dags/example_bash_decorator.py took 0.028 seconds
[2025-03-28T15:13:50.315+0000] {processor.py:161} INFO - Started process (PID=2253) to work on /home/airflow/.local/lib/python3.12/site-packages/airflow/example_dags/example_bash_decorator.py
[2025-03-28T15:13:50.315+0000] {processor.py:830} INFO - Processing file /home/airflow/.local/lib/python3.12/site-packages/airflow/example_dags/example_bash_decorator.py for tasks to queue
[2025-03-28T15:13:50.316+0000] {logging_mixin.py:188} INFO - [2025-03-28T15:13:50.316+0000] {dagbag.py:545} INFO - Filling up the DagBag from /home/airflow/.local/lib/python3.12/site-packages/airflow/example_dags/example_bash_decorator.py
[2025-03-28T15:13:50.321+0000] {processor.py:840} INFO - DAG(s) 'example_bash_decorator' retrieved from /home/airflow/.local/lib/python3.12/site-packages/airflow/example_dags/example_bash_decorator.py
[2025-03-28T15:13:50.331+0000] {logging_mixin.py:188} INFO - [2025-03-28T15:13:50.331+0000] {dag.py:3089} INFO - Sync 1 DAGs
[2025-03-28T15:13:50.336+0000] {logging_mixin.py:188} INFO - [2025-03-28T15:13:50.336+0000] {dag.py:3947} INFO - Setting next_dagrun for example_bash_decorator to None, run_after=None
[2025-03-28T15:13:50.342+0000] {processor.py:183} INFO - Processing /home/airflow/.local/lib/python3.12/site-packages/airflow/example_dags/example_bash_decorator.py took 0.030 seconds
[2025-03-28T15:14:22.828+0000] {processor.py:161} INFO - Started process (PID=2325) to work on /home/airflow/.local/lib/python3.12/site-packages/airflow/example_dags/example_bash_decorator.py
[2025-03-28T15:14:22.828+0000] {processor.py:830} INFO - Processing file /home/airflow/.local/lib/python3.12/site-packages/airflow/example_dags/example_bash_decorator.py for tasks to queue
[2025-03-28T15:14:22.829+0000] {logging_mixin.py:188} INFO - [2025-03-28T15:14:22.829+0000] {dagbag.py:545} INFO - Filling up the DagBag from /home/airflow/.local/lib/python3.12/site-packages/airflow/example_dags/example_bash_decorator.py
[2025-03-28T15:14:22.835+0000] {processor.py:840} INFO - DAG(s) 'example_bash_decorator' retrieved from /home/airflow/.local/lib/python3.12/site-packages/airflow/example_dags/example_bash_decorator.py
[2025-03-28T15:14:22.844+0000] {logging_mixin.py:188} INFO - [2025-03-28T15:14:22.844+0000] {dag.py:3089} INFO - Sync 1 DAGs
[2025-03-28T15:14:22.848+0000] {logging_mixin.py:188} INFO - [2025-03-28T15:14:22.848+0000] {dag.py:3947} INFO - Setting next_dagrun for example_bash_decorator to None, run_after=None
[2025-03-28T15:14:22.854+0000] {processor.py:183} INFO - Processing /home/airflow/.local/lib/python3.12/site-packages/airflow/example_dags/example_bash_decorator.py took 0.029 seconds
[2025-03-28T15:14:55.500+0000] {processor.py:161} INFO - Started process (PID=2397) to work on /home/airflow/.local/lib/python3.12/site-packages/airflow/example_dags/example_bash_decorator.py
[2025-03-28T15:14:55.501+0000] {processor.py:830} INFO - Processing file /home/airflow/.local/lib/python3.12/site-packages/airflow/example_dags/example_bash_decorator.py for tasks to queue
[2025-03-28T15:14:55.501+0000] {logging_mixin.py:188} INFO - [2025-03-28T15:14:55.501+0000] {dagbag.py:545} INFO - Filling up the DagBag from /home/airflow/.local/lib/python3.12/site-packages/airflow/example_dags/example_bash_decorator.py
[2025-03-28T15:14:55.507+0000] {processor.py:840} INFO - DAG(s) 'example_bash_decorator' retrieved from /home/airflow/.local/lib/python3.12/site-packages/airflow/example_dags/example_bash_decorator.py
[2025-03-28T15:14:55.516+0000] {logging_mixin.py:188} INFO - [2025-03-28T15:14:55.516+0000] {dag.py:3089} INFO - Sync 1 DAGs
[2025-03-28T15:14:55.520+0000] {logging_mixin.py:188} INFO - [2025-03-28T15:14:55.520+0000] {dag.py:3947} INFO - Setting next_dagrun for example_bash_decorator to None, run_after=None
[2025-03-28T15:14:55.527+0000] {processor.py:183} INFO - Processing /home/airflow/.local/lib/python3.12/site-packages/airflow/example_dags/example_bash_decorator.py took 0.029 seconds
[2025-03-28T15:15:27.992+0000] {processor.py:161} INFO - Started process (PID=2469) to work on /home/airflow/.local/lib/python3.12/site-packages/airflow/example_dags/example_bash_decorator.py
[2025-03-28T15:15:27.992+0000] {processor.py:830} INFO - Processing file /home/airflow/.local/lib/python3.12/site-packages/airflow/example_dags/example_bash_decorator.py for tasks to queue
[2025-03-28T15:15:27.993+0000] {logging_mixin.py:188} INFO - [2025-03-28T15:15:27.993+0000] {dagbag.py:545} INFO - Filling up the DagBag from /home/airflow/.local/lib/python3.12/site-packages/airflow/example_dags/example_bash_decorator.py
[2025-03-28T15:15:28.001+0000] {processor.py:840} INFO - DAG(s) 'example_bash_decorator' retrieved from /home/airflow/.local/lib/python3.12/site-packages/airflow/example_dags/example_bash_decorator.py
[2025-03-28T15:15:28.013+0000] {logging_mixin.py:188} INFO - [2025-03-28T15:15:28.013+0000] {dag.py:3089} INFO - Sync 1 DAGs
[2025-03-28T15:15:28.019+0000] {logging_mixin.py:188} INFO - [2025-03-28T15:15:28.018+0000] {dag.py:3947} INFO - Setting next_dagrun for example_bash_decorator to None, run_after=None
[2025-03-28T15:15:28.026+0000] {processor.py:183} INFO - Processing /home/airflow/.local/lib/python3.12/site-packages/airflow/example_dags/example_bash_decorator.py took 0.038 seconds
[2025-03-28T15:16:00.460+0000] {processor.py:161} INFO - Started process (PID=2541) to work on /home/airflow/.local/lib/python3.12/site-packages/airflow/example_dags/example_bash_decorator.py
[2025-03-28T15:16:00.461+0000] {processor.py:830} INFO - Processing file /home/airflow/.local/lib/python3.12/site-packages/airflow/example_dags/example_bash_decorator.py for tasks to queue
[2025-03-28T15:16:00.462+0000] {logging_mixin.py:188} INFO - [2025-03-28T15:16:00.462+0000] {dagbag.py:545} INFO - Filling up the DagBag from /home/airflow/.local/lib/python3.12/site-packages/airflow/example_dags/example_bash_decorator.py
[2025-03-28T15:16:00.468+0000] {processor.py:840} INFO - DAG(s) 'example_bash_decorator' retrieved from /home/airflow/.local/lib/python3.12/site-packages/airflow/example_dags/example_bash_decorator.py
[2025-03-28T15:16:00.478+0000] {logging_mixin.py:188} INFO - [2025-03-28T15:16:00.478+0000] {dag.py:3089} INFO - Sync 1 DAGs
[2025-03-28T15:16:00.485+0000] {logging_mixin.py:188} INFO - [2025-03-28T15:16:00.485+0000] {dag.py:3947} INFO - Setting next_dagrun for example_bash_decorator to None, run_after=None
[2025-03-28T15:16:00.492+0000] {processor.py:183} INFO - Processing /home/airflow/.local/lib/python3.12/site-packages/airflow/example_dags/example_bash_decorator.py took 0.035 seconds
[2025-03-28T15:16:32.950+0000] {processor.py:161} INFO - Started process (PID=2619) to work on /home/airflow/.local/lib/python3.12/site-packages/airflow/example_dags/example_bash_decorator.py
[2025-03-28T15:16:32.951+0000] {processor.py:830} INFO - Processing file /home/airflow/.local/lib/python3.12/site-packages/airflow/example_dags/example_bash_decorator.py for tasks to queue
[2025-03-28T15:16:32.952+0000] {logging_mixin.py:188} INFO - [2025-03-28T15:16:32.952+0000] {dagbag.py:545} INFO - Filling up the DagBag from /home/airflow/.local/lib/python3.12/site-packages/airflow/example_dags/example_bash_decorator.py
[2025-03-28T15:16:32.959+0000] {processor.py:840} INFO - DAG(s) 'example_bash_decorator' retrieved from /home/airflow/.local/lib/python3.12/site-packages/airflow/example_dags/example_bash_decorator.py
[2025-03-28T15:16:32.970+0000] {logging_mixin.py:188} INFO - [2025-03-28T15:16:32.970+0000] {dag.py:3089} INFO - Sync 1 DAGs
[2025-03-28T15:16:32.976+0000] {logging_mixin.py:188} INFO - [2025-03-28T15:16:32.976+0000] {dag.py:3947} INFO - Setting next_dagrun for example_bash_decorator to None, run_after=None
[2025-03-28T15:16:32.985+0000] {processor.py:183} INFO - Processing /home/airflow/.local/lib/python3.12/site-packages/airflow/example_dags/example_bash_decorator.py took 0.036 seconds
[2025-03-28T15:17:05.478+0000] {processor.py:161} INFO - Started process (PID=2691) to work on /home/airflow/.local/lib/python3.12/site-packages/airflow/example_dags/example_bash_decorator.py
[2025-03-28T15:17:05.478+0000] {processor.py:830} INFO - Processing file /home/airflow/.local/lib/python3.12/site-packages/airflow/example_dags/example_bash_decorator.py for tasks to queue
[2025-03-28T15:17:05.479+0000] {logging_mixin.py:188} INFO - [2025-03-28T15:17:05.479+0000] {dagbag.py:545} INFO - Filling up the DagBag from /home/airflow/.local/lib/python3.12/site-packages/airflow/example_dags/example_bash_decorator.py
[2025-03-28T15:17:05.486+0000] {processor.py:840} INFO - DAG(s) 'example_bash_decorator' retrieved from /home/airflow/.local/lib/python3.12/site-packages/airflow/example_dags/example_bash_decorator.py
[2025-03-28T15:17:05.498+0000] {logging_mixin.py:188} INFO - [2025-03-28T15:17:05.498+0000] {dag.py:3089} INFO - Sync 1 DAGs
[2025-03-28T15:17:05.504+0000] {logging_mixin.py:188} INFO - [2025-03-28T15:17:05.503+0000] {dag.py:3947} INFO - Setting next_dagrun for example_bash_decorator to None, run_after=None
[2025-03-28T15:17:05.511+0000] {processor.py:183} INFO - Processing /home/airflow/.local/lib/python3.12/site-packages/airflow/example_dags/example_bash_decorator.py took 0.037 seconds
[2025-03-28T15:17:37.978+0000] {processor.py:161} INFO - Started process (PID=2763) to work on /home/airflow/.local/lib/python3.12/site-packages/airflow/example_dags/example_bash_decorator.py
[2025-03-28T15:17:37.978+0000] {processor.py:830} INFO - Processing file /home/airflow/.local/lib/python3.12/site-packages/airflow/example_dags/example_bash_decorator.py for tasks to queue
[2025-03-28T15:17:37.979+0000] {logging_mixin.py:188} INFO - [2025-03-28T15:17:37.979+0000] {dagbag.py:545} INFO - Filling up the DagBag from /home/airflow/.local/lib/python3.12/site-packages/airflow/example_dags/example_bash_decorator.py
[2025-03-28T15:17:37.985+0000] {processor.py:840} INFO - DAG(s) 'example_bash_decorator' retrieved from /home/airflow/.local/lib/python3.12/site-packages/airflow/example_dags/example_bash_decorator.py
[2025-03-28T15:17:37.995+0000] {logging_mixin.py:188} INFO - [2025-03-28T15:17:37.995+0000] {dag.py:3089} INFO - Sync 1 DAGs
[2025-03-28T15:17:38.000+0000] {logging_mixin.py:188} INFO - [2025-03-28T15:17:38.000+0000] {dag.py:3947} INFO - Setting next_dagrun for example_bash_decorator to None, run_after=None
[2025-03-28T15:17:38.006+0000] {processor.py:183} INFO - Processing /home/airflow/.local/lib/python3.12/site-packages/airflow/example_dags/example_bash_decorator.py took 0.031 seconds
[2025-03-28T15:18:11.024+0000] {processor.py:161} INFO - Started process (PID=2835) to work on /home/airflow/.local/lib/python3.12/site-packages/airflow/example_dags/example_bash_decorator.py
[2025-03-28T15:18:11.024+0000] {processor.py:830} INFO - Processing file /home/airflow/.local/lib/python3.12/site-packages/airflow/example_dags/example_bash_decorator.py for tasks to queue
[2025-03-28T15:18:11.025+0000] {logging_mixin.py:188} INFO - [2025-03-28T15:18:11.025+0000] {dagbag.py:545} INFO - Filling up the DagBag from /home/airflow/.local/lib/python3.12/site-packages/airflow/example_dags/example_bash_decorator.py
[2025-03-28T15:18:11.031+0000] {processor.py:840} INFO - DAG(s) 'example_bash_decorator' retrieved from /home/airflow/.local/lib/python3.12/site-packages/airflow/example_dags/example_bash_decorator.py
[2025-03-28T15:18:11.040+0000] {logging_mixin.py:188} INFO - [2025-03-28T15:18:11.040+0000] {dag.py:3089} INFO - Sync 1 DAGs
[2025-03-28T15:18:11.045+0000] {logging_mixin.py:188} INFO - [2025-03-28T15:18:11.045+0000] {dag.py:3947} INFO - Setting next_dagrun for example_bash_decorator to None, run_after=None
[2025-03-28T15:18:11.052+0000] {processor.py:183} INFO - Processing /home/airflow/.local/lib/python3.12/site-packages/airflow/example_dags/example_bash_decorator.py took 0.031 seconds
[2025-03-28T15:18:43.571+0000] {processor.py:161} INFO - Started process (PID=2907) to work on /home/airflow/.local/lib/python3.12/site-packages/airflow/example_dags/example_bash_decorator.py
[2025-03-28T15:18:43.571+0000] {processor.py:830} INFO - Processing file /home/airflow/.local/lib/python3.12/site-packages/airflow/example_dags/example_bash_decorator.py for tasks to queue
[2025-03-28T15:18:43.572+0000] {logging_mixin.py:188} INFO - [2025-03-28T15:18:43.572+0000] {dagbag.py:545} INFO - Filling up the DagBag from /home/airflow/.local/lib/python3.12/site-packages/airflow/example_dags/example_bash_decorator.py
[2025-03-28T15:18:43.578+0000] {processor.py:840} INFO - DAG(s) 'example_bash_decorator' retrieved from /home/airflow/.local/lib/python3.12/site-packages/airflow/example_dags/example_bash_decorator.py
[2025-03-28T15:18:43.589+0000] {logging_mixin.py:188} INFO - [2025-03-28T15:18:43.589+0000] {dag.py:3089} INFO - Sync 1 DAGs
[2025-03-28T15:18:43.594+0000] {logging_mixin.py:188} INFO - [2025-03-28T15:18:43.594+0000] {dag.py:3947} INFO - Setting next_dagrun for example_bash_decorator to None, run_after=None
[2025-03-28T15:18:43.600+0000] {processor.py:183} INFO - Processing /home/airflow/.local/lib/python3.12/site-packages/airflow/example_dags/example_bash_decorator.py took 0.032 seconds
[2025-03-28T15:19:16.036+0000] {processor.py:161} INFO - Started process (PID=2979) to work on /home/airflow/.local/lib/python3.12/site-packages/airflow/example_dags/example_bash_decorator.py
[2025-03-28T15:19:16.037+0000] {processor.py:830} INFO - Processing file /home/airflow/.local/lib/python3.12/site-packages/airflow/example_dags/example_bash_decorator.py for tasks to queue
[2025-03-28T15:19:16.037+0000] {logging_mixin.py:188} INFO - [2025-03-28T15:19:16.037+0000] {dagbag.py:545} INFO - Filling up the DagBag from /home/airflow/.local/lib/python3.12/site-packages/airflow/example_dags/example_bash_decorator.py
[2025-03-28T15:19:16.043+0000] {processor.py:840} INFO - DAG(s) 'example_bash_decorator' retrieved from /home/airflow/.local/lib/python3.12/site-packages/airflow/example_dags/example_bash_decorator.py
[2025-03-28T15:19:16.052+0000] {logging_mixin.py:188} INFO - [2025-03-28T15:19:16.052+0000] {dag.py:3089} INFO - Sync 1 DAGs
[2025-03-28T15:19:16.057+0000] {logging_mixin.py:188} INFO - [2025-03-28T15:19:16.057+0000] {dag.py:3947} INFO - Setting next_dagrun for example_bash_decorator to None, run_after=None
[2025-03-28T15:19:16.063+0000] {processor.py:183} INFO - Processing /home/airflow/.local/lib/python3.12/site-packages/airflow/example_dags/example_bash_decorator.py took 0.029 seconds
[2025-03-28T15:19:48.442+0000] {processor.py:161} INFO - Started process (PID=3051) to work on /home/airflow/.local/lib/python3.12/site-packages/airflow/example_dags/example_bash_decorator.py
[2025-03-28T15:19:48.442+0000] {processor.py:830} INFO - Processing file /home/airflow/.local/lib/python3.12/site-packages/airflow/example_dags/example_bash_decorator.py for tasks to queue
[2025-03-28T15:19:48.443+0000] {logging_mixin.py:188} INFO - [2025-03-28T15:19:48.443+0000] {dagbag.py:545} INFO - Filling up the DagBag from /home/airflow/.local/lib/python3.12/site-packages/airflow/example_dags/example_bash_decorator.py
[2025-03-28T15:19:48.448+0000] {processor.py:840} INFO - DAG(s) 'example_bash_decorator' retrieved from /home/airflow/.local/lib/python3.12/site-packages/airflow/example_dags/example_bash_decorator.py
[2025-03-28T15:19:48.458+0000] {logging_mixin.py:188} INFO - [2025-03-28T15:19:48.457+0000] {dag.py:3089} INFO - Sync 1 DAGs
[2025-03-28T15:19:48.462+0000] {logging_mixin.py:188} INFO - [2025-03-28T15:19:48.462+0000] {dag.py:3947} INFO - Setting next_dagrun for example_bash_decorator to None, run_after=None
[2025-03-28T15:19:48.468+0000] {processor.py:183} INFO - Processing /home/airflow/.local/lib/python3.12/site-packages/airflow/example_dags/example_bash_decorator.py took 0.028 seconds
[2025-03-28T15:20:20.711+0000] {processor.py:161} INFO - Started process (PID=3123) to work on /home/airflow/.local/lib/python3.12/site-packages/airflow/example_dags/example_bash_decorator.py
[2025-03-28T15:20:20.712+0000] {processor.py:830} INFO - Processing file /home/airflow/.local/lib/python3.12/site-packages/airflow/example_dags/example_bash_decorator.py for tasks to queue
[2025-03-28T15:20:20.712+0000] {logging_mixin.py:188} INFO - [2025-03-28T15:20:20.712+0000] {dagbag.py:545} INFO - Filling up the DagBag from /home/airflow/.local/lib/python3.12/site-packages/airflow/example_dags/example_bash_decorator.py
[2025-03-28T15:20:20.717+0000] {processor.py:840} INFO - DAG(s) 'example_bash_decorator' retrieved from /home/airflow/.local/lib/python3.12/site-packages/airflow/example_dags/example_bash_decorator.py
[2025-03-28T15:20:20.726+0000] {logging_mixin.py:188} INFO - [2025-03-28T15:20:20.726+0000] {dag.py:3089} INFO - Sync 1 DAGs
[2025-03-28T15:20:20.731+0000] {logging_mixin.py:188} INFO - [2025-03-28T15:20:20.731+0000] {dag.py:3947} INFO - Setting next_dagrun for example_bash_decorator to None, run_after=None
[2025-03-28T15:20:20.737+0000] {processor.py:183} INFO - Processing /home/airflow/.local/lib/python3.12/site-packages/airflow/example_dags/example_bash_decorator.py took 0.028 seconds
[2025-03-28T15:20:53.187+0000] {processor.py:161} INFO - Started process (PID=3195) to work on /home/airflow/.local/lib/python3.12/site-packages/airflow/example_dags/example_bash_decorator.py
[2025-03-28T15:20:53.188+0000] {processor.py:830} INFO - Processing file /home/airflow/.local/lib/python3.12/site-packages/airflow/example_dags/example_bash_decorator.py for tasks to queue
[2025-03-28T15:20:53.188+0000] {logging_mixin.py:188} INFO - [2025-03-28T15:20:53.188+0000] {dagbag.py:545} INFO - Filling up the DagBag from /home/airflow/.local/lib/python3.12/site-packages/airflow/example_dags/example_bash_decorator.py
[2025-03-28T15:20:53.194+0000] {processor.py:840} INFO - DAG(s) 'example_bash_decorator' retrieved from /home/airflow/.local/lib/python3.12/site-packages/airflow/example_dags/example_bash_decorator.py
[2025-03-28T15:20:53.204+0000] {logging_mixin.py:188} INFO - [2025-03-28T15:20:53.204+0000] {dag.py:3089} INFO - Sync 1 DAGs
[2025-03-28T15:20:53.209+0000] {logging_mixin.py:188} INFO - [2025-03-28T15:20:53.209+0000] {dag.py:3947} INFO - Setting next_dagrun for example_bash_decorator to None, run_after=None
[2025-03-28T15:20:53.215+0000] {processor.py:183} INFO - Processing /home/airflow/.local/lib/python3.12/site-packages/airflow/example_dags/example_bash_decorator.py took 0.030 seconds
[2025-03-28T15:21:26.030+0000] {processor.py:161} INFO - Started process (PID=3267) to work on /home/airflow/.local/lib/python3.12/site-packages/airflow/example_dags/example_bash_decorator.py
[2025-03-28T15:21:26.031+0000] {processor.py:830} INFO - Processing file /home/airflow/.local/lib/python3.12/site-packages/airflow/example_dags/example_bash_decorator.py for tasks to queue
[2025-03-28T15:21:26.033+0000] {logging_mixin.py:188} INFO - [2025-03-28T15:21:26.032+0000] {dagbag.py:545} INFO - Filling up the DagBag from /home/airflow/.local/lib/python3.12/site-packages/airflow/example_dags/example_bash_decorator.py
[2025-03-28T15:21:26.041+0000] {processor.py:840} INFO - DAG(s) 'example_bash_decorator' retrieved from /home/airflow/.local/lib/python3.12/site-packages/airflow/example_dags/example_bash_decorator.py
[2025-03-28T15:21:26.072+0000] {logging_mixin.py:188} INFO - [2025-03-28T15:21:26.072+0000] {dag.py:3089} INFO - Sync 1 DAGs
[2025-03-28T15:21:26.109+0000] {logging_mixin.py:188} INFO - [2025-03-28T15:21:26.108+0000] {dag.py:3947} INFO - Setting next_dagrun for example_bash_decorator to None, run_after=None
[2025-03-28T15:21:26.149+0000] {processor.py:183} INFO - Processing /home/airflow/.local/lib/python3.12/site-packages/airflow/example_dags/example_bash_decorator.py took 0.123 seconds
[2025-03-28T15:21:58.187+0000] {processor.py:161} INFO - Started process (PID=3339) to work on /home/airflow/.local/lib/python3.12/site-packages/airflow/example_dags/example_bash_decorator.py
[2025-03-28T15:21:58.188+0000] {processor.py:830} INFO - Processing file /home/airflow/.local/lib/python3.12/site-packages/airflow/example_dags/example_bash_decorator.py for tasks to queue
[2025-03-28T15:21:58.188+0000] {logging_mixin.py:188} INFO - [2025-03-28T15:21:58.188+0000] {dagbag.py:545} INFO - Filling up the DagBag from /home/airflow/.local/lib/python3.12/site-packages/airflow/example_dags/example_bash_decorator.py
[2025-03-28T15:21:58.195+0000] {processor.py:840} INFO - DAG(s) 'example_bash_decorator' retrieved from /home/airflow/.local/lib/python3.12/site-packages/airflow/example_dags/example_bash_decorator.py
[2025-03-28T15:21:58.205+0000] {logging_mixin.py:188} INFO - [2025-03-28T15:21:58.205+0000] {dag.py:3089} INFO - Sync 1 DAGs
[2025-03-28T15:21:58.210+0000] {logging_mixin.py:188} INFO - [2025-03-28T15:21:58.210+0000] {dag.py:3947} INFO - Setting next_dagrun for example_bash_decorator to None, run_after=None
[2025-03-28T15:21:58.216+0000] {processor.py:183} INFO - Processing /home/airflow/.local/lib/python3.12/site-packages/airflow/example_dags/example_bash_decorator.py took 0.032 seconds
[2025-03-28T15:22:30.682+0000] {processor.py:161} INFO - Started process (PID=3411) to work on /home/airflow/.local/lib/python3.12/site-packages/airflow/example_dags/example_bash_decorator.py
[2025-03-28T15:22:30.684+0000] {processor.py:830} INFO - Processing file /home/airflow/.local/lib/python3.12/site-packages/airflow/example_dags/example_bash_decorator.py for tasks to queue
[2025-03-28T15:22:30.684+0000] {logging_mixin.py:188} INFO - [2025-03-28T15:22:30.684+0000] {dagbag.py:545} INFO - Filling up the DagBag from /home/airflow/.local/lib/python3.12/site-packages/airflow/example_dags/example_bash_decorator.py
[2025-03-28T15:22:30.690+0000] {processor.py:840} INFO - DAG(s) 'example_bash_decorator' retrieved from /home/airflow/.local/lib/python3.12/site-packages/airflow/example_dags/example_bash_decorator.py
[2025-03-28T15:22:30.704+0000] {logging_mixin.py:188} INFO - [2025-03-28T15:22:30.704+0000] {dag.py:3089} INFO - Sync 1 DAGs
[2025-03-28T15:22:30.712+0000] {logging_mixin.py:188} INFO - [2025-03-28T15:22:30.712+0000] {dag.py:3947} INFO - Setting next_dagrun for example_bash_decorator to None, run_after=None
[2025-03-28T15:22:30.723+0000] {processor.py:183} INFO - Processing /home/airflow/.local/lib/python3.12/site-packages/airflow/example_dags/example_bash_decorator.py took 0.043 seconds
[2025-03-28T15:23:03.340+0000] {processor.py:161} INFO - Started process (PID=3488) to work on /home/airflow/.local/lib/python3.12/site-packages/airflow/example_dags/example_bash_decorator.py
[2025-03-28T15:23:03.341+0000] {processor.py:830} INFO - Processing file /home/airflow/.local/lib/python3.12/site-packages/airflow/example_dags/example_bash_decorator.py for tasks to queue
[2025-03-28T15:23:03.342+0000] {logging_mixin.py:188} INFO - [2025-03-28T15:23:03.342+0000] {dagbag.py:545} INFO - Filling up the DagBag from /home/airflow/.local/lib/python3.12/site-packages/airflow/example_dags/example_bash_decorator.py
[2025-03-28T15:23:03.354+0000] {processor.py:840} INFO - DAG(s) 'example_bash_decorator' retrieved from /home/airflow/.local/lib/python3.12/site-packages/airflow/example_dags/example_bash_decorator.py
[2025-03-28T15:23:03.368+0000] {logging_mixin.py:188} INFO - [2025-03-28T15:23:03.367+0000] {dag.py:3089} INFO - Sync 1 DAGs
[2025-03-28T15:23:03.390+0000] {logging_mixin.py:188} INFO - [2025-03-28T15:23:03.389+0000] {dag.py:3947} INFO - Setting next_dagrun for example_bash_decorator to None, run_after=None
[2025-03-28T15:23:03.402+0000] {processor.py:183} INFO - Processing /home/airflow/.local/lib/python3.12/site-packages/airflow/example_dags/example_bash_decorator.py took 0.065 seconds
[2025-03-28T15:23:36.083+0000] {processor.py:161} INFO - Started process (PID=3560) to work on /home/airflow/.local/lib/python3.12/site-packages/airflow/example_dags/example_bash_decorator.py
[2025-03-28T15:23:36.083+0000] {processor.py:830} INFO - Processing file /home/airflow/.local/lib/python3.12/site-packages/airflow/example_dags/example_bash_decorator.py for tasks to queue
[2025-03-28T15:23:36.084+0000] {logging_mixin.py:188} INFO - [2025-03-28T15:23:36.084+0000] {dagbag.py:545} INFO - Filling up the DagBag from /home/airflow/.local/lib/python3.12/site-packages/airflow/example_dags/example_bash_decorator.py
[2025-03-28T15:23:36.090+0000] {processor.py:840} INFO - DAG(s) 'example_bash_decorator' retrieved from /home/airflow/.local/lib/python3.12/site-packages/airflow/example_dags/example_bash_decorator.py
[2025-03-28T15:23:36.101+0000] {logging_mixin.py:188} INFO - [2025-03-28T15:23:36.101+0000] {dag.py:3089} INFO - Sync 1 DAGs
[2025-03-28T15:23:36.106+0000] {logging_mixin.py:188} INFO - [2025-03-28T15:23:36.106+0000] {dag.py:3947} INFO - Setting next_dagrun for example_bash_decorator to None, run_after=None
[2025-03-28T15:23:36.113+0000] {processor.py:183} INFO - Processing /home/airflow/.local/lib/python3.12/site-packages/airflow/example_dags/example_bash_decorator.py took 0.033 seconds
[2025-03-28T15:24:08.918+0000] {processor.py:161} INFO - Started process (PID=3632) to work on /home/airflow/.local/lib/python3.12/site-packages/airflow/example_dags/example_bash_decorator.py
[2025-03-28T15:24:08.919+0000] {processor.py:830} INFO - Processing file /home/airflow/.local/lib/python3.12/site-packages/airflow/example_dags/example_bash_decorator.py for tasks to queue
[2025-03-28T15:24:08.924+0000] {logging_mixin.py:188} INFO - [2025-03-28T15:24:08.924+0000] {dagbag.py:545} INFO - Filling up the DagBag from /home/airflow/.local/lib/python3.12/site-packages/airflow/example_dags/example_bash_decorator.py
[2025-03-28T15:24:08.932+0000] {processor.py:840} INFO - DAG(s) 'example_bash_decorator' retrieved from /home/airflow/.local/lib/python3.12/site-packages/airflow/example_dags/example_bash_decorator.py
[2025-03-28T15:24:08.954+0000] {logging_mixin.py:188} INFO - [2025-03-28T15:24:08.953+0000] {dag.py:3089} INFO - Sync 1 DAGs
[2025-03-28T15:24:08.961+0000] {logging_mixin.py:188} INFO - [2025-03-28T15:24:08.961+0000] {dag.py:3947} INFO - Setting next_dagrun for example_bash_decorator to None, run_after=None
[2025-03-28T15:24:08.975+0000] {processor.py:183} INFO - Processing /home/airflow/.local/lib/python3.12/site-packages/airflow/example_dags/example_bash_decorator.py took 0.061 seconds
[2025-03-28T15:24:41.998+0000] {processor.py:161} INFO - Started process (PID=3705) to work on /home/airflow/.local/lib/python3.12/site-packages/airflow/example_dags/example_bash_decorator.py
[2025-03-28T15:24:41.998+0000] {processor.py:830} INFO - Processing file /home/airflow/.local/lib/python3.12/site-packages/airflow/example_dags/example_bash_decorator.py for tasks to queue
[2025-03-28T15:24:41.999+0000] {logging_mixin.py:188} INFO - [2025-03-28T15:24:41.999+0000] {dagbag.py:545} INFO - Filling up the DagBag from /home/airflow/.local/lib/python3.12/site-packages/airflow/example_dags/example_bash_decorator.py
[2025-03-28T15:24:42.005+0000] {processor.py:840} INFO - DAG(s) 'example_bash_decorator' retrieved from /home/airflow/.local/lib/python3.12/site-packages/airflow/example_dags/example_bash_decorator.py
[2025-03-28T15:24:42.014+0000] {logging_mixin.py:188} INFO - [2025-03-28T15:24:42.014+0000] {dag.py:3089} INFO - Sync 1 DAGs
[2025-03-28T15:24:42.019+0000] {logging_mixin.py:188} INFO - [2025-03-28T15:24:42.019+0000] {dag.py:3947} INFO - Setting next_dagrun for example_bash_decorator to None, run_after=None
[2025-03-28T15:24:42.026+0000] {processor.py:183} INFO - Processing /home/airflow/.local/lib/python3.12/site-packages/airflow/example_dags/example_bash_decorator.py took 0.031 seconds
[2025-03-28T15:25:14.863+0000] {processor.py:161} INFO - Started process (PID=3777) to work on /home/airflow/.local/lib/python3.12/site-packages/airflow/example_dags/example_bash_decorator.py
[2025-03-28T15:25:14.863+0000] {processor.py:830} INFO - Processing file /home/airflow/.local/lib/python3.12/site-packages/airflow/example_dags/example_bash_decorator.py for tasks to queue
[2025-03-28T15:25:14.864+0000] {logging_mixin.py:188} INFO - [2025-03-28T15:25:14.864+0000] {dagbag.py:545} INFO - Filling up the DagBag from /home/airflow/.local/lib/python3.12/site-packages/airflow/example_dags/example_bash_decorator.py
[2025-03-28T15:25:14.869+0000] {processor.py:840} INFO - DAG(s) 'example_bash_decorator' retrieved from /home/airflow/.local/lib/python3.12/site-packages/airflow/example_dags/example_bash_decorator.py
[2025-03-28T15:25:14.879+0000] {logging_mixin.py:188} INFO - [2025-03-28T15:25:14.879+0000] {dag.py:3089} INFO - Sync 1 DAGs
[2025-03-28T15:25:14.884+0000] {logging_mixin.py:188} INFO - [2025-03-28T15:25:14.884+0000] {dag.py:3947} INFO - Setting next_dagrun for example_bash_decorator to None, run_after=None
[2025-03-28T15:25:14.891+0000] {processor.py:183} INFO - Processing /home/airflow/.local/lib/python3.12/site-packages/airflow/example_dags/example_bash_decorator.py took 0.030 seconds
[2025-03-28T15:25:47.391+0000] {processor.py:161} INFO - Started process (PID=3849) to work on /home/airflow/.local/lib/python3.12/site-packages/airflow/example_dags/example_bash_decorator.py
[2025-03-28T15:25:47.392+0000] {processor.py:830} INFO - Processing file /home/airflow/.local/lib/python3.12/site-packages/airflow/example_dags/example_bash_decorator.py for tasks to queue
[2025-03-28T15:25:47.392+0000] {logging_mixin.py:188} INFO - [2025-03-28T15:25:47.392+0000] {dagbag.py:545} INFO - Filling up the DagBag from /home/airflow/.local/lib/python3.12/site-packages/airflow/example_dags/example_bash_decorator.py
[2025-03-28T15:25:47.400+0000] {processor.py:840} INFO - DAG(s) 'example_bash_decorator' retrieved from /home/airflow/.local/lib/python3.12/site-packages/airflow/example_dags/example_bash_decorator.py
[2025-03-28T15:25:47.413+0000] {logging_mixin.py:188} INFO - [2025-03-28T15:25:47.412+0000] {dag.py:3089} INFO - Sync 1 DAGs
[2025-03-28T15:25:47.421+0000] {logging_mixin.py:188} INFO - [2025-03-28T15:25:47.421+0000] {dag.py:3947} INFO - Setting next_dagrun for example_bash_decorator to None, run_after=None
[2025-03-28T15:25:47.430+0000] {processor.py:183} INFO - Processing /home/airflow/.local/lib/python3.12/site-packages/airflow/example_dags/example_bash_decorator.py took 0.042 seconds
[2025-03-28T15:26:19.837+0000] {processor.py:161} INFO - Started process (PID=3922) to work on /home/airflow/.local/lib/python3.12/site-packages/airflow/example_dags/example_bash_decorator.py
[2025-03-28T15:26:19.840+0000] {processor.py:830} INFO - Processing file /home/airflow/.local/lib/python3.12/site-packages/airflow/example_dags/example_bash_decorator.py for tasks to queue
[2025-03-28T15:26:19.841+0000] {logging_mixin.py:188} INFO - [2025-03-28T15:26:19.840+0000] {dagbag.py:545} INFO - Filling up the DagBag from /home/airflow/.local/lib/python3.12/site-packages/airflow/example_dags/example_bash_decorator.py
[2025-03-28T15:26:19.847+0000] {processor.py:840} INFO - DAG(s) 'example_bash_decorator' retrieved from /home/airflow/.local/lib/python3.12/site-packages/airflow/example_dags/example_bash_decorator.py
[2025-03-28T15:26:19.857+0000] {logging_mixin.py:188} INFO - [2025-03-28T15:26:19.857+0000] {dag.py:3089} INFO - Sync 1 DAGs
[2025-03-28T15:26:19.862+0000] {logging_mixin.py:188} INFO - [2025-03-28T15:26:19.862+0000] {dag.py:3947} INFO - Setting next_dagrun for example_bash_decorator to None, run_after=None
[2025-03-28T15:26:19.869+0000] {processor.py:183} INFO - Processing /home/airflow/.local/lib/python3.12/site-packages/airflow/example_dags/example_bash_decorator.py took 0.036 seconds
[2025-03-28T15:26:52.347+0000] {processor.py:161} INFO - Started process (PID=3995) to work on /home/airflow/.local/lib/python3.12/site-packages/airflow/example_dags/example_bash_decorator.py
[2025-03-28T15:26:52.348+0000] {processor.py:830} INFO - Processing file /home/airflow/.local/lib/python3.12/site-packages/airflow/example_dags/example_bash_decorator.py for tasks to queue
[2025-03-28T15:26:52.348+0000] {logging_mixin.py:188} INFO - [2025-03-28T15:26:52.348+0000] {dagbag.py:545} INFO - Filling up the DagBag from /home/airflow/.local/lib/python3.12/site-packages/airflow/example_dags/example_bash_decorator.py
[2025-03-28T15:26:52.354+0000] {processor.py:840} INFO - DAG(s) 'example_bash_decorator' retrieved from /home/airflow/.local/lib/python3.12/site-packages/airflow/example_dags/example_bash_decorator.py
[2025-03-28T15:26:52.363+0000] {logging_mixin.py:188} INFO - [2025-03-28T15:26:52.363+0000] {dag.py:3089} INFO - Sync 1 DAGs
[2025-03-28T15:26:52.368+0000] {logging_mixin.py:188} INFO - [2025-03-28T15:26:52.368+0000] {dag.py:3947} INFO - Setting next_dagrun for example_bash_decorator to None, run_after=None
[2025-03-28T15:26:52.374+0000] {processor.py:183} INFO - Processing /home/airflow/.local/lib/python3.12/site-packages/airflow/example_dags/example_bash_decorator.py took 0.029 seconds
[2025-03-28T15:27:24.865+0000] {processor.py:161} INFO - Started process (PID=4067) to work on /home/airflow/.local/lib/python3.12/site-packages/airflow/example_dags/example_bash_decorator.py
[2025-03-28T15:27:24.865+0000] {processor.py:830} INFO - Processing file /home/airflow/.local/lib/python3.12/site-packages/airflow/example_dags/example_bash_decorator.py for tasks to queue
[2025-03-28T15:27:24.866+0000] {logging_mixin.py:188} INFO - [2025-03-28T15:27:24.866+0000] {dagbag.py:545} INFO - Filling up the DagBag from /home/airflow/.local/lib/python3.12/site-packages/airflow/example_dags/example_bash_decorator.py
[2025-03-28T15:27:24.871+0000] {processor.py:840} INFO - DAG(s) 'example_bash_decorator' retrieved from /home/airflow/.local/lib/python3.12/site-packages/airflow/example_dags/example_bash_decorator.py
[2025-03-28T15:27:24.880+0000] {logging_mixin.py:188} INFO - [2025-03-28T15:27:24.880+0000] {dag.py:3089} INFO - Sync 1 DAGs
[2025-03-28T15:27:24.885+0000] {logging_mixin.py:188} INFO - [2025-03-28T15:27:24.885+0000] {dag.py:3947} INFO - Setting next_dagrun for example_bash_decorator to None, run_after=None
[2025-03-28T15:27:24.891+0000] {processor.py:183} INFO - Processing /home/airflow/.local/lib/python3.12/site-packages/airflow/example_dags/example_bash_decorator.py took 0.029 seconds
[2025-03-28T15:27:57.401+0000] {processor.py:161} INFO - Started process (PID=4139) to work on /home/airflow/.local/lib/python3.12/site-packages/airflow/example_dags/example_bash_decorator.py
[2025-03-28T15:27:57.402+0000] {processor.py:830} INFO - Processing file /home/airflow/.local/lib/python3.12/site-packages/airflow/example_dags/example_bash_decorator.py for tasks to queue
[2025-03-28T15:27:57.403+0000] {logging_mixin.py:188} INFO - [2025-03-28T15:27:57.403+0000] {dagbag.py:545} INFO - Filling up the DagBag from /home/airflow/.local/lib/python3.12/site-packages/airflow/example_dags/example_bash_decorator.py
[2025-03-28T15:27:57.409+0000] {processor.py:840} INFO - DAG(s) 'example_bash_decorator' retrieved from /home/airflow/.local/lib/python3.12/site-packages/airflow/example_dags/example_bash_decorator.py
[2025-03-28T15:27:57.421+0000] {logging_mixin.py:188} INFO - [2025-03-28T15:27:57.421+0000] {dag.py:3089} INFO - Sync 1 DAGs
[2025-03-28T15:27:57.426+0000] {logging_mixin.py:188} INFO - [2025-03-28T15:27:57.426+0000] {dag.py:3947} INFO - Setting next_dagrun for example_bash_decorator to None, run_after=None
[2025-03-28T15:27:57.433+0000] {processor.py:183} INFO - Processing /home/airflow/.local/lib/python3.12/site-packages/airflow/example_dags/example_bash_decorator.py took 0.035 seconds
[2025-03-28T15:28:29.933+0000] {processor.py:161} INFO - Started process (PID=4211) to work on /home/airflow/.local/lib/python3.12/site-packages/airflow/example_dags/example_bash_decorator.py
[2025-03-28T15:28:29.934+0000] {processor.py:830} INFO - Processing file /home/airflow/.local/lib/python3.12/site-packages/airflow/example_dags/example_bash_decorator.py for tasks to queue
[2025-03-28T15:28:29.935+0000] {logging_mixin.py:188} INFO - [2025-03-28T15:28:29.935+0000] {dagbag.py:545} INFO - Filling up the DagBag from /home/airflow/.local/lib/python3.12/site-packages/airflow/example_dags/example_bash_decorator.py
[2025-03-28T15:28:29.941+0000] {processor.py:840} INFO - DAG(s) 'example_bash_decorator' retrieved from /home/airflow/.local/lib/python3.12/site-packages/airflow/example_dags/example_bash_decorator.py
[2025-03-28T15:28:29.952+0000] {logging_mixin.py:188} INFO - [2025-03-28T15:28:29.951+0000] {dag.py:3089} INFO - Sync 1 DAGs
[2025-03-28T15:28:29.957+0000] {logging_mixin.py:188} INFO - [2025-03-28T15:28:29.957+0000] {dag.py:3947} INFO - Setting next_dagrun for example_bash_decorator to None, run_after=None
[2025-03-28T15:28:29.964+0000] {processor.py:183} INFO - Processing /home/airflow/.local/lib/python3.12/site-packages/airflow/example_dags/example_bash_decorator.py took 0.033 seconds
