[2025-03-28T14:57:33.544+0000] {processor.py:161} INFO - Started process (PID=122) to work on /home/airflow/.local/lib/python3.12/site-packages/airflow/example_dags/example_python_operator.py
[2025-03-28T14:57:33.546+0000] {processor.py:830} INFO - Processing file /home/airflow/.local/lib/python3.12/site-packages/airflow/example_dags/example_python_operator.py for tasks to queue
[2025-03-28T14:57:33.547+0000] {logging_mixin.py:188} INFO - [2025-03-28T14:57:33.547+0000] {dagbag.py:545} INFO - Filling up the DagBag from /home/airflow/.local/lib/python3.12/site-packages/airflow/example_dags/example_python_operator.py
[2025-03-28T14:57:33.556+0000] {processor.py:840} INFO - DAG(s) 'example_python_operator' retrieved from /home/airflow/.local/lib/python3.12/site-packages/airflow/example_dags/example_python_operator.py
[2025-03-28T14:57:33.613+0000] {logging_mixin.py:188} INFO - [2025-03-28T14:57:33.613+0000] {dag.py:3089} INFO - Sync 1 DAGs
[2025-03-28T14:57:33.617+0000] {logging_mixin.py:188} INFO - [2025-03-28T14:57:33.617+0000] {dag.py:3947} INFO - Setting next_dagrun for example_python_operator to None, run_after=None
[2025-03-28T14:57:33.629+0000] {processor.py:183} INFO - Processing /home/airflow/.local/lib/python3.12/site-packages/airflow/example_dags/example_python_operator.py took 0.088 seconds
[2025-03-28T14:58:06.174+0000] {processor.py:161} INFO - Started process (PID=193) to work on /home/airflow/.local/lib/python3.12/site-packages/airflow/example_dags/example_python_operator.py
[2025-03-28T14:58:06.174+0000] {processor.py:830} INFO - Processing file /home/airflow/.local/lib/python3.12/site-packages/airflow/example_dags/example_python_operator.py for tasks to queue
[2025-03-28T14:58:06.176+0000] {logging_mixin.py:188} INFO - [2025-03-28T14:58:06.175+0000] {dagbag.py:545} INFO - Filling up the DagBag from /home/airflow/.local/lib/python3.12/site-packages/airflow/example_dags/example_python_operator.py
[2025-03-28T14:58:06.182+0000] {processor.py:840} INFO - DAG(s) 'example_python_operator' retrieved from /home/airflow/.local/lib/python3.12/site-packages/airflow/example_dags/example_python_operator.py
[2025-03-28T14:58:06.194+0000] {logging_mixin.py:188} INFO - [2025-03-28T14:58:06.194+0000] {dag.py:3089} INFO - Sync 1 DAGs
[2025-03-28T14:58:06.201+0000] {logging_mixin.py:188} INFO - [2025-03-28T14:58:06.201+0000] {dag.py:3947} INFO - Setting next_dagrun for example_python_operator to None, run_after=None
[2025-03-28T14:58:06.208+0000] {processor.py:183} INFO - Processing /home/airflow/.local/lib/python3.12/site-packages/airflow/example_dags/example_python_operator.py took 0.039 seconds
[2025-03-28T14:58:38.800+0000] {processor.py:161} INFO - Started process (PID=265) to work on /home/airflow/.local/lib/python3.12/site-packages/airflow/example_dags/example_python_operator.py
[2025-03-28T14:58:38.801+0000] {processor.py:830} INFO - Processing file /home/airflow/.local/lib/python3.12/site-packages/airflow/example_dags/example_python_operator.py for tasks to queue
[2025-03-28T14:58:38.801+0000] {logging_mixin.py:188} INFO - [2025-03-28T14:58:38.801+0000] {dagbag.py:545} INFO - Filling up the DagBag from /home/airflow/.local/lib/python3.12/site-packages/airflow/example_dags/example_python_operator.py
[2025-03-28T14:58:38.806+0000] {processor.py:840} INFO - DAG(s) 'example_python_operator' retrieved from /home/airflow/.local/lib/python3.12/site-packages/airflow/example_dags/example_python_operator.py
[2025-03-28T14:58:38.819+0000] {logging_mixin.py:188} INFO - [2025-03-28T14:58:38.819+0000] {dag.py:3089} INFO - Sync 1 DAGs
[2025-03-28T14:58:38.826+0000] {logging_mixin.py:188} INFO - [2025-03-28T14:58:38.826+0000] {dag.py:3947} INFO - Setting next_dagrun for example_python_operator to None, run_after=None
[2025-03-28T14:58:38.839+0000] {processor.py:183} INFO - Processing /home/airflow/.local/lib/python3.12/site-packages/airflow/example_dags/example_python_operator.py took 0.041 seconds
[2025-03-28T14:59:11.405+0000] {processor.py:161} INFO - Started process (PID=337) to work on /home/airflow/.local/lib/python3.12/site-packages/airflow/example_dags/example_python_operator.py
[2025-03-28T14:59:11.408+0000] {processor.py:830} INFO - Processing file /home/airflow/.local/lib/python3.12/site-packages/airflow/example_dags/example_python_operator.py for tasks to queue
[2025-03-28T14:59:11.409+0000] {logging_mixin.py:188} INFO - [2025-03-28T14:59:11.409+0000] {dagbag.py:545} INFO - Filling up the DagBag from /home/airflow/.local/lib/python3.12/site-packages/airflow/example_dags/example_python_operator.py
[2025-03-28T14:59:11.414+0000] {processor.py:840} INFO - DAG(s) 'example_python_operator' retrieved from /home/airflow/.local/lib/python3.12/site-packages/airflow/example_dags/example_python_operator.py
[2025-03-28T14:59:11.423+0000] {logging_mixin.py:188} INFO - [2025-03-28T14:59:11.423+0000] {dag.py:3089} INFO - Sync 1 DAGs
[2025-03-28T14:59:11.429+0000] {logging_mixin.py:188} INFO - [2025-03-28T14:59:11.429+0000] {dag.py:3947} INFO - Setting next_dagrun for example_python_operator to None, run_after=None
[2025-03-28T14:59:11.440+0000] {processor.py:183} INFO - Processing /home/airflow/.local/lib/python3.12/site-packages/airflow/example_dags/example_python_operator.py took 0.038 seconds
[2025-03-28T14:59:44.025+0000] {processor.py:161} INFO - Started process (PID=409) to work on /home/airflow/.local/lib/python3.12/site-packages/airflow/example_dags/example_python_operator.py
[2025-03-28T14:59:44.027+0000] {processor.py:830} INFO - Processing file /home/airflow/.local/lib/python3.12/site-packages/airflow/example_dags/example_python_operator.py for tasks to queue
[2025-03-28T14:59:44.028+0000] {logging_mixin.py:188} INFO - [2025-03-28T14:59:44.028+0000] {dagbag.py:545} INFO - Filling up the DagBag from /home/airflow/.local/lib/python3.12/site-packages/airflow/example_dags/example_python_operator.py
[2025-03-28T14:59:44.033+0000] {processor.py:840} INFO - DAG(s) 'example_python_operator' retrieved from /home/airflow/.local/lib/python3.12/site-packages/airflow/example_dags/example_python_operator.py
[2025-03-28T14:59:44.044+0000] {logging_mixin.py:188} INFO - [2025-03-28T14:59:44.044+0000] {dag.py:3089} INFO - Sync 1 DAGs
[2025-03-28T14:59:44.050+0000] {logging_mixin.py:188} INFO - [2025-03-28T14:59:44.050+0000] {dag.py:3947} INFO - Setting next_dagrun for example_python_operator to None, run_after=None
[2025-03-28T14:59:44.066+0000] {processor.py:183} INFO - Processing /home/airflow/.local/lib/python3.12/site-packages/airflow/example_dags/example_python_operator.py took 0.043 seconds
[2025-03-28T15:00:16.677+0000] {processor.py:161} INFO - Started process (PID=481) to work on /home/airflow/.local/lib/python3.12/site-packages/airflow/example_dags/example_python_operator.py
[2025-03-28T15:00:16.678+0000] {processor.py:830} INFO - Processing file /home/airflow/.local/lib/python3.12/site-packages/airflow/example_dags/example_python_operator.py for tasks to queue
[2025-03-28T15:00:16.679+0000] {logging_mixin.py:188} INFO - [2025-03-28T15:00:16.679+0000] {dagbag.py:545} INFO - Filling up the DagBag from /home/airflow/.local/lib/python3.12/site-packages/airflow/example_dags/example_python_operator.py
[2025-03-28T15:00:16.684+0000] {processor.py:840} INFO - DAG(s) 'example_python_operator' retrieved from /home/airflow/.local/lib/python3.12/site-packages/airflow/example_dags/example_python_operator.py
[2025-03-28T15:00:16.701+0000] {logging_mixin.py:188} INFO - [2025-03-28T15:00:16.700+0000] {dag.py:3089} INFO - Sync 1 DAGs
[2025-03-28T15:00:16.705+0000] {logging_mixin.py:188} INFO - [2025-03-28T15:00:16.705+0000] {dag.py:3947} INFO - Setting next_dagrun for example_python_operator to None, run_after=None
[2025-03-28T15:00:16.716+0000] {processor.py:183} INFO - Processing /home/airflow/.local/lib/python3.12/site-packages/airflow/example_dags/example_python_operator.py took 0.041 seconds
[2025-03-28T15:00:49.381+0000] {processor.py:161} INFO - Started process (PID=554) to work on /home/airflow/.local/lib/python3.12/site-packages/airflow/example_dags/example_python_operator.py
[2025-03-28T15:00:49.382+0000] {processor.py:830} INFO - Processing file /home/airflow/.local/lib/python3.12/site-packages/airflow/example_dags/example_python_operator.py for tasks to queue
[2025-03-28T15:00:49.384+0000] {logging_mixin.py:188} INFO - [2025-03-28T15:00:49.383+0000] {dagbag.py:545} INFO - Filling up the DagBag from /home/airflow/.local/lib/python3.12/site-packages/airflow/example_dags/example_python_operator.py
[2025-03-28T15:00:49.390+0000] {processor.py:840} INFO - DAG(s) 'example_python_operator' retrieved from /home/airflow/.local/lib/python3.12/site-packages/airflow/example_dags/example_python_operator.py
[2025-03-28T15:00:49.403+0000] {logging_mixin.py:188} INFO - [2025-03-28T15:00:49.403+0000] {dag.py:3089} INFO - Sync 1 DAGs
[2025-03-28T15:00:49.409+0000] {logging_mixin.py:188} INFO - [2025-03-28T15:00:49.409+0000] {dag.py:3947} INFO - Setting next_dagrun for example_python_operator to None, run_after=None
[2025-03-28T15:00:49.416+0000] {processor.py:183} INFO - Processing /home/airflow/.local/lib/python3.12/site-packages/airflow/example_dags/example_python_operator.py took 0.037 seconds
[2025-03-28T15:01:22.579+0000] {processor.py:161} INFO - Started process (PID=626) to work on /home/airflow/.local/lib/python3.12/site-packages/airflow/example_dags/example_python_operator.py
[2025-03-28T15:01:22.579+0000] {processor.py:830} INFO - Processing file /home/airflow/.local/lib/python3.12/site-packages/airflow/example_dags/example_python_operator.py for tasks to queue
[2025-03-28T15:01:22.580+0000] {logging_mixin.py:188} INFO - [2025-03-28T15:01:22.580+0000] {dagbag.py:545} INFO - Filling up the DagBag from /home/airflow/.local/lib/python3.12/site-packages/airflow/example_dags/example_python_operator.py
[2025-03-28T15:01:22.585+0000] {processor.py:840} INFO - DAG(s) 'example_python_operator' retrieved from /home/airflow/.local/lib/python3.12/site-packages/airflow/example_dags/example_python_operator.py
[2025-03-28T15:01:22.598+0000] {logging_mixin.py:188} INFO - [2025-03-28T15:01:22.598+0000] {dag.py:3089} INFO - Sync 1 DAGs
[2025-03-28T15:01:22.604+0000] {logging_mixin.py:188} INFO - [2025-03-28T15:01:22.603+0000] {dag.py:3947} INFO - Setting next_dagrun for example_python_operator to None, run_after=None
[2025-03-28T15:01:22.697+0000] {processor.py:183} INFO - Processing /home/airflow/.local/lib/python3.12/site-packages/airflow/example_dags/example_python_operator.py took 0.121 seconds
[2025-03-28T15:01:54.403+0000] {processor.py:161} INFO - Started process (PID=697) to work on /home/airflow/.local/lib/python3.12/site-packages/airflow/example_dags/example_python_operator.py
[2025-03-28T15:01:54.404+0000] {processor.py:830} INFO - Processing file /home/airflow/.local/lib/python3.12/site-packages/airflow/example_dags/example_python_operator.py for tasks to queue
[2025-03-28T15:01:54.405+0000] {logging_mixin.py:188} INFO - [2025-03-28T15:01:54.405+0000] {dagbag.py:545} INFO - Filling up the DagBag from /home/airflow/.local/lib/python3.12/site-packages/airflow/example_dags/example_python_operator.py
[2025-03-28T15:01:54.410+0000] {processor.py:840} INFO - DAG(s) 'example_python_operator' retrieved from /home/airflow/.local/lib/python3.12/site-packages/airflow/example_dags/example_python_operator.py
[2025-03-28T15:01:54.420+0000] {logging_mixin.py:188} INFO - [2025-03-28T15:01:54.420+0000] {dag.py:3089} INFO - Sync 1 DAGs
[2025-03-28T15:01:54.428+0000] {logging_mixin.py:188} INFO - [2025-03-28T15:01:54.428+0000] {dag.py:3947} INFO - Setting next_dagrun for example_python_operator to None, run_after=None
[2025-03-28T15:01:54.439+0000] {processor.py:183} INFO - Processing /home/airflow/.local/lib/python3.12/site-packages/airflow/example_dags/example_python_operator.py took 0.039 seconds
[2025-03-28T15:02:27.442+0000] {processor.py:161} INFO - Started process (PID=769) to work on /home/airflow/.local/lib/python3.12/site-packages/airflow/example_dags/example_python_operator.py
[2025-03-28T15:02:27.443+0000] {processor.py:830} INFO - Processing file /home/airflow/.local/lib/python3.12/site-packages/airflow/example_dags/example_python_operator.py for tasks to queue
[2025-03-28T15:02:27.444+0000] {logging_mixin.py:188} INFO - [2025-03-28T15:02:27.443+0000] {dagbag.py:545} INFO - Filling up the DagBag from /home/airflow/.local/lib/python3.12/site-packages/airflow/example_dags/example_python_operator.py
[2025-03-28T15:02:27.448+0000] {processor.py:840} INFO - DAG(s) 'example_python_operator' retrieved from /home/airflow/.local/lib/python3.12/site-packages/airflow/example_dags/example_python_operator.py
[2025-03-28T15:02:27.462+0000] {logging_mixin.py:188} INFO - [2025-03-28T15:02:27.462+0000] {dag.py:3089} INFO - Sync 1 DAGs
[2025-03-28T15:02:27.468+0000] {logging_mixin.py:188} INFO - [2025-03-28T15:02:27.468+0000] {dag.py:3947} INFO - Setting next_dagrun for example_python_operator to None, run_after=None
[2025-03-28T15:02:27.478+0000] {processor.py:183} INFO - Processing /home/airflow/.local/lib/python3.12/site-packages/airflow/example_dags/example_python_operator.py took 0.038 seconds
[2025-03-28T15:02:59.997+0000] {processor.py:161} INFO - Started process (PID=841) to work on /home/airflow/.local/lib/python3.12/site-packages/airflow/example_dags/example_python_operator.py
[2025-03-28T15:02:59.998+0000] {processor.py:830} INFO - Processing file /home/airflow/.local/lib/python3.12/site-packages/airflow/example_dags/example_python_operator.py for tasks to queue
[2025-03-28T15:02:59.998+0000] {logging_mixin.py:188} INFO - [2025-03-28T15:02:59.998+0000] {dagbag.py:545} INFO - Filling up the DagBag from /home/airflow/.local/lib/python3.12/site-packages/airflow/example_dags/example_python_operator.py
[2025-03-28T15:03:00.004+0000] {processor.py:840} INFO - DAG(s) 'example_python_operator' retrieved from /home/airflow/.local/lib/python3.12/site-packages/airflow/example_dags/example_python_operator.py
[2025-03-28T15:03:00.013+0000] {logging_mixin.py:188} INFO - [2025-03-28T15:03:00.013+0000] {dag.py:3089} INFO - Sync 1 DAGs
[2025-03-28T15:03:00.020+0000] {logging_mixin.py:188} INFO - [2025-03-28T15:03:00.020+0000] {dag.py:3947} INFO - Setting next_dagrun for example_python_operator to None, run_after=None
[2025-03-28T15:03:00.033+0000] {processor.py:183} INFO - Processing /home/airflow/.local/lib/python3.12/site-packages/airflow/example_dags/example_python_operator.py took 0.038 seconds
[2025-03-28T15:03:32.476+0000] {processor.py:161} INFO - Started process (PID=919) to work on /home/airflow/.local/lib/python3.12/site-packages/airflow/example_dags/example_python_operator.py
[2025-03-28T15:03:32.477+0000] {processor.py:830} INFO - Processing file /home/airflow/.local/lib/python3.12/site-packages/airflow/example_dags/example_python_operator.py for tasks to queue
[2025-03-28T15:03:32.478+0000] {logging_mixin.py:188} INFO - [2025-03-28T15:03:32.478+0000] {dagbag.py:545} INFO - Filling up the DagBag from /home/airflow/.local/lib/python3.12/site-packages/airflow/example_dags/example_python_operator.py
[2025-03-28T15:03:32.483+0000] {processor.py:840} INFO - DAG(s) 'example_python_operator' retrieved from /home/airflow/.local/lib/python3.12/site-packages/airflow/example_dags/example_python_operator.py
[2025-03-28T15:03:32.494+0000] {logging_mixin.py:188} INFO - [2025-03-28T15:03:32.493+0000] {dag.py:3089} INFO - Sync 1 DAGs
[2025-03-28T15:03:32.499+0000] {logging_mixin.py:188} INFO - [2025-03-28T15:03:32.499+0000] {dag.py:3947} INFO - Setting next_dagrun for example_python_operator to None, run_after=None
[2025-03-28T15:03:32.509+0000] {processor.py:183} INFO - Processing /home/airflow/.local/lib/python3.12/site-packages/airflow/example_dags/example_python_operator.py took 0.035 seconds
[2025-03-28T15:04:04.993+0000] {processor.py:161} INFO - Started process (PID=990) to work on /home/airflow/.local/lib/python3.12/site-packages/airflow/example_dags/example_python_operator.py
[2025-03-28T15:04:04.994+0000] {processor.py:830} INFO - Processing file /home/airflow/.local/lib/python3.12/site-packages/airflow/example_dags/example_python_operator.py for tasks to queue
[2025-03-28T15:04:04.995+0000] {logging_mixin.py:188} INFO - [2025-03-28T15:04:04.995+0000] {dagbag.py:545} INFO - Filling up the DagBag from /home/airflow/.local/lib/python3.12/site-packages/airflow/example_dags/example_python_operator.py
[2025-03-28T15:04:05.000+0000] {processor.py:840} INFO - DAG(s) 'example_python_operator' retrieved from /home/airflow/.local/lib/python3.12/site-packages/airflow/example_dags/example_python_operator.py
[2025-03-28T15:04:05.011+0000] {logging_mixin.py:188} INFO - [2025-03-28T15:04:05.011+0000] {dag.py:3089} INFO - Sync 1 DAGs
[2025-03-28T15:04:05.018+0000] {logging_mixin.py:188} INFO - [2025-03-28T15:04:05.018+0000] {dag.py:3947} INFO - Setting next_dagrun for example_python_operator to None, run_after=None
[2025-03-28T15:04:05.024+0000] {processor.py:183} INFO - Processing /home/airflow/.local/lib/python3.12/site-packages/airflow/example_dags/example_python_operator.py took 0.034 seconds
[2025-03-28T15:04:37.527+0000] {processor.py:161} INFO - Started process (PID=1062) to work on /home/airflow/.local/lib/python3.12/site-packages/airflow/example_dags/example_python_operator.py
[2025-03-28T15:04:37.528+0000] {processor.py:830} INFO - Processing file /home/airflow/.local/lib/python3.12/site-packages/airflow/example_dags/example_python_operator.py for tasks to queue
[2025-03-28T15:04:37.530+0000] {logging_mixin.py:188} INFO - [2025-03-28T15:04:37.530+0000] {dagbag.py:545} INFO - Filling up the DagBag from /home/airflow/.local/lib/python3.12/site-packages/airflow/example_dags/example_python_operator.py
[2025-03-28T15:04:37.535+0000] {processor.py:840} INFO - DAG(s) 'example_python_operator' retrieved from /home/airflow/.local/lib/python3.12/site-packages/airflow/example_dags/example_python_operator.py
[2025-03-28T15:04:37.543+0000] {logging_mixin.py:188} INFO - [2025-03-28T15:04:37.543+0000] {dag.py:3089} INFO - Sync 1 DAGs
[2025-03-28T15:04:37.548+0000] {logging_mixin.py:188} INFO - [2025-03-28T15:04:37.548+0000] {dag.py:3947} INFO - Setting next_dagrun for example_python_operator to None, run_after=None
[2025-03-28T15:04:37.557+0000] {processor.py:183} INFO - Processing /home/airflow/.local/lib/python3.12/site-packages/airflow/example_dags/example_python_operator.py took 0.032 seconds
[2025-03-28T15:05:09.935+0000] {processor.py:161} INFO - Started process (PID=1134) to work on /home/airflow/.local/lib/python3.12/site-packages/airflow/example_dags/example_python_operator.py
[2025-03-28T15:05:09.936+0000] {processor.py:830} INFO - Processing file /home/airflow/.local/lib/python3.12/site-packages/airflow/example_dags/example_python_operator.py for tasks to queue
[2025-03-28T15:05:09.937+0000] {logging_mixin.py:188} INFO - [2025-03-28T15:05:09.937+0000] {dagbag.py:545} INFO - Filling up the DagBag from /home/airflow/.local/lib/python3.12/site-packages/airflow/example_dags/example_python_operator.py
[2025-03-28T15:05:09.942+0000] {processor.py:840} INFO - DAG(s) 'example_python_operator' retrieved from /home/airflow/.local/lib/python3.12/site-packages/airflow/example_dags/example_python_operator.py
[2025-03-28T15:05:09.958+0000] {logging_mixin.py:188} INFO - [2025-03-28T15:05:09.958+0000] {dag.py:3089} INFO - Sync 1 DAGs
[2025-03-28T15:05:09.963+0000] {logging_mixin.py:188} INFO - [2025-03-28T15:05:09.963+0000] {dag.py:3947} INFO - Setting next_dagrun for example_python_operator to None, run_after=None
[2025-03-28T15:05:09.970+0000] {processor.py:183} INFO - Processing /home/airflow/.local/lib/python3.12/site-packages/airflow/example_dags/example_python_operator.py took 0.038 seconds
[2025-03-28T15:05:42.413+0000] {processor.py:161} INFO - Started process (PID=1206) to work on /home/airflow/.local/lib/python3.12/site-packages/airflow/example_dags/example_python_operator.py
[2025-03-28T15:05:42.414+0000] {processor.py:830} INFO - Processing file /home/airflow/.local/lib/python3.12/site-packages/airflow/example_dags/example_python_operator.py for tasks to queue
[2025-03-28T15:05:42.415+0000] {logging_mixin.py:188} INFO - [2025-03-28T15:05:42.415+0000] {dagbag.py:545} INFO - Filling up the DagBag from /home/airflow/.local/lib/python3.12/site-packages/airflow/example_dags/example_python_operator.py
[2025-03-28T15:05:42.420+0000] {processor.py:840} INFO - DAG(s) 'example_python_operator' retrieved from /home/airflow/.local/lib/python3.12/site-packages/airflow/example_dags/example_python_operator.py
[2025-03-28T15:05:42.432+0000] {logging_mixin.py:188} INFO - [2025-03-28T15:05:42.432+0000] {dag.py:3089} INFO - Sync 1 DAGs
[2025-03-28T15:05:42.437+0000] {logging_mixin.py:188} INFO - [2025-03-28T15:05:42.437+0000] {dag.py:3947} INFO - Setting next_dagrun for example_python_operator to None, run_after=None
[2025-03-28T15:05:42.446+0000] {processor.py:183} INFO - Processing /home/airflow/.local/lib/python3.12/site-packages/airflow/example_dags/example_python_operator.py took 0.037 seconds
[2025-03-28T15:06:14.989+0000] {processor.py:161} INFO - Started process (PID=1278) to work on /home/airflow/.local/lib/python3.12/site-packages/airflow/example_dags/example_python_operator.py
[2025-03-28T15:06:14.990+0000] {processor.py:830} INFO - Processing file /home/airflow/.local/lib/python3.12/site-packages/airflow/example_dags/example_python_operator.py for tasks to queue
[2025-03-28T15:06:14.991+0000] {logging_mixin.py:188} INFO - [2025-03-28T15:06:14.991+0000] {dagbag.py:545} INFO - Filling up the DagBag from /home/airflow/.local/lib/python3.12/site-packages/airflow/example_dags/example_python_operator.py
[2025-03-28T15:06:14.997+0000] {processor.py:840} INFO - DAG(s) 'example_python_operator' retrieved from /home/airflow/.local/lib/python3.12/site-packages/airflow/example_dags/example_python_operator.py
[2025-03-28T15:06:15.007+0000] {logging_mixin.py:188} INFO - [2025-03-28T15:06:15.007+0000] {dag.py:3089} INFO - Sync 1 DAGs
[2025-03-28T15:06:15.012+0000] {logging_mixin.py:188} INFO - [2025-03-28T15:06:15.012+0000] {dag.py:3947} INFO - Setting next_dagrun for example_python_operator to None, run_after=None
[2025-03-28T15:06:15.019+0000] {processor.py:183} INFO - Processing /home/airflow/.local/lib/python3.12/site-packages/airflow/example_dags/example_python_operator.py took 0.033 seconds
[2025-03-28T15:06:47.474+0000] {processor.py:161} INFO - Started process (PID=1350) to work on /home/airflow/.local/lib/python3.12/site-packages/airflow/example_dags/example_python_operator.py
[2025-03-28T15:06:47.475+0000] {processor.py:830} INFO - Processing file /home/airflow/.local/lib/python3.12/site-packages/airflow/example_dags/example_python_operator.py for tasks to queue
[2025-03-28T15:06:47.477+0000] {logging_mixin.py:188} INFO - [2025-03-28T15:06:47.477+0000] {dagbag.py:545} INFO - Filling up the DagBag from /home/airflow/.local/lib/python3.12/site-packages/airflow/example_dags/example_python_operator.py
[2025-03-28T15:06:47.483+0000] {processor.py:840} INFO - DAG(s) 'example_python_operator' retrieved from /home/airflow/.local/lib/python3.12/site-packages/airflow/example_dags/example_python_operator.py
[2025-03-28T15:06:47.495+0000] {logging_mixin.py:188} INFO - [2025-03-28T15:06:47.495+0000] {dag.py:3089} INFO - Sync 1 DAGs
[2025-03-28T15:06:47.500+0000] {logging_mixin.py:188} INFO - [2025-03-28T15:06:47.500+0000] {dag.py:3947} INFO - Setting next_dagrun for example_python_operator to None, run_after=None
[2025-03-28T15:06:47.507+0000] {processor.py:183} INFO - Processing /home/airflow/.local/lib/python3.12/site-packages/airflow/example_dags/example_python_operator.py took 0.035 seconds
[2025-03-28T15:07:20.118+0000] {processor.py:161} INFO - Started process (PID=1422) to work on /home/airflow/.local/lib/python3.12/site-packages/airflow/example_dags/example_python_operator.py
[2025-03-28T15:07:20.119+0000] {processor.py:830} INFO - Processing file /home/airflow/.local/lib/python3.12/site-packages/airflow/example_dags/example_python_operator.py for tasks to queue
[2025-03-28T15:07:20.120+0000] {logging_mixin.py:188} INFO - [2025-03-28T15:07:20.119+0000] {dagbag.py:545} INFO - Filling up the DagBag from /home/airflow/.local/lib/python3.12/site-packages/airflow/example_dags/example_python_operator.py
[2025-03-28T15:07:20.124+0000] {processor.py:840} INFO - DAG(s) 'example_python_operator' retrieved from /home/airflow/.local/lib/python3.12/site-packages/airflow/example_dags/example_python_operator.py
[2025-03-28T15:07:20.133+0000] {logging_mixin.py:188} INFO - [2025-03-28T15:07:20.133+0000] {dag.py:3089} INFO - Sync 1 DAGs
[2025-03-28T15:07:20.141+0000] {logging_mixin.py:188} INFO - [2025-03-28T15:07:20.140+0000] {dag.py:3947} INFO - Setting next_dagrun for example_python_operator to None, run_after=None
[2025-03-28T15:07:20.149+0000] {processor.py:183} INFO - Processing /home/airflow/.local/lib/python3.12/site-packages/airflow/example_dags/example_python_operator.py took 0.034 seconds
[2025-03-28T15:07:52.443+0000] {processor.py:161} INFO - Started process (PID=1494) to work on /home/airflow/.local/lib/python3.12/site-packages/airflow/example_dags/example_python_operator.py
[2025-03-28T15:07:52.443+0000] {processor.py:830} INFO - Processing file /home/airflow/.local/lib/python3.12/site-packages/airflow/example_dags/example_python_operator.py for tasks to queue
[2025-03-28T15:07:52.444+0000] {logging_mixin.py:188} INFO - [2025-03-28T15:07:52.444+0000] {dagbag.py:545} INFO - Filling up the DagBag from /home/airflow/.local/lib/python3.12/site-packages/airflow/example_dags/example_python_operator.py
[2025-03-28T15:07:52.449+0000] {processor.py:840} INFO - DAG(s) 'example_python_operator' retrieved from /home/airflow/.local/lib/python3.12/site-packages/airflow/example_dags/example_python_operator.py
[2025-03-28T15:07:52.458+0000] {logging_mixin.py:188} INFO - [2025-03-28T15:07:52.458+0000] {dag.py:3089} INFO - Sync 1 DAGs
[2025-03-28T15:07:52.465+0000] {logging_mixin.py:188} INFO - [2025-03-28T15:07:52.465+0000] {dag.py:3947} INFO - Setting next_dagrun for example_python_operator to None, run_after=None
[2025-03-28T15:07:52.474+0000] {processor.py:183} INFO - Processing /home/airflow/.local/lib/python3.12/site-packages/airflow/example_dags/example_python_operator.py took 0.034 seconds
[2025-03-28T15:08:24.700+0000] {processor.py:161} INFO - Started process (PID=1566) to work on /home/airflow/.local/lib/python3.12/site-packages/airflow/example_dags/example_python_operator.py
[2025-03-28T15:08:24.701+0000] {processor.py:830} INFO - Processing file /home/airflow/.local/lib/python3.12/site-packages/airflow/example_dags/example_python_operator.py for tasks to queue
[2025-03-28T15:08:24.702+0000] {logging_mixin.py:188} INFO - [2025-03-28T15:08:24.702+0000] {dagbag.py:545} INFO - Filling up the DagBag from /home/airflow/.local/lib/python3.12/site-packages/airflow/example_dags/example_python_operator.py
[2025-03-28T15:08:24.708+0000] {processor.py:840} INFO - DAG(s) 'example_python_operator' retrieved from /home/airflow/.local/lib/python3.12/site-packages/airflow/example_dags/example_python_operator.py
[2025-03-28T15:08:24.717+0000] {logging_mixin.py:188} INFO - [2025-03-28T15:08:24.717+0000] {dag.py:3089} INFO - Sync 1 DAGs
[2025-03-28T15:08:24.722+0000] {logging_mixin.py:188} INFO - [2025-03-28T15:08:24.722+0000] {dag.py:3947} INFO - Setting next_dagrun for example_python_operator to None, run_after=None
[2025-03-28T15:08:24.732+0000] {processor.py:183} INFO - Processing /home/airflow/.local/lib/python3.12/site-packages/airflow/example_dags/example_python_operator.py took 0.035 seconds
[2025-03-28T15:08:57.322+0000] {processor.py:161} INFO - Started process (PID=1638) to work on /home/airflow/.local/lib/python3.12/site-packages/airflow/example_dags/example_python_operator.py
[2025-03-28T15:08:57.322+0000] {processor.py:830} INFO - Processing file /home/airflow/.local/lib/python3.12/site-packages/airflow/example_dags/example_python_operator.py for tasks to queue
[2025-03-28T15:08:57.323+0000] {logging_mixin.py:188} INFO - [2025-03-28T15:08:57.323+0000] {dagbag.py:545} INFO - Filling up the DagBag from /home/airflow/.local/lib/python3.12/site-packages/airflow/example_dags/example_python_operator.py
[2025-03-28T15:08:57.328+0000] {processor.py:840} INFO - DAG(s) 'example_python_operator' retrieved from /home/airflow/.local/lib/python3.12/site-packages/airflow/example_dags/example_python_operator.py
[2025-03-28T15:08:57.339+0000] {logging_mixin.py:188} INFO - [2025-03-28T15:08:57.339+0000] {dag.py:3089} INFO - Sync 1 DAGs
[2025-03-28T15:08:57.346+0000] {logging_mixin.py:188} INFO - [2025-03-28T15:08:57.346+0000] {dag.py:3947} INFO - Setting next_dagrun for example_python_operator to None, run_after=None
[2025-03-28T15:08:57.358+0000] {processor.py:183} INFO - Processing /home/airflow/.local/lib/python3.12/site-packages/airflow/example_dags/example_python_operator.py took 0.039 seconds
[2025-03-28T15:09:29.983+0000] {processor.py:161} INFO - Started process (PID=1710) to work on /home/airflow/.local/lib/python3.12/site-packages/airflow/example_dags/example_python_operator.py
[2025-03-28T15:09:29.984+0000] {processor.py:830} INFO - Processing file /home/airflow/.local/lib/python3.12/site-packages/airflow/example_dags/example_python_operator.py for tasks to queue
[2025-03-28T15:09:29.984+0000] {logging_mixin.py:188} INFO - [2025-03-28T15:09:29.984+0000] {dagbag.py:545} INFO - Filling up the DagBag from /home/airflow/.local/lib/python3.12/site-packages/airflow/example_dags/example_python_operator.py
[2025-03-28T15:09:29.989+0000] {processor.py:840} INFO - DAG(s) 'example_python_operator' retrieved from /home/airflow/.local/lib/python3.12/site-packages/airflow/example_dags/example_python_operator.py
[2025-03-28T15:09:30.007+0000] {logging_mixin.py:188} INFO - [2025-03-28T15:09:30.007+0000] {dag.py:3089} INFO - Sync 1 DAGs
[2025-03-28T15:09:30.014+0000] {logging_mixin.py:188} INFO - [2025-03-28T15:09:30.014+0000] {dag.py:3947} INFO - Setting next_dagrun for example_python_operator to None, run_after=None
[2025-03-28T15:09:30.023+0000] {processor.py:183} INFO - Processing /home/airflow/.local/lib/python3.12/site-packages/airflow/example_dags/example_python_operator.py took 0.043 seconds
[2025-03-28T15:10:03.202+0000] {processor.py:161} INFO - Started process (PID=1788) to work on /home/airflow/.local/lib/python3.12/site-packages/airflow/example_dags/example_python_operator.py
[2025-03-28T15:10:03.203+0000] {processor.py:830} INFO - Processing file /home/airflow/.local/lib/python3.12/site-packages/airflow/example_dags/example_python_operator.py for tasks to queue
[2025-03-28T15:10:03.204+0000] {logging_mixin.py:188} INFO - [2025-03-28T15:10:03.204+0000] {dagbag.py:545} INFO - Filling up the DagBag from /home/airflow/.local/lib/python3.12/site-packages/airflow/example_dags/example_python_operator.py
[2025-03-28T15:10:03.210+0000] {processor.py:840} INFO - DAG(s) 'example_python_operator' retrieved from /home/airflow/.local/lib/python3.12/site-packages/airflow/example_dags/example_python_operator.py
[2025-03-28T15:10:03.222+0000] {logging_mixin.py:188} INFO - [2025-03-28T15:10:03.221+0000] {dag.py:3089} INFO - Sync 1 DAGs
[2025-03-28T15:10:03.229+0000] {logging_mixin.py:188} INFO - [2025-03-28T15:10:03.229+0000] {dag.py:3947} INFO - Setting next_dagrun for example_python_operator to None, run_after=None
[2025-03-28T15:10:03.240+0000] {processor.py:183} INFO - Processing /home/airflow/.local/lib/python3.12/site-packages/airflow/example_dags/example_python_operator.py took 0.041 seconds
[2025-03-28T15:10:36.102+0000] {processor.py:161} INFO - Started process (PID=1860) to work on /home/airflow/.local/lib/python3.12/site-packages/airflow/example_dags/example_python_operator.py
[2025-03-28T15:10:36.103+0000] {processor.py:830} INFO - Processing file /home/airflow/.local/lib/python3.12/site-packages/airflow/example_dags/example_python_operator.py for tasks to queue
[2025-03-28T15:10:36.104+0000] {logging_mixin.py:188} INFO - [2025-03-28T15:10:36.104+0000] {dagbag.py:545} INFO - Filling up the DagBag from /home/airflow/.local/lib/python3.12/site-packages/airflow/example_dags/example_python_operator.py
[2025-03-28T15:10:36.108+0000] {processor.py:840} INFO - DAG(s) 'example_python_operator' retrieved from /home/airflow/.local/lib/python3.12/site-packages/airflow/example_dags/example_python_operator.py
[2025-03-28T15:10:36.120+0000] {logging_mixin.py:188} INFO - [2025-03-28T15:10:36.120+0000] {dag.py:3089} INFO - Sync 1 DAGs
[2025-03-28T15:10:36.126+0000] {logging_mixin.py:188} INFO - [2025-03-28T15:10:36.126+0000] {dag.py:3947} INFO - Setting next_dagrun for example_python_operator to None, run_after=None
[2025-03-28T15:10:36.138+0000] {processor.py:183} INFO - Processing /home/airflow/.local/lib/python3.12/site-packages/airflow/example_dags/example_python_operator.py took 0.042 seconds
[2025-03-28T15:11:08.778+0000] {processor.py:161} INFO - Started process (PID=1932) to work on /home/airflow/.local/lib/python3.12/site-packages/airflow/example_dags/example_python_operator.py
[2025-03-28T15:11:08.779+0000] {processor.py:830} INFO - Processing file /home/airflow/.local/lib/python3.12/site-packages/airflow/example_dags/example_python_operator.py for tasks to queue
[2025-03-28T15:11:08.779+0000] {logging_mixin.py:188} INFO - [2025-03-28T15:11:08.779+0000] {dagbag.py:545} INFO - Filling up the DagBag from /home/airflow/.local/lib/python3.12/site-packages/airflow/example_dags/example_python_operator.py
[2025-03-28T15:11:08.786+0000] {processor.py:840} INFO - DAG(s) 'example_python_operator' retrieved from /home/airflow/.local/lib/python3.12/site-packages/airflow/example_dags/example_python_operator.py
[2025-03-28T15:11:08.799+0000] {logging_mixin.py:188} INFO - [2025-03-28T15:11:08.799+0000] {dag.py:3089} INFO - Sync 1 DAGs
[2025-03-28T15:11:08.805+0000] {logging_mixin.py:188} INFO - [2025-03-28T15:11:08.805+0000] {dag.py:3947} INFO - Setting next_dagrun for example_python_operator to None, run_after=None
[2025-03-28T15:11:08.815+0000] {processor.py:183} INFO - Processing /home/airflow/.local/lib/python3.12/site-packages/airflow/example_dags/example_python_operator.py took 0.039 seconds
[2025-03-28T15:11:41.380+0000] {processor.py:161} INFO - Started process (PID=2004) to work on /home/airflow/.local/lib/python3.12/site-packages/airflow/example_dags/example_python_operator.py
[2025-03-28T15:11:41.380+0000] {processor.py:830} INFO - Processing file /home/airflow/.local/lib/python3.12/site-packages/airflow/example_dags/example_python_operator.py for tasks to queue
[2025-03-28T15:11:41.381+0000] {logging_mixin.py:188} INFO - [2025-03-28T15:11:41.381+0000] {dagbag.py:545} INFO - Filling up the DagBag from /home/airflow/.local/lib/python3.12/site-packages/airflow/example_dags/example_python_operator.py
[2025-03-28T15:11:41.385+0000] {processor.py:840} INFO - DAG(s) 'example_python_operator' retrieved from /home/airflow/.local/lib/python3.12/site-packages/airflow/example_dags/example_python_operator.py
[2025-03-28T15:11:41.401+0000] {logging_mixin.py:188} INFO - [2025-03-28T15:11:41.401+0000] {dag.py:3089} INFO - Sync 1 DAGs
[2025-03-28T15:11:41.406+0000] {logging_mixin.py:188} INFO - [2025-03-28T15:11:41.406+0000] {dag.py:3947} INFO - Setting next_dagrun for example_python_operator to None, run_after=None
[2025-03-28T15:11:41.414+0000] {processor.py:183} INFO - Processing /home/airflow/.local/lib/python3.12/site-packages/airflow/example_dags/example_python_operator.py took 0.037 seconds
[2025-03-28T15:12:13.970+0000] {processor.py:161} INFO - Started process (PID=2076) to work on /home/airflow/.local/lib/python3.12/site-packages/airflow/example_dags/example_python_operator.py
[2025-03-28T15:12:13.970+0000] {processor.py:830} INFO - Processing file /home/airflow/.local/lib/python3.12/site-packages/airflow/example_dags/example_python_operator.py for tasks to queue
[2025-03-28T15:12:13.973+0000] {logging_mixin.py:188} INFO - [2025-03-28T15:12:13.973+0000] {dagbag.py:545} INFO - Filling up the DagBag from /home/airflow/.local/lib/python3.12/site-packages/airflow/example_dags/example_python_operator.py
[2025-03-28T15:12:13.979+0000] {processor.py:840} INFO - DAG(s) 'example_python_operator' retrieved from /home/airflow/.local/lib/python3.12/site-packages/airflow/example_dags/example_python_operator.py
[2025-03-28T15:12:13.995+0000] {logging_mixin.py:188} INFO - [2025-03-28T15:12:13.994+0000] {dag.py:3089} INFO - Sync 1 DAGs
[2025-03-28T15:12:14.000+0000] {logging_mixin.py:188} INFO - [2025-03-28T15:12:14.000+0000] {dag.py:3947} INFO - Setting next_dagrun for example_python_operator to None, run_after=None
[2025-03-28T15:12:14.010+0000] {processor.py:183} INFO - Processing /home/airflow/.local/lib/python3.12/site-packages/airflow/example_dags/example_python_operator.py took 0.043 seconds
[2025-03-28T15:12:46.424+0000] {processor.py:161} INFO - Started process (PID=2148) to work on /home/airflow/.local/lib/python3.12/site-packages/airflow/example_dags/example_python_operator.py
[2025-03-28T15:12:46.425+0000] {processor.py:830} INFO - Processing file /home/airflow/.local/lib/python3.12/site-packages/airflow/example_dags/example_python_operator.py for tasks to queue
[2025-03-28T15:12:46.426+0000] {logging_mixin.py:188} INFO - [2025-03-28T15:12:46.425+0000] {dagbag.py:545} INFO - Filling up the DagBag from /home/airflow/.local/lib/python3.12/site-packages/airflow/example_dags/example_python_operator.py
[2025-03-28T15:12:46.432+0000] {processor.py:840} INFO - DAG(s) 'example_python_operator' retrieved from /home/airflow/.local/lib/python3.12/site-packages/airflow/example_dags/example_python_operator.py
[2025-03-28T15:12:46.445+0000] {logging_mixin.py:188} INFO - [2025-03-28T15:12:46.445+0000] {dag.py:3089} INFO - Sync 1 DAGs
[2025-03-28T15:12:46.450+0000] {logging_mixin.py:188} INFO - [2025-03-28T15:12:46.450+0000] {dag.py:3947} INFO - Setting next_dagrun for example_python_operator to None, run_after=None
[2025-03-28T15:12:46.457+0000] {processor.py:183} INFO - Processing /home/airflow/.local/lib/python3.12/site-packages/airflow/example_dags/example_python_operator.py took 0.036 seconds
[2025-03-28T15:13:18.791+0000] {processor.py:161} INFO - Started process (PID=2219) to work on /home/airflow/.local/lib/python3.12/site-packages/airflow/example_dags/example_python_operator.py
[2025-03-28T15:13:18.791+0000] {processor.py:830} INFO - Processing file /home/airflow/.local/lib/python3.12/site-packages/airflow/example_dags/example_python_operator.py for tasks to queue
[2025-03-28T15:13:18.794+0000] {logging_mixin.py:188} INFO - [2025-03-28T15:13:18.793+0000] {dagbag.py:545} INFO - Filling up the DagBag from /home/airflow/.local/lib/python3.12/site-packages/airflow/example_dags/example_python_operator.py
[2025-03-28T15:13:18.798+0000] {processor.py:840} INFO - DAG(s) 'example_python_operator' retrieved from /home/airflow/.local/lib/python3.12/site-packages/airflow/example_dags/example_python_operator.py
[2025-03-28T15:13:18.808+0000] {logging_mixin.py:188} INFO - [2025-03-28T15:13:18.808+0000] {dag.py:3089} INFO - Sync 1 DAGs
[2025-03-28T15:13:18.812+0000] {logging_mixin.py:188} INFO - [2025-03-28T15:13:18.812+0000] {dag.py:3947} INFO - Setting next_dagrun for example_python_operator to None, run_after=None
[2025-03-28T15:13:18.823+0000] {processor.py:183} INFO - Processing /home/airflow/.local/lib/python3.12/site-packages/airflow/example_dags/example_python_operator.py took 0.034 seconds
[2025-03-28T15:13:51.360+0000] {processor.py:161} INFO - Started process (PID=2291) to work on /home/airflow/.local/lib/python3.12/site-packages/airflow/example_dags/example_python_operator.py
[2025-03-28T15:13:51.361+0000] {processor.py:830} INFO - Processing file /home/airflow/.local/lib/python3.12/site-packages/airflow/example_dags/example_python_operator.py for tasks to queue
[2025-03-28T15:13:51.361+0000] {logging_mixin.py:188} INFO - [2025-03-28T15:13:51.361+0000] {dagbag.py:545} INFO - Filling up the DagBag from /home/airflow/.local/lib/python3.12/site-packages/airflow/example_dags/example_python_operator.py
[2025-03-28T15:13:51.366+0000] {processor.py:840} INFO - DAG(s) 'example_python_operator' retrieved from /home/airflow/.local/lib/python3.12/site-packages/airflow/example_dags/example_python_operator.py
[2025-03-28T15:13:51.378+0000] {logging_mixin.py:188} INFO - [2025-03-28T15:13:51.377+0000] {dag.py:3089} INFO - Sync 1 DAGs
[2025-03-28T15:13:51.385+0000] {logging_mixin.py:188} INFO - [2025-03-28T15:13:51.385+0000] {dag.py:3947} INFO - Setting next_dagrun for example_python_operator to None, run_after=None
[2025-03-28T15:13:51.397+0000] {processor.py:183} INFO - Processing /home/airflow/.local/lib/python3.12/site-packages/airflow/example_dags/example_python_operator.py took 0.039 seconds
[2025-03-28T15:14:23.789+0000] {processor.py:161} INFO - Started process (PID=2363) to work on /home/airflow/.local/lib/python3.12/site-packages/airflow/example_dags/example_python_operator.py
[2025-03-28T15:14:23.790+0000] {processor.py:830} INFO - Processing file /home/airflow/.local/lib/python3.12/site-packages/airflow/example_dags/example_python_operator.py for tasks to queue
[2025-03-28T15:14:23.791+0000] {logging_mixin.py:188} INFO - [2025-03-28T15:14:23.791+0000] {dagbag.py:545} INFO - Filling up the DagBag from /home/airflow/.local/lib/python3.12/site-packages/airflow/example_dags/example_python_operator.py
[2025-03-28T15:14:23.796+0000] {processor.py:840} INFO - DAG(s) 'example_python_operator' retrieved from /home/airflow/.local/lib/python3.12/site-packages/airflow/example_dags/example_python_operator.py
[2025-03-28T15:14:23.806+0000] {logging_mixin.py:188} INFO - [2025-03-28T15:14:23.806+0000] {dag.py:3089} INFO - Sync 1 DAGs
[2025-03-28T15:14:23.813+0000] {logging_mixin.py:188} INFO - [2025-03-28T15:14:23.812+0000] {dag.py:3947} INFO - Setting next_dagrun for example_python_operator to None, run_after=None
[2025-03-28T15:14:23.824+0000] {processor.py:183} INFO - Processing /home/airflow/.local/lib/python3.12/site-packages/airflow/example_dags/example_python_operator.py took 0.039 seconds
[2025-03-28T15:14:56.528+0000] {processor.py:161} INFO - Started process (PID=2435) to work on /home/airflow/.local/lib/python3.12/site-packages/airflow/example_dags/example_python_operator.py
[2025-03-28T15:14:56.530+0000] {processor.py:830} INFO - Processing file /home/airflow/.local/lib/python3.12/site-packages/airflow/example_dags/example_python_operator.py for tasks to queue
[2025-03-28T15:14:56.531+0000] {logging_mixin.py:188} INFO - [2025-03-28T15:14:56.531+0000] {dagbag.py:545} INFO - Filling up the DagBag from /home/airflow/.local/lib/python3.12/site-packages/airflow/example_dags/example_python_operator.py
[2025-03-28T15:14:56.536+0000] {processor.py:840} INFO - DAG(s) 'example_python_operator' retrieved from /home/airflow/.local/lib/python3.12/site-packages/airflow/example_dags/example_python_operator.py
[2025-03-28T15:14:56.546+0000] {logging_mixin.py:188} INFO - [2025-03-28T15:14:56.546+0000] {dag.py:3089} INFO - Sync 1 DAGs
[2025-03-28T15:14:56.551+0000] {logging_mixin.py:188} INFO - [2025-03-28T15:14:56.551+0000] {dag.py:3947} INFO - Setting next_dagrun for example_python_operator to None, run_after=None
[2025-03-28T15:14:56.562+0000] {processor.py:183} INFO - Processing /home/airflow/.local/lib/python3.12/site-packages/airflow/example_dags/example_python_operator.py took 0.036 seconds
[2025-03-28T15:15:29.075+0000] {processor.py:161} INFO - Started process (PID=2507) to work on /home/airflow/.local/lib/python3.12/site-packages/airflow/example_dags/example_python_operator.py
[2025-03-28T15:15:29.075+0000] {processor.py:830} INFO - Processing file /home/airflow/.local/lib/python3.12/site-packages/airflow/example_dags/example_python_operator.py for tasks to queue
[2025-03-28T15:15:29.076+0000] {logging_mixin.py:188} INFO - [2025-03-28T15:15:29.076+0000] {dagbag.py:545} INFO - Filling up the DagBag from /home/airflow/.local/lib/python3.12/site-packages/airflow/example_dags/example_python_operator.py
[2025-03-28T15:15:29.081+0000] {processor.py:840} INFO - DAG(s) 'example_python_operator' retrieved from /home/airflow/.local/lib/python3.12/site-packages/airflow/example_dags/example_python_operator.py
[2025-03-28T15:15:29.093+0000] {logging_mixin.py:188} INFO - [2025-03-28T15:15:29.093+0000] {dag.py:3089} INFO - Sync 1 DAGs
[2025-03-28T15:15:29.098+0000] {logging_mixin.py:188} INFO - [2025-03-28T15:15:29.098+0000] {dag.py:3947} INFO - Setting next_dagrun for example_python_operator to None, run_after=None
[2025-03-28T15:15:29.105+0000] {processor.py:183} INFO - Processing /home/airflow/.local/lib/python3.12/site-packages/airflow/example_dags/example_python_operator.py took 0.033 seconds
[2025-03-28T15:16:01.407+0000] {processor.py:161} INFO - Started process (PID=2579) to work on /home/airflow/.local/lib/python3.12/site-packages/airflow/example_dags/example_python_operator.py
[2025-03-28T15:16:01.407+0000] {processor.py:830} INFO - Processing file /home/airflow/.local/lib/python3.12/site-packages/airflow/example_dags/example_python_operator.py for tasks to queue
[2025-03-28T15:16:01.408+0000] {logging_mixin.py:188} INFO - [2025-03-28T15:16:01.408+0000] {dagbag.py:545} INFO - Filling up the DagBag from /home/airflow/.local/lib/python3.12/site-packages/airflow/example_dags/example_python_operator.py
[2025-03-28T15:16:01.413+0000] {processor.py:840} INFO - DAG(s) 'example_python_operator' retrieved from /home/airflow/.local/lib/python3.12/site-packages/airflow/example_dags/example_python_operator.py
[2025-03-28T15:16:01.424+0000] {logging_mixin.py:188} INFO - [2025-03-28T15:16:01.424+0000] {dag.py:3089} INFO - Sync 1 DAGs
[2025-03-28T15:16:01.429+0000] {logging_mixin.py:188} INFO - [2025-03-28T15:16:01.429+0000] {dag.py:3947} INFO - Setting next_dagrun for example_python_operator to None, run_after=None
[2025-03-28T15:16:01.441+0000] {processor.py:183} INFO - Processing /home/airflow/.local/lib/python3.12/site-packages/airflow/example_dags/example_python_operator.py took 0.037 seconds
[2025-03-28T15:16:33.936+0000] {processor.py:161} INFO - Started process (PID=2657) to work on /home/airflow/.local/lib/python3.12/site-packages/airflow/example_dags/example_python_operator.py
[2025-03-28T15:16:33.938+0000] {processor.py:830} INFO - Processing file /home/airflow/.local/lib/python3.12/site-packages/airflow/example_dags/example_python_operator.py for tasks to queue
[2025-03-28T15:16:33.939+0000] {logging_mixin.py:188} INFO - [2025-03-28T15:16:33.939+0000] {dagbag.py:545} INFO - Filling up the DagBag from /home/airflow/.local/lib/python3.12/site-packages/airflow/example_dags/example_python_operator.py
[2025-03-28T15:16:33.944+0000] {processor.py:840} INFO - DAG(s) 'example_python_operator' retrieved from /home/airflow/.local/lib/python3.12/site-packages/airflow/example_dags/example_python_operator.py
[2025-03-28T15:16:33.954+0000] {logging_mixin.py:188} INFO - [2025-03-28T15:16:33.954+0000] {dag.py:3089} INFO - Sync 1 DAGs
[2025-03-28T15:16:33.960+0000] {logging_mixin.py:188} INFO - [2025-03-28T15:16:33.960+0000] {dag.py:3947} INFO - Setting next_dagrun for example_python_operator to None, run_after=None
[2025-03-28T15:16:33.967+0000] {processor.py:183} INFO - Processing /home/airflow/.local/lib/python3.12/site-packages/airflow/example_dags/example_python_operator.py took 0.034 seconds
[2025-03-28T15:17:06.411+0000] {processor.py:161} INFO - Started process (PID=2729) to work on /home/airflow/.local/lib/python3.12/site-packages/airflow/example_dags/example_python_operator.py
[2025-03-28T15:17:06.411+0000] {processor.py:830} INFO - Processing file /home/airflow/.local/lib/python3.12/site-packages/airflow/example_dags/example_python_operator.py for tasks to queue
[2025-03-28T15:17:06.413+0000] {logging_mixin.py:188} INFO - [2025-03-28T15:17:06.413+0000] {dagbag.py:545} INFO - Filling up the DagBag from /home/airflow/.local/lib/python3.12/site-packages/airflow/example_dags/example_python_operator.py
[2025-03-28T15:17:06.421+0000] {processor.py:840} INFO - DAG(s) 'example_python_operator' retrieved from /home/airflow/.local/lib/python3.12/site-packages/airflow/example_dags/example_python_operator.py
[2025-03-28T15:17:06.433+0000] {logging_mixin.py:188} INFO - [2025-03-28T15:17:06.433+0000] {dag.py:3089} INFO - Sync 1 DAGs
[2025-03-28T15:17:06.439+0000] {logging_mixin.py:188} INFO - [2025-03-28T15:17:06.439+0000] {dag.py:3947} INFO - Setting next_dagrun for example_python_operator to None, run_after=None
[2025-03-28T15:17:06.446+0000] {processor.py:183} INFO - Processing /home/airflow/.local/lib/python3.12/site-packages/airflow/example_dags/example_python_operator.py took 0.038 seconds
[2025-03-28T15:17:39.040+0000] {processor.py:161} INFO - Started process (PID=2801) to work on /home/airflow/.local/lib/python3.12/site-packages/airflow/example_dags/example_python_operator.py
[2025-03-28T15:17:39.041+0000] {processor.py:830} INFO - Processing file /home/airflow/.local/lib/python3.12/site-packages/airflow/example_dags/example_python_operator.py for tasks to queue
[2025-03-28T15:17:39.042+0000] {logging_mixin.py:188} INFO - [2025-03-28T15:17:39.042+0000] {dagbag.py:545} INFO - Filling up the DagBag from /home/airflow/.local/lib/python3.12/site-packages/airflow/example_dags/example_python_operator.py
[2025-03-28T15:17:39.046+0000] {processor.py:840} INFO - DAG(s) 'example_python_operator' retrieved from /home/airflow/.local/lib/python3.12/site-packages/airflow/example_dags/example_python_operator.py
[2025-03-28T15:17:39.055+0000] {logging_mixin.py:188} INFO - [2025-03-28T15:17:39.055+0000] {dag.py:3089} INFO - Sync 1 DAGs
[2025-03-28T15:17:39.063+0000] {logging_mixin.py:188} INFO - [2025-03-28T15:17:39.062+0000] {dag.py:3947} INFO - Setting next_dagrun for example_python_operator to None, run_after=None
[2025-03-28T15:17:39.074+0000] {processor.py:183} INFO - Processing /home/airflow/.local/lib/python3.12/site-packages/airflow/example_dags/example_python_operator.py took 0.036 seconds
[2025-03-28T15:18:12.040+0000] {processor.py:161} INFO - Started process (PID=2873) to work on /home/airflow/.local/lib/python3.12/site-packages/airflow/example_dags/example_python_operator.py
[2025-03-28T15:18:12.041+0000] {processor.py:830} INFO - Processing file /home/airflow/.local/lib/python3.12/site-packages/airflow/example_dags/example_python_operator.py for tasks to queue
[2025-03-28T15:18:12.042+0000] {logging_mixin.py:188} INFO - [2025-03-28T15:18:12.041+0000] {dagbag.py:545} INFO - Filling up the DagBag from /home/airflow/.local/lib/python3.12/site-packages/airflow/example_dags/example_python_operator.py
[2025-03-28T15:18:12.046+0000] {processor.py:840} INFO - DAG(s) 'example_python_operator' retrieved from /home/airflow/.local/lib/python3.12/site-packages/airflow/example_dags/example_python_operator.py
[2025-03-28T15:18:12.056+0000] {logging_mixin.py:188} INFO - [2025-03-28T15:18:12.055+0000] {dag.py:3089} INFO - Sync 1 DAGs
[2025-03-28T15:18:12.062+0000] {logging_mixin.py:188} INFO - [2025-03-28T15:18:12.062+0000] {dag.py:3947} INFO - Setting next_dagrun for example_python_operator to None, run_after=None
[2025-03-28T15:18:12.072+0000] {processor.py:183} INFO - Processing /home/airflow/.local/lib/python3.12/site-packages/airflow/example_dags/example_python_operator.py took 0.035 seconds
[2025-03-28T15:18:44.611+0000] {processor.py:161} INFO - Started process (PID=2945) to work on /home/airflow/.local/lib/python3.12/site-packages/airflow/example_dags/example_python_operator.py
[2025-03-28T15:18:44.611+0000] {processor.py:830} INFO - Processing file /home/airflow/.local/lib/python3.12/site-packages/airflow/example_dags/example_python_operator.py for tasks to queue
[2025-03-28T15:18:44.612+0000] {logging_mixin.py:188} INFO - [2025-03-28T15:18:44.612+0000] {dagbag.py:545} INFO - Filling up the DagBag from /home/airflow/.local/lib/python3.12/site-packages/airflow/example_dags/example_python_operator.py
[2025-03-28T15:18:44.617+0000] {processor.py:840} INFO - DAG(s) 'example_python_operator' retrieved from /home/airflow/.local/lib/python3.12/site-packages/airflow/example_dags/example_python_operator.py
[2025-03-28T15:18:44.627+0000] {logging_mixin.py:188} INFO - [2025-03-28T15:18:44.626+0000] {dag.py:3089} INFO - Sync 1 DAGs
[2025-03-28T15:18:44.632+0000] {logging_mixin.py:188} INFO - [2025-03-28T15:18:44.632+0000] {dag.py:3947} INFO - Setting next_dagrun for example_python_operator to None, run_after=None
[2025-03-28T15:18:44.643+0000] {processor.py:183} INFO - Processing /home/airflow/.local/lib/python3.12/site-packages/airflow/example_dags/example_python_operator.py took 0.034 seconds
[2025-03-28T15:19:17.028+0000] {processor.py:161} INFO - Started process (PID=3017) to work on /home/airflow/.local/lib/python3.12/site-packages/airflow/example_dags/example_python_operator.py
[2025-03-28T15:19:17.028+0000] {processor.py:830} INFO - Processing file /home/airflow/.local/lib/python3.12/site-packages/airflow/example_dags/example_python_operator.py for tasks to queue
[2025-03-28T15:19:17.030+0000] {logging_mixin.py:188} INFO - [2025-03-28T15:19:17.029+0000] {dagbag.py:545} INFO - Filling up the DagBag from /home/airflow/.local/lib/python3.12/site-packages/airflow/example_dags/example_python_operator.py
[2025-03-28T15:19:17.036+0000] {processor.py:840} INFO - DAG(s) 'example_python_operator' retrieved from /home/airflow/.local/lib/python3.12/site-packages/airflow/example_dags/example_python_operator.py
[2025-03-28T15:19:17.047+0000] {logging_mixin.py:188} INFO - [2025-03-28T15:19:17.047+0000] {dag.py:3089} INFO - Sync 1 DAGs
[2025-03-28T15:19:17.053+0000] {logging_mixin.py:188} INFO - [2025-03-28T15:19:17.053+0000] {dag.py:3947} INFO - Setting next_dagrun for example_python_operator to None, run_after=None
[2025-03-28T15:19:17.062+0000] {processor.py:183} INFO - Processing /home/airflow/.local/lib/python3.12/site-packages/airflow/example_dags/example_python_operator.py took 0.037 seconds
[2025-03-28T15:19:49.463+0000] {processor.py:161} INFO - Started process (PID=3089) to work on /home/airflow/.local/lib/python3.12/site-packages/airflow/example_dags/example_python_operator.py
[2025-03-28T15:19:49.464+0000] {processor.py:830} INFO - Processing file /home/airflow/.local/lib/python3.12/site-packages/airflow/example_dags/example_python_operator.py for tasks to queue
[2025-03-28T15:19:49.465+0000] {logging_mixin.py:188} INFO - [2025-03-28T15:19:49.464+0000] {dagbag.py:545} INFO - Filling up the DagBag from /home/airflow/.local/lib/python3.12/site-packages/airflow/example_dags/example_python_operator.py
[2025-03-28T15:19:49.469+0000] {processor.py:840} INFO - DAG(s) 'example_python_operator' retrieved from /home/airflow/.local/lib/python3.12/site-packages/airflow/example_dags/example_python_operator.py
[2025-03-28T15:19:49.481+0000] {logging_mixin.py:188} INFO - [2025-03-28T15:19:49.481+0000] {dag.py:3089} INFO - Sync 1 DAGs
[2025-03-28T15:19:49.487+0000] {logging_mixin.py:188} INFO - [2025-03-28T15:19:49.487+0000] {dag.py:3947} INFO - Setting next_dagrun for example_python_operator to None, run_after=None
[2025-03-28T15:19:49.499+0000] {processor.py:183} INFO - Processing /home/airflow/.local/lib/python3.12/site-packages/airflow/example_dags/example_python_operator.py took 0.039 seconds
[2025-03-28T15:20:21.670+0000] {processor.py:161} INFO - Started process (PID=3161) to work on /home/airflow/.local/lib/python3.12/site-packages/airflow/example_dags/example_python_operator.py
[2025-03-28T15:20:21.671+0000] {processor.py:830} INFO - Processing file /home/airflow/.local/lib/python3.12/site-packages/airflow/example_dags/example_python_operator.py for tasks to queue
[2025-03-28T15:20:21.673+0000] {logging_mixin.py:188} INFO - [2025-03-28T15:20:21.673+0000] {dagbag.py:545} INFO - Filling up the DagBag from /home/airflow/.local/lib/python3.12/site-packages/airflow/example_dags/example_python_operator.py
[2025-03-28T15:20:21.679+0000] {processor.py:840} INFO - DAG(s) 'example_python_operator' retrieved from /home/airflow/.local/lib/python3.12/site-packages/airflow/example_dags/example_python_operator.py
[2025-03-28T15:20:21.693+0000] {logging_mixin.py:188} INFO - [2025-03-28T15:20:21.693+0000] {dag.py:3089} INFO - Sync 1 DAGs
[2025-03-28T15:20:21.698+0000] {logging_mixin.py:188} INFO - [2025-03-28T15:20:21.698+0000] {dag.py:3947} INFO - Setting next_dagrun for example_python_operator to None, run_after=None
[2025-03-28T15:20:21.705+0000] {processor.py:183} INFO - Processing /home/airflow/.local/lib/python3.12/site-packages/airflow/example_dags/example_python_operator.py took 0.037 seconds
[2025-03-28T15:20:54.202+0000] {processor.py:161} INFO - Started process (PID=3233) to work on /home/airflow/.local/lib/python3.12/site-packages/airflow/example_dags/example_python_operator.py
[2025-03-28T15:20:54.203+0000] {processor.py:830} INFO - Processing file /home/airflow/.local/lib/python3.12/site-packages/airflow/example_dags/example_python_operator.py for tasks to queue
[2025-03-28T15:20:54.205+0000] {logging_mixin.py:188} INFO - [2025-03-28T15:20:54.204+0000] {dagbag.py:545} INFO - Filling up the DagBag from /home/airflow/.local/lib/python3.12/site-packages/airflow/example_dags/example_python_operator.py
[2025-03-28T15:20:54.210+0000] {processor.py:840} INFO - DAG(s) 'example_python_operator' retrieved from /home/airflow/.local/lib/python3.12/site-packages/airflow/example_dags/example_python_operator.py
[2025-03-28T15:20:54.222+0000] {logging_mixin.py:188} INFO - [2025-03-28T15:20:54.222+0000] {dag.py:3089} INFO - Sync 1 DAGs
[2025-03-28T15:20:54.229+0000] {logging_mixin.py:188} INFO - [2025-03-28T15:20:54.228+0000] {dag.py:3947} INFO - Setting next_dagrun for example_python_operator to None, run_after=None
[2025-03-28T15:20:54.243+0000] {processor.py:183} INFO - Processing /home/airflow/.local/lib/python3.12/site-packages/airflow/example_dags/example_python_operator.py took 0.043 seconds
[2025-03-28T15:21:28.434+0000] {processor.py:161} INFO - Started process (PID=3305) to work on /home/airflow/.local/lib/python3.12/site-packages/airflow/example_dags/example_python_operator.py
[2025-03-28T15:21:28.434+0000] {processor.py:830} INFO - Processing file /home/airflow/.local/lib/python3.12/site-packages/airflow/example_dags/example_python_operator.py for tasks to queue
[2025-03-28T15:21:28.435+0000] {logging_mixin.py:188} INFO - [2025-03-28T15:21:28.435+0000] {dagbag.py:545} INFO - Filling up the DagBag from /home/airflow/.local/lib/python3.12/site-packages/airflow/example_dags/example_python_operator.py
[2025-03-28T15:21:28.442+0000] {processor.py:840} INFO - DAG(s) 'example_python_operator' retrieved from /home/airflow/.local/lib/python3.12/site-packages/airflow/example_dags/example_python_operator.py
[2025-03-28T15:21:28.452+0000] {logging_mixin.py:188} INFO - [2025-03-28T15:21:28.452+0000] {dag.py:3089} INFO - Sync 1 DAGs
[2025-03-28T15:21:28.457+0000] {logging_mixin.py:188} INFO - [2025-03-28T15:21:28.457+0000] {dag.py:3947} INFO - Setting next_dagrun for example_python_operator to None, run_after=None
[2025-03-28T15:21:28.467+0000] {processor.py:183} INFO - Processing /home/airflow/.local/lib/python3.12/site-packages/airflow/example_dags/example_python_operator.py took 0.035 seconds
[2025-03-28T15:21:59.222+0000] {processor.py:161} INFO - Started process (PID=3377) to work on /home/airflow/.local/lib/python3.12/site-packages/airflow/example_dags/example_python_operator.py
[2025-03-28T15:21:59.222+0000] {processor.py:830} INFO - Processing file /home/airflow/.local/lib/python3.12/site-packages/airflow/example_dags/example_python_operator.py for tasks to queue
[2025-03-28T15:21:59.223+0000] {logging_mixin.py:188} INFO - [2025-03-28T15:21:59.223+0000] {dagbag.py:545} INFO - Filling up the DagBag from /home/airflow/.local/lib/python3.12/site-packages/airflow/example_dags/example_python_operator.py
[2025-03-28T15:21:59.228+0000] {processor.py:840} INFO - DAG(s) 'example_python_operator' retrieved from /home/airflow/.local/lib/python3.12/site-packages/airflow/example_dags/example_python_operator.py
[2025-03-28T15:21:59.242+0000] {logging_mixin.py:188} INFO - [2025-03-28T15:21:59.242+0000] {dag.py:3089} INFO - Sync 1 DAGs
[2025-03-28T15:21:59.247+0000] {logging_mixin.py:188} INFO - [2025-03-28T15:21:59.247+0000] {dag.py:3947} INFO - Setting next_dagrun for example_python_operator to None, run_after=None
[2025-03-28T15:21:59.261+0000] {processor.py:183} INFO - Processing /home/airflow/.local/lib/python3.12/site-packages/airflow/example_dags/example_python_operator.py took 0.042 seconds
[2025-03-28T15:22:31.715+0000] {processor.py:161} INFO - Started process (PID=3449) to work on /home/airflow/.local/lib/python3.12/site-packages/airflow/example_dags/example_python_operator.py
[2025-03-28T15:22:31.716+0000] {processor.py:830} INFO - Processing file /home/airflow/.local/lib/python3.12/site-packages/airflow/example_dags/example_python_operator.py for tasks to queue
[2025-03-28T15:22:31.717+0000] {logging_mixin.py:188} INFO - [2025-03-28T15:22:31.717+0000] {dagbag.py:545} INFO - Filling up the DagBag from /home/airflow/.local/lib/python3.12/site-packages/airflow/example_dags/example_python_operator.py
[2025-03-28T15:22:31.722+0000] {processor.py:840} INFO - DAG(s) 'example_python_operator' retrieved from /home/airflow/.local/lib/python3.12/site-packages/airflow/example_dags/example_python_operator.py
[2025-03-28T15:22:31.731+0000] {logging_mixin.py:188} INFO - [2025-03-28T15:22:31.731+0000] {dag.py:3089} INFO - Sync 1 DAGs
[2025-03-28T15:22:31.736+0000] {logging_mixin.py:188} INFO - [2025-03-28T15:22:31.736+0000] {dag.py:3947} INFO - Setting next_dagrun for example_python_operator to None, run_after=None
[2025-03-28T15:22:31.748+0000] {processor.py:183} INFO - Processing /home/airflow/.local/lib/python3.12/site-packages/airflow/example_dags/example_python_operator.py took 0.035 seconds
[2025-03-28T15:23:04.581+0000] {processor.py:161} INFO - Started process (PID=3526) to work on /home/airflow/.local/lib/python3.12/site-packages/airflow/example_dags/example_python_operator.py
[2025-03-28T15:23:04.582+0000] {processor.py:830} INFO - Processing file /home/airflow/.local/lib/python3.12/site-packages/airflow/example_dags/example_python_operator.py for tasks to queue
[2025-03-28T15:23:04.582+0000] {logging_mixin.py:188} INFO - [2025-03-28T15:23:04.582+0000] {dagbag.py:545} INFO - Filling up the DagBag from /home/airflow/.local/lib/python3.12/site-packages/airflow/example_dags/example_python_operator.py
[2025-03-28T15:23:04.589+0000] {processor.py:840} INFO - DAG(s) 'example_python_operator' retrieved from /home/airflow/.local/lib/python3.12/site-packages/airflow/example_dags/example_python_operator.py
[2025-03-28T15:23:04.602+0000] {logging_mixin.py:188} INFO - [2025-03-28T15:23:04.602+0000] {dag.py:3089} INFO - Sync 1 DAGs
[2025-03-28T15:23:04.608+0000] {logging_mixin.py:188} INFO - [2025-03-28T15:23:04.608+0000] {dag.py:3947} INFO - Setting next_dagrun for example_python_operator to None, run_after=None
[2025-03-28T15:23:04.621+0000] {processor.py:183} INFO - Processing /home/airflow/.local/lib/python3.12/site-packages/airflow/example_dags/example_python_operator.py took 0.042 seconds
[2025-03-28T15:23:37.182+0000] {processor.py:161} INFO - Started process (PID=3598) to work on /home/airflow/.local/lib/python3.12/site-packages/airflow/example_dags/example_python_operator.py
[2025-03-28T15:23:37.183+0000] {processor.py:830} INFO - Processing file /home/airflow/.local/lib/python3.12/site-packages/airflow/example_dags/example_python_operator.py for tasks to queue
[2025-03-28T15:23:37.184+0000] {logging_mixin.py:188} INFO - [2025-03-28T15:23:37.184+0000] {dagbag.py:545} INFO - Filling up the DagBag from /home/airflow/.local/lib/python3.12/site-packages/airflow/example_dags/example_python_operator.py
[2025-03-28T15:23:37.190+0000] {processor.py:840} INFO - DAG(s) 'example_python_operator' retrieved from /home/airflow/.local/lib/python3.12/site-packages/airflow/example_dags/example_python_operator.py
[2025-03-28T15:23:37.201+0000] {logging_mixin.py:188} INFO - [2025-03-28T15:23:37.200+0000] {dag.py:3089} INFO - Sync 1 DAGs
[2025-03-28T15:23:37.208+0000] {logging_mixin.py:188} INFO - [2025-03-28T15:23:37.208+0000] {dag.py:3947} INFO - Setting next_dagrun for example_python_operator to None, run_after=None
[2025-03-28T15:23:37.220+0000] {processor.py:183} INFO - Processing /home/airflow/.local/lib/python3.12/site-packages/airflow/example_dags/example_python_operator.py took 0.041 seconds
[2025-03-28T15:24:10.288+0000] {processor.py:161} INFO - Started process (PID=3670) to work on /home/airflow/.local/lib/python3.12/site-packages/airflow/example_dags/example_python_operator.py
[2025-03-28T15:24:10.289+0000] {processor.py:830} INFO - Processing file /home/airflow/.local/lib/python3.12/site-packages/airflow/example_dags/example_python_operator.py for tasks to queue
[2025-03-28T15:24:10.290+0000] {logging_mixin.py:188} INFO - [2025-03-28T15:24:10.290+0000] {dagbag.py:545} INFO - Filling up the DagBag from /home/airflow/.local/lib/python3.12/site-packages/airflow/example_dags/example_python_operator.py
[2025-03-28T15:24:10.298+0000] {processor.py:840} INFO - DAG(s) 'example_python_operator' retrieved from /home/airflow/.local/lib/python3.12/site-packages/airflow/example_dags/example_python_operator.py
[2025-03-28T15:24:10.308+0000] {logging_mixin.py:188} INFO - [2025-03-28T15:24:10.308+0000] {dag.py:3089} INFO - Sync 1 DAGs
[2025-03-28T15:24:10.315+0000] {logging_mixin.py:188} INFO - [2025-03-28T15:24:10.314+0000] {dag.py:3947} INFO - Setting next_dagrun for example_python_operator to None, run_after=None
[2025-03-28T15:24:10.322+0000] {processor.py:183} INFO - Processing /home/airflow/.local/lib/python3.12/site-packages/airflow/example_dags/example_python_operator.py took 0.037 seconds
[2025-03-28T15:24:43.069+0000] {processor.py:161} INFO - Started process (PID=3743) to work on /home/airflow/.local/lib/python3.12/site-packages/airflow/example_dags/example_python_operator.py
[2025-03-28T15:24:43.069+0000] {processor.py:830} INFO - Processing file /home/airflow/.local/lib/python3.12/site-packages/airflow/example_dags/example_python_operator.py for tasks to queue
[2025-03-28T15:24:43.070+0000] {logging_mixin.py:188} INFO - [2025-03-28T15:24:43.070+0000] {dagbag.py:545} INFO - Filling up the DagBag from /home/airflow/.local/lib/python3.12/site-packages/airflow/example_dags/example_python_operator.py
[2025-03-28T15:24:43.075+0000] {processor.py:840} INFO - DAG(s) 'example_python_operator' retrieved from /home/airflow/.local/lib/python3.12/site-packages/airflow/example_dags/example_python_operator.py
[2025-03-28T15:24:43.088+0000] {logging_mixin.py:188} INFO - [2025-03-28T15:24:43.088+0000] {dag.py:3089} INFO - Sync 1 DAGs
[2025-03-28T15:24:43.093+0000] {logging_mixin.py:188} INFO - [2025-03-28T15:24:43.093+0000] {dag.py:3947} INFO - Setting next_dagrun for example_python_operator to None, run_after=None
[2025-03-28T15:24:43.100+0000] {processor.py:183} INFO - Processing /home/airflow/.local/lib/python3.12/site-packages/airflow/example_dags/example_python_operator.py took 0.034 seconds
[2025-03-28T15:25:16.006+0000] {processor.py:161} INFO - Started process (PID=3815) to work on /home/airflow/.local/lib/python3.12/site-packages/airflow/example_dags/example_python_operator.py
[2025-03-28T15:25:16.007+0000] {processor.py:830} INFO - Processing file /home/airflow/.local/lib/python3.12/site-packages/airflow/example_dags/example_python_operator.py for tasks to queue
[2025-03-28T15:25:16.007+0000] {logging_mixin.py:188} INFO - [2025-03-28T15:25:16.007+0000] {dagbag.py:545} INFO - Filling up the DagBag from /home/airflow/.local/lib/python3.12/site-packages/airflow/example_dags/example_python_operator.py
[2025-03-28T15:25:16.014+0000] {processor.py:840} INFO - DAG(s) 'example_python_operator' retrieved from /home/airflow/.local/lib/python3.12/site-packages/airflow/example_dags/example_python_operator.py
[2025-03-28T15:25:16.027+0000] {logging_mixin.py:188} INFO - [2025-03-28T15:25:16.027+0000] {dag.py:3089} INFO - Sync 1 DAGs
[2025-03-28T15:25:16.032+0000] {logging_mixin.py:188} INFO - [2025-03-28T15:25:16.032+0000] {dag.py:3947} INFO - Setting next_dagrun for example_python_operator to None, run_after=None
[2025-03-28T15:25:16.040+0000] {processor.py:183} INFO - Processing /home/airflow/.local/lib/python3.12/site-packages/airflow/example_dags/example_python_operator.py took 0.039 seconds
[2025-03-28T15:25:48.479+0000] {processor.py:161} INFO - Started process (PID=3887) to work on /home/airflow/.local/lib/python3.12/site-packages/airflow/example_dags/example_python_operator.py
[2025-03-28T15:25:48.479+0000] {processor.py:830} INFO - Processing file /home/airflow/.local/lib/python3.12/site-packages/airflow/example_dags/example_python_operator.py for tasks to queue
[2025-03-28T15:25:48.480+0000] {logging_mixin.py:188} INFO - [2025-03-28T15:25:48.480+0000] {dagbag.py:545} INFO - Filling up the DagBag from /home/airflow/.local/lib/python3.12/site-packages/airflow/example_dags/example_python_operator.py
[2025-03-28T15:25:48.488+0000] {processor.py:840} INFO - DAG(s) 'example_python_operator' retrieved from /home/airflow/.local/lib/python3.12/site-packages/airflow/example_dags/example_python_operator.py
[2025-03-28T15:25:48.500+0000] {logging_mixin.py:188} INFO - [2025-03-28T15:25:48.500+0000] {dag.py:3089} INFO - Sync 1 DAGs
[2025-03-28T15:25:48.505+0000] {logging_mixin.py:188} INFO - [2025-03-28T15:25:48.505+0000] {dag.py:3947} INFO - Setting next_dagrun for example_python_operator to None, run_after=None
[2025-03-28T15:25:48.519+0000] {processor.py:183} INFO - Processing /home/airflow/.local/lib/python3.12/site-packages/airflow/example_dags/example_python_operator.py took 0.042 seconds
[2025-03-28T15:26:20.833+0000] {processor.py:161} INFO - Started process (PID=3960) to work on /home/airflow/.local/lib/python3.12/site-packages/airflow/example_dags/example_python_operator.py
[2025-03-28T15:26:20.833+0000] {processor.py:830} INFO - Processing file /home/airflow/.local/lib/python3.12/site-packages/airflow/example_dags/example_python_operator.py for tasks to queue
[2025-03-28T15:26:20.834+0000] {logging_mixin.py:188} INFO - [2025-03-28T15:26:20.834+0000] {dagbag.py:545} INFO - Filling up the DagBag from /home/airflow/.local/lib/python3.12/site-packages/airflow/example_dags/example_python_operator.py
[2025-03-28T15:26:20.838+0000] {processor.py:840} INFO - DAG(s) 'example_python_operator' retrieved from /home/airflow/.local/lib/python3.12/site-packages/airflow/example_dags/example_python_operator.py
[2025-03-28T15:26:20.847+0000] {logging_mixin.py:188} INFO - [2025-03-28T15:26:20.847+0000] {dag.py:3089} INFO - Sync 1 DAGs
[2025-03-28T15:26:20.851+0000] {logging_mixin.py:188} INFO - [2025-03-28T15:26:20.851+0000] {dag.py:3947} INFO - Setting next_dagrun for example_python_operator to None, run_after=None
[2025-03-28T15:26:20.858+0000] {processor.py:183} INFO - Processing /home/airflow/.local/lib/python3.12/site-packages/airflow/example_dags/example_python_operator.py took 0.027 seconds
[2025-03-28T15:26:53.360+0000] {processor.py:161} INFO - Started process (PID=4033) to work on /home/airflow/.local/lib/python3.12/site-packages/airflow/example_dags/example_python_operator.py
[2025-03-28T15:26:53.361+0000] {processor.py:830} INFO - Processing file /home/airflow/.local/lib/python3.12/site-packages/airflow/example_dags/example_python_operator.py for tasks to queue
[2025-03-28T15:26:53.361+0000] {logging_mixin.py:188} INFO - [2025-03-28T15:26:53.361+0000] {dagbag.py:545} INFO - Filling up the DagBag from /home/airflow/.local/lib/python3.12/site-packages/airflow/example_dags/example_python_operator.py
[2025-03-28T15:26:53.366+0000] {processor.py:840} INFO - DAG(s) 'example_python_operator' retrieved from /home/airflow/.local/lib/python3.12/site-packages/airflow/example_dags/example_python_operator.py
[2025-03-28T15:26:53.375+0000] {logging_mixin.py:188} INFO - [2025-03-28T15:26:53.375+0000] {dag.py:3089} INFO - Sync 1 DAGs
[2025-03-28T15:26:53.379+0000] {logging_mixin.py:188} INFO - [2025-03-28T15:26:53.379+0000] {dag.py:3947} INFO - Setting next_dagrun for example_python_operator to None, run_after=None
[2025-03-28T15:26:53.386+0000] {processor.py:183} INFO - Processing /home/airflow/.local/lib/python3.12/site-packages/airflow/example_dags/example_python_operator.py took 0.028 seconds
[2025-03-28T15:27:25.976+0000] {processor.py:161} INFO - Started process (PID=4105) to work on /home/airflow/.local/lib/python3.12/site-packages/airflow/example_dags/example_python_operator.py
[2025-03-28T15:27:25.977+0000] {processor.py:830} INFO - Processing file /home/airflow/.local/lib/python3.12/site-packages/airflow/example_dags/example_python_operator.py for tasks to queue
[2025-03-28T15:27:25.977+0000] {logging_mixin.py:188} INFO - [2025-03-28T15:27:25.977+0000] {dagbag.py:545} INFO - Filling up the DagBag from /home/airflow/.local/lib/python3.12/site-packages/airflow/example_dags/example_python_operator.py
[2025-03-28T15:27:25.982+0000] {processor.py:840} INFO - DAG(s) 'example_python_operator' retrieved from /home/airflow/.local/lib/python3.12/site-packages/airflow/example_dags/example_python_operator.py
[2025-03-28T15:27:25.992+0000] {logging_mixin.py:188} INFO - [2025-03-28T15:27:25.992+0000] {dag.py:3089} INFO - Sync 1 DAGs
[2025-03-28T15:27:25.999+0000] {logging_mixin.py:188} INFO - [2025-03-28T15:27:25.999+0000] {dag.py:3947} INFO - Setting next_dagrun for example_python_operator to None, run_after=None
[2025-03-28T15:27:26.009+0000] {processor.py:183} INFO - Processing /home/airflow/.local/lib/python3.12/site-packages/airflow/example_dags/example_python_operator.py took 0.035 seconds
[2025-03-28T15:27:58.429+0000] {processor.py:161} INFO - Started process (PID=4177) to work on /home/airflow/.local/lib/python3.12/site-packages/airflow/example_dags/example_python_operator.py
[2025-03-28T15:27:58.430+0000] {processor.py:830} INFO - Processing file /home/airflow/.local/lib/python3.12/site-packages/airflow/example_dags/example_python_operator.py for tasks to queue
[2025-03-28T15:27:58.431+0000] {logging_mixin.py:188} INFO - [2025-03-28T15:27:58.431+0000] {dagbag.py:545} INFO - Filling up the DagBag from /home/airflow/.local/lib/python3.12/site-packages/airflow/example_dags/example_python_operator.py
[2025-03-28T15:27:58.438+0000] {processor.py:840} INFO - DAG(s) 'example_python_operator' retrieved from /home/airflow/.local/lib/python3.12/site-packages/airflow/example_dags/example_python_operator.py
[2025-03-28T15:27:58.447+0000] {logging_mixin.py:188} INFO - [2025-03-28T15:27:58.447+0000] {dag.py:3089} INFO - Sync 1 DAGs
[2025-03-28T15:27:58.455+0000] {logging_mixin.py:188} INFO - [2025-03-28T15:27:58.455+0000] {dag.py:3947} INFO - Setting next_dagrun for example_python_operator to None, run_after=None
[2025-03-28T15:27:58.468+0000] {processor.py:183} INFO - Processing /home/airflow/.local/lib/python3.12/site-packages/airflow/example_dags/example_python_operator.py took 0.041 seconds
[2025-03-28T15:28:31.346+0000] {processor.py:161} INFO - Started process (PID=4249) to work on /home/airflow/.local/lib/python3.12/site-packages/airflow/example_dags/example_python_operator.py
[2025-03-28T15:28:31.347+0000] {processor.py:830} INFO - Processing file /home/airflow/.local/lib/python3.12/site-packages/airflow/example_dags/example_python_operator.py for tasks to queue
[2025-03-28T15:28:31.350+0000] {logging_mixin.py:188} INFO - [2025-03-28T15:28:31.349+0000] {dagbag.py:545} INFO - Filling up the DagBag from /home/airflow/.local/lib/python3.12/site-packages/airflow/example_dags/example_python_operator.py
[2025-03-28T15:28:31.354+0000] {processor.py:840} INFO - DAG(s) 'example_python_operator' retrieved from /home/airflow/.local/lib/python3.12/site-packages/airflow/example_dags/example_python_operator.py
[2025-03-28T15:28:31.364+0000] {logging_mixin.py:188} INFO - [2025-03-28T15:28:31.364+0000] {dag.py:3089} INFO - Sync 1 DAGs
[2025-03-28T15:28:31.373+0000] {logging_mixin.py:188} INFO - [2025-03-28T15:28:31.373+0000] {dag.py:3947} INFO - Setting next_dagrun for example_python_operator to None, run_after=None
[2025-03-28T15:28:31.460+0000] {processor.py:183} INFO - Processing /home/airflow/.local/lib/python3.12/site-packages/airflow/example_dags/example_python_operator.py took 0.117 seconds
