[2024-07-17T08:28:23.526+0000] {local_task_job_runner.py:120} INFO - ::group::Pre task execution logs
[2024-07-17T08:28:23.536+0000] {taskinstance.py:2076} INFO - Dependencies all met for dep_context=non-requeueable deps ti=<TaskInstance: dag_with_postgres_hooks.predict_mlflow manual__2024-07-17T08:28:16.980312+00:00 [queued]>
[2024-07-17T08:28:23.539+0000] {taskinstance.py:2076} INFO - Dependencies all met for dep_context=requeueable deps ti=<TaskInstance: dag_with_postgres_hooks.predict_mlflow manual__2024-07-17T08:28:16.980312+00:00 [queued]>
[2024-07-17T08:28:23.539+0000] {taskinstance.py:2306} INFO - Starting attempt 1 of 1
[2024-07-17T08:28:23.544+0000] {taskinstance.py:2330} INFO - Executing <Task(ModelLoadAndPredictOperator): predict_mlflow> on 2024-07-17 08:28:16.980312+00:00
[2024-07-17T08:28:23.547+0000] {warnings.py:112} WARNING - /home/***/.local/lib/python3.12/site-packages/***/task/task_runner/standard_task_runner.py:61: DeprecationWarning: This process (pid=765) is multi-threaded, use of fork() may lead to deadlocks in the child.
  pid = os.fork()

[2024-07-17T08:28:23.548+0000] {standard_task_runner.py:63} INFO - Started process 774 to run task
[2024-07-17T08:28:23.548+0000] {standard_task_runner.py:90} INFO - Running: ['***', 'tasks', 'run', 'dag_with_postgres_hooks', 'predict_mlflow', 'manual__2024-07-17T08:28:16.980312+00:00', '--job-id', '60', '--raw', '--subdir', 'DAGS_FOLDER/sql_2.py', '--cfg-path', '/tmp/tmp6yx50u9t']
[2024-07-17T08:28:23.549+0000] {standard_task_runner.py:91} INFO - Job 60: Subtask predict_mlflow
[2024-07-17T08:28:23.567+0000] {task_command.py:426} INFO - Running <TaskInstance: dag_with_postgres_hooks.predict_mlflow manual__2024-07-17T08:28:16.980312+00:00 [running]> on host 8d28ae2d2ca1
[2024-07-17T08:28:23.641+0000] {taskinstance.py:2648} INFO - Exporting env vars: AIRFLOW_CTX_DAG_EMAIL='***@example.com' AIRFLOW_CTX_DAG_OWNER='***' AIRFLOW_CTX_DAG_ID='dag_with_postgres_hooks' AIRFLOW_CTX_TASK_ID='predict_mlflow' AIRFLOW_CTX_EXECUTION_DATE='2024-07-17T08:28:16.980312+00:00' AIRFLOW_CTX_TRY_NUMBER='1' AIRFLOW_CTX_DAG_RUN_ID='manual__2024-07-17T08:28:16.980312+00:00'
[2024-07-17T08:28:23.642+0000] {taskinstance.py:430} INFO - ::endgroup::
[2024-07-17T08:28:23.647+0000] {base.py:84} INFO - Using connection ID 'mlflow_default' for task execution.
[2024-07-17T08:28:23.837+0000] {taskinstance.py:441} INFO - ::group::Post task execution logs
[2024-07-17T08:28:23.837+0000] {taskinstance.py:2905} ERROR - Task failed with exception
Traceback (most recent call last):
  File "/home/airflow/.local/lib/python3.12/site-packages/airflow/models/taskinstance.py", line 465, in _execute_task
    result = _execute_callable(context=context, **execute_callable_kwargs)
             ^^^^^^^^^^^^^^^^^^^^^^^^^^^^^^^^^^^^^^^^^^^^^^^^^^^^^^^^^^^^^
  File "/home/airflow/.local/lib/python3.12/site-packages/airflow/models/taskinstance.py", line 432, in _execute_callable
    return execute_callable(context=context, **execute_callable_kwargs)
           ^^^^^^^^^^^^^^^^^^^^^^^^^^^^^^^^^^^^^^^^^^^^^^^^^^^^^^^^^^^^
  File "/home/airflow/.local/lib/python3.12/site-packages/airflow/models/baseoperator.py", line 401, in wrapper
    return func(self, *args, **kwargs)
           ^^^^^^^^^^^^^^^^^^^^^^^^^^^
  File "/home/airflow/.local/lib/python3.12/site-packages/mlflow_provider/operators/pyfunc.py", line 165, in execute
    requirements_file_name = pyfunc.get_model_dependencies(self.model_uri)
                             ^^^^^^^^^^^^^^^^^^^^^^^^^^^^^^^^^^^^^^^^^^^^^
  File "/home/airflow/.local/lib/python3.12/site-packages/mlflow/pyfunc/__init__.py", line 1235, in get_model_dependencies
    dep_file = _get_model_dependencies(model_uri, format)
               ^^^^^^^^^^^^^^^^^^^^^^^^^^^^^^^^^^^^^^^^^^
  File "/home/airflow/.local/lib/python3.12/site-packages/mlflow/pyfunc/__init__.py", line 1155, in _get_model_dependencies
    model_dir = _download_artifact_from_uri(model_uri)
                ^^^^^^^^^^^^^^^^^^^^^^^^^^^^^^^^^^^^^^
  File "/home/airflow/.local/lib/python3.12/site-packages/mlflow/tracking/artifact_utils.py", line 116, in _download_artifact_from_uri
    return repo.download_artifacts(artifact_path=artifact_path, dst_path=output_path)
           ^^^^^^^^^^^^^^^^^^^^^^^^^^^^^^^^^^^^^^^^^^^^^^^^^^^^^^^^^^^^^^^^^^^^^^^^^^
  File "/home/airflow/.local/lib/python3.12/site-packages/mlflow/store/artifact/local_artifact_repo.py", line 91, in download_artifacts
    raise OSError(f"No such file or directory: '{local_artifact_path}'")
OSError: No such file or directory: 'mlflow-artifacts/1/a4f785e5e1bb4ee79ba23aa117c7c8a6/artifacts/testmodel'
[2024-07-17T08:28:23.842+0000] {taskinstance.py:1206} INFO - Marking task as FAILED. dag_id=dag_with_postgres_hooks, task_id=predict_mlflow, run_id=manual__2024-07-17T08:28:16.980312+00:00, execution_date=20240717T082816, start_date=20240717T082823, end_date=20240717T082823
[2024-07-17T08:28:23.847+0000] {standard_task_runner.py:110} ERROR - Failed to execute job 60 for task predict_mlflow (No such file or directory: 'mlflow-artifacts/1/a4f785e5e1bb4ee79ba23aa117c7c8a6/artifacts/testmodel'; 774)
[2024-07-17T08:28:23.857+0000] {local_task_job_runner.py:240} INFO - Task exited with return code 1
[2024-07-17T08:28:23.864+0000] {taskinstance.py:3503} INFO - 0 downstream tasks scheduled from follow-on schedule check
[2024-07-17T08:28:23.865+0000] {local_task_job_runner.py:222} INFO - ::endgroup::
