[2024-12-09T10:11:58.018+0000] {local_task_job_runner.py:120} INFO - ::group::Pre task execution logs
[2024-12-09T10:11:58.058+0000] {taskinstance.py:2076} INFO - Dependencies all met for dep_context=non-requeueable deps ti=<TaskInstance: dag_with_postgres_hooks.scrap_new_data scheduled__2024-11-11T13:30:00+00:00 [queued]>
[2024-12-09T10:11:58.070+0000] {taskinstance.py:2076} INFO - Dependencies all met for dep_context=requeueable deps ti=<TaskInstance: dag_with_postgres_hooks.scrap_new_data scheduled__2024-11-11T13:30:00+00:00 [queued]>
[2024-12-09T10:11:58.077+0000] {taskinstance.py:2306} INFO - Starting attempt 1 of 1
[2024-12-09T10:11:58.107+0000] {taskinstance.py:2330} INFO - Executing <Task(PythonOperator): scrap_new_data> on 2024-11-11 13:30:00+00:00
[2024-12-09T10:11:58.147+0000] {standard_task_runner.py:90} INFO - Running: ['***', 'tasks', 'run', 'dag_with_postgres_hooks', 'scrap_new_data', 'scheduled__2024-11-11T13:30:00+00:00', '--job-id', '1308', '--raw', '--subdir', 'DAGS_FOLDER/Stock_pred.py', '--cfg-path', '/tmp/tmpdbh4flaw']
[2024-12-09T10:11:58.148+0000] {standard_task_runner.py:91} INFO - Job 1308: Subtask scrap_new_data
[2024-12-09T10:11:58.149+0000] {warnings.py:112} WARNING - /home/***/.local/lib/python3.12/site-packages/***/task/task_runner/standard_task_runner.py:62: DeprecationWarning: This process (pid=312) is multi-threaded, use of fork() may lead to deadlocks in the child.
  pid = os.fork()

[2024-12-09T10:11:58.155+0000] {standard_task_runner.py:64} INFO - Started process 466 to run task
[2024-12-09T10:11:58.274+0000] {task_command.py:426} INFO - Running <TaskInstance: dag_with_postgres_hooks.scrap_new_data scheduled__2024-11-11T13:30:00+00:00 [running]> on host b7aba691e1ff
[2024-12-09T10:12:18.322+0000] {taskinstance.py:2648} INFO - Exporting env vars: AIRFLOW_CTX_DAG_EMAIL='***@example.com' AIRFLOW_CTX_DAG_OWNER='***' AIRFLOW_CTX_DAG_ID='dag_with_postgres_hooks' AIRFLOW_CTX_TASK_ID='scrap_new_data' AIRFLOW_CTX_EXECUTION_DATE='2024-11-11T13:30:00+00:00' AIRFLOW_CTX_TRY_NUMBER='1' AIRFLOW_CTX_DAG_RUN_ID='scheduled__2024-11-11T13:30:00+00:00'
[2024-12-09T10:12:18.358+0000] {taskinstance.py:430} INFO - ::endgroup::
[2024-12-09T10:12:19.564+0000] {warnings.py:112} WARNING - /opt/***/dags/Stock_pred.py:65: GuessedAtParserWarning: No parser was explicitly specified, so I'm using the best available HTML parser for this system ("lxml"). This usually isn't a problem, but if you run this code on another system, or in a different virtual environment, it may use a different parser and behave differently.

The code that caused this warning is on line 65 of the file /opt/***/dags/Stock_pred.py. To get rid of this warning, pass the additional argument 'features="lxml"' to the BeautifulSoup constructor.

  soup = BeautifulSoup(html)

[2024-12-09T10:12:19.644+0000] {python.py:237} INFO - Done. Returned value was: None
[2024-12-09T10:12:19.645+0000] {taskinstance.py:441} INFO - ::group::Post task execution logs
[2024-12-09T10:12:19.652+0000] {taskinstance.py:1206} INFO - Marking task as SUCCESS. dag_id=dag_with_postgres_hooks, task_id=scrap_new_data, run_id=scheduled__2024-11-11T13:30:00+00:00, execution_date=20241111T133000, start_date=20241209T101158, end_date=20241209T101219
[2024-12-09T10:12:19.701+0000] {local_task_job_runner.py:243} INFO - Task exited with return code 0
[2024-12-09T10:12:19.733+0000] {taskinstance.py:3503} INFO - 1 downstream tasks scheduled from follow-on schedule check
[2024-12-09T10:12:19.735+0000] {local_task_job_runner.py:222} INFO - ::endgroup::
