[2024-12-14T09:57:16.480+0000] {local_task_job_runner.py:120} INFO - ::group::Pre task execution logs
[2024-12-14T09:57:16.488+0000] {taskinstance.py:2076} INFO - Dependencies all met for dep_context=non-requeueable deps ti=<TaskInstance: dag_with_postgres_hooks.plot_github scheduled__2024-12-11T13:30:00+00:00 [queued]>
[2024-12-14T09:57:16.491+0000] {taskinstance.py:2076} INFO - Dependencies all met for dep_context=requeueable deps ti=<TaskInstance: dag_with_postgres_hooks.plot_github scheduled__2024-12-11T13:30:00+00:00 [queued]>
[2024-12-14T09:57:16.492+0000] {taskinstance.py:2306} INFO - Starting attempt 1 of 1
[2024-12-14T09:57:16.496+0000] {taskinstance.py:2330} INFO - Executing <Task(PythonOperator): plot_github> on 2024-12-11 13:30:00+00:00
[2024-12-14T09:57:16.501+0000] {warnings.py:112} WARNING - /home/***/.local/lib/python3.12/site-packages/***/task/task_runner/standard_task_runner.py:62: DeprecationWarning: This process (pid=399) is multi-threaded, use of fork() may lead to deadlocks in the child.
  pid = os.fork()

[2024-12-14T09:57:16.502+0000] {standard_task_runner.py:64} INFO - Started process 420 to run task
[2024-12-14T09:57:16.502+0000] {standard_task_runner.py:90} INFO - Running: ['***', 'tasks', 'run', 'dag_with_postgres_hooks', 'plot_github', 'scheduled__2024-12-11T13:30:00+00:00', '--job-id', '1393', '--raw', '--subdir', 'DAGS_FOLDER/Stock_pred.py', '--cfg-path', '/tmp/tmpcu5rd2fs']
[2024-12-14T09:57:16.503+0000] {standard_task_runner.py:91} INFO - Job 1393: Subtask plot_github
[2024-12-14T09:57:16.521+0000] {task_command.py:426} INFO - Running <TaskInstance: dag_with_postgres_hooks.plot_github scheduled__2024-12-11T13:30:00+00:00 [running]> on host b7aba691e1ff
[2024-12-14T09:57:16.553+0000] {taskinstance.py:2648} INFO - Exporting env vars: AIRFLOW_CTX_DAG_EMAIL='***@example.com' AIRFLOW_CTX_DAG_OWNER='***' AIRFLOW_CTX_DAG_ID='dag_with_postgres_hooks' AIRFLOW_CTX_TASK_ID='plot_github' AIRFLOW_CTX_EXECUTION_DATE='2024-12-11T13:30:00+00:00' AIRFLOW_CTX_TRY_NUMBER='1' AIRFLOW_CTX_DAG_RUN_ID='scheduled__2024-12-11T13:30:00+00:00'
[2024-12-14T09:57:16.554+0000] {taskinstance.py:430} INFO - ::endgroup::
[2024-12-14T09:57:24.513+0000] {logging_mixin.py:188} INFO - images/thumbs/01.jpg UPDATED
[2024-12-14T09:57:31.990+0000] {logging_mixin.py:188} INFO - images/fulls/01.jpg UPDATED
[2024-12-14T09:57:31.994+0000] {python.py:237} INFO - Done. Returned value was: None
[2024-12-14T09:57:31.995+0000] {taskinstance.py:441} INFO - ::group::Post task execution logs
[2024-12-14T09:57:32.010+0000] {taskinstance.py:1206} INFO - Marking task as SUCCESS. dag_id=dag_with_postgres_hooks, task_id=plot_github, run_id=scheduled__2024-12-11T13:30:00+00:00, execution_date=20241211T133000, start_date=20241214T095716, end_date=20241214T095732
[2024-12-14T09:57:32.074+0000] {local_task_job_runner.py:243} INFO - Task exited with return code 0
[2024-12-14T09:57:32.094+0000] {taskinstance.py:3503} INFO - 1 downstream tasks scheduled from follow-on schedule check
[2024-12-14T09:57:32.095+0000] {local_task_job_runner.py:222} INFO - ::endgroup::
