[2024-07-12T07:59:04.824+0000] {local_task_job_runner.py:120} INFO - ::group::Pre task execution logs
[2024-07-12T07:59:04.834+0000] {taskinstance.py:2076} INFO - Dependencies all met for dep_context=non-requeueable deps ti=<TaskInstance: dag_ml_pipeline_docker_operator_v01.docker_model_train_and_publish_task manual__2024-07-12T07:59:02.157882+00:00 [queued]>
[2024-07-12T07:59:04.837+0000] {taskinstance.py:2076} INFO - Dependencies all met for dep_context=requeueable deps ti=<TaskInstance: dag_ml_pipeline_docker_operator_v01.docker_model_train_and_publish_task manual__2024-07-12T07:59:02.157882+00:00 [queued]>
[2024-07-12T07:59:04.838+0000] {taskinstance.py:2306} INFO - Starting attempt 1 of 1
[2024-07-12T07:59:04.843+0000] {taskinstance.py:2330} INFO - Executing <Task(DockerOperator): docker_model_train_and_publish_task> on 2024-07-12 07:59:02.157882+00:00
[2024-07-12T07:59:04.846+0000] {warnings.py:112} WARNING - /home/***/.local/lib/python3.12/site-packages/***/task/task_runner/standard_task_runner.py:61: DeprecationWarning: This process (pid=572) is multi-threaded, use of fork() may lead to deadlocks in the child.
  pid = os.fork()

[2024-07-12T07:59:04.847+0000] {standard_task_runner.py:63} INFO - Started process 581 to run task
[2024-07-12T07:59:04.847+0000] {standard_task_runner.py:90} INFO - Running: ['***', 'tasks', 'run', 'dag_ml_pipeline_docker_operator_v01', 'docker_model_train_and_publish_task', 'manual__2024-07-12T07:59:02.157882+00:00', '--job-id', '450', '--raw', '--subdir', 'DAGS_FOLDER/test.py', '--cfg-path', '/tmp/tmp6yla8itl']
[2024-07-12T07:59:04.849+0000] {standard_task_runner.py:91} INFO - Job 450: Subtask docker_model_train_and_publish_task
[2024-07-12T07:59:04.872+0000] {task_command.py:426} INFO - Running <TaskInstance: dag_ml_pipeline_docker_operator_v01.docker_model_train_and_publish_task manual__2024-07-12T07:59:02.157882+00:00 [running]> on host 10d335c2a089
[2024-07-12T07:59:04.908+0000] {taskinstance.py:2648} INFO - Exporting env vars: AIRFLOW_CTX_DAG_OWNER='admin' AIRFLOW_CTX_DAG_ID='dag_ml_pipeline_docker_operator_v01' AIRFLOW_CTX_TASK_ID='docker_model_train_and_publish_task' AIRFLOW_CTX_EXECUTION_DATE='2024-07-12T07:59:02.157882+00:00' AIRFLOW_CTX_TRY_NUMBER='1' AIRFLOW_CTX_DAG_RUN_ID='manual__2024-07-12T07:59:02.157882+00:00'
[2024-07-12T07:59:04.910+0000] {taskinstance.py:430} INFO - ::endgroup::
[2024-07-12T07:59:04.912+0000] {docker.py:157} ERROR - Failed to establish connection to Docker host unix://var/run/docker.sock: Error while fetching server API version: ('Connection aborted.', FileNotFoundError(2, 'No such file or directory'))
[2024-07-12T07:59:04.912+0000] {taskinstance.py:441} INFO - ::group::Post task execution logs
[2024-07-12T07:59:04.917+0000] {taskinstance.py:2905} ERROR - Task failed with exception
Traceback (most recent call last):
  File "/home/airflow/.local/lib/python3.12/site-packages/airflow/models/taskinstance.py", line 465, in _execute_task
    result = _execute_callable(context=context, **execute_callable_kwargs)
             ^^^^^^^^^^^^^^^^^^^^^^^^^^^^^^^^^^^^^^^^^^^^^^^^^^^^^^^^^^^^^
  File "/home/airflow/.local/lib/python3.12/site-packages/airflow/models/taskinstance.py", line 432, in _execute_callable
    return execute_callable(context=context, **execute_callable_kwargs)
           ^^^^^^^^^^^^^^^^^^^^^^^^^^^^^^^^^^^^^^^^^^^^^^^^^^^^^^^^^^^^
  File "/home/airflow/.local/lib/python3.12/site-packages/airflow/models/baseoperator.py", line 401, in wrapper
    return func(self, *args, **kwargs)
           ^^^^^^^^^^^^^^^^^^^^^^^^^^^
  File "/home/airflow/.local/lib/python3.12/site-packages/airflow/providers/docker/operators/docker.py", line 492, in execute
    if self.force_pull or not self.cli.images(name=self.image):
                              ^^^^^^^^
  File "/home/airflow/.local/lib/python3.12/site-packages/airflow/providers/docker/operators/docker.py", line 362, in cli
    return self.hook.api_client
           ^^^^^^^^^^^^^^^^^^^^
  File "/usr/local/lib/python3.12/functools.py", line 995, in __get__
    val = self.func(instance)
          ^^^^^^^^^^^^^^^^^^^
  File "/home/airflow/.local/lib/python3.12/site-packages/airflow/providers/docker/hooks/docker.py", line 161, in api_client
    raise AirflowException("Failed to establish connection to any given Docker hosts.")
airflow.exceptions.AirflowException: Failed to establish connection to any given Docker hosts.
[2024-07-12T07:59:04.921+0000] {taskinstance.py:1206} INFO - Marking task as FAILED. dag_id=dag_ml_pipeline_docker_operator_v01, task_id=docker_model_train_and_publish_task, run_id=manual__2024-07-12T07:59:02.157882+00:00, execution_date=20240712T075902, start_date=20240712T075904, end_date=20240712T075904
[2024-07-12T07:59:04.929+0000] {standard_task_runner.py:110} ERROR - Failed to execute job 450 for task docker_model_train_and_publish_task (Failed to establish connection to any given Docker hosts.; 581)
[2024-07-12T07:59:04.945+0000] {local_task_job_runner.py:240} INFO - Task exited with return code 1
[2024-07-12T07:59:04.952+0000] {taskinstance.py:3503} INFO - 0 downstream tasks scheduled from follow-on schedule check
[2024-07-12T07:59:04.953+0000] {local_task_job_runner.py:222} INFO - ::endgroup::
