[2024-08-29T09:28:41.751+0000] {local_task_job_runner.py:120} INFO - ::group::Pre task execution logs
[2024-08-29T09:28:41.762+0000] {taskinstance.py:2076} INFO - Dependencies all met for dep_context=non-requeueable deps ti=<TaskInstance: dag_with_postgres_hooks.plot_github manual__2024-08-29T09:28:17.852068+00:00 [queued]>
[2024-08-29T09:28:41.765+0000] {taskinstance.py:2076} INFO - Dependencies all met for dep_context=requeueable deps ti=<TaskInstance: dag_with_postgres_hooks.plot_github manual__2024-08-29T09:28:17.852068+00:00 [queued]>
[2024-08-29T09:28:41.765+0000] {taskinstance.py:2306} INFO - Starting attempt 1 of 1
[2024-08-29T09:28:41.770+0000] {taskinstance.py:2330} INFO - Executing <Task(PythonOperator): plot_github> on 2024-08-29 09:28:17.852068+00:00
[2024-08-29T09:28:41.775+0000] {warnings.py:112} WARNING - /home/***/.local/lib/python3.12/site-packages/***/task/task_runner/standard_task_runner.py:62: DeprecationWarning: This process (pid=2200) is multi-threaded, use of fork() may lead to deadlocks in the child.
  pid = os.fork()

[2024-08-29T09:28:41.776+0000] {standard_task_runner.py:64} INFO - Started process 2211 to run task
[2024-08-29T09:28:41.777+0000] {standard_task_runner.py:90} INFO - Running: ['***', 'tasks', 'run', 'dag_with_postgres_hooks', 'plot_github', 'manual__2024-08-29T09:28:17.852068+00:00', '--job-id', '960', '--raw', '--subdir', 'DAGS_FOLDER/Stock_pred.py', '--cfg-path', '/tmp/tmph0vz04ux']
[2024-08-29T09:28:41.777+0000] {standard_task_runner.py:91} INFO - Job 960: Subtask plot_github
[2024-08-29T09:28:41.795+0000] {task_command.py:426} INFO - Running <TaskInstance: dag_with_postgres_hooks.plot_github manual__2024-08-29T09:28:17.852068+00:00 [running]> on host b7aba691e1ff
[2024-08-29T09:28:41.830+0000] {taskinstance.py:2648} INFO - Exporting env vars: AIRFLOW_CTX_DAG_EMAIL='***@example.com' AIRFLOW_CTX_DAG_OWNER='***' AIRFLOW_CTX_DAG_ID='dag_with_postgres_hooks' AIRFLOW_CTX_TASK_ID='plot_github' AIRFLOW_CTX_EXECUTION_DATE='2024-08-29T09:28:17.852068+00:00' AIRFLOW_CTX_TRY_NUMBER='1' AIRFLOW_CTX_DAG_RUN_ID='manual__2024-08-29T09:28:17.852068+00:00'
[2024-08-29T09:28:41.831+0000] {taskinstance.py:430} INFO - ::endgroup::
[2024-08-29T09:28:42.501+0000] {taskinstance.py:441} INFO - ::group::Post task execution logs
[2024-08-29T09:28:42.503+0000] {taskinstance.py:2905} ERROR - Task failed with exception
Traceback (most recent call last):
  File "/home/airflow/.local/lib/python3.12/site-packages/airflow/models/taskinstance.py", line 465, in _execute_task
    result = _execute_callable(context=context, **execute_callable_kwargs)
             ^^^^^^^^^^^^^^^^^^^^^^^^^^^^^^^^^^^^^^^^^^^^^^^^^^^^^^^^^^^^^
  File "/home/airflow/.local/lib/python3.12/site-packages/airflow/models/taskinstance.py", line 432, in _execute_callable
    return execute_callable(context=context, **execute_callable_kwargs)
           ^^^^^^^^^^^^^^^^^^^^^^^^^^^^^^^^^^^^^^^^^^^^^^^^^^^^^^^^^^^^
  File "/home/airflow/.local/lib/python3.12/site-packages/airflow/models/baseoperator.py", line 401, in wrapper
    return func(self, *args, **kwargs)
           ^^^^^^^^^^^^^^^^^^^^^^^^^^^
  File "/home/airflow/.local/lib/python3.12/site-packages/airflow/operators/python.py", line 235, in execute
    return_value = self.execute_callable()
                   ^^^^^^^^^^^^^^^^^^^^^^^
  File "/home/airflow/.local/lib/python3.12/site-packages/airflow/operators/python.py", line 252, in execute_callable
    return self.python_callable(*self.op_args, **self.op_kwargs)
           ^^^^^^^^^^^^^^^^^^^^^^^^^^^^^^^^^^^^^^^^^^^^^^^^^^^^^
  File "/opt/airflow/dags/Stock_pred.py", line 371, in plot_github
    repo = g.get_user().get_repo('StockPredict.github.io')
           ^^^^^^^^^^^^^^^^^^^^^^^^^^^^^^^^^^^^^^^^^^^^^^^
  File "/home/airflow/.local/lib/python3.12/site-packages/github/AuthenticatedUser.py", line 848, in get_repo
    headers, data = self._requester.requestJsonAndCheck("GET", f"/repos/{self.login}/{name}")
                                                                         ^^^^^^^^^^
  File "/home/airflow/.local/lib/python3.12/site-packages/github/AuthenticatedUser.py", line 279, in login
    self._completeIfNotSet(self._login)
  File "/home/airflow/.local/lib/python3.12/site-packages/github/GithubObject.py", line 416, in _completeIfNotSet
    self._completeIfNeeded()
  File "/home/airflow/.local/lib/python3.12/site-packages/github/GithubObject.py", line 420, in _completeIfNeeded
    self.__complete()
  File "/home/airflow/.local/lib/python3.12/site-packages/github/GithubObject.py", line 425, in __complete
    headers, data = self._requester.requestJsonAndCheck("GET", self._url.value)
                    ^^^^^^^^^^^^^^^^^^^^^^^^^^^^^^^^^^^^^^^^^^^^^^^^^^^^^^^^^^^
  File "/home/airflow/.local/lib/python3.12/site-packages/github/Requester.py", line 548, in requestJsonAndCheck
    return self.__check(*self.requestJson(verb, url, parameters, headers, input, self.__customConnection(url)))
           ^^^^^^^^^^^^^^^^^^^^^^^^^^^^^^^^^^^^^^^^^^^^^^^^^^^^^^^^^^^^^^^^^^^^^^^^^^^^^^^^^^^^^^^^^^^^^^^^^^^^
  File "/home/airflow/.local/lib/python3.12/site-packages/github/Requester.py", line 609, in __check
    raise self.createException(status, responseHeaders, data)
github.GithubException.BadCredentialsException: 401 {"message": "Bad credentials", "documentation_url": "https://docs.github.com/rest", "status": "401"}
[2024-08-29T09:28:42.518+0000] {taskinstance.py:1206} INFO - Marking task as FAILED. dag_id=dag_with_postgres_hooks, task_id=plot_github, run_id=manual__2024-08-29T09:28:17.852068+00:00, execution_date=20240829T092817, start_date=20240829T092841, end_date=20240829T092842
[2024-08-29T09:28:42.529+0000] {standard_task_runner.py:110} ERROR - Failed to execute job 960 for task plot_github (401 {"message": "Bad credentials", "documentation_url": "https://docs.github.com/rest", "status": "401"}; 2211)
[2024-08-29T09:28:42.555+0000] {local_task_job_runner.py:243} INFO - Task exited with return code 1
[2024-08-29T09:28:42.568+0000] {taskinstance.py:3503} INFO - 0 downstream tasks scheduled from follow-on schedule check
[2024-08-29T09:28:42.569+0000] {local_task_job_runner.py:222} INFO - ::endgroup::
