[2025-04-03T02:08:28.011+0000] {processor.py:161} INFO - Started process (PID=107) to work on /home/airflow/.local/lib/python3.12/site-packages/airflow/example_dags/example_external_task_marker_dag.py
[2025-04-03T02:08:28.011+0000] {processor.py:830} INFO - Processing file /home/airflow/.local/lib/python3.12/site-packages/airflow/example_dags/example_external_task_marker_dag.py for tasks to queue
[2025-04-03T02:08:28.012+0000] {logging_mixin.py:188} INFO - [2025-04-03T02:08:28.012+0000] {dagbag.py:545} INFO - Filling up the DagBag from /home/airflow/.local/lib/python3.12/site-packages/airflow/example_dags/example_external_task_marker_dag.py
[2025-04-03T02:08:28.017+0000] {processor.py:840} INFO - DAG(s) 'example_external_task_marker_child', 'example_external_task_marker_parent' retrieved from /home/airflow/.local/lib/python3.12/site-packages/airflow/example_dags/example_external_task_marker_dag.py
[2025-04-03T02:08:28.026+0000] {logging_mixin.py:188} INFO - [2025-04-03T02:08:28.026+0000] {dag.py:3089} INFO - Sync 2 DAGs
[2025-04-03T02:08:28.032+0000] {logging_mixin.py:188} INFO - [2025-04-03T02:08:28.031+0000] {dag.py:3947} INFO - Setting next_dagrun for example_external_task_marker_child to None, run_after=None
[2025-04-03T02:08:28.033+0000] {logging_mixin.py:188} INFO - [2025-04-03T02:08:28.033+0000] {dag.py:3947} INFO - Setting next_dagrun for example_external_task_marker_parent to None, run_after=None
[2025-04-03T02:08:28.042+0000] {processor.py:183} INFO - Processing /home/airflow/.local/lib/python3.12/site-packages/airflow/example_dags/example_external_task_marker_dag.py took 0.033 seconds
[2025-04-03T02:09:00.657+0000] {processor.py:161} INFO - Started process (PID=179) to work on /home/airflow/.local/lib/python3.12/site-packages/airflow/example_dags/example_external_task_marker_dag.py
[2025-04-03T02:09:00.658+0000] {processor.py:830} INFO - Processing file /home/airflow/.local/lib/python3.12/site-packages/airflow/example_dags/example_external_task_marker_dag.py for tasks to queue
[2025-04-03T02:09:00.659+0000] {logging_mixin.py:188} INFO - [2025-04-03T02:09:00.658+0000] {dagbag.py:545} INFO - Filling up the DagBag from /home/airflow/.local/lib/python3.12/site-packages/airflow/example_dags/example_external_task_marker_dag.py
[2025-04-03T02:09:00.661+0000] {processor.py:840} INFO - DAG(s) 'example_external_task_marker_child', 'example_external_task_marker_parent' retrieved from /home/airflow/.local/lib/python3.12/site-packages/airflow/example_dags/example_external_task_marker_dag.py
[2025-04-03T02:09:00.670+0000] {logging_mixin.py:188} INFO - [2025-04-03T02:09:00.670+0000] {dag.py:3089} INFO - Sync 2 DAGs
[2025-04-03T02:09:00.675+0000] {logging_mixin.py:188} INFO - [2025-04-03T02:09:00.675+0000] {dag.py:3947} INFO - Setting next_dagrun for example_external_task_marker_child to None, run_after=None
[2025-04-03T02:09:00.677+0000] {logging_mixin.py:188} INFO - [2025-04-03T02:09:00.677+0000] {dag.py:3947} INFO - Setting next_dagrun for example_external_task_marker_parent to None, run_after=None
[2025-04-03T02:09:00.683+0000] {processor.py:183} INFO - Processing /home/airflow/.local/lib/python3.12/site-packages/airflow/example_dags/example_external_task_marker_dag.py took 0.028 seconds
[2025-04-03T02:09:33.261+0000] {processor.py:161} INFO - Started process (PID=250) to work on /home/airflow/.local/lib/python3.12/site-packages/airflow/example_dags/example_external_task_marker_dag.py
[2025-04-03T02:09:33.262+0000] {processor.py:830} INFO - Processing file /home/airflow/.local/lib/python3.12/site-packages/airflow/example_dags/example_external_task_marker_dag.py for tasks to queue
[2025-04-03T02:09:33.263+0000] {logging_mixin.py:188} INFO - [2025-04-03T02:09:33.263+0000] {dagbag.py:545} INFO - Filling up the DagBag from /home/airflow/.local/lib/python3.12/site-packages/airflow/example_dags/example_external_task_marker_dag.py
[2025-04-03T02:09:33.266+0000] {processor.py:840} INFO - DAG(s) 'example_external_task_marker_parent', 'example_external_task_marker_child' retrieved from /home/airflow/.local/lib/python3.12/site-packages/airflow/example_dags/example_external_task_marker_dag.py
[2025-04-03T02:09:33.276+0000] {logging_mixin.py:188} INFO - [2025-04-03T02:09:33.276+0000] {dag.py:3089} INFO - Sync 2 DAGs
[2025-04-03T02:09:33.281+0000] {logging_mixin.py:188} INFO - [2025-04-03T02:09:33.281+0000] {dag.py:3947} INFO - Setting next_dagrun for example_external_task_marker_child to None, run_after=None
[2025-04-03T02:09:33.282+0000] {logging_mixin.py:188} INFO - [2025-04-03T02:09:33.282+0000] {dag.py:3947} INFO - Setting next_dagrun for example_external_task_marker_parent to None, run_after=None
[2025-04-03T02:09:33.288+0000] {processor.py:183} INFO - Processing /home/airflow/.local/lib/python3.12/site-packages/airflow/example_dags/example_external_task_marker_dag.py took 0.030 seconds
[2025-04-03T02:10:05.948+0000] {processor.py:161} INFO - Started process (PID=322) to work on /home/airflow/.local/lib/python3.12/site-packages/airflow/example_dags/example_external_task_marker_dag.py
[2025-04-03T02:10:05.949+0000] {processor.py:830} INFO - Processing file /home/airflow/.local/lib/python3.12/site-packages/airflow/example_dags/example_external_task_marker_dag.py for tasks to queue
[2025-04-03T02:10:05.950+0000] {logging_mixin.py:188} INFO - [2025-04-03T02:10:05.950+0000] {dagbag.py:545} INFO - Filling up the DagBag from /home/airflow/.local/lib/python3.12/site-packages/airflow/example_dags/example_external_task_marker_dag.py
[2025-04-03T02:10:05.954+0000] {processor.py:840} INFO - DAG(s) 'example_external_task_marker_parent', 'example_external_task_marker_child' retrieved from /home/airflow/.local/lib/python3.12/site-packages/airflow/example_dags/example_external_task_marker_dag.py
[2025-04-03T02:10:05.964+0000] {logging_mixin.py:188} INFO - [2025-04-03T02:10:05.964+0000] {dag.py:3089} INFO - Sync 2 DAGs
[2025-04-03T02:10:05.970+0000] {logging_mixin.py:188} INFO - [2025-04-03T02:10:05.970+0000] {dag.py:3947} INFO - Setting next_dagrun for example_external_task_marker_child to None, run_after=None
[2025-04-03T02:10:05.973+0000] {logging_mixin.py:188} INFO - [2025-04-03T02:10:05.973+0000] {dag.py:3947} INFO - Setting next_dagrun for example_external_task_marker_parent to None, run_after=None
[2025-04-03T02:10:05.982+0000] {processor.py:183} INFO - Processing /home/airflow/.local/lib/python3.12/site-packages/airflow/example_dags/example_external_task_marker_dag.py took 0.037 seconds
[2025-04-03T02:10:38.674+0000] {processor.py:161} INFO - Started process (PID=394) to work on /home/airflow/.local/lib/python3.12/site-packages/airflow/example_dags/example_external_task_marker_dag.py
[2025-04-03T02:10:38.674+0000] {processor.py:830} INFO - Processing file /home/airflow/.local/lib/python3.12/site-packages/airflow/example_dags/example_external_task_marker_dag.py for tasks to queue
[2025-04-03T02:10:38.675+0000] {logging_mixin.py:188} INFO - [2025-04-03T02:10:38.675+0000] {dagbag.py:545} INFO - Filling up the DagBag from /home/airflow/.local/lib/python3.12/site-packages/airflow/example_dags/example_external_task_marker_dag.py
[2025-04-03T02:10:38.678+0000] {processor.py:840} INFO - DAG(s) 'example_external_task_marker_parent', 'example_external_task_marker_child' retrieved from /home/airflow/.local/lib/python3.12/site-packages/airflow/example_dags/example_external_task_marker_dag.py
[2025-04-03T02:10:38.695+0000] {logging_mixin.py:188} INFO - [2025-04-03T02:10:38.694+0000] {dag.py:3089} INFO - Sync 2 DAGs
[2025-04-03T02:10:38.700+0000] {logging_mixin.py:188} INFO - [2025-04-03T02:10:38.700+0000] {dag.py:3947} INFO - Setting next_dagrun for example_external_task_marker_child to None, run_after=None
[2025-04-03T02:10:38.703+0000] {logging_mixin.py:188} INFO - [2025-04-03T02:10:38.703+0000] {dag.py:3947} INFO - Setting next_dagrun for example_external_task_marker_parent to None, run_after=None
[2025-04-03T02:10:38.710+0000] {processor.py:183} INFO - Processing /home/airflow/.local/lib/python3.12/site-packages/airflow/example_dags/example_external_task_marker_dag.py took 0.039 seconds
[2025-04-03T02:11:11.446+0000] {processor.py:161} INFO - Started process (PID=466) to work on /home/airflow/.local/lib/python3.12/site-packages/airflow/example_dags/example_external_task_marker_dag.py
[2025-04-03T02:11:11.447+0000] {processor.py:830} INFO - Processing file /home/airflow/.local/lib/python3.12/site-packages/airflow/example_dags/example_external_task_marker_dag.py for tasks to queue
[2025-04-03T02:11:11.447+0000] {logging_mixin.py:188} INFO - [2025-04-03T02:11:11.447+0000] {dagbag.py:545} INFO - Filling up the DagBag from /home/airflow/.local/lib/python3.12/site-packages/airflow/example_dags/example_external_task_marker_dag.py
[2025-04-03T02:11:11.450+0000] {processor.py:840} INFO - DAG(s) 'example_external_task_marker_parent', 'example_external_task_marker_child' retrieved from /home/airflow/.local/lib/python3.12/site-packages/airflow/example_dags/example_external_task_marker_dag.py
[2025-04-03T02:11:11.458+0000] {logging_mixin.py:188} INFO - [2025-04-03T02:11:11.458+0000] {dag.py:3089} INFO - Sync 2 DAGs
[2025-04-03T02:11:11.463+0000] {logging_mixin.py:188} INFO - [2025-04-03T02:11:11.463+0000] {dag.py:3947} INFO - Setting next_dagrun for example_external_task_marker_child to None, run_after=None
[2025-04-03T02:11:11.465+0000] {logging_mixin.py:188} INFO - [2025-04-03T02:11:11.465+0000] {dag.py:3947} INFO - Setting next_dagrun for example_external_task_marker_parent to None, run_after=None
[2025-04-03T02:11:11.470+0000] {processor.py:183} INFO - Processing /home/airflow/.local/lib/python3.12/site-packages/airflow/example_dags/example_external_task_marker_dag.py took 0.026 seconds
[2025-04-03T02:11:44.073+0000] {processor.py:161} INFO - Started process (PID=538) to work on /home/airflow/.local/lib/python3.12/site-packages/airflow/example_dags/example_external_task_marker_dag.py
[2025-04-03T02:11:44.073+0000] {processor.py:830} INFO - Processing file /home/airflow/.local/lib/python3.12/site-packages/airflow/example_dags/example_external_task_marker_dag.py for tasks to queue
[2025-04-03T02:11:44.075+0000] {logging_mixin.py:188} INFO - [2025-04-03T02:11:44.075+0000] {dagbag.py:545} INFO - Filling up the DagBag from /home/airflow/.local/lib/python3.12/site-packages/airflow/example_dags/example_external_task_marker_dag.py
[2025-04-03T02:11:44.079+0000] {processor.py:840} INFO - DAG(s) 'example_external_task_marker_parent', 'example_external_task_marker_child' retrieved from /home/airflow/.local/lib/python3.12/site-packages/airflow/example_dags/example_external_task_marker_dag.py
[2025-04-03T02:11:44.091+0000] {logging_mixin.py:188} INFO - [2025-04-03T02:11:44.091+0000] {dag.py:3089} INFO - Sync 2 DAGs
[2025-04-03T02:11:44.096+0000] {logging_mixin.py:188} INFO - [2025-04-03T02:11:44.096+0000] {dag.py:3947} INFO - Setting next_dagrun for example_external_task_marker_child to None, run_after=None
[2025-04-03T02:11:44.098+0000] {logging_mixin.py:188} INFO - [2025-04-03T02:11:44.098+0000] {dag.py:3947} INFO - Setting next_dagrun for example_external_task_marker_parent to None, run_after=None
[2025-04-03T02:11:44.103+0000] {processor.py:183} INFO - Processing /home/airflow/.local/lib/python3.12/site-packages/airflow/example_dags/example_external_task_marker_dag.py took 0.033 seconds
[2025-04-03T02:12:16.786+0000] {processor.py:161} INFO - Started process (PID=610) to work on /home/airflow/.local/lib/python3.12/site-packages/airflow/example_dags/example_external_task_marker_dag.py
[2025-04-03T02:12:16.787+0000] {processor.py:830} INFO - Processing file /home/airflow/.local/lib/python3.12/site-packages/airflow/example_dags/example_external_task_marker_dag.py for tasks to queue
[2025-04-03T02:12:16.788+0000] {logging_mixin.py:188} INFO - [2025-04-03T02:12:16.788+0000] {dagbag.py:545} INFO - Filling up the DagBag from /home/airflow/.local/lib/python3.12/site-packages/airflow/example_dags/example_external_task_marker_dag.py
[2025-04-03T02:12:16.791+0000] {processor.py:840} INFO - DAG(s) 'example_external_task_marker_child', 'example_external_task_marker_parent' retrieved from /home/airflow/.local/lib/python3.12/site-packages/airflow/example_dags/example_external_task_marker_dag.py
[2025-04-03T02:12:16.802+0000] {logging_mixin.py:188} INFO - [2025-04-03T02:12:16.802+0000] {dag.py:3089} INFO - Sync 2 DAGs
[2025-04-03T02:12:16.809+0000] {logging_mixin.py:188} INFO - [2025-04-03T02:12:16.809+0000] {dag.py:3947} INFO - Setting next_dagrun for example_external_task_marker_child to None, run_after=None
[2025-04-03T02:12:16.811+0000] {logging_mixin.py:188} INFO - [2025-04-03T02:12:16.811+0000] {dag.py:3947} INFO - Setting next_dagrun for example_external_task_marker_parent to None, run_after=None
[2025-04-03T02:12:16.817+0000] {processor.py:183} INFO - Processing /home/airflow/.local/lib/python3.12/site-packages/airflow/example_dags/example_external_task_marker_dag.py took 0.034 seconds
[2025-04-03T02:12:48.926+0000] {processor.py:161} INFO - Started process (PID=682) to work on /home/airflow/.local/lib/python3.12/site-packages/airflow/example_dags/example_external_task_marker_dag.py
[2025-04-03T02:12:48.926+0000] {processor.py:830} INFO - Processing file /home/airflow/.local/lib/python3.12/site-packages/airflow/example_dags/example_external_task_marker_dag.py for tasks to queue
[2025-04-03T02:12:48.927+0000] {logging_mixin.py:188} INFO - [2025-04-03T02:12:48.927+0000] {dagbag.py:545} INFO - Filling up the DagBag from /home/airflow/.local/lib/python3.12/site-packages/airflow/example_dags/example_external_task_marker_dag.py
[2025-04-03T02:12:48.929+0000] {processor.py:840} INFO - DAG(s) 'example_external_task_marker_parent', 'example_external_task_marker_child' retrieved from /home/airflow/.local/lib/python3.12/site-packages/airflow/example_dags/example_external_task_marker_dag.py
[2025-04-03T02:12:48.941+0000] {logging_mixin.py:188} INFO - [2025-04-03T02:12:48.941+0000] {dag.py:3089} INFO - Sync 2 DAGs
[2025-04-03T02:12:48.948+0000] {logging_mixin.py:188} INFO - [2025-04-03T02:12:48.948+0000] {dag.py:3947} INFO - Setting next_dagrun for example_external_task_marker_child to None, run_after=None
[2025-04-03T02:12:48.949+0000] {logging_mixin.py:188} INFO - [2025-04-03T02:12:48.949+0000] {dag.py:3947} INFO - Setting next_dagrun for example_external_task_marker_parent to None, run_after=None
[2025-04-03T02:12:48.955+0000] {processor.py:183} INFO - Processing /home/airflow/.local/lib/python3.12/site-packages/airflow/example_dags/example_external_task_marker_dag.py took 0.032 seconds
