[2025-04-03T02:08:27.715+0000] {processor.py:161} INFO - Started process (PID=97) to work on /home/airflow/.local/lib/python3.12/site-packages/airflow/example_dags/tutorial.py
[2025-04-03T02:08:27.715+0000] {processor.py:830} INFO - Processing file /home/airflow/.local/lib/python3.12/site-packages/airflow/example_dags/tutorial.py for tasks to queue
[2025-04-03T02:08:27.716+0000] {logging_mixin.py:188} INFO - [2025-04-03T02:08:27.716+0000] {dagbag.py:545} INFO - Filling up the DagBag from /home/airflow/.local/lib/python3.12/site-packages/airflow/example_dags/tutorial.py
[2025-04-03T02:08:27.719+0000] {processor.py:840} INFO - DAG(s) 'tutorial' retrieved from /home/airflow/.local/lib/python3.12/site-packages/airflow/example_dags/tutorial.py
[2025-04-03T02:08:27.733+0000] {logging_mixin.py:188} INFO - [2025-04-03T02:08:27.733+0000] {dag.py:3089} INFO - Sync 1 DAGs
[2025-04-03T02:08:27.742+0000] {logging_mixin.py:188} INFO - [2025-04-03T02:08:27.742+0000] {dag.py:3947} INFO - Setting next_dagrun for tutorial to 2025-04-02 00:00:00+00:00, run_after=2025-04-03 00:00:00+00:00
[2025-04-03T02:08:27.749+0000] {processor.py:183} INFO - Processing /home/airflow/.local/lib/python3.12/site-packages/airflow/example_dags/tutorial.py took 0.037 seconds
[2025-04-03T02:09:00.418+0000] {processor.py:161} INFO - Started process (PID=169) to work on /home/airflow/.local/lib/python3.12/site-packages/airflow/example_dags/tutorial.py
[2025-04-03T02:09:00.419+0000] {processor.py:830} INFO - Processing file /home/airflow/.local/lib/python3.12/site-packages/airflow/example_dags/tutorial.py for tasks to queue
[2025-04-03T02:09:00.420+0000] {logging_mixin.py:188} INFO - [2025-04-03T02:09:00.420+0000] {dagbag.py:545} INFO - Filling up the DagBag from /home/airflow/.local/lib/python3.12/site-packages/airflow/example_dags/tutorial.py
[2025-04-03T02:09:00.424+0000] {processor.py:840} INFO - DAG(s) 'tutorial' retrieved from /home/airflow/.local/lib/python3.12/site-packages/airflow/example_dags/tutorial.py
[2025-04-03T02:09:00.437+0000] {logging_mixin.py:188} INFO - [2025-04-03T02:09:00.437+0000] {dag.py:3089} INFO - Sync 1 DAGs
[2025-04-03T02:09:00.450+0000] {logging_mixin.py:188} INFO - [2025-04-03T02:09:00.450+0000] {dag.py:3947} INFO - Setting next_dagrun for tutorial to 2025-04-02 00:00:00+00:00, run_after=2025-04-03 00:00:00+00:00
[2025-04-03T02:09:00.463+0000] {processor.py:183} INFO - Processing /home/airflow/.local/lib/python3.12/site-packages/airflow/example_dags/tutorial.py took 0.048 seconds
[2025-04-03T02:09:33.015+0000] {processor.py:161} INFO - Started process (PID=240) to work on /home/airflow/.local/lib/python3.12/site-packages/airflow/example_dags/tutorial.py
[2025-04-03T02:09:33.016+0000] {processor.py:830} INFO - Processing file /home/airflow/.local/lib/python3.12/site-packages/airflow/example_dags/tutorial.py for tasks to queue
[2025-04-03T02:09:33.017+0000] {logging_mixin.py:188} INFO - [2025-04-03T02:09:33.017+0000] {dagbag.py:545} INFO - Filling up the DagBag from /home/airflow/.local/lib/python3.12/site-packages/airflow/example_dags/tutorial.py
[2025-04-03T02:09:33.020+0000] {processor.py:840} INFO - DAG(s) 'tutorial' retrieved from /home/airflow/.local/lib/python3.12/site-packages/airflow/example_dags/tutorial.py
[2025-04-03T02:09:33.028+0000] {logging_mixin.py:188} INFO - [2025-04-03T02:09:33.028+0000] {dag.py:3089} INFO - Sync 1 DAGs
[2025-04-03T02:09:33.040+0000] {logging_mixin.py:188} INFO - [2025-04-03T02:09:33.040+0000] {dag.py:3947} INFO - Setting next_dagrun for tutorial to 2025-04-02 00:00:00+00:00, run_after=2025-04-03 00:00:00+00:00
[2025-04-03T02:09:33.049+0000] {processor.py:183} INFO - Processing /home/airflow/.local/lib/python3.12/site-packages/airflow/example_dags/tutorial.py took 0.037 seconds
[2025-04-03T02:10:05.694+0000] {processor.py:161} INFO - Started process (PID=312) to work on /home/airflow/.local/lib/python3.12/site-packages/airflow/example_dags/tutorial.py
[2025-04-03T02:10:05.695+0000] {processor.py:830} INFO - Processing file /home/airflow/.local/lib/python3.12/site-packages/airflow/example_dags/tutorial.py for tasks to queue
[2025-04-03T02:10:05.695+0000] {logging_mixin.py:188} INFO - [2025-04-03T02:10:05.695+0000] {dagbag.py:545} INFO - Filling up the DagBag from /home/airflow/.local/lib/python3.12/site-packages/airflow/example_dags/tutorial.py
[2025-04-03T02:10:05.698+0000] {processor.py:840} INFO - DAG(s) 'tutorial' retrieved from /home/airflow/.local/lib/python3.12/site-packages/airflow/example_dags/tutorial.py
[2025-04-03T02:10:05.710+0000] {logging_mixin.py:188} INFO - [2025-04-03T02:10:05.710+0000] {dag.py:3089} INFO - Sync 1 DAGs
[2025-04-03T02:10:05.724+0000] {logging_mixin.py:188} INFO - [2025-04-03T02:10:05.723+0000] {dag.py:3947} INFO - Setting next_dagrun for tutorial to 2025-04-02 00:00:00+00:00, run_after=2025-04-03 00:00:00+00:00
[2025-04-03T02:10:05.732+0000] {processor.py:183} INFO - Processing /home/airflow/.local/lib/python3.12/site-packages/airflow/example_dags/tutorial.py took 0.041 seconds
[2025-04-03T02:10:38.427+0000] {processor.py:161} INFO - Started process (PID=384) to work on /home/airflow/.local/lib/python3.12/site-packages/airflow/example_dags/tutorial.py
[2025-04-03T02:10:38.427+0000] {processor.py:830} INFO - Processing file /home/airflow/.local/lib/python3.12/site-packages/airflow/example_dags/tutorial.py for tasks to queue
[2025-04-03T02:10:38.428+0000] {logging_mixin.py:188} INFO - [2025-04-03T02:10:38.428+0000] {dagbag.py:545} INFO - Filling up the DagBag from /home/airflow/.local/lib/python3.12/site-packages/airflow/example_dags/tutorial.py
[2025-04-03T02:10:38.430+0000] {processor.py:840} INFO - DAG(s) 'tutorial' retrieved from /home/airflow/.local/lib/python3.12/site-packages/airflow/example_dags/tutorial.py
[2025-04-03T02:10:38.441+0000] {logging_mixin.py:188} INFO - [2025-04-03T02:10:38.441+0000] {dag.py:3089} INFO - Sync 1 DAGs
[2025-04-03T02:10:38.452+0000] {logging_mixin.py:188} INFO - [2025-04-03T02:10:38.452+0000] {dag.py:3947} INFO - Setting next_dagrun for tutorial to 2025-04-02 00:00:00+00:00, run_after=2025-04-03 00:00:00+00:00
[2025-04-03T02:10:38.458+0000] {processor.py:183} INFO - Processing /home/airflow/.local/lib/python3.12/site-packages/airflow/example_dags/tutorial.py took 0.034 seconds
[2025-04-03T02:11:11.096+0000] {processor.py:161} INFO - Started process (PID=456) to work on /home/airflow/.local/lib/python3.12/site-packages/airflow/example_dags/tutorial.py
[2025-04-03T02:11:11.097+0000] {processor.py:830} INFO - Processing file /home/airflow/.local/lib/python3.12/site-packages/airflow/example_dags/tutorial.py for tasks to queue
[2025-04-03T02:11:11.098+0000] {logging_mixin.py:188} INFO - [2025-04-03T02:11:11.098+0000] {dagbag.py:545} INFO - Filling up the DagBag from /home/airflow/.local/lib/python3.12/site-packages/airflow/example_dags/tutorial.py
[2025-04-03T02:11:11.103+0000] {processor.py:840} INFO - DAG(s) 'tutorial' retrieved from /home/airflow/.local/lib/python3.12/site-packages/airflow/example_dags/tutorial.py
[2025-04-03T02:11:11.113+0000] {logging_mixin.py:188} INFO - [2025-04-03T02:11:11.113+0000] {dag.py:3089} INFO - Sync 1 DAGs
[2025-04-03T02:11:11.122+0000] {logging_mixin.py:188} INFO - [2025-04-03T02:11:11.122+0000] {dag.py:3947} INFO - Setting next_dagrun for tutorial to 2025-04-02 00:00:00+00:00, run_after=2025-04-03 00:00:00+00:00
[2025-04-03T02:11:11.128+0000] {processor.py:183} INFO - Processing /home/airflow/.local/lib/python3.12/site-packages/airflow/example_dags/tutorial.py took 0.035 seconds
[2025-04-03T02:11:43.774+0000] {processor.py:161} INFO - Started process (PID=528) to work on /home/airflow/.local/lib/python3.12/site-packages/airflow/example_dags/tutorial.py
[2025-04-03T02:11:43.774+0000] {processor.py:830} INFO - Processing file /home/airflow/.local/lib/python3.12/site-packages/airflow/example_dags/tutorial.py for tasks to queue
[2025-04-03T02:11:43.776+0000] {logging_mixin.py:188} INFO - [2025-04-03T02:11:43.775+0000] {dagbag.py:545} INFO - Filling up the DagBag from /home/airflow/.local/lib/python3.12/site-packages/airflow/example_dags/tutorial.py
[2025-04-03T02:11:43.778+0000] {processor.py:840} INFO - DAG(s) 'tutorial' retrieved from /home/airflow/.local/lib/python3.12/site-packages/airflow/example_dags/tutorial.py
[2025-04-03T02:11:43.790+0000] {logging_mixin.py:188} INFO - [2025-04-03T02:11:43.790+0000] {dag.py:3089} INFO - Sync 1 DAGs
[2025-04-03T02:11:43.801+0000] {logging_mixin.py:188} INFO - [2025-04-03T02:11:43.801+0000] {dag.py:3947} INFO - Setting next_dagrun for tutorial to 2025-04-02 00:00:00+00:00, run_after=2025-04-03 00:00:00+00:00
[2025-04-03T02:11:43.808+0000] {processor.py:183} INFO - Processing /home/airflow/.local/lib/python3.12/site-packages/airflow/example_dags/tutorial.py took 0.036 seconds
[2025-04-03T02:12:16.429+0000] {processor.py:161} INFO - Started process (PID=600) to work on /home/airflow/.local/lib/python3.12/site-packages/airflow/example_dags/tutorial.py
[2025-04-03T02:12:16.431+0000] {processor.py:830} INFO - Processing file /home/airflow/.local/lib/python3.12/site-packages/airflow/example_dags/tutorial.py for tasks to queue
[2025-04-03T02:12:16.431+0000] {logging_mixin.py:188} INFO - [2025-04-03T02:12:16.431+0000] {dagbag.py:545} INFO - Filling up the DagBag from /home/airflow/.local/lib/python3.12/site-packages/airflow/example_dags/tutorial.py
[2025-04-03T02:12:16.434+0000] {processor.py:840} INFO - DAG(s) 'tutorial' retrieved from /home/airflow/.local/lib/python3.12/site-packages/airflow/example_dags/tutorial.py
[2025-04-03T02:12:16.446+0000] {logging_mixin.py:188} INFO - [2025-04-03T02:12:16.446+0000] {dag.py:3089} INFO - Sync 1 DAGs
[2025-04-03T02:12:16.455+0000] {logging_mixin.py:188} INFO - [2025-04-03T02:12:16.455+0000] {dag.py:3947} INFO - Setting next_dagrun for tutorial to 2025-04-02 00:00:00+00:00, run_after=2025-04-03 00:00:00+00:00
[2025-04-03T02:12:16.463+0000] {processor.py:183} INFO - Processing /home/airflow/.local/lib/python3.12/site-packages/airflow/example_dags/tutorial.py took 0.036 seconds
[2025-04-03T02:12:48.691+0000] {processor.py:161} INFO - Started process (PID=672) to work on /home/airflow/.local/lib/python3.12/site-packages/airflow/example_dags/tutorial.py
[2025-04-03T02:12:48.692+0000] {processor.py:830} INFO - Processing file /home/airflow/.local/lib/python3.12/site-packages/airflow/example_dags/tutorial.py for tasks to queue
[2025-04-03T02:12:48.692+0000] {logging_mixin.py:188} INFO - [2025-04-03T02:12:48.692+0000] {dagbag.py:545} INFO - Filling up the DagBag from /home/airflow/.local/lib/python3.12/site-packages/airflow/example_dags/tutorial.py
[2025-04-03T02:12:48.697+0000] {processor.py:840} INFO - DAG(s) 'tutorial' retrieved from /home/airflow/.local/lib/python3.12/site-packages/airflow/example_dags/tutorial.py
[2025-04-03T02:12:48.705+0000] {logging_mixin.py:188} INFO - [2025-04-03T02:12:48.705+0000] {dag.py:3089} INFO - Sync 1 DAGs
[2025-04-03T02:12:48.714+0000] {logging_mixin.py:188} INFO - [2025-04-03T02:12:48.714+0000] {dag.py:3947} INFO - Setting next_dagrun for tutorial to 2025-04-02 00:00:00+00:00, run_after=2025-04-03 00:00:00+00:00
[2025-04-03T02:12:48.725+0000] {processor.py:183} INFO - Processing /home/airflow/.local/lib/python3.12/site-packages/airflow/example_dags/tutorial.py took 0.037 seconds
