[2025-06-07T13:24:47.439+0000] {processor.py:186} INFO - Started process (PID=60) to work on /opt/airflow/dags/Stock_pred.py
[2025-06-07T13:24:47.440+0000] {processor.py:914} INFO - Processing file /opt/airflow/dags/Stock_pred.py for tasks to queue
[2025-06-07T13:24:47.442+0000] {logging_mixin.py:190} INFO - [2025-06-07T13:24:47.442+0000] {dagbag.py:588} INFO - Filling up the DagBag from /opt/airflow/dags/Stock_pred.py
[2025-06-07T13:24:55.042+0000] {logging_mixin.py:190} INFO - [2025-06-07T13:24:55.040+0000] {crypto.py:82} WARNING - empty cryptography key - values will not be stored encrypted.
[2025-06-07T13:24:55.063+0000] {processor.py:925} INFO - DAG(s) 'Stock_prediction' retrieved from /opt/airflow/dags/Stock_pred.py
[2025-06-07T13:24:55.312+0000] {logging_mixin.py:190} INFO - [2025-06-07T13:24:55.309+0000] {dag.py:3239} INFO - Sync 1 DAGs
[2025-06-07T13:24:55.369+0000] {logging_mixin.py:190} INFO - [2025-06-07T13:24:55.369+0000] {dag.py:4180} INFO - Setting next_dagrun for Stock_prediction to 2025-06-05 13:30:00+00:00, run_after=2025-06-06 13:30:00+00:00
[2025-06-07T13:24:55.409+0000] {processor.py:208} INFO - Processing /opt/airflow/dags/Stock_pred.py took 7.987 seconds
[2025-06-07T13:26:45.116+0000] {processor.py:186} INFO - Started process (PID=82) to work on /opt/airflow/dags/Stock_pred.py
[2025-06-07T13:26:45.142+0000] {processor.py:914} INFO - Processing file /opt/airflow/dags/Stock_pred.py for tasks to queue
[2025-06-07T13:26:45.306+0000] {logging_mixin.py:190} INFO - [2025-06-07T13:26:45.292+0000] {dagbag.py:588} INFO - Filling up the DagBag from /opt/airflow/dags/Stock_pred.py
[2025-06-07T13:27:26.723+0000] {logging_mixin.py:190} INFO - [2025-06-07T13:27:16.806+0000] {timeout.py:68} ERROR - Process timed out, PID: 82
[2025-06-07T13:27:31.608+0000] {logging_mixin.py:190} INFO - [2025-06-07T13:27:31.527+0000] {dagbag.py:387} ERROR - Failed to import: /opt/airflow/dags/Stock_pred.py
Traceback (most recent call last):
  File "/home/airflow/.local/lib/python3.12/site-packages/airflow/models/dagbag.py", line 383, in parse
    loader.exec_module(new_module)
  File "<frozen importlib._bootstrap_external>", line 999, in exec_module
  File "<frozen importlib._bootstrap>", line 488, in _call_with_frames_removed
  File "/opt/airflow/dags/Stock_pred.py", line 15, in <module>
    import mlflow
  File "/home/airflow/.local/lib/python3.12/site-packages/mlflow/__init__.py", line 42, in <module>
    from mlflow import (
  File "/home/airflow/.local/lib/python3.12/site-packages/mlflow/data/__init__.py", line 5, in <module>
    from mlflow.data import dataset_registry
  File "/home/airflow/.local/lib/python3.12/site-packages/mlflow/data/dataset_registry.py", line 133, in <module>
    _dataset_registry.register_entrypoints()
  File "/home/airflow/.local/lib/python3.12/site-packages/mlflow/data/dataset_registry.py", line 50, in register_entrypoints
    for entrypoint in get_entry_points("mlflow.dataset_constructor"):
                      ^^^^^^^^^^^^^^^^^^^^^^^^^^^^^^^^^^^^^^^^^^^^^^
  File "/home/airflow/.local/lib/python3.12/site-packages/mlflow/utils/plugins.py", line 17, in get_entry_points
    return _get_entry_points(group)
           ^^^^^^^^^^^^^^^^^^^^^^^^
  File "/home/airflow/.local/lib/python3.12/site-packages/mlflow/utils/plugins.py", line 7, in _get_entry_points
    return importlib.metadata.entry_points(group=group)
           ^^^^^^^^^^^^^^^^^^^^^^^^^^^^^^^^^^^^^^^^^^^^
  File "/usr/local/lib/python3.12/importlib/metadata/__init__.py", line 913, in entry_points
    return EntryPoints(eps).select(**params)
           ^^^^^^^^^^^^^^^^
  File "/usr/local/lib/python3.12/importlib/metadata/__init__.py", line 911, in <genexpr>
    dist.entry_points for dist in _unique(distributions())
    ^^^^^^^^^^^^^^^^^
  File "/home/airflow/.local/lib/python3.12/site-packages/importlib_metadata/__init__.py", line 491, in entry_points
    return EntryPoints._from_text_for(self.read_text('entry_points.txt'), self)
                                      ^^^^^^^^^^^^^^^^^^^^^^^^^^^^^^^^^^
  File "/home/airflow/.local/lib/python3.12/site-packages/importlib_metadata/__init__.py", line 856, in read_text
    return self._path.joinpath(filename).read_text(encoding='utf-8')
           ^^^^^^^^^^^^^^^^^^^^^^^^^^^^^^^^^^^^^^^^^^^^^^^^^^^^^^^^^
  File "/usr/local/lib/python3.12/pathlib.py", line 1027, in read_text
    with self.open(mode='r', encoding=encoding, errors=errors) as f:
         ^^^^^^^^^^^^^^^^^^^^^^^^^^^^^^^^^^^^^^^^^^^^^^^^^^^^^
  File "/usr/local/lib/python3.12/pathlib.py", line 1013, in open
    return io.open(self, mode, buffering, encoding, errors, newline)
           ^^^^^^^^^^^^^^^^^^^^^^^^^^^^^^^^^^^^^^^^^^^^^^^^^^^^^^^^^
  File "<frozen codecs>", line 309, in __init__
  File "/home/airflow/.local/lib/python3.12/site-packages/airflow/utils/timeout.py", line 69, in handle_timeout
    raise AirflowTaskTimeout(self.error_message)
airflow.exceptions.AirflowTaskTimeout: DagBag import timeout for /opt/airflow/dags/Stock_pred.py after 30.0s.
Please take a look at these docs to improve your DAG import time:
* https://airflow.apache.org/docs/apache-airflow/2.10.5/best-practices.html#top-level-python-code
* https://airflow.apache.org/docs/apache-airflow/2.10.5/best-practices.html#reducing-dag-complexity, PID: 82
[2025-06-07T13:27:31.620+0000] {processor.py:927} WARNING - No viable dags retrieved from /opt/airflow/dags/Stock_pred.py
[2025-06-07T13:27:31.801+0000] {processor.py:208} INFO - Processing /opt/airflow/dags/Stock_pred.py took 51.316 seconds
[2025-06-07T13:28:17.579+0000] {processor.py:186} INFO - Started process (PID=89) to work on /opt/airflow/dags/Stock_pred.py
[2025-06-07T13:28:17.580+0000] {processor.py:914} INFO - Processing file /opt/airflow/dags/Stock_pred.py for tasks to queue
[2025-06-07T13:28:17.582+0000] {logging_mixin.py:190} INFO - [2025-06-07T13:28:17.581+0000] {dagbag.py:588} INFO - Filling up the DagBag from /opt/airflow/dags/Stock_pred.py
[2025-06-07T13:28:21.876+0000] {logging_mixin.py:190} INFO - [2025-06-07T13:28:21.875+0000] {crypto.py:82} WARNING - empty cryptography key - values will not be stored encrypted.
[2025-06-07T13:28:21.880+0000] {processor.py:925} INFO - DAG(s) 'Stock_prediction' retrieved from /opt/airflow/dags/Stock_pred.py
[2025-06-07T13:28:21.947+0000] {logging_mixin.py:190} INFO - [2025-06-07T13:28:21.947+0000] {dag.py:3239} INFO - Sync 1 DAGs
[2025-06-07T13:28:21.955+0000] {logging_mixin.py:190} INFO - [2025-06-07T13:28:21.954+0000] {dag.py:4180} INFO - Setting next_dagrun for Stock_prediction to 2025-06-05 13:30:00+00:00, run_after=2025-06-06 13:30:00+00:00
[2025-06-07T13:28:21.965+0000] {processor.py:208} INFO - Processing /opt/airflow/dags/Stock_pred.py took 4.394 seconds
[2025-06-07T13:28:52.367+0000] {processor.py:186} INFO - Started process (PID=110) to work on /opt/airflow/dags/Stock_pred.py
[2025-06-07T13:28:52.369+0000] {processor.py:914} INFO - Processing file /opt/airflow/dags/Stock_pred.py for tasks to queue
[2025-06-07T13:28:52.370+0000] {logging_mixin.py:190} INFO - [2025-06-07T13:28:52.370+0000] {dagbag.py:588} INFO - Filling up the DagBag from /opt/airflow/dags/Stock_pred.py
[2025-06-07T13:28:54.677+0000] {logging_mixin.py:190} INFO - [2025-06-07T13:28:54.677+0000] {crypto.py:82} WARNING - empty cryptography key - values will not be stored encrypted.
[2025-06-07T13:28:54.681+0000] {processor.py:925} INFO - DAG(s) 'Stock_prediction' retrieved from /opt/airflow/dags/Stock_pred.py
[2025-06-07T13:28:54.693+0000] {logging_mixin.py:190} INFO - [2025-06-07T13:28:54.692+0000] {dag.py:3239} INFO - Sync 1 DAGs
[2025-06-07T13:28:54.701+0000] {logging_mixin.py:190} INFO - [2025-06-07T13:28:54.701+0000] {dag.py:4180} INFO - Setting next_dagrun for Stock_prediction to 2025-06-05 13:30:00+00:00, run_after=2025-06-06 13:30:00+00:00
[2025-06-07T13:28:54.708+0000] {processor.py:208} INFO - Processing /opt/airflow/dags/Stock_pred.py took 2.346 seconds
[2025-06-07T13:29:24.945+0000] {processor.py:186} INFO - Started process (PID=126) to work on /opt/airflow/dags/Stock_pred.py
[2025-06-07T13:29:24.947+0000] {processor.py:914} INFO - Processing file /opt/airflow/dags/Stock_pred.py for tasks to queue
[2025-06-07T13:29:24.949+0000] {logging_mixin.py:190} INFO - [2025-06-07T13:29:24.949+0000] {dagbag.py:588} INFO - Filling up the DagBag from /opt/airflow/dags/Stock_pred.py
[2025-06-07T13:29:27.444+0000] {logging_mixin.py:190} INFO - [2025-06-07T13:29:27.443+0000] {crypto.py:82} WARNING - empty cryptography key - values will not be stored encrypted.
[2025-06-07T13:29:27.447+0000] {processor.py:925} INFO - DAG(s) 'Stock_prediction' retrieved from /opt/airflow/dags/Stock_pred.py
[2025-06-07T13:29:27.466+0000] {logging_mixin.py:190} INFO - [2025-06-07T13:29:27.466+0000] {dag.py:3239} INFO - Sync 1 DAGs
[2025-06-07T13:29:27.478+0000] {logging_mixin.py:190} INFO - [2025-06-07T13:29:27.478+0000] {dag.py:4180} INFO - Setting next_dagrun for Stock_prediction to 2025-06-05 13:30:00+00:00, run_after=2025-06-06 13:30:00+00:00
[2025-06-07T13:29:27.488+0000] {processor.py:208} INFO - Processing /opt/airflow/dags/Stock_pred.py took 2.547 seconds
[2025-06-07T13:29:57.753+0000] {processor.py:186} INFO - Started process (PID=142) to work on /opt/airflow/dags/Stock_pred.py
[2025-06-07T13:29:57.753+0000] {processor.py:914} INFO - Processing file /opt/airflow/dags/Stock_pred.py for tasks to queue
[2025-06-07T13:29:57.755+0000] {logging_mixin.py:190} INFO - [2025-06-07T13:29:57.754+0000] {dagbag.py:588} INFO - Filling up the DagBag from /opt/airflow/dags/Stock_pred.py
[2025-06-07T13:30:00.168+0000] {logging_mixin.py:190} INFO - [2025-06-07T13:30:00.168+0000] {crypto.py:82} WARNING - empty cryptography key - values will not be stored encrypted.
[2025-06-07T13:30:00.172+0000] {processor.py:925} INFO - DAG(s) 'Stock_prediction' retrieved from /opt/airflow/dags/Stock_pred.py
[2025-06-07T13:30:00.188+0000] {logging_mixin.py:190} INFO - [2025-06-07T13:30:00.188+0000] {dag.py:3239} INFO - Sync 1 DAGs
[2025-06-07T13:30:00.208+0000] {logging_mixin.py:190} INFO - [2025-06-07T13:30:00.208+0000] {dag.py:4180} INFO - Setting next_dagrun for Stock_prediction to 2025-06-05 13:30:00+00:00, run_after=2025-06-06 13:30:00+00:00
[2025-06-07T13:30:00.220+0000] {processor.py:208} INFO - Processing /opt/airflow/dags/Stock_pred.py took 2.472 seconds
[2025-06-07T13:30:30.443+0000] {processor.py:186} INFO - Started process (PID=158) to work on /opt/airflow/dags/Stock_pred.py
[2025-06-07T13:30:30.445+0000] {processor.py:914} INFO - Processing file /opt/airflow/dags/Stock_pred.py for tasks to queue
[2025-06-07T13:30:30.446+0000] {logging_mixin.py:190} INFO - [2025-06-07T13:30:30.446+0000] {dagbag.py:588} INFO - Filling up the DagBag from /opt/airflow/dags/Stock_pred.py
[2025-06-07T13:30:32.873+0000] {logging_mixin.py:190} INFO - [2025-06-07T13:30:32.873+0000] {crypto.py:82} WARNING - empty cryptography key - values will not be stored encrypted.
[2025-06-07T13:30:32.876+0000] {processor.py:925} INFO - DAG(s) 'Stock_prediction' retrieved from /opt/airflow/dags/Stock_pred.py
[2025-06-07T13:30:32.888+0000] {logging_mixin.py:190} INFO - [2025-06-07T13:30:32.888+0000] {dag.py:3239} INFO - Sync 1 DAGs
[2025-06-07T13:30:32.898+0000] {logging_mixin.py:190} INFO - [2025-06-07T13:30:32.898+0000] {dag.py:4180} INFO - Setting next_dagrun for Stock_prediction to 2025-06-05 13:30:00+00:00, run_after=2025-06-06 13:30:00+00:00
[2025-06-07T13:30:32.908+0000] {processor.py:208} INFO - Processing /opt/airflow/dags/Stock_pred.py took 2.469 seconds
[2025-06-07T13:31:03.209+0000] {processor.py:186} INFO - Started process (PID=174) to work on /opt/airflow/dags/Stock_pred.py
[2025-06-07T13:31:03.209+0000] {processor.py:914} INFO - Processing file /opt/airflow/dags/Stock_pred.py for tasks to queue
[2025-06-07T13:31:03.211+0000] {logging_mixin.py:190} INFO - [2025-06-07T13:31:03.211+0000] {dagbag.py:588} INFO - Filling up the DagBag from /opt/airflow/dags/Stock_pred.py
[2025-06-07T13:31:05.417+0000] {logging_mixin.py:190} INFO - [2025-06-07T13:31:05.417+0000] {crypto.py:82} WARNING - empty cryptography key - values will not be stored encrypted.
[2025-06-07T13:31:05.422+0000] {processor.py:925} INFO - DAG(s) 'Stock_prediction' retrieved from /opt/airflow/dags/Stock_pred.py
[2025-06-07T13:31:05.436+0000] {logging_mixin.py:190} INFO - [2025-06-07T13:31:05.436+0000] {dag.py:3239} INFO - Sync 1 DAGs
[2025-06-07T13:31:05.446+0000] {logging_mixin.py:190} INFO - [2025-06-07T13:31:05.446+0000] {dag.py:4180} INFO - Setting next_dagrun for Stock_prediction to 2025-06-05 13:30:00+00:00, run_after=2025-06-06 13:30:00+00:00
[2025-06-07T13:31:05.454+0000] {processor.py:208} INFO - Processing /opt/airflow/dags/Stock_pred.py took 2.249 seconds
[2025-06-07T13:31:35.750+0000] {processor.py:186} INFO - Started process (PID=190) to work on /opt/airflow/dags/Stock_pred.py
[2025-06-07T13:31:35.751+0000] {processor.py:914} INFO - Processing file /opt/airflow/dags/Stock_pred.py for tasks to queue
[2025-06-07T13:31:35.753+0000] {logging_mixin.py:190} INFO - [2025-06-07T13:31:35.753+0000] {dagbag.py:588} INFO - Filling up the DagBag from /opt/airflow/dags/Stock_pred.py
[2025-06-07T13:31:38.088+0000] {logging_mixin.py:190} INFO - [2025-06-07T13:31:38.088+0000] {crypto.py:82} WARNING - empty cryptography key - values will not be stored encrypted.
[2025-06-07T13:31:38.091+0000] {processor.py:925} INFO - DAG(s) 'Stock_prediction' retrieved from /opt/airflow/dags/Stock_pred.py
[2025-06-07T13:31:38.106+0000] {logging_mixin.py:190} INFO - [2025-06-07T13:31:38.106+0000] {dag.py:3239} INFO - Sync 1 DAGs
[2025-06-07T13:31:38.116+0000] {logging_mixin.py:190} INFO - [2025-06-07T13:31:38.116+0000] {dag.py:4180} INFO - Setting next_dagrun for Stock_prediction to 2025-06-05 13:30:00+00:00, run_after=2025-06-06 13:30:00+00:00
[2025-06-07T13:31:38.128+0000] {processor.py:208} INFO - Processing /opt/airflow/dags/Stock_pred.py took 2.382 seconds
[2025-06-07T13:32:08.381+0000] {processor.py:186} INFO - Started process (PID=206) to work on /opt/airflow/dags/Stock_pred.py
[2025-06-07T13:32:08.383+0000] {processor.py:914} INFO - Processing file /opt/airflow/dags/Stock_pred.py for tasks to queue
[2025-06-07T13:32:08.384+0000] {logging_mixin.py:190} INFO - [2025-06-07T13:32:08.383+0000] {dagbag.py:588} INFO - Filling up the DagBag from /opt/airflow/dags/Stock_pred.py
[2025-06-07T13:32:11.050+0000] {logging_mixin.py:190} INFO - [2025-06-07T13:32:11.050+0000] {crypto.py:82} WARNING - empty cryptography key - values will not be stored encrypted.
[2025-06-07T13:32:11.055+0000] {processor.py:925} INFO - DAG(s) 'Stock_prediction' retrieved from /opt/airflow/dags/Stock_pred.py
[2025-06-07T13:32:11.067+0000] {logging_mixin.py:190} INFO - [2025-06-07T13:32:11.066+0000] {dag.py:3239} INFO - Sync 1 DAGs
[2025-06-07T13:32:11.078+0000] {logging_mixin.py:190} INFO - [2025-06-07T13:32:11.077+0000] {dag.py:4180} INFO - Setting next_dagrun for Stock_prediction to 2025-06-05 13:30:00+00:00, run_after=2025-06-06 13:30:00+00:00
[2025-06-07T13:32:11.086+0000] {processor.py:208} INFO - Processing /opt/airflow/dags/Stock_pred.py took 2.709 seconds
[2025-06-07T13:33:10.768+0000] {processor.py:186} INFO - Started process (PID=60) to work on /opt/airflow/dags/Stock_pred.py
[2025-06-07T13:33:10.771+0000] {processor.py:914} INFO - Processing file /opt/airflow/dags/Stock_pred.py for tasks to queue
[2025-06-07T13:33:10.776+0000] {logging_mixin.py:190} INFO - [2025-06-07T13:33:10.776+0000] {dagbag.py:588} INFO - Filling up the DagBag from /opt/airflow/dags/Stock_pred.py
[2025-06-07T13:33:14.996+0000] {logging_mixin.py:190} INFO - [2025-06-07T13:33:14.996+0000] {crypto.py:82} WARNING - empty cryptography key - values will not be stored encrypted.
[2025-06-07T13:33:14.999+0000] {processor.py:925} INFO - DAG(s) 'Stock_prediction' retrieved from /opt/airflow/dags/Stock_pred.py
[2025-06-07T13:33:15.013+0000] {logging_mixin.py:190} INFO - [2025-06-07T13:33:15.013+0000] {dag.py:3239} INFO - Sync 1 DAGs
[2025-06-07T13:33:15.027+0000] {logging_mixin.py:190} INFO - [2025-06-07T13:33:15.027+0000] {dag.py:4180} INFO - Setting next_dagrun for Stock_prediction to 2025-06-05 13:30:00+00:00, run_after=2025-06-06 13:30:00+00:00
[2025-06-07T13:33:15.044+0000] {processor.py:208} INFO - Processing /opt/airflow/dags/Stock_pred.py took 4.284 seconds
[2025-06-07T13:33:45.338+0000] {processor.py:186} INFO - Started process (PID=82) to work on /opt/airflow/dags/Stock_pred.py
[2025-06-07T13:33:45.339+0000] {processor.py:914} INFO - Processing file /opt/airflow/dags/Stock_pred.py for tasks to queue
[2025-06-07T13:33:45.343+0000] {logging_mixin.py:190} INFO - [2025-06-07T13:33:45.343+0000] {dagbag.py:588} INFO - Filling up the DagBag from /opt/airflow/dags/Stock_pred.py
[2025-06-07T13:33:47.748+0000] {logging_mixin.py:190} INFO - [2025-06-07T13:33:47.748+0000] {crypto.py:82} WARNING - empty cryptography key - values will not be stored encrypted.
[2025-06-07T13:33:47.754+0000] {processor.py:925} INFO - DAG(s) 'Stock_prediction' retrieved from /opt/airflow/dags/Stock_pred.py
[2025-06-07T13:33:47.769+0000] {logging_mixin.py:190} INFO - [2025-06-07T13:33:47.769+0000] {dag.py:3239} INFO - Sync 1 DAGs
[2025-06-07T13:33:47.782+0000] {logging_mixin.py:190} INFO - [2025-06-07T13:33:47.782+0000] {dag.py:4180} INFO - Setting next_dagrun for Stock_prediction to 2025-06-05 13:30:00+00:00, run_after=2025-06-06 13:30:00+00:00
[2025-06-07T13:33:47.788+0000] {processor.py:208} INFO - Processing /opt/airflow/dags/Stock_pred.py took 2.455 seconds
[2025-06-07T13:34:18.091+0000] {processor.py:186} INFO - Started process (PID=98) to work on /opt/airflow/dags/Stock_pred.py
[2025-06-07T13:34:18.092+0000] {processor.py:914} INFO - Processing file /opt/airflow/dags/Stock_pred.py for tasks to queue
[2025-06-07T13:34:18.094+0000] {logging_mixin.py:190} INFO - [2025-06-07T13:34:18.094+0000] {dagbag.py:588} INFO - Filling up the DagBag from /opt/airflow/dags/Stock_pred.py
[2025-06-07T13:34:20.476+0000] {logging_mixin.py:190} INFO - [2025-06-07T13:34:20.476+0000] {crypto.py:82} WARNING - empty cryptography key - values will not be stored encrypted.
[2025-06-07T13:34:20.479+0000] {processor.py:925} INFO - DAG(s) 'Stock_prediction' retrieved from /opt/airflow/dags/Stock_pred.py
[2025-06-07T13:34:20.492+0000] {logging_mixin.py:190} INFO - [2025-06-07T13:34:20.492+0000] {dag.py:3239} INFO - Sync 1 DAGs
[2025-06-07T13:34:20.504+0000] {logging_mixin.py:190} INFO - [2025-06-07T13:34:20.504+0000] {dag.py:4180} INFO - Setting next_dagrun for Stock_prediction to 2025-06-05 13:30:00+00:00, run_after=2025-06-06 13:30:00+00:00
[2025-06-07T13:34:20.513+0000] {processor.py:208} INFO - Processing /opt/airflow/dags/Stock_pred.py took 2.426 seconds
[2025-06-07T13:34:50.762+0000] {processor.py:186} INFO - Started process (PID=113) to work on /opt/airflow/dags/Stock_pred.py
[2025-06-07T13:34:50.762+0000] {processor.py:914} INFO - Processing file /opt/airflow/dags/Stock_pred.py for tasks to queue
[2025-06-07T13:34:50.764+0000] {logging_mixin.py:190} INFO - [2025-06-07T13:34:50.763+0000] {dagbag.py:588} INFO - Filling up the DagBag from /opt/airflow/dags/Stock_pred.py
[2025-06-07T13:34:53.417+0000] {logging_mixin.py:190} INFO - [2025-06-07T13:34:53.417+0000] {crypto.py:82} WARNING - empty cryptography key - values will not be stored encrypted.
[2025-06-07T13:34:53.421+0000] {processor.py:925} INFO - DAG(s) 'Stock_prediction' retrieved from /opt/airflow/dags/Stock_pred.py
[2025-06-07T13:34:53.445+0000] {logging_mixin.py:190} INFO - [2025-06-07T13:34:53.444+0000] {dag.py:3239} INFO - Sync 1 DAGs
[2025-06-07T13:34:53.477+0000] {logging_mixin.py:190} INFO - [2025-06-07T13:34:53.477+0000] {dag.py:4180} INFO - Setting next_dagrun for Stock_prediction to 2025-06-05 13:30:00+00:00, run_after=2025-06-06 13:30:00+00:00
[2025-06-07T13:34:53.494+0000] {processor.py:208} INFO - Processing /opt/airflow/dags/Stock_pred.py took 2.735 seconds
[2025-06-07T13:35:23.921+0000] {processor.py:186} INFO - Started process (PID=128) to work on /opt/airflow/dags/Stock_pred.py
[2025-06-07T13:35:23.922+0000] {processor.py:914} INFO - Processing file /opt/airflow/dags/Stock_pred.py for tasks to queue
[2025-06-07T13:35:23.923+0000] {logging_mixin.py:190} INFO - [2025-06-07T13:35:23.923+0000] {dagbag.py:588} INFO - Filling up the DagBag from /opt/airflow/dags/Stock_pred.py
[2025-06-07T13:35:27.145+0000] {logging_mixin.py:190} INFO - [2025-06-07T13:35:27.145+0000] {crypto.py:82} WARNING - empty cryptography key - values will not be stored encrypted.
[2025-06-07T13:35:27.149+0000] {processor.py:925} INFO - DAG(s) 'Stock_prediction' retrieved from /opt/airflow/dags/Stock_pred.py
[2025-06-07T13:35:27.173+0000] {logging_mixin.py:190} INFO - [2025-06-07T13:35:27.173+0000] {dag.py:3239} INFO - Sync 1 DAGs
[2025-06-07T13:35:27.185+0000] {logging_mixin.py:190} INFO - [2025-06-07T13:35:27.185+0000] {dag.py:4180} INFO - Setting next_dagrun for Stock_prediction to 2025-06-05 13:30:00+00:00, run_after=2025-06-06 13:30:00+00:00
[2025-06-07T13:35:27.194+0000] {processor.py:208} INFO - Processing /opt/airflow/dags/Stock_pred.py took 3.275 seconds
[2025-06-07T13:35:57.472+0000] {processor.py:186} INFO - Started process (PID=144) to work on /opt/airflow/dags/Stock_pred.py
[2025-06-07T13:35:57.474+0000] {processor.py:914} INFO - Processing file /opt/airflow/dags/Stock_pred.py for tasks to queue
[2025-06-07T13:35:57.475+0000] {logging_mixin.py:190} INFO - [2025-06-07T13:35:57.475+0000] {dagbag.py:588} INFO - Filling up the DagBag from /opt/airflow/dags/Stock_pred.py
[2025-06-07T13:36:00.363+0000] {logging_mixin.py:190} INFO - [2025-06-07T13:36:00.362+0000] {crypto.py:82} WARNING - empty cryptography key - values will not be stored encrypted.
[2025-06-07T13:36:00.365+0000] {processor.py:925} INFO - DAG(s) 'Stock_prediction' retrieved from /opt/airflow/dags/Stock_pred.py
[2025-06-07T13:36:00.387+0000] {logging_mixin.py:190} INFO - [2025-06-07T13:36:00.387+0000] {dag.py:3239} INFO - Sync 1 DAGs
[2025-06-07T13:36:00.402+0000] {logging_mixin.py:190} INFO - [2025-06-07T13:36:00.402+0000] {dag.py:4180} INFO - Setting next_dagrun for Stock_prediction to 2025-06-05 13:30:00+00:00, run_after=2025-06-06 13:30:00+00:00
[2025-06-07T13:36:00.410+0000] {processor.py:208} INFO - Processing /opt/airflow/dags/Stock_pred.py took 2.941 seconds
[2025-06-07T13:36:30.497+0000] {processor.py:186} INFO - Started process (PID=160) to work on /opt/airflow/dags/Stock_pred.py
[2025-06-07T13:36:30.498+0000] {processor.py:914} INFO - Processing file /opt/airflow/dags/Stock_pred.py for tasks to queue
[2025-06-07T13:36:30.500+0000] {logging_mixin.py:190} INFO - [2025-06-07T13:36:30.500+0000] {dagbag.py:588} INFO - Filling up the DagBag from /opt/airflow/dags/Stock_pred.py
[2025-06-07T13:36:32.939+0000] {logging_mixin.py:190} INFO - [2025-06-07T13:36:32.939+0000] {crypto.py:82} WARNING - empty cryptography key - values will not be stored encrypted.
[2025-06-07T13:36:32.942+0000] {processor.py:925} INFO - DAG(s) 'Stock_prediction' retrieved from /opt/airflow/dags/Stock_pred.py
[2025-06-07T13:36:32.958+0000] {logging_mixin.py:190} INFO - [2025-06-07T13:36:32.958+0000] {dag.py:3239} INFO - Sync 1 DAGs
[2025-06-07T13:36:32.972+0000] {logging_mixin.py:190} INFO - [2025-06-07T13:36:32.972+0000] {dag.py:4180} INFO - Setting next_dagrun for Stock_prediction to 2025-06-05 13:30:00+00:00, run_after=2025-06-06 13:30:00+00:00
[2025-06-07T13:36:32.984+0000] {processor.py:208} INFO - Processing /opt/airflow/dags/Stock_pred.py took 2.490 seconds
[2025-06-07T13:37:03.264+0000] {processor.py:186} INFO - Started process (PID=176) to work on /opt/airflow/dags/Stock_pred.py
[2025-06-07T13:37:03.265+0000] {processor.py:914} INFO - Processing file /opt/airflow/dags/Stock_pred.py for tasks to queue
[2025-06-07T13:37:03.267+0000] {logging_mixin.py:190} INFO - [2025-06-07T13:37:03.267+0000] {dagbag.py:588} INFO - Filling up the DagBag from /opt/airflow/dags/Stock_pred.py
[2025-06-07T13:37:05.768+0000] {logging_mixin.py:190} INFO - [2025-06-07T13:37:05.767+0000] {crypto.py:82} WARNING - empty cryptography key - values will not be stored encrypted.
[2025-06-07T13:37:05.771+0000] {processor.py:925} INFO - DAG(s) 'Stock_prediction' retrieved from /opt/airflow/dags/Stock_pred.py
[2025-06-07T13:37:05.789+0000] {logging_mixin.py:190} INFO - [2025-06-07T13:37:05.789+0000] {dag.py:3239} INFO - Sync 1 DAGs
[2025-06-07T13:37:05.803+0000] {logging_mixin.py:190} INFO - [2025-06-07T13:37:05.803+0000] {dag.py:4180} INFO - Setting next_dagrun for Stock_prediction to 2025-06-05 13:30:00+00:00, run_after=2025-06-06 13:30:00+00:00
[2025-06-07T13:37:05.813+0000] {processor.py:208} INFO - Processing /opt/airflow/dags/Stock_pred.py took 2.553 seconds
[2025-06-07T13:37:36.118+0000] {processor.py:186} INFO - Started process (PID=192) to work on /opt/airflow/dags/Stock_pred.py
[2025-06-07T13:37:36.119+0000] {processor.py:914} INFO - Processing file /opt/airflow/dags/Stock_pred.py for tasks to queue
[2025-06-07T13:37:36.120+0000] {logging_mixin.py:190} INFO - [2025-06-07T13:37:36.120+0000] {dagbag.py:588} INFO - Filling up the DagBag from /opt/airflow/dags/Stock_pred.py
[2025-06-07T13:37:38.443+0000] {logging_mixin.py:190} INFO - [2025-06-07T13:37:38.443+0000] {crypto.py:82} WARNING - empty cryptography key - values will not be stored encrypted.
[2025-06-07T13:37:38.446+0000] {processor.py:925} INFO - DAG(s) 'Stock_prediction' retrieved from /opt/airflow/dags/Stock_pred.py
[2025-06-07T13:37:38.459+0000] {logging_mixin.py:190} INFO - [2025-06-07T13:37:38.458+0000] {dag.py:3239} INFO - Sync 1 DAGs
[2025-06-07T13:37:38.469+0000] {logging_mixin.py:190} INFO - [2025-06-07T13:37:38.469+0000] {dag.py:4180} INFO - Setting next_dagrun for Stock_prediction to 2025-06-05 13:30:00+00:00, run_after=2025-06-06 13:30:00+00:00
[2025-06-07T13:37:38.478+0000] {processor.py:208} INFO - Processing /opt/airflow/dags/Stock_pred.py took 2.364 seconds
[2025-06-07T13:38:08.733+0000] {processor.py:186} INFO - Started process (PID=208) to work on /opt/airflow/dags/Stock_pred.py
[2025-06-07T13:38:08.734+0000] {processor.py:914} INFO - Processing file /opt/airflow/dags/Stock_pred.py for tasks to queue
[2025-06-07T13:38:08.739+0000] {logging_mixin.py:190} INFO - [2025-06-07T13:38:08.738+0000] {dagbag.py:588} INFO - Filling up the DagBag from /opt/airflow/dags/Stock_pred.py
[2025-06-07T13:38:11.182+0000] {logging_mixin.py:190} INFO - [2025-06-07T13:38:11.182+0000] {crypto.py:82} WARNING - empty cryptography key - values will not be stored encrypted.
[2025-06-07T13:38:11.186+0000] {processor.py:925} INFO - DAG(s) 'Stock_prediction' retrieved from /opt/airflow/dags/Stock_pred.py
[2025-06-07T13:38:11.203+0000] {logging_mixin.py:190} INFO - [2025-06-07T13:38:11.203+0000] {dag.py:3239} INFO - Sync 1 DAGs
[2025-06-07T13:38:11.214+0000] {logging_mixin.py:190} INFO - [2025-06-07T13:38:11.214+0000] {dag.py:4180} INFO - Setting next_dagrun for Stock_prediction to 2025-06-05 13:30:00+00:00, run_after=2025-06-06 13:30:00+00:00
[2025-06-07T13:38:11.222+0000] {processor.py:208} INFO - Processing /opt/airflow/dags/Stock_pred.py took 2.494 seconds
[2025-06-07T13:38:41.535+0000] {processor.py:186} INFO - Started process (PID=224) to work on /opt/airflow/dags/Stock_pred.py
[2025-06-07T13:38:41.536+0000] {processor.py:914} INFO - Processing file /opt/airflow/dags/Stock_pred.py for tasks to queue
[2025-06-07T13:38:41.538+0000] {logging_mixin.py:190} INFO - [2025-06-07T13:38:41.538+0000] {dagbag.py:588} INFO - Filling up the DagBag from /opt/airflow/dags/Stock_pred.py
[2025-06-07T13:38:43.861+0000] {logging_mixin.py:190} INFO - [2025-06-07T13:38:43.861+0000] {crypto.py:82} WARNING - empty cryptography key - values will not be stored encrypted.
[2025-06-07T13:38:43.866+0000] {processor.py:925} INFO - DAG(s) 'Stock_prediction' retrieved from /opt/airflow/dags/Stock_pred.py
[2025-06-07T13:38:43.880+0000] {logging_mixin.py:190} INFO - [2025-06-07T13:38:43.880+0000] {dag.py:3239} INFO - Sync 1 DAGs
[2025-06-07T13:38:43.889+0000] {logging_mixin.py:190} INFO - [2025-06-07T13:38:43.889+0000] {dag.py:4180} INFO - Setting next_dagrun for Stock_prediction to 2025-06-05 13:30:00+00:00, run_after=2025-06-06 13:30:00+00:00
[2025-06-07T13:38:43.897+0000] {processor.py:208} INFO - Processing /opt/airflow/dags/Stock_pred.py took 2.367 seconds
[2025-06-07T13:39:14.167+0000] {processor.py:186} INFO - Started process (PID=246) to work on /opt/airflow/dags/Stock_pred.py
[2025-06-07T13:39:14.169+0000] {processor.py:914} INFO - Processing file /opt/airflow/dags/Stock_pred.py for tasks to queue
[2025-06-07T13:39:14.172+0000] {logging_mixin.py:190} INFO - [2025-06-07T13:39:14.171+0000] {dagbag.py:588} INFO - Filling up the DagBag from /opt/airflow/dags/Stock_pred.py
[2025-06-07T13:39:16.513+0000] {logging_mixin.py:190} INFO - [2025-06-07T13:39:16.513+0000] {crypto.py:82} WARNING - empty cryptography key - values will not be stored encrypted.
[2025-06-07T13:39:16.517+0000] {processor.py:925} INFO - DAG(s) 'Stock_prediction' retrieved from /opt/airflow/dags/Stock_pred.py
[2025-06-07T13:39:16.533+0000] {logging_mixin.py:190} INFO - [2025-06-07T13:39:16.532+0000] {dag.py:3239} INFO - Sync 1 DAGs
[2025-06-07T13:39:16.544+0000] {logging_mixin.py:190} INFO - [2025-06-07T13:39:16.544+0000] {dag.py:4180} INFO - Setting next_dagrun for Stock_prediction to 2025-06-05 13:30:00+00:00, run_after=2025-06-06 13:30:00+00:00
[2025-06-07T13:39:16.554+0000] {processor.py:208} INFO - Processing /opt/airflow/dags/Stock_pred.py took 2.391 seconds
[2025-06-07T13:39:46.817+0000] {processor.py:186} INFO - Started process (PID=262) to work on /opt/airflow/dags/Stock_pred.py
[2025-06-07T13:39:46.819+0000] {processor.py:914} INFO - Processing file /opt/airflow/dags/Stock_pred.py for tasks to queue
[2025-06-07T13:39:46.824+0000] {logging_mixin.py:190} INFO - [2025-06-07T13:39:46.823+0000] {dagbag.py:588} INFO - Filling up the DagBag from /opt/airflow/dags/Stock_pred.py
[2025-06-07T13:39:49.391+0000] {logging_mixin.py:190} INFO - [2025-06-07T13:39:49.391+0000] {crypto.py:82} WARNING - empty cryptography key - values will not be stored encrypted.
[2025-06-07T13:39:49.396+0000] {processor.py:925} INFO - DAG(s) 'Stock_prediction' retrieved from /opt/airflow/dags/Stock_pred.py
[2025-06-07T13:39:49.411+0000] {logging_mixin.py:190} INFO - [2025-06-07T13:39:49.410+0000] {dag.py:3239} INFO - Sync 1 DAGs
[2025-06-07T13:39:49.424+0000] {logging_mixin.py:190} INFO - [2025-06-07T13:39:49.424+0000] {dag.py:4180} INFO - Setting next_dagrun for Stock_prediction to 2025-06-05 13:30:00+00:00, run_after=2025-06-06 13:30:00+00:00
[2025-06-07T13:39:49.433+0000] {processor.py:208} INFO - Processing /opt/airflow/dags/Stock_pred.py took 2.619 seconds
[2025-06-07T13:40:19.764+0000] {processor.py:186} INFO - Started process (PID=277) to work on /opt/airflow/dags/Stock_pred.py
[2025-06-07T13:40:19.766+0000] {processor.py:914} INFO - Processing file /opt/airflow/dags/Stock_pred.py for tasks to queue
[2025-06-07T13:40:19.769+0000] {logging_mixin.py:190} INFO - [2025-06-07T13:40:19.768+0000] {dagbag.py:588} INFO - Filling up the DagBag from /opt/airflow/dags/Stock_pred.py
[2025-06-07T13:40:22.088+0000] {logging_mixin.py:190} INFO - [2025-06-07T13:40:22.088+0000] {crypto.py:82} WARNING - empty cryptography key - values will not be stored encrypted.
[2025-06-07T13:40:22.096+0000] {processor.py:925} INFO - DAG(s) 'Stock_prediction' retrieved from /opt/airflow/dags/Stock_pred.py
[2025-06-07T13:40:22.110+0000] {logging_mixin.py:190} INFO - [2025-06-07T13:40:22.110+0000] {dag.py:3239} INFO - Sync 1 DAGs
[2025-06-07T13:40:22.122+0000] {logging_mixin.py:190} INFO - [2025-06-07T13:40:22.122+0000] {dag.py:4180} INFO - Setting next_dagrun for Stock_prediction to 2025-06-05 13:30:00+00:00, run_after=2025-06-06 13:30:00+00:00
[2025-06-07T13:40:22.133+0000] {processor.py:208} INFO - Processing /opt/airflow/dags/Stock_pred.py took 2.373 seconds
[2025-06-07T13:40:52.426+0000] {processor.py:186} INFO - Started process (PID=293) to work on /opt/airflow/dags/Stock_pred.py
[2025-06-07T13:40:52.428+0000] {processor.py:914} INFO - Processing file /opt/airflow/dags/Stock_pred.py for tasks to queue
[2025-06-07T13:40:52.431+0000] {logging_mixin.py:190} INFO - [2025-06-07T13:40:52.431+0000] {dagbag.py:588} INFO - Filling up the DagBag from /opt/airflow/dags/Stock_pred.py
[2025-06-07T13:40:54.890+0000] {logging_mixin.py:190} INFO - [2025-06-07T13:40:54.890+0000] {crypto.py:82} WARNING - empty cryptography key - values will not be stored encrypted.
[2025-06-07T13:40:54.893+0000] {processor.py:925} INFO - DAG(s) 'Stock_prediction' retrieved from /opt/airflow/dags/Stock_pred.py
[2025-06-07T13:40:54.908+0000] {logging_mixin.py:190} INFO - [2025-06-07T13:40:54.908+0000] {dag.py:3239} INFO - Sync 1 DAGs
[2025-06-07T13:40:54.918+0000] {logging_mixin.py:190} INFO - [2025-06-07T13:40:54.918+0000] {dag.py:4180} INFO - Setting next_dagrun for Stock_prediction to 2025-06-05 13:30:00+00:00, run_after=2025-06-06 13:30:00+00:00
[2025-06-07T13:40:54.925+0000] {processor.py:208} INFO - Processing /opt/airflow/dags/Stock_pred.py took 2.506 seconds
[2025-06-07T13:41:25.251+0000] {processor.py:186} INFO - Started process (PID=309) to work on /opt/airflow/dags/Stock_pred.py
[2025-06-07T13:41:25.252+0000] {processor.py:914} INFO - Processing file /opt/airflow/dags/Stock_pred.py for tasks to queue
[2025-06-07T13:41:25.255+0000] {logging_mixin.py:190} INFO - [2025-06-07T13:41:25.254+0000] {dagbag.py:588} INFO - Filling up the DagBag from /opt/airflow/dags/Stock_pred.py
[2025-06-07T13:41:27.864+0000] {logging_mixin.py:190} INFO - [2025-06-07T13:41:27.864+0000] {crypto.py:82} WARNING - empty cryptography key - values will not be stored encrypted.
[2025-06-07T13:41:27.868+0000] {processor.py:925} INFO - DAG(s) 'Stock_prediction' retrieved from /opt/airflow/dags/Stock_pred.py
[2025-06-07T13:41:27.884+0000] {logging_mixin.py:190} INFO - [2025-06-07T13:41:27.883+0000] {dag.py:3239} INFO - Sync 1 DAGs
[2025-06-07T13:41:27.895+0000] {logging_mixin.py:190} INFO - [2025-06-07T13:41:27.895+0000] {dag.py:4180} INFO - Setting next_dagrun for Stock_prediction to 2025-06-05 13:30:00+00:00, run_after=2025-06-06 13:30:00+00:00
[2025-06-07T13:41:27.904+0000] {processor.py:208} INFO - Processing /opt/airflow/dags/Stock_pred.py took 2.660 seconds
[2025-06-07T13:41:58.195+0000] {processor.py:186} INFO - Started process (PID=325) to work on /opt/airflow/dags/Stock_pred.py
[2025-06-07T13:41:58.197+0000] {processor.py:914} INFO - Processing file /opt/airflow/dags/Stock_pred.py for tasks to queue
[2025-06-07T13:41:58.198+0000] {logging_mixin.py:190} INFO - [2025-06-07T13:41:58.198+0000] {dagbag.py:588} INFO - Filling up the DagBag from /opt/airflow/dags/Stock_pred.py
[2025-06-07T13:42:00.569+0000] {logging_mixin.py:190} INFO - [2025-06-07T13:42:00.569+0000] {crypto.py:82} WARNING - empty cryptography key - values will not be stored encrypted.
[2025-06-07T13:42:00.573+0000] {processor.py:925} INFO - DAG(s) 'Stock_prediction' retrieved from /opt/airflow/dags/Stock_pred.py
[2025-06-07T13:42:00.586+0000] {logging_mixin.py:190} INFO - [2025-06-07T13:42:00.586+0000] {dag.py:3239} INFO - Sync 1 DAGs
[2025-06-07T13:42:00.596+0000] {logging_mixin.py:190} INFO - [2025-06-07T13:42:00.596+0000] {dag.py:4180} INFO - Setting next_dagrun for Stock_prediction to 2025-06-05 13:30:00+00:00, run_after=2025-06-06 13:30:00+00:00
[2025-06-07T13:42:00.604+0000] {processor.py:208} INFO - Processing /opt/airflow/dags/Stock_pred.py took 2.413 seconds
[2025-06-07T13:42:30.838+0000] {processor.py:186} INFO - Started process (PID=341) to work on /opt/airflow/dags/Stock_pred.py
[2025-06-07T13:42:30.840+0000] {processor.py:914} INFO - Processing file /opt/airflow/dags/Stock_pred.py for tasks to queue
[2025-06-07T13:42:30.842+0000] {logging_mixin.py:190} INFO - [2025-06-07T13:42:30.841+0000] {dagbag.py:588} INFO - Filling up the DagBag from /opt/airflow/dags/Stock_pred.py
[2025-06-07T13:42:33.251+0000] {logging_mixin.py:190} INFO - [2025-06-07T13:42:33.251+0000] {crypto.py:82} WARNING - empty cryptography key - values will not be stored encrypted.
[2025-06-07T13:42:33.255+0000] {processor.py:925} INFO - DAG(s) 'Stock_prediction' retrieved from /opt/airflow/dags/Stock_pred.py
[2025-06-07T13:42:33.270+0000] {logging_mixin.py:190} INFO - [2025-06-07T13:42:33.269+0000] {dag.py:3239} INFO - Sync 1 DAGs
[2025-06-07T13:42:33.282+0000] {logging_mixin.py:190} INFO - [2025-06-07T13:42:33.282+0000] {dag.py:4180} INFO - Setting next_dagrun for Stock_prediction to 2025-06-05 13:30:00+00:00, run_after=2025-06-06 13:30:00+00:00
[2025-06-07T13:42:33.291+0000] {processor.py:208} INFO - Processing /opt/airflow/dags/Stock_pred.py took 2.458 seconds
[2025-06-07T13:43:03.569+0000] {processor.py:186} INFO - Started process (PID=357) to work on /opt/airflow/dags/Stock_pred.py
[2025-06-07T13:43:03.571+0000] {processor.py:914} INFO - Processing file /opt/airflow/dags/Stock_pred.py for tasks to queue
[2025-06-07T13:43:03.572+0000] {logging_mixin.py:190} INFO - [2025-06-07T13:43:03.572+0000] {dagbag.py:588} INFO - Filling up the DagBag from /opt/airflow/dags/Stock_pred.py
[2025-06-07T13:43:06.212+0000] {logging_mixin.py:190} INFO - [2025-06-07T13:43:06.211+0000] {crypto.py:82} WARNING - empty cryptography key - values will not be stored encrypted.
[2025-06-07T13:43:06.217+0000] {processor.py:925} INFO - DAG(s) 'Stock_prediction' retrieved from /opt/airflow/dags/Stock_pred.py
[2025-06-07T13:43:06.235+0000] {logging_mixin.py:190} INFO - [2025-06-07T13:43:06.235+0000] {dag.py:3239} INFO - Sync 1 DAGs
[2025-06-07T13:43:06.247+0000] {logging_mixin.py:190} INFO - [2025-06-07T13:43:06.247+0000] {dag.py:4180} INFO - Setting next_dagrun for Stock_prediction to 2025-06-05 13:30:00+00:00, run_after=2025-06-06 13:30:00+00:00
[2025-06-07T13:43:06.259+0000] {processor.py:208} INFO - Processing /opt/airflow/dags/Stock_pred.py took 2.693 seconds
[2025-06-07T13:43:36.544+0000] {processor.py:186} INFO - Started process (PID=372) to work on /opt/airflow/dags/Stock_pred.py
[2025-06-07T13:43:36.550+0000] {processor.py:914} INFO - Processing file /opt/airflow/dags/Stock_pred.py for tasks to queue
[2025-06-07T13:43:36.554+0000] {logging_mixin.py:190} INFO - [2025-06-07T13:43:36.554+0000] {dagbag.py:588} INFO - Filling up the DagBag from /opt/airflow/dags/Stock_pred.py
[2025-06-07T13:43:39.000+0000] {logging_mixin.py:190} INFO - [2025-06-07T13:43:39.000+0000] {crypto.py:82} WARNING - empty cryptography key - values will not be stored encrypted.
[2025-06-07T13:43:39.003+0000] {processor.py:925} INFO - DAG(s) 'Stock_prediction' retrieved from /opt/airflow/dags/Stock_pred.py
[2025-06-07T13:43:39.019+0000] {logging_mixin.py:190} INFO - [2025-06-07T13:43:39.019+0000] {dag.py:3239} INFO - Sync 1 DAGs
[2025-06-07T13:43:39.027+0000] {logging_mixin.py:190} INFO - [2025-06-07T13:43:39.027+0000] {dag.py:4180} INFO - Setting next_dagrun for Stock_prediction to 2025-06-05 13:30:00+00:00, run_after=2025-06-06 13:30:00+00:00
[2025-06-07T13:43:39.038+0000] {processor.py:208} INFO - Processing /opt/airflow/dags/Stock_pred.py took 2.497 seconds
[2025-06-07T13:44:09.316+0000] {processor.py:186} INFO - Started process (PID=387) to work on /opt/airflow/dags/Stock_pred.py
[2025-06-07T13:44:09.317+0000] {processor.py:914} INFO - Processing file /opt/airflow/dags/Stock_pred.py for tasks to queue
[2025-06-07T13:44:09.319+0000] {logging_mixin.py:190} INFO - [2025-06-07T13:44:09.318+0000] {dagbag.py:588} INFO - Filling up the DagBag from /opt/airflow/dags/Stock_pred.py
[2025-06-07T13:44:11.647+0000] {logging_mixin.py:190} INFO - [2025-06-07T13:44:11.646+0000] {crypto.py:82} WARNING - empty cryptography key - values will not be stored encrypted.
[2025-06-07T13:44:11.651+0000] {processor.py:925} INFO - DAG(s) 'Stock_prediction' retrieved from /opt/airflow/dags/Stock_pred.py
[2025-06-07T13:44:11.663+0000] {logging_mixin.py:190} INFO - [2025-06-07T13:44:11.663+0000] {dag.py:3239} INFO - Sync 1 DAGs
[2025-06-07T13:44:11.674+0000] {logging_mixin.py:190} INFO - [2025-06-07T13:44:11.674+0000] {dag.py:4180} INFO - Setting next_dagrun for Stock_prediction to 2025-06-05 13:30:00+00:00, run_after=2025-06-06 13:30:00+00:00
[2025-06-07T13:44:11.684+0000] {processor.py:208} INFO - Processing /opt/airflow/dags/Stock_pred.py took 2.372 seconds
[2025-06-07T13:44:41.955+0000] {processor.py:186} INFO - Started process (PID=403) to work on /opt/airflow/dags/Stock_pred.py
[2025-06-07T13:44:41.957+0000] {processor.py:914} INFO - Processing file /opt/airflow/dags/Stock_pred.py for tasks to queue
[2025-06-07T13:44:41.958+0000] {logging_mixin.py:190} INFO - [2025-06-07T13:44:41.958+0000] {dagbag.py:588} INFO - Filling up the DagBag from /opt/airflow/dags/Stock_pred.py
[2025-06-07T13:44:44.300+0000] {logging_mixin.py:190} INFO - [2025-06-07T13:44:44.300+0000] {crypto.py:82} WARNING - empty cryptography key - values will not be stored encrypted.
[2025-06-07T13:44:44.303+0000] {processor.py:925} INFO - DAG(s) 'Stock_prediction' retrieved from /opt/airflow/dags/Stock_pred.py
[2025-06-07T13:44:44.315+0000] {logging_mixin.py:190} INFO - [2025-06-07T13:44:44.315+0000] {dag.py:3239} INFO - Sync 1 DAGs
[2025-06-07T13:44:44.325+0000] {logging_mixin.py:190} INFO - [2025-06-07T13:44:44.325+0000] {dag.py:4180} INFO - Setting next_dagrun for Stock_prediction to 2025-06-05 13:30:00+00:00, run_after=2025-06-06 13:30:00+00:00
[2025-06-07T13:44:44.336+0000] {processor.py:208} INFO - Processing /opt/airflow/dags/Stock_pred.py took 2.386 seconds
[2025-06-07T13:45:14.633+0000] {processor.py:186} INFO - Started process (PID=425) to work on /opt/airflow/dags/Stock_pred.py
[2025-06-07T13:45:14.634+0000] {processor.py:914} INFO - Processing file /opt/airflow/dags/Stock_pred.py for tasks to queue
[2025-06-07T13:45:14.637+0000] {logging_mixin.py:190} INFO - [2025-06-07T13:45:14.636+0000] {dagbag.py:588} INFO - Filling up the DagBag from /opt/airflow/dags/Stock_pred.py
[2025-06-07T13:45:17.088+0000] {logging_mixin.py:190} INFO - [2025-06-07T13:45:17.088+0000] {crypto.py:82} WARNING - empty cryptography key - values will not be stored encrypted.
[2025-06-07T13:45:17.091+0000] {processor.py:925} INFO - DAG(s) 'Stock_prediction' retrieved from /opt/airflow/dags/Stock_pred.py
[2025-06-07T13:45:17.105+0000] {logging_mixin.py:190} INFO - [2025-06-07T13:45:17.105+0000] {dag.py:3239} INFO - Sync 1 DAGs
[2025-06-07T13:45:17.118+0000] {logging_mixin.py:190} INFO - [2025-06-07T13:45:17.118+0000] {dag.py:4180} INFO - Setting next_dagrun for Stock_prediction to 2025-06-05 13:30:00+00:00, run_after=2025-06-06 13:30:00+00:00
[2025-06-07T13:45:17.129+0000] {processor.py:208} INFO - Processing /opt/airflow/dags/Stock_pred.py took 2.501 seconds
[2025-06-07T13:45:47.384+0000] {processor.py:186} INFO - Started process (PID=441) to work on /opt/airflow/dags/Stock_pred.py
[2025-06-07T13:45:47.385+0000] {processor.py:914} INFO - Processing file /opt/airflow/dags/Stock_pred.py for tasks to queue
[2025-06-07T13:45:47.387+0000] {logging_mixin.py:190} INFO - [2025-06-07T13:45:47.387+0000] {dagbag.py:588} INFO - Filling up the DagBag from /opt/airflow/dags/Stock_pred.py
[2025-06-07T13:45:49.871+0000] {logging_mixin.py:190} INFO - [2025-06-07T13:45:49.871+0000] {crypto.py:82} WARNING - empty cryptography key - values will not be stored encrypted.
[2025-06-07T13:45:49.876+0000] {processor.py:925} INFO - DAG(s) 'Stock_prediction' retrieved from /opt/airflow/dags/Stock_pred.py
[2025-06-07T13:45:49.890+0000] {logging_mixin.py:190} INFO - [2025-06-07T13:45:49.890+0000] {dag.py:3239} INFO - Sync 1 DAGs
[2025-06-07T13:45:49.903+0000] {logging_mixin.py:190} INFO - [2025-06-07T13:45:49.903+0000] {dag.py:4180} INFO - Setting next_dagrun for Stock_prediction to 2025-06-05 13:30:00+00:00, run_after=2025-06-06 13:30:00+00:00
[2025-06-07T13:45:49.916+0000] {processor.py:208} INFO - Processing /opt/airflow/dags/Stock_pred.py took 2.536 seconds
[2025-06-07T13:46:20.237+0000] {processor.py:186} INFO - Started process (PID=457) to work on /opt/airflow/dags/Stock_pred.py
[2025-06-07T13:46:20.238+0000] {processor.py:914} INFO - Processing file /opt/airflow/dags/Stock_pred.py for tasks to queue
[2025-06-07T13:46:20.240+0000] {logging_mixin.py:190} INFO - [2025-06-07T13:46:20.240+0000] {dagbag.py:588} INFO - Filling up the DagBag from /opt/airflow/dags/Stock_pred.py
[2025-06-07T13:46:22.798+0000] {logging_mixin.py:190} INFO - [2025-06-07T13:46:22.798+0000] {crypto.py:82} WARNING - empty cryptography key - values will not be stored encrypted.
[2025-06-07T13:46:22.801+0000] {processor.py:925} INFO - DAG(s) 'Stock_prediction' retrieved from /opt/airflow/dags/Stock_pred.py
[2025-06-07T13:46:22.812+0000] {logging_mixin.py:190} INFO - [2025-06-07T13:46:22.812+0000] {dag.py:3239} INFO - Sync 1 DAGs
[2025-06-07T13:46:22.823+0000] {logging_mixin.py:190} INFO - [2025-06-07T13:46:22.822+0000] {dag.py:4180} INFO - Setting next_dagrun for Stock_prediction to 2025-06-05 13:30:00+00:00, run_after=2025-06-06 13:30:00+00:00
[2025-06-07T13:46:22.831+0000] {processor.py:208} INFO - Processing /opt/airflow/dags/Stock_pred.py took 2.598 seconds
[2025-06-07T13:46:53.093+0000] {processor.py:186} INFO - Started process (PID=473) to work on /opt/airflow/dags/Stock_pred.py
[2025-06-07T13:46:53.097+0000] {processor.py:914} INFO - Processing file /opt/airflow/dags/Stock_pred.py for tasks to queue
[2025-06-07T13:46:53.099+0000] {logging_mixin.py:190} INFO - [2025-06-07T13:46:53.099+0000] {dagbag.py:588} INFO - Filling up the DagBag from /opt/airflow/dags/Stock_pred.py
[2025-06-07T13:46:55.529+0000] {logging_mixin.py:190} INFO - [2025-06-07T13:46:55.529+0000] {crypto.py:82} WARNING - empty cryptography key - values will not be stored encrypted.
[2025-06-07T13:46:55.532+0000] {processor.py:925} INFO - DAG(s) 'Stock_prediction' retrieved from /opt/airflow/dags/Stock_pred.py
[2025-06-07T13:46:55.545+0000] {logging_mixin.py:190} INFO - [2025-06-07T13:46:55.545+0000] {dag.py:3239} INFO - Sync 1 DAGs
[2025-06-07T13:46:55.557+0000] {logging_mixin.py:190} INFO - [2025-06-07T13:46:55.557+0000] {dag.py:4180} INFO - Setting next_dagrun for Stock_prediction to 2025-06-05 13:30:00+00:00, run_after=2025-06-06 13:30:00+00:00
[2025-06-07T13:46:55.567+0000] {processor.py:208} INFO - Processing /opt/airflow/dags/Stock_pred.py took 2.478 seconds
[2025-06-07T13:47:25.827+0000] {processor.py:186} INFO - Started process (PID=488) to work on /opt/airflow/dags/Stock_pred.py
[2025-06-07T13:47:25.828+0000] {processor.py:914} INFO - Processing file /opt/airflow/dags/Stock_pred.py for tasks to queue
[2025-06-07T13:47:25.830+0000] {logging_mixin.py:190} INFO - [2025-06-07T13:47:25.829+0000] {dagbag.py:588} INFO - Filling up the DagBag from /opt/airflow/dags/Stock_pred.py
[2025-06-07T13:47:28.304+0000] {logging_mixin.py:190} INFO - [2025-06-07T13:47:28.304+0000] {crypto.py:82} WARNING - empty cryptography key - values will not be stored encrypted.
[2025-06-07T13:47:28.307+0000] {processor.py:925} INFO - DAG(s) 'Stock_prediction' retrieved from /opt/airflow/dags/Stock_pred.py
[2025-06-07T13:47:28.320+0000] {logging_mixin.py:190} INFO - [2025-06-07T13:47:28.320+0000] {dag.py:3239} INFO - Sync 1 DAGs
[2025-06-07T13:47:28.329+0000] {logging_mixin.py:190} INFO - [2025-06-07T13:47:28.329+0000] {dag.py:4180} INFO - Setting next_dagrun for Stock_prediction to 2025-06-05 13:30:00+00:00, run_after=2025-06-06 13:30:00+00:00
[2025-06-07T13:47:28.337+0000] {processor.py:208} INFO - Processing /opt/airflow/dags/Stock_pred.py took 2.514 seconds
[2025-06-07T13:47:58.647+0000] {processor.py:186} INFO - Started process (PID=503) to work on /opt/airflow/dags/Stock_pred.py
[2025-06-07T13:47:58.649+0000] {processor.py:914} INFO - Processing file /opt/airflow/dags/Stock_pred.py for tasks to queue
[2025-06-07T13:47:58.652+0000] {logging_mixin.py:190} INFO - [2025-06-07T13:47:58.651+0000] {dagbag.py:588} INFO - Filling up the DagBag from /opt/airflow/dags/Stock_pred.py
[2025-06-07T13:48:01.096+0000] {logging_mixin.py:190} INFO - [2025-06-07T13:48:01.095+0000] {crypto.py:82} WARNING - empty cryptography key - values will not be stored encrypted.
[2025-06-07T13:48:01.102+0000] {processor.py:925} INFO - DAG(s) 'Stock_prediction' retrieved from /opt/airflow/dags/Stock_pred.py
[2025-06-07T13:48:01.120+0000] {logging_mixin.py:190} INFO - [2025-06-07T13:48:01.120+0000] {dag.py:3239} INFO - Sync 1 DAGs
[2025-06-07T13:48:01.132+0000] {logging_mixin.py:190} INFO - [2025-06-07T13:48:01.132+0000] {dag.py:4180} INFO - Setting next_dagrun for Stock_prediction to 2025-06-05 13:30:00+00:00, run_after=2025-06-06 13:30:00+00:00
[2025-06-07T13:48:01.141+0000] {processor.py:208} INFO - Processing /opt/airflow/dags/Stock_pred.py took 2.498 seconds
[2025-06-07T13:48:31.395+0000] {processor.py:186} INFO - Started process (PID=519) to work on /opt/airflow/dags/Stock_pred.py
[2025-06-07T13:48:31.395+0000] {processor.py:914} INFO - Processing file /opt/airflow/dags/Stock_pred.py for tasks to queue
[2025-06-07T13:48:31.399+0000] {logging_mixin.py:190} INFO - [2025-06-07T13:48:31.398+0000] {dagbag.py:588} INFO - Filling up the DagBag from /opt/airflow/dags/Stock_pred.py
[2025-06-07T13:48:33.644+0000] {logging_mixin.py:190} INFO - [2025-06-07T13:48:33.644+0000] {crypto.py:82} WARNING - empty cryptography key - values will not be stored encrypted.
[2025-06-07T13:48:33.650+0000] {processor.py:925} INFO - DAG(s) 'Stock_prediction' retrieved from /opt/airflow/dags/Stock_pred.py
[2025-06-07T13:48:33.663+0000] {logging_mixin.py:190} INFO - [2025-06-07T13:48:33.663+0000] {dag.py:3239} INFO - Sync 1 DAGs
[2025-06-07T13:48:33.672+0000] {logging_mixin.py:190} INFO - [2025-06-07T13:48:33.672+0000] {dag.py:4180} INFO - Setting next_dagrun for Stock_prediction to 2025-06-05 13:30:00+00:00, run_after=2025-06-06 13:30:00+00:00
[2025-06-07T13:48:33.680+0000] {processor.py:208} INFO - Processing /opt/airflow/dags/Stock_pred.py took 2.290 seconds
[2025-06-07T13:49:03.930+0000] {processor.py:186} INFO - Started process (PID=535) to work on /opt/airflow/dags/Stock_pred.py
[2025-06-07T13:49:03.931+0000] {processor.py:914} INFO - Processing file /opt/airflow/dags/Stock_pred.py for tasks to queue
[2025-06-07T13:49:03.933+0000] {logging_mixin.py:190} INFO - [2025-06-07T13:49:03.932+0000] {dagbag.py:588} INFO - Filling up the DagBag from /opt/airflow/dags/Stock_pred.py
[2025-06-07T13:49:06.187+0000] {logging_mixin.py:190} INFO - [2025-06-07T13:49:06.187+0000] {crypto.py:82} WARNING - empty cryptography key - values will not be stored encrypted.
[2025-06-07T13:49:06.190+0000] {processor.py:925} INFO - DAG(s) 'Stock_prediction' retrieved from /opt/airflow/dags/Stock_pred.py
[2025-06-07T13:49:06.203+0000] {logging_mixin.py:190} INFO - [2025-06-07T13:49:06.202+0000] {dag.py:3239} INFO - Sync 1 DAGs
[2025-06-07T13:49:06.212+0000] {logging_mixin.py:190} INFO - [2025-06-07T13:49:06.212+0000] {dag.py:4180} INFO - Setting next_dagrun for Stock_prediction to 2025-06-05 13:30:00+00:00, run_after=2025-06-06 13:30:00+00:00
[2025-06-07T13:49:06.220+0000] {processor.py:208} INFO - Processing /opt/airflow/dags/Stock_pred.py took 2.294 seconds
[2025-06-07T13:49:36.505+0000] {processor.py:186} INFO - Started process (PID=551) to work on /opt/airflow/dags/Stock_pred.py
[2025-06-07T13:49:36.506+0000] {processor.py:914} INFO - Processing file /opt/airflow/dags/Stock_pred.py for tasks to queue
[2025-06-07T13:49:36.508+0000] {logging_mixin.py:190} INFO - [2025-06-07T13:49:36.508+0000] {dagbag.py:588} INFO - Filling up the DagBag from /opt/airflow/dags/Stock_pred.py
[2025-06-07T13:49:38.748+0000] {logging_mixin.py:190} INFO - [2025-06-07T13:49:38.748+0000] {crypto.py:82} WARNING - empty cryptography key - values will not be stored encrypted.
[2025-06-07T13:49:38.752+0000] {processor.py:925} INFO - DAG(s) 'Stock_prediction' retrieved from /opt/airflow/dags/Stock_pred.py
[2025-06-07T13:49:38.767+0000] {logging_mixin.py:190} INFO - [2025-06-07T13:49:38.767+0000] {dag.py:3239} INFO - Sync 1 DAGs
[2025-06-07T13:49:38.780+0000] {logging_mixin.py:190} INFO - [2025-06-07T13:49:38.780+0000] {dag.py:4180} INFO - Setting next_dagrun for Stock_prediction to 2025-06-05 13:30:00+00:00, run_after=2025-06-06 13:30:00+00:00
[2025-06-07T13:49:38.792+0000] {processor.py:208} INFO - Processing /opt/airflow/dags/Stock_pred.py took 2.293 seconds
[2025-06-07T13:50:09.112+0000] {processor.py:186} INFO - Started process (PID=567) to work on /opt/airflow/dags/Stock_pred.py
[2025-06-07T13:50:09.113+0000] {processor.py:914} INFO - Processing file /opt/airflow/dags/Stock_pred.py for tasks to queue
[2025-06-07T13:50:09.115+0000] {logging_mixin.py:190} INFO - [2025-06-07T13:50:09.115+0000] {dagbag.py:588} INFO - Filling up the DagBag from /opt/airflow/dags/Stock_pred.py
[2025-06-07T13:50:11.390+0000] {logging_mixin.py:190} INFO - [2025-06-07T13:50:11.390+0000] {crypto.py:82} WARNING - empty cryptography key - values will not be stored encrypted.
[2025-06-07T13:50:11.396+0000] {processor.py:925} INFO - DAG(s) 'Stock_prediction' retrieved from /opt/airflow/dags/Stock_pred.py
[2025-06-07T13:50:11.407+0000] {logging_mixin.py:190} INFO - [2025-06-07T13:50:11.407+0000] {dag.py:3239} INFO - Sync 1 DAGs
[2025-06-07T13:50:11.418+0000] {logging_mixin.py:190} INFO - [2025-06-07T13:50:11.418+0000] {dag.py:4180} INFO - Setting next_dagrun for Stock_prediction to 2025-06-05 13:30:00+00:00, run_after=2025-06-06 13:30:00+00:00
[2025-06-07T13:50:11.430+0000] {processor.py:208} INFO - Processing /opt/airflow/dags/Stock_pred.py took 2.322 seconds
[2025-06-07T13:50:41.703+0000] {processor.py:186} INFO - Started process (PID=583) to work on /opt/airflow/dags/Stock_pred.py
[2025-06-07T13:50:41.704+0000] {processor.py:914} INFO - Processing file /opt/airflow/dags/Stock_pred.py for tasks to queue
[2025-06-07T13:50:41.706+0000] {logging_mixin.py:190} INFO - [2025-06-07T13:50:41.705+0000] {dagbag.py:588} INFO - Filling up the DagBag from /opt/airflow/dags/Stock_pred.py
[2025-06-07T13:50:44.129+0000] {logging_mixin.py:190} INFO - [2025-06-07T13:50:44.129+0000] {crypto.py:82} WARNING - empty cryptography key - values will not be stored encrypted.
[2025-06-07T13:50:44.134+0000] {processor.py:925} INFO - DAG(s) 'Stock_prediction' retrieved from /opt/airflow/dags/Stock_pred.py
[2025-06-07T13:50:44.145+0000] {logging_mixin.py:190} INFO - [2025-06-07T13:50:44.145+0000] {dag.py:3239} INFO - Sync 1 DAGs
[2025-06-07T13:50:44.157+0000] {logging_mixin.py:190} INFO - [2025-06-07T13:50:44.157+0000] {dag.py:4180} INFO - Setting next_dagrun for Stock_prediction to 2025-06-05 13:30:00+00:00, run_after=2025-06-06 13:30:00+00:00
[2025-06-07T13:50:44.166+0000] {processor.py:208} INFO - Processing /opt/airflow/dags/Stock_pred.py took 2.468 seconds
[2025-06-07T13:51:14.452+0000] {processor.py:186} INFO - Started process (PID=604) to work on /opt/airflow/dags/Stock_pred.py
[2025-06-07T13:51:14.453+0000] {processor.py:914} INFO - Processing file /opt/airflow/dags/Stock_pred.py for tasks to queue
[2025-06-07T13:51:14.455+0000] {logging_mixin.py:190} INFO - [2025-06-07T13:51:14.455+0000] {dagbag.py:588} INFO - Filling up the DagBag from /opt/airflow/dags/Stock_pred.py
[2025-06-07T13:51:16.688+0000] {logging_mixin.py:190} INFO - [2025-06-07T13:51:16.688+0000] {crypto.py:82} WARNING - empty cryptography key - values will not be stored encrypted.
[2025-06-07T13:51:16.691+0000] {processor.py:925} INFO - DAG(s) 'Stock_prediction' retrieved from /opt/airflow/dags/Stock_pred.py
[2025-06-07T13:51:16.704+0000] {logging_mixin.py:190} INFO - [2025-06-07T13:51:16.703+0000] {dag.py:3239} INFO - Sync 1 DAGs
[2025-06-07T13:51:16.713+0000] {logging_mixin.py:190} INFO - [2025-06-07T13:51:16.713+0000] {dag.py:4180} INFO - Setting next_dagrun for Stock_prediction to 2025-06-05 13:30:00+00:00, run_after=2025-06-06 13:30:00+00:00
[2025-06-07T13:51:16.721+0000] {processor.py:208} INFO - Processing /opt/airflow/dags/Stock_pred.py took 2.272 seconds
[2025-06-07T13:51:47.017+0000] {processor.py:186} INFO - Started process (PID=620) to work on /opt/airflow/dags/Stock_pred.py
[2025-06-07T13:51:47.018+0000] {processor.py:914} INFO - Processing file /opt/airflow/dags/Stock_pred.py for tasks to queue
[2025-06-07T13:51:47.019+0000] {logging_mixin.py:190} INFO - [2025-06-07T13:51:47.019+0000] {dagbag.py:588} INFO - Filling up the DagBag from /opt/airflow/dags/Stock_pred.py
[2025-06-07T13:51:49.456+0000] {logging_mixin.py:190} INFO - [2025-06-07T13:51:49.456+0000] {crypto.py:82} WARNING - empty cryptography key - values will not be stored encrypted.
[2025-06-07T13:51:49.460+0000] {processor.py:925} INFO - DAG(s) 'Stock_prediction' retrieved from /opt/airflow/dags/Stock_pred.py
[2025-06-07T13:51:49.473+0000] {logging_mixin.py:190} INFO - [2025-06-07T13:51:49.473+0000] {dag.py:3239} INFO - Sync 1 DAGs
[2025-06-07T13:51:49.481+0000] {logging_mixin.py:190} INFO - [2025-06-07T13:51:49.481+0000] {dag.py:4180} INFO - Setting next_dagrun for Stock_prediction to 2025-06-05 13:30:00+00:00, run_after=2025-06-06 13:30:00+00:00
[2025-06-07T13:51:49.490+0000] {processor.py:208} INFO - Processing /opt/airflow/dags/Stock_pred.py took 2.480 seconds
[2025-06-07T13:52:19.775+0000] {processor.py:186} INFO - Started process (PID=636) to work on /opt/airflow/dags/Stock_pred.py
[2025-06-07T13:52:19.778+0000] {processor.py:914} INFO - Processing file /opt/airflow/dags/Stock_pred.py for tasks to queue
[2025-06-07T13:52:19.779+0000] {logging_mixin.py:190} INFO - [2025-06-07T13:52:19.779+0000] {dagbag.py:588} INFO - Filling up the DagBag from /opt/airflow/dags/Stock_pred.py
[2025-06-07T13:52:21.973+0000] {logging_mixin.py:190} INFO - [2025-06-07T13:52:21.973+0000] {crypto.py:82} WARNING - empty cryptography key - values will not be stored encrypted.
[2025-06-07T13:52:21.979+0000] {processor.py:925} INFO - DAG(s) 'Stock_prediction' retrieved from /opt/airflow/dags/Stock_pred.py
[2025-06-07T13:52:21.989+0000] {logging_mixin.py:190} INFO - [2025-06-07T13:52:21.989+0000] {dag.py:3239} INFO - Sync 1 DAGs
[2025-06-07T13:52:21.999+0000] {logging_mixin.py:190} INFO - [2025-06-07T13:52:21.999+0000] {dag.py:4180} INFO - Setting next_dagrun for Stock_prediction to 2025-06-05 13:30:00+00:00, run_after=2025-06-06 13:30:00+00:00
[2025-06-07T13:52:22.007+0000] {processor.py:208} INFO - Processing /opt/airflow/dags/Stock_pred.py took 2.237 seconds
[2025-06-07T13:52:52.068+0000] {processor.py:186} INFO - Started process (PID=651) to work on /opt/airflow/dags/Stock_pred.py
[2025-06-07T13:52:52.070+0000] {processor.py:914} INFO - Processing file /opt/airflow/dags/Stock_pred.py for tasks to queue
[2025-06-07T13:52:52.071+0000] {logging_mixin.py:190} INFO - [2025-06-07T13:52:52.071+0000] {dagbag.py:588} INFO - Filling up the DagBag from /opt/airflow/dags/Stock_pred.py
[2025-06-07T13:52:54.275+0000] {logging_mixin.py:190} INFO - [2025-06-07T13:52:54.275+0000] {crypto.py:82} WARNING - empty cryptography key - values will not be stored encrypted.
[2025-06-07T13:52:54.278+0000] {processor.py:925} INFO - DAG(s) 'Stock_prediction' retrieved from /opt/airflow/dags/Stock_pred.py
[2025-06-07T13:52:54.289+0000] {logging_mixin.py:190} INFO - [2025-06-07T13:52:54.289+0000] {dag.py:3239} INFO - Sync 1 DAGs
[2025-06-07T13:52:54.298+0000] {logging_mixin.py:190} INFO - [2025-06-07T13:52:54.298+0000] {dag.py:4180} INFO - Setting next_dagrun for Stock_prediction to 2025-06-05 13:30:00+00:00, run_after=2025-06-06 13:30:00+00:00
[2025-06-07T13:52:54.306+0000] {processor.py:208} INFO - Processing /opt/airflow/dags/Stock_pred.py took 2.242 seconds
[2025-06-07T13:53:24.608+0000] {processor.py:186} INFO - Started process (PID=667) to work on /opt/airflow/dags/Stock_pred.py
[2025-06-07T13:53:24.609+0000] {processor.py:914} INFO - Processing file /opt/airflow/dags/Stock_pred.py for tasks to queue
[2025-06-07T13:53:24.610+0000] {logging_mixin.py:190} INFO - [2025-06-07T13:53:24.610+0000] {dagbag.py:588} INFO - Filling up the DagBag from /opt/airflow/dags/Stock_pred.py
[2025-06-07T13:53:26.905+0000] {logging_mixin.py:190} INFO - [2025-06-07T13:53:26.905+0000] {crypto.py:82} WARNING - empty cryptography key - values will not be stored encrypted.
[2025-06-07T13:53:26.908+0000] {processor.py:925} INFO - DAG(s) 'Stock_prediction' retrieved from /opt/airflow/dags/Stock_pred.py
[2025-06-07T13:53:26.918+0000] {logging_mixin.py:190} INFO - [2025-06-07T13:53:26.917+0000] {dag.py:3239} INFO - Sync 1 DAGs
[2025-06-07T13:53:26.927+0000] {logging_mixin.py:190} INFO - [2025-06-07T13:53:26.927+0000] {dag.py:4180} INFO - Setting next_dagrun for Stock_prediction to 2025-06-05 13:30:00+00:00, run_after=2025-06-06 13:30:00+00:00
[2025-06-07T13:53:26.936+0000] {processor.py:208} INFO - Processing /opt/airflow/dags/Stock_pred.py took 2.333 seconds
[2025-06-07T13:53:57.217+0000] {processor.py:186} INFO - Started process (PID=683) to work on /opt/airflow/dags/Stock_pred.py
[2025-06-07T13:53:57.218+0000] {processor.py:914} INFO - Processing file /opt/airflow/dags/Stock_pred.py for tasks to queue
[2025-06-07T13:53:57.219+0000] {logging_mixin.py:190} INFO - [2025-06-07T13:53:57.219+0000] {dagbag.py:588} INFO - Filling up the DagBag from /opt/airflow/dags/Stock_pred.py
[2025-06-07T13:53:59.381+0000] {logging_mixin.py:190} INFO - [2025-06-07T13:53:59.381+0000] {crypto.py:82} WARNING - empty cryptography key - values will not be stored encrypted.
[2025-06-07T13:53:59.384+0000] {processor.py:925} INFO - DAG(s) 'Stock_prediction' retrieved from /opt/airflow/dags/Stock_pred.py
[2025-06-07T13:53:59.398+0000] {logging_mixin.py:190} INFO - [2025-06-07T13:53:59.398+0000] {dag.py:3239} INFO - Sync 1 DAGs
[2025-06-07T13:53:59.408+0000] {logging_mixin.py:190} INFO - [2025-06-07T13:53:59.408+0000] {dag.py:4180} INFO - Setting next_dagrun for Stock_prediction to 2025-06-05 13:30:00+00:00, run_after=2025-06-06 13:30:00+00:00
[2025-06-07T13:53:59.415+0000] {processor.py:208} INFO - Processing /opt/airflow/dags/Stock_pred.py took 2.202 seconds
[2025-06-07T13:54:29.760+0000] {processor.py:186} INFO - Started process (PID=698) to work on /opt/airflow/dags/Stock_pred.py
[2025-06-07T13:54:29.762+0000] {processor.py:914} INFO - Processing file /opt/airflow/dags/Stock_pred.py for tasks to queue
[2025-06-07T13:54:29.765+0000] {logging_mixin.py:190} INFO - [2025-06-07T13:54:29.765+0000] {dagbag.py:588} INFO - Filling up the DagBag from /opt/airflow/dags/Stock_pred.py
[2025-06-07T13:54:31.996+0000] {logging_mixin.py:190} INFO - [2025-06-07T13:54:31.996+0000] {crypto.py:82} WARNING - empty cryptography key - values will not be stored encrypted.
[2025-06-07T13:54:31.999+0000] {processor.py:925} INFO - DAG(s) 'Stock_prediction' retrieved from /opt/airflow/dags/Stock_pred.py
[2025-06-07T13:54:32.012+0000] {logging_mixin.py:190} INFO - [2025-06-07T13:54:32.012+0000] {dag.py:3239} INFO - Sync 1 DAGs
[2025-06-07T13:54:32.021+0000] {logging_mixin.py:190} INFO - [2025-06-07T13:54:32.021+0000] {dag.py:4180} INFO - Setting next_dagrun for Stock_prediction to 2025-06-05 13:30:00+00:00, run_after=2025-06-06 13:30:00+00:00
[2025-06-07T13:54:32.030+0000] {processor.py:208} INFO - Processing /opt/airflow/dags/Stock_pred.py took 2.274 seconds
[2025-06-07T13:55:02.111+0000] {processor.py:186} INFO - Started process (PID=714) to work on /opt/airflow/dags/Stock_pred.py
[2025-06-07T13:55:02.113+0000] {processor.py:914} INFO - Processing file /opt/airflow/dags/Stock_pred.py for tasks to queue
[2025-06-07T13:55:02.115+0000] {logging_mixin.py:190} INFO - [2025-06-07T13:55:02.114+0000] {dagbag.py:588} INFO - Filling up the DagBag from /opt/airflow/dags/Stock_pred.py
[2025-06-07T13:55:04.843+0000] {logging_mixin.py:190} INFO - [2025-06-07T13:55:04.843+0000] {crypto.py:82} WARNING - empty cryptography key - values will not be stored encrypted.
[2025-06-07T13:55:04.848+0000] {processor.py:925} INFO - DAG(s) 'Stock_prediction' retrieved from /opt/airflow/dags/Stock_pred.py
[2025-06-07T13:55:04.859+0000] {logging_mixin.py:190} INFO - [2025-06-07T13:55:04.859+0000] {dag.py:3239} INFO - Sync 1 DAGs
[2025-06-07T13:55:04.867+0000] {logging_mixin.py:190} INFO - [2025-06-07T13:55:04.867+0000] {dag.py:4180} INFO - Setting next_dagrun for Stock_prediction to 2025-06-05 13:30:00+00:00, run_after=2025-06-06 13:30:00+00:00
[2025-06-07T13:55:04.877+0000] {processor.py:208} INFO - Processing /opt/airflow/dags/Stock_pred.py took 2.771 seconds
[2025-06-07T13:55:35.235+0000] {processor.py:186} INFO - Started process (PID=730) to work on /opt/airflow/dags/Stock_pred.py
[2025-06-07T13:55:35.237+0000] {processor.py:914} INFO - Processing file /opt/airflow/dags/Stock_pred.py for tasks to queue
[2025-06-07T13:55:35.240+0000] {logging_mixin.py:190} INFO - [2025-06-07T13:55:35.240+0000] {dagbag.py:588} INFO - Filling up the DagBag from /opt/airflow/dags/Stock_pred.py
[2025-06-07T13:55:37.568+0000] {logging_mixin.py:190} INFO - [2025-06-07T13:55:37.568+0000] {crypto.py:82} WARNING - empty cryptography key - values will not be stored encrypted.
[2025-06-07T13:55:37.573+0000] {processor.py:925} INFO - DAG(s) 'Stock_prediction' retrieved from /opt/airflow/dags/Stock_pred.py
[2025-06-07T13:55:37.590+0000] {logging_mixin.py:190} INFO - [2025-06-07T13:55:37.590+0000] {dag.py:3239} INFO - Sync 1 DAGs
[2025-06-07T13:55:37.601+0000] {logging_mixin.py:190} INFO - [2025-06-07T13:55:37.601+0000] {dag.py:4180} INFO - Setting next_dagrun for Stock_prediction to 2025-06-05 13:30:00+00:00, run_after=2025-06-06 13:30:00+00:00
[2025-06-07T13:55:37.612+0000] {processor.py:208} INFO - Processing /opt/airflow/dags/Stock_pred.py took 2.382 seconds
[2025-06-07T13:56:07.943+0000] {processor.py:186} INFO - Started process (PID=746) to work on /opt/airflow/dags/Stock_pred.py
[2025-06-07T13:56:07.945+0000] {processor.py:914} INFO - Processing file /opt/airflow/dags/Stock_pred.py for tasks to queue
[2025-06-07T13:56:07.949+0000] {logging_mixin.py:190} INFO - [2025-06-07T13:56:07.948+0000] {dagbag.py:588} INFO - Filling up the DagBag from /opt/airflow/dags/Stock_pred.py
[2025-06-07T13:56:10.182+0000] {logging_mixin.py:190} INFO - [2025-06-07T13:56:10.182+0000] {crypto.py:82} WARNING - empty cryptography key - values will not be stored encrypted.
[2025-06-07T13:56:10.185+0000] {processor.py:925} INFO - DAG(s) 'Stock_prediction' retrieved from /opt/airflow/dags/Stock_pred.py
[2025-06-07T13:56:10.198+0000] {logging_mixin.py:190} INFO - [2025-06-07T13:56:10.197+0000] {dag.py:3239} INFO - Sync 1 DAGs
[2025-06-07T13:56:10.208+0000] {logging_mixin.py:190} INFO - [2025-06-07T13:56:10.208+0000] {dag.py:4180} INFO - Setting next_dagrun for Stock_prediction to 2025-06-05 13:30:00+00:00, run_after=2025-06-06 13:30:00+00:00
[2025-06-07T13:56:10.217+0000] {processor.py:208} INFO - Processing /opt/airflow/dags/Stock_pred.py took 2.278 seconds
[2025-06-07T13:56:40.281+0000] {processor.py:186} INFO - Started process (PID=762) to work on /opt/airflow/dags/Stock_pred.py
[2025-06-07T13:56:40.283+0000] {processor.py:914} INFO - Processing file /opt/airflow/dags/Stock_pred.py for tasks to queue
[2025-06-07T13:56:40.285+0000] {logging_mixin.py:190} INFO - [2025-06-07T13:56:40.285+0000] {dagbag.py:588} INFO - Filling up the DagBag from /opt/airflow/dags/Stock_pred.py
[2025-06-07T13:56:42.695+0000] {logging_mixin.py:190} INFO - [2025-06-07T13:56:42.694+0000] {crypto.py:82} WARNING - empty cryptography key - values will not be stored encrypted.
[2025-06-07T13:56:42.698+0000] {processor.py:925} INFO - DAG(s) 'Stock_prediction' retrieved from /opt/airflow/dags/Stock_pred.py
[2025-06-07T13:56:42.714+0000] {logging_mixin.py:190} INFO - [2025-06-07T13:56:42.714+0000] {dag.py:3239} INFO - Sync 1 DAGs
[2025-06-07T13:56:42.727+0000] {logging_mixin.py:190} INFO - [2025-06-07T13:56:42.727+0000] {dag.py:4180} INFO - Setting next_dagrun for Stock_prediction to 2025-06-05 13:30:00+00:00, run_after=2025-06-06 13:30:00+00:00
[2025-06-07T13:56:42.736+0000] {processor.py:208} INFO - Processing /opt/airflow/dags/Stock_pred.py took 2.460 seconds
[2025-06-07T13:57:13.114+0000] {processor.py:186} INFO - Started process (PID=778) to work on /opt/airflow/dags/Stock_pred.py
[2025-06-07T13:57:13.115+0000] {processor.py:914} INFO - Processing file /opt/airflow/dags/Stock_pred.py for tasks to queue
[2025-06-07T13:57:13.116+0000] {logging_mixin.py:190} INFO - [2025-06-07T13:57:13.116+0000] {dagbag.py:588} INFO - Filling up the DagBag from /opt/airflow/dags/Stock_pred.py
[2025-06-07T13:57:15.551+0000] {logging_mixin.py:190} INFO - [2025-06-07T13:57:15.551+0000] {crypto.py:82} WARNING - empty cryptography key - values will not be stored encrypted.
[2025-06-07T13:57:15.555+0000] {processor.py:925} INFO - DAG(s) 'Stock_prediction' retrieved from /opt/airflow/dags/Stock_pred.py
[2025-06-07T13:57:15.565+0000] {logging_mixin.py:190} INFO - [2025-06-07T13:57:15.565+0000] {dag.py:3239} INFO - Sync 1 DAGs
[2025-06-07T13:57:15.574+0000] {logging_mixin.py:190} INFO - [2025-06-07T13:57:15.574+0000] {dag.py:4180} INFO - Setting next_dagrun for Stock_prediction to 2025-06-05 13:30:00+00:00, run_after=2025-06-06 13:30:00+00:00
[2025-06-07T13:57:15.584+0000] {processor.py:208} INFO - Processing /opt/airflow/dags/Stock_pred.py took 2.475 seconds
[2025-06-07T13:57:45.894+0000] {processor.py:186} INFO - Started process (PID=800) to work on /opt/airflow/dags/Stock_pred.py
[2025-06-07T13:57:45.895+0000] {processor.py:914} INFO - Processing file /opt/airflow/dags/Stock_pred.py for tasks to queue
[2025-06-07T13:57:45.896+0000] {logging_mixin.py:190} INFO - [2025-06-07T13:57:45.896+0000] {dagbag.py:588} INFO - Filling up the DagBag from /opt/airflow/dags/Stock_pred.py
[2025-06-07T13:57:48.135+0000] {logging_mixin.py:190} INFO - [2025-06-07T13:57:48.134+0000] {crypto.py:82} WARNING - empty cryptography key - values will not be stored encrypted.
[2025-06-07T13:57:48.139+0000] {processor.py:925} INFO - DAG(s) 'Stock_prediction' retrieved from /opt/airflow/dags/Stock_pred.py
[2025-06-07T13:57:48.149+0000] {logging_mixin.py:190} INFO - [2025-06-07T13:57:48.149+0000] {dag.py:3239} INFO - Sync 1 DAGs
[2025-06-07T13:57:48.160+0000] {logging_mixin.py:190} INFO - [2025-06-07T13:57:48.160+0000] {dag.py:4180} INFO - Setting next_dagrun for Stock_prediction to 2025-06-05 13:30:00+00:00, run_after=2025-06-06 13:30:00+00:00
[2025-06-07T13:57:48.167+0000] {processor.py:208} INFO - Processing /opt/airflow/dags/Stock_pred.py took 2.277 seconds
[2025-06-07T13:58:18.206+0000] {processor.py:186} INFO - Started process (PID=816) to work on /opt/airflow/dags/Stock_pred.py
[2025-06-07T13:58:18.208+0000] {processor.py:914} INFO - Processing file /opt/airflow/dags/Stock_pred.py for tasks to queue
[2025-06-07T13:58:18.209+0000] {logging_mixin.py:190} INFO - [2025-06-07T13:58:18.208+0000] {dagbag.py:588} INFO - Filling up the DagBag from /opt/airflow/dags/Stock_pred.py
[2025-06-07T13:58:20.402+0000] {logging_mixin.py:190} INFO - [2025-06-07T13:58:20.402+0000] {crypto.py:82} WARNING - empty cryptography key - values will not be stored encrypted.
[2025-06-07T13:58:20.407+0000] {processor.py:925} INFO - DAG(s) 'Stock_prediction' retrieved from /opt/airflow/dags/Stock_pred.py
[2025-06-07T13:58:20.421+0000] {logging_mixin.py:190} INFO - [2025-06-07T13:58:20.421+0000] {dag.py:3239} INFO - Sync 1 DAGs
[2025-06-07T13:58:20.430+0000] {logging_mixin.py:190} INFO - [2025-06-07T13:58:20.430+0000] {dag.py:4180} INFO - Setting next_dagrun for Stock_prediction to 2025-06-05 13:30:00+00:00, run_after=2025-06-06 13:30:00+00:00
[2025-06-07T13:58:20.437+0000] {processor.py:208} INFO - Processing /opt/airflow/dags/Stock_pred.py took 2.234 seconds
[2025-06-07T13:58:50.797+0000] {processor.py:186} INFO - Started process (PID=832) to work on /opt/airflow/dags/Stock_pred.py
[2025-06-07T13:58:50.798+0000] {processor.py:914} INFO - Processing file /opt/airflow/dags/Stock_pred.py for tasks to queue
[2025-06-07T13:58:50.800+0000] {logging_mixin.py:190} INFO - [2025-06-07T13:58:50.800+0000] {dagbag.py:588} INFO - Filling up the DagBag from /opt/airflow/dags/Stock_pred.py
[2025-06-07T13:58:53.114+0000] {logging_mixin.py:190} INFO - [2025-06-07T13:58:53.114+0000] {crypto.py:82} WARNING - empty cryptography key - values will not be stored encrypted.
[2025-06-07T13:58:53.119+0000] {processor.py:925} INFO - DAG(s) 'Stock_prediction' retrieved from /opt/airflow/dags/Stock_pred.py
[2025-06-07T13:58:53.130+0000] {logging_mixin.py:190} INFO - [2025-06-07T13:58:53.130+0000] {dag.py:3239} INFO - Sync 1 DAGs
[2025-06-07T13:58:53.138+0000] {logging_mixin.py:190} INFO - [2025-06-07T13:58:53.138+0000] {dag.py:4180} INFO - Setting next_dagrun for Stock_prediction to 2025-06-05 13:30:00+00:00, run_after=2025-06-06 13:30:00+00:00
[2025-06-07T13:58:53.146+0000] {processor.py:208} INFO - Processing /opt/airflow/dags/Stock_pred.py took 2.353 seconds
[2025-06-07T13:59:23.470+0000] {processor.py:186} INFO - Started process (PID=848) to work on /opt/airflow/dags/Stock_pred.py
[2025-06-07T13:59:23.472+0000] {processor.py:914} INFO - Processing file /opt/airflow/dags/Stock_pred.py for tasks to queue
[2025-06-07T13:59:23.473+0000] {logging_mixin.py:190} INFO - [2025-06-07T13:59:23.473+0000] {dagbag.py:588} INFO - Filling up the DagBag from /opt/airflow/dags/Stock_pred.py
[2025-06-07T13:59:25.786+0000] {logging_mixin.py:190} INFO - [2025-06-07T13:59:25.786+0000] {crypto.py:82} WARNING - empty cryptography key - values will not be stored encrypted.
[2025-06-07T13:59:25.790+0000] {processor.py:925} INFO - DAG(s) 'Stock_prediction' retrieved from /opt/airflow/dags/Stock_pred.py
[2025-06-07T13:59:25.805+0000] {logging_mixin.py:190} INFO - [2025-06-07T13:59:25.804+0000] {dag.py:3239} INFO - Sync 1 DAGs
[2025-06-07T13:59:25.813+0000] {logging_mixin.py:190} INFO - [2025-06-07T13:59:25.813+0000] {dag.py:4180} INFO - Setting next_dagrun for Stock_prediction to 2025-06-05 13:30:00+00:00, run_after=2025-06-06 13:30:00+00:00
[2025-06-07T13:59:25.821+0000] {processor.py:208} INFO - Processing /opt/airflow/dags/Stock_pred.py took 2.354 seconds
[2025-06-07T13:59:56.141+0000] {processor.py:186} INFO - Started process (PID=864) to work on /opt/airflow/dags/Stock_pred.py
[2025-06-07T13:59:56.144+0000] {processor.py:914} INFO - Processing file /opt/airflow/dags/Stock_pred.py for tasks to queue
[2025-06-07T13:59:56.145+0000] {logging_mixin.py:190} INFO - [2025-06-07T13:59:56.145+0000] {dagbag.py:588} INFO - Filling up the DagBag from /opt/airflow/dags/Stock_pred.py
[2025-06-07T13:59:58.767+0000] {logging_mixin.py:190} INFO - [2025-06-07T13:59:58.767+0000] {crypto.py:82} WARNING - empty cryptography key - values will not be stored encrypted.
[2025-06-07T13:59:58.773+0000] {processor.py:925} INFO - DAG(s) 'Stock_prediction' retrieved from /opt/airflow/dags/Stock_pred.py
[2025-06-07T13:59:58.787+0000] {logging_mixin.py:190} INFO - [2025-06-07T13:59:58.787+0000] {dag.py:3239} INFO - Sync 1 DAGs
[2025-06-07T13:59:58.798+0000] {logging_mixin.py:190} INFO - [2025-06-07T13:59:58.798+0000] {dag.py:4180} INFO - Setting next_dagrun for Stock_prediction to 2025-06-05 13:30:00+00:00, run_after=2025-06-06 13:30:00+00:00
[2025-06-07T13:59:58.804+0000] {processor.py:208} INFO - Processing /opt/airflow/dags/Stock_pred.py took 2.668 seconds
[2025-06-07T14:00:29.171+0000] {processor.py:186} INFO - Started process (PID=880) to work on /opt/airflow/dags/Stock_pred.py
[2025-06-07T14:00:29.172+0000] {processor.py:914} INFO - Processing file /opt/airflow/dags/Stock_pred.py for tasks to queue
[2025-06-07T14:00:29.174+0000] {logging_mixin.py:190} INFO - [2025-06-07T14:00:29.173+0000] {dagbag.py:588} INFO - Filling up the DagBag from /opt/airflow/dags/Stock_pred.py
[2025-06-07T14:00:31.608+0000] {logging_mixin.py:190} INFO - [2025-06-07T14:00:31.608+0000] {crypto.py:82} WARNING - empty cryptography key - values will not be stored encrypted.
[2025-06-07T14:00:31.612+0000] {processor.py:925} INFO - DAG(s) 'Stock_prediction' retrieved from /opt/airflow/dags/Stock_pred.py
[2025-06-07T14:00:31.627+0000] {logging_mixin.py:190} INFO - [2025-06-07T14:00:31.626+0000] {dag.py:3239} INFO - Sync 1 DAGs
[2025-06-07T14:00:31.636+0000] {logging_mixin.py:190} INFO - [2025-06-07T14:00:31.636+0000] {dag.py:4180} INFO - Setting next_dagrun for Stock_prediction to 2025-06-05 13:30:00+00:00, run_after=2025-06-06 13:30:00+00:00
[2025-06-07T14:00:31.645+0000] {processor.py:208} INFO - Processing /opt/airflow/dags/Stock_pred.py took 2.478 seconds
[2025-06-07T14:01:01.954+0000] {processor.py:186} INFO - Started process (PID=895) to work on /opt/airflow/dags/Stock_pred.py
[2025-06-07T14:01:01.956+0000] {processor.py:914} INFO - Processing file /opt/airflow/dags/Stock_pred.py for tasks to queue
[2025-06-07T14:01:01.958+0000] {logging_mixin.py:190} INFO - [2025-06-07T14:01:01.957+0000] {dagbag.py:588} INFO - Filling up the DagBag from /opt/airflow/dags/Stock_pred.py
[2025-06-07T14:01:04.608+0000] {logging_mixin.py:190} INFO - [2025-06-07T14:01:04.608+0000] {crypto.py:82} WARNING - empty cryptography key - values will not be stored encrypted.
[2025-06-07T14:01:04.611+0000] {processor.py:925} INFO - DAG(s) 'Stock_prediction' retrieved from /opt/airflow/dags/Stock_pred.py
[2025-06-07T14:01:04.626+0000] {logging_mixin.py:190} INFO - [2025-06-07T14:01:04.625+0000] {dag.py:3239} INFO - Sync 1 DAGs
[2025-06-07T14:01:04.636+0000] {logging_mixin.py:190} INFO - [2025-06-07T14:01:04.635+0000] {dag.py:4180} INFO - Setting next_dagrun for Stock_prediction to 2025-06-05 13:30:00+00:00, run_after=2025-06-06 13:30:00+00:00
[2025-06-07T14:01:04.644+0000] {processor.py:208} INFO - Processing /opt/airflow/dags/Stock_pred.py took 2.695 seconds
[2025-06-07T14:01:34.935+0000] {processor.py:186} INFO - Started process (PID=911) to work on /opt/airflow/dags/Stock_pred.py
[2025-06-07T14:01:34.937+0000] {processor.py:914} INFO - Processing file /opt/airflow/dags/Stock_pred.py for tasks to queue
[2025-06-07T14:01:34.939+0000] {logging_mixin.py:190} INFO - [2025-06-07T14:01:34.939+0000] {dagbag.py:588} INFO - Filling up the DagBag from /opt/airflow/dags/Stock_pred.py
[2025-06-07T14:01:39.381+0000] {logging_mixin.py:190} INFO - [2025-06-07T14:01:39.380+0000] {crypto.py:82} WARNING - empty cryptography key - values will not be stored encrypted.
[2025-06-07T14:01:39.385+0000] {processor.py:925} INFO - DAG(s) 'Stock_prediction' retrieved from /opt/airflow/dags/Stock_pred.py
[2025-06-07T14:01:39.406+0000] {logging_mixin.py:190} INFO - [2025-06-07T14:01:39.406+0000] {dag.py:3239} INFO - Sync 1 DAGs
[2025-06-07T14:01:39.418+0000] {logging_mixin.py:190} INFO - [2025-06-07T14:01:39.417+0000] {dag.py:4180} INFO - Setting next_dagrun for Stock_prediction to 2025-06-05 13:30:00+00:00, run_after=2025-06-06 13:30:00+00:00
[2025-06-07T14:01:39.462+0000] {processor.py:208} INFO - Processing /opt/airflow/dags/Stock_pred.py took 4.535 seconds
[2025-06-07T14:02:09.703+0000] {processor.py:186} INFO - Started process (PID=927) to work on /opt/airflow/dags/Stock_pred.py
[2025-06-07T14:02:09.703+0000] {processor.py:914} INFO - Processing file /opt/airflow/dags/Stock_pred.py for tasks to queue
[2025-06-07T14:02:09.705+0000] {logging_mixin.py:190} INFO - [2025-06-07T14:02:09.705+0000] {dagbag.py:588} INFO - Filling up the DagBag from /opt/airflow/dags/Stock_pred.py
[2025-06-07T14:02:12.967+0000] {logging_mixin.py:190} INFO - [2025-06-07T14:02:12.966+0000] {crypto.py:82} WARNING - empty cryptography key - values will not be stored encrypted.
[2025-06-07T14:02:12.971+0000] {processor.py:925} INFO - DAG(s) 'Stock_prediction' retrieved from /opt/airflow/dags/Stock_pred.py
[2025-06-07T14:02:13.026+0000] {logging_mixin.py:190} INFO - [2025-06-07T14:02:13.025+0000] {dag.py:3239} INFO - Sync 1 DAGs
[2025-06-07T14:02:13.042+0000] {logging_mixin.py:190} INFO - [2025-06-07T14:02:13.042+0000] {dag.py:4180} INFO - Setting next_dagrun for Stock_prediction to 2025-06-05 13:30:00+00:00, run_after=2025-06-06 13:30:00+00:00
[2025-06-07T14:02:13.057+0000] {processor.py:208} INFO - Processing /opt/airflow/dags/Stock_pred.py took 3.359 seconds
[2025-06-07T14:02:43.275+0000] {processor.py:186} INFO - Started process (PID=942) to work on /opt/airflow/dags/Stock_pred.py
[2025-06-07T14:02:43.276+0000] {processor.py:914} INFO - Processing file /opt/airflow/dags/Stock_pred.py for tasks to queue
[2025-06-07T14:02:43.282+0000] {logging_mixin.py:190} INFO - [2025-06-07T14:02:43.279+0000] {dagbag.py:588} INFO - Filling up the DagBag from /opt/airflow/dags/Stock_pred.py
[2025-06-07T14:02:47.424+0000] {logging_mixin.py:190} INFO - [2025-06-07T14:02:47.423+0000] {crypto.py:82} WARNING - empty cryptography key - values will not be stored encrypted.
[2025-06-07T14:02:47.429+0000] {processor.py:925} INFO - DAG(s) 'Stock_prediction' retrieved from /opt/airflow/dags/Stock_pred.py
[2025-06-07T14:02:47.447+0000] {logging_mixin.py:190} INFO - [2025-06-07T14:02:47.447+0000] {dag.py:3239} INFO - Sync 1 DAGs
[2025-06-07T14:02:47.458+0000] {logging_mixin.py:190} INFO - [2025-06-07T14:02:47.458+0000] {dag.py:4180} INFO - Setting next_dagrun for Stock_prediction to 2025-06-05 13:30:00+00:00, run_after=2025-06-06 13:30:00+00:00
[2025-06-07T14:02:47.470+0000] {processor.py:208} INFO - Processing /opt/airflow/dags/Stock_pred.py took 4.200 seconds
