[2024-07-22T08:09:30.564+0000] {local_task_job_runner.py:120} INFO - ::group::Pre task execution logs
[2024-07-22T08:09:30.572+0000] {taskinstance.py:2076} INFO - Dependencies all met for dep_context=non-requeueable deps ti=<TaskInstance: dag_with_postgres_hooks.scrap_new_data manual__2024-07-22T08:09:25.905416+00:00 [queued]>
[2024-07-22T08:09:30.575+0000] {taskinstance.py:2076} INFO - Dependencies all met for dep_context=requeueable deps ti=<TaskInstance: dag_with_postgres_hooks.scrap_new_data manual__2024-07-22T08:09:25.905416+00:00 [queued]>
[2024-07-22T08:09:30.575+0000] {taskinstance.py:2306} INFO - Starting attempt 1 of 1
[2024-07-22T08:09:30.580+0000] {taskinstance.py:2330} INFO - Executing <Task(PythonOperator): scrap_new_data> on 2024-07-22 08:09:25.905416+00:00
[2024-07-22T08:09:30.584+0000] {warnings.py:112} WARNING - /home/***/.local/lib/python3.12/site-packages/***/task/task_runner/standard_task_runner.py:62: DeprecationWarning: This process (pid=1465) is multi-threaded, use of fork() may lead to deadlocks in the child.
  pid = os.fork()

[2024-07-22T08:09:30.584+0000] {standard_task_runner.py:64} INFO - Started process 1476 to run task
[2024-07-22T08:09:30.585+0000] {standard_task_runner.py:90} INFO - Running: ['***', 'tasks', 'run', 'dag_with_postgres_hooks', 'scrap_new_data', 'manual__2024-07-22T08:09:25.905416+00:00', '--job-id', '421', '--raw', '--subdir', 'DAGS_FOLDER/Stock_pred.py', '--cfg-path', '/tmp/tmp3kqlaval']
[2024-07-22T08:09:30.586+0000] {standard_task_runner.py:91} INFO - Job 421: Subtask scrap_new_data
[2024-07-22T08:09:30.601+0000] {task_command.py:426} INFO - Running <TaskInstance: dag_with_postgres_hooks.scrap_new_data manual__2024-07-22T08:09:25.905416+00:00 [running]> on host d89911194c67
[2024-07-22T08:09:30.630+0000] {taskinstance.py:2648} INFO - Exporting env vars: AIRFLOW_CTX_DAG_EMAIL='***@example.com' AIRFLOW_CTX_DAG_OWNER='***' AIRFLOW_CTX_DAG_ID='dag_with_postgres_hooks' AIRFLOW_CTX_TASK_ID='scrap_new_data' AIRFLOW_CTX_EXECUTION_DATE='2024-07-22T08:09:25.905416+00:00' AIRFLOW_CTX_TRY_NUMBER='1' AIRFLOW_CTX_DAG_RUN_ID='manual__2024-07-22T08:09:25.905416+00:00'
[2024-07-22T08:09:30.630+0000] {taskinstance.py:430} INFO - ::endgroup::
[2024-07-22T08:09:30.866+0000] {warnings.py:112} WARNING - /opt/***/dags/Stock_pred.py:65: GuessedAtParserWarning: No parser was explicitly specified, so I'm using the best available HTML parser for this system ("lxml"). This usually isn't a problem, but if you run this code on another system, or in a different virtual environment, it may use a different parser and behave differently.

The code that caused this warning is on line 65 of the file /opt/***/dags/Stock_pred.py. To get rid of this warning, pass the additional argument 'features="lxml"' to the BeautifulSoup constructor.

  soup = BeautifulSoup(html)

[2024-07-22T08:09:30.931+0000] {python.py:237} INFO - Done. Returned value was: None
[2024-07-22T08:09:30.932+0000] {taskinstance.py:441} INFO - ::group::Post task execution logs
[2024-07-22T08:09:30.935+0000] {taskinstance.py:1206} INFO - Marking task as SUCCESS. dag_id=dag_with_postgres_hooks, task_id=scrap_new_data, run_id=manual__2024-07-22T08:09:25.905416+00:00, execution_date=20240722T080925, start_date=20240722T080930, end_date=20240722T080930
[2024-07-22T08:09:30.982+0000] {local_task_job_runner.py:243} INFO - Task exited with return code 0
[2024-07-22T08:09:30.994+0000] {taskinstance.py:3503} INFO - 1 downstream tasks scheduled from follow-on schedule check
[2024-07-22T08:09:30.995+0000] {local_task_job_runner.py:222} INFO - ::endgroup::
