[2024-07-20T08:14:09.219+0000] {local_task_job_runner.py:120} INFO - ::group::Pre task execution logs
[2024-07-20T08:14:09.228+0000] {taskinstance.py:2076} INFO - Dependencies all met for dep_context=non-requeueable deps ti=<TaskInstance: dag_with_postgres_hooks.pred_time_series manual__2024-07-20T08:13:54.797725+00:00 [queued]>
[2024-07-20T08:14:09.231+0000] {taskinstance.py:2076} INFO - Dependencies all met for dep_context=requeueable deps ti=<TaskInstance: dag_with_postgres_hooks.pred_time_series manual__2024-07-20T08:13:54.797725+00:00 [queued]>
[2024-07-20T08:14:09.232+0000] {taskinstance.py:2306} INFO - Starting attempt 1 of 1
[2024-07-20T08:14:09.236+0000] {taskinstance.py:2330} INFO - Executing <Task(PythonOperator): pred_time_series> on 2024-07-20 08:13:54.797725+00:00
[2024-07-20T08:14:09.241+0000] {warnings.py:112} WARNING - /home/***/.local/lib/python3.12/site-packages/***/task/task_runner/standard_task_runner.py:62: DeprecationWarning: This process (pid=879) is multi-threaded, use of fork() may lead to deadlocks in the child.
  pid = os.fork()

[2024-07-20T08:14:09.242+0000] {standard_task_runner.py:64} INFO - Started process 888 to run task
[2024-07-20T08:14:09.242+0000] {standard_task_runner.py:90} INFO - Running: ['***', 'tasks', 'run', 'dag_with_postgres_hooks', 'pred_time_series', 'manual__2024-07-20T08:13:54.797725+00:00', '--job-id', '180', '--raw', '--subdir', 'DAGS_FOLDER/Stock_pred.py', '--cfg-path', '/tmp/tmpbvdkn02e']
[2024-07-20T08:14:09.243+0000] {standard_task_runner.py:91} INFO - Job 180: Subtask pred_time_series
[2024-07-20T08:14:09.263+0000] {task_command.py:426} INFO - Running <TaskInstance: dag_with_postgres_hooks.pred_time_series manual__2024-07-20T08:13:54.797725+00:00 [running]> on host 488b1a24c461
[2024-07-20T08:14:09.297+0000] {taskinstance.py:2648} INFO - Exporting env vars: AIRFLOW_CTX_DAG_EMAIL='***@example.com' AIRFLOW_CTX_DAG_OWNER='***' AIRFLOW_CTX_DAG_ID='dag_with_postgres_hooks' AIRFLOW_CTX_TASK_ID='pred_time_series' AIRFLOW_CTX_EXECUTION_DATE='2024-07-20T08:13:54.797725+00:00' AIRFLOW_CTX_TRY_NUMBER='1' AIRFLOW_CTX_DAG_RUN_ID='manual__2024-07-20T08:13:54.797725+00:00'
[2024-07-20T08:14:09.298+0000] {taskinstance.py:430} INFO - ::endgroup::
[2024-07-20T08:14:09.306+0000] {logging_mixin.py:188} INFO - Empty DataFrame
Columns: [date, CLOSE]
Index: []
[2024-07-20T08:14:09.407+0000] {logging_mixin.py:188} INFO -       OPEN     HIGH      LOW    CLOSE      VOLUME
0  24800.0  25300.0  24650.0  25100.0  18467801.0
[2024-07-20T08:14:09.408+0000] {warnings.py:112} WARNING - /opt/***/dags/Stock_pred.py:260: FutureWarning: The behavior of array concatenation with empty entries is deprecated. In a future version, this will no longer exclude empty items when determining the result dtype. To retain the old behavior, exclude the empty entries before the concat operation.
  df_full_ts = pd.concat([df_old_ts, df_new_ts])

[2024-07-20T08:14:09.409+0000] {warnings.py:112} WARNING - /opt/***/dags/Stock_pred.py:260: FutureWarning: The behavior of DataFrame concatenation with empty or all-NA entries is deprecated. In a future version, this will no longer exclude empty or all-NA columns when determining the result dtypes. To retain the old behavior, exclude the relevant entries before the concat operation.
  df_full_ts = pd.concat([df_old_ts, df_new_ts])

[2024-07-20T08:14:09.417+0000] {logging_mixin.py:188} INFO -               CLOSE  CLOSE_diff1
2024-07-20  25100.0          NaN
[2024-07-20T08:14:09.440+0000] {taskinstance.py:441} INFO - ::group::Post task execution logs
[2024-07-20T08:14:09.441+0000] {taskinstance.py:2905} ERROR - Task failed with exception
Traceback (most recent call last):
  File "/home/airflow/.local/lib/python3.12/site-packages/airflow/models/taskinstance.py", line 465, in _execute_task
    result = _execute_callable(context=context, **execute_callable_kwargs)
             ^^^^^^^^^^^^^^^^^^^^^^^^^^^^^^^^^^^^^^^^^^^^^^^^^^^^^^^^^^^^^
  File "/home/airflow/.local/lib/python3.12/site-packages/airflow/models/taskinstance.py", line 432, in _execute_callable
    return execute_callable(context=context, **execute_callable_kwargs)
           ^^^^^^^^^^^^^^^^^^^^^^^^^^^^^^^^^^^^^^^^^^^^^^^^^^^^^^^^^^^^
  File "/home/airflow/.local/lib/python3.12/site-packages/airflow/models/baseoperator.py", line 401, in wrapper
    return func(self, *args, **kwargs)
           ^^^^^^^^^^^^^^^^^^^^^^^^^^^
  File "/home/airflow/.local/lib/python3.12/site-packages/airflow/operators/python.py", line 235, in execute
    return_value = self.execute_callable()
                   ^^^^^^^^^^^^^^^^^^^^^^^
  File "/home/airflow/.local/lib/python3.12/site-packages/airflow/operators/python.py", line 252, in execute_callable
    return self.python_callable(*self.op_args, **self.op_kwargs)
           ^^^^^^^^^^^^^^^^^^^^^^^^^^^^^^^^^^^^^^^^^^^^^^^^^^^^^
  File "/opt/airflow/dags/Stock_pred.py", line 272, in pred_time_series
    lstm_model = tf.keras.saving.load_model(s3.Bucket("mlflow-artifacts").Object("/6/4a23c300b75b439f81099eece1c7c2c0/artifacts/time-series-model/data/model.keras").get()['Body'].read(), custom_objects=None, compile=True, safe_mode=True)
                 ^^^^^^^^^^^^^^^
  File "/home/airflow/.local/lib/python3.12/site-packages/tensorflow/python/util/lazy_loader.py", line 211, in __getattr__
    return getattr(module, item)
           ^^^^^^^^^^^^^^^^^^^^^
AttributeError: module 'keras._tf_keras.keras' has no attribute 'saving'
[2024-07-20T08:14:09.453+0000] {taskinstance.py:1206} INFO - Marking task as FAILED. dag_id=dag_with_postgres_hooks, task_id=pred_time_series, run_id=manual__2024-07-20T08:13:54.797725+00:00, execution_date=20240720T081354, start_date=20240720T081409, end_date=20240720T081409
[2024-07-20T08:14:09.464+0000] {standard_task_runner.py:110} ERROR - Failed to execute job 180 for task pred_time_series (module 'keras._tf_keras.keras' has no attribute 'saving'; 888)
[2024-07-20T08:14:09.505+0000] {local_task_job_runner.py:243} INFO - Task exited with return code 1
[2024-07-20T08:14:09.521+0000] {taskinstance.py:3503} INFO - 0 downstream tasks scheduled from follow-on schedule check
[2024-07-20T08:14:09.522+0000] {local_task_job_runner.py:222} INFO - ::endgroup::
