[2025-03-14T12:19:59.835+0000] {local_task_job_runner.py:120} INFO - ::group::Pre task execution logs
[2025-03-14T12:19:59.847+0000] {taskinstance.py:2076} INFO - Dependencies all met for dep_context=non-requeueable deps ti=<TaskInstance: dag_with_postgres_hooks.get_src_tables scheduled__2025-03-12T13:30:00+00:00 [queued]>
[2025-03-14T12:19:59.851+0000] {taskinstance.py:2076} INFO - Dependencies all met for dep_context=requeueable deps ti=<TaskInstance: dag_with_postgres_hooks.get_src_tables scheduled__2025-03-12T13:30:00+00:00 [queued]>
[2025-03-14T12:19:59.851+0000] {taskinstance.py:2306} INFO - Starting attempt 1 of 1
[2025-03-14T12:19:59.858+0000] {taskinstance.py:2330} INFO - Executing <Task(PythonOperator): get_src_tables> on 2025-03-12 13:30:00+00:00
[2025-03-14T12:19:59.865+0000] {warnings.py:112} WARNING - /home/***/.local/lib/python3.12/site-packages/***/task/task_runner/standard_task_runner.py:62: DeprecationWarning: This process (pid=83) is multi-threaded, use of fork() may lead to deadlocks in the child.
  pid = os.fork()

[2025-03-14T12:19:59.866+0000] {standard_task_runner.py:64} INFO - Started process 100 to run task
[2025-03-14T12:19:59.866+0000] {standard_task_runner.py:90} INFO - Running: ['***', 'tasks', 'run', 'dag_with_postgres_hooks', 'get_src_tables', 'scheduled__2025-03-12T13:30:00+00:00', '--job-id', '1645', '--raw', '--subdir', 'DAGS_FOLDER/Stock_pred.py', '--cfg-path', '/tmp/tmpdsg1nt2y']
[2025-03-14T12:19:59.867+0000] {standard_task_runner.py:91} INFO - Job 1645: Subtask get_src_tables
[2025-03-14T12:19:59.884+0000] {task_command.py:426} INFO - Running <TaskInstance: dag_with_postgres_hooks.get_src_tables scheduled__2025-03-12T13:30:00+00:00 [running]> on host b7aba691e1ff
[2025-03-14T12:19:59.925+0000] {taskinstance.py:2648} INFO - Exporting env vars: AIRFLOW_CTX_DAG_EMAIL='***@example.com' AIRFLOW_CTX_DAG_OWNER='***' AIRFLOW_CTX_DAG_ID='dag_with_postgres_hooks' AIRFLOW_CTX_TASK_ID='get_src_tables' AIRFLOW_CTX_EXECUTION_DATE='2025-03-12T13:30:00+00:00' AIRFLOW_CTX_TRY_NUMBER='1' AIRFLOW_CTX_DAG_RUN_ID='scheduled__2025-03-12T13:30:00+00:00'
[2025-03-14T12:19:59.925+0000] {taskinstance.py:430} INFO - ::endgroup::
[2025-03-14T12:19:59.930+0000] {base.py:84} INFO - Using connection ID 'postgres_server_2' for task execution.
[2025-03-14T12:19:59.944+0000] {warnings.py:112} WARNING - /home/***/.local/lib/python3.12/site-packages/***/providers/common/sql/hooks/sql.py:269: UserWarning: pandas only supports SQLAlchemy connectable (engine/connection) or database string URI or sqlite3 DBAPI2 connection. Other DBAPI2 objects are not tested. Please consider using SQLAlchemy.
  return psql.read_sql(sql, con=conn, params=parameters, **kwargs)

[2025-03-14T12:19:59.978+0000] {python.py:237} INFO - Done. Returned value was: None
[2025-03-14T12:19:59.978+0000] {taskinstance.py:441} INFO - ::group::Post task execution logs
[2025-03-14T12:19:59.981+0000] {taskinstance.py:1206} INFO - Marking task as SUCCESS. dag_id=dag_with_postgres_hooks, task_id=get_src_tables, run_id=scheduled__2025-03-12T13:30:00+00:00, execution_date=20250312T133000, start_date=20250314T121959, end_date=20250314T121959
[2025-03-14T12:20:00.004+0000] {local_task_job_runner.py:243} INFO - Task exited with return code 0
[2025-03-14T12:20:00.014+0000] {taskinstance.py:3503} INFO - 1 downstream tasks scheduled from follow-on schedule check
[2025-03-14T12:20:00.015+0000] {local_task_job_runner.py:222} INFO - ::endgroup::
