[2024-07-19T09:32:49.160+0000] {local_task_job_runner.py:120} INFO - ::group::Pre task execution logs
[2024-07-19T09:32:49.170+0000] {taskinstance.py:2076} INFO - Dependencies all met for dep_context=non-requeueable deps ti=<TaskInstance: dag_with_postgres_hooks.featur_engineer manual__2024-07-19T09:32:38.441461+00:00 [queued]>
[2024-07-19T09:32:49.173+0000] {taskinstance.py:2076} INFO - Dependencies all met for dep_context=requeueable deps ti=<TaskInstance: dag_with_postgres_hooks.featur_engineer manual__2024-07-19T09:32:38.441461+00:00 [queued]>
[2024-07-19T09:32:49.173+0000] {taskinstance.py:2306} INFO - Starting attempt 1 of 1
[2024-07-19T09:32:49.178+0000] {taskinstance.py:2330} INFO - Executing <Task(PythonOperator): featur_engineer> on 2024-07-19 09:32:38.441461+00:00
[2024-07-19T09:32:49.183+0000] {warnings.py:112} WARNING - /home/***/.local/lib/python3.12/site-packages/***/task/task_runner/standard_task_runner.py:62: DeprecationWarning: This process (pid=187) is multi-threaded, use of fork() may lead to deadlocks in the child.
  pid = os.fork()

[2024-07-19T09:32:49.184+0000] {standard_task_runner.py:64} INFO - Started process 196 to run task
[2024-07-19T09:32:49.185+0000] {standard_task_runner.py:90} INFO - Running: ['***', 'tasks', 'run', 'dag_with_postgres_hooks', 'featur_engineer', 'manual__2024-07-19T09:32:38.441461+00:00', '--job-id', '161', '--raw', '--subdir', 'DAGS_FOLDER/Stock_pred.py', '--cfg-path', '/tmp/tmpn74g8akh']
[2024-07-19T09:32:49.186+0000] {standard_task_runner.py:91} INFO - Job 161: Subtask featur_engineer
[2024-07-19T09:32:49.208+0000] {task_command.py:426} INFO - Running <TaskInstance: dag_with_postgres_hooks.featur_engineer manual__2024-07-19T09:32:38.441461+00:00 [running]> on host 488b1a24c461
[2024-07-19T09:32:49.245+0000] {taskinstance.py:2648} INFO - Exporting env vars: AIRFLOW_CTX_DAG_EMAIL='***@example.com' AIRFLOW_CTX_DAG_OWNER='***' AIRFLOW_CTX_DAG_ID='dag_with_postgres_hooks' AIRFLOW_CTX_TASK_ID='featur_engineer' AIRFLOW_CTX_EXECUTION_DATE='2024-07-19T09:32:38.441461+00:00' AIRFLOW_CTX_TRY_NUMBER='1' AIRFLOW_CTX_DAG_RUN_ID='manual__2024-07-19T09:32:38.441461+00:00'
[2024-07-19T09:32:49.246+0000] {taskinstance.py:430} INFO - ::endgroup::
[2024-07-19T09:32:50.060+0000] {warnings.py:112} WARNING - /opt/***/dags/Stock_pred.py:228: SettingWithCopyWarning: 
A value is trying to be set on a copy of a slice from a DataFrame

See the caveats in the documentation: https://pandas.pydata.org/pandas-docs/stable/user_guide/indexing.html#returning-a-view-versus-a-copy
  input.drop(columns=["Target","CLOSE_t+1"],inplace=True)

[2024-07-19T09:32:50.073+0000] {python.py:237} INFO - Done. Returned value was: None
[2024-07-19T09:32:50.074+0000] {taskinstance.py:441} INFO - ::group::Post task execution logs
[2024-07-19T09:32:50.078+0000] {taskinstance.py:1206} INFO - Marking task as SUCCESS. dag_id=dag_with_postgres_hooks, task_id=featur_engineer, run_id=manual__2024-07-19T09:32:38.441461+00:00, execution_date=20240719T093238, start_date=20240719T093249, end_date=20240719T093250
[2024-07-19T09:32:50.114+0000] {local_task_job_runner.py:243} INFO - Task exited with return code 0
[2024-07-19T09:32:50.127+0000] {taskinstance.py:3503} INFO - 1 downstream tasks scheduled from follow-on schedule check
[2024-07-19T09:32:50.128+0000] {local_task_job_runner.py:222} INFO - ::endgroup::
