[2024-07-16T14:11:19.732+0000] {local_task_job_runner.py:120} INFO - ::group::Pre task execution logs
[2024-07-16T14:11:19.744+0000] {taskinstance.py:2076} INFO - Dependencies all met for dep_context=non-requeueable deps ti=<TaskInstance: dag_with_postgres_hooks.concat_data manual__2024-07-16T14:11:15.396679+00:00 [queued]>
[2024-07-16T14:11:19.748+0000] {taskinstance.py:2076} INFO - Dependencies all met for dep_context=requeueable deps ti=<TaskInstance: dag_with_postgres_hooks.concat_data manual__2024-07-16T14:11:15.396679+00:00 [queued]>
[2024-07-16T14:11:19.748+0000] {taskinstance.py:2306} INFO - Starting attempt 1 of 1
[2024-07-16T14:11:19.757+0000] {taskinstance.py:2330} INFO - Executing <Task(PythonOperator): concat_data> on 2024-07-16 14:11:15.396679+00:00
[2024-07-16T14:11:19.762+0000] {warnings.py:112} WARNING - /home/***/.local/lib/python3.12/site-packages/***/task/task_runner/standard_task_runner.py:61: DeprecationWarning: This process (pid=419) is multi-threaded, use of fork() may lead to deadlocks in the child.
  pid = os.fork()

[2024-07-16T14:11:19.765+0000] {standard_task_runner.py:90} INFO - Running: ['***', 'tasks', 'run', 'dag_with_postgres_hooks', 'concat_data', 'manual__2024-07-16T14:11:15.396679+00:00', '--job-id', '20', '--raw', '--subdir', 'DAGS_FOLDER/sql_2.py', '--cfg-path', '/tmp/tmpydw2oxl9']
[2024-07-16T14:11:19.766+0000] {standard_task_runner.py:63} INFO - Started process 428 to run task
[2024-07-16T14:11:19.766+0000] {standard_task_runner.py:91} INFO - Job 20: Subtask concat_data
[2024-07-16T14:11:19.793+0000] {task_command.py:426} INFO - Running <TaskInstance: dag_with_postgres_hooks.concat_data manual__2024-07-16T14:11:15.396679+00:00 [running]> on host 8d28ae2d2ca1
[2024-07-16T14:11:19.835+0000] {taskinstance.py:2648} INFO - Exporting env vars: AIRFLOW_CTX_DAG_EMAIL='***@example.com' AIRFLOW_CTX_DAG_OWNER='***' AIRFLOW_CTX_DAG_ID='dag_with_postgres_hooks' AIRFLOW_CTX_TASK_ID='concat_data' AIRFLOW_CTX_EXECUTION_DATE='2024-07-16T14:11:15.396679+00:00' AIRFLOW_CTX_TRY_NUMBER='1' AIRFLOW_CTX_DAG_RUN_ID='manual__2024-07-16T14:11:15.396679+00:00'
[2024-07-16T14:11:19.837+0000] {taskinstance.py:430} INFO - ::endgroup::
[2024-07-16T14:11:19.841+0000] {taskinstance.py:441} INFO - ::group::Post task execution logs
[2024-07-16T14:11:19.847+0000] {taskinstance.py:2905} ERROR - Task failed with exception
Traceback (most recent call last):
  File "/home/airflow/.local/lib/python3.12/site-packages/airflow/models/taskinstance.py", line 465, in _execute_task
    result = _execute_callable(context=context, **execute_callable_kwargs)
             ^^^^^^^^^^^^^^^^^^^^^^^^^^^^^^^^^^^^^^^^^^^^^^^^^^^^^^^^^^^^^
  File "/home/airflow/.local/lib/python3.12/site-packages/airflow/models/taskinstance.py", line 432, in _execute_callable
    return execute_callable(context=context, **execute_callable_kwargs)
           ^^^^^^^^^^^^^^^^^^^^^^^^^^^^^^^^^^^^^^^^^^^^^^^^^^^^^^^^^^^^
  File "/home/airflow/.local/lib/python3.12/site-packages/airflow/models/baseoperator.py", line 401, in wrapper
    return func(self, *args, **kwargs)
           ^^^^^^^^^^^^^^^^^^^^^^^^^^^
  File "/home/airflow/.local/lib/python3.12/site-packages/airflow/operators/python.py", line 235, in execute
    return_value = self.execute_callable()
                   ^^^^^^^^^^^^^^^^^^^^^^^
  File "/home/airflow/.local/lib/python3.12/site-packages/airflow/operators/python.py", line 252, in execute_callable
    return self.python_callable(*self.op_args, **self.op_kwargs)
           ^^^^^^^^^^^^^^^^^^^^^^^^^^^^^^^^^^^^^^^^^^^^^^^^^^^^^
  File "/opt/airflow/dags/sql_2.py", line 115, in concat_old_data
    conn = BaseHook.get_connection('Postgres_server_2')
           ^^^^^^^^^^^^^^^^^^^^^^^^^^^^^^^^^^^^^^^^^^^^
  File "/home/airflow/.local/lib/python3.12/site-packages/airflow/hooks/base.py", line 83, in get_connection
    conn = Connection.get_connection_from_secrets(conn_id)
           ^^^^^^^^^^^^^^^^^^^^^^^^^^^^^^^^^^^^^^^^^^^^^^^
  File "/home/airflow/.local/lib/python3.12/site-packages/airflow/models/connection.py", line 519, in get_connection_from_secrets
    raise AirflowNotFoundException(f"The conn_id `{conn_id}` isn't defined")
airflow.exceptions.AirflowNotFoundException: The conn_id `Postgres_server_2` isn't defined
[2024-07-16T14:11:19.857+0000] {taskinstance.py:1206} INFO - Marking task as FAILED. dag_id=dag_with_postgres_hooks, task_id=concat_data, run_id=manual__2024-07-16T14:11:15.396679+00:00, execution_date=20240716T141115, start_date=20240716T141119, end_date=20240716T141119
[2024-07-16T14:11:19.870+0000] {standard_task_runner.py:110} ERROR - Failed to execute job 20 for task concat_data (The conn_id `Postgres_server_2` isn't defined; 428)
[2024-07-16T14:11:19.907+0000] {local_task_job_runner.py:240} INFO - Task exited with return code 1
[2024-07-16T14:11:19.917+0000] {taskinstance.py:3503} INFO - 0 downstream tasks scheduled from follow-on schedule check
[2024-07-16T14:11:19.919+0000] {local_task_job_runner.py:222} INFO - ::endgroup::
