[2024-07-21T08:44:42.001+0000] {local_task_job_runner.py:120} INFO - ::group::Pre task execution logs
[2024-07-21T08:44:42.010+0000] {taskinstance.py:2076} INFO - Dependencies all met for dep_context=non-requeueable deps ti=<TaskInstance: dag_with_postgres_hooks.plot manual__2024-07-21T08:44:20.140565+00:00 [queued]>
[2024-07-21T08:44:42.013+0000] {taskinstance.py:2076} INFO - Dependencies all met for dep_context=requeueable deps ti=<TaskInstance: dag_with_postgres_hooks.plot manual__2024-07-21T08:44:20.140565+00:00 [queued]>
[2024-07-21T08:44:42.013+0000] {taskinstance.py:2306} INFO - Starting attempt 1 of 1
[2024-07-21T08:44:42.018+0000] {taskinstance.py:2330} INFO - Executing <Task(PythonOperator): plot> on 2024-07-21 08:44:20.140565+00:00
[2024-07-21T08:44:42.023+0000] {warnings.py:112} WARNING - /home/***/.local/lib/python3.12/site-packages/***/task/task_runner/standard_task_runner.py:62: DeprecationWarning: This process (pid=642) is multi-threaded, use of fork() may lead to deadlocks in the child.
  pid = os.fork()

[2024-07-21T08:44:42.024+0000] {standard_task_runner.py:64} INFO - Started process 653 to run task
[2024-07-21T08:44:42.024+0000] {standard_task_runner.py:90} INFO - Running: ['***', 'tasks', 'run', 'dag_with_postgres_hooks', 'plot', 'manual__2024-07-21T08:44:20.140565+00:00', '--job-id', '340', '--raw', '--subdir', 'DAGS_FOLDER/Stock_pred.py', '--cfg-path', '/tmp/tmpc_0x657t']
[2024-07-21T08:44:42.025+0000] {standard_task_runner.py:91} INFO - Job 340: Subtask plot
[2024-07-21T08:44:42.052+0000] {task_command.py:426} INFO - Running <TaskInstance: dag_with_postgres_hooks.plot manual__2024-07-21T08:44:20.140565+00:00 [running]> on host d89911194c67
[2024-07-21T08:44:42.087+0000] {taskinstance.py:2648} INFO - Exporting env vars: AIRFLOW_CTX_DAG_EMAIL='***@example.com' AIRFLOW_CTX_DAG_OWNER='***' AIRFLOW_CTX_DAG_ID='dag_with_postgres_hooks' AIRFLOW_CTX_TASK_ID='plot' AIRFLOW_CTX_EXECUTION_DATE='2024-07-21T08:44:20.140565+00:00' AIRFLOW_CTX_TRY_NUMBER='1' AIRFLOW_CTX_DAG_RUN_ID='manual__2024-07-21T08:44:20.140565+00:00'
[2024-07-21T08:44:42.088+0000] {taskinstance.py:430} INFO - ::endgroup::
[2024-07-21T08:44:42.110+0000] {logging_mixin.py:188} INFO -    pred_index
0     25100.0
[2024-07-21T08:44:42.117+0000] {logging_mixin.py:188} INFO -      pred_index
0  25100.000000
1  25230.519531
[2024-07-21T08:44:42.121+0000] {warnings.py:112} WARNING - /opt/***/dags/Stock_pred.py:302: UserWarning: Parsing dates in %d/%m/%Y format when dayfirst=False (the default) was specified. Pass `dayfirst=True` or specify a format to silence this warning.
  date_after = pd.to_datetime(date) + timedelta(days=1)

[2024-07-21T08:44:42.124+0000] {warnings.py:112} WARNING - /opt/***/dags/Stock_pred.py:304: UserWarning: Parsing dates in %d/%m/%Y format when dayfirst=False (the default) was specified. Pass `dayfirst=True` or specify a format to silence this warning.
  df_ts_pred.index = pd.to_datetime(df_ts_pred.index).date

[2024-07-21T08:44:42.350+0000] {python.py:237} INFO - Done. Returned value was: None
[2024-07-21T08:44:42.351+0000] {taskinstance.py:441} INFO - ::group::Post task execution logs
[2024-07-21T08:44:42.356+0000] {taskinstance.py:1206} INFO - Marking task as SUCCESS. dag_id=dag_with_postgres_hooks, task_id=plot, run_id=manual__2024-07-21T08:44:20.140565+00:00, execution_date=20240721T084420, start_date=20240721T084442, end_date=20240721T084442
[2024-07-21T08:44:42.412+0000] {local_task_job_runner.py:243} INFO - Task exited with return code 0
[2024-07-21T08:44:42.421+0000] {taskinstance.py:3503} INFO - 0 downstream tasks scheduled from follow-on schedule check
[2024-07-21T08:44:42.423+0000] {local_task_job_runner.py:222} INFO - ::endgroup::
